<?xml version="1.0" encoding="UTF-8"?>
<TestRun id="f1cf36a7-ed5d-4847-8320-1e901904d02c" name="Itani@DESKTOP-RRA95A8 2016-01-24 02:34:56" runUser="DESKTOP-RRA95A8\Itani" xmlns="http://microsoft.com/schemas/VisualStudio/TeamTest/2010">
  <Times creation="2016-01-24T02:34:56.0379556-08:00" queuing="2016-01-24T02:34:56.0379556-08:00" start="2016-01-24T02:34:56.0438432-08:00" finish="2016-01-24T03:39:11.6745064-08:00" />
  <TestSettings name="default" id="113b8481-504f-4799-a865-0ef01ec30ca9">
    <Execution>
      <TestTypeSpecific />
    </Execution>
    <Deployment runDeploymentRoot="Itani_DESKTOP-RRA95A8 2016-01-24 02_34_56" />
    <Properties />
  </TestSettings>
  <Results>
    <UnitTestResult executionId="25fdb2c9-dd82-4a8f-aec4-1f451a501eae" testId="8825c85e-7403-46e3-1534-9a829298d3f6" testName="InitializeAllFrameworks" computerName="DESKTOP-RRA95A8" duration="00:00:00.0356856" startTime="2016-01-24T02:34:53.2800722-08:00" endTime="2016-01-24T02:34:53.6278204-08:00" testType="13cdc9d9-ddb5-4fa4-a97d-d965ccfc6d4b" outcome="Passed" testListId="8c84fa94-04c1-424b-9868-57a2d4851a1d" relativeResultsDirectory="25fdb2c9-dd82-4a8f-aec4-1f451a501eae" />
    <UnitTestResult executionId="2cdd5359-7cc7-434f-863a-af037448d81d" testId="bbf6da93-cf7c-8154-f158-2baaf9c4aa41" testName="DefaultFramework_HasCorrectFolderInformation" computerName="DESKTOP-RRA95A8" duration="00:00:00.0012252" startTime="2016-01-24T02:34:53.6317454-08:00" endTime="2016-01-24T02:34:53.6346894-08:00" testType="13cdc9d9-ddb5-4fa4-a97d-d965ccfc6d4b" outcome="Passed" testListId="8c84fa94-04c1-424b-9868-57a2d4851a1d" relativeResultsDirectory="2cdd5359-7cc7-434f-863a-af037448d81d" />
    <UnitTestResult executionId="2663d5c2-4d9e-424a-8871-2960a9162652" testId="537d5b4b-dbd6-849c-f58f-155f52fc59ea" testName="ConstructFullyQualifiedName_ValidInput" computerName="DESKTOP-RRA95A8" duration="00:00:00.0008394" startTime="2016-01-24T02:34:53.6395971-08:00" endTime="2016-01-24T02:34:53.6425422-08:00" testType="13cdc9d9-ddb5-4fa4-a97d-d965ccfc6d4b" outcome="Passed" testListId="8c84fa94-04c1-424b-9868-57a2d4851a1d" relativeResultsDirectory="2663d5c2-4d9e-424a-8871-2960a9162652" />
    <UnitTestResult executionId="1beb8897-0405-482e-847d-616c66d33f79" testId="34cb1ce9-fefb-80c4-f27b-8b039b562b66" testName="ConstructFromQualifiedName_ThrowOnInValidInput" computerName="DESKTOP-RRA95A8" duration="00:00:00.0032802" startTime="2016-01-24T02:34:53.6464665-08:00" endTime="2016-01-24T02:34:53.6514016-08:00" testType="13cdc9d9-ddb5-4fa4-a97d-d965ccfc6d4b" outcome="Passed" testListId="8c84fa94-04c1-424b-9868-57a2d4851a1d" relativeResultsDirectory="1beb8897-0405-482e-847d-616c66d33f79" />
    <UnitTestResult executionId="7fe3e231-0c6b-44a9-aa8c-5c74e2955aa1" testId="57931d80-9593-3260-39cf-302528acb932" testName="TestRun" computerName="DESKTOP-RRA95A8" duration="00:00:00.2009327" startTime="2016-01-24T02:34:53.6552977-08:00" endTime="2016-01-24T02:34:54.9644235-08:00" testType="13cdc9d9-ddb5-4fa4-a97d-d965ccfc6d4b" outcome="Failed" testListId="8c84fa94-04c1-424b-9868-57a2d4851a1d" relativeResultsDirectory="7fe3e231-0c6b-44a9-aa8c-5c74e2955aa1">
      <Output>
        <ErrorInfo>
          <Message>Assert.IsNotNull failed. </Message>
          <StackTrace>   at TestAdapterTests.TestExecutorTests.TestRun() in C:\src\nodejstools\Nodejs\Tests\TestAdapterTests\TestExecutorTests.cs:line 54
</StackTrace>
        </ErrorInfo>
      </Output>
    </UnitTestResult>
    <UnitTestResult executionId="6ce3d6ab-ec5f-4caf-b609-4cb79ff01a06" testId="ed84e9b1-f1a0-2b02-2ae8-f39a4866fc94" testName="TestRunAll" computerName="DESKTOP-RRA95A8" duration="00:00:00.0116684" startTime="2016-01-24T02:34:54.9683489-08:00" endTime="2016-01-24T02:34:54.9811058-08:00" testType="13cdc9d9-ddb5-4fa4-a97d-d965ccfc6d4b" outcome="Failed" testListId="8c84fa94-04c1-424b-9868-57a2d4851a1d" relativeResultsDirectory="6ce3d6ab-ec5f-4caf-b609-4cb79ff01a06">
      <Output>
        <ErrorInfo>
          <Message>Test method TestAdapterTests.TestExecutorTests.TestRunAll threw exception: 
System.IO.FileNotFoundException: Could not load file or assembly 'Microsoft.VisualStudio.TestWindow.Interfaces, Version=14.0.0.0, Culture=neutral, PublicKeyToken=b03f5f7f11d50a3a' or one of its dependencies. The system cannot find the file specified.WRN: Assembly binding logging is turned OFF.
To enable assembly bind failure logging, set the registry value [HKLM\Software\Microsoft\Fusion!EnableLog] (DWORD) to 1.
Note: There is some performance penalty associated with assembly bind failure logging.
To turn this feature off, remove the registry value [HKLM\Software\Microsoft\Fusion!EnableLog].
</Message>
          <StackTrace>    at Microsoft.NodejsTools.TestAdapter.TestDiscoverer.DiscoverTests(IEnumerable`1 sources, IDiscoveryContext discoveryContext, IMessageLogger logger, ITestCaseDiscoverySink discoverySink)
   at Microsoft.NodejsTools.TestAdapter.TestExecutor.RunTests(IEnumerable`1 sources, IRunContext runContext, IFrameworkHandle frameworkHandle) in C:\src\nodejstools\Nodejs\Product\TestAdapter\TestExecutor.cs:line 72
   at TestAdapterTests.TestExecutorTests.TestRunAll() in C:\src\nodejstools\Nodejs\Tests\TestAdapterTests\TestExecutorTests.cs:line 63
</StackTrace>
        </ErrorInfo>
      </Output>
    </UnitTestResult>
    <UnitTestResult executionId="842bba48-3a18-405b-8e4b-354fc98303c5" testId="0302687b-d793-95b7-2001-5a89f27839a1" testName="TestCancel" computerName="DESKTOP-RRA95A8" duration="00:00:00.3044492" startTime="2016-01-24T02:34:54.9850304-08:00" endTime="2016-01-24T02:34:55.2917632-08:00" testType="13cdc9d9-ddb5-4fa4-a97d-d965ccfc6d4b" outcome="Passed" testListId="8c84fa94-04c1-424b-9868-57a2d4851a1d" relativeResultsDirectory="842bba48-3a18-405b-8e4b-354fc98303c5" />
    <UnitTestResult executionId="74400910-cdd5-4a12-b8a9-980b51f849b6" testId="c9db5c42-a89f-42df-ea86-db1f43b9b662" testName="SplitRecord" computerName="DESKTOP-RRA95A8" duration="00:00:00.0341693" startTime="2016-01-24T02:34:55.2997258-08:00" endTime="2016-01-24T02:34:55.5632042-08:00" testType="13cdc9d9-ddb5-4fa4-a97d-d965ccfc6d4b" outcome="Passed" testListId="8c84fa94-04c1-424b-9868-57a2d4851a1d" relativeResultsDirectory="74400910-cdd5-4a12-b8a9-980b51f849b6" />
    <UnitTestResult executionId="6b68054f-1e21-4e74-80af-3da0ec082d36" testId="968fcba9-5476-6797-4f5d-2a6bbcd810f9" testName="TestFilenameParsing" computerName="DESKTOP-RRA95A8" duration="00:00:00.0190161" startTime="2016-01-24T02:34:55.5661533-08:00" endTime="2016-01-24T02:34:55.5877098-08:00" testType="13cdc9d9-ddb5-4fa4-a97d-d965ccfc6d4b" outcome="Failed" testListId="8c84fa94-04c1-424b-9868-57a2d4851a1d" relativeResultsDirectory="6b68054f-1e21-4e74-80af-3da0ec082d36">
      <Output>
        <ErrorInfo>
          <Message>Assert.AreEqual failed. Expected:&lt;&lt;top-level module code&gt;&gt;. Actual:&lt;native array&gt;. </Message>
          <StackTrace>   at ProfilerTests.LogParserTests.AssertExpectedFileInfo(String input, String ns, String function, String filename, Nullable`1 lineNo, String type) in C:\src\nodejstools\Nodejs\Tests\Profiling\LogParserTests.cs:line 137
   at ProfilerTests.LogParserTests.TestFilenameParsing() in C:\src\nodejstools\Nodejs\Tests\Profiling\LogParserTests.cs:line 107
</StackTrace>
        </ErrorInfo>
      </Output>
    </UnitTestResult>
    <UnitTestResult executionId="c3a27b2e-abb6-4937-bbc6-faa740643061" testId="209b6bb0-3db5-b606-c91c-4165313a306a" testName="TestAddPackageToSimplePackageJsonThenUninstall" computerName="DESKTOP-RRA95A8" duration="00:00:02.8834628" startTime="2016-01-24T02:34:55.5916344-08:00" endTime="2016-01-24T02:34:58.6808835-08:00" testType="13cdc9d9-ddb5-4fa4-a97d-d965ccfc6d4b" outcome="Failed" testListId="8c84fa94-04c1-424b-9868-57a2d4851a1d" relativeResultsDirectory="c3a27b2e-abb6-4937-bbc6-faa740643061">
      <Output>
        <ErrorInfo>
          <Message>Assert.AreNotEqual failed. Expected any value except:&lt;Microsoft.NodejsTools.Npm.SPI.RootPackage&gt;. Actual:&lt;Microsoft.NodejsTools.Npm.SPI.RootPackage&gt;. Root package should be different after package uninstalled.</Message>
          <StackTrace>   at NpmTests.InstallUninstallPackageTests.TestAddPackageToSimplePackageJsonThenUninstall() in C:\src\nodejstools\Nodejs\Tests\NpmTests\InstallUninstallPackageTests.cs:line 66
</StackTrace>
        </ErrorInfo>
      </Output>
    </UnitTestResult>
    <UnitTestResult executionId="f5153201-9c2a-4062-902f-6eb8f06b5496" testId="f1424f10-9188-3036-5e7c-6f32fbcff6ac" testName="TestAddPackageNoPackageJsonThenUninstall" computerName="DESKTOP-RRA95A8" duration="00:00:02.3517107" startTime="2016-01-24T02:34:58.6887345-08:00" endTime="2016-01-24T02:35:01.0475986-08:00" testType="13cdc9d9-ddb5-4fa4-a97d-d965ccfc6d4b" outcome="Passed" testListId="8c84fa94-04c1-424b-9868-57a2d4851a1d" relativeResultsDirectory="f5153201-9c2a-4062-902f-6eb8f06b5496" />
    <UnitTestResult executionId="566aff29-c45b-4f5d-b6d1-a0b1e93e6fbc" testId="62587143-2547-dc75-f46b-dfdc73f2e3ae" testName="TestAddPackageNoSavePackageJsonThenUninstall" computerName="DESKTOP-RRA95A8" duration="00:00:02.2733255" startTime="2016-01-24T02:35:01.0534873-08:00" endTime="2016-01-24T02:35:03.3387246-08:00" testType="13cdc9d9-ddb5-4fa4-a97d-d965ccfc6d4b" outcome="Passed" testListId="8c84fa94-04c1-424b-9868-57a2d4851a1d" relativeResultsDirectory="566aff29-c45b-4f5d-b6d1-a0b1e93e6fbc" />
    <UnitTestResult executionId="a3929859-4a5c-49b1-b7d2-9c12ca30ee10" testId="2e429ef0-bf3f-2e0e-8dd9-990923c31815" testName="TestReadFromFile" computerName="DESKTOP-RRA95A8" duration="00:00:00.0268179" startTime="2016-01-24T02:35:03.3891201-08:00" endTime="2016-01-24T02:35:03.4215036-08:00" testType="13cdc9d9-ddb5-4fa4-a97d-d965ccfc6d4b" outcome="Passed" testListId="8c84fa94-04c1-424b-9868-57a2d4851a1d" relativeResultsDirectory="a3929859-4a5c-49b1-b7d2-9c12ca30ee10" />
    <UnitTestResult executionId="59331bc7-14a3-44a8-ad36-a3ecfa97628b" testId="de99a4df-deb7-27ab-72a2-82c5756cc3cd" testName="TestReadFromDirectory" computerName="DESKTOP-RRA95A8" duration="00:00:00.0116975" startTime="2016-01-24T02:35:03.4303356-08:00" endTime="2016-01-24T02:35:03.4460373-08:00" testType="13cdc9d9-ddb5-4fa4-a97d-d965ccfc6d4b" outcome="Passed" testListId="8c84fa94-04c1-424b-9868-57a2d4851a1d" relativeResultsDirectory="59331bc7-14a3-44a8-ad36-a3ecfa97628b" />
    <UnitTestResult executionId="1ce8cbd8-3b8a-402c-bc8d-a04aa668dfd1" testId="3b65457a-fe05-4827-1747-0910e399f778" testName="TestAngularFullstackScaffoldedProject" computerName="DESKTOP-RRA95A8" duration="00:00:21.7086078" startTime="2016-01-24T02:35:03.4529059-08:00" endTime="2016-01-24T02:35:25.1734655-08:00" testType="13cdc9d9-ddb5-4fa4-a97d-d965ccfc6d4b" outcome="Passed" testListId="8c84fa94-04c1-424b-9868-57a2d4851a1d" relativeResultsDirectory="1ce8cbd8-3b8a-402c-bc8d-a04aa668dfd1" />
    <UnitTestResult executionId="c419b9d0-23d9-4816-8c52-b9959b87b2f4" testId="62d33145-29f4-560b-9d05-24e4cbeb4ccb" testName="TestInstallUninstallMaxPathGlobalModule" computerName="DESKTOP-RRA95A8" duration="00:00:28.8686929" startTime="2016-01-24T02:35:25.1832792-08:00" endTime="2016-01-24T02:35:54.0584440-08:00" testType="13cdc9d9-ddb5-4fa4-a97d-d965ccfc6d4b" outcome="Passed" testListId="8c84fa94-04c1-424b-9868-57a2d4851a1d" relativeResultsDirectory="c419b9d0-23d9-4816-8c52-b9959b87b2f4" />
    <UnitTestResult executionId="cc12c5e3-8722-4d24-93a7-acc3c45f603f" testId="2a83b434-8c29-7f82-4070-79a9a6dad203" testName="TestReadRootPackageNoDependencies" computerName="DESKTOP-RRA95A8" duration="00:00:00.0046951" startTime="2016-01-24T02:35:54.0623689-08:00" endTime="2016-01-24T02:35:54.0702203-08:00" testType="13cdc9d9-ddb5-4fa4-a97d-d965ccfc6d4b" outcome="Passed" testListId="8c84fa94-04c1-424b-9868-57a2d4851a1d" relativeResultsDirectory="cc12c5e3-8722-4d24-93a7-acc3c45f603f" />
    <UnitTestResult executionId="2c38add0-7ade-45c7-ad7c-14bbd0505431" testId="11156a69-4288-03a3-0824-b2b3daf244bf" testName="TestReadRootPackageOneDependency" computerName="DESKTOP-RRA95A8" duration="00:00:01.1140405" startTime="2016-01-24T02:35:54.0741449-08:00" endTime="2016-01-24T02:35:55.1905624-08:00" testType="13cdc9d9-ddb5-4fa4-a97d-d965ccfc6d4b" outcome="Passed" testListId="8c84fa94-04c1-424b-9868-57a2d4851a1d" relativeResultsDirectory="2c38add0-7ade-45c7-ad7c-14bbd0505431" />
    <UnitTestResult executionId="35688601-9575-4f7d-a926-2014af8ca252" testId="2d9ff43b-de2d-08ce-ef55-ecf50fdb671c" testName="TestReadRootPackageMissingDependency" computerName="DESKTOP-RRA95A8" duration="00:00:00.0023441" startTime="2016-01-24T02:35:55.1935068-08:00" endTime="2016-01-24T02:35:55.1974314-08:00" testType="13cdc9d9-ddb5-4fa4-a97d-d965ccfc6d4b" outcome="Passed" testListId="8c84fa94-04c1-424b-9868-57a2d4851a1d" relativeResultsDirectory="35688601-9575-4f7d-a926-2014af8ca252" />
    <UnitTestResult executionId="fa60b35a-abbf-4521-a502-09739c3a43f7" testId="cdd50f6d-7cd9-1147-05a5-7eac297b4ad9" testName="TestReadRootDependencyRecursive" computerName="DESKTOP-RRA95A8" duration="00:00:02.7877295" startTime="2016-01-24T02:35:55.2008786-08:00" endTime="2016-01-24T02:35:57.9899093-08:00" testType="13cdc9d9-ddb5-4fa4-a97d-d965ccfc6d4b" outcome="Passed" testListId="8c84fa94-04c1-424b-9868-57a2d4851a1d" relativeResultsDirectory="fa60b35a-abbf-4521-a502-09739c3a43f7">
      <Output>
        <StdOut>module.Modules includes: accepts, buffer-crc32, cookie, cookie-signature, debug, escape-html, fresh, merge-descriptors, methods, parseurl, path-to-regexp, qs, range-parser, send, serve-static, type-is, utils-merge
Expecting accepts
Expecting buffer-crc32
Expecting cookie
Expecting cookie-signature
Expecting debug
Expecting escape-html
Expecting fresh
Expecting merge-descriptors
Expecting methods
Expecting parseurl
Expecting path-to-regexp
Expecting qs
Expecting range-parser
Expecting send
Expecting serve-static
Expecting type-is
Expecting utils-merge</StdOut>
      </Output>
    </UnitTestResult>
    <UnitTestResult executionId="d661ffb7-00d1-431e-92f4-a96a639aa3fc" testId="4ef1c2f6-de6b-4af6-68cb-ef2f103633fe" testName="TestNpmCommandProcessExitSucceeds" computerName="DESKTOP-RRA95A8" duration="00:02:05.3506236" startTime="2016-01-24T02:35:57.9938350-08:00" endTime="2016-01-24T02:38:03.3457751-08:00" testType="13cdc9d9-ddb5-4fa4-a97d-d965ccfc6d4b" outcome="Passed" testListId="8c84fa94-04c1-424b-9868-57a2d4851a1d" relativeResultsDirectory="d661ffb7-00d1-431e-92f4-a96a639aa3fc" />
    <UnitTestResult executionId="581c4b03-7785-4e23-ba18-9c1c23ca271b" testId="bb31866e-0838-a86c-ba4c-d4fe6d92d0f6" testName="CheckDatabaseCreation" computerName="DESKTOP-RRA95A8" duration="00:00:00.4770991" startTime="2016-01-24T02:38:03.3509965-08:00" endTime="2016-01-24T02:38:03.8337849-08:00" testType="13cdc9d9-ddb5-4fa4-a97d-d965ccfc6d4b" outcome="Passed" testListId="8c84fa94-04c1-424b-9868-57a2d4851a1d" relativeResultsDirectory="581c4b03-7785-4e23-ba18-9c1c23ca271b" />
    <UnitTestResult executionId="e26f67a7-8ab2-4885-a512-5ced51141828" testId="78f34f45-d218-25c0-edbb-02550db7061c" testName="CheckDatabaseUpdate" computerName="DESKTOP-RRA95A8" duration="00:00:03.7367707" startTime="2016-01-24T02:38:03.8386923-08:00" endTime="2016-01-24T02:38:07.5772109-08:00" testType="13cdc9d9-ddb5-4fa4-a97d-d965ccfc6d4b" outcome="Passed" testListId="8c84fa94-04c1-424b-9868-57a2d4851a1d" relativeResultsDirectory="e26f67a7-8ab2-4885-a512-5ced51141828" />
    <UnitTestResult executionId="d851e3f6-217c-4b15-a0bc-a76059be47a0" testId="0c63dea7-03fd-cfbc-74ba-211253c22517" testName="CheckDatabaseUpdateArray" computerName="DESKTOP-RRA95A8" duration="00:00:04.2904564" startTime="2016-01-24T02:38:07.5811322-08:00" endTime="2016-01-24T02:38:11.8744838-08:00" testType="13cdc9d9-ddb5-4fa4-a97d-d965ccfc6d4b" outcome="Passed" testListId="8c84fa94-04c1-424b-9868-57a2d4851a1d" relativeResultsDirectory="d851e3f6-217c-4b15-a0bc-a76059be47a0" />
    <UnitTestResult executionId="a6b91f56-1a54-4d81-975f-65daf3aaa28b" testId="e3d70b37-6c59-ff28-166b-1da270464c13" testName="CheckPackageWithBuildPreReleaseInfo" computerName="DESKTOP-RRA95A8" duration="00:00:03.4538648" startTime="2016-01-24T02:38:11.8784105-08:00" endTime="2016-01-24T02:38:15.3359327-08:00" testType="13cdc9d9-ddb5-4fa4-a97d-d965ccfc6d4b" outcome="Passed" testListId="8c84fa94-04c1-424b-9868-57a2d4851a1d" relativeResultsDirectory="a6b91f56-1a54-4d81-975f-65daf3aaa28b" />
    <UnitTestResult executionId="f7e7b946-b962-4cc8-856d-44b263997968" testId="8ac70d86-0a17-3982-3651-411e58da6833" testName="CheckNonZeroPackageVersionsExist" computerName="DESKTOP-RRA95A8" duration="00:00:05.6356293" startTime="2016-01-24T02:38:15.3454579-08:00" endTime="2016-01-24T02:38:20.9865048-08:00" testType="13cdc9d9-ddb5-4fa4-a97d-d965ccfc6d4b" outcome="Passed" testListId="8c84fa94-04c1-424b-9868-57a2d4851a1d" relativeResultsDirectory="f7e7b946-b962-4cc8-856d-44b263997968" />
    <UnitTestResult executionId="a133a358-1a61-4dab-84fc-0559f02c3fd2" testId="94bc426f-64b0-6f95-a8ec-00b508cf3a37" testName="CheckCorrectPackageCount" computerName="DESKTOP-RRA95A8" duration="00:00:02.8679803" startTime="2016-01-24T02:38:20.9915318-08:00" endTime="2016-01-24T02:38:23.8621940-08:00" testType="13cdc9d9-ddb5-4fa4-a97d-d965ccfc6d4b" outcome="Passed" testListId="8c84fa94-04c1-424b-9868-57a2d4851a1d" relativeResultsDirectory="a133a358-1a61-4dab-84fc-0559f02c3fd2" />
    <UnitTestResult executionId="f4996242-a1af-4aad-a47c-69ce3b75f225" testId="1478c837-21c7-ce13-dedb-7697546310b6" testName="CheckNoDuplicatePackages" computerName="DESKTOP-RRA95A8" duration="00:00:02.7114661" startTime="2016-01-24T02:38:23.8676947-08:00" endTime="2016-01-24T02:38:26.5825668-08:00" testType="13cdc9d9-ddb5-4fa4-a97d-d965ccfc6d4b" outcome="Passed" testListId="8c84fa94-04c1-424b-9868-57a2d4851a1d" relativeResultsDirectory="f4996242-a1af-4aad-a47c-69ce3b75f225" />
    <UnitTestResult executionId="96c2607e-00d9-4c1c-a922-7e31fb28fe09" testId="4600a77d-f35e-7736-79d3-6205f9c2a419" testName="CheckListAndDictByNameSameSize" computerName="DESKTOP-RRA95A8" duration="00:00:02.6278789" startTime="2016-01-24T02:38:26.5860761-08:00" endTime="2016-01-24T02:38:29.2164946-08:00" testType="13cdc9d9-ddb5-4fa4-a97d-d965ccfc6d4b" outcome="Passed" testListId="8c84fa94-04c1-424b-9868-57a2d4851a1d" relativeResultsDirectory="96c2607e-00d9-4c1c-a922-7e31fb28fe09" />
    <UnitTestResult executionId="11539546-6cc6-4926-8079-2304480c45c7" testId="52d883f9-9d3c-165d-0202-25c579b4469f" testName="CheckFirstPackageInCatalog" computerName="DESKTOP-RRA95A8" duration="00:00:02.7944650" startTime="2016-01-24T02:38:29.2204899-08:00" endTime="2016-01-24T02:38:32.0173319-08:00" testType="13cdc9d9-ddb5-4fa4-a97d-d965ccfc6d4b" outcome="Passed" testListId="8c84fa94-04c1-424b-9868-57a2d4851a1d" relativeResultsDirectory="11539546-6cc6-4926-8079-2304480c45c7" />
    <UnitTestResult executionId="40a6d04f-0d8f-4428-933d-4259bd3f84ee" testId="0d2f2710-ae06-5e5e-ca6a-c70dac8cc9ed" testName="CheckLastPackageInCatalog_zzz" computerName="DESKTOP-RRA95A8" duration="00:00:02.8612576" startTime="2016-01-24T02:38:32.0222386-08:00" endTime="2016-01-24T02:38:34.8864279-08:00" testType="13cdc9d9-ddb5-4fa4-a97d-d965ccfc6d4b" outcome="Passed" testListId="8c84fa94-04c1-424b-9868-57a2d4851a1d" relativeResultsDirectory="40a6d04f-0d8f-4428-933d-4259bd3f84ee" />
    <UnitTestResult executionId="6b258015-1ebb-4427-86b6-c02cc1fe4e3f" testId="f3d47fa3-669c-675b-0ea6-a07bacac405e" testName="CheckPackageEqualsInDescription" computerName="DESKTOP-RRA95A8" duration="00:00:03.0285147" startTime="2016-01-24T02:38:34.8923148-08:00" endTime="2016-01-24T02:38:37.9266731-08:00" testType="13cdc9d9-ddb5-4fa4-a97d-d965ccfc6d4b" outcome="Passed" testListId="8c84fa94-04c1-424b-9868-57a2d4851a1d" relativeResultsDirectory="6b258015-1ebb-4427-86b6-c02cc1fe4e3f" />
    <UnitTestResult executionId="0695c254-f5e3-4fdd-8492-38d66c0335e0" testId="caab6c5d-bd4b-0ea7-0abe-bb73740d9420" testName="CheckPackageNoDescriptionAuthorVersion" computerName="DESKTOP-RRA95A8" duration="00:00:02.7010306" startTime="2016-01-24T02:38:37.9361979-08:00" endTime="2016-01-24T02:38:40.6432960-08:00" testType="13cdc9d9-ddb5-4fa4-a97d-d965ccfc6d4b" outcome="Passed" testListId="8c84fa94-04c1-424b-9868-57a2d4851a1d" relativeResultsDirectory="0695c254-f5e3-4fdd-8492-38d66c0335e0" />
    <UnitTestResult executionId="d483c486-8ce3-48e1-86d8-29df13923908" testId="0d51abf0-f57a-8b00-3787-34539e0f9638" testName="CheckPackageNoDescription" computerName="DESKTOP-RRA95A8" duration="00:00:02.7803989" startTime="2016-01-24T02:38:40.6482023-08:00" endTime="2016-01-24T02:38:43.4319478-08:00" testType="13cdc9d9-ddb5-4fa4-a97d-d965ccfc6d4b" outcome="Passed" testListId="8c84fa94-04c1-424b-9868-57a2d4851a1d" relativeResultsDirectory="d483c486-8ce3-48e1-86d8-29df13923908" />
    <UnitTestResult executionId="777e71d4-4935-492f-9eeb-b13133b44ed4" testId="d082e58f-b1b6-1391-ef13-b7886a5eff2a" testName="TestFilterString" computerName="DESKTOP-RRA95A8" duration="00:00:00.4015504" startTime="2016-01-24T02:38:43.4364596-08:00" endTime="2016-01-24T02:38:43.8405744-08:00" testType="13cdc9d9-ddb5-4fa4-a97d-d965ccfc6d4b" outcome="Passed" testListId="8c84fa94-04c1-424b-9868-57a2d4851a1d" relativeResultsDirectory="777e71d4-4935-492f-9eeb-b13133b44ed4" />
    <UnitTestResult executionId="94ae5445-37fc-4c52-b556-eed84153f619" testId="61ca962d-c626-73c0-7272-6a193a18d9a7" testName="TestFilterStringWithHyphens" computerName="DESKTOP-RRA95A8" duration="00:00:00.0650643" startTime="2016-01-24T02:38:43.8435837-08:00" endTime="2016-01-24T02:38:43.9112394-08:00" testType="13cdc9d9-ddb5-4fa4-a97d-d965ccfc6d4b" outcome="Failed" testListId="8c84fa94-04c1-424b-9868-57a2d4851a1d" relativeResultsDirectory="94ae5445-37fc-4c52-b556-eed84153f619">
      <Output>
        <ErrorInfo>
          <Message>Assert.AreEqual failed. Expected:&lt;amazing-&gt;. Actual:&lt;amazinglymodule&gt;. Exact filter string match (including suffix) should be first.</Message>
          <StackTrace>   at NpmTests.NpmSearchTests.TestFilterStringWithHyphens() in C:\src\nodejstools\Nodejs\Tests\NpmTests\NpmSearchTests.cs:line 525
</StackTrace>
        </ErrorInfo>
      </Output>
    </UnitTestResult>
    <UnitTestResult executionId="6600cda4-34bc-4413-bee5-40e864bab46b" testId="4abb6539-628d-4007-db61-c4c02c1a9c79" testName="TestFilterRegex" computerName="DESKTOP-RRA95A8" duration="00:00:00.0067635" startTime="2016-01-24T02:38:43.9152504-08:00" endTime="2016-01-24T02:38:43.9238220-08:00" testType="13cdc9d9-ddb5-4fa4-a97d-d965ccfc6d4b" outcome="Passed" testListId="8c84fa94-04c1-424b-9868-57a2d4851a1d" relativeResultsDirectory="6600cda4-34bc-4413-bee5-40e864bab46b" />
    <UnitTestResult executionId="ce44a7d4-56f2-4c83-923e-7cc8d2dc6013" testId="9bd3114e-f50c-70d7-9bee-a4d2d1e0d727" testName="TestFilterRegexTrailingSlash" computerName="DESKTOP-RRA95A8" duration="00:00:00.0034643" startTime="2016-01-24T02:38:43.9272985-08:00" endTime="2016-01-24T02:38:43.9323532-08:00" testType="13cdc9d9-ddb5-4fa4-a97d-d965ccfc6d4b" outcome="Passed" testListId="8c84fa94-04c1-424b-9868-57a2d4851a1d" relativeResultsDirectory="ce44a7d4-56f2-4c83-923e-7cc8d2dc6013" />
    <UnitTestResult executionId="ff7996c2-3780-4af6-83f6-6abc1d3d4b32" testId="cee43c78-1ab9-d85c-39bb-3eb91ed8eddb" testName="TestReadEmptyDependenciesNotNull" computerName="DESKTOP-RRA95A8" duration="00:00:00.0004372" startTime="2016-01-24T02:38:43.9353242-08:00" endTime="2016-01-24T02:38:43.9378641-08:00" testType="13cdc9d9-ddb5-4fa4-a97d-d965ccfc6d4b" outcome="Passed" testListId="8c84fa94-04c1-424b-9868-57a2d4851a1d" relativeResultsDirectory="ff7996c2-3780-4af6-83f6-6abc1d3d4b32" />
    <UnitTestResult executionId="eb68fdde-e6d3-4eb8-9dc8-6759d521b764" testId="2fb99a04-f019-124d-7f3c-059fc1be05aa" testName="TestReadEmptyDevDependenciesNotNull" computerName="DESKTOP-RRA95A8" duration="00:00:00.0002450" startTime="2016-01-24T02:38:43.9408752-08:00" endTime="2016-01-24T02:38:43.9424167-08:00" testType="13cdc9d9-ddb5-4fa4-a97d-d965ccfc6d4b" outcome="Passed" testListId="8c84fa94-04c1-424b-9868-57a2d4851a1d" relativeResultsDirectory="eb68fdde-e6d3-4eb8-9dc8-6759d521b764" />
    <UnitTestResult executionId="3c324830-8f18-4770-acad-8fab7c5e6cc4" testId="4da5a06c-3a2f-4d52-452b-761f4cfa73d9" testName="TestReadEmptyOptionalDependenciesNotNull" computerName="DESKTOP-RRA95A8" duration="00:00:00.0003354" startTime="2016-01-24T02:38:43.9458891-08:00" endTime="2016-01-24T02:38:43.9479280-08:00" testType="13cdc9d9-ddb5-4fa4-a97d-d965ccfc6d4b" outcome="Passed" testListId="8c84fa94-04c1-424b-9868-57a2d4851a1d" relativeResultsDirectory="3c324830-8f18-4770-acad-8fab7c5e6cc4" />
    <UnitTestResult executionId="898a847d-5529-49e6-9c0f-3db2548d93ed" testId="96aef9d8-2aa3-bd9d-997a-38c0e1db10d2" testName="TestReadDependenciesWithVersionRange" computerName="DESKTOP-RRA95A8" duration="00:00:00.0028546" startTime="2016-01-24T02:38:43.9514033-08:00" endTime="2016-01-24T02:38:43.9554508-08:00" testType="13cdc9d9-ddb5-4fa4-a97d-d965ccfc6d4b" outcome="Passed" testListId="8c84fa94-04c1-424b-9868-57a2d4851a1d" relativeResultsDirectory="898a847d-5529-49e6-9c0f-3db2548d93ed" />
    <UnitTestResult executionId="ea0e9001-41c2-45fe-9f41-eec76245b3e1" testId="e615e1ef-b19d-1210-a305-5445ef62a83e" testName="TestReadDependenciesWithUrls" computerName="DESKTOP-RRA95A8" duration="00:00:00.0010323" startTime="2016-01-24T02:38:43.9589232-08:00" endTime="2016-01-24T02:38:43.9614875-08:00" testType="13cdc9d9-ddb5-4fa4-a97d-d965ccfc6d4b" outcome="Passed" testListId="8c84fa94-04c1-424b-9868-57a2d4851a1d" relativeResultsDirectory="ea0e9001-41c2-45fe-9f41-eec76245b3e1" />
    <UnitTestResult executionId="2483c2e3-c1c4-43df-805e-20df31692af6" testId="5a856549-392c-0795-3b15-9468f7026c12" testName="TestReadDevDependenciesWithVersionRange" computerName="DESKTOP-RRA95A8" duration="00:00:00.0004478" startTime="2016-01-24T02:38:43.9649600-08:00" endTime="2016-01-24T02:38:43.9669999-08:00" testType="13cdc9d9-ddb5-4fa4-a97d-d965ccfc6d4b" outcome="Passed" testListId="8c84fa94-04c1-424b-9868-57a2d4851a1d" relativeResultsDirectory="2483c2e3-c1c4-43df-805e-20df31692af6" />
    <UnitTestResult executionId="12bc6983-3d1e-4565-9375-37e9019330d5" testId="3d364d6a-d9bd-bfd4-38eb-e181ff36dddb" testName="TestReadDevDependenciesWithUrls" computerName="DESKTOP-RRA95A8" duration="00:00:00.0002271" startTime="2016-01-24T02:38:43.9699735-08:00" endTime="2016-01-24T02:38:43.9719788-08:00" testType="13cdc9d9-ddb5-4fa4-a97d-d965ccfc6d4b" outcome="Passed" testListId="8c84fa94-04c1-424b-9868-57a2d4851a1d" relativeResultsDirectory="12bc6983-3d1e-4565-9375-37e9019330d5" />
    <UnitTestResult executionId="a4192d03-c665-430b-9f05-c0739057df96" testId="b3641b2c-7761-acc5-3e13-8a20867b3b29" testName="TestReadBundledDependencies" computerName="DESKTOP-RRA95A8" duration="00:00:00.0014255" startTime="2016-01-24T02:38:43.9749870-08:00" endTime="2016-01-24T02:38:43.9780097-08:00" testType="13cdc9d9-ddb5-4fa4-a97d-d965ccfc6d4b" outcome="Passed" testListId="8c84fa94-04c1-424b-9868-57a2d4851a1d" relativeResultsDirectory="a4192d03-c665-430b-9f05-c0739057df96" />
    <UnitTestResult executionId="e4d8e560-3129-41ab-9213-1eb648fa95e7" testId="6dfd7718-5902-b5d9-e5d6-3a3fc650d808" testName="TestReadBundleDependencies" computerName="DESKTOP-RRA95A8" duration="00:00:00.0003168" startTime="2016-01-24T02:38:43.9815044-08:00" endTime="2016-01-24T02:38:43.9835411-08:00" testType="13cdc9d9-ddb5-4fa4-a97d-d965ccfc6d4b" outcome="Passed" testListId="8c84fa94-04c1-424b-9868-57a2d4851a1d" relativeResultsDirectory="e4d8e560-3129-41ab-9213-1eb648fa95e7" />
    <UnitTestResult executionId="4046c1f4-0e2b-4555-89a4-800f6db1065e" testId="93f5d90e-e6be-10a9-c4e7-01e4aab1e002" testName="TestReadOptionalDependenciesWithVersionRange" computerName="DESKTOP-RRA95A8" duration="00:00:00.0003931" startTime="2016-01-24T02:38:43.9865172-08:00" endTime="2016-01-24T02:38:43.9890582-08:00" testType="13cdc9d9-ddb5-4fa4-a97d-d965ccfc6d4b" outcome="Passed" testListId="8c84fa94-04c1-424b-9868-57a2d4851a1d" relativeResultsDirectory="4046c1f4-0e2b-4555-89a4-800f6db1065e" />
    <UnitTestResult executionId="6079c0af-1d13-453b-b6c2-095812bf4dac" testId="e01f72dd-ea12-fa35-6033-525181b4b201" testName="TestReadOptionalDependenciesWithUrls" computerName="DESKTOP-RRA95A8" duration="00:00:00.0002293" startTime="2016-01-24T02:38:43.9920317-08:00" endTime="2016-01-24T02:38:43.9935728-08:00" testType="13cdc9d9-ddb5-4fa4-a97d-d965ccfc6d4b" outcome="Passed" testListId="8c84fa94-04c1-424b-9868-57a2d4851a1d" relativeResultsDirectory="6079c0af-1d13-453b-b6c2-095812bf4dac" />
    <UnitTestResult executionId="a493598f-a4be-485e-876d-65129f011834" testId="1f9dd5b0-dc93-2f26-f82d-4a687c5e882b" testName="TestReadAllDependencies" computerName="DESKTOP-RRA95A8" duration="00:00:00.0006396" startTime="2016-01-24T02:38:43.9970456-08:00" endTime="2016-01-24T02:38:43.9990860-08:00" testType="13cdc9d9-ddb5-4fa4-a97d-d965ccfc6d4b" outcome="Passed" testListId="8c84fa94-04c1-424b-9868-57a2d4851a1d" relativeResultsDirectory="a493598f-a4be-485e-876d-65129f011834" />
    <UnitTestResult executionId="cf086e82-7d6f-49dc-a569-b15a9b61c237" testId="612a9c5a-a79a-2680-681e-0b0ff9a1182a" testName="TestReadNoNameNull" computerName="DESKTOP-RRA95A8" duration="00:00:00.0008978" startTime="2016-01-24T02:38:44.0025423-08:00" endTime="2016-01-24T02:38:44.0050804-08:00" testType="13cdc9d9-ddb5-4fa4-a97d-d965ccfc6d4b" outcome="Passed" testListId="8c84fa94-04c1-424b-9868-57a2d4851a1d" relativeResultsDirectory="cf086e82-7d6f-49dc-a569-b15a9b61c237" />
    <UnitTestResult executionId="9eeb3017-8536-4840-88c9-e52ade3a3072" testId="aee7d651-4231-31ea-4e82-568cf635c2f1" testName="TestReadNoVersionIsZeroed" computerName="DESKTOP-RRA95A8" duration="00:00:00.0006578" startTime="2016-01-24T02:38:44.0085583-08:00" endTime="2016-01-24T02:38:44.0104677-08:00" testType="13cdc9d9-ddb5-4fa4-a97d-d965ccfc6d4b" outcome="Passed" testListId="8c84fa94-04c1-424b-9868-57a2d4851a1d" relativeResultsDirectory="9eeb3017-8536-4840-88c9-e52ade3a3072" />
    <UnitTestResult executionId="5b6202aa-69ef-4ff6-8d08-9d58b5f6fa05" testId="2316a902-0561-db05-3d10-135a8509f7e1" testName="TestReadNameAndVersion" computerName="DESKTOP-RRA95A8" duration="00:00:00.0098760" startTime="2016-01-24T02:38:44.0139795-08:00" endTime="2016-01-24T02:38:44.0260126-08:00" testType="13cdc9d9-ddb5-4fa4-a97d-d965ccfc6d4b" outcome="Passed" testListId="8c84fa94-04c1-424b-9868-57a2d4851a1d" relativeResultsDirectory="5b6202aa-69ef-4ff6-8d08-9d58b5f6fa05" />
    <UnitTestResult executionId="f14ceea4-00cb-4837-9113-55fba573a0a8" testId="2df4a4c5-c76a-aae2-ff4a-b66dac4bb652" testName="TestGetEmptyScripts" computerName="DESKTOP-RRA95A8" duration="00:00:00.0102852" startTime="2016-01-24T02:38:44.0290197-08:00" endTime="2016-01-24T02:38:44.0414853-08:00" testType="13cdc9d9-ddb5-4fa4-a97d-d965ccfc6d4b" outcome="Passed" testListId="8c84fa94-04c1-424b-9868-57a2d4851a1d" relativeResultsDirectory="f14ceea4-00cb-4837-9113-55fba573a0a8" />
    <UnitTestResult executionId="9d35e732-e552-494b-8abe-1babf0bd317f" testId="4c266ab8-ed0e-27b9-8283-b4ab7c00f89d" testName="TestReadSingleStartScript" computerName="DESKTOP-RRA95A8" duration="00:00:00.0060185" startTime="2016-01-24T02:38:44.0444916-08:00" endTime="2016-01-24T02:38:44.0520421-08:00" testType="13cdc9d9-ddb5-4fa4-a97d-d965ccfc6d4b" outcome="Passed" testListId="8c84fa94-04c1-424b-9868-57a2d4851a1d" relativeResultsDirectory="9d35e732-e552-494b-8abe-1babf0bd317f" />
    <UnitTestResult executionId="5c9df653-4444-48fa-986d-df9a591e2830" testId="c915d10b-cbf5-f8ed-16f8-4f445dcee60c" testName="TestReadNonExistentScriptsNull" computerName="DESKTOP-RRA95A8" duration="00:00:00.0007938" startTime="2016-01-24T02:38:44.0555393-08:00" endTime="2016-01-24T02:38:44.0575801-08:00" testType="13cdc9d9-ddb5-4fa4-a97d-d965ccfc6d4b" outcome="Passed" testListId="8c84fa94-04c1-424b-9868-57a2d4851a1d" relativeResultsDirectory="5c9df653-4444-48fa-986d-df9a591e2830" />
    <UnitTestResult executionId="17894d49-0c6e-4eb8-9b53-9cf3f5372a19" testId="0cc481a1-adf6-a306-2201-856505c01506" testName="TestReadNoDescriptionNull" computerName="DESKTOP-RRA95A8" duration="00:00:00.0030577" startTime="2016-01-24T02:38:44.0610539-08:00" endTime="2016-01-24T02:38:44.0660671-08:00" testType="13cdc9d9-ddb5-4fa4-a97d-d965ccfc6d4b" outcome="Passed" testListId="8c84fa94-04c1-424b-9868-57a2d4851a1d" relativeResultsDirectory="17894d49-0c6e-4eb8-9b53-9cf3f5372a19" />
    <UnitTestResult executionId="5738518d-a402-400e-a79f-d61847079869" testId="b649100e-ef2c-efc0-44d7-0815ac43ff31" testName="TestReadDescription" computerName="DESKTOP-RRA95A8" duration="00:00:00.0021519" startTime="2016-01-24T02:38:44.0695767-08:00" endTime="2016-01-24T02:38:44.0731235-08:00" testType="13cdc9d9-ddb5-4fa4-a97d-d965ccfc6d4b" outcome="Passed" testListId="8c84fa94-04c1-424b-9868-57a2d4851a1d" relativeResultsDirectory="5738518d-a402-400e-a79f-d61847079869" />
    <UnitTestResult executionId="bf64663e-2a5e-4c13-a088-0fb4824abd90" testId="f8be625b-22ad-382c-8ac6-5941ab38c1d1" testName="TestReadEmptyKeywordsCountZero" computerName="DESKTOP-RRA95A8" duration="00:00:00.0003019" startTime="2016-01-24T02:38:44.0760937-08:00" endTime="2016-01-24T02:38:44.0781355-08:00" testType="13cdc9d9-ddb5-4fa4-a97d-d965ccfc6d4b" outcome="Passed" testListId="8c84fa94-04c1-424b-9868-57a2d4851a1d" relativeResultsDirectory="bf64663e-2a5e-4c13-a088-0fb4824abd90" />
    <UnitTestResult executionId="db6a7b9c-0bd2-4a98-9e29-460e43884f03" testId="8e831d1f-e948-c86c-9afd-ec34394df259" testName="TestEnumerationOverKeywords" computerName="DESKTOP-RRA95A8" duration="00:00:00.0003132" startTime="2016-01-24T02:38:44.0821101-08:00" endTime="2016-01-24T02:38:44.0841169-08:00" testType="13cdc9d9-ddb5-4fa4-a97d-d965ccfc6d4b" outcome="Passed" testListId="8c84fa94-04c1-424b-9868-57a2d4851a1d" relativeResultsDirectory="db6a7b9c-0bd2-4a98-9e29-460e43884f03" />
    <UnitTestResult executionId="2958e99f-79a6-44da-90a6-f7de271d7be7" testId="6d887583-4787-f787-0206-5c5999d3a1f3" testName="TestReadNoHomepageEmpty" computerName="DESKTOP-RRA95A8" duration="00:00:00.0004277" startTime="2016-01-24T02:38:44.0878110-08:00" endTime="2016-01-24T02:38:44.0893298-08:00" testType="13cdc9d9-ddb5-4fa4-a97d-d965ccfc6d4b" outcome="Passed" testListId="8c84fa94-04c1-424b-9868-57a2d4851a1d" relativeResultsDirectory="2958e99f-79a6-44da-90a6-f7de271d7be7" />
    <UnitTestResult executionId="d8b0edfb-b039-4ad3-a4dd-3137211191c6" testId="c3625320-86e0-2c4f-d59a-cdc3e9358b5e" testName="TestReadHomepageCompliant" computerName="DESKTOP-RRA95A8" duration="00:00:00.0003285" startTime="2016-01-24T02:38:44.0930181-08:00" endTime="2016-01-24T02:38:44.0955096-08:00" testType="13cdc9d9-ddb5-4fa4-a97d-d965ccfc6d4b" outcome="Passed" testListId="8c84fa94-04c1-424b-9868-57a2d4851a1d" relativeResultsDirectory="d8b0edfb-b039-4ad3-a4dd-3137211191c6" />
    <UnitTestResult executionId="30e720f5-7482-495a-9861-91eb8316d4a2" testId="08bd0d41-f625-aa4b-e583-c45aafe14071" testName="TestReadHomepageNonCompliant" computerName="DESKTOP-RRA95A8" duration="00:00:00.0003435" startTime="2016-01-24T02:38:44.0995210-08:00" endTime="2016-01-24T02:38:44.1010595-08:00" testType="13cdc9d9-ddb5-4fa4-a97d-d965ccfc6d4b" outcome="Passed" testListId="8c84fa94-04c1-424b-9868-57a2d4851a1d" relativeResultsDirectory="30e720f5-7482-495a-9861-91eb8316d4a2" />
    <UnitTestResult executionId="421b925f-9d6d-4bb1-beba-aede1875fd25" testId="0dca7304-8de1-2960-ff84-f8d5222012b3" testName="TestReadNoBugsNull" computerName="DESKTOP-RRA95A8" duration="00:00:00.0051914" startTime="2016-01-24T02:38:44.1040338-08:00" endTime="2016-01-24T02:38:44.1110851-08:00" testType="13cdc9d9-ddb5-4fa4-a97d-d965ccfc6d4b" outcome="Passed" testListId="8c84fa94-04c1-424b-9868-57a2d4851a1d" relativeResultsDirectory="421b925f-9d6d-4bb1-beba-aede1875fd25" />
    <UnitTestResult executionId="1c89f6da-121d-4c44-b946-51dbe0e6868c" testId="d8fe9e0f-b132-514d-d5f1-12d63b5abbc8" testName="TestReadBugsUrlOnly" computerName="DESKTOP-RRA95A8" duration="00:00:00.0071413" startTime="2016-01-24T02:38:44.1155636-08:00" endTime="2016-01-24T02:38:44.1240875-08:00" testType="13cdc9d9-ddb5-4fa4-a97d-d965ccfc6d4b" outcome="Passed" testListId="8c84fa94-04c1-424b-9868-57a2d4851a1d" relativeResultsDirectory="1c89f6da-121d-4c44-b946-51dbe0e6868c" />
    <UnitTestResult executionId="5a7614a5-bfdf-4758-b241-3aec1b00644c" testId="fd10b652-13a6-1c6f-1b4c-3a1c733ea803" testName="TestReadBugsUrlAndEmailCompliant" computerName="DESKTOP-RRA95A8" duration="00:00:00.0057979" startTime="2016-01-24T02:38:44.1283045-08:00" endTime="2016-01-24T02:38:44.1362817-08:00" testType="13cdc9d9-ddb5-4fa4-a97d-d965ccfc6d4b" outcome="Passed" testListId="8c84fa94-04c1-424b-9868-57a2d4851a1d" relativeResultsDirectory="5a7614a5-bfdf-4758-b241-3aec1b00644c" />
    <UnitTestResult executionId="ff6be88f-6007-49a8-982b-ab8a460b0a12" testId="8b02e057-ea28-58a1-81f3-90b7cd83f52a" testName="TestReadBugsUrlAndEmailNonCompliant" computerName="DESKTOP-RRA95A8" duration="00:00:00.0016665" startTime="2016-01-24T02:38:44.1392534-08:00" endTime="2016-01-24T02:38:44.1427627-08:00" testType="13cdc9d9-ddb5-4fa4-a97d-d965ccfc6d4b" outcome="Passed" testListId="8c84fa94-04c1-424b-9868-57a2d4851a1d" relativeResultsDirectory="ff6be88f-6007-49a8-982b-ab8a460b0a12" />
    <UnitTestResult executionId="4d5fb57d-49c7-41ee-884e-c953ab5671b7" testId="1208b1d4-eb88-7bae-0f3c-f8de4f655efa" testName="TestReadNoLicensesEmpty" computerName="DESKTOP-RRA95A8" duration="00:00:00.0042746" startTime="2016-01-24T02:38:44.1462726-08:00" endTime="2016-01-24T02:38:44.1522715-08:00" testType="13cdc9d9-ddb5-4fa4-a97d-d965ccfc6d4b" outcome="Passed" testListId="8c84fa94-04c1-424b-9868-57a2d4851a1d" relativeResultsDirectory="4d5fb57d-49c7-41ee-884e-c953ab5671b7" />
    <UnitTestResult executionId="135dd826-eec9-4d94-a6a1-9df65406d2fb" testId="99102c86-5ca8-439f-4614-a42a58bba986" testName="TestReadLicensesTypeOnly" computerName="DESKTOP-RRA95A8" duration="00:00:00.0111327" startTime="2016-01-24T02:38:44.1547764-08:00" endTime="2016-01-24T02:38:44.1673386-08:00" testType="13cdc9d9-ddb5-4fa4-a97d-d965ccfc6d4b" outcome="Passed" testListId="8c84fa94-04c1-424b-9868-57a2d4851a1d" relativeResultsDirectory="135dd826-eec9-4d94-a6a1-9df65406d2fb" />
    <UnitTestResult executionId="cc63bc7a-629e-4b7a-a2f7-7a3659633c32" testId="847e7a8b-4eb7-770a-6539-d054e70a297d" testName="ReadLicensesTypeAndUrl" computerName="DESKTOP-RRA95A8" duration="00:00:00.0101083" startTime="2016-01-24T02:38:44.1708526-08:00" endTime="2016-01-24T02:38:44.1823835-08:00" testType="13cdc9d9-ddb5-4fa4-a97d-d965ccfc6d4b" outcome="Passed" testListId="8c84fa94-04c1-424b-9868-57a2d4851a1d" relativeResultsDirectory="cc63bc7a-629e-4b7a-a2f7-7a3659633c32" />
    <UnitTestResult executionId="e4152e7c-d72f-4f02-8147-6f65d3747422" testId="5398bb5d-6cec-7ec8-c50a-d027059fecde" testName="TestReadEmptyFilesEmpty" computerName="DESKTOP-RRA95A8" duration="00:00:00.0002902" startTime="2016-01-24T02:38:44.1868956-08:00" endTime="2016-01-24T02:38:44.1889028-08:00" testType="13cdc9d9-ddb5-4fa4-a97d-d965ccfc6d4b" outcome="Passed" testListId="8c84fa94-04c1-424b-9868-57a2d4851a1d" relativeResultsDirectory="e4152e7c-d72f-4f02-8147-6f65d3747422" />
    <UnitTestResult executionId="65de08d9-9d05-4492-bc16-2c4752677231" testId="96a5a966-9a6b-79ca-dd86-a1cdc6c02546" testName="TestReadFiles" computerName="DESKTOP-RRA95A8" duration="00:00:00.0003336" startTime="2016-01-24T02:38:44.1924102-08:00" endTime="2016-01-24T02:38:44.1944155-08:00" testType="13cdc9d9-ddb5-4fa4-a97d-d965ccfc6d4b" outcome="Passed" testListId="8c84fa94-04c1-424b-9868-57a2d4851a1d" relativeResultsDirectory="65de08d9-9d05-4492-bc16-2c4752677231" />
    <UnitTestResult executionId="9198df12-7ef1-423d-af60-7bcb7b122351" testId="52182bae-8318-2d3e-a3ec-4811e32ccbef" testName="TestReadEmptyManEmpty" computerName="DESKTOP-RRA95A8" duration="00:00:00.0003066" startTime="2016-01-24T02:38:44.1979248-08:00" endTime="2016-01-24T02:38:44.1999326-08:00" testType="13cdc9d9-ddb5-4fa4-a97d-d965ccfc6d4b" outcome="Passed" testListId="8c84fa94-04c1-424b-9868-57a2d4851a1d" relativeResultsDirectory="9198df12-7ef1-423d-af60-7bcb7b122351" />
    <UnitTestResult executionId="e8b085c0-4e93-404a-a306-6298f7d2a9d3" testId="e452d9c3-4fac-d387-8bff-164e08e448c5" testName="TestReadSingleMan" computerName="DESKTOP-RRA95A8" duration="00:00:00.0002993" startTime="2016-01-24T02:38:44.2029419-08:00" endTime="2016-01-24T02:38:44.2049494-08:00" testType="13cdc9d9-ddb5-4fa4-a97d-d965ccfc6d4b" outcome="Passed" testListId="8c84fa94-04c1-424b-9868-57a2d4851a1d" relativeResultsDirectory="e8b085c0-4e93-404a-a306-6298f7d2a9d3" />
    <UnitTestResult executionId="d7a65707-b138-4b56-a4ff-c37bbd6f191a" testId="a15ad1d2-9655-4c73-8864-506152640e1c" testName="TestReadMultiMan" computerName="DESKTOP-RRA95A8" duration="00:00:00.0002782" startTime="2016-01-24T02:38:44.2079554-08:00" endTime="2016-01-24T02:38:44.2094593-08:00" testType="13cdc9d9-ddb5-4fa4-a97d-d965ccfc6d4b" outcome="Passed" testListId="8c84fa94-04c1-424b-9868-57a2d4851a1d" relativeResultsDirectory="d7a65707-b138-4b56-a4ff-c37bbd6f191a" />
    <UnitTestResult executionId="70f24303-64c8-432e-97a3-d1429cca5460" testId="3ba9c7e9-2f6d-f353-523c-ae71ae500f97" testName="TestReadEmptyAuthor" computerName="DESKTOP-RRA95A8" duration="00:00:00.0024192" startTime="2016-01-24T02:38:44.2134532-08:00" endTime="2016-01-24T02:38:44.2179653-08:00" testType="13cdc9d9-ddb5-4fa4-a97d-d965ccfc6d4b" outcome="Passed" testListId="8c84fa94-04c1-424b-9868-57a2d4851a1d" relativeResultsDirectory="70f24303-64c8-432e-97a3-d1429cca5460" />
    <UnitTestResult executionId="e715e508-d663-4727-9302-da7fa2b1f95d" testId="c46fcdf7-96c1-4b42-799a-f2aa80a9b8e1" testName="TestReadMisspelledAuthor" computerName="DESKTOP-RRA95A8" duration="00:00:00.0042528" startTime="2016-01-24T02:38:44.2209731-08:00" endTime="2016-01-24T02:38:44.2270256-08:00" testType="13cdc9d9-ddb5-4fa4-a97d-d965ccfc6d4b" outcome="Passed" testListId="8c84fa94-04c1-424b-9868-57a2d4851a1d" relativeResultsDirectory="e715e508-d663-4727-9302-da7fa2b1f95d" />
    <UnitTestResult executionId="01f11e2a-91d0-4b9b-891e-22ca8dd2e972" testId="1b057198-87c5-7bab-8f9b-6283f73cf978" testName="TestReadSingleAuthorField" computerName="DESKTOP-RRA95A8" duration="00:00:00.0003300" startTime="2016-01-24T02:38:44.2304385-08:00" endTime="2016-01-24T02:38:44.2324497-08:00" testType="13cdc9d9-ddb5-4fa4-a97d-d965ccfc6d4b" outcome="Passed" testListId="8c84fa94-04c1-424b-9868-57a2d4851a1d" relativeResultsDirectory="01f11e2a-91d0-4b9b-891e-22ca8dd2e972" />
    <UnitTestResult executionId="b3d291b3-b78d-45bc-84e9-7bda14d3df80" testId="c7a6d8ab-6ba0-c88a-8e01-c0a004a42dd6" testName="TestReadAuthorCompliant" computerName="DESKTOP-RRA95A8" duration="00:00:00.0004810" startTime="2016-01-24T02:38:44.2354641-08:00" endTime="2016-01-24T02:38:44.2374968-08:00" testType="13cdc9d9-ddb5-4fa4-a97d-d965ccfc6d4b" outcome="Passed" testListId="8c84fa94-04c1-424b-9868-57a2d4851a1d" relativeResultsDirectory="b3d291b3-b78d-45bc-84e9-7bda14d3df80" />
    <UnitTestResult executionId="a1e3d2f8-a86e-46f4-8805-c9628a060028" testId="c6c24dde-9337-bc40-ca39-2316fdc9cd58" testName="TestReadAuthorNonCompliant" computerName="DESKTOP-RRA95A8" duration="00:00:00.0004157" startTime="2016-01-24T02:38:44.2409881-08:00" endTime="2016-01-24T02:38:44.2430307-08:00" testType="13cdc9d9-ddb5-4fa4-a97d-d965ccfc6d4b" outcome="Passed" testListId="8c84fa94-04c1-424b-9868-57a2d4851a1d" relativeResultsDirectory="a1e3d2f8-a86e-46f4-8805-c9628a060028" />
    <UnitTestResult executionId="38f3e7ad-06c5-4ab3-af0e-5b9e4ec6b1ea" testId="9a2e1a77-821b-c2ba-a010-af51a5b0cd9a" testName="TestFreshPackageJsonParseFromResource" computerName="DESKTOP-RRA95A8" duration="00:00:00.0006538" startTime="2016-01-24T02:38:44.2465031-08:00" endTime="2016-01-24T02:38:44.2490106-08:00" testType="13cdc9d9-ddb5-4fa4-a97d-d965ccfc6d4b" outcome="Passed" testListId="8c84fa94-04c1-424b-9868-57a2d4851a1d" relativeResultsDirectory="38f3e7ad-06c5-4ab3-af0e-5b9e4ec6b1ea" />
    <UnitTestResult executionId="633b7739-15b4-4106-b63c-a5b832fdb1d1" testId="bb27d5b9-4e56-c5e1-74f6-236f92784c70" testName="TestFreshPackageParseFromFile" computerName="DESKTOP-RRA95A8" duration="00:00:00.0031215" startTime="2016-01-24T02:38:44.2520238-08:00" endTime="2016-01-24T02:38:44.2571128-08:00" testType="13cdc9d9-ddb5-4fa4-a97d-d965ccfc6d4b" outcome="Passed" testListId="8c84fa94-04c1-424b-9868-57a2d4851a1d" relativeResultsDirectory="633b7739-15b4-4106-b63c-a5b832fdb1d1" />
    <UnitTestResult executionId="d09f4b5e-6562-495f-9a1e-da5f32692404" testId="11f1b741-e871-7c90-f4d3-ecfcedfda3cb" testName="TestParseDoubleColon" computerName="DESKTOP-RRA95A8" duration="00:00:00.0095802" startTime="2016-01-24T02:38:44.2604777-08:00" endTime="2016-01-24T02:38:44.2720108-08:00" testType="13cdc9d9-ddb5-4fa4-a97d-d965ccfc6d4b" outcome="Passed" testListId="8c84fa94-04c1-424b-9868-57a2d4851a1d" relativeResultsDirectory="d09f4b5e-6562-495f-9a1e-da5f32692404" />
    <UnitTestResult executionId="a5dd24b9-b5cb-4063-a1f5-c78bbefbea9f" testId="73bdc766-4617-4c64-2405-71fbcc2e4d8d" testName="TestParseDoubleComma" computerName="DESKTOP-RRA95A8" duration="00:00:00.0048111" startTime="2016-01-24T02:38:44.2755200-08:00" endTime="2016-01-24T02:38:44.2825706-08:00" testType="13cdc9d9-ddb5-4fa4-a97d-d965ccfc6d4b" outcome="Passed" testListId="8c84fa94-04c1-424b-9868-57a2d4851a1d" relativeResultsDirectory="a5dd24b9-b5cb-4063-a1f5-c78bbefbea9f" />
    <UnitTestResult executionId="1a4e2d16-d2b5-4d8b-9fda-ecc31717fe5b" testId="9803970c-5983-c010-fed9-c88a185b5eaa" testName="TestParseDuplicateProperty" computerName="DESKTOP-RRA95A8" duration="00:00:00.0078739" startTime="2016-01-24T02:38:44.2860485-08:00" endTime="2016-01-24T02:38:44.2956050-08:00" testType="13cdc9d9-ddb5-4fa4-a97d-d965ccfc6d4b" outcome="Failed" testListId="8c84fa94-04c1-424b-9868-57a2d4851a1d" relativeResultsDirectory="1a4e2d16-d2b5-4d8b-9fda-ecc31717fe5b">
      <Output>
        <ErrorInfo>
          <Message>Test method NpmTests.ProblematicPackageJsonTests.TestParseDuplicateProperty did not throw expected exception Microsoft.NodejsTools.Npm.PackageJsonException.</Message>
        </ErrorInfo>
      </Output>
    </UnitTestResult>
    <UnitTestResult executionId="1e9c4e96-8f44-4d59-88fd-823cdde0b8ef" testId="08350966-d1ba-a24c-fb8d-35c788c71021" testName="TestParseLeadingBrace" computerName="DESKTOP-RRA95A8" duration="00:00:00.0035719" startTime="2016-01-24T02:38:44.3005865-08:00" endTime="2016-01-24T02:38:44.3061029-08:00" testType="13cdc9d9-ddb5-4fa4-a97d-d965ccfc6d4b" outcome="Passed" testListId="8c84fa94-04c1-424b-9868-57a2d4851a1d" relativeResultsDirectory="1e9c4e96-8f44-4d59-88fd-823cdde0b8ef" />
    <UnitTestResult executionId="c7298623-de50-41ae-bf5f-f13f912c1218" testId="7d18a086-ba1d-61e7-71c6-8cfec5d4766b" testName="TestParseLeadingLetter" computerName="DESKTOP-RRA95A8" duration="00:00:00.0041466" startTime="2016-01-24T02:38:44.3101471-08:00" endTime="2016-01-24T02:38:44.3161634-08:00" testType="13cdc9d9-ddb5-4fa4-a97d-d965ccfc6d4b" outcome="Passed" testListId="8c84fa94-04c1-424b-9868-57a2d4851a1d" relativeResultsDirectory="c7298623-de50-41ae-bf5f-f13f912c1218" />
    <UnitTestResult executionId="cc2a7946-bddb-460d-b3e4-6d1eaaf62a7d" testId="31e71473-ceba-aaa7-99af-8c53e14fcfa3" testName="TestParseLeadingSquareBrace" computerName="DESKTOP-RRA95A8" duration="00:00:00.0101816" startTime="2016-01-24T02:38:44.3201737-08:00" endTime="2016-01-24T02:38:44.3320201-08:00" testType="13cdc9d9-ddb5-4fa4-a97d-d965ccfc6d4b" outcome="Passed" testListId="8c84fa94-04c1-424b-9868-57a2d4851a1d" relativeResultsDirectory="cc2a7946-bddb-460d-b3e4-6d1eaaf62a7d" />
    <UnitTestResult executionId="c38dd8a1-09ec-4e2f-98a7-73c2791e59dc" testId="7a408984-97eb-1d15-98a6-50c774498209" testName="TestParseMissingColon" computerName="DESKTOP-RRA95A8" duration="00:00:00.0043895" startTime="2016-01-24T02:38:44.3365001-08:00" endTime="2016-01-24T02:38:44.3430186-08:00" testType="13cdc9d9-ddb5-4fa4-a97d-d965ccfc6d4b" outcome="Passed" testListId="8c84fa94-04c1-424b-9868-57a2d4851a1d" relativeResultsDirectory="c38dd8a1-09ec-4e2f-98a7-73c2791e59dc" />
    <UnitTestResult executionId="3ec18038-0e48-408c-a198-c5b638c02839" testId="3d84b318-e41f-b5ae-8259-50e0b5006c57" testName="TestParseMissingComma" computerName="DESKTOP-RRA95A8" duration="00:00:00.0056673" startTime="2016-01-24T02:38:44.3500389-08:00" endTime="2016-01-24T02:38:44.3585642-08:00" testType="13cdc9d9-ddb5-4fa4-a97d-d965ccfc6d4b" outcome="Passed" testListId="8c84fa94-04c1-424b-9868-57a2d4851a1d" relativeResultsDirectory="3ec18038-0e48-408c-a198-c5b638c02839" />
    <UnitTestResult executionId="af69ba3d-ee66-45a6-8dbb-6ab67e20dce0" testId="af1f6268-92c2-05ff-fc09-0d07feebb2b4" testName="TestParseMissingLeadingBrace" computerName="DESKTOP-RRA95A8" duration="00:00:00.0036645" startTime="2016-01-24T02:38:44.3655790-08:00" endTime="2016-01-24T02:38:44.3719039-08:00" testType="13cdc9d9-ddb5-4fa4-a97d-d965ccfc6d4b" outcome="Passed" testListId="8c84fa94-04c1-424b-9868-57a2d4851a1d" relativeResultsDirectory="af69ba3d-ee66-45a6-8dbb-6ab67e20dce0" />
    <UnitTestResult executionId="81f1d7ee-8218-449f-ab51-414a2d2a9d08" testId="ddefb7bf-518f-c469-a303-09e9f6980668" testName="TestParseMissingLeadingListBrace" computerName="DESKTOP-RRA95A8" duration="00:00:00.0046834" startTime="2016-01-24T02:38:44.3749099-08:00" endTime="2016-01-24T02:38:44.3814280-08:00" testType="13cdc9d9-ddb5-4fa4-a97d-d965ccfc6d4b" outcome="Passed" testListId="8c84fa94-04c1-424b-9868-57a2d4851a1d" relativeResultsDirectory="81f1d7ee-8218-449f-ab51-414a2d2a9d08" />
    <UnitTestResult executionId="ac3882a2-ee57-4e3e-90fd-c7200aae1cf1" testId="40243725-2f8d-ba09-a442-192d1e6ae173" testName="TestParseMissingLeadingPropNameQuote" computerName="DESKTOP-RRA95A8" duration="00:00:00.0041853" startTime="2016-01-24T02:38:44.3849365-08:00" endTime="2016-01-24T02:38:44.3911903-08:00" testType="13cdc9d9-ddb5-4fa4-a97d-d965ccfc6d4b" outcome="Passed" testListId="8c84fa94-04c1-424b-9868-57a2d4851a1d" relativeResultsDirectory="ac3882a2-ee57-4e3e-90fd-c7200aae1cf1" />
    <UnitTestResult executionId="f195176f-817f-4517-bf76-ff2469a5a1b9" testId="910a85b6-b866-b40b-af66-7bbf7e1d238a" testName="TestParseMissingOnePropNameQuote" computerName="DESKTOP-RRA95A8" duration="00:00:00.0037801" startTime="2016-01-24T02:38:44.3946660-08:00" endTime="2016-01-24T02:38:44.4006834-08:00" testType="13cdc9d9-ddb5-4fa4-a97d-d965ccfc6d4b" outcome="Passed" testListId="8c84fa94-04c1-424b-9868-57a2d4851a1d" relativeResultsDirectory="f195176f-817f-4517-bf76-ff2469a5a1b9" />
    <UnitTestResult executionId="1206ba0a-610e-447f-9ad2-326dc3edfa40" testId="10bac0d7-3d7d-994a-b097-f8df16017c50" testName="TestParseMissingPropNameQuotes" computerName="DESKTOP-RRA95A8" duration="00:00:00.0030424" startTime="2016-01-24T02:38:44.4036894-08:00" endTime="2016-01-24T02:38:44.4082073-08:00" testType="13cdc9d9-ddb5-4fa4-a97d-d965ccfc6d4b" outcome="Passed" testListId="8c84fa94-04c1-424b-9868-57a2d4851a1d" relativeResultsDirectory="1206ba0a-610e-447f-9ad2-326dc3edfa40" />
    <UnitTestResult executionId="0be2a368-a513-4651-9bb6-4b773a2f777f" testId="970472ec-ea9b-ff60-f4d4-bfc3ed02d343" testName="TestParseMissingTrailingBrace" computerName="DESKTOP-RRA95A8" duration="00:00:00.0097330" startTime="2016-01-24T02:38:44.4122125-08:00" endTime="2016-01-24T02:38:44.4247383-08:00" testType="13cdc9d9-ddb5-4fa4-a97d-d965ccfc6d4b" outcome="Failed" testListId="8c84fa94-04c1-424b-9868-57a2d4851a1d" relativeResultsDirectory="0be2a368-a513-4651-9bb6-4b773a2f777f">
      <Output>
        <ErrorInfo>
          <Message>Test method NpmTests.ProblematicPackageJsonTests.TestParseMissingTrailingBrace threw exception: 
Microsoft.NodejsTools.Npm.PackageJsonException: Error reading package.json at 'NpmPackageJsonData\fresh_package_missingtrailingbrace.json': Unable to read package.json. Please ensure the file is valid JSON.

Reading failed because the following error occurred:

Unexpected end when deserializing object. Path '_from', line 29, position 1. ---&gt; Microsoft.NodejsTools.Npm.PackageJsonException: Unable to read package.json. Please ensure the file is valid JSON.

Reading failed because the following error occurred:

Unexpected end when deserializing object. Path '_from', line 29, position 1. ---&gt; Newtonsoft.Json.JsonSerializationException: Unexpected end when deserializing object. Path '_from', line 29, position 1.</Message>
          <StackTrace>    at Newtonsoft.Json.Serialization.JsonSerializerInternalReader.CreateJObject(JsonReader reader)
   at Newtonsoft.Json.Serialization.JsonSerializerInternalReader.CreateObject(JsonReader reader, Type objectType, JsonContract contract, JsonProperty member, JsonContainerContract containerContract, JsonProperty containerMember, Object existingValue)
   at Newtonsoft.Json.Serialization.JsonSerializerInternalReader.CreateValueInternal(JsonReader reader, Type objectType, JsonContract contract, JsonProperty member, JsonContainerContract containerContract, JsonProperty containerMember, Object existingValue)
   at Newtonsoft.Json.Serialization.JsonSerializerInternalReader.Deserialize(JsonReader reader, Type objectType, Boolean checkAdditionalContent)
   at Newtonsoft.Json.JsonSerializer.DeserializeInternal(JsonReader reader, Type objectType)
   at Newtonsoft.Json.JsonConvert.DeserializeObject(String value, Type type, JsonSerializerSettings settings)
   at Microsoft.NodejsTools.Npm.ReaderPackageJsonSource..ctor(TextReader reader) in C:\src\nodejstools\Nodejs\Product\Npm\ReaderPackageJsonSource.cs:line 26
 --- End of inner exception stack trace ---
    at Microsoft.NodejsTools.Npm.ReaderPackageJsonSource.WrapExceptionAndRethrow(Exception ex) in C:\src\nodejstools\Nodejs\Product\Npm\ReaderPackageJsonSource.cs:line 54
   at Microsoft.NodejsTools.Npm.ReaderPackageJsonSource..ctor(TextReader reader) in C:\src\nodejstools\Nodejs\Product\Npm\ReaderPackageJsonSource.cs:line 38
   at Microsoft.NodejsTools.Npm.FilePackageJsonSource..ctor(String fullPathToFile) in C:\src\nodejstools\Nodejs\Product\Npm\FilePackageJsonSource.cs:line 36
 --- End of inner exception stack trace ---
    at Microsoft.NodejsTools.Npm.FilePackageJsonSource.WrapExceptionAndRethrow(String fullPathToFile, Exception ex) in C:\src\nodejstools\Nodejs\Product\Npm\FilePackageJsonSource.cs:line 56
   at Microsoft.NodejsTools.Npm.FilePackageJsonSource..ctor(String fullPathToFile) in C:\src\nodejstools\Nodejs\Product\Npm\FilePackageJsonSource.cs:line 39
   at NpmTests.ProblematicPackageJsonTests.TestParseFromFile(String filename) in C:\src\nodejstools\Nodejs\Tests\NpmTests\ProblematicPackageJsonTests.cs:line 39
   at NpmTests.ProblematicPackageJsonTests.TestFreshPackage(String suffix) in C:\src\nodejstools\Nodejs\Tests\NpmTests\ProblematicPackageJsonTests.cs:line 51
   at NpmTests.ProblematicPackageJsonTests.TestParseMissingTrailingBrace() in C:\src\nodejstools\Nodejs\Tests\NpmTests\ProblematicPackageJsonTests.cs:line 133
</StackTrace>
        </ErrorInfo>
      </Output>
    </UnitTestResult>
    <UnitTestResult executionId="e346d8c2-5656-4dd1-8b9b-5dca9e8fabfc" testId="36faaf9f-e571-58d2-5e8f-553ec99e6043" testName="TestParseMissingTrailingListBrace" computerName="DESKTOP-RRA95A8" duration="00:00:00.0045777" startTime="2016-01-24T02:38:44.4302543-08:00" endTime="2016-01-24T02:38:44.4362827-08:00" testType="13cdc9d9-ddb5-4fa4-a97d-d965ccfc6d4b" outcome="Failed" testListId="8c84fa94-04c1-424b-9868-57a2d4851a1d" relativeResultsDirectory="e346d8c2-5656-4dd1-8b9b-5dca9e8fabfc">
      <Output>
        <ErrorInfo>
          <Message>Test method NpmTests.ProblematicPackageJsonTests.TestParseMissingTrailingListBrace threw exception: 
Microsoft.NodejsTools.Npm.PackageJsonException: Error reading package.json at 'NpmPackageJsonData\fresh_package_missingtrailinglistbrace.json': Unable to read package.json. Please ensure the file is valid JSON.

Reading failed because the following error occurred:

Unexpected end when deserializing object. Path 'devDependencies', line 29, position 1. ---&gt; Microsoft.NodejsTools.Npm.PackageJsonException: Unable to read package.json. Please ensure the file is valid JSON.

Reading failed because the following error occurred:

Unexpected end when deserializing object. Path 'devDependencies', line 29, position 1. ---&gt; Newtonsoft.Json.JsonSerializationException: Unexpected end when deserializing object. Path 'devDependencies', line 29, position 1.</Message>
          <StackTrace>    at Newtonsoft.Json.Serialization.JsonSerializerInternalReader.CreateJObject(JsonReader reader)
   at Newtonsoft.Json.Serialization.JsonSerializerInternalReader.CreateObject(JsonReader reader, Type objectType, JsonContract contract, JsonProperty member, JsonContainerContract containerContract, JsonProperty containerMember, Object existingValue)
   at Newtonsoft.Json.Serialization.JsonSerializerInternalReader.CreateValueInternal(JsonReader reader, Type objectType, JsonContract contract, JsonProperty member, JsonContainerContract containerContract, JsonProperty containerMember, Object existingValue)
   at Newtonsoft.Json.Serialization.JsonSerializerInternalReader.Deserialize(JsonReader reader, Type objectType, Boolean checkAdditionalContent)
   at Newtonsoft.Json.JsonSerializer.DeserializeInternal(JsonReader reader, Type objectType)
   at Newtonsoft.Json.JsonConvert.DeserializeObject(String value, Type type, JsonSerializerSettings settings)
   at Microsoft.NodejsTools.Npm.ReaderPackageJsonSource..ctor(TextReader reader) in C:\src\nodejstools\Nodejs\Product\Npm\ReaderPackageJsonSource.cs:line 26
 --- End of inner exception stack trace ---
    at Microsoft.NodejsTools.Npm.ReaderPackageJsonSource.WrapExceptionAndRethrow(Exception ex) in C:\src\nodejstools\Nodejs\Product\Npm\ReaderPackageJsonSource.cs:line 54
   at Microsoft.NodejsTools.Npm.ReaderPackageJsonSource..ctor(TextReader reader) in C:\src\nodejstools\Nodejs\Product\Npm\ReaderPackageJsonSource.cs:line 38
   at Microsoft.NodejsTools.Npm.FilePackageJsonSource..ctor(String fullPathToFile) in C:\src\nodejstools\Nodejs\Product\Npm\FilePackageJsonSource.cs:line 36
 --- End of inner exception stack trace ---
    at Microsoft.NodejsTools.Npm.FilePackageJsonSource.WrapExceptionAndRethrow(String fullPathToFile, Exception ex) in C:\src\nodejstools\Nodejs\Product\Npm\FilePackageJsonSource.cs:line 56
   at Microsoft.NodejsTools.Npm.FilePackageJsonSource..ctor(String fullPathToFile) in C:\src\nodejstools\Nodejs\Product\Npm\FilePackageJsonSource.cs:line 39
   at NpmTests.ProblematicPackageJsonTests.TestParseFromFile(String filename) in C:\src\nodejstools\Nodejs\Tests\NpmTests\ProblematicPackageJsonTests.cs:line 39
   at NpmTests.ProblematicPackageJsonTests.TestFreshPackage(String suffix) in C:\src\nodejstools\Nodejs\Tests\NpmTests\ProblematicPackageJsonTests.cs:line 51
   at NpmTests.ProblematicPackageJsonTests.TestParseMissingTrailingListBrace() in C:\src\nodejstools\Nodejs\Tests\NpmTests\ProblematicPackageJsonTests.cs:line 138
</StackTrace>
        </ErrorInfo>
      </Output>
    </UnitTestResult>
    <UnitTestResult executionId="a1300b17-0f44-4dae-b629-99feecbef7ae" testId="151408db-bfb9-188e-1f4e-394cf16a8ffc" testName="TestParseUnescapedQuote" computerName="DESKTOP-RRA95A8" duration="00:00:00.0041160" startTime="2016-01-24T02:38:44.4393124-08:00" endTime="2016-01-24T02:38:44.4459793-08:00" testType="13cdc9d9-ddb5-4fa4-a97d-d965ccfc6d4b" outcome="Passed" testListId="8c84fa94-04c1-424b-9868-57a2d4851a1d" relativeResultsDirectory="a1300b17-0f44-4dae-b629-99feecbef7ae" />
    <UnitTestResult executionId="2975d037-c2c6-46c7-bb2c-d94cdbe02603" testId="d28dcb1e-d821-f39a-d2eb-3734eca44c7d" testName="TestParseCppStyleComment_WorkItem563" computerName="DESKTOP-RRA95A8" duration="00:00:00.0017179" startTime="2016-01-24T02:38:44.4490229-08:00" endTime="2016-01-24T02:38:44.4535073-08:00" testType="13cdc9d9-ddb5-4fa4-a97d-d965ccfc6d4b" outcome="Passed" testListId="8c84fa94-04c1-424b-9868-57a2d4851a1d" relativeResultsDirectory="2975d037-c2c6-46c7-bb2c-d94cdbe02603" />
    <UnitTestResult executionId="0718367e-c712-4bfc-9f8e-75ee98bdc7e9" testId="f70dfc68-2357-a302-29c1-fb22c760ce6d" testName="TestParseFromEveryCharValue" computerName="DESKTOP-RRA95A8" duration="00:00:09.7480204" startTime="2016-01-24T02:38:44.4569793-08:00" endTime="2016-01-24T02:38:54.2068494-08:00" testType="13cdc9d9-ddb5-4fa4-a97d-d965ccfc6d4b" outcome="Passed" testListId="8c84fa94-04c1-424b-9868-57a2d4851a1d" relativeResultsDirectory="0718367e-c712-4bfc-9f8e-75ee98bdc7e9" />
    <UnitTestResult executionId="9a931188-c63c-45e1-b5fc-60f5a506049a" testId="003c64c8-4a86-0276-8750-0a42d21f0ace" testName="VeryEvilRandom1CharCorruptionTest" computerName="DESKTOP-RRA95A8" duration="00:00:03.7903304" startTime="2016-01-24T02:38:54.2127064-08:00" endTime="2016-01-24T02:38:58.0056340-08:00" testType="13cdc9d9-ddb5-4fa4-a97d-d965ccfc6d4b" outcome="Passed" testListId="8c84fa94-04c1-424b-9868-57a2d4851a1d" relativeResultsDirectory="9a931188-c63c-45e1-b5fc-60f5a506049a" />
    <UnitTestResult executionId="d3ee4f1e-b873-4193-be01-89e92f091864" testId="11488d0f-449b-9c31-fe94-50d4efa3bf59" testName="VeryEvilRandom1CharInsertionTest" computerName="DESKTOP-RRA95A8" duration="00:00:20.9823965" startTime="2016-01-24T02:38:58.0095597-08:00" endTime="2016-01-24T02:39:18.9946092-08:00" testType="13cdc9d9-ddb5-4fa4-a97d-d965ccfc6d4b" outcome="Passed" testListId="8c84fa94-04c1-424b-9868-57a2d4851a1d" relativeResultsDirectory="d3ee4f1e-b873-4193-be01-89e92f091864" />
    <UnitTestResult executionId="4447e313-6469-4fff-a55f-44b237c60c0d" testId="2c869f34-4318-af79-faa5-9b54b43dcc4c" testName="TestBasicMajorMinorPatchVersion" computerName="DESKTOP-RRA95A8" duration="00:00:00.0002953" startTime="2016-01-24T02:39:18.9985346-08:00" endTime="2016-01-24T02:39:19.0014786-08:00" testType="13cdc9d9-ddb5-4fa4-a97d-d965ccfc6d4b" outcome="Passed" testListId="8c84fa94-04c1-424b-9868-57a2d4851a1d" relativeResultsDirectory="4447e313-6469-4fff-a55f-44b237c60c0d" />
    <UnitTestResult executionId="0d48c4a9-a01b-4d07-a060-21ccf23053c2" testId="b46ff703-3873-e0c8-0a82-158d90372b0d" testName="TestNegativeMajorVersionFails" computerName="DESKTOP-RRA95A8" duration="00:00:00.0018911" startTime="2016-01-24T02:39:19.0108794-08:00" endTime="2016-01-24T02:39:19.0194055-08:00" testType="13cdc9d9-ddb5-4fa4-a97d-d965ccfc6d4b" outcome="Passed" testListId="8c84fa94-04c1-424b-9868-57a2d4851a1d" relativeResultsDirectory="0d48c4a9-a01b-4d07-a060-21ccf23053c2" />
    <UnitTestResult executionId="878dd5ea-9bbd-4a97-9fa8-fe1b853c3fea" testId="1e17b633-d46d-7c5b-1a51-489946f340c9" testName="TestNegativeMinorVersionFails" computerName="DESKTOP-RRA95A8" duration="00:00:00.0005090" startTime="2016-01-24T02:39:19.0278221-08:00" endTime="2016-01-24T02:39:19.0297851-08:00" testType="13cdc9d9-ddb5-4fa4-a97d-d965ccfc6d4b" outcome="Passed" testListId="8c84fa94-04c1-424b-9868-57a2d4851a1d" relativeResultsDirectory="878dd5ea-9bbd-4a97-9fa8-fe1b853c3fea" />
    <UnitTestResult executionId="84830cff-15f9-4229-bc28-5c5fcc2dc5ae" testId="e12063d4-6699-bcf4-224b-2217971f75b3" testName="TestNegativePatchVersionFails" computerName="DESKTOP-RRA95A8" duration="00:00:00.0005320" startTime="2016-01-24T02:39:19.0337101-08:00" endTime="2016-01-24T02:39:19.0366552-08:00" testType="13cdc9d9-ddb5-4fa4-a97d-d965ccfc6d4b" outcome="Passed" testListId="8c84fa94-04c1-424b-9868-57a2d4851a1d" relativeResultsDirectory="84830cff-15f9-4229-bc28-5c5fcc2dc5ae" />
    <UnitTestResult executionId="15098d35-134f-43fa-a82d-8a8d6b452082" testId="0a65a0bf-d30d-50fa-f95e-6135820f9f1a" testName="TestNonNumericMajorVersionFails" computerName="DESKTOP-RRA95A8" duration="00:00:00.0007665" startTime="2016-01-24T02:39:19.0415604-08:00" endTime="2016-01-24T02:39:19.0445047-08:00" testType="13cdc9d9-ddb5-4fa4-a97d-d965ccfc6d4b" outcome="Passed" testListId="8c84fa94-04c1-424b-9868-57a2d4851a1d" relativeResultsDirectory="15098d35-134f-43fa-a82d-8a8d6b452082" />
    <UnitTestResult executionId="4197eee0-ead1-4356-bffa-e8d670580803" testId="b3338a60-f811-3a94-fd8a-d0e401935d51" testName="TestNonNumericMinorVersionFails" computerName="DESKTOP-RRA95A8" duration="00:00:00.0006775" startTime="2016-01-24T02:39:19.0474553-08:00" endTime="2016-01-24T02:39:19.0503931-08:00" testType="13cdc9d9-ddb5-4fa4-a97d-d965ccfc6d4b" outcome="Passed" testListId="8c84fa94-04c1-424b-9868-57a2d4851a1d" relativeResultsDirectory="4197eee0-ead1-4356-bffa-e8d670580803" />
    <UnitTestResult executionId="971e301e-0aa2-4820-8dbd-698ceab4876c" testId="bbe92c24-4cc1-c504-4716-b4cd468f2bef" testName="TestNonNumericPatchVersionFails" computerName="DESKTOP-RRA95A8" duration="00:00:00.0005393" startTime="2016-01-24T02:39:19.0552998-08:00" endTime="2016-01-24T02:39:19.0572621-08:00" testType="13cdc9d9-ddb5-4fa4-a97d-d965ccfc6d4b" outcome="Passed" testListId="8c84fa94-04c1-424b-9868-57a2d4851a1d" relativeResultsDirectory="971e301e-0aa2-4820-8dbd-698ceab4876c" />
    <UnitTestResult executionId="19ae424e-6a1a-4282-bb19-a67f862d562e" testId="8dec194b-9e62-4893-54fd-16f609ca0d66" testName="TestAlphaPreRelease" computerName="DESKTOP-RRA95A8" duration="00:00:00.0001538" startTime="2016-01-24T02:39:19.0602057-08:00" endTime="2016-01-24T02:39:19.0621687-08:00" testType="13cdc9d9-ddb5-4fa4-a97d-d965ccfc6d4b" outcome="Passed" testListId="8c84fa94-04c1-424b-9868-57a2d4851a1d" relativeResultsDirectory="19ae424e-6a1a-4282-bb19-a67f862d562e" />
    <UnitTestResult executionId="b843790f-8f22-46ee-bb01-21533ae4ef06" testId="d069fe4a-af4a-a344-edaf-992c43119212" testName="TestNumericPreRelease" computerName="DESKTOP-RRA95A8" duration="00:00:00.0001673" startTime="2016-01-24T02:39:19.0651120-08:00" endTime="2016-01-24T02:39:19.0670761-08:00" testType="13cdc9d9-ddb5-4fa4-a97d-d965ccfc6d4b" outcome="Passed" testListId="8c84fa94-04c1-424b-9868-57a2d4851a1d" relativeResultsDirectory="b843790f-8f22-46ee-bb01-21533ae4ef06" />
    <UnitTestResult executionId="7aafae59-a5fe-49b3-bf02-8a70da28114e" testId="b8b20976-fcf8-aa4a-f9e3-c2966050d18c" testName="TestPreReleaseHyphenatedIdentifier" computerName="DESKTOP-RRA95A8" duration="00:00:00.0002173" startTime="2016-01-24T02:39:19.0710000-08:00" endTime="2016-01-24T02:39:19.0739443-08:00" testType="13cdc9d9-ddb5-4fa4-a97d-d965ccfc6d4b" outcome="Passed" testListId="8c84fa94-04c1-424b-9868-57a2d4851a1d" relativeResultsDirectory="7aafae59-a5fe-49b3-bf02-8a70da28114e" />
    <UnitTestResult executionId="1ec663ac-0af7-4e84-badb-c7eeae69ab82" testId="f115463b-6e94-e2d1-7771-08f6267565d7" testName="TestPreReleaseHyphenatedIdentifierWithoutVersion" computerName="DESKTOP-RRA95A8" duration="00:00:00.0001586" startTime="2016-01-24T02:39:19.0768883-08:00" endTime="2016-01-24T02:39:19.0788536-08:00" testType="13cdc9d9-ddb5-4fa4-a97d-d965ccfc6d4b" outcome="Passed" testListId="8c84fa94-04c1-424b-9868-57a2d4851a1d" relativeResultsDirectory="1ec663ac-0af7-4e84-badb-c7eeae69ab82" />
    <UnitTestResult executionId="42c194a5-a746-4763-afe2-801afa7c343f" testId="e7fa4b72-03ea-300a-6421-bd4543624ee5" testName="TestPreReleaseAndBuildMetadata" computerName="DESKTOP-RRA95A8" duration="00:00:00.0001841" startTime="2016-01-24T02:39:19.0817950-08:00" endTime="2016-01-24T02:39:19.0837595-08:00" testType="13cdc9d9-ddb5-4fa4-a97d-d965ccfc6d4b" outcome="Passed" testListId="8c84fa94-04c1-424b-9868-57a2d4851a1d" relativeResultsDirectory="42c194a5-a746-4763-afe2-801afa7c343f" />
    <UnitTestResult executionId="083c4205-1b57-4163-8143-d98c19a448cf" testId="df70ad9d-18a0-9408-48d1-0c092e7b4036" testName="TestBuildMetadataOnly" computerName="DESKTOP-RRA95A8" duration="00:00:00.0001557" startTime="2016-01-24T02:39:19.0867017-08:00" endTime="2016-01-24T02:39:19.0886651-08:00" testType="13cdc9d9-ddb5-4fa4-a97d-d965ccfc6d4b" outcome="Passed" testListId="8c84fa94-04c1-424b-9868-57a2d4851a1d" relativeResultsDirectory="083c4205-1b57-4163-8143-d98c19a448cf" />
    <UnitTestResult executionId="041c8306-f3a9-4ead-b371-ea4f3ed50bc8" testId="2c5a31cc-0b19-38a8-7ac0-3ba3604d198b" testName="NewProfilingSession" computerName="DESKTOP-RRA95A8" duration="00:00:00.0843745" startTime="2016-01-24T02:39:34.7522370-08:00" endTime="2016-01-24T02:39:37.6273660-08:00" testType="13cdc9d9-ddb5-4fa4-a97d-d965ccfc6d4b" outcome="Failed" testListId="8c84fa94-04c1-424b-9868-57a2d4851a1d" relativeResultsDirectory="041c8306-f3a9-4ead-b371-ea4f3ed50bc8">
      <Output>
        <ErrorInfo>
          <Message>Test method ProfilingUITests.ProfilingTests.NewProfilingSession threw exception: 
System.NullReferenceException: Object reference not set to an instance of an object.</Message>
          <StackTrace>    at ProfilingUITests.ProfilingTests.JustMyCodeSetting..ctor(Boolean enabled) in C:\src\nodejstools\Nodejs\Tests\Profiling.UI\ProfilingTests.cs:line 1552
   at ProfilingUITests.ProfilingTests.NewProfilingSession() in C:\src\nodejstools\Nodejs\Tests\Profiling.UI\ProfilingTests.cs:line 161
</StackTrace>
        </ErrorInfo>
      </Output>
    </UnitTestResult>
    <UnitTestResult executionId="b75f0ba1-a4fd-494a-a9df-de60aaccc015" testId="eb8e744e-b877-b982-6451-f22819f58eb1" testName="TestStartAnalysisDebugMenu" computerName="DESKTOP-RRA95A8" duration="00:00:00.0041743" startTime="2016-01-24T02:39:37.6464169-08:00" endTime="2016-01-24T02:39:38.2821067-08:00" testType="13cdc9d9-ddb5-4fa4-a97d-d965ccfc6d4b" outcome="Failed" testListId="8c84fa94-04c1-424b-9868-57a2d4851a1d" relativeResultsDirectory="b75f0ba1-a4fd-494a-a9df-de60aaccc015">
      <Output>
        <ErrorInfo>
          <Message>Test method ProfilingUITests.ProfilingTests.TestStartAnalysisDebugMenu threw exception: 
System.NullReferenceException: Object reference not set to an instance of an object.</Message>
          <StackTrace>    at ProfilingUITests.ProfilingTests.JustMyCodeSetting..ctor(Boolean enabled) in C:\src\nodejstools\Nodejs\Tests\Profiling.UI\ProfilingTests.cs:line 1552
   at ProfilingUITests.ProfilingTests.TestStartAnalysisDebugMenu() in C:\src\nodejstools\Nodejs\Tests\Profiling.UI\ProfilingTests.cs:line 224
</StackTrace>
        </ErrorInfo>
      </Output>
    </UnitTestResult>
    <UnitTestResult executionId="7a153d20-aa74-48ea-a0ed-c7204dd58182" testId="f8b0b4c1-8d0a-e14e-c049-36cba8cbaa34" testName="TestStartAnalysisDebugMenuNoProject" computerName="DESKTOP-RRA95A8" duration="00:00:00.0046925" startTime="2016-01-24T02:39:38.2886241-08:00" endTime="2016-01-24T02:39:38.9101286-08:00" testType="13cdc9d9-ddb5-4fa4-a97d-d965ccfc6d4b" outcome="Failed" testListId="8c84fa94-04c1-424b-9868-57a2d4851a1d" relativeResultsDirectory="7a153d20-aa74-48ea-a0ed-c7204dd58182">
      <Output>
        <ErrorInfo>
          <Message>Test method ProfilingUITests.ProfilingTests.TestStartAnalysisDebugMenuNoProject threw exception: 
System.NullReferenceException: Object reference not set to an instance of an object.</Message>
          <StackTrace>    at ProfilingUITests.ProfilingTests.JustMyCodeSetting..ctor(Boolean enabled) in C:\src\nodejstools\Nodejs\Tests\Profiling.UI\ProfilingTests.cs:line 1552
   at ProfilingUITests.ProfilingTests.TestStartAnalysisDebugMenuNoProject() in C:\src\nodejstools\Nodejs\Tests\Profiling.UI\ProfilingTests.cs:line 257
</StackTrace>
        </ErrorInfo>
      </Output>
    </UnitTestResult>
    <UnitTestResult executionId="613c848d-9e37-48aa-b03b-76f8463cbf55" testId="2d39e397-748d-e4b3-ea2c-770c654017b2" testName="LaunchNewProfilingSession" computerName="DESKTOP-RRA95A8" duration="00:00:00.0047079" startTime="2016-01-24T02:39:38.9161442-08:00" endTime="2016-01-24T02:39:39.4176655-08:00" testType="13cdc9d9-ddb5-4fa4-a97d-d965ccfc6d4b" outcome="Failed" testListId="8c84fa94-04c1-424b-9868-57a2d4851a1d" relativeResultsDirectory="613c848d-9e37-48aa-b03b-76f8463cbf55">
      <Output>
        <ErrorInfo>
          <Message>Test method ProfilingUITests.ProfilingTests.LaunchNewProfilingSession threw exception: 
System.NullReferenceException: Object reference not set to an instance of an object.</Message>
          <StackTrace>    at ProfilingUITests.ProfilingTests.JustMyCodeSetting..ctor(Boolean enabled) in C:\src\nodejstools\Nodejs\Tests\Profiling.UI\ProfilingTests.cs:line 1552
   at ProfilingUITests.ProfilingTests.LaunchNewProfilingSession() in C:\src\nodejstools\Nodejs\Tests\Profiling.UI\ProfilingTests.cs:line 277
</StackTrace>
        </ErrorInfo>
      </Output>
    </UnitTestResult>
    <UnitTestResult executionId="e8140825-fe21-485e-8757-6a140e30279f" testId="dbf38a5b-eb06-0f9e-5343-b2fa38e50b82" testName="TestMultipleSessions" computerName="DESKTOP-RRA95A8" duration="00:00:00.0039931" startTime="2016-01-24T02:39:39.4323858-08:00" endTime="2016-01-24T02:39:40.0303073-08:00" testType="13cdc9d9-ddb5-4fa4-a97d-d965ccfc6d4b" outcome="Failed" testListId="8c84fa94-04c1-424b-9868-57a2d4851a1d" relativeResultsDirectory="e8140825-fe21-485e-8757-6a140e30279f">
      <Output>
        <ErrorInfo>
          <Message>Test method ProfilingUITests.ProfilingTests.TestMultipleSessions threw exception: 
System.NullReferenceException: Object reference not set to an instance of an object.</Message>
          <StackTrace>    at ProfilingUITests.ProfilingTests.JustMyCodeSetting..ctor(Boolean enabled) in C:\src\nodejstools\Nodejs\Tests\Profiling.UI\ProfilingTests.cs:line 1552
   at ProfilingUITests.ProfilingTests.TestMultipleSessions() in C:\src\nodejstools\Nodejs\Tests\Profiling.UI\ProfilingTests.cs:line 349
</StackTrace>
        </ErrorInfo>
      </Output>
    </UnitTestResult>
    <UnitTestResult executionId="c7fce297-fa06-403a-b753-b7a07caec01c" testId="c53b4648-fee0-b980-9e86-bce3ab08b5c5" testName="TestMultipleSessions2" computerName="DESKTOP-RRA95A8" duration="00:00:00.0034162" startTime="2016-01-24T02:39:40.0333148-08:00" endTime="2016-01-24T02:39:40.4533184-08:00" testType="13cdc9d9-ddb5-4fa4-a97d-d965ccfc6d4b" outcome="Failed" testListId="8c84fa94-04c1-424b-9868-57a2d4851a1d" relativeResultsDirectory="c7fce297-fa06-403a-b753-b7a07caec01c">
      <Output>
        <ErrorInfo>
          <Message>Test method ProfilingUITests.ProfilingTests.TestMultipleSessions2 threw exception: 
System.NullReferenceException: Object reference not set to an instance of an object.</Message>
          <StackTrace>    at ProfilingUITests.ProfilingTests.JustMyCodeSetting..ctor(Boolean enabled) in C:\src\nodejstools\Nodejs\Tests\Profiling.UI\ProfilingTests.cs:line 1552
   at ProfilingUITests.ProfilingTests.TestMultipleSessions2() in C:\src\nodejstools\Nodejs\Tests\Profiling.UI\ProfilingTests.cs:line 422
</StackTrace>
        </ErrorInfo>
      </Output>
    </UnitTestResult>
    <UnitTestResult executionId="3496c5ab-e54b-4660-a739-85dc81bef4db" testId="72393cfa-d098-2c01-102a-4198f5b33d37" testName="NewProfilingSessionOpenSolution" computerName="DESKTOP-RRA95A8" duration="00:00:00.0303822" startTime="2016-01-24T02:39:40.4572451-08:00" endTime="2016-01-24T02:39:41.0128793-08:00" testType="13cdc9d9-ddb5-4fa4-a97d-d965ccfc6d4b" outcome="Failed" testListId="8c84fa94-04c1-424b-9868-57a2d4851a1d" relativeResultsDirectory="3496c5ab-e54b-4660-a739-85dc81bef4db">
      <Output>
        <ErrorInfo>
          <Message>Test method ProfilingUITests.ProfilingTests.NewProfilingSessionOpenSolution threw exception: 
System.NullReferenceException: Object reference not set to an instance of an object.</Message>
          <StackTrace>    at ProfilingUITests.ProfilingTests.JustMyCodeSetting..ctor(Boolean enabled) in C:\src\nodejstools\Nodejs\Tests\Profiling.UI\ProfilingTests.cs:line 1552
   at ProfilingUITests.ProfilingTests.NewProfilingSessionOpenSolution() in C:\src\nodejstools\Nodejs\Tests\Profiling.UI\ProfilingTests.cs:line 490
</StackTrace>
        </ErrorInfo>
      </Output>
    </UnitTestResult>
    <UnitTestResult executionId="53a99845-41b1-4363-817e-f67dc55b67a2" testId="f0ea267b-b8c7-573f-4c8a-a9954e5529e8" testName="LaunchNodejsProfilingWizard" computerName="DESKTOP-RRA95A8" duration="00:00:00.0043618" startTime="2016-01-24T02:39:41.0493789-08:00" endTime="2016-01-24T02:39:41.7527483-08:00" testType="13cdc9d9-ddb5-4fa4-a97d-d965ccfc6d4b" outcome="Failed" testListId="8c84fa94-04c1-424b-9868-57a2d4851a1d" relativeResultsDirectory="53a99845-41b1-4363-817e-f67dc55b67a2">
      <Output>
        <ErrorInfo>
          <Message>Test method ProfilingUITests.ProfilingTests.LaunchNodejsProfilingWizard threw exception: 
System.NullReferenceException: Object reference not set to an instance of an object.</Message>
          <StackTrace>    at ProfilingUITests.ProfilingTests.JustMyCodeSetting..ctor(Boolean enabled) in C:\src\nodejstools\Nodejs\Tests\Profiling.UI\ProfilingTests.cs:line 1552
   at ProfilingUITests.ProfilingTests.LaunchNodejsProfilingWizard() in C:\src\nodejstools\Nodejs\Tests\Profiling.UI\ProfilingTests.cs:line 550
</StackTrace>
        </ErrorInfo>
      </Output>
    </UnitTestResult>
    <UnitTestResult executionId="ae5c933b-2ea2-4d48-b151-0dd854b7712f" testId="c2a5f3be-cac0-e31f-a956-16031d76302d" testName="LaunchProject" computerName="DESKTOP-RRA95A8" duration="00:00:00.0039424" startTime="2016-01-24T02:39:41.7587646-08:00" endTime="2016-01-24T02:39:42.6035103-08:00" testType="13cdc9d9-ddb5-4fa4-a97d-d965ccfc6d4b" outcome="Failed" testListId="8c84fa94-04c1-424b-9868-57a2d4851a1d" relativeResultsDirectory="ae5c933b-2ea2-4d48-b151-0dd854b7712f">
      <Output>
        <ErrorInfo>
          <Message>Test method ProfilingUITests.ProfilingTests.LaunchProject threw exception: 
System.NullReferenceException: Object reference not set to an instance of an object.</Message>
          <StackTrace>    at ProfilingUITests.ProfilingTests.JustMyCodeSetting..ctor(Boolean enabled) in C:\src\nodejstools\Nodejs\Tests\Profiling.UI\ProfilingTests.cs:line 1552
   at ProfilingUITests.ProfilingTests.LaunchProject() in C:\src\nodejstools\Nodejs\Tests\Profiling.UI\ProfilingTests.cs:line 597
</StackTrace>
        </ErrorInfo>
      </Output>
    </UnitTestResult>
    <UnitTestResult executionId="6f89e10c-abbb-4b4e-ad49-c813bab2bbaa" testId="944d81f0-b7c1-c8f9-9059-67f805b05aed" testName="LaunchMappedProject" computerName="DESKTOP-RRA95A8" duration="00:00:00.0035475" startTime="2016-01-24T02:39:42.6205554-08:00" endTime="2016-01-24T02:39:43.2883535-08:00" testType="13cdc9d9-ddb5-4fa4-a97d-d965ccfc6d4b" outcome="Failed" testListId="8c84fa94-04c1-424b-9868-57a2d4851a1d" relativeResultsDirectory="6f89e10c-abbb-4b4e-ad49-c813bab2bbaa">
      <Output>
        <ErrorInfo>
          <Message>Test method ProfilingUITests.ProfilingTests.LaunchMappedProject threw exception: 
System.NullReferenceException: Object reference not set to an instance of an object.</Message>
          <StackTrace>    at ProfilingUITests.ProfilingTests.JustMyCodeSetting..ctor(Boolean enabled) in C:\src\nodejstools\Nodejs\Tests\Profiling.UI\ProfilingTests.cs:line 1552
   at ProfilingUITests.ProfilingTests.LaunchMappedProject() in C:\src\nodejstools\Nodejs\Tests\Profiling.UI\ProfilingTests.cs:line 625
</StackTrace>
        </ErrorInfo>
      </Output>
    </UnitTestResult>
    <UnitTestResult executionId="f8712051-c42f-4ad7-b18b-e7376ea177f5" testId="d144914a-1912-09ae-330a-1f9a77f14caa" testName="LaunchMappedProjectNeedsBuild" computerName="DESKTOP-RRA95A8" duration="00:00:00.0033801" startTime="2016-01-24T02:39:43.3099115-08:00" endTime="2016-01-24T02:39:43.8629678-08:00" testType="13cdc9d9-ddb5-4fa4-a97d-d965ccfc6d4b" outcome="Failed" testListId="8c84fa94-04c1-424b-9868-57a2d4851a1d" relativeResultsDirectory="f8712051-c42f-4ad7-b18b-e7376ea177f5">
      <Output>
        <ErrorInfo>
          <Message>Test method ProfilingUITests.ProfilingTests.LaunchMappedProjectNeedsBuild threw exception: 
System.NullReferenceException: Object reference not set to an instance of an object.</Message>
          <StackTrace>    at ProfilingUITests.ProfilingTests.JustMyCodeSetting..ctor(Boolean enabled) in C:\src\nodejstools\Nodejs\Tests\Profiling.UI\ProfilingTests.cs:line 1552
   at ProfilingUITests.ProfilingTests.LaunchMappedProjectNeedsBuild() in C:\src\nodejstools\Nodejs\Tests\Profiling.UI\ProfilingTests.cs:line 653
</StackTrace>
        </ErrorInfo>
      </Output>
    </UnitTestResult>
    <UnitTestResult executionId="0dbe32bf-500d-4c3c-b007-36f649d1afe5" testId="cc8345f8-0dd4-ba54-e719-afef66d1f409" testName="LaunchMappedProjectNeedsBuildWithErrors" computerName="DESKTOP-RRA95A8" duration="00:00:00.0027437" startTime="2016-01-24T02:39:43.8659100-08:00" endTime="2016-01-24T02:39:44.2089659-08:00" testType="13cdc9d9-ddb5-4fa4-a97d-d965ccfc6d4b" outcome="Failed" testListId="8c84fa94-04c1-424b-9868-57a2d4851a1d" relativeResultsDirectory="0dbe32bf-500d-4c3c-b007-36f649d1afe5">
      <Output>
        <ErrorInfo>
          <Message>Test method ProfilingUITests.ProfilingTests.LaunchMappedProjectNeedsBuildWithErrors threw exception: 
System.NullReferenceException: Object reference not set to an instance of an object.</Message>
          <StackTrace>    at ProfilingUITests.ProfilingTests.JustMyCodeSetting..ctor(Boolean enabled) in C:\src\nodejstools\Nodejs\Tests\Profiling.UI\ProfilingTests.cs:line 1552
   at ProfilingUITests.ProfilingTests.LaunchMappedProjectNeedsBuildWithErrors() in C:\src\nodejstools\Nodejs\Tests\Profiling.UI\ProfilingTests.cs:line 686
</StackTrace>
        </ErrorInfo>
      </Output>
    </UnitTestResult>
    <UnitTestResult executionId="9a4f8b86-6671-4fca-a3e9-dbecc3ed46c3" testId="f246502f-942a-0833-7a2a-823b05a231bd" testName="TestSaveDirtySession" computerName="DESKTOP-RRA95A8" duration="00:00:00.0030942" startTime="2016-01-24T02:39:44.2128898-08:00" endTime="2016-01-24T02:39:44.6558633-08:00" testType="13cdc9d9-ddb5-4fa4-a97d-d965ccfc6d4b" outcome="Failed" testListId="8c84fa94-04c1-424b-9868-57a2d4851a1d" relativeResultsDirectory="9a4f8b86-6671-4fca-a3e9-dbecc3ed46c3">
      <Output>
        <ErrorInfo>
          <Message>Test method ProfilingUITests.ProfilingTests.TestSaveDirtySession threw exception: 
System.NullReferenceException: Object reference not set to an instance of an object.</Message>
          <StackTrace>    at ProfilingUITests.ProfilingTests.JustMyCodeSetting..ctor(Boolean enabled) in C:\src\nodejstools\Nodejs\Tests\Profiling.UI\ProfilingTests.cs:line 1552
   at ProfilingUITests.ProfilingTests.TestSaveDirtySession() in C:\src\nodejstools\Nodejs\Tests\Profiling.UI\ProfilingTests.cs:line 704
</StackTrace>
        </ErrorInfo>
      </Output>
    </UnitTestResult>
    <UnitTestResult executionId="d986d5b3-195f-48b1-8b38-92454c1c1fb1" testId="16f2ff03-cc34-32f4-f1a7-7424fc439607" testName="TestDeleteReport" computerName="DESKTOP-RRA95A8" duration="00:00:00.0029713" startTime="2016-01-24T02:39:44.6588077-08:00" endTime="2016-01-24T02:39:44.9969019-08:00" testType="13cdc9d9-ddb5-4fa4-a97d-d965ccfc6d4b" outcome="Failed" testListId="8c84fa94-04c1-424b-9868-57a2d4851a1d" relativeResultsDirectory="d986d5b3-195f-48b1-8b38-92454c1c1fb1">
      <Output>
        <ErrorInfo>
          <Message>Test method ProfilingUITests.ProfilingTests.TestDeleteReport threw exception: 
System.NullReferenceException: Object reference not set to an instance of an object.</Message>
          <StackTrace>    at ProfilingUITests.ProfilingTests.JustMyCodeSetting..ctor(Boolean enabled) in C:\src\nodejstools\Nodejs\Tests\Profiling.UI\ProfilingTests.cs:line 1552
   at ProfilingUITests.ProfilingTests.TestDeleteReport() in C:\src\nodejstools\Nodejs\Tests\Profiling.UI\ProfilingTests.cs:line 744
</StackTrace>
        </ErrorInfo>
      </Output>
    </UnitTestResult>
    <UnitTestResult executionId="fad18b59-f498-413e-b338-0e46af2e0799" testId="d946dfe6-b622-998a-f976-75e9d61be387" testName="TestCompareReports" computerName="DESKTOP-RRA95A8" duration="00:00:00.0036128" startTime="2016-01-24T02:39:44.9998576-08:00" endTime="2016-01-24T02:39:45.4427498-08:00" testType="13cdc9d9-ddb5-4fa4-a97d-d965ccfc6d4b" outcome="Failed" testListId="8c84fa94-04c1-424b-9868-57a2d4851a1d" relativeResultsDirectory="fad18b59-f498-413e-b338-0e46af2e0799">
      <Output>
        <ErrorInfo>
          <Message>Test method ProfilingUITests.ProfilingTests.TestCompareReports threw exception: 
System.NullReferenceException: Object reference not set to an instance of an object.</Message>
          <StackTrace>    at ProfilingUITests.ProfilingTests.JustMyCodeSetting..ctor(Boolean enabled) in C:\src\nodejstools\Nodejs\Tests\Profiling.UI\ProfilingTests.cs:line 1552
   at ProfilingUITests.ProfilingTests.TestCompareReports() in C:\src\nodejstools\Nodejs\Tests\Profiling.UI\ProfilingTests.cs:line 767
</StackTrace>
        </ErrorInfo>
      </Output>
    </UnitTestResult>
    <UnitTestResult executionId="03624211-5ffd-4861-b992-a8905103cf65" testId="add9e8cc-6ae8-2ae7-32b3-0782b1b8beeb" testName="TestRemoveReport" computerName="DESKTOP-RRA95A8" duration="00:00:00.0031026" startTime="2016-01-24T02:39:45.4476568-08:00" endTime="2016-01-24T02:39:45.7915807-08:00" testType="13cdc9d9-ddb5-4fa4-a97d-d965ccfc6d4b" outcome="Failed" testListId="8c84fa94-04c1-424b-9868-57a2d4851a1d" relativeResultsDirectory="03624211-5ffd-4861-b992-a8905103cf65">
      <Output>
        <ErrorInfo>
          <Message>Test method ProfilingUITests.ProfilingTests.TestRemoveReport threw exception: 
System.NullReferenceException: Object reference not set to an instance of an object.</Message>
          <StackTrace>    at ProfilingUITests.ProfilingTests.JustMyCodeSetting..ctor(Boolean enabled) in C:\src\nodejstools\Nodejs\Tests\Profiling.UI\ProfilingTests.cs:line 1552
   at ProfilingUITests.ProfilingTests.TestRemoveReport() in C:\src\nodejstools\Nodejs\Tests\Profiling.UI\ProfilingTests.cs:line 839
</StackTrace>
        </ErrorInfo>
      </Output>
    </UnitTestResult>
    <UnitTestResult executionId="9674fbc0-9b90-4c9e-9506-9161b48299f4" testId="7a3073a9-cdf6-e3a0-21e6-fde194430900" testName="TestOpenReport" computerName="DESKTOP-RRA95A8" duration="00:00:00.0034279" startTime="2016-01-24T02:39:45.7944893-08:00" endTime="2016-01-24T02:39:46.2286950-08:00" testType="13cdc9d9-ddb5-4fa4-a97d-d965ccfc6d4b" outcome="Failed" testListId="8c84fa94-04c1-424b-9868-57a2d4851a1d" relativeResultsDirectory="9674fbc0-9b90-4c9e-9506-9161b48299f4">
      <Output>
        <ErrorInfo>
          <Message>Test method ProfilingUITests.ProfilingTests.TestOpenReport threw exception: 
System.NullReferenceException: Object reference not set to an instance of an object.</Message>
          <StackTrace>    at ProfilingUITests.ProfilingTests.JustMyCodeSetting..ctor(Boolean enabled) in C:\src\nodejstools\Nodejs\Tests\Profiling.UI\ProfilingTests.cs:line 1552
   at ProfilingUITests.ProfilingTests.TestOpenReport() in C:\src\nodejstools\Nodejs\Tests\Profiling.UI\ProfilingTests.cs:line 862
</StackTrace>
        </ErrorInfo>
      </Output>
    </UnitTestResult>
    <UnitTestResult executionId="aef74502-8b24-4de2-ac86-baee6e2e705f" testId="6a85b7f4-913a-466f-4dda-f1d43fb534a6" testName="TestOpenReportCtxMenu" computerName="DESKTOP-RRA95A8" duration="00:00:00.0040883" startTime="2016-01-24T02:39:46.2327057-08:00" endTime="2016-01-24T02:39:46.5920815-08:00" testType="13cdc9d9-ddb5-4fa4-a97d-d965ccfc6d4b" outcome="Failed" testListId="8c84fa94-04c1-424b-9868-57a2d4851a1d" relativeResultsDirectory="aef74502-8b24-4de2-ac86-baee6e2e705f">
      <Output>
        <ErrorInfo>
          <Message>Test method ProfilingUITests.ProfilingTests.TestOpenReportCtxMenu threw exception: 
System.NullReferenceException: Object reference not set to an instance of an object.</Message>
          <StackTrace>    at ProfilingUITests.ProfilingTests.JustMyCodeSetting..ctor(Boolean enabled) in C:\src\nodejstools\Nodejs\Tests\Profiling.UI\ProfilingTests.cs:line 1552
   at ProfilingUITests.ProfilingTests.TestOpenReportCtxMenu() in C:\src\nodejstools\Nodejs\Tests\Profiling.UI\ProfilingTests.cs:line 910
</StackTrace>
        </ErrorInfo>
      </Output>
    </UnitTestResult>
    <UnitTestResult executionId="fcffa096-546f-4ec9-b5f2-bd45a940bea4" testId="2e06d026-a7d1-43a5-89f1-96c282244167" testName="TestTargetPropertiesForProject" computerName="DESKTOP-RRA95A8" duration="00:00:00.0041554" startTime="2016-01-24T02:39:46.5989493-08:00" endTime="2016-01-24T02:39:46.9829551-08:00" testType="13cdc9d9-ddb5-4fa4-a97d-d965ccfc6d4b" outcome="Failed" testListId="8c84fa94-04c1-424b-9868-57a2d4851a1d" relativeResultsDirectory="fcffa096-546f-4ec9-b5f2-bd45a940bea4">
      <Output>
        <ErrorInfo>
          <Message>Test method ProfilingUITests.ProfilingTests.TestTargetPropertiesForProject threw exception: 
System.NullReferenceException: Object reference not set to an instance of an object.</Message>
          <StackTrace>    at ProfilingUITests.ProfilingTests.JustMyCodeSetting..ctor(Boolean enabled) in C:\src\nodejstools\Nodejs\Tests\Profiling.UI\ProfilingTests.cs:line 1552
   at ProfilingUITests.ProfilingTests.TestTargetPropertiesForProject() in C:\src\nodejstools\Nodejs\Tests\Profiling.UI\ProfilingTests.cs:line 935
</StackTrace>
        </ErrorInfo>
      </Output>
    </UnitTestResult>
    <UnitTestResult executionId="3640e169-8717-4665-be71-3967528eea8e" testId="12320801-442f-8a81-2f02-ed8c78eeb661" testName="TestTargetPropertiesForExecutable" computerName="DESKTOP-RRA95A8" duration="00:00:00.0029928" startTime="2016-01-24T02:39:46.9878606-08:00" endTime="2016-01-24T02:39:47.4089243-08:00" testType="13cdc9d9-ddb5-4fa4-a97d-d965ccfc6d4b" outcome="Failed" testListId="8c84fa94-04c1-424b-9868-57a2d4851a1d" relativeResultsDirectory="3640e169-8717-4665-be71-3967528eea8e">
      <Output>
        <ErrorInfo>
          <Message>Test method ProfilingUITests.ProfilingTests.TestTargetPropertiesForExecutable threw exception: 
System.NullReferenceException: Object reference not set to an instance of an object.</Message>
          <StackTrace>    at ProfilingUITests.ProfilingTests.JustMyCodeSetting..ctor(Boolean enabled) in C:\src\nodejstools\Nodejs\Tests\Profiling.UI\ProfilingTests.cs:line 1552
   at ProfilingUITests.ProfilingTests.TestTargetPropertiesForExecutable() in C:\src\nodejstools\Nodejs\Tests\Profiling.UI\ProfilingTests.cs:line 968
</StackTrace>
        </ErrorInfo>
      </Output>
    </UnitTestResult>
    <UnitTestResult executionId="b9940474-8dc9-48d2-ad4f-281ae4486a65" testId="0da930c6-efb0-31e0-ecc1-f8aad2ef0e55" testName="TestStopProfiling" computerName="DESKTOP-RRA95A8" duration="00:00:00.0024651" startTime="2016-01-24T02:39:47.4138288-08:00" endTime="2016-01-24T02:39:47.7483419-08:00" testType="13cdc9d9-ddb5-4fa4-a97d-d965ccfc6d4b" outcome="Failed" testListId="8c84fa94-04c1-424b-9868-57a2d4851a1d" relativeResultsDirectory="b9940474-8dc9-48d2-ad4f-281ae4486a65">
      <Output>
        <ErrorInfo>
          <Message>Test method ProfilingUITests.ProfilingTests.TestStopProfiling threw exception: 
System.NullReferenceException: Object reference not set to an instance of an object.</Message>
          <StackTrace>    at ProfilingUITests.ProfilingTests.JustMyCodeSetting..ctor(Boolean enabled) in C:\src\nodejstools\Nodejs\Tests\Profiling.UI\ProfilingTests.cs:line 1552
   at ProfilingUITests.ProfilingTests.TestStopProfiling() in C:\src\nodejstools\Nodejs\Tests\Profiling.UI\ProfilingTests.cs:line 1012
</StackTrace>
        </ErrorInfo>
      </Output>
    </UnitTestResult>
    <UnitTestResult executionId="53815046-9e54-4b2a-8e01-97da24fa35e0" testId="ea05d7c0-c789-4379-caf4-bf2bf7511cf0" testName="TestTwoProfilesAtTheSameTime" computerName="DESKTOP-RRA95A8" duration="00:00:00.0029673" startTime="2016-01-24T02:39:47.7512856-08:00" endTime="2016-01-24T02:39:48.1963220-08:00" testType="13cdc9d9-ddb5-4fa4-a97d-d965ccfc6d4b" outcome="Failed" testListId="8c84fa94-04c1-424b-9868-57a2d4851a1d" relativeResultsDirectory="53815046-9e54-4b2a-8e01-97da24fa35e0">
      <Output>
        <ErrorInfo>
          <Message>Test method ProfilingUITests.ProfilingTests.TestTwoProfilesAtTheSameTime threw exception: 
System.NullReferenceException: Object reference not set to an instance of an object.</Message>
          <StackTrace>    at ProfilingUITests.ProfilingTests.JustMyCodeSetting..ctor(Boolean enabled) in C:\src\nodejstools\Nodejs\Tests\Profiling.UI\ProfilingTests.cs:line 1552
   at ProfilingUITests.ProfilingTests.TestTwoProfilesAtTheSameTime() in C:\src\nodejstools\Nodejs\Tests\Profiling.UI\ProfilingTests.cs:line 1047
</StackTrace>
        </ErrorInfo>
      </Output>
    </UnitTestResult>
    <UnitTestResult executionId="56511c84-1dc3-4852-9e4a-7db88f393c28" testId="7a30adba-4f18-1a26-3919-3f32ce4fb7fc" testName="MultipleTargets" computerName="DESKTOP-RRA95A8" duration="00:00:00.0030300" startTime="2016-01-24T02:39:48.1992649-08:00" endTime="2016-01-24T02:39:48.5516893-08:00" testType="13cdc9d9-ddb5-4fa4-a97d-d965ccfc6d4b" outcome="Failed" testListId="8c84fa94-04c1-424b-9868-57a2d4851a1d" relativeResultsDirectory="56511c84-1dc3-4852-9e4a-7db88f393c28">
      <Output>
        <ErrorInfo>
          <Message>Test method ProfilingUITests.ProfilingTests.MultipleTargets threw exception: 
System.NullReferenceException: Object reference not set to an instance of an object.</Message>
          <StackTrace>    at ProfilingUITests.ProfilingTests.JustMyCodeSetting..ctor(Boolean enabled) in C:\src\nodejstools\Nodejs\Tests\Profiling.UI\ProfilingTests.cs:line 1552
   at ProfilingUITests.ProfilingTests.MultipleTargets() in C:\src\nodejstools\Nodejs\Tests\Profiling.UI\ProfilingTests.cs:line 1111
</StackTrace>
        </ErrorInfo>
      </Output>
    </UnitTestResult>
    <UnitTestResult executionId="6cc86ead-16d3-4637-9f32-88b837a2850d" testId="9bd4135c-3dbf-ecc2-eaf2-a3416122658b" testName="MultipleTargetsWithProjectHome" computerName="DESKTOP-RRA95A8" duration="00:00:00.0033589" startTime="2016-01-24T02:39:48.5556132-08:00" endTime="2016-01-24T02:39:48.9623511-08:00" testType="13cdc9d9-ddb5-4fa4-a97d-d965ccfc6d4b" outcome="Failed" testListId="8c84fa94-04c1-424b-9868-57a2d4851a1d" relativeResultsDirectory="6cc86ead-16d3-4637-9f32-88b837a2850d">
      <Output>
        <ErrorInfo>
          <Message>Test method ProfilingUITests.ProfilingTests.MultipleTargetsWithProjectHome threw exception: 
System.NullReferenceException: Object reference not set to an instance of an object.</Message>
          <StackTrace>    at ProfilingUITests.ProfilingTests.JustMyCodeSetting..ctor(Boolean enabled) in C:\src\nodejstools\Nodejs\Tests\Profiling.UI\ProfilingTests.cs:line 1552
   at ProfilingUITests.ProfilingTests.MultipleTargetsWithProjectHome() in C:\src\nodejstools\Nodejs\Tests\Profiling.UI\ProfilingTests.cs:line 1170
</StackTrace>
        </ErrorInfo>
      </Output>
    </UnitTestResult>
    <UnitTestResult executionId="7cde6dba-e40e-4873-82fe-52ecb1e72c3e" testId="8a1989dd-efd3-b098-f100-151983cdb010" testName="MultipleReports" computerName="DESKTOP-RRA95A8" duration="00:00:00.0041058" startTime="2016-01-24T02:39:48.9652951-08:00" endTime="2016-01-24T02:39:49.4289838-08:00" testType="13cdc9d9-ddb5-4fa4-a97d-d965ccfc6d4b" outcome="Failed" testListId="8c84fa94-04c1-424b-9868-57a2d4851a1d" relativeResultsDirectory="7cde6dba-e40e-4873-82fe-52ecb1e72c3e">
      <Output>
        <ErrorInfo>
          <Message>Test method ProfilingUITests.ProfilingTests.MultipleReports threw exception: 
System.NullReferenceException: Object reference not set to an instance of an object.</Message>
          <StackTrace>    at ProfilingUITests.ProfilingTests.JustMyCodeSetting..ctor(Boolean enabled) in C:\src\nodejstools\Nodejs\Tests\Profiling.UI\ProfilingTests.cs:line 1552
   at ProfilingUITests.ProfilingTests.MultipleReports() in C:\src\nodejstools\Nodejs\Tests\Profiling.UI\ProfilingTests.cs:line 1230
</StackTrace>
        </ErrorInfo>
      </Output>
    </UnitTestResult>
    <UnitTestResult executionId="10d779f3-c9ae-4df0-8a7b-71b9cbf1aefe" testId="f829f137-073b-7172-3c57-c6cb2536f437" testName="LaunchExecutable" computerName="DESKTOP-RRA95A8" duration="00:00:00.0027824" startTime="2016-01-24T02:39:49.4319909-08:00" endTime="2016-01-24T02:39:49.8429812-08:00" testType="13cdc9d9-ddb5-4fa4-a97d-d965ccfc6d4b" outcome="Failed" testListId="8c84fa94-04c1-424b-9868-57a2d4851a1d" relativeResultsDirectory="10d779f3-c9ae-4df0-8a7b-71b9cbf1aefe">
      <Output>
        <ErrorInfo>
          <Message>Test method ProfilingUITests.ProfilingTests.LaunchExecutable threw exception: 
System.NullReferenceException: Object reference not set to an instance of an object.</Message>
          <StackTrace>    at ProfilingUITests.ProfilingTests.JustMyCodeSetting..ctor(Boolean enabled) in C:\src\nodejstools\Nodejs\Tests\Profiling.UI\ProfilingTests.cs:line 1552
   at ProfilingUITests.ProfilingTests.LaunchExecutable() in C:\src\nodejstools\Nodejs\Tests\Profiling.UI\ProfilingTests.cs:line 1269
</StackTrace>
        </ErrorInfo>
      </Output>
    </UnitTestResult>
    <UnitTestResult executionId="4394bc09-9688-49dc-ae2e-4e36623f01cc" testId="457c4681-ba1b-e232-c6df-13871bd45077" testName="TestJustMyCode" computerName="DESKTOP-RRA95A8" duration="00:00:00.0025683" startTime="2016-01-24T02:39:49.8459263-08:00" endTime="2016-01-24T02:39:50.2184314-08:00" testType="13cdc9d9-ddb5-4fa4-a97d-d965ccfc6d4b" outcome="Failed" testListId="8c84fa94-04c1-424b-9868-57a2d4851a1d" relativeResultsDirectory="4394bc09-9688-49dc-ae2e-4e36623f01cc">
      <Output>
        <ErrorInfo>
          <Message>Test method ProfilingUITests.ProfilingTests.TestJustMyCode threw exception: 
System.NullReferenceException: Object reference not set to an instance of an object.</Message>
          <StackTrace>    at ProfilingUITests.ProfilingTests.JustMyCodeSetting..ctor(Boolean enabled) in C:\src\nodejstools\Nodejs\Tests\Profiling.UI\ProfilingTests.cs:line 1552
   at ProfilingUITests.ProfilingTests.TestJustMyCode() in C:\src\nodejstools\Nodejs\Tests\Profiling.UI\ProfilingTests.cs:line 1304
</StackTrace>
        </ErrorInfo>
      </Output>
    </UnitTestResult>
    <UnitTestResult executionId="51fdc0e7-f0d4-4891-a9da-bc001b5cb456" testId="2db4df56-59ac-ff62-6619-958e6299dea2" testName="TestJustMyCodeOff" computerName="DESKTOP-RRA95A8" duration="00:00:00.0023875" startTime="2016-01-24T02:39:50.2368535-08:00" endTime="2016-01-24T02:39:50.5897716-08:00" testType="13cdc9d9-ddb5-4fa4-a97d-d965ccfc6d4b" outcome="Failed" testListId="8c84fa94-04c1-424b-9868-57a2d4851a1d" relativeResultsDirectory="51fdc0e7-f0d4-4891-a9da-bc001b5cb456">
      <Output>
        <ErrorInfo>
          <Message>Test method ProfilingUITests.ProfilingTests.TestJustMyCodeOff threw exception: 
System.NullReferenceException: Object reference not set to an instance of an object.</Message>
          <StackTrace>    at ProfilingUITests.ProfilingTests.JustMyCodeSetting..ctor(Boolean enabled) in C:\src\nodejstools\Nodejs\Tests\Profiling.UI\ProfilingTests.cs:line 1552
   at ProfilingUITests.ProfilingTests.TestJustMyCodeOff() in C:\src\nodejstools\Nodejs\Tests\Profiling.UI\ProfilingTests.cs:line 1336
</StackTrace>
        </ErrorInfo>
      </Output>
    </UnitTestResult>
    <UnitTestResult executionId="43c5f1c6-107b-42cd-a05a-af03cc2fa144" testId="6388c4f5-2257-c27b-5f33-207f37e60a91" testName="TestProjectProperties" computerName="DESKTOP-RRA95A8" duration="00:00:00.0030905" startTime="2016-01-24T02:39:50.5936959-08:00" endTime="2016-01-24T02:39:50.9523000-08:00" testType="13cdc9d9-ddb5-4fa4-a97d-d965ccfc6d4b" outcome="Failed" testListId="8c84fa94-04c1-424b-9868-57a2d4851a1d" relativeResultsDirectory="43c5f1c6-107b-42cd-a05a-af03cc2fa144">
      <Output>
        <ErrorInfo>
          <Message>Test method ProfilingUITests.ProfilingTests.TestProjectProperties threw exception: 
System.NullReferenceException: Object reference not set to an instance of an object.</Message>
          <StackTrace>    at ProfilingUITests.ProfilingTests.JustMyCodeSetting..ctor(Boolean enabled) in C:\src\nodejstools\Nodejs\Tests\Profiling.UI\ProfilingTests.cs:line 1552
   at ProfilingUITests.ProfilingTests.TestProjectProperties() in C:\src\nodejstools\Nodejs\Tests\Profiling.UI\ProfilingTests.cs:line 1368
</StackTrace>
        </ErrorInfo>
      </Output>
    </UnitTestResult>
    <UnitTestResult executionId="3a884e22-1dcf-4b09-b04f-07418c73d58b" testId="42b77325-2a93-5b25-3110-653047c2672f" testName="TestBrowserLaunch" computerName="DESKTOP-RRA95A8" duration="00:00:00.0027602" startTime="2016-01-24T02:39:50.9562246-08:00" endTime="2016-01-24T02:39:51.4102634-08:00" testType="13cdc9d9-ddb5-4fa4-a97d-d965ccfc6d4b" outcome="Failed" testListId="8c84fa94-04c1-424b-9868-57a2d4851a1d" relativeResultsDirectory="3a884e22-1dcf-4b09-b04f-07418c73d58b">
      <Output>
        <ErrorInfo>
          <Message>Test method ProfilingUITests.ProfilingTests.TestBrowserLaunch threw exception: 
System.NullReferenceException: Object reference not set to an instance of an object.</Message>
          <StackTrace>    at ProfilingUITests.ProfilingTests.JustMyCodeSetting..ctor(Boolean enabled) in C:\src\nodejstools\Nodejs\Tests\Profiling.UI\ProfilingTests.cs:line 1552
   at ProfilingUITests.ProfilingTests.TestBrowserLaunch() in C:\src\nodejstools\Nodejs\Tests\Profiling.UI\ProfilingTests.cs:line 1404
</StackTrace>
        </ErrorInfo>
      </Output>
    </UnitTestResult>
    <UnitTestResult executionId="fdae3465-f58b-4da1-9e83-2d8923633a30" testId="80f16799-5f3f-8ba6-4444-2869b6c67fc9" testName="OutliningToplevelFunctionDefinitions" computerName="DESKTOP-RRA95A8" duration="00:00:08.6939316" startTime="2016-01-24T02:39:51.4141905-08:00" endTime="2016-01-24T02:40:01.1213269-08:00" testType="13cdc9d9-ddb5-4fa4-a97d-d965ccfc6d4b" outcome="Failed" testListId="8c84fa94-04c1-424b-9868-57a2d4851a1d" relativeResultsDirectory="fdae3465-f58b-4da1-9e83-2d8923633a30">
      <Output>
        <StdOut>Opening C:\src\nodejstools\TestResults\Itani_DESKTOP-RRA95A8 2016-01-24 02_34_51\Out\TestData\Outlining\Outlining.sln
new ExpectedTag(25, 87, " {\n    // function object\n    console.log('function object')\n}"),
new ExpectedTag(125, 156, " {\n    // function expression\n}"),</StdOut>
        <ErrorInfo>
          <Message>Assert.AreEqual failed. Expected:&lt;90&gt;. Actual:&lt;87&gt;. </Message>
          <StackTrace>   at NodejsTests.OutliningTests.VerifyTags(ITextBuffer buffer, IEnumerable`1 tags, ExpectedTag[] expected) in C:\src\nodejstools\Nodejs\Tests\Core.UI\OutliningTests.cs:line 140
   at NodejsTests.OutliningTests.OutlineTest(String filename, ExpectedTag[] expected) in C:\src\nodejstools\Nodejs\Tests\Core.UI\OutliningTests.cs:line 114
   at NodejsTests.OutliningTests.OutliningToplevelFunctionDefinitions() in C:\src\nodejstools\Nodejs\Tests\Core.UI\OutliningTests.cs:line 53
</StackTrace>
        </ErrorInfo>
      </Output>
    </UnitTestResult>
    <UnitTestResult executionId="c4fcc708-858d-47f1-8b9a-4cc94eedc30f" testId="e835fedc-ccbc-7d28-19e5-3fa0182c3056" testName="OutliningNestedFunctionDefinitions" computerName="DESKTOP-RRA95A8" duration="00:00:03.3995954" startTime="2016-01-24T02:40:01.1252548-08:00" endTime="2016-01-24T02:40:04.9126419-08:00" testType="13cdc9d9-ddb5-4fa4-a97d-d965ccfc6d4b" outcome="Failed" testListId="8c84fa94-04c1-424b-9868-57a2d4851a1d" relativeResultsDirectory="c4fcc708-858d-47f1-8b9a-4cc94eedc30f">
      <Output>
        <StdOut>Opening C:\src\nodejstools\TestResults\Itani_DESKTOP-RRA95A8 2016-01-24 02_34_51\Out\TestData\Outlining\Outlining.sln
new ExpectedTag(25, 272, " {\n    console.log('Function object')\n    var nestedFunctionExpression = function () {\n        console.log('Nested function expression')\n        function nestedFunctionObject() {\n            console.log('Nested function object');\n        }\n    }\n}"),
new ExpectedTag(109, 270, " {\n        console.log('Nested function expression')\n        function nestedFunctionObject() {\n            console.log('Nested function object');\n        }\n    }"),
new ExpectedTag(201, 264, " {\n            console.log('Nested function object');\n        }"),</StdOut>
        <ErrorInfo>
          <Message>Assert.AreEqual failed. Expected:&lt;280&gt;. Actual:&lt;272&gt;. </Message>
          <StackTrace>   at NodejsTests.OutliningTests.VerifyTags(ITextBuffer buffer, IEnumerable`1 tags, ExpectedTag[] expected) in C:\src\nodejstools\Nodejs\Tests\Core.UI\OutliningTests.cs:line 140
   at NodejsTests.OutliningTests.OutlineTest(String filename, ExpectedTag[] expected) in C:\src\nodejstools\Nodejs\Tests\Core.UI\OutliningTests.cs:line 114
   at NodejsTests.OutliningTests.OutliningNestedFunctionDefinitions() in C:\src\nodejstools\Nodejs\Tests\Core.UI\OutliningTests.cs:line 67
</StackTrace>
        </ErrorInfo>
      </Output>
    </UnitTestResult>
    <UnitTestResult executionId="6b190ded-f0d2-462b-aeff-d27e0005ecd0" testId="ff1991eb-aab7-2f63-e2c2-9e2d50746f00" testName="OutliningBadInput" computerName="DESKTOP-RRA95A8" duration="00:00:03.3072313" startTime="2016-01-24T02:40:04.9201210-08:00" endTime="2016-01-24T02:40:08.5887393-08:00" testType="13cdc9d9-ddb5-4fa4-a97d-d965ccfc6d4b" outcome="Passed" testListId="8c84fa94-04c1-424b-9868-57a2d4851a1d" relativeResultsDirectory="6b190ded-f0d2-462b-aeff-d27e0005ecd0">
      <Output>
        <StdOut>Opening C:\src\nodejstools\TestResults\Itani_DESKTOP-RRA95A8 2016-01-24 02_34_51\Out\TestData\Outlining\Outlining.sln</StdOut>
      </Output>
    </UnitTestResult>
    <UnitTestResult executionId="2d4ab8af-38b4-4619-98f7-ef1ee563b008" testId="22821a0c-aea3-85b2-7c06-cc5c05d86ada" testName="UpdateWebRoleServiceDefinitionInVS" computerName="DESKTOP-RRA95A8" duration="00:00:07.2030150" startTime="2016-01-24T02:40:08.5975709-08:00" endTime="2016-01-24T02:40:16.3625333-08:00" testType="13cdc9d9-ddb5-4fa4-a97d-d965ccfc6d4b" outcome="Failed" testListId="8c84fa94-04c1-424b-9868-57a2d4851a1d" relativeResultsDirectory="2d4ab8af-38b4-4619-98f7-ef1ee563b008">
      <Output>
        <StdOut>Opening C:\src\nodejstools\TestResults\Itani_DESKTOP-RRA95A8 2016-01-24 02_34_51\Out\TestData\CloudProject.sln



Debug Trace:
devenv.exe Warning: 0 : Waiting for project.Properties to become non-null
devenv.exe Warning: 0 : Waiting for project.Properties to become non-null
devenv.exe Warning: 0 : Waiting for project.Properties to become non-null
devenv.exe Warning: 0 : Waiting for project.Properties to become non-null
devenv.exe Warning: 0 : Waiting for project.Properties to become non-null
devenv.exe Warning: 0 : Waiting for project.Properties to become non-null
devenv.exe Warning: 0 : Waiting for project.Properties to become non-null
devenv.exe Warning: 0 : Waiting for project.Properties to become non-null
devenv.exe Warning: 0 : Waiting for project.Properties to become non-null
devenv.exe Warning: 0 : Waiting for project.Properties to become non-null</StdOut>
        <ErrorInfo>
          <Message>Assert.IsNotNull failed. No project properties: (unable to get Solution output)</Message>
          <StackTrace>   at TestUtilities.UI.VisualStudioApp.OpenProject(String projName, String startItem, Nullable`1 expectedProjects, String projectName, Boolean setStartupItem) in C:\src\nodejstools\Common\Tests\Utilities.UI\UI\VisualStudioApp.cs:line 818
   at Microsoft.Nodejs.Tests.UI.AzureProjectTests.CloudProjectTest(String roleType, Boolean openServiceDefinition) in C:\src\nodejstools\Nodejs\Tests\Core.UI\AzureProjectTests.cs:line 45
   at Microsoft.Nodejs.Tests.UI.AzureProjectTests.UpdateWebRoleServiceDefinitionInVS() in C:\src\nodejstools\Nodejs\Tests\Core.UI\AzureProjectTests.cs:line 110
</StackTrace>
        </ErrorInfo>
      </Output>
    </UnitTestResult>
    <UnitTestResult executionId="37379159-c90a-4f83-8bcd-d269707ee87a" testId="24f14941-93f5-89a1-6bda-083f1896bf2e" testName="UpdateWorkerRoleServiceDefinitionInVS" computerName="DESKTOP-RRA95A8" duration="00:00:05.6907753" startTime="2016-01-24T02:40:16.3664582-08:00" endTime="2016-01-24T02:40:22.6872681-08:00" testType="13cdc9d9-ddb5-4fa4-a97d-d965ccfc6d4b" outcome="Failed" testListId="8c84fa94-04c1-424b-9868-57a2d4851a1d" relativeResultsDirectory="37379159-c90a-4f83-8bcd-d269707ee87a">
      <Output>
        <StdOut>Opening C:\src\nodejstools\TestResults\Itani_DESKTOP-RRA95A8 2016-01-24 02_34_51\Out\TestData\CloudProject.sln



Debug Trace:
devenv.exe Warning: 0 : Waiting for project.Properties to become non-null
devenv.exe Warning: 0 : Waiting for project.Properties to become non-null
devenv.exe Warning: 0 : Waiting for project.Properties to become non-null
devenv.exe Warning: 0 : Waiting for project.Properties to become non-null
devenv.exe Warning: 0 : Waiting for project.Properties to become non-null
devenv.exe Warning: 0 : Waiting for project.Properties to become non-null
devenv.exe Warning: 0 : Waiting for project.Properties to become non-null
devenv.exe Warning: 0 : Waiting for project.Properties to become non-null
devenv.exe Warning: 0 : Waiting for project.Properties to become non-null
devenv.exe Warning: 0 : Waiting for project.Properties to become non-null</StdOut>
        <ErrorInfo>
          <Message>Assert.IsNotNull failed. No project properties: (unable to get Solution output)</Message>
          <StackTrace>   at TestUtilities.UI.VisualStudioApp.OpenProject(String projName, String startItem, Nullable`1 expectedProjects, String projectName, Boolean setStartupItem) in C:\src\nodejstools\Common\Tests\Utilities.UI\UI\VisualStudioApp.cs:line 818
   at Microsoft.Nodejs.Tests.UI.AzureProjectTests.CloudProjectTest(String roleType, Boolean openServiceDefinition) in C:\src\nodejstools\Nodejs\Tests\Core.UI\AzureProjectTests.cs:line 45
   at Microsoft.Nodejs.Tests.UI.AzureProjectTests.UpdateWorkerRoleServiceDefinitionInVS() in C:\src\nodejstools\Nodejs\Tests\Core.UI\AzureProjectTests.cs:line 116
</StackTrace>
        </ErrorInfo>
      </Output>
    </UnitTestResult>
    <UnitTestResult executionId="317059c9-b892-4170-9aa6-2c678dd80fee" testId="be8bd2db-c8ae-646a-52b3-07eecce9ab5f" testName="UpdateWebRoleServiceDefinitionInVSDocumentOpen" computerName="DESKTOP-RRA95A8" duration="00:00:05.6775563" startTime="2016-01-24T02:40:22.6911931-08:00" endTime="2016-01-24T02:40:29.0735968-08:00" testType="13cdc9d9-ddb5-4fa4-a97d-d965ccfc6d4b" outcome="Failed" testListId="8c84fa94-04c1-424b-9868-57a2d4851a1d" relativeResultsDirectory="317059c9-b892-4170-9aa6-2c678dd80fee">
      <Output>
        <StdOut>Opening C:\src\nodejstools\TestResults\Itani_DESKTOP-RRA95A8 2016-01-24 02_34_51\Out\TestData\CloudProject.sln



Debug Trace:
devenv.exe Warning: 0 : Waiting for project.Properties to become non-null
devenv.exe Warning: 0 : Waiting for project.Properties to become non-null
devenv.exe Warning: 0 : Waiting for project.Properties to become non-null
devenv.exe Warning: 0 : Waiting for project.Properties to become non-null
devenv.exe Warning: 0 : Waiting for project.Properties to become non-null
devenv.exe Warning: 0 : Waiting for project.Properties to become non-null
devenv.exe Warning: 0 : Waiting for project.Properties to become non-null
devenv.exe Warning: 0 : Waiting for project.Properties to become non-null
devenv.exe Warning: 0 : Waiting for project.Properties to become non-null
devenv.exe Warning: 0 : Waiting for project.Properties to become non-null</StdOut>
        <ErrorInfo>
          <Message>Assert.IsNotNull failed. No project properties: (unable to get Solution output)</Message>
          <StackTrace>   at TestUtilities.UI.VisualStudioApp.OpenProject(String projName, String startItem, Nullable`1 expectedProjects, String projectName, Boolean setStartupItem) in C:\src\nodejstools\Common\Tests\Utilities.UI\UI\VisualStudioApp.cs:line 818
   at Microsoft.Nodejs.Tests.UI.AzureProjectTests.CloudProjectTest(String roleType, Boolean openServiceDefinition) in C:\src\nodejstools\Nodejs\Tests\Core.UI\AzureProjectTests.cs:line 45
   at Microsoft.Nodejs.Tests.UI.AzureProjectTests.UpdateWebRoleServiceDefinitionInVSDocumentOpen() in C:\src\nodejstools\Nodejs\Tests\Core.UI\AzureProjectTests.cs:line 122
</StackTrace>
        </ErrorInfo>
      </Output>
    </UnitTestResult>
    <UnitTestResult executionId="84af3a5a-4287-47df-8d42-df2931abb8f9" testId="c06c250b-2339-1237-6e9a-c2f9c67c7a5d" testName="UpdateWorkerRoleServiceDefinitionInVSDocumentOpen" computerName="DESKTOP-RRA95A8" duration="00:00:06.0204435" startTime="2016-01-24T02:40:29.0775236-08:00" endTime="2016-01-24T02:40:35.5219460-08:00" testType="13cdc9d9-ddb5-4fa4-a97d-d965ccfc6d4b" outcome="Failed" testListId="8c84fa94-04c1-424b-9868-57a2d4851a1d" relativeResultsDirectory="84af3a5a-4287-47df-8d42-df2931abb8f9">
      <Output>
        <StdOut>Opening C:\src\nodejstools\TestResults\Itani_DESKTOP-RRA95A8 2016-01-24 02_34_51\Out\TestData\CloudProject.sln



Debug Trace:
devenv.exe Warning: 0 : Waiting for project.Properties to become non-null
devenv.exe Warning: 0 : Waiting for project.Properties to become non-null
devenv.exe Warning: 0 : Waiting for project.Properties to become non-null
devenv.exe Warning: 0 : Waiting for project.Properties to become non-null
devenv.exe Warning: 0 : Waiting for project.Properties to become non-null
devenv.exe Warning: 0 : Waiting for project.Properties to become non-null
devenv.exe Warning: 0 : Waiting for project.Properties to become non-null
devenv.exe Warning: 0 : Waiting for project.Properties to become non-null
devenv.exe Warning: 0 : Waiting for project.Properties to become non-null
devenv.exe Warning: 0 : Waiting for project.Properties to become non-null</StdOut>
        <ErrorInfo>
          <Message>Assert.IsNotNull failed. No project properties: (unable to get Solution output)</Message>
          <StackTrace>   at TestUtilities.UI.VisualStudioApp.OpenProject(String projName, String startItem, Nullable`1 expectedProjects, String projectName, Boolean setStartupItem) in C:\src\nodejstools\Common\Tests\Utilities.UI\UI\VisualStudioApp.cs:line 818
   at Microsoft.Nodejs.Tests.UI.AzureProjectTests.CloudProjectTest(String roleType, Boolean openServiceDefinition) in C:\src\nodejstools\Nodejs\Tests\Core.UI\AzureProjectTests.cs:line 45
   at Microsoft.Nodejs.Tests.UI.AzureProjectTests.UpdateWorkerRoleServiceDefinitionInVSDocumentOpen() in C:\src\nodejstools\Nodejs\Tests\Core.UI\AzureProjectTests.cs:line 128
</StackTrace>
        </ErrorInfo>
      </Output>
    </UnitTestResult>
    <UnitTestResult executionId="b501b667-4eb0-4935-9eec-51b07ca00c70" testId="bc0b8b14-9c83-b3f1-bc3b-4e83358045b8" testName="CtrlSpace" computerName="DESKTOP-RRA95A8" duration="00:00:15.8202167" startTime="2016-01-24T02:40:35.5264595-08:00" endTime="2016-01-24T02:40:51.7949076-08:00" testType="13cdc9d9-ddb5-4fa4-a97d-d965ccfc6d4b" outcome="Failed" testListId="8c84fa94-04c1-424b-9868-57a2d4851a1d" relativeResultsDirectory="b501b667-4eb0-4935-9eec-51b07ca00c70">
      <Output>
        <StdOut>Binary source location: C:\src\nodejstools\BuildOutput\Release14.0\Tests
Including C:\src\nodejstools\TestResults\Itani_DESKTOP-RRA95A8 2016-01-24 02_34_51\Out\jsanalysistests.dll
Including C:\src\nodejstools\TestResults\Itani_DESKTOP-RRA95A8 2016-01-24 02_34_51\Out\MockVsTests.dll
Including C:\src\nodejstools\TestResults\Itani_DESKTOP-RRA95A8 2016-01-24 02_34_51\Out\nodejs.azurepublishing.tests.ui.dll
Including C:\src\nodejstools\TestResults\Itani_DESKTOP-RRA95A8 2016-01-24 02_34_51\Out\nodejs.tests.ui.dll
Including C:\src\nodejstools\TestResults\Itani_DESKTOP-RRA95A8 2016-01-24 02_34_51\Out\nodejsprofilinguitests.dll
Including C:\src\nodejstools\TestResults\Itani_DESKTOP-RRA95A8 2016-01-24 02_34_51\Out\nodetests.dll
Including C:\src\nodejstools\TestResults\Itani_DESKTOP-RRA95A8 2016-01-24 02_34_51\Out\npmtests.dll
Including C:\src\nodejstools\TestResults\Itani_DESKTOP-RRA95A8 2016-01-24 02_34_51\Out\profilertests.dll
Including C:\src\nodejstools\TestResults\Itani_DESKTOP-RRA95A8 2016-01-24 02_34_51\Out\sharedprojecttests.dll
Including C:\src\nodejstools\TestResults\Itani_DESKTOP-RRA95A8 2016-01-24 02_34_51\Out\testadaptertests.dll
Including C:\src\nodejstools\TestResults\Itani_DESKTOP-RRA95A8 2016-01-24 02_34_51\Out\TestUtilities.Nodejs.dll
Including C:\src\nodejstools\TestResults\Itani_DESKTOP-RRA95A8 2016-01-24 02_34_51\Out\TestUtilities.UI.dll
Including C:\src\nodejstools\TestResults\Itani_DESKTOP-RRA95A8 2016-01-24 02_34_51\Out\TestUtilities.UI.Nodejs.dll
Opening C:\src\nodejstools\TestResults\Itani_DESKTOP-RRA95A8 2016-01-24 02_34_51\Out\Temp\vdzi0avh.sgw\CtrlSpace.sln
Executing command Edit.CompleteWord 
Successfully executed command Edit.CompleteWord</StdOut>
        <ErrorInfo>
          <Message>Assert.AreEqual failed. Expected:&lt;var http = require('http');
http.createServer&gt;. Actual:&lt;var http = require('http');
http.createS&gt;. </Message>
          <StackTrace>   at TestUtilities.UI.EditorWindow.WaitForText(String text) in C:\src\nodejstools\Common\Tests\Utilities.UI\UI\EditorWindow.cs:line 92
   at Microsoft.Nodejs.Tests.UI.BasicIntellisense.CtrlSpace() in C:\src\nodejstools\Nodejs\Tests\Core.UI\BasicIntellisense.cs:line 49
</StackTrace>
        </ErrorInfo>
      </Output>
    </UnitTestResult>
    <UnitTestResult executionId="96811a99-f6b4-4b9b-86d8-f5b203034004" testId="8cf09ca7-891b-299f-4326-cee9d6eb8384" testName="ProcessStdinIntellisense" computerName="DESKTOP-RRA95A8" duration="00:00:16.5648373" startTime="2016-01-24T02:40:51.8058729-08:00" endTime="2016-01-24T02:41:09.2392877-08:00" testType="13cdc9d9-ddb5-4fa4-a97d-d965ccfc6d4b" outcome="Failed" testListId="8c84fa94-04c1-424b-9868-57a2d4851a1d" relativeResultsDirectory="96811a99-f6b4-4b9b-86d8-f5b203034004">
      <Output>
        <StdOut>Opening C:\src\nodejstools\TestResults\Itani_DESKTOP-RRA95A8 2016-01-24 02_34_51\Out\Temp\sgsrt5j0.0mn\ProcessStdIn.sln</StdOut>
        <ErrorInfo>
          <Message>Assert.AreEqual failed. Expected:&lt;var x = process.stdin;
x.addListener&gt;. Actual:&lt;var x = process.stdin;
x.hasOwnProperty&gt;. </Message>
          <StackTrace>   at TestUtilities.UI.EditorWindow.WaitForText(String text) in C:\src\nodejstools\Common\Tests\Utilities.UI\UI\EditorWindow.cs:line 92
   at Microsoft.Nodejs.Tests.UI.BasicIntellisense.ProcessStdinIntellisense() in C:\src\nodejstools\Nodejs\Tests\Core.UI\BasicIntellisense.cs:line 73
</StackTrace>
        </ErrorInfo>
      </Output>
    </UnitTestResult>
    <UnitTestResult executionId="f89d2c32-6909-4d58-83ba-b4630db1ba28" testId="9d48d609-21ef-ad0d-11b4-2fd1413353c8" testName="ReferenceIntellisense" computerName="DESKTOP-RRA95A8" duration="00:00:16.2795038" startTime="2016-01-24T02:41:09.2441911-08:00" endTime="2016-01-24T02:41:26.2752626-08:00" testType="13cdc9d9-ddb5-4fa4-a97d-d965ccfc6d4b" outcome="Failed" testListId="8c84fa94-04c1-424b-9868-57a2d4851a1d" relativeResultsDirectory="f89d2c32-6909-4d58-83ba-b4630db1ba28">
      <Output>
        <StdOut>Opening C:\src\nodejstools\TestResults\Itani_DESKTOP-RRA95A8 2016-01-24 02_34_51\Out\Temp\wvnm330n.0n5\ReferenceIntellisense.sln</StdOut>
        <ErrorInfo>
          <Message>Assert.AreEqual failed. Expected:&lt;/// &lt;reference path="app.js" /&gt;
var x = abc;
x.toFixed&gt;. Actual:&lt;/// &lt;reference path="app.js" /&gt;
var x = abc;
x.toF   &gt;. </Message>
          <StackTrace>   at TestUtilities.UI.EditorWindow.WaitForText(String text) in C:\src\nodejstools\Common\Tests\Utilities.UI\UI\EditorWindow.cs:line 92
   at Microsoft.Nodejs.Tests.UI.BasicIntellisense.ReferenceIntellisense() in C:\src\nodejstools\Nodejs\Tests\Core.UI\BasicIntellisense.cs:line 99
</StackTrace>
        </ErrorInfo>
      </Output>
    </UnitTestResult>
    <UnitTestResult executionId="b93c8d0d-2fa8-4540-bc79-6e6a23bb1346" testId="ff3b4e0c-ca93-e6f9-196b-1d1552719510" testName="NodeModulesPackageJsonFolder" computerName="DESKTOP-RRA95A8" duration="00:00:06.3858053" startTime="2016-01-24T02:41:26.2791853-08:00" endTime="2016-01-24T02:41:33.3993403-08:00" testType="13cdc9d9-ddb5-4fa4-a97d-d965ccfc6d4b" outcome="Passed" testListId="8c84fa94-04c1-424b-9868-57a2d4851a1d" relativeResultsDirectory="b93c8d0d-2fa8-4540-bc79-6e6a23bb1346">
      <Output>
        <StdOut>Opening C:\src\nodejstools\TestResults\Itani_DESKTOP-RRA95A8 2016-01-24 02_34_51\Out\Temp\p2lmde05.igt\ReferenceIntellisense.sln</StdOut>
      </Output>
    </UnitTestResult>
    <UnitTestResult executionId="839c2692-d3ff-41ef-80dd-e7411759cedc" testId="4bf86921-9817-489b-af6e-71146a5a4d1c" testName="SignaturesTest" computerName="DESKTOP-RRA95A8" duration="00:00:03.2440081" startTime="2016-01-24T02:41:33.4022843-08:00" endTime="2016-01-24T02:41:37.4251569-08:00" testType="13cdc9d9-ddb5-4fa4-a97d-d965ccfc6d4b" outcome="Passed" testListId="8c84fa94-04c1-424b-9868-57a2d4851a1d" relativeResultsDirectory="839c2692-d3ff-41ef-80dd-e7411759cedc">
      <Output>
        <StdOut>Opening C:\src\nodejstools\TestResults\Itani_DESKTOP-RRA95A8 2016-01-24 02_34_51\Out\Temp\vmksijus.ha5\SignaturesTest.sln</StdOut>
      </Output>
    </UnitTestResult>
    <UnitTestResult executionId="fc1ddea9-bf6a-4c83-beaa-984b5153bcdf" testId="7f8f5bd2-401f-4508-9d19-0ad25042b943" testName="IntellisenseAfterNewLine" computerName="DESKTOP-RRA95A8" duration="00:00:02.7875910" startTime="2016-01-24T02:41:37.4290815-08:00" endTime="2016-01-24T02:41:41.0470994-08:00" testType="13cdc9d9-ddb5-4fa4-a97d-d965ccfc6d4b" outcome="Passed" testListId="8c84fa94-04c1-424b-9868-57a2d4851a1d" relativeResultsDirectory="fc1ddea9-bf6a-4c83-beaa-984b5153bcdf">
      <Output>
        <StdOut>Opening C:\src\nodejstools\TestResults\Itani_DESKTOP-RRA95A8 2016-01-24 02_34_51\Out\Temp\lcu1nxok.ley\NewLineTest.sln</StdOut>
      </Output>
    </UnitTestResult>
    <UnitTestResult executionId="da71c1d4-4c92-48c9-a94d-8778ce1c754a" testId="0ac06de9-18a0-1e7d-757f-6655ca54200a" testName="IntellisenseAfterNewLine2" computerName="DESKTOP-RRA95A8" duration="00:00:03.6301315" startTime="2016-01-24T02:41:41.0516115-08:00" endTime="2016-01-24T02:41:45.2268710-08:00" testType="13cdc9d9-ddb5-4fa4-a97d-d965ccfc6d4b" outcome="Passed" testListId="8c84fa94-04c1-424b-9868-57a2d4851a1d" relativeResultsDirectory="da71c1d4-4c92-48c9-a94d-8778ce1c754a">
      <Output>
        <StdOut>Opening C:\src\nodejstools\TestResults\Itani_DESKTOP-RRA95A8 2016-01-24 02_34_51\Out\Temp\v5uptowl.qxg\NewLineTest.sln</StdOut>
      </Output>
    </UnitTestResult>
    <UnitTestResult executionId="4f73362b-aa4c-4214-a4e8-d3ab4d618cd3" testId="b7d832b4-5239-78f3-3d2a-416fd6659442" testName="IntellisenseAfterSingleLineComment" computerName="DESKTOP-RRA95A8" duration="00:00:03.7334332" startTime="2016-01-24T02:41:45.2317740-08:00" endTime="2016-01-24T02:41:49.7965986-08:00" testType="13cdc9d9-ddb5-4fa4-a97d-d965ccfc6d4b" outcome="Passed" testListId="8c84fa94-04c1-424b-9868-57a2d4851a1d" relativeResultsDirectory="4f73362b-aa4c-4214-a4e8-d3ab4d618cd3">
      <Output>
        <StdOut>Opening C:\src\nodejstools\TestResults\Itani_DESKTOP-RRA95A8 2016-01-24 02_34_51\Out\Temp\farpertn.gq2\IntellisenseAfterSingleCommentTest.sln</StdOut>
      </Output>
    </UnitTestResult>
    <UnitTestResult executionId="20ef9ad2-29ee-478a-b9a0-cda41af01b75" testId="d880b54d-03bf-19e5-1b1c-04006779550a" testName="IntellisenseAfterMultiLineComment" computerName="DESKTOP-RRA95A8" duration="00:00:03.9386713" startTime="2016-01-24T02:41:49.8015056-08:00" endTime="2016-01-24T02:41:54.5839008-08:00" testType="13cdc9d9-ddb5-4fa4-a97d-d965ccfc6d4b" outcome="Passed" testListId="8c84fa94-04c1-424b-9868-57a2d4851a1d" relativeResultsDirectory="20ef9ad2-29ee-478a-b9a0-cda41af01b75">
      <Output>
        <StdOut>Opening C:\src\nodejstools\TestResults\Itani_DESKTOP-RRA95A8 2016-01-24 02_34_51\Out\Temp\0asdonq4.fqo\IntellisenseAfterMultiCommentTest.sln</StdOut>
      </Output>
    </UnitTestResult>
    <UnitTestResult executionId="5b95a646-03ea-4189-b276-5ff29cda2102" testId="404e0b79-4da7-ebda-080e-c960964c39c6" testName="IntellisenseAfterEmptyCompletionContextKeywords" computerName="DESKTOP-RRA95A8" duration="00:00:24.5999512" startTime="2016-01-24T02:41:54.5878261-08:00" endTime="2016-01-24T02:42:20.0428039-08:00" testType="13cdc9d9-ddb5-4fa4-a97d-d965ccfc6d4b" outcome="Passed" testListId="8c84fa94-04c1-424b-9868-57a2d4851a1d" relativeResultsDirectory="5b95a646-03ea-4189-b276-5ff29cda2102">
      <Output>
        <StdOut>Opening C:\src\nodejstools\TestResults\Itani_DESKTOP-RRA95A8 2016-01-24 02_34_51\Out\Temp\pigsfc5w.js2\IntellisenseAfterEmptyCompletionContextKeywordTest.sln
Opening C:\src\nodejstools\TestResults\Itani_DESKTOP-RRA95A8 2016-01-24 02_34_51\Out\Temp\3uclhhyc.nwp\IntellisenseAfterEmptyCompletionContextKeywordTest.sln
Opening C:\src\nodejstools\TestResults\Itani_DESKTOP-RRA95A8 2016-01-24 02_34_51\Out\Temp\1cuehtog.vty\IntellisenseAfterEmptyCompletionContextKeywordTest.sln
Opening C:\src\nodejstools\TestResults\Itani_DESKTOP-RRA95A8 2016-01-24 02_34_51\Out\Temp\1engkpno.loj\IntellisenseAfterEmptyCompletionContextKeywordTest.sln</StdOut>
      </Output>
    </UnitTestResult>
    <UnitTestResult executionId="6f613923-40ba-4861-b8fc-ddc476de1473" testId="aa396939-f44e-6f15-2420-0a49f3f9128a" testName="JSDocTest" computerName="DESKTOP-RRA95A8" duration="00:00:06.6056944" startTime="2016-01-24T02:42:20.0467285-08:00" endTime="2016-01-24T02:42:27.5433653-08:00" testType="13cdc9d9-ddb5-4fa4-a97d-d965ccfc6d4b" outcome="Passed" testListId="8c84fa94-04c1-424b-9868-57a2d4851a1d" relativeResultsDirectory="6f613923-40ba-4861-b8fc-ddc476de1473">
      <Output>
        <StdOut>Opening C:\src\nodejstools\TestResults\Itani_DESKTOP-RRA95A8 2016-01-24 02_34_51\Out\Temp\qqcojrrg.cjc\JSDocTest.sln</StdOut>
      </Output>
    </UnitTestResult>
    <UnitTestResult executionId="f4cb2d53-eb68-488a-b455-6cfa11c5d017" testId="4811bb22-2a2a-f8c9-8ff2-d697eb32f455" testName="TestInsertSnippet" computerName="DESKTOP-RRA95A8" duration="00:00:19.9650925" startTime="2016-01-24T02:42:27.5472892-08:00" endTime="2016-01-24T02:42:49.1347738-08:00" testType="13cdc9d9-ddb5-4fa4-a97d-d965ccfc6d4b" outcome="Failed" testListId="8c84fa94-04c1-424b-9868-57a2d4851a1d" relativeResultsDirectory="f4cb2d53-eb68-488a-b455-6cfa11c5d017">
      <Output>
        <StdOut>Opening C:\src\nodejstools\TestResults\Itani_DESKTOP-RRA95A8 2016-01-24 02_34_51\Out\Temp\mxdd3uob.c0t\SnippetsTest.sln
Testing: while
Executing command Edit.InsertSnippet 
Successfully executed command Edit.InsertSnippet 
Declaration: false
Testing: if
Executing command Edit.InsertSnippet 
Successfully executed command Edit.InsertSnippet 
Declaration: false
Testing: iife
Executing command Edit.InsertSnippet 
Successfully executed command Edit.InsertSnippet 
Declaration: name</StdOut>
        <ErrorInfo>
          <Message>Assert.AreEqual failed. Expected:&lt;(function (name) {
    nonempty
})();
&gt;. Actual:&lt;(function (__dirname) {
    nonempty
})();
&gt;. </Message>
          <StackTrace>   at TestUtilities.UI.EditorWindow.WaitForText(String text) in C:\src\nodejstools\Common\Tests\Utilities.UI\UI\EditorWindow.cs:line 92
   at Microsoft.Nodejs.Tests.UI.SnippetsTests.VerifySnippet(Snippet snippet, String body, IEditor server) in C:\src\nodejstools\Nodejs\Tests\Core.UI\SnippetsTests.cs:line 219
   at Microsoft.Nodejs.Tests.UI.SnippetsTests.TestOneInsertSnippet(IVisualStudioInstance solution, Snippet snippet, String category, String body, String file) in C:\src\nodejstools\Nodejs\Tests\Core.UI\SnippetsTests.cs:line 167
   at Microsoft.Nodejs.Tests.UI.SnippetsTests.TestInsertSnippet() in C:\src\nodejstools\Nodejs\Tests\Core.UI\SnippetsTests.cs:line 87
</StackTrace>
        </ErrorInfo>
      </Output>
    </UnitTestResult>
    <UnitTestResult executionId="1f2c815e-fbe8-4a8e-8d0a-d673cf7b6978" testId="feb96467-d00d-95e8-1b20-95e6c499ccb7" testName="TestSelectedIndented" computerName="DESKTOP-RRA95A8" duration="00:00:13.9688694" startTime="2016-01-24T02:42:49.1416759-08:00" endTime="2016-01-24T02:43:03.6317680-08:00" testType="13cdc9d9-ddb5-4fa4-a97d-d965ccfc6d4b" outcome="Failed" testListId="8c84fa94-04c1-424b-9868-57a2d4851a1d" relativeResultsDirectory="1f2c815e-fbe8-4a8e-8d0a-d673cf7b6978">
      <Output>
        <StdOut>Opening C:\src\nodejstools\TestResults\Itani_DESKTOP-RRA95A8 2016-01-24 02_34_51\Out\Temp\y3fyfiyw.qxp\SnippetsTest.sln</StdOut>
        <ErrorInfo>
          <Message>Assert.AreEqual failed. Expected:&lt;if (true) {
    if (true) {
        
    }
    
}&gt;. Actual:&lt;if (true) {
    if
}&gt;. </Message>
          <StackTrace>   at TestUtilities.UI.EditorWindow.WaitForText(String text) in C:\src\nodejstools\Common\Tests\Utilities.UI\UI\EditorWindow.cs:line 92
   at Microsoft.Nodejs.Tests.UI.SnippetsTests.TestSelectedIndented() in C:\src\nodejstools\Nodejs\Tests\Core.UI\SnippetsTests.cs:line 104
</StackTrace>
        </ErrorInfo>
      </Output>
    </UnitTestResult>
    <UnitTestResult executionId="c30dab13-a6f1-4893-ab85-2a8190607d8b" testId="43eae130-c007-bb1f-23df-0772320e32d0" testName="TestSurroundWithSnippet" computerName="DESKTOP-RRA95A8" duration="00:00:18.8257003" startTime="2016-01-24T02:43:03.6386366-08:00" endTime="2016-01-24T02:43:24.4916337-08:00" testType="13cdc9d9-ddb5-4fa4-a97d-d965ccfc6d4b" outcome="Failed" testListId="8c84fa94-04c1-424b-9868-57a2d4851a1d" relativeResultsDirectory="c30dab13-a6f1-4893-ab85-2a8190607d8b">
      <Output>
        <StdOut>Opening C:\src\nodejstools\TestResults\Itani_DESKTOP-RRA95A8 2016-01-24 02_34_51\Out\Temp\202wajwh.qw0\SnippetsTest.sln
Testing: while
Executing command Edit.SurroundWith 
Successfully executed command Edit.SurroundWith 
Declaration: false
Testing: if
Executing command Edit.SurroundWith 
Successfully executed command Edit.SurroundWith 
Declaration: false
Testing: iife
Executing command Edit.SurroundWith 
Successfully executed command Edit.SurroundWith 
Declaration: name</StdOut>
        <ErrorInfo>
          <Message>Assert.AreEqual failed. Expected:&lt;(function (name) {
    nonempty
})();
&gt;. Actual:&lt;(function (__dirname) {
    nonempty
})();
&gt;. </Message>
          <StackTrace>   at TestUtilities.UI.EditorWindow.WaitForText(String text) in C:\src\nodejstools\Common\Tests\Utilities.UI\UI\EditorWindow.cs:line 92
   at Microsoft.Nodejs.Tests.UI.SnippetsTests.VerifySnippet(Snippet snippet, String body, IEditor server) in C:\src\nodejstools\Nodejs\Tests\Core.UI\SnippetsTests.cs:line 219
   at Microsoft.Nodejs.Tests.UI.SnippetsTests.TestOneSurroundWithSnippet(IVisualStudioInstance solution, Snippet snippet, String category, String body, String file) in C:\src\nodejstools\Nodejs\Tests\Core.UI\SnippetsTests.cs:line 154
   at Microsoft.Nodejs.Tests.UI.SnippetsTests.TestSurroundWithSnippet() in C:\src\nodejstools\Nodejs\Tests\Core.UI\SnippetsTests.cs:line 118
</StackTrace>
        </ErrorInfo>
      </Output>
    </UnitTestResult>
    <UnitTestResult executionId="ac06127a-86d1-4b9d-95d2-3bd0ee6ddad5" testId="b9a0a2c4-fe0c-9457-d327-6efe121e4a3a" testName="TestSelected" computerName="DESKTOP-RRA95A8" duration="00:00:12.9904809" startTime="2016-01-24T02:43:24.4971483-08:00" endTime="2016-01-24T02:43:38.4653565-08:00" testType="13cdc9d9-ddb5-4fa4-a97d-d965ccfc6d4b" outcome="Failed" testListId="8c84fa94-04c1-424b-9868-57a2d4851a1d" relativeResultsDirectory="ac06127a-86d1-4b9d-95d2-3bd0ee6ddad5">
      <Output>
        <StdOut>Opening C:\src\nodejstools\TestResults\Itani_DESKTOP-RRA95A8 2016-01-24 02_34_51\Out\Temp\155sznh4.oer\SnippetsTest.sln
Testing: if</StdOut>
        <ErrorInfo>
          <Message>Assert.AreEqual failed. Expected:&lt;if (true) {
    
}
&gt;. Actual:&lt;if&gt;. </Message>
          <StackTrace>   at TestUtilities.UI.EditorWindow.WaitForText(String text) in C:\src\nodejstools\Common\Tests\Utilities.UI\UI\EditorWindow.cs:line 92
   at Microsoft.Nodejs.Tests.UI.SnippetsTests.VerifySnippet(Snippet snippet, String body, IEditor server) in C:\src\nodejstools\Nodejs\Tests\Core.UI\SnippetsTests.cs:line 213
   at Microsoft.Nodejs.Tests.UI.SnippetsTests.TestOneTabSnippet(IVisualStudioInstance solution, Snippet snippet) in C:\src\nodejstools\Nodejs\Tests\Core.UI\SnippetsTests.cs:line 189
   at Microsoft.Nodejs.Tests.UI.SnippetsTests.TestSelected() in C:\src\nodejstools\Nodejs\Tests\Core.UI\SnippetsTests.cs:line 134
</StackTrace>
        </ErrorInfo>
      </Output>
    </UnitTestResult>
    <UnitTestResult executionId="b5190ff8-a7a5-4fdb-b2ef-536bac085ad7" testId="f179dc77-17b7-1acf-ba37-3265226ff44d" testName="TestBasicSnippetsTab" computerName="DESKTOP-RRA95A8" duration="00:00:13.8974083" startTime="2016-01-24T02:43:38.4712420-08:00" endTime="2016-01-24T02:43:53.4481375-08:00" testType="13cdc9d9-ddb5-4fa4-a97d-d965ccfc6d4b" outcome="Failed" testListId="8c84fa94-04c1-424b-9868-57a2d4851a1d" relativeResultsDirectory="b5190ff8-a7a5-4fdb-b2ef-536bac085ad7">
      <Output>
        <StdOut>Opening C:\src\nodejstools\TestResults\Itani_DESKTOP-RRA95A8 2016-01-24 02_34_51\Out\Temp\mldyduf3.tv2\SnippetsTest.sln
Testing: while</StdOut>
        <ErrorInfo>
          <Message>Assert.AreEqual failed. Expected:&lt;while (true) {
    
};
&gt;. Actual:&lt;while&gt;. </Message>
          <StackTrace>   at TestUtilities.UI.EditorWindow.WaitForText(String text) in C:\src\nodejstools\Common\Tests\Utilities.UI\UI\EditorWindow.cs:line 92
   at Microsoft.Nodejs.Tests.UI.SnippetsTests.VerifySnippet(Snippet snippet, String body, IEditor server) in C:\src\nodejstools\Nodejs\Tests\Core.UI\SnippetsTests.cs:line 213
   at Microsoft.Nodejs.Tests.UI.SnippetsTests.TestOneTabSnippet(IVisualStudioInstance solution, Snippet snippet) in C:\src\nodejstools\Nodejs\Tests\Core.UI\SnippetsTests.cs:line 189
   at Microsoft.Nodejs.Tests.UI.SnippetsTests.TestBasicSnippetsTab() in C:\src\nodejstools\Nodejs\Tests\Core.UI\SnippetsTests.cs:line 175
</StackTrace>
        </ErrorInfo>
      </Output>
    </UnitTestResult>
    <UnitTestResult executionId="2228d0b9-2d8e-471a-b6d2-4ef2733ec0a3" testId="97042951-1f4b-4b6d-ac8e-63c3cccd8ec6" testName="TestSurroundWithMultiline" computerName="DESKTOP-RRA95A8" duration="00:00:19.9153990" startTime="2016-01-24T02:43:53.4526474-08:00" endTime="2016-01-24T02:44:15.1725706-08:00" testType="13cdc9d9-ddb5-4fa4-a97d-d965ccfc6d4b" outcome="Failed" testListId="8c84fa94-04c1-424b-9868-57a2d4851a1d" relativeResultsDirectory="2228d0b9-2d8e-471a-b6d2-4ef2733ec0a3">
      <Output>
        <StdOut>Opening C:\src\nodejstools\TestResults\Itani_DESKTOP-RRA95A8 2016-01-24 02_34_51\Out\Temp\e2znlnkk.ahy\SnippetsTest.sln
Testing: while
Executing command Edit.SurroundWith 
Successfully executed command Edit.SurroundWith 
Declaration: false
Testing: if
Executing command Edit.SurroundWith 
Successfully executed command Edit.SurroundWith 
Declaration: false
Testing: iife
Executing command Edit.SurroundWith 
Successfully executed command Edit.SurroundWith 
Declaration: name</StdOut>
        <ErrorInfo>
          <Message>Assert.AreEqual failed. Expected:&lt;(function (name) {
    one
    two
    three
})();
&gt;. Actual:&lt;(function (__dirname) {
    one
    two
    three
})();
&gt;. </Message>
          <StackTrace>   at TestUtilities.UI.EditorWindow.WaitForText(String text) in C:\src\nodejstools\Common\Tests\Utilities.UI\UI\EditorWindow.cs:line 92
   at Microsoft.Nodejs.Tests.UI.SnippetsTests.VerifySnippet(Snippet snippet, String body, IEditor server) in C:\src\nodejstools\Nodejs\Tests\Core.UI\SnippetsTests.cs:line 219
   at Microsoft.Nodejs.Tests.UI.SnippetsTests.TestOneSurroundWithSnippet(IVisualStudioInstance solution, Snippet snippet, String category, String body, String file) in C:\src\nodejstools\Nodejs\Tests\Core.UI\SnippetsTests.cs:line 154
   at Microsoft.Nodejs.Tests.UI.SnippetsTests.TestSurroundWithMultiline() in C:\src\nodejstools\Nodejs\Tests\Core.UI\SnippetsTests.cs:line 197
</StackTrace>
        </ErrorInfo>
      </Output>
    </UnitTestResult>
    <UnitTestResult executionId="d324578c-c249-45c8-89e9-b6f62c43e36a" testId="2c9c1ca5-13a8-ec3e-4e27-11f830e732d7" testName="ClassificationTest" computerName="DESKTOP-RRA95A8" duration="00:00:04.2462527" startTime="2016-01-24T02:44:15.1903709-08:00" endTime="2016-01-24T02:44:19.9036444-08:00" testType="13cdc9d9-ddb5-4fa4-a97d-d965ccfc6d4b" outcome="Passed" testListId="8c84fa94-04c1-424b-9868-57a2d4851a1d" relativeResultsDirectory="d324578c-c249-45c8-89e9-b6f62c43e36a">
      <Output>
        <StdOut>Opening C:\src\nodejstools\TestResults\Itani_DESKTOP-RRA95A8 2016-01-24 02_34_51\Out\Temp\jjjul2iw.ybj\Classifications.sln</StdOut>
      </Output>
    </UnitTestResult>
    <UnitTestResult executionId="cc265872-bf68-4c32-a2a9-894297a8c11e" testId="00059936-363b-79b0-195e-4759152a6110" testName="IdentifierKeywords" computerName="DESKTOP-RRA95A8" duration="00:00:02.6322050" startTime="2016-01-24T02:44:19.9075701-08:00" endTime="2016-01-24T02:44:23.6759181-08:00" testType="13cdc9d9-ddb5-4fa4-a97d-d965ccfc6d4b" outcome="Passed" testListId="8c84fa94-04c1-424b-9868-57a2d4851a1d" relativeResultsDirectory="cc265872-bf68-4c32-a2a9-894297a8c11e">
      <Output>
        <StdOut>Opening C:\src\nodejstools\TestResults\Itani_DESKTOP-RRA95A8 2016-01-24 02_34_51\Out\Temp\gnlruoqe.h0g\Classifications.sln</StdOut>
      </Output>
    </UnitTestResult>
    <UnitTestResult executionId="809a2ee0-1d7a-44c9-9340-a48ddef2cd90" testId="b65be1ff-9cab-a72d-df82-22eea01d90ce" testName="ClassificationTest1661" computerName="DESKTOP-RRA95A8" duration="00:00:07.7545364" startTime="2016-01-24T02:44:23.6847935-08:00" endTime="2016-01-24T02:44:32.8556018-08:00" testType="13cdc9d9-ddb5-4fa4-a97d-d965ccfc6d4b" outcome="Passed" testListId="8c84fa94-04c1-424b-9868-57a2d4851a1d" relativeResultsDirectory="809a2ee0-1d7a-44c9-9340-a48ddef2cd90">
      <Output>
        <StdOut>Opening C:\src\nodejstools\TestResults\Itani_DESKTOP-RRA95A8 2016-01-24 02_34_51\Out\Temp\zb3in3en.5ig\Classifications.sln
Opening C:\src\nodejstools\TestResults\Itani_DESKTOP-RRA95A8 2016-01-24 02_34_51\Out\Temp\nstq4dgz.cbt\Classifications.sln</StdOut>
      </Output>
    </UnitTestResult>
    <UnitTestResult executionId="c8376e42-58a5-4872-bfda-d658a614ea5f" testId="82ee0c35-2ae6-4e6d-2f42-c95684a665d1" testName="TestWaitOnExit" computerName="DESKTOP-RRA95A8" duration="00:01:46.8369402" startTime="2016-01-24T02:44:32.8595260-08:00" endTime="2016-01-24T02:46:21.6099726-08:00" testType="13cdc9d9-ddb5-4fa4-a97d-d965ccfc6d4b" outcome="Passed" testListId="8c84fa94-04c1-424b-9868-57a2d4851a1d" relativeResultsDirectory="c8376e42-58a5-4872-bfda-d658a614ea5f">
      <Output>
        <StdOut>Testing False 0 True True
Opening C:\src\nodejstools\TestResults\Itani_DESKTOP-RRA95A8 2016-01-24 02_34_51\Out\Temp\b1pfl1vi.ioz\WaitOnExit.sln
Executing command Debug.StartWithoutDebugging 
Successfully executed command Debug.StartWithoutDebugging 
Testing False 0 True False
Opening C:\src\nodejstools\TestResults\Itani_DESKTOP-RRA95A8 2016-01-24 02_34_51\Out\Temp\q013asnl.j4g\WaitOnExit.sln
Executing command Debug.StartWithoutDebugging 
Successfully executed command Debug.StartWithoutDebugging 
Testing False 0 False True
Opening C:\src\nodejstools\TestResults\Itani_DESKTOP-RRA95A8 2016-01-24 02_34_51\Out\Temp\vgvapdwo.ztl\WaitOnExit.sln
Executing command Debug.StartWithoutDebugging 
Successfully executed command Debug.StartWithoutDebugging 
Testing False 0 False False
Opening C:\src\nodejstools\TestResults\Itani_DESKTOP-RRA95A8 2016-01-24 02_34_51\Out\Temp\5tthoj4z.fzz\WaitOnExit.sln
Executing command Debug.StartWithoutDebugging 
Successfully executed command Debug.StartWithoutDebugging 
Testing False 1 True True
Opening C:\src\nodejstools\TestResults\Itani_DESKTOP-RRA95A8 2016-01-24 02_34_51\Out\Temp\3v4brz3x.js1\WaitOnExit.sln
Executing command Debug.StartWithoutDebugging 
Successfully executed command Debug.StartWithoutDebugging 
Testing False 1 True False
Opening C:\src\nodejstools\TestResults\Itani_DESKTOP-RRA95A8 2016-01-24 02_34_51\Out\Temp\2sjfjakv.3u5\WaitOnExit.sln
Executing command Debug.StartWithoutDebugging 
Successfully executed command Debug.StartWithoutDebugging 
Testing False 1 False True
Opening C:\src\nodejstools\TestResults\Itani_DESKTOP-RRA95A8 2016-01-24 02_34_51\Out\Temp\lbo3m4gy.noj\WaitOnExit.sln
Executing command Debug.StartWithoutDebugging 
Successfully executed command Debug.StartWithoutDebugging 
Testing False 1 False False
Opening C:\src\nodejstools\TestResults\Itani_DESKTOP-RRA95A8 2016-01-24 02_34_51\Out\Temp\usu0kwst.4py\WaitOnExit.sln
Executing command Debug.StartWithoutDebugging 
Successfully executed command Debug.StartWithoutDebugging 
Testing True 0 True True
Opening C:\src\nodejstools\TestResults\Itani_DESKTOP-RRA95A8 2016-01-24 02_34_51\Out\Temp\b30ph0bg.fz1\WaitOnExit.sln
Executing command Debug.Start 
Successfully executed command Debug.Start 
Testing True 0 True False
Opening C:\src\nodejstools\TestResults\Itani_DESKTOP-RRA95A8 2016-01-24 02_34_51\Out\Temp\ev3dwkhc.seu\WaitOnExit.sln
Executing command Debug.Start 
Successfully executed command Debug.Start 
Testing True 0 False True
Opening C:\src\nodejstools\TestResults\Itani_DESKTOP-RRA95A8 2016-01-24 02_34_51\Out\Temp\rbkwk52l.qxg\WaitOnExit.sln
Executing command Debug.Start 
Successfully executed command Debug.Start 
Testing True 0 False False
Opening C:\src\nodejstools\TestResults\Itani_DESKTOP-RRA95A8 2016-01-24 02_34_51\Out\Temp\3dfpnydh.4og\WaitOnExit.sln
Executing command Debug.Start 
Successfully executed command Debug.Start 
Testing True 1 True True
Opening C:\src\nodejstools\TestResults\Itani_DESKTOP-RRA95A8 2016-01-24 02_34_51\Out\Temp\y1wzcvdg.iwu\WaitOnExit.sln
Executing command Debug.Start 
Successfully executed command Debug.Start 
Testing True 1 True False
Opening C:\src\nodejstools\TestResults\Itani_DESKTOP-RRA95A8 2016-01-24 02_34_51\Out\Temp\mnmfdami.sof\WaitOnExit.sln
Executing command Debug.Start 
Successfully executed command Debug.Start 
Testing True 1 False True
Opening C:\src\nodejstools\TestResults\Itani_DESKTOP-RRA95A8 2016-01-24 02_34_51\Out\Temp\y0w4zqup.ox5\WaitOnExit.sln
Executing command Debug.Start 
Successfully executed command Debug.Start 
Testing True 1 False False
Opening C:\src\nodejstools\TestResults\Itani_DESKTOP-RRA95A8 2016-01-24 02_34_51\Out\Temp\rszedfpk.ivx\WaitOnExit.sln
Executing command Debug.Start 
Successfully executed command Debug.Start</StdOut>
      </Output>
    </UnitTestResult>
    <UnitTestResult executionId="0aa61e43-caea-4313-a339-15d42074c7a9" testId="a5885518-0334-3426-a19d-615932444f06" testName="TestNoDebugging" computerName="DESKTOP-RRA95A8" duration="00:00:24.1885554" startTime="2016-01-24T02:46:21.6168649-08:00" endTime="2016-01-24T02:46:46.3174135-08:00" testType="13cdc9d9-ddb5-4fa4-a97d-d965ccfc6d4b" outcome="Failed" testListId="8c84fa94-04c1-424b-9868-57a2d4851a1d" relativeResultsDirectory="0aa61e43-caea-4313-a339-15d42074c7a9">
      <Output>
        <StdOut>Opening C:\src\nodejstools\TestResults\Itani_DESKTOP-RRA95A8 2016-01-24 02_34_51\Out\Temp\0qqikzl0.r5p\NoDebugging.sln
Executing command Debug.Start 
Successfully executed command Debug.Start 



Debug Trace:
Exception : Unable to start program 'C:\Program Files\nodejs\node.exe'.

Operation not supported. Unknown error: 0x80070057.</StdOut>
        <ErrorInfo>
          <Message>Assert.IsTrue failed. failed to find new processes</Message>
          <StackTrace>   at Microsoft.Nodejs.Tests.UI.DebuggerUITests.TestNoDebugging() in C:\src\nodejstools\Nodejs\Tests\Core.UI\DebuggerUITests.cs:line 156
</StackTrace>
        </ErrorInfo>
      </Output>
    </UnitTestResult>
    <UnitTestResult executionId="75c01386-61a2-4326-80ca-43b27919c1cd" testId="0d3bf4e4-1270-cc9d-0baa-e433478cabc0" testName="InsertTabs" computerName="DESKTOP-RRA95A8" duration="00:00:03.3761904" startTime="2016-01-24T02:46:46.3233008-08:00" endTime="2016-01-24T02:46:52.3951587-08:00" testType="13cdc9d9-ddb5-4fa4-a97d-d965ccfc6d4b" outcome="Passed" testListId="8c84fa94-04c1-424b-9868-57a2d4851a1d" relativeResultsDirectory="75c01386-61a2-4326-80ca-43b27919c1cd">
      <Output>
        <StdOut>Opening C:\src\nodejstools\TestResults\Itani_DESKTOP-RRA95A8 2016-01-24 02_34_51\Out\Temp\d55fydft.rfg\TabsSpaces.sln</StdOut>
      </Output>
    </UnitTestResult>
    <UnitTestResult executionId="d7776cdb-f26d-4546-9158-f2382f085f2a" testId="c255cd0d-e34e-61db-62ce-6b498f5fafed" testName="InsertSpaces" computerName="DESKTOP-RRA95A8" duration="00:00:03.9450304" startTime="2016-01-24T02:46:52.4030111-08:00" endTime="2016-01-24T02:46:58.2485642-08:00" testType="13cdc9d9-ddb5-4fa4-a97d-d965ccfc6d4b" outcome="Passed" testListId="8c84fa94-04c1-424b-9868-57a2d4851a1d" relativeResultsDirectory="d7776cdb-f26d-4546-9158-f2382f085f2a">
      <Output>
        <StdOut>Opening C:\src\nodejstools\TestResults\Itani_DESKTOP-RRA95A8 2016-01-24 02_34_51\Out\Temp\uif15pwn.h3i\TabsSpaces.sln</StdOut>
      </Output>
    </UnitTestResult>
    <UnitTestResult executionId="18c6d129-727c-4af6-8cc7-ca3629e4ebb4" testId="76007e5f-5e1a-00b2-8664-bc3508ffcf0f" testName="AddNewTypeScriptItem" computerName="DESKTOP-RRA95A8" duration="00:00:17.6898308" startTime="2016-01-24T02:46:58.2915875-08:00" endTime="2016-01-24T02:47:19.2968479-08:00" testType="13cdc9d9-ddb5-4fa4-a97d-d965ccfc6d4b" outcome="Failed" testListId="8c84fa94-04c1-424b-9868-57a2d4851a1d" relativeResultsDirectory="18c6d129-727c-4af6-8cc7-ca3629e4ebb4">
      <Output>
        <StdOut>Opening C:\src\nodejstools\TestResults\Itani_DESKTOP-RRA95A8 2016-01-24 02_34_51\Out\Temp\rtfam2wn.f2r\AddNewTypeScriptItem.sln
Successfully executed command Project.AddNewItem 
Executing command Build.BuildSolution 
Successfully executed command Build.BuildSolution</StdOut>
        <ErrorInfo>
          <Message>Assert.Fail failed. Failed to find tsc.exe in output window Build, found:
------ Build started: Project: AddNewTypeScriptItem, Configuration: Debug Any CPU ------
========== Build: 1 succeeded, 0 failed, 0 up-to-date, 0 skipped ==========
</Message>
          <StackTrace>   at TestUtilities.UI.VisualStudioApp.WaitForOutputWindowText(String name, String containsText, Int32 timeout) in C:\src\nodejstools\Common\Tests\Utilities.UI\UI\VisualStudioApp.cs:line 371
   at TestUtilities.UI.VisualStudioInstance.WaitForOutputWindowText(String name, String containsText, Int32 timeout) in C:\src\nodejstools\Common\Tests\Utilities.UI\UI\VisualStudioInstance.cs:line 283
   at Microsoft.Nodejs.Tests.UI.NodejsBasicProjectTests.AddNewTypeScriptItem() in C:\src\nodejstools\Nodejs\Tests\Core.UI\NodejsBasicProjectTests.cs:line 64
</StackTrace>
        </ErrorInfo>
      </Output>
    </UnitTestResult>
    <UnitTestResult executionId="29a11eeb-391a-4fc9-bd43-bba5093fc517" testId="0567bb10-1365-78ad-585e-6ab1d35b69db" testName="TestExcludedErrors" computerName="DESKTOP-RRA95A8" duration="00:00:18.2501919" startTime="2016-01-24T02:47:19.3018617-08:00" endTime="2016-01-24T02:47:38.0163678-08:00" testType="13cdc9d9-ddb5-4fa4-a97d-d965ccfc6d4b" outcome="Passed" testListId="8c84fa94-04c1-424b-9868-57a2d4851a1d" relativeResultsDirectory="29a11eeb-391a-4fc9-bd43-bba5093fc517">
      <Output>
        <StdOut>Opening C:\src\nodejstools\TestResults\Itani_DESKTOP-RRA95A8 2016-01-24 02_34_51\Out\Temp\guk2aqr5.e4q\TestExcludedErrors.sln
Waiting for 0 items on SVsErrorList ... Executing command Project.IncludeInProject 
Successfully executed command Project.IncludeInProject 
Waiting for 1 items on SVsErrorList ... Executing command Project.ExcludeFromProject 
Successfully executed command Project.ExcludeFromProject 
Waiting for 0 items on SVsErrorList ...</StdOut>
      </Output>
    </UnitTestResult>
    <UnitTestResult executionId="51377def-f52b-4a2f-84d4-f7c2bb62f7d8" testId="3d357150-fe02-ea3e-02a3-73ede4218d02" testName="TestDebuggerPort" computerName="DESKTOP-RRA95A8" duration="00:00:03.9263508" startTime="2016-01-24T02:47:38.0212740-08:00" endTime="2016-01-24T02:47:43.4797738-08:00" testType="13cdc9d9-ddb5-4fa4-a97d-d965ccfc6d4b" outcome="Passed" testListId="8c84fa94-04c1-424b-9868-57a2d4851a1d" relativeResultsDirectory="51377def-f52b-4a2f-84d4-f7c2bb62f7d8">
      <Output>
        <StdOut>Temp file is: C:\src\nodejstools\TestResults\Itani_DESKTOP-RRA95A8 2016-01-24 02_34_51\Out\Temp\cytgy3o2.jji
Opening C:\src\nodejstools\TestResults\Itani_DESKTOP-RRA95A8 2016-01-24 02_34_51\Out\Temp\zljzdcnv.5dp\DebuggerPort.sln
Executing command Debug.Start 
Successfully executed command Debug.Start 
Executing command Debug.StopDebugging 
Successfully executed command Debug.StopDebugging</StdOut>
      </Output>
    </UnitTestResult>
    <UnitTestResult executionId="f130df68-a6d2-435f-b1c0-d3946fa516c7" testId="f94ff43a-dd9b-9f3a-6c4b-908934c4c49b" testName="TestEnvironmentVariables" computerName="DESKTOP-RRA95A8" duration="00:00:05.5761177" startTime="2016-01-24T02:47:43.4857038-08:00" endTime="2016-01-24T02:47:49.5928517-08:00" testType="13cdc9d9-ddb5-4fa4-a97d-d965ccfc6d4b" outcome="Passed" testListId="8c84fa94-04c1-424b-9868-57a2d4851a1d" relativeResultsDirectory="f130df68-a6d2-435f-b1c0-d3946fa516c7">
      <Output>
        <StdOut>Temp file is: C:\src\nodejstools\TestResults\Itani_DESKTOP-RRA95A8 2016-01-24 02_34_51\Out\Temp\at2pnoxi.24d
Opening C:\src\nodejstools\TestResults\Itani_DESKTOP-RRA95A8 2016-01-24 02_34_51\Out\Temp\k1ljdhht.5on\EnvironmentVariables.sln
Executing command Debug.Start 
Successfully executed command Debug.Start 
Executing command Debug.StopDebugging 
Successfully executed command Debug.StopDebugging</StdOut>
      </Output>
    </UnitTestResult>
    <UnitTestResult executionId="a954a88b-02d2-4842-9fcf-a55e6ce60da9" testId="22d3252d-1029-7f5e-cb1f-139fc21c89dd" testName="TestEnvironmentVariablesNoDebugging" computerName="DESKTOP-RRA95A8" duration="00:00:05.3308267" startTime="2016-01-24T02:47:49.5987400-08:00" endTime="2016-01-24T02:47:55.4935417-08:00" testType="13cdc9d9-ddb5-4fa4-a97d-d965ccfc6d4b" outcome="Passed" testListId="8c84fa94-04c1-424b-9868-57a2d4851a1d" relativeResultsDirectory="a954a88b-02d2-4842-9fcf-a55e6ce60da9">
      <Output>
        <StdOut>Temp file is: C:\src\nodejstools\TestResults\Itani_DESKTOP-RRA95A8 2016-01-24 02_34_51\Out\Temp\z5ybqjvq.kof
Opening C:\src\nodejstools\TestResults\Itani_DESKTOP-RRA95A8 2016-01-24 02_34_51\Out\Temp\e3q1ll5u.p2j\EnvironmentVariables.sln
Executing command Debug.StartWithoutDebugging 
Successfully executed command Debug.StartWithoutDebugging</StdOut>
      </Output>
    </UnitTestResult>
    <UnitTestResult executionId="47759315-f6e1-45ac-a9c2-174510706148" testId="c4bd7d78-4dab-b053-441c-0b57b8a0b77a" testName="TestProjectProperties" computerName="DESKTOP-RRA95A8" duration="00:00:08.7093845" startTime="2016-01-24T02:47:55.4974666-08:00" endTime="2016-01-24T02:48:04.6715409-08:00" testType="13cdc9d9-ddb5-4fa4-a97d-d965ccfc6d4b" outcome="Passed" testListId="8c84fa94-04c1-424b-9868-57a2d4851a1d" relativeResultsDirectory="47759315-f6e1-45ac-a9c2-174510706148">
      <Output>
        <StdOut>Opening C:\src\nodejstools\TestResults\Itani_DESKTOP-RRA95A8 2016-01-24 02_34_51\Out\Temp\52xnksnx.yxw\ProjectProperties.sln
Executing command ClassViewContextMenus.ClassViewMultiselectProjectReferencesItems.Properties 
Successfully executed command ClassViewContextMenus.ClassViewMultiselectProjectReferencesItems.Properties 
Executing command File.SaveAll 
Successfully executed command File.SaveAll</StdOut>
      </Output>
    </UnitTestResult>
    <UnitTestResult executionId="09104ac6-3976-4f9e-8fda-49e1f1695dd6" testId="8399c59b-eb88-6f86-dc83-db192a4de3c1" testName="TestClientServerIntelliSenseModes" computerName="DESKTOP-RRA95A8" duration="00:00:24.2258744" startTime="2016-01-24T02:48:04.6744842-08:00" endTime="2016-01-24T02:48:29.4196748-08:00" testType="13cdc9d9-ddb5-4fa4-a97d-d965ccfc6d4b" outcome="Passed" testListId="8c84fa94-04c1-424b-9868-57a2d4851a1d" relativeResultsDirectory="09104ac6-3976-4f9e-8fda-49e1f1695dd6">
      <Output>
        <StdOut>Opening C:\src\nodejstools\TestResults\Itani_DESKTOP-RRA95A8 2016-01-24 02_34_51\Out\TestData\ClientServerCode\ClientServerCode.sln
Successfully executed command Project.AddNewItem 
Successfully executed command Project.AddNewItem 
Successfully executed command Project.AddNewItem</StdOut>
      </Output>
    </UnitTestResult>
    <UnitTestResult executionId="47a6d270-c24b-46af-aad1-dbb9dc353d24" testId="a0534fc7-2793-c734-0bb8-bd03aae9d99a" testName="TestNpmUIInitialization" computerName="DESKTOP-RRA95A8" duration="00:00:03.5592389" startTime="2016-01-24T02:48:29.4265405-08:00" endTime="2016-01-24T02:48:33.4289382-08:00" testType="13cdc9d9-ddb5-4fa4-a97d-d965ccfc6d4b" outcome="Passed" testListId="8c84fa94-04c1-424b-9868-57a2d4851a1d" relativeResultsDirectory="47a6d270-c24b-46af-aad1-dbb9dc353d24" />
    <UnitTestResult executionId="a8250f32-3f1a-435b-9b2f-7a84d15404e3" testId="10bcfa9b-fe25-df79-44c3-ebe9a4087292" testName="TestNpmUIArrowKeyBehavior" computerName="DESKTOP-RRA95A8" duration="00:00:05.0103296" startTime="2016-01-24T02:48:33.4367881-08:00" endTime="2016-01-24T02:48:38.8432073-08:00" testType="13cdc9d9-ddb5-4fa4-a97d-d965ccfc6d4b" outcome="Passed" testListId="8c84fa94-04c1-424b-9868-57a2d4851a1d" relativeResultsDirectory="a8250f32-3f1a-435b-9b2f-7a84d15404e3" />
    <UnitTestResult executionId="cb3520bc-7522-4eb1-a0d9-77aee42e233e" testId="ea55028d-7adc-479d-016a-fd928d5847ac" testName="TestNpmUITabKeyBehavior" computerName="DESKTOP-RRA95A8" duration="00:00:03.6864025" startTime="2016-01-24T02:48:38.8510565-08:00" endTime="2016-01-24T02:48:43.0175664-08:00" testType="13cdc9d9-ddb5-4fa4-a97d-d965ccfc6d4b" outcome="Passed" testListId="8c84fa94-04c1-424b-9868-57a2d4851a1d" relativeResultsDirectory="cb3520bc-7522-4eb1-a0d9-77aee42e233e" />
    <UnitTestResult executionId="e577f639-7a5d-4c27-a6bb-8fd76efcfed8" testId="64668a95-9058-b8c9-bcbb-655d0fff9233" testName="DirtyProperties" computerName="DESKTOP-RRA95A8" duration="00:00:02.6461891" startTime="2016-01-24T02:48:43.0234562-08:00" endTime="2016-01-24T02:48:46.1045389-08:00" testType="13cdc9d9-ddb5-4fa4-a97d-d965ccfc6d4b" outcome="Passed" testListId="8c84fa94-04c1-424b-9868-57a2d4851a1d" relativeResultsDirectory="e577f639-7a5d-4c27-a6bb-8fd76efcfed8">
      <Output>
        <StdOut>Opening C:\src\nodejstools\TestResults\Itani_DESKTOP-RRA95A8 2016-01-24 02_34_51\Out\Temp\zii0dc3w.cur\DirtyProperties.sln
Executing command ClassViewContextMenus.ClassViewMultiselectProjectreferencesItems.Properties 
Successfully executed command ClassViewContextMenus.ClassViewMultiselectProjectreferencesItems.Properties</StdOut>
      </Output>
    </UnitTestResult>
    <UnitTestResult executionId="9cf4ff31-adf2-492f-b172-0cce392631c9" testId="cd80a4ea-502a-6ef1-d912-6005d7860f42" testName="BraceCompletionsBasic" computerName="DESKTOP-RRA95A8" duration="00:00:02.9089082" startTime="2016-01-24T02:48:46.1084620-08:00" endTime="2016-01-24T02:48:50.6556256-08:00" testType="13cdc9d9-ddb5-4fa4-a97d-d965ccfc6d4b" outcome="Passed" testListId="8c84fa94-04c1-424b-9868-57a2d4851a1d" relativeResultsDirectory="9cf4ff31-adf2-492f-b172-0cce392631c9">
      <Output>
        <StdOut>Opening C:\src\nodejstools\TestResults\Itani_DESKTOP-RRA95A8 2016-01-24 02_34_51\Out\Temp\xtzmv5uc.0pt\Require.sln</StdOut>
      </Output>
    </UnitTestResult>
    <UnitTestResult executionId="bd78db54-d1e3-4b43-a104-caddad856dba" testId="a22ed468-ab4d-7c46-3734-fd6b6cffce4e" testName="BraceCompletionsE2E" computerName="DESKTOP-RRA95A8" duration="00:00:06.0496956" startTime="2016-01-24T02:48:50.6595509-08:00" endTime="2016-01-24T02:48:58.3598300-08:00" testType="13cdc9d9-ddb5-4fa4-a97d-d965ccfc6d4b" outcome="Passed" testListId="8c84fa94-04c1-424b-9868-57a2d4851a1d" relativeResultsDirectory="bd78db54-d1e3-4b43-a104-caddad856dba">
      <Output>
        <StdOut>Opening C:\src\nodejstools\TestResults\Itani_DESKTOP-RRA95A8 2016-01-24 02_34_51\Out\Temp\h1g3pjil.jlq\Require.sln</StdOut>
      </Output>
    </UnitTestResult>
    <UnitTestResult executionId="cf1d16b9-28b7-4077-88bf-ce8178537f99" testId="dca8e9c3-d30b-edd1-86b4-ebaae651ad62" testName="BraceCompletionDoesNotOccurInCommentsOrLiterals" computerName="DESKTOP-RRA95A8" duration="00:00:04.3419692" startTime="2016-01-24T02:48:58.3666997-08:00" endTime="2016-01-24T02:49:04.4018621-08:00" testType="13cdc9d9-ddb5-4fa4-a97d-d965ccfc6d4b" outcome="Passed" testListId="8c84fa94-04c1-424b-9868-57a2d4851a1d" relativeResultsDirectory="cf1d16b9-28b7-4077-88bf-ce8178537f99">
      <Output>
        <StdOut>Opening C:\src\nodejstools\TestResults\Itani_DESKTOP-RRA95A8 2016-01-24 02_34_51\Out\Temp\lbufqpbb.kjd\Require.sln</StdOut>
      </Output>
    </UnitTestResult>
    <UnitTestResult executionId="da8829ba-55da-4fe7-a9ce-3992f91fa55b" testId="73d526cc-0300-51d9-eaf9-bee469e1820d" testName="BraceCompletionTerminatesOnEscapedQuoteInLiteralAndDoesntStartAgain" computerName="DESKTOP-RRA95A8" duration="00:00:07.5250473" startTime="2016-01-24T02:49:04.4057867-08:00" endTime="2016-01-24T02:49:12.3989465-08:00" testType="13cdc9d9-ddb5-4fa4-a97d-d965ccfc6d4b" outcome="Passed" testListId="8c84fa94-04c1-424b-9868-57a2d4851a1d" relativeResultsDirectory="da8829ba-55da-4fe7-a9ce-3992f91fa55b">
      <Output>
        <StdOut>Opening C:\src\nodejstools\TestResults\Itani_DESKTOP-RRA95A8 2016-01-24 02_34_51\Out\Temp\n5xkmloe.itn\Require.sln</StdOut>
      </Output>
    </UnitTestResult>
    <UnitTestResult executionId="593ba0b1-ed4f-4fb7-b868-d2e4e96a20da" testId="a89f2e69-7381-bc9d-2671-a7d842604706" testName="SmartIndentBug1198" computerName="DESKTOP-RRA95A8" duration="00:00:03.2401546" startTime="2016-01-24T02:49:12.4058140-08:00" endTime="2016-01-24T02:49:17.3811549-08:00" testType="13cdc9d9-ddb5-4fa4-a97d-d965ccfc6d4b" outcome="Passed" testListId="8c84fa94-04c1-424b-9868-57a2d4851a1d" relativeResultsDirectory="593ba0b1-ed4f-4fb7-b868-d2e4e96a20da">
      <Output>
        <StdOut>Opening C:\src\nodejstools\TestResults\Itani_DESKTOP-RRA95A8 2016-01-24 02_34_51\Out\Temp\syccygvo.yjg\AutoIndent.sln</StdOut>
      </Output>
    </UnitTestResult>
    <UnitTestResult executionId="540496d1-2240-4295-9474-528413992bc5" testId="4e51f778-0f13-c089-ce75-abd1b08ba0df" testName="SmartIndentBug384" computerName="DESKTOP-RRA95A8" duration="00:00:06.7132920" startTime="2016-01-24T02:49:17.3891321-08:00" endTime="2016-01-24T02:49:24.6090982-08:00" testType="13cdc9d9-ddb5-4fa4-a97d-d965ccfc6d4b" outcome="Passed" testListId="8c84fa94-04c1-424b-9868-57a2d4851a1d" relativeResultsDirectory="540496d1-2240-4295-9474-528413992bc5">
      <Output>
        <StdOut>Opening C:\src\nodejstools\TestResults\Itani_DESKTOP-RRA95A8 2016-01-24 02_34_51\Out\Temp\iul2qlrn.0oh\AutoIndent.sln</StdOut>
      </Output>
    </UnitTestResult>
    <UnitTestResult executionId="1f5e2c2b-bf2e-41e8-bba1-81063c88a6df" testId="64ef341b-d0f8-5184-c1b0-49e661109a90" testName="SmartIndentBug3" computerName="DESKTOP-RRA95A8" duration="00:00:18.9271458" startTime="2016-01-24T02:49:24.6149858-08:00" endTime="2016-01-24T02:49:44.0216074-08:00" testType="13cdc9d9-ddb5-4fa4-a97d-d965ccfc6d4b" outcome="Failed" testListId="8c84fa94-04c1-424b-9868-57a2d4851a1d" relativeResultsDirectory="1f5e2c2b-bf2e-41e8-bba1-81063c88a6df">
      <Output>
        <StdOut>Opening C:\src\nodejstools\TestResults\Itani_DESKTOP-RRA95A8 2016-01-24 02_34_51\Out\Temp\1tqqh23f.x0r\AutoIndent.sln
Typing  : var promise = new Promise(function () {function a() {if (b)b = c;100
Expected: var promise = new Promise(function () {
	function a() {
		if (b)
			b = c;
		100
	}
})</StdOut>
        <ErrorInfo>
          <Message>Assert.AreEqual failed. Expected:&lt;var promise = new Promise(function () {
	function a() {
		if (b)
			b = c;
		100
	}
})&gt;. Actual:&lt;var promise = new Promise(function () {
	function a() {
		if (b)
			b = clearTimeout100
	}
})&gt;. </Message>
          <StackTrace>   at Microsoft.Nodejs.Tests.UI.SmartIndent.AutoIndentTest(IVisualStudioInstance solution, String typedText, String expectedText) in C:\src\nodejstools\Nodejs\Tests\Core.UI\SmartIndent.cs:line 338
   at CallSite.Target(Closure , CallSite , SmartIndent , IVisualStudioInstance , Object , Object )
   at System.Dynamic.UpdateDelegates.UpdateAndExecuteVoid4[T0,T1,T2,T3](CallSite site, T0 arg0, T1 arg1, T2 arg2, T3 arg3)
   at Microsoft.Nodejs.Tests.UI.SmartIndent.VerifyAutoIndentTestCases(Object[] testCases) in C:\src\nodejstools\Nodejs\Tests\Core.UI\SmartIndent.cs:line 127
   at Microsoft.Nodejs.Tests.UI.SmartIndent.SmartIndentBug3() in C:\src\nodejstools\Nodejs\Tests\Core.UI\SmartIndent.cs:line 112
</StackTrace>
        </ErrorInfo>
      </Output>
    </UnitTestResult>
    <UnitTestResult executionId="ed111ee9-58e8-4700-86cc-05684b00c78b" testId="29a4181f-c49d-5b24-950b-977a1ace3dea" testName="SmartIndentBasic" computerName="DESKTOP-RRA95A8" duration="00:00:14.4310184" startTime="2016-01-24T02:49:44.0500682-08:00" endTime="2016-01-24T02:50:00.3186067-08:00" testType="13cdc9d9-ddb5-4fa4-a97d-d965ccfc6d4b" outcome="Failed" testListId="8c84fa94-04c1-424b-9868-57a2d4851a1d" relativeResultsDirectory="ed111ee9-58e8-4700-86cc-05684b00c78b">
      <Output>
        <StdOut>Opening C:\src\nodejstools\TestResults\Itani_DESKTOP-RRA95A8 2016-01-24 02_34_51\Out\Temp\gjsfervp.g2n\AutoIndent.sln
Typing  : if (true)while(true)false;100
Expected: if (true)
    while (true)
        false;
100</StdOut>
        <ErrorInfo>
          <Message>Assert.AreEqual failed. Expected:&lt;if (true)
    while (true)
        false;
100&gt;. Actual:&lt;if (truewhile(truefalse;
    100&gt;. </Message>
          <StackTrace>   at Microsoft.Nodejs.Tests.UI.SmartIndent.AutoIndentTest(IVisualStudioInstance solution, String typedText, String expectedText) in C:\src\nodejstools\Nodejs\Tests\Core.UI\SmartIndent.cs:line 338
   at CallSite.Target(Closure , CallSite , SmartIndent , IVisualStudioInstance , Object , Object )
   at Microsoft.Nodejs.Tests.UI.SmartIndent.VerifyAutoIndentTestCases(Object[] testCases) in C:\src\nodejstools\Nodejs\Tests\Core.UI\SmartIndent.cs:line 127
   at Microsoft.Nodejs.Tests.UI.SmartIndent.SmartIndentBasic() in C:\src\nodejstools\Nodejs\Tests\Core.UI\SmartIndent.cs:line 285
</StackTrace>
        </ErrorInfo>
      </Output>
    </UnitTestResult>
    <UnitTestResult executionId="4178a84e-b83b-4729-b0ce-7962969f6b5f" testId="a58bb6fa-b78d-0a9e-e990-2585a628e30a" testName="BraceCompletion_BasicTests" computerName="DESKTOP-RRA95A8" duration="00:00:08.3942664" startTime="2016-01-24T02:50:00.3274380-08:00" endTime="2016-01-24T02:50:10.6865253-08:00" testType="13cdc9d9-ddb5-4fa4-a97d-d965ccfc6d4b" outcome="Passed" testListId="8c84fa94-04c1-424b-9868-57a2d4851a1d" relativeResultsDirectory="4178a84e-b83b-4729-b0ce-7962969f6b5f">
      <Output>
        <StdOut>Opening C:\src\nodejstools\TestResults\Itani_DESKTOP-RRA95A8 2016-01-24 02_34_51\Out\Temp\hkl0vqiq.zfg\AutoIndent.sln
Typing  : function myfunc(name){m();
Expected: function myfunc(name){
    m();
}
Typing  : var a = function (test) {return {test
Expected: var a = function (test) {
    return {
        test
    }
}
Typing  : var a = function (test) {return [test
Expected: var a = function (test) {
    return [
        test
    ]
}
Typing  : var a = function (test) {return (test
Expected: var a = function (test) {
    return (
        test
    )
}</StdOut>
      </Output>
    </UnitTestResult>
    <UnitTestResult executionId="1ba5cdc9-bb68-464a-a35d-c211ccab765c" testId="b3cb16ec-f77b-6e7c-51d3-45496a88761e" testName="LoadNodejsProject" computerName="DESKTOP-RRA95A8" duration="00:00:01.0658108" startTime="2016-01-24T02:50:10.6904514-08:00" endTime="2016-01-24T02:50:13.7999784-08:00" testType="13cdc9d9-ddb5-4fa4-a97d-d965ccfc6d4b" outcome="Passed" testListId="8c84fa94-04c1-424b-9868-57a2d4851a1d" relativeResultsDirectory="1ba5cdc9-bb68-464a-a35d-c211ccab765c">
      <Output>
        <StdOut>Opening C:\src\nodejstools\TestResults\Itani_DESKTOP-RRA95A8 2016-01-24 02_34_51\Out\TestData\NodejsProjectData\HelloWorld.sln</StdOut>
      </Output>
    </UnitTestResult>
    <UnitTestResult executionId="0638e7f0-b4ef-4adb-b9c6-5ac87aba3902" testId="9ed90030-aea3-f5d1-0e11-488f0ce7d9e0" testName="SaveProjectAs" computerName="DESKTOP-RRA95A8" duration="00:00:04.4109968" startTime="2016-01-24T02:50:13.8225373-08:00" endTime="2016-01-24T02:50:18.7906964-08:00" testType="13cdc9d9-ddb5-4fa4-a97d-d965ccfc6d4b" outcome="Passed" testListId="8c84fa94-04c1-424b-9868-57a2d4851a1d" relativeResultsDirectory="0638e7f0-b4ef-4adb-b9c6-5ac87aba3902">
      <Output>
        <StdOut>Opening C:\src\nodejstools\TestResults\Itani_DESKTOP-RRA95A8 2016-01-24 02_34_51\Out\TestData\NodejsProjectData\HelloWorld.sln</StdOut>
      </Output>
    </UnitTestResult>
    <UnitTestResult executionId="b0f548e7-aa65-4aa1-bb41-ef774df6b55b" testId="25395d14-c668-80fb-f678-e41779e372fd" testName="RenameProjectTest" computerName="DESKTOP-RRA95A8" duration="00:00:02.7611326" startTime="2016-01-24T02:50:18.7982152-08:00" endTime="2016-01-24T02:50:23.6699732-08:00" testType="13cdc9d9-ddb5-4fa4-a97d-d965ccfc6d4b" outcome="Passed" testListId="8c84fa94-04c1-424b-9868-57a2d4851a1d" relativeResultsDirectory="b0f548e7-aa65-4aa1-bb41-ef774df6b55b">
      <Output>
        <StdOut>Opening C:\src\nodejstools\TestResults\Itani_DESKTOP-RRA95A8 2016-01-24 02_34_51\Out\TestData\NodejsProjectData\RenameProjectTest.sln</StdOut>
      </Output>
    </UnitTestResult>
    <UnitTestResult executionId="11e8a1c0-5857-4238-9856-57982b80c6ab" testId="64301a20-d931-a9a1-9854-30cb42af63ae" testName="ProjectAddFolder" computerName="DESKTOP-RRA95A8" duration="00:00:01.3113532" startTime="2016-01-24T02:50:23.6768411-08:00" endTime="2016-01-24T02:50:28.9716298-08:00" testType="13cdc9d9-ddb5-4fa4-a97d-d965ccfc6d4b" outcome="Failed" testListId="8c84fa94-04c1-424b-9868-57a2d4851a1d" relativeResultsDirectory="11e8a1c0-5857-4238-9856-57982b80c6ab">
      <Output>
        <StdOut>Opening C:\src\nodejstools\TestResults\Itani_DESKTOP-RRA95A8 2016-01-24 02_34_51\Out\TestData\NodejsProjectData\HelloWorld.sln</StdOut>
        <ErrorInfo>
          <Message>Assert.AreEqual failed. Expected:&lt;0&gt;. Actual:&lt;2&gt;. </Message>
          <StackTrace>   at Microsoft.Nodejs.Tests.UI.BasicProjectTests.ProjectAddFolder() in C:\src\nodejstools\Nodejs\Tests\Core.UI\BasicProjectTests.cs:line 174
</StackTrace>
        </ErrorInfo>
      </Output>
    </UnitTestResult>
    <UnitTestResult executionId="bef34996-2332-41f5-86c4-9088945e341b" testId="609344de-34e0-dd5b-f106-5dd180c0c587" testName="ProjectAddFolderThroughUI" computerName="DESKTOP-RRA95A8" duration="00:00:12.0278653" startTime="2016-01-24T02:50:28.9834065-08:00" endTime="2016-01-24T02:50:41.5050292-08:00" testType="13cdc9d9-ddb5-4fa4-a97d-d965ccfc6d4b" outcome="Passed" testListId="8c84fa94-04c1-424b-9868-57a2d4851a1d" relativeResultsDirectory="bef34996-2332-41f5-86c4-9088945e341b">
      <Output>
        <StdOut>Opening C:\src\nodejstools\TestResults\Itani_DESKTOP-RRA95A8 2016-01-24 02_34_51\Out\TestData\NodejsProjectData\AddFolderExists.sln</StdOut>
      </Output>
    </UnitTestResult>
    <UnitTestResult executionId="389cb3a9-87fa-4c6d-9697-f020a4d374ce" testId="a9c25a8a-cb6a-6abc-c970-43e88688f5de" testName="TestAddExistingFolder" computerName="DESKTOP-RRA95A8" duration="00:00:05.2167099" startTime="2016-01-24T02:50:41.5109165-08:00" endTime="2016-01-24T02:50:47.2823080-08:00" testType="13cdc9d9-ddb5-4fa4-a97d-d965ccfc6d4b" outcome="Failed" testListId="8c84fa94-04c1-424b-9868-57a2d4851a1d" relativeResultsDirectory="389cb3a9-87fa-4c6d-9697-f020a4d374ce">
      <Output>
        <StdOut>Opening C:\src\nodejstools\TestResults\Itani_DESKTOP-RRA95A8 2016-01-24 02_34_51\Out\TestData\NodejsProjectData\AddExistingFolder.sln</StdOut>
        <ErrorInfo>
          <Message>Assert.Fail failed. Unexpected Exception - VSTestContext.DTE.ExecuteCommand(Project.AddExistingFolder,)
System.AggregateException: One or more errors occurred. ---&gt; System.Runtime.InteropServices.COMException: Command "Project.AddExistingFolder" is not available.
   at EnvDTE._DTE.ExecuteCommand(String CommandName, String CommandArgs)
   at TestUtilities.UI.VisualStudioApp.&lt;&gt;c__DisplayClass27_0.&lt;OpenDialogWithDteExecuteCommand&gt;b__0() in C:\src\nodejstools\Common\Tests\Utilities.UI\UI\VisualStudioApp.cs:line 164
   at System.Threading.Tasks.Task.InnerInvoke()
   at System.Threading.Tasks.Task.Execute()
   --- End of inner exception stack trace ---
---&gt; (Inner Exception #0) System.Runtime.InteropServices.COMException (0x80004005): Command "Project.AddExistingFolder" is not available.
   at EnvDTE._DTE.ExecuteCommand(String CommandName, String CommandArgs)
   at TestUtilities.UI.VisualStudioApp.&lt;&gt;c__DisplayClass27_0.&lt;OpenDialogWithDteExecuteCommand&gt;b__0() in C:\src\nodejstools\Common\Tests\Utilities.UI\UI\VisualStudioApp.cs:line 164
   at System.Threading.Tasks.Task.InnerInvoke()
   at System.Threading.Tasks.Task.Execute()&lt;---
</Message>
          <StackTrace>   at TestUtilities.UI.VisualStudioApp.OpenDialogWithDteExecuteCommand(String commandName, String commandArgs) in C:\src\nodejstools\Common\Tests\Utilities.UI\UI\VisualStudioApp.cs:line 175
   at TestUtilities.UI.SelectFolderDialog.AddExistingFolder(VisualStudioApp app) in C:\src\nodejstools\Common\Tests\Utilities.UI\UI\SelectFolderDialog.cs:line 27
   at Microsoft.Nodejs.Tests.UI.BasicProjectTests.TestAddExistingFolder() in C:\src\nodejstools\Nodejs\Tests\Core.UI\BasicProjectTests.cs:line 239
</StackTrace>
        </ErrorInfo>
      </Output>
    </UnitTestResult>
    <UnitTestResult executionId="ca8d37ae-b973-4850-a4a5-9f79047fdec9" testId="786d3e2f-3725-fcdd-02a3-141087c0e39f" testName="TestAddExistingFolderProject" computerName="DESKTOP-RRA95A8" duration="00:00:02.5020135" startTime="2016-01-24T02:50:47.2887419-08:00" endTime="2016-01-24T02:50:52.0744195-08:00" testType="13cdc9d9-ddb5-4fa4-a97d-d965ccfc6d4b" outcome="Failed" testListId="8c84fa94-04c1-424b-9868-57a2d4851a1d" relativeResultsDirectory="ca8d37ae-b973-4850-a4a5-9f79047fdec9">
      <Output>
        <StdOut>Opening C:\src\nodejstools\TestResults\Itani_DESKTOP-RRA95A8 2016-01-24 02_34_51\Out\TestData\NodejsProjectData\AddExistingFolder.sln</StdOut>
        <ErrorInfo>
          <Message>Assert.Fail failed. Unexpected Exception - VSTestContext.DTE.ExecuteCommand(Project.AddExistingFolder,)
System.AggregateException: One or more errors occurred. ---&gt; System.Runtime.InteropServices.COMException: Command "Project.AddExistingFolder" is not available.
   at EnvDTE._DTE.ExecuteCommand(String CommandName, String CommandArgs)
   at TestUtilities.UI.VisualStudioApp.&lt;&gt;c__DisplayClass27_0.&lt;OpenDialogWithDteExecuteCommand&gt;b__0() in C:\src\nodejstools\Common\Tests\Utilities.UI\UI\VisualStudioApp.cs:line 164
   at System.Threading.Tasks.Task.InnerInvoke()
   at System.Threading.Tasks.Task.Execute()
   --- End of inner exception stack trace ---
---&gt; (Inner Exception #0) System.Runtime.InteropServices.COMException (0x80004005): Command "Project.AddExistingFolder" is not available.
   at EnvDTE._DTE.ExecuteCommand(String CommandName, String CommandArgs)
   at TestUtilities.UI.VisualStudioApp.&lt;&gt;c__DisplayClass27_0.&lt;OpenDialogWithDteExecuteCommand&gt;b__0() in C:\src\nodejstools\Common\Tests\Utilities.UI\UI\VisualStudioApp.cs:line 164
   at System.Threading.Tasks.Task.InnerInvoke()
   at System.Threading.Tasks.Task.Execute()&lt;---
</Message>
          <StackTrace>   at TestUtilities.UI.VisualStudioApp.OpenDialogWithDteExecuteCommand(String commandName, String commandArgs) in C:\src\nodejstools\Common\Tests\Utilities.UI\UI\VisualStudioApp.cs:line 175
   at TestUtilities.UI.SelectFolderDialog.AddExistingFolder(VisualStudioApp app) in C:\src\nodejstools\Common\Tests\Utilities.UI\UI\SelectFolderDialog.cs:line 27
   at Microsoft.Nodejs.Tests.UI.BasicProjectTests.TestAddExistingFolderProject() in C:\src\nodejstools\Nodejs\Tests\Core.UI\BasicProjectTests.cs:line 272
</StackTrace>
        </ErrorInfo>
      </Output>
    </UnitTestResult>
    <UnitTestResult executionId="c955811b-6878-4fed-b2ab-43f836d2b0ce" testId="611f6f13-9c59-bfcd-8aff-542c3c591e46" testName="TestAddExistingFolderDebugging" computerName="DESKTOP-RRA95A8" duration="00:00:05.6221182" startTime="2016-01-24T02:50:52.0898192-08:00" endTime="2016-01-24T02:51:01.8427613-08:00" testType="13cdc9d9-ddb5-4fa4-a97d-d965ccfc6d4b" outcome="Failed" testListId="8c84fa94-04c1-424b-9868-57a2d4851a1d" relativeResultsDirectory="c955811b-6878-4fed-b2ab-43f836d2b0ce">
      <Output>
        <StdOut>Opening C:\src\nodejstools\TestResults\Itani_DESKTOP-RRA95A8 2016-01-24 02_34_51\Out\TestData\NodejsProjectData\AddExistingFolder.sln
Executing command Debug.Start 
Successfully executed command Debug.Start 
Executing command Debug.StopDebugging 
Successfully executed command Debug.StopDebugging</StdOut>
        <ErrorInfo>
          <Message>Assert.Fail failed. Unexpected Exception - VSTestContext.DTE.ExecuteCommand(Project.AddExistingFolder,)
System.AggregateException: One or more errors occurred. ---&gt; System.Runtime.InteropServices.COMException: Command "Project.AddExistingFolder" is not available.
   at EnvDTE._DTE.ExecuteCommand(String CommandName, String CommandArgs)
   at TestUtilities.UI.VisualStudioApp.&lt;&gt;c__DisplayClass27_0.&lt;OpenDialogWithDteExecuteCommand&gt;b__0() in C:\src\nodejstools\Common\Tests\Utilities.UI\UI\VisualStudioApp.cs:line 164
   at System.Threading.Tasks.Task.InnerInvoke()
   at System.Threading.Tasks.Task.Execute()
   --- End of inner exception stack trace ---
---&gt; (Inner Exception #0) System.Runtime.InteropServices.COMException (0x80004005): Command "Project.AddExistingFolder" is not available.
   at EnvDTE._DTE.ExecuteCommand(String CommandName, String CommandArgs)
   at TestUtilities.UI.VisualStudioApp.&lt;&gt;c__DisplayClass27_0.&lt;OpenDialogWithDteExecuteCommand&gt;b__0() in C:\src\nodejstools\Common\Tests\Utilities.UI\UI\VisualStudioApp.cs:line 164
   at System.Threading.Tasks.Task.InnerInvoke()
   at System.Threading.Tasks.Task.Execute()&lt;---
</Message>
          <StackTrace>   at TestUtilities.UI.VisualStudioApp.OpenDialogWithDteExecuteCommand(String commandName, String commandArgs) in C:\src\nodejstools\Common\Tests\Utilities.UI\UI\VisualStudioApp.cs:line 175
   at TestUtilities.UI.SelectFolderDialog.AddExistingFolder(VisualStudioApp app) in C:\src\nodejstools\Common\Tests\Utilities.UI\UI\SelectFolderDialog.cs:line 27
   at Microsoft.Nodejs.Tests.UI.BasicProjectTests.TestAddExistingFolderDebugging() in C:\src\nodejstools\Nodejs\Tests\Core.UI\BasicProjectTests.cs:line 325
</StackTrace>
        </ErrorInfo>
      </Output>
    </UnitTestResult>
    <UnitTestResult executionId="20a04c1c-0310-41a2-9663-1a4059286ce7" testId="16b4e48f-624d-5c68-901a-05116fdb3361" testName="ProjectAddAndRenameFolder" computerName="DESKTOP-RRA95A8" duration="00:00:03.1390472" startTime="2016-01-24T02:51:01.8594432-08:00" endTime="2016-01-24T02:51:07.2824812-08:00" testType="13cdc9d9-ddb5-4fa4-a97d-d965ccfc6d4b" outcome="Passed" testListId="8c84fa94-04c1-424b-9868-57a2d4851a1d" relativeResultsDirectory="20a04c1c-0310-41a2-9663-1a4059286ce7">
      <Output>
        <StdOut>Opening C:\src\nodejstools\TestResults\Itani_DESKTOP-RRA95A8 2016-01-24 02_34_51\Out\TestData\NodejsProjectData\HelloWorld.sln</StdOut>
      </Output>
    </UnitTestResult>
    <UnitTestResult executionId="bf5572d7-ca04-4d38-a804-95ebc475d7c9" testId="d003db23-f3fc-698d-131b-854217d882b6" testName="ProjectAddAndMoveRenamedFolder" computerName="DESKTOP-RRA95A8" duration="00:00:04.1405780" startTime="2016-01-24T02:51:07.2893502-08:00" endTime="2016-01-24T02:51:15.3112542-08:00" testType="13cdc9d9-ddb5-4fa4-a97d-d965ccfc6d4b" outcome="Passed" testListId="8c84fa94-04c1-424b-9868-57a2d4851a1d" relativeResultsDirectory="bf5572d7-ca04-4d38-a804-95ebc475d7c9">
      <Output>
        <StdOut>Opening C:\src\nodejstools\TestResults\Itani_DESKTOP-RRA95A8 2016-01-24 02_34_51\Out\TestData\NodejsProjectData\HelloWorld.sln</StdOut>
      </Output>
    </UnitTestResult>
    <UnitTestResult executionId="3816c6af-fbd4-4e26-8240-81d06f87ad08" testId="87b2f31c-99fe-20b1-ea27-3dc704301046" testName="ProjectBuild" computerName="DESKTOP-RRA95A8" duration="00:00:02.5328509" startTime="2016-01-24T02:51:15.3171422-08:00" endTime="2016-01-24T02:51:19.9056450-08:00" testType="13cdc9d9-ddb5-4fa4-a97d-d965ccfc6d4b" outcome="Passed" testListId="8c84fa94-04c1-424b-9868-57a2d4851a1d" relativeResultsDirectory="3816c6af-fbd4-4e26-8240-81d06f87ad08">
      <Output>
        <StdOut>Opening C:\src\nodejstools\TestResults\Itani_DESKTOP-RRA95A8 2016-01-24 02_34_51\Out\TestData\NodejsProjectData\HelloWorld.sln</StdOut>
      </Output>
    </UnitTestResult>
    <UnitTestResult executionId="cd5a1d6a-ee9f-47bb-97af-0263f3c24725" testId="62997360-e337-524c-3f21-fb2d77563b87" testName="ProjectBuildWithProjFileSeparateFromSources" computerName="DESKTOP-RRA95A8" duration="00:00:02.6485441" startTime="2016-01-24T02:51:19.9086397-08:00" endTime="2016-01-24T02:51:24.5117155-08:00" testType="13cdc9d9-ddb5-4fa4-a97d-d965ccfc6d4b" outcome="Passed" testListId="8c84fa94-04c1-424b-9868-57a2d4851a1d" relativeResultsDirectory="cd5a1d6a-ee9f-47bb-97af-0263f3c24725">
      <Output>
        <StdOut>Opening C:\src\nodejstools\TestResults\Itani_DESKTOP-RRA95A8 2016-01-24 02_34_51\Out\TestData\NodejsProjectData\HelloWorld3.sln</StdOut>
      </Output>
    </UnitTestResult>
    <UnitTestResult executionId="d757dd3a-ad8f-43b3-94b1-9d13900cde54" testId="9f7e2a90-de57-51c6-46f7-766573674a05" testName="ProjectRenameAndDeleteItem" computerName="DESKTOP-RRA95A8" duration="00:00:02.7425139" startTime="2016-01-24T02:51:24.5167290-08:00" endTime="2016-01-24T02:51:31.4835621-08:00" testType="13cdc9d9-ddb5-4fa4-a97d-d965ccfc6d4b" outcome="Failed" testListId="8c84fa94-04c1-424b-9868-57a2d4851a1d" relativeResultsDirectory="d757dd3a-ad8f-43b3-94b1-9d13900cde54">
      <Output>
        <StdOut>Opening C:\src\nodejstools\TestResults\Itani_DESKTOP-RRA95A8 2016-01-24 02_34_51\Out\TestData\NodejsProjectData\RenameItemsTest.sln</StdOut>
        <ErrorInfo>
          <Message>Test method Microsoft.Nodejs.Tests.UI.BasicProjectTests.ProjectRenameAndDeleteItem threw exception: 
System.ArgumentException: Failed to find item: SubFolder</Message>
          <StackTrace>    at Microsoft.VisualStudioTools.Project.Automation.OANavigableProjectItems.Item(Object index)
   at Microsoft.Nodejs.Tests.UI.BasicProjectTests.ProjectRenameAndDeleteItem() in C:\src\nodejstools\Nodejs\Tests\Core.UI\BasicProjectTests.cs:line 507
</StackTrace>
        </ErrorInfo>
      </Output>
    </UnitTestResult>
    <UnitTestResult executionId="6ba1735e-86af-4fc5-9cfe-5f8982d25017" testId="d5df0b5a-feb8-aae9-dfea-7924cae79783" testName="TestAutomationProperties" computerName="DESKTOP-RRA95A8" duration="00:00:01.0186566" startTime="2016-01-24T02:51:31.4900820-08:00" endTime="2016-01-24T02:51:36.4100413-08:00" testType="13cdc9d9-ddb5-4fa4-a97d-d965ccfc6d4b" outcome="Failed" testListId="8c84fa94-04c1-424b-9868-57a2d4851a1d" relativeResultsDirectory="6ba1735e-86af-4fc5-9cfe-5f8982d25017">
      <Output>
        <StdOut>Opening C:\src\nodejstools\TestResults\Itani_DESKTOP-RRA95A8 2016-01-24 02_34_51\Out\TestData\NodejsProjectData\HelloWorld.sln</StdOut>
        <ErrorInfo>
          <Message>Assert.AreEqual failed. Expected:&lt;System.__ComObject&gt;. Actual:&lt;System.__ComObject&gt;. </Message>
          <StackTrace>   at Microsoft.Nodejs.Tests.UI.BasicProjectTests.TestAutomationProperties() in C:\src\nodejstools\Nodejs\Tests\Core.UI\BasicProjectTests.cs:line 542
</StackTrace>
        </ErrorInfo>
      </Output>
    </UnitTestResult>
    <UnitTestResult executionId="0d801c1d-d30b-4ffd-91f9-739073e6e645" testId="1394d99a-0c17-74ba-b557-b5846ebd049f" testName="TestAutomationProject" computerName="DESKTOP-RRA95A8" duration="00:00:04.4073997" startTime="2016-01-24T02:51:36.4588982-08:00" endTime="2016-01-24T02:51:41.4154949-08:00" testType="13cdc9d9-ddb5-4fa4-a97d-d965ccfc6d4b" outcome="Failed" testListId="8c84fa94-04c1-424b-9868-57a2d4851a1d" relativeResultsDirectory="0d801c1d-d30b-4ffd-91f9-739073e6e645">
      <Output>
        <StdOut>Opening C:\src\nodejstools\TestResults\Itani_DESKTOP-RRA95A8 2016-01-24 02_34_51\Out\TestData\NodejsProjectData\HelloWorld.sln</StdOut>
        <ErrorInfo>
          <Message>Assert.AreEqual failed. Expected:&lt;System.__ComObject&gt;. Actual:&lt;System.__ComObject&gt;. </Message>
          <StackTrace>   at Microsoft.Nodejs.Tests.UI.BasicProjectTests.TestAutomationProject() in C:\src\nodejstools\Nodejs\Tests\Core.UI\BasicProjectTests.cs:line 609
</StackTrace>
        </ErrorInfo>
      </Output>
    </UnitTestResult>
    <UnitTestResult executionId="3da4c552-41f1-4f9e-b4db-97b6776a82e9" testId="1b7d0269-c79a-a34a-5826-4aadb2b53651" testName="TestProjectItemAutomation" computerName="DESKTOP-RRA95A8" duration="00:00:04.2609263" startTime="2016-01-24T02:51:41.4425598-08:00" endTime="2016-01-24T02:51:46.3791733-08:00" testType="13cdc9d9-ddb5-4fa4-a97d-d965ccfc6d4b" outcome="Passed" testListId="8c84fa94-04c1-424b-9868-57a2d4851a1d" relativeResultsDirectory="3da4c552-41f1-4f9e-b4db-97b6776a82e9">
      <Output>
        <StdOut>Opening C:\src\nodejstools\TestResults\Itani_DESKTOP-RRA95A8 2016-01-24 02_34_51\Out\TestData\NodejsProjectData\HelloWorld.sln</StdOut>
      </Output>
    </UnitTestResult>
    <UnitTestResult executionId="7858291e-0ee7-4c85-8890-973ecf6495ff" testId="6abec6b3-31ed-3b76-6048-be0488d2e6c1" testName="TestRelativePaths" computerName="DESKTOP-RRA95A8" duration="00:00:04.4009997" startTime="2016-01-24T02:51:46.4145009-08:00" endTime="2016-01-24T02:51:51.3257919-08:00" testType="13cdc9d9-ddb5-4fa4-a97d-d965ccfc6d4b" outcome="Passed" testListId="8c84fa94-04c1-424b-9868-57a2d4851a1d" relativeResultsDirectory="7858291e-0ee7-4c85-8890-973ecf6495ff">
      <Output>
        <StdOut>Opening C:\src\nodejstools\TestResults\Itani_DESKTOP-RRA95A8 2016-01-24 02_34_51\Out\TestData\NodejsProjectData\RelativePaths.sln</StdOut>
      </Output>
    </UnitTestResult>
    <UnitTestResult executionId="a0926a98-f710-42e0-8d40-9f242f15a920" testId="7bf7c611-2157-9e87-c12b-da470185d424" testName="ProjectConfiguration" computerName="DESKTOP-RRA95A8" duration="00:00:04.8431586" startTime="2016-01-24T02:51:51.3522878-08:00" endTime="2016-01-24T02:51:56.7270750-08:00" testType="13cdc9d9-ddb5-4fa4-a97d-d965ccfc6d4b" outcome="Passed" testListId="8c84fa94-04c1-424b-9868-57a2d4851a1d" relativeResultsDirectory="a0926a98-f710-42e0-8d40-9f242f15a920">
      <Output>
        <StdOut>Opening C:\src\nodejstools\TestResults\Itani_DESKTOP-RRA95A8 2016-01-24 02_34_51\Out\TestData\NodejsProjectData\HelloWorld.sln</StdOut>
      </Output>
    </UnitTestResult>
    <UnitTestResult executionId="cabf2b3c-2a90-439b-893b-3d25ccc54ff0" testId="302b20b0-4bce-6f00-c724-afbf6e2492a2" testName="AddFolderExists" computerName="DESKTOP-RRA95A8" duration="00:00:03.0408778" startTime="2016-01-24T02:51:56.7660643-08:00" endTime="2016-01-24T02:52:02.6692326-08:00" testType="13cdc9d9-ddb5-4fa4-a97d-d965ccfc6d4b" outcome="Failed" testListId="8c84fa94-04c1-424b-9868-57a2d4851a1d" relativeResultsDirectory="cabf2b3c-2a90-439b-893b-3d25ccc54ff0">
      <Output>
        <StdOut>Opening C:\src\nodejstools\TestResults\Itani_DESKTOP-RRA95A8 2016-01-24 02_34_51\Out\TestData\NodejsProjectData\AddFolderExists.sln
Ending dialog: 
Name    ClassName      ControlType    AutomationID
 Microsoft Visual Studio	ControlType.Window	#32770	
     OK	ControlType.Button	Button	2
     	ControlType.Image	Static	20
     Directory names cannot:
- contain any of the following characters: / ? :  \ * " &lt; &gt; | # %
- contain Unicode control characters
- contain surrogate characters
- be system reserved names, including 'CON', 'AUX', 'PRN', 'COM1' or 'LPT2'
- be '.' or '..'

Please enter a valid name.	ControlType.Text	Static	65535
     Microsoft Visual Studio	ControlType.TitleBar		TitleBar
         System Menu Bar	ControlType.MenuBar		SystemMenuBar
             System	ControlType.MenuItem		Item 1
         Close	ControlType.Button		Close
--------</StdOut>
        <ErrorInfo>
          <Message>Assert.Fail failed. Directory names cannot:
- contain any of the following characters: / ? : &amp; \ * " &lt; &gt; | # %
- contain Unicode control characters
- contain surrogate characters
- be system reserved names, including 'CON', 'AUX', 'PRN', 'COM1' or 'LPT2'
- be '.' or '..'

Please enter a valid name. does not contain Directory names cannot contain any of the following characters</Message>
          <StackTrace>   at TestUtilities.AssertUtil.Contains(String source, String[] values) in C:\src\nodejstools\Common\Tests\Utilities\AssertUtil.cs:line 157
   at TestUtilities.UI.VisualStudioApp.CheckAndDismissDialog(String[] text, Int32 dlgField, IntPtr buttonId) in C:\src\nodejstools\Common\Tests\Utilities.UI\UI\VisualStudioApp.cs:line 557
   at Microsoft.Nodejs.Tests.UI.BasicProjectTests.AddFolderExists() in C:\src\nodejstools\Nodejs\Tests\Core.UI\BasicProjectTests.cs:line 715
</StackTrace>
        </ErrorInfo>
      </Output>
    </UnitTestResult>
    <UnitTestResult executionId="5b24cead-5008-4065-8682-1fdbe558727c" testId="cd4a1eae-ed4a-5d50-3368-fe280ac9f0cb" testName="AddFolderCopyAndPasteFile" computerName="DESKTOP-RRA95A8" duration="00:00:06.4596222" startTime="2016-01-24T02:52:02.6737446-08:00" endTime="2016-01-24T02:52:13.7327456-08:00" testType="13cdc9d9-ddb5-4fa4-a97d-d965ccfc6d4b" outcome="Passed" testListId="8c84fa94-04c1-424b-9868-57a2d4851a1d" relativeResultsDirectory="5b24cead-5008-4065-8682-1fdbe558727c">
      <Output>
        <StdOut>Opening C:\src\nodejstools\TestResults\Itani_DESKTOP-RRA95A8 2016-01-24 02_34_51\Out\TestData\NodejsProjectData\AddFolderCopyAndPasteFile.sln</StdOut>
      </Output>
    </UnitTestResult>
    <UnitTestResult executionId="a4038cfe-0fa8-47cc-9605-c0d1e365e376" testId="153d43a5-c027-8c73-7625-1b8f219793c7" testName="CopyAndPasteFolder" computerName="DESKTOP-RRA95A8" duration="00:00:18.0593984" startTime="2016-01-24T02:52:13.7435396-08:00" endTime="2016-01-24T02:52:32.3622875-08:00" testType="13cdc9d9-ddb5-4fa4-a97d-d965ccfc6d4b" outcome="Failed" testListId="8c84fa94-04c1-424b-9868-57a2d4851a1d" relativeResultsDirectory="a4038cfe-0fa8-47cc-9605-c0d1e365e376">
      <Output>
        <StdOut>Opening C:\src\nodejstools\TestResults\Itani_DESKTOP-RRA95A8 2016-01-24 02_34_51\Out\TestData\NodejsProjectData\CopyAndPasteFolder.sln
Failed to find Solution 'CopyAndPasteFolder' (1 project)\CopyAndPasteFolder\X\CopiedFiles
Name    ClassName      ControlType    AutomationID
 Solution Explorer	ControlType.Tree	TreeView	SolutionExplorer
     Solution 'CopyAndPasteFolder' ‎(1 project)	ControlType.TreeItem	TreeViewItem	
         CopyAndPasteFolder	ControlType.TreeItem	TreeViewItem	
             npm	ControlType.TreeItem	TreeViewItem	
             CopiedFiles	ControlType.TreeItem	TreeViewItem	
                 Foo	ControlType.TreeItem	TreeViewItem	
                 SomeFile.js	ControlType.TreeItem	TreeViewItem	
             X	ControlType.TreeItem	TreeViewItem	
                 file.js	ControlType.TreeItem	TreeViewItem	
             server.js	ControlType.TreeItem	TreeViewItem</StdOut>
        <ErrorInfo>
          <Message>Assert.IsNotNull failed. </Message>
          <StackTrace>   at Microsoft.Nodejs.Tests.UI.BasicProjectTests.CopyAndPasteFolder() in C:\src\nodejstools\Nodejs\Tests\Core.UI\BasicProjectTests.cs:line 830
</StackTrace>
        </ErrorInfo>
      </Output>
    </UnitTestResult>
    <UnitTestResult executionId="e6ffe6b1-03d3-4d25-b088-c0b1510e8621" testId="f37722c0-cba4-a181-3c66-7fd646ef8afb" testName="CopyAndPasteEmptyFolder" computerName="DESKTOP-RRA95A8" duration="00:00:13.3527923" startTime="2016-01-24T02:52:32.3701382-08:00" endTime="2016-01-24T02:52:46.1556626-08:00" testType="13cdc9d9-ddb5-4fa4-a97d-d965ccfc6d4b" outcome="Failed" testListId="8c84fa94-04c1-424b-9868-57a2d4851a1d" relativeResultsDirectory="e6ffe6b1-03d3-4d25-b088-c0b1510e8621">
      <Output>
        <StdOut>Opening C:\src\nodejstools\TestResults\Itani_DESKTOP-RRA95A8 2016-01-24 02_34_51\Out\TestData\NodejsProjectData\CopyAndPasteFolder.sln
Failed to find Solution 'CopyAndPasteFolder' (1 project)\CopyAndPasteFolder\EmptyFolder247da340-1d52-4d27-ba9b-971d6fef9b15
Name    ClassName      ControlType    AutomationID
 Solution Explorer	ControlType.Tree	TreeView	SolutionExplorer
     Solution 'CopyAndPasteFolder' ‎(1 project)	ControlType.TreeItem	TreeViewItem	
         CopyAndPasteFolder	ControlType.TreeItem	TreeViewItem	
             npm	ControlType.TreeItem	TreeViewItem	
             X	ControlType.TreeItem	TreeViewItem	
                 file.js	ControlType.TreeItem	TreeViewItem	
             server.js	ControlType.TreeItem	TreeViewItem</StdOut>
        <ErrorInfo>
          <Message>Assert.IsNotNull failed. </Message>
          <StackTrace>   at Microsoft.Nodejs.Tests.UI.BasicProjectTests.CopyAndPasteEmptyFolder() in C:\src\nodejstools\Nodejs\Tests\Core.UI\BasicProjectTests.cs:line 864
</StackTrace>
        </ErrorInfo>
      </Output>
    </UnitTestResult>
    <UnitTestResult executionId="5f1e9aa9-4732-41b1-aba0-627d4bcbfab8" testId="acc10b6d-c653-4f61-06e0-0786a6d58cfd" testName="CopyFolderWithMultipleItems" computerName="DESKTOP-RRA95A8" duration="00:00:13.0958850" startTime="2016-01-24T02:52:46.1625323-08:00" endTime="2016-01-24T02:52:59.6552113-08:00" testType="13cdc9d9-ddb5-4fa4-a97d-d965ccfc6d4b" outcome="Failed" testListId="8c84fa94-04c1-424b-9868-57a2d4851a1d" relativeResultsDirectory="5f1e9aa9-4732-41b1-aba0-627d4bcbfab8">
      <Output>
        <StdOut>Opening C:\src\nodejstools\TestResults\Itani_DESKTOP-RRA95A8 2016-01-24 02_34_51\Out\TestData\NodejsProjectData\FolderMultipleItems.sln</StdOut>
        <ErrorInfo>
          <Message>Assert.IsTrue failed. </Message>
          <StackTrace>   at Microsoft.Nodejs.Tests.UI.BasicProjectTests.WaitForItem(Project project, String name) in C:\src\nodejstools\Nodejs\Tests\Core.UI\BasicProjectTests.cs:line 1065
   at Microsoft.Nodejs.Tests.UI.BasicProjectTests.CopyFolderWithMultipleItems() in C:\src\nodejstools\Nodejs\Tests\Core.UI\BasicProjectTests.cs:line 910
</StackTrace>
        </ErrorInfo>
      </Output>
    </UnitTestResult>
    <UnitTestResult executionId="cd78e303-4e53-4f0f-9548-edc7d7f00493" testId="796d65f3-6385-2234-4fcd-2c6d9de42360" testName="LoadProjectWithDuplicateItems" computerName="DESKTOP-RRA95A8" duration="00:00:01.0605701" startTime="2016-01-24T02:52:59.6630619-08:00" endTime="2016-01-24T02:53:01.1547166-08:00" testType="13cdc9d9-ddb5-4fa4-a97d-d965ccfc6d4b" outcome="Failed" testListId="8c84fa94-04c1-424b-9868-57a2d4851a1d" relativeResultsDirectory="cd78e303-4e53-4f0f-9548-edc7d7f00493">
      <Output>
        <StdOut>Opening C:\src\nodejstools\TestResults\Itani_DESKTOP-RRA95A8 2016-01-24 02_34_51\Out\TestData\NodejsProjectData\DuplicateItems.sln</StdOut>
        <ErrorInfo>
          <Message>Assert.AreEqual failed. Expected:&lt;1&gt;. Actual:&lt;0&gt;. count[A]</Message>
          <StackTrace>   at Microsoft.Nodejs.Tests.UI.BasicProjectTests.LoadProjectWithDuplicateItems() in C:\src\nodejstools\Nodejs\Tests\Core.UI\BasicProjectTests.cs:line 928
</StackTrace>
        </ErrorInfo>
      </Output>
    </UnitTestResult>
    <UnitTestResult executionId="320b9b93-4103-4343-9a1e-7da128c63792" testId="5fb038b1-4b0f-de7a-9303-985f492982ce" testName="CopyFullPath" computerName="DESKTOP-RRA95A8" duration="00:00:03.8703897" startTime="2016-01-24T02:53:01.1615874-08:00" endTime="2016-01-24T02:53:05.5174700-08:00" testType="13cdc9d9-ddb5-4fa4-a97d-d965ccfc6d4b" outcome="Failed" testListId="8c84fa94-04c1-424b-9868-57a2d4851a1d" relativeResultsDirectory="320b9b93-4103-4343-9a1e-7da128c63792">
      <Output>
        <StdOut>Opening C:\src\nodejstools\TestResults\Itani_DESKTOP-RRA95A8 2016-01-24 02_34_51\Out\Temp\ekxqu1gh.kb2\HelloWorld.sln
Checking CopyFullPath on:C:\src\nodejstools\TestResults\Itani_DESKTOP-RRA95A8 2016-01-24 02_34_51\Out\Temp\ekxqu1gh.kb2\HelloWorld\IncFolder\</StdOut>
        <ErrorInfo>
          <Message>Assert.AreEqual failed. Expected:&lt;C:\src\nodejstools\TestResults\Itani_DESKTOP-RRA95A8 2016-01-24 02_34_51\Out\Temp\ekxqu1gh.kb2\HelloWorld\IncFolder\&gt;. Actual:&lt;---------------------------
Merge Folders
---------------------------
This folder already contains a folder called 'CopiedFiles'.

If the files in the existing folder have the same names as files in the folder you are copying, do you want to replace the existing files?
---------------------------
Yes   No   Cancel   
---------------------------
&gt;. </Message>
          <StackTrace>   at Microsoft.Nodejs.Tests.UI.BasicProjectTests.CheckCopyFullPath(IVisualStudioInstance vs, ITreeNode element, String expected) in C:\src\nodejstools\Nodejs\Tests\Core.UI\BasicProjectTests.cs:line 987
   at Microsoft.Nodejs.Tests.UI.BasicProjectTests.CopyFullPath() in C:\src\nodejstools\Nodejs\Tests\Core.UI\BasicProjectTests.cs:line 955
</StackTrace>
        </ErrorInfo>
      </Output>
    </UnitTestResult>
    <UnitTestResult executionId="20873153-55ce-473f-b194-3dbe367ebef1" testId="64df13f2-952a-027f-1982-7f8c877e7f80" testName="TestSnippetsDisabled" computerName="DESKTOP-RRA95A8" duration="00:00:22.2740396" startTime="2016-01-24T02:53:05.5295023-08:00" endTime="2016-01-24T02:53:28.4428530-08:00" testType="13cdc9d9-ddb5-4fa4-a97d-d965ccfc6d4b" outcome="Failed" testListId="8c84fa94-04c1-424b-9868-57a2d4851a1d" relativeResultsDirectory="20873153-55ce-473f-b194-3dbe367ebef1">
      <Output>
        <StdOut>Opening C:\src\nodejstools\TestResults\Itani_DESKTOP-RRA95A8 2016-01-24 02_34_51\Out\TestData\NodeAppWithModule\NodeAppWithModule.sln</StdOut>
        <ErrorInfo>
          <Message>Assert.AreEqual failed. Expected:&lt;var http = require('http');

var port = process.env.port || 1337;
var mymod = require('./mymod.js');
var mutatemod = require('./mutatemod.js');

function
http.createServer(function (req, res) {
    res.writeHead(200, { 'Content-Type': 'text/plain' });
    res.end('Hello World\n');
}).listen(port);
&gt;. Actual:&lt;var http = require('http');

var port = process.env.port || 1337;
var mymod = require('./mymod.js');
var mutatemod = require('./mutatemod.js');


http.createServer(function (req, res) {
    res.writeHead(200, { 'Content-Type': 'text/plain' });
    res.end('Hello World\n');
}).listen(port);
&gt;. </Message>
          <StackTrace>   at TestUtilities.UI.EditorWindow.WaitForText(String text) in C:\src\nodejstools\Common\Tests\Utilities.UI\UI\EditorWindow.cs:line 92
   at Microsoft.Nodejs.Tests.UI.ProjectTests.TestSnippetsDisabled() in C:\src\nodejstools\Nodejs\Tests\Core.UI\ProjectTests.cs:line 65
</StackTrace>
        </ErrorInfo>
      </Output>
    </UnitTestResult>
    <UnitTestResult executionId="4c8b7618-f9f7-4546-8a66-ee309fb3e717" testId="9b58ee1d-60cc-536f-6e10-7efe9ae1ee01" testName="TestNoAutoFormattingEnter" computerName="DESKTOP-RRA95A8" duration="00:05:00.2172209" startTime="2016-01-24T02:53:28.4531710-08:00" endTime="2016-01-24T02:58:28.6703919-08:00" testType="13cdc9d9-ddb5-4fa4-a97d-d965ccfc6d4b" outcome="Failed" testListId="8c84fa94-04c1-424b-9868-57a2d4851a1d" relativeResultsDirectory="4c8b7618-f9f7-4546-8a66-ee309fb3e717">
      <Output>
        <StdOut>TestContext Messages:
Failed to communicate with Visual Studio process during Run: Failed to read from an IPC Port: The pipe has been ended.

Retrying call into Visual Studio process from Run.
Restarting VS</StdOut>
        <ErrorInfo>
          <Message>Test 'TestNoAutoFormattingEnter' exceeded execution timeout period.</Message>
        </ErrorInfo>
      </Output>
    </UnitTestResult>
    <UnitTestResult executionId="7dc1e48c-0be2-494b-ab01-ea9b7bbb6172" testId="3f26fe26-29a7-af73-1327-44877f5a28fe" testName="TestNoAutoFormattingCloseFunction" computerName="DESKTOP-RRA95A8" duration="00:00:05.1527887" startTime="2016-01-24T02:58:33.7163522-08:00" endTime="2016-01-24T02:58:47.8854042-08:00" testType="13cdc9d9-ddb5-4fa4-a97d-d965ccfc6d4b" outcome="Failed" testListId="8c84fa94-04c1-424b-9868-57a2d4851a1d" relativeResultsDirectory="7dc1e48c-0be2-494b-ab01-ea9b7bbb6172">
      <Output>
        <StdOut>Opening C:\src\nodejstools\TestResults\Itani_DESKTOP-RRA95A8 2016-01-24 02_34_51\Out\TestData\NodeAppWithModule\NodeAppWithModule.sln



Debug Trace:
devenv.exe Warning: 0 : Waiting for project.Properties to become non-null
devenv.exe Warning: 0 : Waiting for project.Properties to become non-null
devenv.exe Warning: 0 : Waiting for project.Properties to become non-null
devenv.exe Warning: 0 : Waiting for project.Properties to become non-null
devenv.exe Warning: 0 : Waiting for project.Properties to become non-null
devenv.exe Warning: 0 : Waiting for project.Properties to become non-null
devenv.exe Warning: 0 : Waiting for project.Properties to become non-null
devenv.exe Warning: 0 : Waiting for project.Properties to become non-null
devenv.exe Warning: 0 : Waiting for project.Properties to become non-null
devenv.exe Warning: 0 : Waiting for project.Properties to become non-null



TestContext Messages:
Restarting VS</StdOut>
        <ErrorInfo>
          <Message>Assert.IsNotNull failed. No project properties: (unable to get Solution output)</Message>
          <StackTrace>   at TestUtilities.UI.VisualStudioApp.OpenProject(String projName, String startItem, Nullable`1 expectedProjects, String projectName, Boolean setStartupItem) in C:\src\nodejstools\Common\Tests\Utilities.UI\UI\VisualStudioApp.cs:line 818
   at Microsoft.Nodejs.Tests.UI.ProjectTests.OpenProjectItem(VisualStudioApp app, String startItem, Window&amp; window, String projectName) in C:\src\nodejstools\Nodejs\Tests\Core.UI\ProjectTests.cs:line 575
   at Microsoft.Nodejs.Tests.UI.ProjectTests.TestNoAutoFormattingCloseFunction() in C:\src\nodejstools\Nodejs\Tests\Core.UI\ProjectTests.cs:line 109
</StackTrace>
        </ErrorInfo>
      </Output>
    </UnitTestResult>
    <UnitTestResult executionId="f421af50-470e-4d97-8370-2686058afef9" testId="ee74e052-1f4c-ef11-6f80-bec34daaf772" testName="TestNoAutoFormattingPaste" computerName="DESKTOP-RRA95A8" duration="00:00:02.7210682" startTime="2016-01-24T02:58:47.8903113-08:00" endTime="2016-01-24T02:58:50.9972969-08:00" testType="13cdc9d9-ddb5-4fa4-a97d-d965ccfc6d4b" outcome="Failed" testListId="8c84fa94-04c1-424b-9868-57a2d4851a1d" relativeResultsDirectory="f421af50-470e-4d97-8370-2686058afef9">
      <Output>
        <StdOut>Opening C:\src\nodejstools\TestResults\Itani_DESKTOP-RRA95A8 2016-01-24 02_34_51\Out\TestData\NodeAppWithModule\NodeAppWithModule.sln



Debug Trace:
devenv.exe Warning: 0 : Waiting for project.Properties to become non-null
devenv.exe Warning: 0 : Waiting for project.Properties to become non-null
devenv.exe Warning: 0 : Waiting for project.Properties to become non-null
devenv.exe Warning: 0 : Waiting for project.Properties to become non-null
devenv.exe Warning: 0 : Waiting for project.Properties to become non-null
devenv.exe Warning: 0 : Waiting for project.Properties to become non-null
devenv.exe Warning: 0 : Waiting for project.Properties to become non-null
devenv.exe Warning: 0 : Waiting for project.Properties to become non-null
devenv.exe Warning: 0 : Waiting for project.Properties to become non-null
devenv.exe Warning: 0 : Waiting for project.Properties to become non-null</StdOut>
        <ErrorInfo>
          <Message>Assert.IsNotNull failed. No project properties: (unable to get Solution output)</Message>
          <StackTrace>   at TestUtilities.UI.VisualStudioApp.OpenProject(String projName, String startItem, Nullable`1 expectedProjects, String projectName, Boolean setStartupItem) in C:\src\nodejstools\Common\Tests\Utilities.UI\UI\VisualStudioApp.cs:line 818
   at Microsoft.Nodejs.Tests.UI.ProjectTests.OpenProjectItem(VisualStudioApp app, String startItem, Window&amp; window, String projectName) in C:\src\nodejstools\Nodejs\Tests\Core.UI\ProjectTests.cs:line 575
   at Microsoft.Nodejs.Tests.UI.ProjectTests.TestNoAutoFormattingPaste() in C:\src\nodejstools\Nodejs\Tests\Core.UI\ProjectTests.cs:line 135
</StackTrace>
        </ErrorInfo>
      </Output>
    </UnitTestResult>
    <UnitTestResult executionId="465e7fe1-0e40-43ef-9de3-3ad866468595" testId="03d0b36e-6c2b-7332-d161-de7b9a7aa9a3" testName="TestNoReferences" computerName="DESKTOP-RRA95A8" duration="00:00:02.7053968" startTime="2016-01-24T02:58:51.0071102-08:00" endTime="2016-01-24T02:58:54.0831147-08:00" testType="13cdc9d9-ddb5-4fa4-a97d-d965ccfc6d4b" outcome="Failed" testListId="8c84fa94-04c1-424b-9868-57a2d4851a1d" relativeResultsDirectory="465e7fe1-0e40-43ef-9de3-3ad866468595">
      <Output>
        <StdOut>Opening C:\src\nodejstools\TestResults\Itani_DESKTOP-RRA95A8 2016-01-24 02_34_51\Out\TestData\NodeAppWithModule\NodeAppWithModule.sln



Debug Trace:
devenv.exe Warning: 0 : Waiting for project.Properties to become non-null
devenv.exe Warning: 0 : Waiting for project.Properties to become non-null
devenv.exe Warning: 0 : Waiting for project.Properties to become non-null
devenv.exe Warning: 0 : Waiting for project.Properties to become non-null
devenv.exe Warning: 0 : Waiting for project.Properties to become non-null
devenv.exe Warning: 0 : Waiting for project.Properties to become non-null
devenv.exe Warning: 0 : Waiting for project.Properties to become non-null
devenv.exe Warning: 0 : Waiting for project.Properties to become non-null
devenv.exe Warning: 0 : Waiting for project.Properties to become non-null
devenv.exe Warning: 0 : Waiting for project.Properties to become non-null</StdOut>
        <ErrorInfo>
          <Message>Assert.IsNotNull failed. No project properties: (unable to get Solution output)</Message>
          <StackTrace>   at TestUtilities.UI.VisualStudioApp.OpenProject(String projName, String startItem, Nullable`1 expectedProjects, String projectName, Boolean setStartupItem) in C:\src\nodejstools\Common\Tests\Utilities.UI\UI\VisualStudioApp.cs:line 818
   at Microsoft.Nodejs.Tests.UI.ProjectTests.OpenProjectItem(VisualStudioApp app, String startItem, Window&amp; window, String projectName) in C:\src\nodejstools\Nodejs\Tests\Core.UI\ProjectTests.cs:line 575
   at Microsoft.Nodejs.Tests.UI.ProjectTests.TestNoReferences() in C:\src\nodejstools\Nodejs\Tests\Core.UI\ProjectTests.cs:line 162
</StackTrace>
        </ErrorInfo>
      </Output>
    </UnitTestResult>
    <UnitTestResult executionId="bdc09a57-e215-4939-9e65-62753e83a499" testId="c7e8ccb7-6a44-71c4-8909-d22056eddb2f" testName="GlobalIntellisense" computerName="DESKTOP-RRA95A8" duration="00:00:02.7609499" startTime="2016-01-24T02:58:54.0919467-08:00" endTime="2016-01-24T02:58:57.2202923-08:00" testType="13cdc9d9-ddb5-4fa4-a97d-d965ccfc6d4b" outcome="Failed" testListId="8c84fa94-04c1-424b-9868-57a2d4851a1d" relativeResultsDirectory="bdc09a57-e215-4939-9e65-62753e83a499">
      <Output>
        <StdOut>Opening C:\src\nodejstools\TestResults\Itani_DESKTOP-RRA95A8 2016-01-24 02_34_51\Out\TestData\NodeAppWithModule\NodeAppWithModule.sln



Debug Trace:
devenv.exe Warning: 0 : Waiting for project.Properties to become non-null
devenv.exe Warning: 0 : Waiting for project.Properties to become non-null
devenv.exe Warning: 0 : Waiting for project.Properties to become non-null
devenv.exe Warning: 0 : Waiting for project.Properties to become non-null
devenv.exe Warning: 0 : Waiting for project.Properties to become non-null
devenv.exe Warning: 0 : Waiting for project.Properties to become non-null
devenv.exe Warning: 0 : Waiting for project.Properties to become non-null
devenv.exe Warning: 0 : Waiting for project.Properties to become non-null
devenv.exe Warning: 0 : Waiting for project.Properties to become non-null
devenv.exe Warning: 0 : Waiting for project.Properties to become non-null</StdOut>
        <ErrorInfo>
          <Message>Assert.IsNotNull failed. No project properties: (unable to get Solution output)</Message>
          <StackTrace>   at TestUtilities.UI.VisualStudioApp.OpenProject(String projName, String startItem, Nullable`1 expectedProjects, String projectName, Boolean setStartupItem) in C:\src\nodejstools\Common\Tests\Utilities.UI\UI\VisualStudioApp.cs:line 818
   at Microsoft.Nodejs.Tests.UI.ProjectTests.OpenProjectItem(VisualStudioApp app, String startItem, Window&amp; window, String projectName) in C:\src\nodejstools\Nodejs\Tests\Core.UI\ProjectTests.cs:line 575
   at Microsoft.Nodejs.Tests.UI.ProjectTests.GlobalIntellisense() in C:\src\nodejstools\Nodejs\Tests\Core.UI\ProjectTests.cs:line 174
</StackTrace>
        </ErrorInfo>
      </Output>
    </UnitTestResult>
    <UnitTestResult executionId="cf52503b-133c-496e-a4db-9a89e7cc49a7" testId="cda87972-b1e7-2980-b287-aed41c645cb8" testName="RequireIntellisenseExpanded" computerName="DESKTOP-RRA95A8" duration="00:00:02.8212206" startTime="2016-01-24T02:58:57.2271627-08:00" endTime="2016-01-24T02:59:00.4026173-08:00" testType="13cdc9d9-ddb5-4fa4-a97d-d965ccfc6d4b" outcome="Failed" testListId="8c84fa94-04c1-424b-9868-57a2d4851a1d" relativeResultsDirectory="cf52503b-133c-496e-a4db-9a89e7cc49a7">
      <Output>
        <StdOut>Opening C:\src\nodejstools\TestResults\Itani_DESKTOP-RRA95A8 2016-01-24 02_34_51\Out\TestData\RequireTestApp\RequireTestApp.sln



Debug Trace:
devenv.exe Warning: 0 : Waiting for project.Properties to become non-null
devenv.exe Warning: 0 : Waiting for project.Properties to become non-null
devenv.exe Warning: 0 : Waiting for project.Properties to become non-null
devenv.exe Warning: 0 : Waiting for project.Properties to become non-null
devenv.exe Warning: 0 : Waiting for project.Properties to become non-null
devenv.exe Warning: 0 : Waiting for project.Properties to become non-null
devenv.exe Warning: 0 : Waiting for project.Properties to become non-null
devenv.exe Warning: 0 : Waiting for project.Properties to become non-null
devenv.exe Warning: 0 : Waiting for project.Properties to become non-null
devenv.exe Warning: 0 : Waiting for project.Properties to become non-null</StdOut>
        <ErrorInfo>
          <Message>Assert.IsNotNull failed. No project properties: (unable to get Solution output)</Message>
          <StackTrace>   at TestUtilities.UI.VisualStudioApp.OpenProject(String projName, String startItem, Nullable`1 expectedProjects, String projectName, Boolean setStartupItem) in C:\src\nodejstools\Common\Tests\Utilities.UI\UI\VisualStudioApp.cs:line 818
   at Microsoft.Nodejs.Tests.UI.ProjectTests.OpenProjectItem(VisualStudioApp app, String startItem, Window&amp; window, String projectName) in C:\src\nodejstools\Nodejs\Tests\Core.UI\ProjectTests.cs:line 575
   at Microsoft.Nodejs.Tests.UI.ProjectTests.RequireIntellisenseExpanded() in C:\src\nodejstools\Nodejs\Tests\Core.UI\ProjectTests.cs:line 238
</StackTrace>
        </ErrorInfo>
      </Output>
    </UnitTestResult>
    <UnitTestResult executionId="4619ac72-dd7e-488d-b81a-a5423ca43813" testId="1f49193f-1f0d-37bf-7544-764d51a3dd6e" testName="GlobalIntellisenseProjectReload" computerName="DESKTOP-RRA95A8" duration="00:00:02.7627094" startTime="2016-01-24T02:59:00.4094881-08:00" endTime="2016-01-24T02:59:03.5518319-08:00" testType="13cdc9d9-ddb5-4fa4-a97d-d965ccfc6d4b" outcome="Failed" testListId="8c84fa94-04c1-424b-9868-57a2d4851a1d" relativeResultsDirectory="4619ac72-dd7e-488d-b81a-a5423ca43813">
      <Output>
        <StdOut>Opening C:\src\nodejstools\TestResults\Itani_DESKTOP-RRA95A8 2016-01-24 02_34_51\Out\TestData\NodeAppWithModule2\NodeAppWithModule.sln



Debug Trace:
devenv.exe Warning: 0 : Waiting for project.Properties to become non-null
devenv.exe Warning: 0 : Waiting for project.Properties to become non-null
devenv.exe Warning: 0 : Waiting for project.Properties to become non-null
devenv.exe Warning: 0 : Waiting for project.Properties to become non-null
devenv.exe Warning: 0 : Waiting for project.Properties to become non-null
devenv.exe Warning: 0 : Waiting for project.Properties to become non-null
devenv.exe Warning: 0 : Waiting for project.Properties to become non-null
devenv.exe Warning: 0 : Waiting for project.Properties to become non-null
devenv.exe Warning: 0 : Waiting for project.Properties to become non-null
devenv.exe Warning: 0 : Waiting for project.Properties to become non-null</StdOut>
        <ErrorInfo>
          <Message>Assert.IsNotNull failed. No project properties: (unable to get Solution output)</Message>
          <StackTrace>   at TestUtilities.UI.VisualStudioApp.OpenProject(String projName, String startItem, Nullable`1 expectedProjects, String projectName, Boolean setStartupItem) in C:\src\nodejstools\Common\Tests\Utilities.UI\UI\VisualStudioApp.cs:line 818
   at Microsoft.Nodejs.Tests.UI.ProjectTests.GlobalIntellisenseProjectReload() in C:\src\nodejstools\Nodejs\Tests\Core.UI\ProjectTests.cs:line 272
</StackTrace>
        </ErrorInfo>
      </Output>
    </UnitTestResult>
    <UnitTestResult executionId="f701339b-cbee-4029-bc3c-f24104e3f6bc" testId="5e01af3d-cff9-26cf-d6c9-8d757ea1f640" testName="UserModule" computerName="DESKTOP-RRA95A8" duration="00:00:02.7179992" startTime="2016-01-24T02:59:03.5567419-08:00" endTime="2016-01-24T02:59:06.5979418-08:00" testType="13cdc9d9-ddb5-4fa4-a97d-d965ccfc6d4b" outcome="Failed" testListId="8c84fa94-04c1-424b-9868-57a2d4851a1d" relativeResultsDirectory="f701339b-cbee-4029-bc3c-f24104e3f6bc">
      <Output>
        <StdOut>Opening C:\src\nodejstools\TestResults\Itani_DESKTOP-RRA95A8 2016-01-24 02_34_51\Out\TestData\NodeAppWithModule\NodeAppWithModule.sln



Debug Trace:
devenv.exe Warning: 0 : Waiting for project.Properties to become non-null
devenv.exe Warning: 0 : Waiting for project.Properties to become non-null
devenv.exe Warning: 0 : Waiting for project.Properties to become non-null
devenv.exe Warning: 0 : Waiting for project.Properties to become non-null
devenv.exe Warning: 0 : Waiting for project.Properties to become non-null
devenv.exe Warning: 0 : Waiting for project.Properties to become non-null
devenv.exe Warning: 0 : Waiting for project.Properties to become non-null
devenv.exe Warning: 0 : Waiting for project.Properties to become non-null
devenv.exe Warning: 0 : Waiting for project.Properties to become non-null
devenv.exe Warning: 0 : Waiting for project.Properties to become non-null</StdOut>
        <ErrorInfo>
          <Message>Assert.IsNotNull failed. No project properties: (unable to get Solution output)</Message>
          <StackTrace>   at TestUtilities.UI.VisualStudioApp.OpenProject(String projName, String startItem, Nullable`1 expectedProjects, String projectName, Boolean setStartupItem) in C:\src\nodejstools\Common\Tests\Utilities.UI\UI\VisualStudioApp.cs:line 818
   at Microsoft.Nodejs.Tests.UI.ProjectTests.OpenProjectItem(VisualStudioApp app, String startItem, Window&amp; window, String projectName) in C:\src\nodejstools\Nodejs\Tests\Core.UI\ProjectTests.cs:line 575
   at Microsoft.Nodejs.Tests.UI.ProjectTests.UserModule() in C:\src\nodejstools\Nodejs\Tests\Core.UI\ProjectTests.cs:line 325
</StackTrace>
        </ErrorInfo>
      </Output>
    </UnitTestResult>
    <UnitTestResult executionId="2462a877-669e-4d5e-b716-bc91f7aa1506" testId="2490085f-9077-bac3-b3b0-a4a347b0f56e" testName="AddNewItem" computerName="DESKTOP-RRA95A8" duration="00:00:02.6979539" startTime="2016-01-24T02:59:06.6057917-08:00" endTime="2016-01-24T02:59:09.7457739-08:00" testType="13cdc9d9-ddb5-4fa4-a97d-d965ccfc6d4b" outcome="Failed" testListId="8c84fa94-04c1-424b-9868-57a2d4851a1d" relativeResultsDirectory="2462a877-669e-4d5e-b716-bc91f7aa1506">
      <Output>
        <StdOut>Opening C:\src\nodejstools\TestResults\Itani_DESKTOP-RRA95A8 2016-01-24 02_34_51\Out\TestData\NodeAppWithModule\NodeAppWithModule.sln



Debug Trace:
devenv.exe Warning: 0 : Waiting for project.Properties to become non-null
devenv.exe Warning: 0 : Waiting for project.Properties to become non-null
devenv.exe Warning: 0 : Waiting for project.Properties to become non-null
devenv.exe Warning: 0 : Waiting for project.Properties to become non-null
devenv.exe Warning: 0 : Waiting for project.Properties to become non-null
devenv.exe Warning: 0 : Waiting for project.Properties to become non-null
devenv.exe Warning: 0 : Waiting for project.Properties to become non-null
devenv.exe Warning: 0 : Waiting for project.Properties to become non-null
devenv.exe Warning: 0 : Waiting for project.Properties to become non-null
devenv.exe Warning: 0 : Waiting for project.Properties to become non-null</StdOut>
        <ErrorInfo>
          <Message>Assert.IsNotNull failed. No project properties: (unable to get Solution output)</Message>
          <StackTrace>   at TestUtilities.UI.VisualStudioApp.OpenProject(String projName, String startItem, Nullable`1 expectedProjects, String projectName, Boolean setStartupItem) in C:\src\nodejstools\Common\Tests\Utilities.UI\UI\VisualStudioApp.cs:line 818
   at Microsoft.Nodejs.Tests.UI.ProjectTests.OpenProjectItem(VisualStudioApp app, String startItem, Window&amp; window, String projectName) in C:\src\nodejstools\Nodejs\Tests\Core.UI\ProjectTests.cs:line 575
   at Microsoft.Nodejs.Tests.UI.ProjectTests.AddNewItem() in C:\src\nodejstools\Nodejs\Tests\Core.UI\ProjectTests.cs:line 345
</StackTrace>
        </ErrorInfo>
      </Output>
    </UnitTestResult>
    <UnitTestResult executionId="dabd0457-56a0-4e1d-9959-6999f2c7c23e" testId="70c85cb8-44f9-b3d1-707c-ce28ae5256c0" testName="EnterCompletion" computerName="DESKTOP-RRA95A8" duration="00:00:02.6540561" startTime="2016-01-24T02:59:09.7556974-08:00" endTime="2016-01-24T02:59:12.7700669-08:00" testType="13cdc9d9-ddb5-4fa4-a97d-d965ccfc6d4b" outcome="Failed" testListId="8c84fa94-04c1-424b-9868-57a2d4851a1d" relativeResultsDirectory="dabd0457-56a0-4e1d-9959-6999f2c7c23e">
      <Output>
        <StdOut>Opening C:\src\nodejstools\TestResults\Itani_DESKTOP-RRA95A8 2016-01-24 02_34_51\Out\TestData\NodeAppWithModule\NodeAppWithModule.sln



Debug Trace:
devenv.exe Warning: 0 : Waiting for project.Properties to become non-null
devenv.exe Warning: 0 : Waiting for project.Properties to become non-null
devenv.exe Warning: 0 : Waiting for project.Properties to become non-null
devenv.exe Warning: 0 : Waiting for project.Properties to become non-null
devenv.exe Warning: 0 : Waiting for project.Properties to become non-null
devenv.exe Warning: 0 : Waiting for project.Properties to become non-null
devenv.exe Warning: 0 : Waiting for project.Properties to become non-null
devenv.exe Warning: 0 : Waiting for project.Properties to become non-null
devenv.exe Warning: 0 : Waiting for project.Properties to become non-null
devenv.exe Warning: 0 : Waiting for project.Properties to become non-null</StdOut>
        <ErrorInfo>
          <Message>Assert.IsNotNull failed. No project properties: (unable to get Solution output)</Message>
          <StackTrace>   at TestUtilities.UI.VisualStudioApp.OpenProject(String projName, String startItem, Nullable`1 expectedProjects, String projectName, Boolean setStartupItem) in C:\src\nodejstools\Common\Tests\Utilities.UI\UI\VisualStudioApp.cs:line 818
   at Microsoft.Nodejs.Tests.UI.ProjectTests.OpenProjectItem(VisualStudioApp app, String startItem, Window&amp; window, String projectName) in C:\src\nodejstools\Nodejs\Tests\Core.UI\ProjectTests.cs:line 575
   at Microsoft.Nodejs.Tests.UI.ProjectTests.EnterCompletion() in C:\src\nodejstools\Nodejs\Tests\Core.UI\ProjectTests.cs:line 364
</StackTrace>
        </ErrorInfo>
      </Output>
    </UnitTestResult>
    <UnitTestResult executionId="ea0cc8ab-2880-475a-8a4c-b1f5f532b3d9" testId="c8428b82-73a8-1ad8-2405-55e719029c64" testName="ModuleCompletions" computerName="DESKTOP-RRA95A8" duration="00:00:02.6906867" startTime="2016-01-24T02:59:12.8402538-08:00" endTime="2016-01-24T02:59:16.0142990-08:00" testType="13cdc9d9-ddb5-4fa4-a97d-d965ccfc6d4b" outcome="Failed" testListId="8c84fa94-04c1-424b-9868-57a2d4851a1d" relativeResultsDirectory="ea0cc8ab-2880-475a-8a4c-b1f5f532b3d9">
      <Output>
        <StdOut>Opening C:\src\nodejstools\TestResults\Itani_DESKTOP-RRA95A8 2016-01-24 02_34_51\Out\TestData\NodeAppWithModule\NodeAppWithModule.sln



Debug Trace:
devenv.exe Warning: 0 : Waiting for project.Properties to become non-null
devenv.exe Warning: 0 : Waiting for project.Properties to become non-null
devenv.exe Warning: 0 : Waiting for project.Properties to become non-null
devenv.exe Warning: 0 : Waiting for project.Properties to become non-null
devenv.exe Warning: 0 : Waiting for project.Properties to become non-null
devenv.exe Warning: 0 : Waiting for project.Properties to become non-null
devenv.exe Warning: 0 : Waiting for project.Properties to become non-null
devenv.exe Warning: 0 : Waiting for project.Properties to become non-null
devenv.exe Warning: 0 : Waiting for project.Properties to become non-null
devenv.exe Warning: 0 : Waiting for project.Properties to become non-null</StdOut>
        <ErrorInfo>
          <Message>Assert.IsNotNull failed. No project properties: (unable to get Solution output)</Message>
          <StackTrace>   at TestUtilities.UI.VisualStudioApp.OpenProject(String projName, String startItem, Nullable`1 expectedProjects, String projectName, Boolean setStartupItem) in C:\src\nodejstools\Common\Tests\Utilities.UI\UI\VisualStudioApp.cs:line 818
   at Microsoft.Nodejs.Tests.UI.ProjectTests.OpenProjectItem(VisualStudioApp app, String startItem, Window&amp; window, String projectName) in C:\src\nodejstools\Nodejs\Tests\Core.UI\ProjectTests.cs:line 575
   at Microsoft.Nodejs.Tests.UI.ProjectTests.ModuleCompletions() in C:\src\nodejstools\Nodejs\Tests\Core.UI\ProjectTests.cs:line 394
</StackTrace>
        </ErrorInfo>
      </Output>
    </UnitTestResult>
    <UnitTestResult executionId="a8265443-f018-4674-bd86-745bc924dc6b" testId="99f196c1-a4c2-a1c2-6e27-cb6ebfad1158" testName="TestNewProject" computerName="DESKTOP-RRA95A8" duration="00:00:23.2600274" startTime="2016-01-24T02:59:16.0250940-08:00" endTime="2016-01-24T02:59:39.7060269-08:00" testType="13cdc9d9-ddb5-4fa4-a97d-d965ccfc6d4b" outcome="Failed" testListId="8c84fa94-04c1-424b-9868-57a2d4851a1d" relativeResultsDirectory="a8265443-f018-4674-bd86-745bc924dc6b">
      <Output>
        <ErrorInfo>
          <Message>Test method Microsoft.Nodejs.Tests.UI.ProjectTests.TestNewProject threw exception: 
System.ArgumentException: The parameter is incorrect. (Exception from HRESULT: 0x80070057 (E_INVALIDARG))</Message>
          <StackTrace>    at EnvDTE.Projects.Item(Object index)
   at Microsoft.Nodejs.Tests.UI.ProjectTests.TestNewProject() in C:\src\nodejstools\Nodejs\Tests\Core.UI\ProjectTests.cs:line 444
</StackTrace>
        </ErrorInfo>
      </Output>
    </UnitTestResult>
    <UnitTestResult executionId="fd7d4f7c-96a8-4581-b349-8bed744f72a8" testId="9e3c698e-4e9c-b706-3e02-36c59eb20f10" testName="TestNewAzureProject" computerName="DESKTOP-RRA95A8" duration="00:00:31.8388843" startTime="2016-01-24T02:59:39.7148570-08:00" endTime="2016-01-24T03:00:11.9106753-08:00" testType="13cdc9d9-ddb5-4fa4-a97d-d965ccfc6d4b" outcome="Failed" testListId="8c84fa94-04c1-424b-9868-57a2d4851a1d" relativeResultsDirectory="fd7d4f7c-96a8-4581-b349-8bed744f72a8">
      <Output>
        <StdOut>Failed to find InstalledTemplates:
Name    ClassName      ControlType    AutomationID
 Microsoft Visual Studio	ControlType.Window	#32770	
     New Project	ControlType.Window	Window	NewProjectDialog1
         New Project	ControlType.TitleBar		TitleBar
             System Menu Bar	ControlType.MenuBar		SystemMenuBar
                 System	ControlType.MenuItem		Item 1
             Context help	ControlType.Button		Help
             Close	ControlType.Button		Close
         	ControlType.Custom	VSExtensionsExplorerCtl	m_vsExtnsExplorerCtl
             Extension Providers List	ControlType.DataGrid	ListView	ProvidersUid
                 	ControlType.Header	GridViewHeaderRowPresenter	
                     Name	ControlType.HeaderItem	GridViewColumnHeader	
                 Recent	ControlType.DataItem	ListViewItem	Recent
                     	ControlType.Custom	ContentPresenter	
                         	ControlType.Group	Expander	
                             	ControlType.Button	Button	HeaderExpanderArrow
                 Installed	ControlType.DataItem	ListViewItem	Installed
                     	ControlType.Custom	ContentPresenter	
                         	ControlType.Group	Expander	
                             	ControlType.Button	Button	HeaderExpanderArrow
                             Installed	ControlType.Tree	TreeView	Installed
                                 Templates	ControlType.TreeItem	TreeViewItem	Templates
                                     	ControlType.Button	Button	Expander
                                     Templates	ControlType.Text	TextBlock	Templates
                                     Visual C#	ControlType.TreeItem	TreeViewItem	Visual C#
                                         	ControlType.Button	Button	Expander
                                         Visual C#	ControlType.Text	TextBlock	Visual C#
                                     Visual Basic	ControlType.TreeItem	TreeViewItem	Visual Basic
                                         	ControlType.Button	Button	Expander
                                         Visual Basic	ControlType.Text	TextBlock	Visual Basic
                                     JavaScript	ControlType.TreeItem	TreeViewItem	JavaScript
                                         	ControlType.Button	Button	Expander
                                         JavaScript	ControlType.Text	TextBlock	JavaScript
                                         Apache Cordova Apps	ControlType.TreeItem	TreeViewItem	Apache Cordova Apps
                                             	ControlType.Button	Button	Expander
                                             Apache Cordova Apps	ControlType.Text	TextBlock	Apache Cordova Apps
                                         Node.js	ControlType.TreeItem	TreeViewItem	Node.js
                                             	ControlType.Button	Button	Expander
                                             Node.js	ControlType.Text	TextBlock	Node.js
                                     Visual F#	ControlType.TreeItem	TreeViewItem	Visual F#
                                         	ControlType.Button	Button	Expander
                                         Visual F#	ControlType.Text	TextBlock	Visual F#
                                     Visual C++	ControlType.TreeItem	TreeViewItem	Visual C++
                                         	ControlType.Button	Button	Expander
                                         Visual C++	ControlType.Text	TextBlock	Visual C++
                                     SQL Server	ControlType.TreeItem	TreeViewItem	SQL Server
                                         	ControlType.Button	Button	Expander
                                         SQL Server	ControlType.Text	TextBlock	SQL Server
                                     PowerShell	ControlType.TreeItem	TreeViewItem	PowerShell
                                         	ControlType.Button	Button	Expander
                                         PowerShell	ControlType.Text	TextBlock	PowerShell
                                     Python	ControlType.TreeItem	TreeViewItem	Python
                                         	ControlType.Button	Button	Expander
                                         Python	ControlType.Text	TextBlock	Python
                                     TypeScript	ControlType.TreeItem	TreeViewItem	TypeScript
                                         	ControlType.Button	Button	Expander
                                         TypeScript	ControlType.Text	TextBlock	TypeScript
                                     Game	ControlType.TreeItem	TreeViewItem	Game
                                         	ControlType.Button	Button	Expander
                                         Game	ControlType.Text	TextBlock	Game
                                     Build Accelerator	ControlType.TreeItem	TreeViewItem	Build Accelerator
                                         	ControlType.Button	Button	Expander
                                         Build Accelerator	ControlType.Text	TextBlock	Build Accelerator
                                     Other Project Types	ControlType.TreeItem	TreeViewItem	Other Project Types
                                         	ControlType.Button	Button	Expander
                                         Other Project Types	ControlType.Text	TextBlock	Other Project Types
                                     Modeling Projects	ControlType.TreeItem	TreeViewItem	Modeling Projects
                                         	ControlType.Button	Button	Expander
                                         Modeling Projects	ControlType.Text	TextBlock	Modeling Projects
                                 Samples	ControlType.TreeItem	TreeViewItem	Samples
                                     	ControlType.Button	Button	Expander
                                     Samples	ControlType.Text	TextBlock	Samples
                 Online	ControlType.DataItem	ListViewItem	Online
                     	ControlType.Custom	ContentPresenter	
                         	ControlType.Group	Expander	
                             	ControlType.Button	Button	HeaderExpanderArrow
             Framework Version	ControlType.ComboBox	ComboBox	FxCombo
             Sort by:	ControlType.Text	TextBlock	TextBlock_10
             Sort Order	ControlType.ComboBox	ComboBox	SortOrderCombo
             Large Icons	ControlType.Button	Button	btnt_LargeIcons
             Small Icons	ControlType.Button	Button	btnt_SmallIcons
                 	ControlType.Image	Image	Image_9
             Medium Icons	ControlType.Button	Button	btnt_MediumIcons
                 	ControlType.Image	Image	Image_8
             Search Control	ControlType.Custom	SearchControl	SearchControl
                 Search Installed Templates (Ctrl+E)	ControlType.Edit	TextBox	PART_SearchBox
                     	ControlType.ScrollBar	ScrollBar	VerticalScrollBar
                     	ControlType.ScrollBar	ScrollBar	HorizontalScrollBar
                 Search	ControlType.Button	Button	PART_SearchButton
                 Drop Down Button	ControlType.Button	Button	PART_SearchDropdownButton
                 Search Control Drop Down	ControlType.Custom	UserControl	PART_SearchPopupContent
             Extensions	ControlType.DataGrid	ListView	lvw_Extensions
                 	ControlType.Header	GridViewHeaderRowPresenter	
                     Name	ControlType.HeaderItem	GridViewColumnHeader	
                 Azure Cloud Service	ControlType.DataItem	ListViewItem	Azure Cloud Service
                     	ControlType.Custom	ContentPresenter	
                         	ControlType.Image	Image	
                         Azure Cloud Service	ControlType.Text	TextBlock	
                         JavaScript	ControlType.Text	TextBlock	
                 From Existing Node.js code	ControlType.DataItem	ListViewItem	From Existing Node.js code
                     	ControlType.Custom	ContentPresenter	
                         	ControlType.Image	Image	
                         From Existing Node.js code	ControlType.Text	TextBlock	
                         JavaScript	ControlType.Text	TextBlock	
                 Blank Node.js Console Application	ControlType.DataItem	ListViewItem	Blank Node.js Console Application
                     	ControlType.Custom	ContentPresenter	
                         	ControlType.Image	Image	
                         Blank Node.js Console Application	ControlType.Text	TextBlock	
                         JavaScript	ControlType.Text	TextBlock	
                 Blank Node.js Web Application	ControlType.DataItem	ListViewItem	Blank Node.js Web Application
                     	ControlType.Custom	ContentPresenter	
                         	ControlType.Image	Image	
                         Blank Node.js Web Application	ControlType.Text	TextBlock	
                         JavaScript	ControlType.Text	TextBlock	
                 Basic Node.js Express 3 Application	ControlType.DataItem	ListViewItem	Basic Node.js Express 3 Application
                     	ControlType.Custom	ContentPresenter	
                         	ControlType.Image	Image	
                         Basic Node.js Express 3 Application	ControlType.Text	TextBlock	
                         JavaScript	ControlType.Text	TextBlock	
                 Starter Node.js Express 3 Application	ControlType.DataItem	ListViewItem	Starter Node.js Express 3 Application
                     	ControlType.Custom	ContentPresenter	
                         	ControlType.Image	Image	
                         Starter Node.js Express 3 Application	ControlType.Text	TextBlock	
                         JavaScript	ControlType.Text	TextBlock	
                 Basic Node.js Express 4 Application	ControlType.DataItem	ListViewItem	Basic Node.js Express 4 Application
                     	ControlType.Custom	ContentPresenter	
                         	ControlType.Image	Image	
                         Basic Node.js Express 4 Application	ControlType.Text	TextBlock	
                         JavaScript	ControlType.Text	TextBlock	
                 Blank Azure Node.js Web Application	ControlType.DataItem	ListViewItem	Blank Azure Node.js Web Application
                     	ControlType.Custom	ContentPresenter	
                         	ControlType.Image	Image	
                         Blank Azure Node.js Web Application	ControlType.Text	TextBlock	
                         JavaScript	ControlType.Text	TextBlock	
                 Basic Azure Node.js Express 3 Application	ControlType.DataItem	ListViewItem	Basic Azure Node.js Express 3 Application
                     	ControlType.Custom	ContentPresenter	
                         	ControlType.Image	Image	
                         Basic Azure Node.js Express 3 Application	ControlType.Text	TextBlock	
                         JavaScript	ControlType.Text	TextBlock	
                 Starter Azure Node.js Express 3 Application	ControlType.DataItem	ListViewItem	Starter Azure Node.js Express 3 Application
                     	ControlType.Custom	ContentPresenter	
                         	ControlType.Image	Image	
                         Starter Azure Node.js Express 3 Application	ControlType.Text	TextBlock	
                         JavaScript	ControlType.Text	TextBlock	
                 Basic Azure Node.js Express 4 Application	ControlType.DataItem	ListViewItem	Basic Azure Node.js Express 4 Application
                     	ControlType.Custom	ContentPresenter	
                         	ControlType.Image	Image	
                         Basic Azure Node.js Express 4 Application	ControlType.Text	TextBlock	
                         JavaScript	ControlType.Text	TextBlock	
             Please choose a project type, and verify that a matching Framework is selected.	ControlType.Pane	ScrollViewer	ScrollViewer_1
                 Please choose a project type, and verify that a matching Framework is selected.	ControlType.Text	TextBlock	m_MessageViewer
                 	ControlType.ScrollBar	ScrollBar	VerticalScrollBar
                 	ControlType.ScrollBar	ScrollBar	HorizontalScrollBar
             Retrieving information...	ControlType.Text	TextBlock	m_ProgressMessageUid
             Cancel	ControlType.Button	Button	m_ProgressCancelBtnUid
                 Cancel	ControlType.Text	TextBlock	
             	ControlType.Button	Button	Btn_Left
             1	ControlType.Button	Button	
                 1	ControlType.Text	TextBlock	
             	ControlType.Button	Button	Btn_Right
             Click here to go online and find templates.	ControlType.Pane	ScrollViewer	ScrollViewer_1
                 Click here to go online and find templates.	ControlType.Text	TextBlock	m_MessageViewer
                     Click here to go online and find templates.	ControlType.Hyperlink	Hyperlink	
                 	ControlType.ScrollBar	ScrollBar	VerticalScrollBar
                 	ControlType.ScrollBar	ScrollBar	HorizontalScrollBar
             	ControlType.Pane	ScrollViewer	
                 Type:	ControlType.Text	TextBlock	
                 JavaScript	ControlType.Text	TextBlock	TemplateProjectType
                 Created By:	ControlType.Text	TextBlock	
                 	ControlType.Text	TextBlock	TemplateCreatedBy
                 Version:	ControlType.Text	TextBlock	
                 	ControlType.Text	TextBlock	TemplateVersion
                 Programming Languages:	ControlType.Text	TextBlock	
                 	ControlType.Text	TextBlock	SampleProgrammingLanguages
                 Target Frameworks:	ControlType.Text	TextBlock	
                 	ControlType.Text	TextBlock	SampleTargetFrameworks
                 Release Notes	ControlType.Text	TextBlock	
                     Release Notes	ControlType.Hyperlink	Hyperlink	releaseNotesLink
                 More Information	ControlType.Text	TextBlock	
                     More Information	ControlType.Hyperlink	Hyperlink	
                 Getting Started Guide	ControlType.Text	TextBlock	
                     Getting Started Guide	ControlType.Hyperlink	Hyperlink	
                 Template Description	ControlType.Text	TextBlock	TemplateDescription
                 Template Preview	ControlType.Image	Image	TemplatePreview
                 	ControlType.Custom	EnableAppInsightsPage	
                 	ControlType.ScrollBar	ScrollBar	VerticalScrollBar
                 	ControlType.ScrollBar	ScrollBar	HorizontalScrollBar
         Per user extensions are currently not allowed to load. Enable loading of per user extensions	ControlType.Text	TextBlock	TextBlock_EnableExtensionsLabel
             Enable loading of per user extensions	ControlType.Hyperlink	Hyperlink	Hyperlink_EnableExtensions
         Name:	ControlType.Text	Text	Label_1
             _Name:	ControlType.Text	TextBlock	
         Name:	ControlType.Edit	TextBox	txt_Name
             	ControlType.ScrollBar	ScrollBar	VerticalScrollBar
             	ControlType.ScrollBar	ScrollBar	HorizontalScrollBar
         Location:	ControlType.Text	Text	Label_2
             _Location:	ControlType.Text	TextBlock	
         Location:	ControlType.ComboBox	ComboBox	LocationCombo
             	ControlType.Edit	TextBox	PART_EditableTextBox
                 	ControlType.ScrollBar	ScrollBar	VerticalScrollBar
                 	ControlType.ScrollBar	ScrollBar	HorizontalScrollBar
         Browse...	ControlType.Button	Button	btn_Browse
             _Browse...	ControlType.Text	TextBlock	
         Web location:	ControlType.Text	Text	Label_WebLocUid
             Web _location:	ControlType.Text	TextBlock	
         Protocol Combo	ControlType.ComboBox	ComboBox	ProtocolCombo
         Web location:	ControlType.ComboBox	ComboBox	WebLocationCombo
             	ControlType.Edit	TextBox	PART_EditableTextBox
                 	ControlType.ScrollBar	ScrollBar	VerticalScrollBar
                 	ControlType.ScrollBar	ScrollBar	HorizontalScrollBar
         Browse...	ControlType.Button	Button	btn_BrowseWebDirectoryUid
             _Browse...	ControlType.Text	TextBlock	
         Solution:	ControlType.Text	Text	Label_3
             _Solution:	ControlType.Text	TextBlock	
         Solution:	ControlType.ComboBox	ComboBox	SolutionOptionCombo
         Solution name:	ControlType.Text	Text	Label_4
             Solution na_me:	ControlType.Text	TextBlock	
         Solution name:	ControlType.Edit	TextBox	txt_SlnName
             	ControlType.ScrollBar	ScrollBar	VerticalScrollBar
             	ControlType.ScrollBar	ScrollBar	HorizontalScrollBar
         Create directory for solution	ControlType.CheckBox	CheckBox	chk_NewSlnDirectory
             Create _directory for solution	ControlType.Text	TextBlock	
         Add to source control	ControlType.CheckBox	CheckBox	chk_SrcCtrl
             Add to so_urce control	ControlType.Text	TextBlock	
         Place code in separate file	ControlType.CheckBox	CheckBox	chk_CodeInNewFileUid
         Select master page	ControlType.CheckBox	CheckBox	chk_SelectMasterUid
             Sele_ct master page	ControlType.Text	TextBlock	
         OK	ControlType.Button	Button	btn_OK
             OK	ControlType.Text	TextBlock	
             	ControlType.Button	Button	DropDownButton
         Cancel	ControlType.Button	Button	btn_Cancel
             Cancel	ControlType.Text	TextBlock	
     OK	ControlType.Button	Button	2
     Help	ControlType.Button	Button	9
     	ControlType.Image	Static	20
     The project file 'C:\Users\Itani\AppData\Local\Temp\jgemomiz.xsm\Temp\NodejsWebApp1.njsproj' cannot be opened.

There is a missing project subtype.
Subtype: '{3AF33F2E-1136-4D97-BBB7-1795711AC8B8}' is unsupported by this installation.	ControlType.Text	Static	65535
     Microsoft Visual Studio	ControlType.TitleBar		TitleBar
         System Menu Bar	ControlType.MenuBar		SystemMenuBar
             System	ControlType.MenuItem		Item 1
         Close	ControlType.Button		Close</StdOut>
        <ErrorInfo>
          <Message>Test method Microsoft.Nodejs.Tests.UI.ProjectTests.TestNewAzureProject threw exception: 
System.ArgumentException: The parameter is incorrect. (Exception from HRESULT: 0x80070057 (E_INVALIDARG))</Message>
          <StackTrace>    at EnvDTE.Projects.Item(Object index)
   at Microsoft.Nodejs.Tests.UI.ProjectTests.TestNewAzureProject() in C:\src\nodejstools\Nodejs\Tests\Core.UI\ProjectTests.cs:line 475
</StackTrace>
        </ErrorInfo>
      </Output>
    </UnitTestResult>
    <UnitTestResult executionId="afdabed9-0717-4c84-9b44-9c9c50e67c5f" testId="6217340c-a4d0-8196-f0f9-71f26ccd5911" testName="TestAutomationProject" computerName="DESKTOP-RRA95A8" duration="00:00:02.6822821" startTime="2016-01-24T03:00:11.9234304-08:00" endTime="2016-01-24T03:00:15.0514835-08:00" testType="13cdc9d9-ddb5-4fa4-a97d-d965ccfc6d4b" outcome="Failed" testListId="8c84fa94-04c1-424b-9868-57a2d4851a1d" relativeResultsDirectory="afdabed9-0717-4c84-9b44-9c9c50e67c5f">
      <Output>
        <StdOut>Opening C:\src\nodejstools\TestResults\Itani_DESKTOP-RRA95A8 2016-01-24 02_34_51\Out\TestData\NodeAppWithModule\NodeAppWithModule.sln



Debug Trace:
devenv.exe Warning: 0 : Waiting for project.Properties to become non-null
devenv.exe Warning: 0 : Waiting for project.Properties to become non-null
devenv.exe Warning: 0 : Waiting for project.Properties to become non-null
devenv.exe Warning: 0 : Waiting for project.Properties to become non-null
devenv.exe Warning: 0 : Waiting for project.Properties to become non-null
devenv.exe Warning: 0 : Waiting for project.Properties to become non-null
devenv.exe Warning: 0 : Waiting for project.Properties to become non-null
devenv.exe Warning: 0 : Waiting for project.Properties to become non-null
devenv.exe Warning: 0 : Waiting for project.Properties to become non-null
devenv.exe Warning: 0 : Waiting for project.Properties to become non-null</StdOut>
        <ErrorInfo>
          <Message>Assert.IsNotNull failed. No project properties: (unable to get Solution output)</Message>
          <StackTrace>   at TestUtilities.UI.VisualStudioApp.OpenProject(String projName, String startItem, Nullable`1 expectedProjects, String projectName, Boolean setStartupItem) in C:\src\nodejstools\Common\Tests\Utilities.UI\UI\VisualStudioApp.cs:line 818
   at Microsoft.Nodejs.Tests.UI.ProjectTests.TestAutomationProject() in C:\src\nodejstools\Nodejs\Tests\Core.UI\ProjectTests.cs:line 492
</StackTrace>
        </ErrorInfo>
      </Output>
    </UnitTestResult>
    <UnitTestResult executionId="aaa69851-f8c8-48fb-a982-e97243c2a4c7" testId="847a1b2f-54a2-03c5-73e5-2c261da2b7f8" testName="SetAsStartupFile" computerName="DESKTOP-RRA95A8" duration="00:00:02.6542184" startTime="2016-01-24T03:00:15.0590099-08:00" endTime="2016-01-24T03:00:18.1710638-08:00" testType="13cdc9d9-ddb5-4fa4-a97d-d965ccfc6d4b" outcome="Failed" testListId="8c84fa94-04c1-424b-9868-57a2d4851a1d" relativeResultsDirectory="aaa69851-f8c8-48fb-a982-e97243c2a4c7">
      <Output>
        <StdOut>Opening C:\src\nodejstools\TestResults\Itani_DESKTOP-RRA95A8 2016-01-24 02_34_51\Out\TestData\NodeAppWithModule\NodeAppWithModule.sln



Debug Trace:
devenv.exe Warning: 0 : Waiting for project.Properties to become non-null
devenv.exe Warning: 0 : Waiting for project.Properties to become non-null
devenv.exe Warning: 0 : Waiting for project.Properties to become non-null
devenv.exe Warning: 0 : Waiting for project.Properties to become non-null
devenv.exe Warning: 0 : Waiting for project.Properties to become non-null
devenv.exe Warning: 0 : Waiting for project.Properties to become non-null
devenv.exe Warning: 0 : Waiting for project.Properties to become non-null
devenv.exe Warning: 0 : Waiting for project.Properties to become non-null
devenv.exe Warning: 0 : Waiting for project.Properties to become non-null
devenv.exe Warning: 0 : Waiting for project.Properties to become non-null</StdOut>
        <ErrorInfo>
          <Message>Assert.IsNotNull failed. No project properties: (unable to get Solution output)</Message>
          <StackTrace>   at TestUtilities.UI.VisualStudioApp.OpenProject(String projName, String startItem, Nullable`1 expectedProjects, String projectName, Boolean setStartupItem) in C:\src\nodejstools\Common\Tests\Utilities.UI\UI\VisualStudioApp.cs:line 818
   at Microsoft.Nodejs.Tests.UI.ProjectTests.SetAsStartupFile() in C:\src\nodejstools\Nodejs\Tests\Core.UI\ProjectTests.cs:line 535
</StackTrace>
        </ErrorInfo>
      </Output>
    </UnitTestResult>
    <UnitTestResult executionId="3b8a5261-ac2f-4815-b204-e7babd5c5149" testId="db8f8428-d50a-bb0e-eeb8-026f76b42650" testName="TestProjectProperties" computerName="DESKTOP-RRA95A8" duration="00:00:02.7244378" startTime="2016-01-24T03:00:18.1789177-08:00" endTime="2016-01-24T03:00:21.4021005-08:00" testType="13cdc9d9-ddb5-4fa4-a97d-d965ccfc6d4b" outcome="Failed" testListId="8c84fa94-04c1-424b-9868-57a2d4851a1d" relativeResultsDirectory="3b8a5261-ac2f-4815-b204-e7babd5c5149">
      <Output>
        <StdOut>Opening C:\src\nodejstools\TestResults\Itani_DESKTOP-RRA95A8 2016-01-24 02_34_51\Out\TestData\NodejsProjectPropertiesTest\NodejsProjectPropertiesTest.sln



Debug Trace:
devenv.exe Warning: 0 : Waiting for project.Properties to become non-null
devenv.exe Warning: 0 : Waiting for project.Properties to become non-null
devenv.exe Warning: 0 : Waiting for project.Properties to become non-null
devenv.exe Warning: 0 : Waiting for project.Properties to become non-null
devenv.exe Warning: 0 : Waiting for project.Properties to become non-null
devenv.exe Warning: 0 : Waiting for project.Properties to become non-null
devenv.exe Warning: 0 : Waiting for project.Properties to become non-null
devenv.exe Warning: 0 : Waiting for project.Properties to become non-null
devenv.exe Warning: 0 : Waiting for project.Properties to become non-null
devenv.exe Warning: 0 : Waiting for project.Properties to become non-null</StdOut>
        <ErrorInfo>
          <Message>Assert.IsNotNull failed. No project properties: (unable to get Solution output)</Message>
          <StackTrace>   at TestUtilities.UI.VisualStudioApp.OpenProject(String projName, String startItem, Nullable`1 expectedProjects, String projectName, Boolean setStartupItem) in C:\src\nodejstools\Common\Tests\Utilities.UI\UI\VisualStudioApp.cs:line 818
   at Microsoft.Nodejs.Tests.UI.ProjectTests.TestProjectProperties() in C:\src\nodejstools\Nodejs\Tests\Core.UI\ProjectTests.cs:line 610
</StackTrace>
        </ErrorInfo>
      </Output>
    </UnitTestResult>
    <UnitTestResult executionId="e994897c-a015-4354-8327-b45b809d0b53" testId="ae61b3ca-7da3-ec4c-6123-f951736ddf80" testName="TestBrowserLaunch" computerName="DESKTOP-RRA95A8" duration="00:00:02.6791813" startTime="2016-01-24T03:00:21.4119131-08:00" endTime="2016-01-24T03:00:24.5482399-08:00" testType="13cdc9d9-ddb5-4fa4-a97d-d965ccfc6d4b" outcome="Failed" testListId="8c84fa94-04c1-424b-9868-57a2d4851a1d" relativeResultsDirectory="e994897c-a015-4354-8327-b45b809d0b53">
      <Output>
        <StdOut>Opening C:\src\nodejstools\TestResults\Itani_DESKTOP-RRA95A8 2016-01-24 02_34_51\Out\TestData\NodejsProjectPropertiesTest\NodejsProjectPropertiesTest.sln



Debug Trace:
devenv.exe Warning: 0 : Waiting for project.Properties to become non-null
devenv.exe Warning: 0 : Waiting for project.Properties to become non-null
devenv.exe Warning: 0 : Waiting for project.Properties to become non-null
devenv.exe Warning: 0 : Waiting for project.Properties to become non-null
devenv.exe Warning: 0 : Waiting for project.Properties to become non-null
devenv.exe Warning: 0 : Waiting for project.Properties to become non-null
devenv.exe Warning: 0 : Waiting for project.Properties to become non-null
devenv.exe Warning: 0 : Waiting for project.Properties to become non-null
devenv.exe Warning: 0 : Waiting for project.Properties to become non-null
devenv.exe Warning: 0 : Waiting for project.Properties to become non-null</StdOut>
        <ErrorInfo>
          <Message>Assert.IsNotNull failed. No project properties: (unable to get Solution output)</Message>
          <StackTrace>   at TestUtilities.UI.VisualStudioApp.OpenProject(String projName, String startItem, Nullable`1 expectedProjects, String projectName, Boolean setStartupItem) in C:\src\nodejstools\Common\Tests\Utilities.UI\UI\VisualStudioApp.cs:line 818
   at Microsoft.Nodejs.Tests.UI.ProjectTests.TestBrowserLaunch() in C:\src\nodejstools\Nodejs\Tests\Core.UI\ProjectTests.cs:line 641
</StackTrace>
        </ErrorInfo>
      </Output>
    </UnitTestResult>
    <UnitTestResult executionId="6b5122d3-21c0-4cc0-b69d-5cd7e3faf666" testId="713651df-0c00-0249-38a3-17bcdceae65b" testName="GetLongSubPaths" computerName="DESKTOP-RRA95A8" duration="00:00:00.0931419" startTime="2016-01-24T03:00:24.5677156-08:00" endTime="2016-01-24T03:00:25.1144875-08:00" testType="13cdc9d9-ddb5-4fa4-a97d-d965ccfc6d4b" outcome="Passed" testListId="8c84fa94-04c1-424b-9868-57a2d4851a1d" relativeResultsDirectory="6b5122d3-21c0-4cc0-b69d-5cd7e3faf666">
      <Output>
        <StdOut>CreateDirectory C:\src\nodejstools\TestResults\Itani_DESKTOP-RRA95A8 2016-01-24 02_34_51\Out\Temp\dopk5cgd.uvs\aaaaaaaaaaaaaaaaaaaaaaaaaaaaaaaaaaaaaaaaaaaaaaaaaaaaaaaaaaaaaaaaaaaaaaaaaaaaaaaaaaaaaaaaaaaaaaaaaaaaaaaaaaaaaaaaaaaaaaaaaaaaaaaaaaaaaaaaaaaaaaaaaaaa\d
CreateDirectory C:\src\nodejstools\TestResults\Itani_DESKTOP-RRA95A8 2016-01-24 02_34_51\Out\Temp\dopk5cgd.uvs\aaaaaaaaaaaaaaaaaaaaaaaaaaaaaaaaaaaaaaaaaaaaaaaaaaaaaaaaaaaaaaaaaaaaaaaaaaaaaaaaaaaaaaaaaaaaaaaaaaaaaaaaaaaaaaaaaaaaaaaaaaaaaaaaaaaaaaaaaaaaaaaaaaaa\d\d
CreateDirectory C:\src\nodejstools\TestResults\Itani_DESKTOP-RRA95A8 2016-01-24 02_34_51\Out\Temp\dopk5cgd.uvs\aaaaaaaaaaaaaaaaaaaaaaaaaaaaaaaaaaaaaaaaaaaaaaaaaaaaaaaaaaaaaaaaaaaaaaaaaaaaaaaaaaaaaaaaaaaaaaaaaaaaaaaaaaaaaaaaaaaaaaaaaaaaaaaaaaaaaaaaaaaaaaaaaaaa\d\dd
CreateDirectory C:\src\nodejstools\TestResults\Itani_DESKTOP-RRA95A8 2016-01-24 02_34_51\Out\Temp\dopk5cgd.uvs\aaaaaaaaaaaaaaaaaaaaaaaaaaaaaaaaaaaaaaaaaaaaaaaaaaaaaaaaaaaaaaaaaaaaaaaaaaaaaaaaaaaaaaaaaaaaaaaaaaaaaaaaaaaaaaaaaaaaaaaaaaaaaaaaaaaaaaaaaaaaaaaaaaaa\d.dd
CreateDirectory C:\src\nodejstools\TestResults\Itani_DESKTOP-RRA95A8 2016-01-24 02_34_51\Out\Temp\dopk5cgd.uvs\aaaaaaaaaaaaaaaaaaaaaaaaaaaaaaaaaaaaaaaaaaaaaaaaaaaaaaaaaaaaaaaaaaaaaaaaaaaaaaaaaaaaaaaaaaaaaaaaaaaaaaaaaaaaaaaaaaaaaaaaaaaaaaaaaaaaaaaaaaaaaaaaaaaa\d.dd\dd
CopyFile C:\src\nodejstools\TestResults\Itani_DESKTOP-RRA95A8 2016-01-24 02_34_51\Out\Temp\dopk5cgd.uvs\aaaaaaaaaaaaaaaaaaaaaaaaaaaaaaaaaaaaaaaaaaaaaaaaaaaaaaaaaaaaaaaaaaaaaaaaaaaaaaaaaaaaaaaaaaaaaaaaaaaaaaaaaaaaaaaaaaaaaaaaaaaaaaaaaaaaaaaaaaaaaaaaaaaa\d\f
CopyFile C:\src\nodejstools\TestResults\Itani_DESKTOP-RRA95A8 2016-01-24 02_34_51\Out\Temp\dopk5cgd.uvs\aaaaaaaaaaaaaaaaaaaaaaaaaaaaaaaaaaaaaaaaaaaaaaaaaaaaaaaaaaaaaaaaaaaaaaaaaaaaaaaaaaaaaaaaaaaaaaaaaaaaaaaaaaaaaaaaaaaaaaaaaaaaaaaaaaaaaaaaaaaaaaaaaaaa\d\f.ffffffffffffff
CopyFile C:\src\nodejstools\TestResults\Itani_DESKTOP-RRA95A8 2016-01-24 02_34_51\Out\Temp\dopk5cgd.uvs\aaaaaaaaaaaaaaaaaaaaaaaaaaaaaaaaaaaaaaaaaaaaaaaaaaaaaaaaaaaaaaaaaaaaaaaaaaaaaaaaaaaaaaaaaaaaaaaaaaaaaaaaaaaaaaaaaaaaaaaaaaaaaaaaaaaaaaaaaaaaaaaaaaaa\f.ffffffffffffff
CopyFile C:\src\nodejstools\TestResults\Itani_DESKTOP-RRA95A8 2016-01-24 02_34_51\Out\Temp\dopk5cgd.uvs\aaaaaaaaaaaaaaaaaaaaaaaaaaaaaaaaaaaaaaaaaaaaaaaaaaaaaaaaaaaaaaaaaaaaaaaaaaaaaaaaaaaaaaaaaaaaaaaaaaaaaaaaaaaaaaaaaaaaaaaaaaaaaaaaaaaaaaaaaaaaaaaaaaaa\d.dd\ff
RemoveDirectory \\?\C:\src\nodejstools\TestResults\Itani_DESKTOP-RRA95A8 2016-01-24 02_34_51\Out\Temp\dopk5cgd.uvs\aaaaaaaaaaaaaaaaaaaaaaaaaaaaaaaaaaaaaaaaaaaaaaaaaaaaaaaaaaaaaaaaaaaaaaaaaaaaaaaaaaaaaaaaaaaaaaaaaaaaaaaaaaaaaaaaaaaaaaaaaaaaaaaaaaaaaaaaaaaaaaaaaaaa\d\d
RemoveDirectory \\?\C:\src\nodejstools\TestResults\Itani_DESKTOP-RRA95A8 2016-01-24 02_34_51\Out\Temp\dopk5cgd.uvs\aaaaaaaaaaaaaaaaaaaaaaaaaaaaaaaaaaaaaaaaaaaaaaaaaaaaaaaaaaaaaaaaaaaaaaaaaaaaaaaaaaaaaaaaaaaaaaaaaaaaaaaaaaaaaaaaaaaaaaaaaaaaaaaaaaaaaaaaaaaaaaaaaaaa\d\dd
DeleteFile \\?\C:\src\nodejstools\TestResults\Itani_DESKTOP-RRA95A8 2016-01-24 02_34_51\Out\Temp\dopk5cgd.uvs\aaaaaaaaaaaaaaaaaaaaaaaaaaaaaaaaaaaaaaaaaaaaaaaaaaaaaaaaaaaaaaaaaaaaaaaaaaaaaaaaaaaaaaaaaaaaaaaaaaaaaaaaaaaaaaaaaaaaaaaaaaaaaaaaaaaaaaaaaaaaaaaaaaaa\d\f
DeleteFile \\?\C:\src\nodejstools\TestResults\Itani_DESKTOP-RRA95A8 2016-01-24 02_34_51\Out\Temp\dopk5cgd.uvs\aaaaaaaaaaaaaaaaaaaaaaaaaaaaaaaaaaaaaaaaaaaaaaaaaaaaaaaaaaaaaaaaaaaaaaaaaaaaaaaaaaaaaaaaaaaaaaaaaaaaaaaaaaaaaaaaaaaaaaaaaaaaaaaaaaaaaaaaaaaaaaaaaaaa\d\f.ffffffffffffff
RemoveDirectory \\?\C:\src\nodejstools\TestResults\Itani_DESKTOP-RRA95A8 2016-01-24 02_34_51\Out\Temp\dopk5cgd.uvs\aaaaaaaaaaaaaaaaaaaaaaaaaaaaaaaaaaaaaaaaaaaaaaaaaaaaaaaaaaaaaaaaaaaaaaaaaaaaaaaaaaaaaaaaaaaaaaaaaaaaaaaaaaaaaaaaaaaaaaaaaaaaaaaaaaaaaaaaaaaaaaaaaaaa\d
RemoveDirectory \\?\C:\src\nodejstools\TestResults\Itani_DESKTOP-RRA95A8 2016-01-24 02_34_51\Out\Temp\dopk5cgd.uvs\aaaaaaaaaaaaaaaaaaaaaaaaaaaaaaaaaaaaaaaaaaaaaaaaaaaaaaaaaaaaaaaaaaaaaaaaaaaaaaaaaaaaaaaaaaaaaaaaaaaaaaaaaaaaaaaaaaaaaaaaaaaaaaaaaaaaaaaaaaaaaaaaaaaa\d.dd\dd
DeleteFile \\?\C:\src\nodejstools\TestResults\Itani_DESKTOP-RRA95A8 2016-01-24 02_34_51\Out\Temp\dopk5cgd.uvs\aaaaaaaaaaaaaaaaaaaaaaaaaaaaaaaaaaaaaaaaaaaaaaaaaaaaaaaaaaaaaaaaaaaaaaaaaaaaaaaaaaaaaaaaaaaaaaaaaaaaaaaaaaaaaaaaaaaaaaaaaaaaaaaaaaaaaaaaaaaaaaaaaaaa\d.dd\ff
RemoveDirectory \\?\C:\src\nodejstools\TestResults\Itani_DESKTOP-RRA95A8 2016-01-24 02_34_51\Out\Temp\dopk5cgd.uvs\aaaaaaaaaaaaaaaaaaaaaaaaaaaaaaaaaaaaaaaaaaaaaaaaaaaaaaaaaaaaaaaaaaaaaaaaaaaaaaaaaaaaaaaaaaaaaaaaaaaaaaaaaaaaaaaaaaaaaaaaaaaaaaaaaaaaaaaaaaaaaaaaaaaa\d.dd
DeleteFile \\?\C:\src\nodejstools\TestResults\Itani_DESKTOP-RRA95A8 2016-01-24 02_34_51\Out\Temp\dopk5cgd.uvs\aaaaaaaaaaaaaaaaaaaaaaaaaaaaaaaaaaaaaaaaaaaaaaaaaaaaaaaaaaaaaaaaaaaaaaaaaaaaaaaaaaaaaaaaaaaaaaaaaaaaaaaaaaaaaaaaaaaaaaaaaaaaaaaaaaaaaaaaaaaaaaaaaaaa\f
DeleteFile \\?\C:\src\nodejstools\TestResults\Itani_DESKTOP-RRA95A8 2016-01-24 02_34_51\Out\Temp\dopk5cgd.uvs\aaaaaaaaaaaaaaaaaaaaaaaaaaaaaaaaaaaaaaaaaaaaaaaaaaaaaaaaaaaaaaaaaaaaaaaaaaaaaaaaaaaaaaaaaaaaaaaaaaaaaaaaaaaaaaaaaaaaaaaaaaaaaaaaaaaaaaaaaaaaaaaaaaaa\f.ffffffffffffff
RemoveDirectory \\?\C:\src\nodejstools\TestResults\Itani_DESKTOP-RRA95A8 2016-01-24 02_34_51\Out\Temp\dopk5cgd.uvs\aaaaaaaaaaaaaaaaaaaaaaaaaaaaaaaaaaaaaaaaaaaaaaaaaaaaaaaaaaaaaaaaaaaaaaaaaaaaaaaaaaaaaaaaaaaaaaaaaaaaaaaaaaaaaaaaaaaaaaaaaaaaaaaaaaaaaaaaaaaaaaaaaaaa</StdOut>
      </Output>
    </UnitTestResult>
    <UnitTestResult executionId="54aa0eef-11a4-485d-9ffc-5b92c2baae2a" testId="9d769d40-0b34-a0a2-e91a-cf6353a158c2" testName="TestLongPathCheck" computerName="DESKTOP-RRA95A8" duration="00:00:00.0601577" startTime="2016-01-24T03:00:25.1193927-08:00" endTime="2016-01-24T03:00:25.5759531-08:00" testType="13cdc9d9-ddb5-4fa4-a97d-d965ccfc6d4b" outcome="Failed" testListId="8c84fa94-04c1-424b-9868-57a2d4851a1d" relativeResultsDirectory="54aa0eef-11a4-485d-9ffc-5b92c2baae2a">
      <Output>
        <StdOut>DeleteFile \\?\C:\src\nodejstools\TestResults\Itani_DESKTOP-RRA95A8 2016-01-24 02_34_51\Out\Temp\dwom4uda.bam\aaaaaaaaaaaaaaaaaaaaaaaaaaaaaaaaaaaaaaaaaaaaaaaa\HelloWorld.njsproj
DeleteFile \\?\C:\src\nodejstools\TestResults\Itani_DESKTOP-RRA95A8 2016-01-24 02_34_51\Out\Temp\dwom4uda.bam\aaaaaaaaaaaaaaaaaaaaaaaaaaaaaaaaaaaaaaaaaaaaaaaa\HelloWorld.sln
DeleteFile \\?\C:\src\nodejstools\TestResults\Itani_DESKTOP-RRA95A8 2016-01-24 02_34_51\Out\Temp\dwom4uda.bam\aaaaaaaaaaaaaaaaaaaaaaaaaaaaaaaaaaaaaaaaaaaaaaaa\package.json
DeleteFile \\?\C:\src\nodejstools\TestResults\Itani_DESKTOP-RRA95A8 2016-01-24 02_34_51\Out\Temp\dwom4uda.bam\aaaaaaaaaaaaaaaaaaaaaaaaaaaaaaaaaaaaaaaaaaaaaaaa\README.md
DeleteFile \\?\C:\src\nodejstools\TestResults\Itani_DESKTOP-RRA95A8 2016-01-24 02_34_51\Out\Temp\dwom4uda.bam\aaaaaaaaaaaaaaaaaaaaaaaaaaaaaaaaaaaaaaaaaaaaaaaa\server.js
RemoveDirectory \\?\C:\src\nodejstools\TestResults\Itani_DESKTOP-RRA95A8 2016-01-24 02_34_51\Out\Temp\dwom4uda.bam\aaaaaaaaaaaaaaaaaaaaaaaaaaaaaaaaaaaaaaaaaaaaaaaa</StdOut>
        <ErrorInfo>
          <Message>Test method Microsoft.Nodejs.Tests.UI.ProjectTests.TestLongPathCheck threw exception: 
System.Runtime.InteropServices.COMException: Catastrophic failure (Exception from HRESULT: 0x8000FFFF (E_UNEXPECTED))</Message>
          <StackTrace>    at System.Runtime.InteropServices.Marshal.ThrowExceptionForHRInternal(Int32 errorCode, IntPtr errorInfo)
   at Microsoft.VisualStudio.Shell.Package.GetDialogPage(Type dialogPageType)
   at Microsoft.NodejsTools.NodejsPackage.get_GeneralOptionsPage() in C:\src\nodejstools\Nodejs\Product\Nodejs\NodejsPackage.cs:line 133
   at Microsoft.Nodejs.Tests.UI.ProjectTests.TestLongPathCheck() in C:\src\nodejstools\Nodejs\Tests\Core.UI\ProjectTests.cs:line 782
</StackTrace>
        </ErrorInfo>
      </Output>
    </UnitTestResult>
    <UnitTestResult executionId="79c8bbe3-b8b3-4e2f-ac0e-e40efdb29bf2" testId="02440702-0838-59ef-2157-35e57cd6cd3a" testName="TestErrorNewLine" computerName="DESKTOP-RRA95A8" duration="00:00:00.0083962" startTime="2016-01-24T03:00:25.5828221-08:00" endTime="2016-01-24T03:00:26.1630592-08:00" testType="13cdc9d9-ddb5-4fa4-a97d-d965ccfc6d4b" outcome="Failed" testListId="8c84fa94-04c1-424b-9868-57a2d4851a1d" relativeResultsDirectory="79c8bbe3-b8b3-4e2f-ac0e-e40efdb29bf2">
      <Output>
        <ErrorInfo>
          <Message>Test method Microsoft.Nodejs.Tests.UI.ReplWindowTests.TestErrorNewLine threw exception: 
System.Runtime.InteropServices.COMException: Error HRESULT E_FAIL has been returned from a call to a COM component.</Message>
          <StackTrace>    at EnvDTE._DTE.ExecuteCommand(String CommandName, String CommandArgs)
   at Microsoft.Nodejs.Tests.UI.ReplWindowTests.Test(Action`2 body) in C:\src\nodejstools\Nodejs\Tests\Core.UI\ReplWindowTests.cs:line 134
   at Microsoft.Nodejs.Tests.UI.ReplWindowTests.TestErrorNewLine() in C:\src\nodejstools\Nodejs\Tests\Core.UI\ReplWindowTests.cs:line 42
</StackTrace>
        </ErrorInfo>
      </Output>
    </UnitTestResult>
    <UnitTestResult executionId="b777f19b-ddad-4c0f-a5be-8513044e5460" testId="6da208a2-1aeb-9972-a10e-6c71ff73a412" testName="TestColorOutput" computerName="DESKTOP-RRA95A8" duration="00:00:00.0063963" startTime="2016-01-24T03:00:26.1689443-08:00" endTime="2016-01-24T03:00:26.7389538-08:00" testType="13cdc9d9-ddb5-4fa4-a97d-d965ccfc6d4b" outcome="Failed" testListId="8c84fa94-04c1-424b-9868-57a2d4851a1d" relativeResultsDirectory="b777f19b-ddad-4c0f-a5be-8513044e5460">
      <Output>
        <ErrorInfo>
          <Message>Test method Microsoft.Nodejs.Tests.UI.ReplWindowTests.TestColorOutput threw exception: 
System.Runtime.InteropServices.COMException: Error HRESULT E_FAIL has been returned from a call to a COM component.</Message>
          <StackTrace>    at EnvDTE._DTE.ExecuteCommand(String CommandName, String CommandArgs)
   at Microsoft.Nodejs.Tests.UI.ReplWindowTests.Test(Action`2 body) in C:\src\nodejstools\Nodejs\Tests\Core.UI\ReplWindowTests.cs:line 134
   at Microsoft.Nodejs.Tests.UI.ReplWindowTests.TestColorOutput() in C:\src\nodejstools\Nodejs\Tests\Core.UI\ReplWindowTests.cs:line 53
</StackTrace>
        </ErrorInfo>
      </Output>
    </UnitTestResult>
    <UnitTestResult executionId="3a318441-775f-4ad8-9ca3-623f40edb63b" testId="02750296-9ab6-1b34-1a9a-a7341313daef" testName="TestStdErrIsRed" computerName="DESKTOP-RRA95A8" duration="00:00:00.0055269" startTime="2016-01-24T03:00:26.7438601-08:00" endTime="2016-01-24T03:00:27.3192066-08:00" testType="13cdc9d9-ddb5-4fa4-a97d-d965ccfc6d4b" outcome="Failed" testListId="8c84fa94-04c1-424b-9868-57a2d4851a1d" relativeResultsDirectory="3a318441-775f-4ad8-9ca3-623f40edb63b">
      <Output>
        <ErrorInfo>
          <Message>Test method Microsoft.Nodejs.Tests.UI.ReplWindowTests.TestStdErrIsRed threw exception: 
System.Runtime.InteropServices.COMException: Error HRESULT E_FAIL has been returned from a call to a COM component.</Message>
          <StackTrace>    at EnvDTE._DTE.ExecuteCommand(String CommandName, String CommandArgs)
   at Microsoft.Nodejs.Tests.UI.ReplWindowTests.Test(Action`2 body) in C:\src\nodejstools\Nodejs\Tests\Core.UI\ReplWindowTests.cs:line 134
   at Microsoft.Nodejs.Tests.UI.ReplWindowTests.TestStdErrIsRed() in C:\src\nodejstools\Nodejs\Tests\Core.UI\ReplWindowTests.cs:line 85
</StackTrace>
        </ErrorInfo>
      </Output>
    </UnitTestResult>
    <UnitTestResult executionId="40d6f14c-477a-465b-80bf-df14414c8e93" testId="82e70685-1a0e-7dcb-d643-495fb1500157" testName="TestCompletion" computerName="DESKTOP-RRA95A8" duration="00:00:00.0061345" startTime="2016-01-24T03:00:27.3231316-08:00" endTime="2016-01-24T03:00:27.7992844-08:00" testType="13cdc9d9-ddb5-4fa4-a97d-d965ccfc6d4b" outcome="Failed" testListId="8c84fa94-04c1-424b-9868-57a2d4851a1d" relativeResultsDirectory="40d6f14c-477a-465b-80bf-df14414c8e93">
      <Output>
        <ErrorInfo>
          <Message>Test method Microsoft.Nodejs.Tests.UI.ReplWindowTests.TestCompletion threw exception: 
System.Runtime.InteropServices.COMException: Error HRESULT E_FAIL has been returned from a call to a COM component.</Message>
          <StackTrace>    at EnvDTE._DTE.ExecuteCommand(String CommandName, String CommandArgs)
   at Microsoft.Nodejs.Tests.UI.ReplWindowTests.Test(Action`2 body) in C:\src\nodejstools\Nodejs\Tests\Core.UI\ReplWindowTests.cs:line 134
   at Microsoft.Nodejs.Tests.UI.ReplWindowTests.TestCompletion() in C:\src\nodejstools\Nodejs\Tests\Core.UI\ReplWindowTests.cs:line 112
</StackTrace>
        </ErrorInfo>
      </Output>
    </UnitTestResult>
    <UnitTestResult executionId="a62e7640-979c-4d03-af4b-0ef720d80f87" testId="dd658bdc-0a0f-738d-0b31-6802e84bfe78" testName="TestNoSpecialCommandCompletion" computerName="DESKTOP-RRA95A8" duration="00:00:00.0061319" startTime="2016-01-24T03:00:27.8041903-08:00" endTime="2016-01-24T03:00:28.3547672-08:00" testType="13cdc9d9-ddb5-4fa4-a97d-d965ccfc6d4b" outcome="Failed" testListId="8c84fa94-04c1-424b-9868-57a2d4851a1d" relativeResultsDirectory="a62e7640-979c-4d03-af4b-0ef720d80f87">
      <Output>
        <ErrorInfo>
          <Message>Test method Microsoft.Nodejs.Tests.UI.ReplWindowTests.TestNoSpecialCommandCompletion threw exception: 
System.Runtime.InteropServices.COMException: Error HRESULT E_FAIL has been returned from a call to a COM component.</Message>
          <StackTrace>    at EnvDTE._DTE.ExecuteCommand(String CommandName, String CommandArgs)
   at Microsoft.Nodejs.Tests.UI.ReplWindowTests.Test(Action`2 body) in C:\src\nodejstools\Nodejs\Tests\Core.UI\ReplWindowTests.cs:line 134
   at Microsoft.Nodejs.Tests.UI.ReplWindowTests.TestNoSpecialCommandCompletion() in C:\src\nodejstools\Nodejs\Tests\Core.UI\ReplWindowTests.cs:line 123
</StackTrace>
        </ErrorInfo>
      </Output>
    </UnitTestResult>
    <UnitTestResult executionId="3b99d699-9ea9-4adb-b33c-c2a39ae20c65" testId="571fe45d-291a-eac1-a19d-7c592aeb6883" testName="InSubFolder" computerName="DESKTOP-RRA95A8" duration="00:00:03.1819125" startTime="2016-01-24T03:00:28.3586926-08:00" endTime="2016-01-24T03:00:32.0195977-08:00" testType="13cdc9d9-ddb5-4fa4-a97d-d965ccfc6d4b" outcome="Failed" testListId="8c84fa94-04c1-424b-9868-57a2d4851a1d" relativeResultsDirectory="3b99d699-9ea9-4adb-b33c-c2a39ae20c65">
      <Output>
        <StdOut>Binary source location: C:\src\nodejstools\BuildOutput\Release14.0\Tests
Including C:\src\nodejstools\TestResults\Itani_DESKTOP-RRA95A8 2016-01-24 02_34_51\Out\jsanalysistests.dll
Including C:\src\nodejstools\TestResults\Itani_DESKTOP-RRA95A8 2016-01-24 02_34_51\Out\MockVsTests.dll
Including C:\src\nodejstools\TestResults\Itani_DESKTOP-RRA95A8 2016-01-24 02_34_51\Out\nodejs.azurepublishing.tests.ui.dll
Including C:\src\nodejstools\TestResults\Itani_DESKTOP-RRA95A8 2016-01-24 02_34_51\Out\nodejs.tests.ui.dll
Including C:\src\nodejstools\TestResults\Itani_DESKTOP-RRA95A8 2016-01-24 02_34_51\Out\nodejsprofilinguitests.dll
Including C:\src\nodejstools\TestResults\Itani_DESKTOP-RRA95A8 2016-01-24 02_34_51\Out\nodetests.dll
Including C:\src\nodejstools\TestResults\Itani_DESKTOP-RRA95A8 2016-01-24 02_34_51\Out\npmtests.dll
Including C:\src\nodejstools\TestResults\Itani_DESKTOP-RRA95A8 2016-01-24 02_34_51\Out\profilertests.dll
Including C:\src\nodejstools\TestResults\Itani_DESKTOP-RRA95A8 2016-01-24 02_34_51\Out\sharedprojecttests.dll
Including C:\src\nodejstools\TestResults\Itani_DESKTOP-RRA95A8 2016-01-24 02_34_51\Out\testadaptertests.dll
Including C:\src\nodejstools\TestResults\Itani_DESKTOP-RRA95A8 2016-01-24 02_34_51\Out\TestUtilities.Nodejs.dll
Including C:\src\nodejstools\TestResults\Itani_DESKTOP-RRA95A8 2016-01-24 02_34_51\Out\TestUtilities.UI.dll
Including C:\src\nodejstools\TestResults\Itani_DESKTOP-RRA95A8 2016-01-24 02_34_51\Out\TestUtilities.UI.Nodejs.dll
Opening C:\src\nodejstools\TestResults\Itani_DESKTOP-RRA95A8 2016-01-24 02_34_51\Out\Temp\lv0yuwyn.15y\Require.sln



Debug Trace:
devenv.exe Warning: 0 : Waiting for project.Properties to become non-null
devenv.exe Warning: 0 : Waiting for project.Properties to become non-null
devenv.exe Warning: 0 : Waiting for project.Properties to become non-null
devenv.exe Warning: 0 : Waiting for project.Properties to become non-null
devenv.exe Warning: 0 : Waiting for project.Properties to become non-null
devenv.exe Warning: 0 : Waiting for project.Properties to become non-null
devenv.exe Warning: 0 : Waiting for project.Properties to become non-null
devenv.exe Warning: 0 : Waiting for project.Properties to become non-null
devenv.exe Warning: 0 : Waiting for project.Properties to become non-null
devenv.exe Warning: 0 : Waiting for project.Properties to become non-null</StdOut>
        <ErrorInfo>
          <Message>Assert.IsNotNull failed. No project properties: (unable to get Solution output)</Message>
          <StackTrace>   at TestUtilities.UI.VisualStudioApp.OpenProject(String projName, String startItem, Nullable`1 expectedProjects, String projectName, Boolean setStartupItem) in C:\src\nodejstools\Common\Tests\Utilities.UI\UI\VisualStudioApp.cs:line 818
   at TestUtilities.UI.VisualStudioInstance..ctor(SolutionFile solution) in C:\src\nodejstools\Common\Tests\Utilities.UI\UI\VisualStudioInstance.cs:line 45
   at TestUtilities.UI.TestExtensions.ToVs(SolutionFile self) in C:\src\nodejstools\Common\Tests\Utilities.UI\UI\TestExtensions.cs:line 33
   at Microsoft.Nodejs.Tests.UI.RequireIntellisense.InSubFolder() in C:\src\nodejstools\Nodejs\Tests\Core.UI\RequireIntellisense.cs:line 56
</StackTrace>
        </ErrorInfo>
      </Output>
    </UnitTestResult>
    <UnitTestResult executionId="2f45a0db-9b62-458f-b356-0f7293f33251" testId="f4998356-3789-ffcb-88bf-58caaf010f3d" testName="BasicRequireCompletions" computerName="DESKTOP-RRA95A8" duration="00:00:02.8015853" startTime="2016-01-24T03:00:32.0264662-08:00" endTime="2016-01-24T03:00:35.3500404-08:00" testType="13cdc9d9-ddb5-4fa4-a97d-d965ccfc6d4b" outcome="Failed" testListId="8c84fa94-04c1-424b-9868-57a2d4851a1d" relativeResultsDirectory="2f45a0db-9b62-458f-b356-0f7293f33251">
      <Output>
        <StdOut>Opening C:\src\nodejstools\TestResults\Itani_DESKTOP-RRA95A8 2016-01-24 02_34_51\Out\Temp\1wfy4k41.unl\Require.sln



Debug Trace:
devenv.exe Warning: 0 : Waiting for project.Properties to become non-null
devenv.exe Warning: 0 : Waiting for project.Properties to become non-null
devenv.exe Warning: 0 : Waiting for project.Properties to become non-null
devenv.exe Warning: 0 : Waiting for project.Properties to become non-null
devenv.exe Warning: 0 : Waiting for project.Properties to become non-null
devenv.exe Warning: 0 : Waiting for project.Properties to become non-null
devenv.exe Warning: 0 : Waiting for project.Properties to become non-null
devenv.exe Warning: 0 : Waiting for project.Properties to become non-null
devenv.exe Warning: 0 : Waiting for project.Properties to become non-null
devenv.exe Warning: 0 : Waiting for project.Properties to become non-null</StdOut>
        <ErrorInfo>
          <Message>Assert.IsNotNull failed. No project properties: (unable to get Solution output)</Message>
          <StackTrace>   at TestUtilities.UI.VisualStudioApp.OpenProject(String projName, String startItem, Nullable`1 expectedProjects, String projectName, Boolean setStartupItem) in C:\src\nodejstools\Common\Tests\Utilities.UI\UI\VisualStudioApp.cs:line 818
   at TestUtilities.UI.VisualStudioInstance..ctor(SolutionFile solution) in C:\src\nodejstools\Common\Tests\Utilities.UI\UI\VisualStudioInstance.cs:line 45
   at TestUtilities.UI.TestExtensions.ToVs(SolutionFile self) in C:\src\nodejstools\Common\Tests\Utilities.UI\UI\TestExtensions.cs:line 33
   at Microsoft.Nodejs.Tests.UI.RequireIntellisense.BasicRequireCompletions() in C:\src\nodejstools\Nodejs\Tests\Core.UI\RequireIntellisense.cs:line 91
</StackTrace>
        </ErrorInfo>
      </Output>
    </UnitTestResult>
    <UnitTestResult executionId="23e81373-dd22-4181-9b3a-23e28e9f8fcd" testId="ae9e1cfd-1fdc-a51e-b037-136d16aa3542" testName="BasicRequireCompletionsQuotes" computerName="DESKTOP-RRA95A8" duration="00:00:02.6940807" startTime="2016-01-24T03:00:35.3941999-08:00" endTime="2016-01-24T03:00:38.6598058-08:00" testType="13cdc9d9-ddb5-4fa4-a97d-d965ccfc6d4b" outcome="Failed" testListId="8c84fa94-04c1-424b-9868-57a2d4851a1d" relativeResultsDirectory="23e81373-dd22-4181-9b3a-23e28e9f8fcd">
      <Output>
        <StdOut>Opening C:\src\nodejstools\TestResults\Itani_DESKTOP-RRA95A8 2016-01-24 02_34_51\Out\Temp\i2sbkf4w.4d2\Require.sln



Debug Trace:
devenv.exe Warning: 0 : Waiting for project.Properties to become non-null
devenv.exe Warning: 0 : Waiting for project.Properties to become non-null
devenv.exe Warning: 0 : Waiting for project.Properties to become non-null
devenv.exe Warning: 0 : Waiting for project.Properties to become non-null
devenv.exe Warning: 0 : Waiting for project.Properties to become non-null
devenv.exe Warning: 0 : Waiting for project.Properties to become non-null
devenv.exe Warning: 0 : Waiting for project.Properties to become non-null
devenv.exe Warning: 0 : Waiting for project.Properties to become non-null
devenv.exe Warning: 0 : Waiting for project.Properties to become non-null
devenv.exe Warning: 0 : Waiting for project.Properties to become non-null</StdOut>
        <ErrorInfo>
          <Message>Assert.IsNotNull failed. No project properties: (unable to get Solution output)</Message>
          <StackTrace>   at TestUtilities.UI.VisualStudioApp.OpenProject(String projName, String startItem, Nullable`1 expectedProjects, String projectName, Boolean setStartupItem) in C:\src\nodejstools\Common\Tests\Utilities.UI\UI\VisualStudioApp.cs:line 818
   at TestUtilities.UI.VisualStudioInstance..ctor(SolutionFile solution) in C:\src\nodejstools\Common\Tests\Utilities.UI\UI\VisualStudioInstance.cs:line 45
   at TestUtilities.UI.TestExtensions.ToVs(SolutionFile self) in C:\src\nodejstools\Common\Tests\Utilities.UI\UI\TestExtensions.cs:line 33
   at Microsoft.Nodejs.Tests.UI.RequireIntellisense.BasicRequireCompletionsQuotes() in C:\src\nodejstools\Nodejs\Tests\Core.UI\RequireIntellisense.cs:line 170
</StackTrace>
        </ErrorInfo>
      </Output>
    </UnitTestResult>
    <UnitTestResult executionId="091bdf63-c0d0-4f38-b763-a4c3c87494dd" testId="9028e951-e76d-1b1f-5089-d95e2fd583bc" testName="BasicRequireCompletionsDoubleQuotes" computerName="DESKTOP-RRA95A8" duration="00:00:02.7522233" startTime="2016-01-24T03:00:38.6823761-08:00" endTime="2016-01-24T03:00:41.9131937-08:00" testType="13cdc9d9-ddb5-4fa4-a97d-d965ccfc6d4b" outcome="Failed" testListId="8c84fa94-04c1-424b-9868-57a2d4851a1d" relativeResultsDirectory="091bdf63-c0d0-4f38-b763-a4c3c87494dd">
      <Output>
        <StdOut>Opening C:\src\nodejstools\TestResults\Itani_DESKTOP-RRA95A8 2016-01-24 02_34_51\Out\Temp\sjwkcf30.5jk\Require.sln



Debug Trace:
devenv.exe Warning: 0 : Waiting for project.Properties to become non-null
devenv.exe Warning: 0 : Waiting for project.Properties to become non-null
devenv.exe Warning: 0 : Waiting for project.Properties to become non-null
devenv.exe Warning: 0 : Waiting for project.Properties to become non-null
devenv.exe Warning: 0 : Waiting for project.Properties to become non-null
devenv.exe Warning: 0 : Waiting for project.Properties to become non-null
devenv.exe Warning: 0 : Waiting for project.Properties to become non-null
devenv.exe Warning: 0 : Waiting for project.Properties to become non-null
devenv.exe Warning: 0 : Waiting for project.Properties to become non-null
devenv.exe Warning: 0 : Waiting for project.Properties to become non-null</StdOut>
        <ErrorInfo>
          <Message>Assert.IsNotNull failed. No project properties: (unable to get Solution output)</Message>
          <StackTrace>   at TestUtilities.UI.VisualStudioApp.OpenProject(String projName, String startItem, Nullable`1 expectedProjects, String projectName, Boolean setStartupItem) in C:\src\nodejstools\Common\Tests\Utilities.UI\UI\VisualStudioApp.cs:line 818
   at TestUtilities.UI.VisualStudioInstance..ctor(SolutionFile solution) in C:\src\nodejstools\Common\Tests\Utilities.UI\UI\VisualStudioInstance.cs:line 45
   at TestUtilities.UI.TestExtensions.ToVs(SolutionFile self) in C:\src\nodejstools\Common\Tests\Utilities.UI\UI\TestExtensions.cs:line 33
   at Microsoft.Nodejs.Tests.UI.RequireIntellisense.BasicRequireCompletionsDoubleQuotes() in C:\src\nodejstools\Nodejs\Tests\Core.UI\RequireIntellisense.cs:line 262
</StackTrace>
        </ErrorInfo>
      </Output>
    </UnitTestResult>
    <UnitTestResult executionId="b107557c-d797-4c19-8954-0ccb1b0e4e8e" testId="98e6d492-e86d-ce1e-9ea3-901b8c849921" testName="RequireKeyboardCompletionBraceCompletionOff" computerName="DESKTOP-RRA95A8" duration="00:00:02.6935957" startTime="2016-01-24T03:00:41.9436146-08:00" endTime="2016-01-24T03:00:45.0980845-08:00" testType="13cdc9d9-ddb5-4fa4-a97d-d965ccfc6d4b" outcome="Failed" testListId="8c84fa94-04c1-424b-9868-57a2d4851a1d" relativeResultsDirectory="b107557c-d797-4c19-8954-0ccb1b0e4e8e">
      <Output>
        <StdOut>Opening C:\src\nodejstools\TestResults\Itani_DESKTOP-RRA95A8 2016-01-24 02_34_51\Out\Temp\o35cwe4s.3jc\Require.sln



Debug Trace:
devenv.exe Warning: 0 : Waiting for project.Properties to become non-null
devenv.exe Warning: 0 : Waiting for project.Properties to become non-null
devenv.exe Warning: 0 : Waiting for project.Properties to become non-null
devenv.exe Warning: 0 : Waiting for project.Properties to become non-null
devenv.exe Warning: 0 : Waiting for project.Properties to become non-null
devenv.exe Warning: 0 : Waiting for project.Properties to become non-null
devenv.exe Warning: 0 : Waiting for project.Properties to become non-null
devenv.exe Warning: 0 : Waiting for project.Properties to become non-null
devenv.exe Warning: 0 : Waiting for project.Properties to become non-null
devenv.exe Warning: 0 : Waiting for project.Properties to become non-null</StdOut>
        <ErrorInfo>
          <Message>Assert.IsNotNull failed. No project properties: (unable to get Solution output)</Message>
          <StackTrace>   at TestUtilities.UI.VisualStudioApp.OpenProject(String projName, String startItem, Nullable`1 expectedProjects, String projectName, Boolean setStartupItem) in C:\src\nodejstools\Common\Tests\Utilities.UI\UI\VisualStudioApp.cs:line 818
   at TestUtilities.UI.VisualStudioInstance..ctor(SolutionFile solution) in C:\src\nodejstools\Common\Tests\Utilities.UI\UI\VisualStudioInstance.cs:line 45
   at TestUtilities.UI.TestExtensions.ToVs(SolutionFile self) in C:\src\nodejstools\Common\Tests\Utilities.UI\UI\TestExtensions.cs:line 33
   at Microsoft.Nodejs.Tests.UI.RequireIntellisense.RequireKeyboardCompletionBraceCompletionOff() in C:\src\nodejstools\Nodejs\Tests\Core.UI\RequireIntellisense.cs:line 354
</StackTrace>
        </ErrorInfo>
      </Output>
    </UnitTestResult>
    <UnitTestResult executionId="e0025841-789f-4773-900d-8dd215c73d6a" testId="123835ba-2836-c4bc-a7af-5d9717234bcf" testName="RequireKeyboardCompletionBraceCompletionOn" computerName="DESKTOP-RRA95A8" duration="00:00:02.7112655" startTime="2016-01-24T03:00:45.1059348-08:00" endTime="2016-01-24T03:00:48.3284346-08:00" testType="13cdc9d9-ddb5-4fa4-a97d-d965ccfc6d4b" outcome="Failed" testListId="8c84fa94-04c1-424b-9868-57a2d4851a1d" relativeResultsDirectory="e0025841-789f-4773-900d-8dd215c73d6a">
      <Output>
        <StdOut>Opening C:\src\nodejstools\TestResults\Itani_DESKTOP-RRA95A8 2016-01-24 02_34_51\Out\Temp\seom3ota.1b0\Require.sln



Debug Trace:
devenv.exe Warning: 0 : Waiting for project.Properties to become non-null
devenv.exe Warning: 0 : Waiting for project.Properties to become non-null
devenv.exe Warning: 0 : Waiting for project.Properties to become non-null
devenv.exe Warning: 0 : Waiting for project.Properties to become non-null
devenv.exe Warning: 0 : Waiting for project.Properties to become non-null
devenv.exe Warning: 0 : Waiting for project.Properties to become non-null
devenv.exe Warning: 0 : Waiting for project.Properties to become non-null
devenv.exe Warning: 0 : Waiting for project.Properties to become non-null
devenv.exe Warning: 0 : Waiting for project.Properties to become non-null
devenv.exe Warning: 0 : Waiting for project.Properties to become non-null</StdOut>
        <ErrorInfo>
          <Message>Assert.IsNotNull failed. No project properties: (unable to get Solution output)</Message>
          <StackTrace>   at TestUtilities.UI.VisualStudioApp.OpenProject(String projName, String startItem, Nullable`1 expectedProjects, String projectName, Boolean setStartupItem) in C:\src\nodejstools\Common\Tests\Utilities.UI\UI\VisualStudioApp.cs:line 818
   at TestUtilities.UI.VisualStudioInstance..ctor(SolutionFile solution) in C:\src\nodejstools\Common\Tests\Utilities.UI\UI\VisualStudioInstance.cs:line 45
   at TestUtilities.UI.TestExtensions.ToVs(SolutionFile self) in C:\src\nodejstools\Common\Tests\Utilities.UI\UI\TestExtensions.cs:line 33
   at Microsoft.Nodejs.Tests.UI.RequireIntellisense.RequireKeyboardCompletionBraceCompletionOn() in C:\src\nodejstools\Nodejs\Tests\Core.UI\RequireIntellisense.cs:line 414
</StackTrace>
        </ErrorInfo>
      </Output>
    </UnitTestResult>
    <UnitTestResult executionId="9671336e-09ba-452c-b3c4-4457392e5381" testId="a413889d-ecad-f487-1a33-4ded704046a4" testName="RequireBuiltinModules" computerName="DESKTOP-RRA95A8" duration="00:00:02.7151237" startTime="2016-01-24T03:00:48.3451173-08:00" endTime="2016-01-24T03:00:51.6672517-08:00" testType="13cdc9d9-ddb5-4fa4-a97d-d965ccfc6d4b" outcome="Failed" testListId="8c84fa94-04c1-424b-9868-57a2d4851a1d" relativeResultsDirectory="9671336e-09ba-452c-b3c4-4457392e5381">
      <Output>
        <StdOut>Opening C:\src\nodejstools\TestResults\Itani_DESKTOP-RRA95A8 2016-01-24 02_34_51\Out\Temp\rshh2dfi.mmy\Require.sln



Debug Trace:
devenv.exe Warning: 0 : Waiting for project.Properties to become non-null
devenv.exe Warning: 0 : Waiting for project.Properties to become non-null
devenv.exe Warning: 0 : Waiting for project.Properties to become non-null
devenv.exe Warning: 0 : Waiting for project.Properties to become non-null
devenv.exe Warning: 0 : Waiting for project.Properties to become non-null
devenv.exe Warning: 0 : Waiting for project.Properties to become non-null
devenv.exe Warning: 0 : Waiting for project.Properties to become non-null
devenv.exe Warning: 0 : Waiting for project.Properties to become non-null
devenv.exe Warning: 0 : Waiting for project.Properties to become non-null
devenv.exe Warning: 0 : Waiting for project.Properties to become non-null</StdOut>
        <ErrorInfo>
          <Message>Assert.IsNotNull failed. No project properties: (unable to get Solution output)</Message>
          <StackTrace>   at TestUtilities.UI.VisualStudioApp.OpenProject(String projName, String startItem, Nullable`1 expectedProjects, String projectName, Boolean setStartupItem) in C:\src\nodejstools\Common\Tests\Utilities.UI\UI\VisualStudioApp.cs:line 818
   at TestUtilities.UI.VisualStudioInstance..ctor(SolutionFile solution) in C:\src\nodejstools\Common\Tests\Utilities.UI\UI\VisualStudioInstance.cs:line 45
   at TestUtilities.UI.TestExtensions.ToVs(SolutionFile self) in C:\src\nodejstools\Common\Tests\Utilities.UI\UI\TestExtensions.cs:line 33
   at Microsoft.Nodejs.Tests.UI.RequireIntellisense.RequireBuiltinModules() in C:\src\nodejstools\Nodejs\Tests\Core.UI\RequireIntellisense.cs:line 470
</StackTrace>
        </ErrorInfo>
      </Output>
    </UnitTestResult>
    <UnitTestResult executionId="9dd0e979-73ed-4e1c-966b-721d79b3e040" testId="f71ffb80-45d7-0c60-d671-e156ce7abb1d" testName="CloseParenCommits" computerName="DESKTOP-RRA95A8" duration="00:00:02.7047940" startTime="2016-01-24T03:00:51.6722652-08:00" endTime="2016-01-24T03:00:54.9149445-08:00" testType="13cdc9d9-ddb5-4fa4-a97d-d965ccfc6d4b" outcome="Failed" testListId="8c84fa94-04c1-424b-9868-57a2d4851a1d" relativeResultsDirectory="9dd0e979-73ed-4e1c-966b-721d79b3e040">
      <Output>
        <StdOut>Opening C:\src\nodejstools\TestResults\Itani_DESKTOP-RRA95A8 2016-01-24 02_34_51\Out\Temp\uiq0pcbg.vqs\Require.sln



Debug Trace:
devenv.exe Warning: 0 : Waiting for project.Properties to become non-null
devenv.exe Warning: 0 : Waiting for project.Properties to become non-null
devenv.exe Warning: 0 : Waiting for project.Properties to become non-null
devenv.exe Warning: 0 : Waiting for project.Properties to become non-null
devenv.exe Warning: 0 : Waiting for project.Properties to become non-null
devenv.exe Warning: 0 : Waiting for project.Properties to become non-null
devenv.exe Warning: 0 : Waiting for project.Properties to become non-null
devenv.exe Warning: 0 : Waiting for project.Properties to become non-null
devenv.exe Warning: 0 : Waiting for project.Properties to become non-null
devenv.exe Warning: 0 : Waiting for project.Properties to become non-null</StdOut>
        <ErrorInfo>
          <Message>Assert.IsNotNull failed. No project properties: (unable to get Solution output)</Message>
          <StackTrace>   at TestUtilities.UI.VisualStudioApp.OpenProject(String projName, String startItem, Nullable`1 expectedProjects, String projectName, Boolean setStartupItem) in C:\src\nodejstools\Common\Tests\Utilities.UI\UI\VisualStudioApp.cs:line 818
   at TestUtilities.UI.VisualStudioInstance..ctor(SolutionFile solution) in C:\src\nodejstools\Common\Tests\Utilities.UI\UI\VisualStudioInstance.cs:line 45
   at TestUtilities.UI.TestExtensions.ToVs(SolutionFile self) in C:\src\nodejstools\Common\Tests\Utilities.UI\UI\TestExtensions.cs:line 33
   at Microsoft.Nodejs.Tests.UI.RequireIntellisense.CloseParenCommits() in C:\src\nodejstools\Nodejs\Tests\Core.UI\RequireIntellisense.cs:line 506
</StackTrace>
        </ErrorInfo>
      </Output>
    </UnitTestResult>
    <UnitTestResult executionId="898fed03-fdde-4db6-bcf9-ee5d8a1e0118" testId="2f69bae9-0100-13ff-8395-bc56d22237cf" testName="UserModule" computerName="DESKTOP-RRA95A8" duration="00:00:02.7086785" startTime="2016-01-24T03:00:54.9463475-08:00" endTime="2016-01-24T03:00:58.0959439-08:00" testType="13cdc9d9-ddb5-4fa4-a97d-d965ccfc6d4b" outcome="Failed" testListId="8c84fa94-04c1-424b-9868-57a2d4851a1d" relativeResultsDirectory="898fed03-fdde-4db6-bcf9-ee5d8a1e0118">
      <Output>
        <StdOut>Opening C:\src\nodejstools\TestResults\Itani_DESKTOP-RRA95A8 2016-01-24 02_34_51\Out\Temp\1metkjeq.hzu\Require.sln



Debug Trace:
devenv.exe Warning: 0 : Waiting for project.Properties to become non-null
devenv.exe Warning: 0 : Waiting for project.Properties to become non-null
devenv.exe Warning: 0 : Waiting for project.Properties to become non-null
devenv.exe Warning: 0 : Waiting for project.Properties to become non-null
devenv.exe Warning: 0 : Waiting for project.Properties to become non-null
devenv.exe Warning: 0 : Waiting for project.Properties to become non-null
devenv.exe Warning: 0 : Waiting for project.Properties to become non-null
devenv.exe Warning: 0 : Waiting for project.Properties to become non-null
devenv.exe Warning: 0 : Waiting for project.Properties to become non-null
devenv.exe Warning: 0 : Waiting for project.Properties to become non-null</StdOut>
        <ErrorInfo>
          <Message>Assert.IsNotNull failed. No project properties: (unable to get Solution output)</Message>
          <StackTrace>   at TestUtilities.UI.VisualStudioApp.OpenProject(String projName, String startItem, Nullable`1 expectedProjects, String projectName, Boolean setStartupItem) in C:\src\nodejstools\Common\Tests\Utilities.UI\UI\VisualStudioApp.cs:line 818
   at TestUtilities.UI.VisualStudioInstance..ctor(SolutionFile solution) in C:\src\nodejstools\Common\Tests\Utilities.UI\UI\VisualStudioInstance.cs:line 45
   at TestUtilities.UI.TestExtensions.ToVs(SolutionFile self) in C:\src\nodejstools\Common\Tests\Utilities.UI\UI\TestExtensions.cs:line 33
   at Microsoft.Nodejs.Tests.UI.RequireIntellisense.UserModule() in C:\src\nodejstools\Nodejs\Tests\Core.UI\RequireIntellisense.cs:line 523
</StackTrace>
        </ErrorInfo>
      </Output>
    </UnitTestResult>
    <UnitTestResult executionId="df178c4a-7dbd-493c-b677-44c2b8d7ea4a" testId="e6a56bec-7a78-6af0-486b-8b4d2e4c03d3" testName="UserModuleInFolder" computerName="DESKTOP-RRA95A8" duration="00:00:02.7341461" startTime="2016-01-24T03:00:58.1165511-08:00" endTime="2016-01-24T03:01:01.3691583-08:00" testType="13cdc9d9-ddb5-4fa4-a97d-d965ccfc6d4b" outcome="Failed" testListId="8c84fa94-04c1-424b-9868-57a2d4851a1d" relativeResultsDirectory="df178c4a-7dbd-493c-b677-44c2b8d7ea4a">
      <Output>
        <StdOut>Opening C:\src\nodejstools\TestResults\Itani_DESKTOP-RRA95A8 2016-01-24 02_34_51\Out\Temp\p5tevyuz.syi\Require.sln



Debug Trace:
devenv.exe Warning: 0 : Waiting for project.Properties to become non-null
devenv.exe Warning: 0 : Waiting for project.Properties to become non-null
devenv.exe Warning: 0 : Waiting for project.Properties to become non-null
devenv.exe Warning: 0 : Waiting for project.Properties to become non-null
devenv.exe Warning: 0 : Waiting for project.Properties to become non-null
devenv.exe Warning: 0 : Waiting for project.Properties to become non-null
devenv.exe Warning: 0 : Waiting for project.Properties to become non-null
devenv.exe Warning: 0 : Waiting for project.Properties to become non-null
devenv.exe Warning: 0 : Waiting for project.Properties to become non-null
devenv.exe Warning: 0 : Waiting for project.Properties to become non-null</StdOut>
        <ErrorInfo>
          <Message>Assert.IsNotNull failed. No project properties: (unable to get Solution output)</Message>
          <StackTrace>   at TestUtilities.UI.VisualStudioApp.OpenProject(String projName, String startItem, Nullable`1 expectedProjects, String projectName, Boolean setStartupItem) in C:\src\nodejstools\Common\Tests\Utilities.UI\UI\VisualStudioApp.cs:line 818
   at TestUtilities.UI.VisualStudioInstance..ctor(SolutionFile solution) in C:\src\nodejstools\Common\Tests\Utilities.UI\UI\VisualStudioInstance.cs:line 45
   at TestUtilities.UI.TestExtensions.ToVs(SolutionFile self) in C:\src\nodejstools\Common\Tests\Utilities.UI\UI\TestExtensions.cs:line 33
   at Microsoft.Nodejs.Tests.UI.RequireIntellisense.UserModuleInFolder() in C:\src\nodejstools\Nodejs\Tests\Core.UI\RequireIntellisense.cs:line 542
</StackTrace>
        </ErrorInfo>
      </Output>
    </UnitTestResult>
    <UnitTestResult executionId="fb3f8224-9faa-4c10-9a2b-7d753bd947cd" testId="bae92005-e3ca-ccaa-0f2e-81683ec798f5" testName="CloseQuoteDoesntCommit" computerName="DESKTOP-RRA95A8" duration="00:00:02.6848793" startTime="2016-01-24T03:01:01.4002757-08:00" endTime="2016-01-24T03:01:04.5076242-08:00" testType="13cdc9d9-ddb5-4fa4-a97d-d965ccfc6d4b" outcome="Failed" testListId="8c84fa94-04c1-424b-9868-57a2d4851a1d" relativeResultsDirectory="fb3f8224-9faa-4c10-9a2b-7d753bd947cd">
      <Output>
        <StdOut>Opening C:\src\nodejstools\TestResults\Itani_DESKTOP-RRA95A8 2016-01-24 02_34_51\Out\Temp\4pih4cu1.cts\Require.sln



Debug Trace:
devenv.exe Warning: 0 : Waiting for project.Properties to become non-null
devenv.exe Warning: 0 : Waiting for project.Properties to become non-null
devenv.exe Warning: 0 : Waiting for project.Properties to become non-null
devenv.exe Warning: 0 : Waiting for project.Properties to become non-null
devenv.exe Warning: 0 : Waiting for project.Properties to become non-null
devenv.exe Warning: 0 : Waiting for project.Properties to become non-null
devenv.exe Warning: 0 : Waiting for project.Properties to become non-null
devenv.exe Warning: 0 : Waiting for project.Properties to become non-null
devenv.exe Warning: 0 : Waiting for project.Properties to become non-null
devenv.exe Warning: 0 : Waiting for project.Properties to become non-null</StdOut>
        <ErrorInfo>
          <Message>Assert.IsNotNull failed. No project properties: (unable to get Solution output)</Message>
          <StackTrace>   at TestUtilities.UI.VisualStudioApp.OpenProject(String projName, String startItem, Nullable`1 expectedProjects, String projectName, Boolean setStartupItem) in C:\src\nodejstools\Common\Tests\Utilities.UI\UI\VisualStudioApp.cs:line 818
   at TestUtilities.UI.VisualStudioInstance..ctor(SolutionFile solution) in C:\src\nodejstools\Common\Tests\Utilities.UI\UI\VisualStudioInstance.cs:line 45
   at TestUtilities.UI.TestExtensions.ToVs(SolutionFile self) in C:\src\nodejstools\Common\Tests\Utilities.UI\UI\TestExtensions.cs:line 33
   at Microsoft.Nodejs.Tests.UI.RequireIntellisense.CloseQuoteDoesntCommit() in C:\src\nodejstools\Nodejs\Tests\Core.UI\RequireIntellisense.cs:line 561
</StackTrace>
        </ErrorInfo>
      </Output>
    </UnitTestResult>
    <UnitTestResult executionId="a17cd225-e107-4035-a962-f51aafd6c0e2" testId="4b7fe055-86ef-b023-f832-f18a451d8f44" testName="RequireAfterOperator" computerName="DESKTOP-RRA95A8" duration="00:00:02.6897608" startTime="2016-01-24T03:01:04.5341198-08:00" endTime="2016-01-24T03:01:07.6246299-08:00" testType="13cdc9d9-ddb5-4fa4-a97d-d965ccfc6d4b" outcome="Failed" testListId="8c84fa94-04c1-424b-9868-57a2d4851a1d" relativeResultsDirectory="a17cd225-e107-4035-a962-f51aafd6c0e2">
      <Output>
        <StdOut>Opening C:\src\nodejstools\TestResults\Itani_DESKTOP-RRA95A8 2016-01-24 02_34_51\Out\Temp\ronxspp1.05z\Require.sln



Debug Trace:
devenv.exe Warning: 0 : Waiting for project.Properties to become non-null
devenv.exe Warning: 0 : Waiting for project.Properties to become non-null
devenv.exe Warning: 0 : Waiting for project.Properties to become non-null
devenv.exe Warning: 0 : Waiting for project.Properties to become non-null
devenv.exe Warning: 0 : Waiting for project.Properties to become non-null
devenv.exe Warning: 0 : Waiting for project.Properties to become non-null
devenv.exe Warning: 0 : Waiting for project.Properties to become non-null
devenv.exe Warning: 0 : Waiting for project.Properties to become non-null
devenv.exe Warning: 0 : Waiting for project.Properties to become non-null
devenv.exe Warning: 0 : Waiting for project.Properties to become non-null</StdOut>
        <ErrorInfo>
          <Message>Assert.IsNotNull failed. No project properties: (unable to get Solution output)</Message>
          <StackTrace>   at TestUtilities.UI.VisualStudioApp.OpenProject(String projName, String startItem, Nullable`1 expectedProjects, String projectName, Boolean setStartupItem) in C:\src\nodejstools\Common\Tests\Utilities.UI\UI\VisualStudioApp.cs:line 818
   at TestUtilities.UI.VisualStudioInstance..ctor(SolutionFile solution) in C:\src\nodejstools\Common\Tests\Utilities.UI\UI\VisualStudioInstance.cs:line 45
   at TestUtilities.UI.TestExtensions.ToVs(SolutionFile self) in C:\src\nodejstools\Common\Tests\Utilities.UI\UI\TestExtensions.cs:line 33
   at Microsoft.Nodejs.Tests.UI.RequireIntellisense.RequireAfterOperator() in C:\src\nodejstools\Nodejs\Tests\Core.UI\RequireIntellisense.cs:line 580
</StackTrace>
        </ErrorInfo>
      </Output>
    </UnitTestResult>
    <UnitTestResult executionId="63c94eed-b3e8-42ed-95bb-7e8e8583293e" testId="bb695e89-89bf-acd9-db9f-48aed8b1cdbd" testName="RequireAfterOpenParen" computerName="DESKTOP-RRA95A8" duration="00:00:02.7471576" startTime="2016-01-24T03:01:07.6432759-08:00" endTime="2016-01-24T03:01:10.8269459-08:00" testType="13cdc9d9-ddb5-4fa4-a97d-d965ccfc6d4b" outcome="Failed" testListId="8c84fa94-04c1-424b-9868-57a2d4851a1d" relativeResultsDirectory="63c94eed-b3e8-42ed-95bb-7e8e8583293e">
      <Output>
        <StdOut>Opening C:\src\nodejstools\TestResults\Itani_DESKTOP-RRA95A8 2016-01-24 02_34_51\Out\Temp\1oyepthe.lhn\Require.sln



Debug Trace:
devenv.exe Warning: 0 : Waiting for project.Properties to become non-null
devenv.exe Warning: 0 : Waiting for project.Properties to become non-null
devenv.exe Warning: 0 : Waiting for project.Properties to become non-null
devenv.exe Warning: 0 : Waiting for project.Properties to become non-null
devenv.exe Warning: 0 : Waiting for project.Properties to become non-null
devenv.exe Warning: 0 : Waiting for project.Properties to become non-null
devenv.exe Warning: 0 : Waiting for project.Properties to become non-null
devenv.exe Warning: 0 : Waiting for project.Properties to become non-null
devenv.exe Warning: 0 : Waiting for project.Properties to become non-null
devenv.exe Warning: 0 : Waiting for project.Properties to become non-null</StdOut>
        <ErrorInfo>
          <Message>Assert.IsNotNull failed. No project properties: (unable to get Solution output)</Message>
          <StackTrace>   at TestUtilities.UI.VisualStudioApp.OpenProject(String projName, String startItem, Nullable`1 expectedProjects, String projectName, Boolean setStartupItem) in C:\src\nodejstools\Common\Tests\Utilities.UI\UI\VisualStudioApp.cs:line 818
   at TestUtilities.UI.VisualStudioInstance..ctor(SolutionFile solution) in C:\src\nodejstools\Common\Tests\Utilities.UI\UI\VisualStudioInstance.cs:line 45
   at TestUtilities.UI.TestExtensions.ToVs(SolutionFile self) in C:\src\nodejstools\Common\Tests\Utilities.UI\UI\TestExtensions.cs:line 33
   at Microsoft.Nodejs.Tests.UI.RequireIntellisense.RequireAfterOpenParen() in C:\src\nodejstools\Nodejs\Tests\Core.UI\RequireIntellisense.cs:line 599
</StackTrace>
        </ErrorInfo>
      </Output>
    </UnitTestResult>
    <UnitTestResult executionId="51c892ca-d4f4-4d70-bac7-60e131dae853" testId="0a70292c-fe6f-7838-ba00-9cce84d4f3ee" testName="RequireAfterComma" computerName="DESKTOP-RRA95A8" duration="00:00:02.7516245" startTime="2016-01-24T03:01:10.8347943-08:00" endTime="2016-01-24T03:01:13.9924146-08:00" testType="13cdc9d9-ddb5-4fa4-a97d-d965ccfc6d4b" outcome="Failed" testListId="8c84fa94-04c1-424b-9868-57a2d4851a1d" relativeResultsDirectory="51c892ca-d4f4-4d70-bac7-60e131dae853">
      <Output>
        <StdOut>Opening C:\src\nodejstools\TestResults\Itani_DESKTOP-RRA95A8 2016-01-24 02_34_51\Out\Temp\kt3no4xj.x1a\Require.sln



Debug Trace:
devenv.exe Warning: 0 : Waiting for project.Properties to become non-null
devenv.exe Warning: 0 : Waiting for project.Properties to become non-null
devenv.exe Warning: 0 : Waiting for project.Properties to become non-null
devenv.exe Warning: 0 : Waiting for project.Properties to become non-null
devenv.exe Warning: 0 : Waiting for project.Properties to become non-null
devenv.exe Warning: 0 : Waiting for project.Properties to become non-null
devenv.exe Warning: 0 : Waiting for project.Properties to become non-null
devenv.exe Warning: 0 : Waiting for project.Properties to become non-null
devenv.exe Warning: 0 : Waiting for project.Properties to become non-null
devenv.exe Warning: 0 : Waiting for project.Properties to become non-null</StdOut>
        <ErrorInfo>
          <Message>Assert.IsNotNull failed. No project properties: (unable to get Solution output)</Message>
          <StackTrace>   at TestUtilities.UI.VisualStudioApp.OpenProject(String projName, String startItem, Nullable`1 expectedProjects, String projectName, Boolean setStartupItem) in C:\src\nodejstools\Common\Tests\Utilities.UI\UI\VisualStudioApp.cs:line 818
   at TestUtilities.UI.VisualStudioInstance..ctor(SolutionFile solution) in C:\src\nodejstools\Common\Tests\Utilities.UI\UI\VisualStudioInstance.cs:line 45
   at TestUtilities.UI.TestExtensions.ToVs(SolutionFile self) in C:\src\nodejstools\Common\Tests\Utilities.UI\UI\TestExtensions.cs:line 33
   at Microsoft.Nodejs.Tests.UI.RequireIntellisense.RequireAfterComma() in C:\src\nodejstools\Nodejs\Tests\Core.UI\RequireIntellisense.cs:line 618
</StackTrace>
        </ErrorInfo>
      </Output>
    </UnitTestResult>
    <UnitTestResult executionId="6e7ef573-0536-47d5-ab5d-7d71e8a8063a" testId="350e8c4c-03a8-e223-4d82-cc36d67ea795" testName="RequireAfterAssignment" computerName="DESKTOP-RRA95A8" duration="00:00:02.6445258" startTime="2016-01-24T03:01:14.0003324-08:00" endTime="2016-01-24T03:01:17.0810689-08:00" testType="13cdc9d9-ddb5-4fa4-a97d-d965ccfc6d4b" outcome="Failed" testListId="8c84fa94-04c1-424b-9868-57a2d4851a1d" relativeResultsDirectory="6e7ef573-0536-47d5-ab5d-7d71e8a8063a">
      <Output>
        <StdOut>Opening C:\src\nodejstools\TestResults\Itani_DESKTOP-RRA95A8 2016-01-24 02_34_51\Out\Temp\u3chm5e0.mi1\Require.sln



Debug Trace:
devenv.exe Warning: 0 : Waiting for project.Properties to become non-null
devenv.exe Warning: 0 : Waiting for project.Properties to become non-null
devenv.exe Warning: 0 : Waiting for project.Properties to become non-null
devenv.exe Warning: 0 : Waiting for project.Properties to become non-null
devenv.exe Warning: 0 : Waiting for project.Properties to become non-null
devenv.exe Warning: 0 : Waiting for project.Properties to become non-null
devenv.exe Warning: 0 : Waiting for project.Properties to become non-null
devenv.exe Warning: 0 : Waiting for project.Properties to become non-null
devenv.exe Warning: 0 : Waiting for project.Properties to become non-null
devenv.exe Warning: 0 : Waiting for project.Properties to become non-null</StdOut>
        <ErrorInfo>
          <Message>Assert.IsNotNull failed. No project properties: (unable to get Solution output)</Message>
          <StackTrace>   at TestUtilities.UI.VisualStudioApp.OpenProject(String projName, String startItem, Nullable`1 expectedProjects, String projectName, Boolean setStartupItem) in C:\src\nodejstools\Common\Tests\Utilities.UI\UI\VisualStudioApp.cs:line 818
   at TestUtilities.UI.VisualStudioInstance..ctor(SolutionFile solution) in C:\src\nodejstools\Common\Tests\Utilities.UI\UI\VisualStudioInstance.cs:line 45
   at TestUtilities.UI.TestExtensions.ToVs(SolutionFile self) in C:\src\nodejstools\Common\Tests\Utilities.UI\UI\TestExtensions.cs:line 33
   at Microsoft.Nodejs.Tests.UI.RequireIntellisense.RequireAfterAssignment() in C:\src\nodejstools\Nodejs\Tests\Core.UI\RequireIntellisense.cs:line 637
</StackTrace>
        </ErrorInfo>
      </Output>
    </UnitTestResult>
    <UnitTestResult executionId="3b3f6d67-8ac9-4f95-b83c-f0e44f78945a" testId="b9be05ed-104f-77c2-efb9-cc50f4e9f643" testName="RequireAfterReturn" computerName="DESKTOP-RRA95A8" duration="00:00:02.7348193" startTime="2016-01-24T03:01:17.0890731-08:00" endTime="2016-01-24T03:01:20.2173643-08:00" testType="13cdc9d9-ddb5-4fa4-a97d-d965ccfc6d4b" outcome="Failed" testListId="8c84fa94-04c1-424b-9868-57a2d4851a1d" relativeResultsDirectory="3b3f6d67-8ac9-4f95-b83c-f0e44f78945a">
      <Output>
        <StdOut>Opening C:\src\nodejstools\TestResults\Itani_DESKTOP-RRA95A8 2016-01-24 02_34_51\Out\Temp\cg41cb3r.5ji\Require.sln



Debug Trace:
devenv.exe Warning: 0 : Waiting for project.Properties to become non-null
devenv.exe Warning: 0 : Waiting for project.Properties to become non-null
devenv.exe Warning: 0 : Waiting for project.Properties to become non-null
devenv.exe Warning: 0 : Waiting for project.Properties to become non-null
devenv.exe Warning: 0 : Waiting for project.Properties to become non-null
devenv.exe Warning: 0 : Waiting for project.Properties to become non-null
devenv.exe Warning: 0 : Waiting for project.Properties to become non-null
devenv.exe Warning: 0 : Waiting for project.Properties to become non-null
devenv.exe Warning: 0 : Waiting for project.Properties to become non-null
devenv.exe Warning: 0 : Waiting for project.Properties to become non-null</StdOut>
        <ErrorInfo>
          <Message>Assert.IsNotNull failed. No project properties: (unable to get Solution output)</Message>
          <StackTrace>   at TestUtilities.UI.VisualStudioApp.OpenProject(String projName, String startItem, Nullable`1 expectedProjects, String projectName, Boolean setStartupItem) in C:\src\nodejstools\Common\Tests\Utilities.UI\UI\VisualStudioApp.cs:line 818
   at TestUtilities.UI.VisualStudioInstance..ctor(SolutionFile solution) in C:\src\nodejstools\Common\Tests\Utilities.UI\UI\VisualStudioInstance.cs:line 45
   at TestUtilities.UI.TestExtensions.ToVs(SolutionFile self) in C:\src\nodejstools\Common\Tests\Utilities.UI\UI\TestExtensions.cs:line 33
   at Microsoft.Nodejs.Tests.UI.RequireIntellisense.RequireAfterReturn() in C:\src\nodejstools\Nodejs\Tests\Core.UI\RequireIntellisense.cs:line 654
</StackTrace>
        </ErrorInfo>
      </Output>
    </UnitTestResult>
    <UnitTestResult executionId="0a2fa76d-3a43-481c-887d-9a690bde9e16" testId="8a415a5c-3095-9c9e-4885-69cb4befbc50" testName="RequireAfterSemiColon" computerName="DESKTOP-RRA95A8" duration="00:00:02.6846040" startTime="2016-01-24T03:01:20.2212590-08:00" endTime="2016-01-24T03:01:23.2889472-08:00" testType="13cdc9d9-ddb5-4fa4-a97d-d965ccfc6d4b" outcome="Failed" testListId="8c84fa94-04c1-424b-9868-57a2d4851a1d" relativeResultsDirectory="0a2fa76d-3a43-481c-887d-9a690bde9e16">
      <Output>
        <StdOut>Opening C:\src\nodejstools\TestResults\Itani_DESKTOP-RRA95A8 2016-01-24 02_34_51\Out\Temp\uvwnrg50.4kq\Require.sln



Debug Trace:
devenv.exe Warning: 0 : Waiting for project.Properties to become non-null
devenv.exe Warning: 0 : Waiting for project.Properties to become non-null
devenv.exe Warning: 0 : Waiting for project.Properties to become non-null
devenv.exe Warning: 0 : Waiting for project.Properties to become non-null
devenv.exe Warning: 0 : Waiting for project.Properties to become non-null
devenv.exe Warning: 0 : Waiting for project.Properties to become non-null
devenv.exe Warning: 0 : Waiting for project.Properties to become non-null
devenv.exe Warning: 0 : Waiting for project.Properties to become non-null
devenv.exe Warning: 0 : Waiting for project.Properties to become non-null
devenv.exe Warning: 0 : Waiting for project.Properties to become non-null</StdOut>
        <ErrorInfo>
          <Message>Assert.IsNotNull failed. No project properties: (unable to get Solution output)</Message>
          <StackTrace>   at TestUtilities.UI.VisualStudioApp.OpenProject(String projName, String startItem, Nullable`1 expectedProjects, String projectName, Boolean setStartupItem) in C:\src\nodejstools\Common\Tests\Utilities.UI\UI\VisualStudioApp.cs:line 818
   at TestUtilities.UI.VisualStudioInstance..ctor(SolutionFile solution) in C:\src\nodejstools\Common\Tests\Utilities.UI\UI\VisualStudioInstance.cs:line 45
   at TestUtilities.UI.TestExtensions.ToVs(SolutionFile self) in C:\src\nodejstools\Common\Tests\Utilities.UI\UI\TestExtensions.cs:line 33
   at Microsoft.Nodejs.Tests.UI.RequireIntellisense.RequireAfterSemiColon() in C:\src\nodejstools\Nodejs\Tests\Core.UI\RequireIntellisense.cs:line 671
</StackTrace>
        </ErrorInfo>
      </Output>
    </UnitTestResult>
    <UnitTestResult executionId="a4cfbc83-e836-4609-8b8e-c07f8cbe431f" testId="f082bdab-135e-84af-30cc-49e28bd22080" testName="RequireAfterKeywordNoCompletions" computerName="DESKTOP-RRA95A8" duration="00:00:02.7247401" startTime="2016-01-24T03:01:23.2939607-08:00" endTime="2016-01-24T03:01:26.4087244-08:00" testType="13cdc9d9-ddb5-4fa4-a97d-d965ccfc6d4b" outcome="Failed" testListId="8c84fa94-04c1-424b-9868-57a2d4851a1d" relativeResultsDirectory="a4cfbc83-e836-4609-8b8e-c07f8cbe431f">
      <Output>
        <StdOut>Opening C:\src\nodejstools\TestResults\Itani_DESKTOP-RRA95A8 2016-01-24 02_34_51\Out\Temp\njt0driw.u03\Require.sln



Debug Trace:
devenv.exe Warning: 0 : Waiting for project.Properties to become non-null
devenv.exe Warning: 0 : Waiting for project.Properties to become non-null
devenv.exe Warning: 0 : Waiting for project.Properties to become non-null
devenv.exe Warning: 0 : Waiting for project.Properties to become non-null
devenv.exe Warning: 0 : Waiting for project.Properties to become non-null
devenv.exe Warning: 0 : Waiting for project.Properties to become non-null
devenv.exe Warning: 0 : Waiting for project.Properties to become non-null
devenv.exe Warning: 0 : Waiting for project.Properties to become non-null
devenv.exe Warning: 0 : Waiting for project.Properties to become non-null
devenv.exe Warning: 0 : Waiting for project.Properties to become non-null</StdOut>
        <ErrorInfo>
          <Message>Assert.IsNotNull failed. No project properties: (unable to get Solution output)</Message>
          <StackTrace>   at TestUtilities.UI.VisualStudioApp.OpenProject(String projName, String startItem, Nullable`1 expectedProjects, String projectName, Boolean setStartupItem) in C:\src\nodejstools\Common\Tests\Utilities.UI\UI\VisualStudioApp.cs:line 818
   at TestUtilities.UI.VisualStudioInstance..ctor(SolutionFile solution) in C:\src\nodejstools\Common\Tests\Utilities.UI\UI\VisualStudioInstance.cs:line 45
   at TestUtilities.UI.TestExtensions.ToVs(SolutionFile self) in C:\src\nodejstools\Common\Tests\Utilities.UI\UI\TestExtensions.cs:line 33
   at Microsoft.Nodejs.Tests.UI.RequireIntellisense.RequireAfterKeywordNoCompletions() in C:\src\nodejstools\Nodejs\Tests\Core.UI\RequireIntellisense.cs:line 688
</StackTrace>
        </ErrorInfo>
      </Output>
    </UnitTestResult>
    <UnitTestResult executionId="e64050cd-3fa8-473a-b2e2-d5c6562a0d94" testId="ecc8f73f-f680-c419-a197-1f756e24bab7" testName="RequireAfterDotNoCompletions" computerName="DESKTOP-RRA95A8" duration="00:00:02.7121218" startTime="2016-01-24T03:01:26.4234444-08:00" endTime="2016-01-24T03:01:29.4958406-08:00" testType="13cdc9d9-ddb5-4fa4-a97d-d965ccfc6d4b" outcome="Failed" testListId="8c84fa94-04c1-424b-9868-57a2d4851a1d" relativeResultsDirectory="e64050cd-3fa8-473a-b2e2-d5c6562a0d94">
      <Output>
        <StdOut>Opening C:\src\nodejstools\TestResults\Itani_DESKTOP-RRA95A8 2016-01-24 02_34_51\Out\Temp\wmfcwkdz.lf3\Require.sln



Debug Trace:
devenv.exe Warning: 0 : Waiting for project.Properties to become non-null
devenv.exe Warning: 0 : Waiting for project.Properties to become non-null
devenv.exe Warning: 0 : Waiting for project.Properties to become non-null
devenv.exe Warning: 0 : Waiting for project.Properties to become non-null
devenv.exe Warning: 0 : Waiting for project.Properties to become non-null
devenv.exe Warning: 0 : Waiting for project.Properties to become non-null
devenv.exe Warning: 0 : Waiting for project.Properties to become non-null
devenv.exe Warning: 0 : Waiting for project.Properties to become non-null
devenv.exe Warning: 0 : Waiting for project.Properties to become non-null
devenv.exe Warning: 0 : Waiting for project.Properties to become non-null</StdOut>
        <ErrorInfo>
          <Message>Assert.IsNotNull failed. No project properties: (unable to get Solution output)</Message>
          <StackTrace>   at TestUtilities.UI.VisualStudioApp.OpenProject(String projName, String startItem, Nullable`1 expectedProjects, String projectName, Boolean setStartupItem) in C:\src\nodejstools\Common\Tests\Utilities.UI\UI\VisualStudioApp.cs:line 818
   at TestUtilities.UI.VisualStudioInstance..ctor(SolutionFile solution) in C:\src\nodejstools\Common\Tests\Utilities.UI\UI\VisualStudioInstance.cs:line 45
   at TestUtilities.UI.TestExtensions.ToVs(SolutionFile self) in C:\src\nodejstools\Common\Tests\Utilities.UI\UI\TestExtensions.cs:line 33
   at Microsoft.Nodejs.Tests.UI.RequireIntellisense.RequireAfterDotNoCompletions() in C:\src\nodejstools\Nodejs\Tests\Core.UI\RequireIntellisense.cs:line 703
</StackTrace>
        </ErrorInfo>
      </Output>
    </UnitTestResult>
    <UnitTestResult executionId="7768e453-b2ba-4e5f-8054-7cba4bfc4339" testId="0b5dd265-7a70-bf03-2b1e-a2f6fe9bc01b" testName="RequireAfterContinuedMultiLineStringNoCompletions" computerName="DESKTOP-RRA95A8" duration="00:00:02.7104494" startTime="2016-01-24T03:01:29.5047816-08:00" endTime="2016-01-24T03:01:32.6201237-08:00" testType="13cdc9d9-ddb5-4fa4-a97d-d965ccfc6d4b" outcome="Failed" testListId="8c84fa94-04c1-424b-9868-57a2d4851a1d" relativeResultsDirectory="7768e453-b2ba-4e5f-8054-7cba4bfc4339">
      <Output>
        <StdOut>Opening C:\src\nodejstools\TestResults\Itani_DESKTOP-RRA95A8 2016-01-24 02_34_51\Out\Temp\fogptdy2.x4y\Require.sln



Debug Trace:
devenv.exe Warning: 0 : Waiting for project.Properties to become non-null
devenv.exe Warning: 0 : Waiting for project.Properties to become non-null
devenv.exe Warning: 0 : Waiting for project.Properties to become non-null
devenv.exe Warning: 0 : Waiting for project.Properties to become non-null
devenv.exe Warning: 0 : Waiting for project.Properties to become non-null
devenv.exe Warning: 0 : Waiting for project.Properties to become non-null
devenv.exe Warning: 0 : Waiting for project.Properties to become non-null
devenv.exe Warning: 0 : Waiting for project.Properties to become non-null
devenv.exe Warning: 0 : Waiting for project.Properties to become non-null
devenv.exe Warning: 0 : Waiting for project.Properties to become non-null</StdOut>
        <ErrorInfo>
          <Message>Assert.IsNotNull failed. No project properties: (unable to get Solution output)</Message>
          <StackTrace>   at TestUtilities.UI.VisualStudioApp.OpenProject(String projName, String startItem, Nullable`1 expectedProjects, String projectName, Boolean setStartupItem) in C:\src\nodejstools\Common\Tests\Utilities.UI\UI\VisualStudioApp.cs:line 818
   at TestUtilities.UI.VisualStudioInstance..ctor(SolutionFile solution) in C:\src\nodejstools\Common\Tests\Utilities.UI\UI\VisualStudioInstance.cs:line 45
   at TestUtilities.UI.TestExtensions.ToVs(SolutionFile self) in C:\src\nodejstools\Common\Tests\Utilities.UI\UI\TestExtensions.cs:line 33
   at Microsoft.Nodejs.Tests.UI.RequireIntellisense.RequireAfterContinuedMultiLineStringNoCompletions() in C:\src\nodejstools\Nodejs\Tests\Core.UI\RequireIntellisense.cs:line 717
</StackTrace>
        </ErrorInfo>
      </Output>
    </UnitTestResult>
    <UnitTestResult executionId="e8f01637-f0a6-44ae-8b9a-872a77ecf772" testId="1ca2d617-84f7-4ded-7557-f80335559020" testName="AddModuleExternally" computerName="DESKTOP-RRA95A8" duration="00:00:02.6571270" startTime="2016-01-24T03:01:32.6260113-08:00" endTime="2016-01-24T03:01:35.7206805-08:00" testType="13cdc9d9-ddb5-4fa4-a97d-d965ccfc6d4b" outcome="Failed" testListId="8c84fa94-04c1-424b-9868-57a2d4851a1d" relativeResultsDirectory="e8f01637-f0a6-44ae-8b9a-872a77ecf772">
      <Output>
        <StdOut>Opening C:\src\nodejstools\TestResults\Itani_DESKTOP-RRA95A8 2016-01-24 02_34_51\Out\Temp\gdeox0wh.ds4\Require.sln



Debug Trace:
devenv.exe Warning: 0 : Waiting for project.Properties to become non-null
devenv.exe Warning: 0 : Waiting for project.Properties to become non-null
devenv.exe Warning: 0 : Waiting for project.Properties to become non-null
devenv.exe Warning: 0 : Waiting for project.Properties to become non-null
devenv.exe Warning: 0 : Waiting for project.Properties to become non-null
devenv.exe Warning: 0 : Waiting for project.Properties to become non-null
devenv.exe Warning: 0 : Waiting for project.Properties to become non-null
devenv.exe Warning: 0 : Waiting for project.Properties to become non-null
devenv.exe Warning: 0 : Waiting for project.Properties to become non-null
devenv.exe Warning: 0 : Waiting for project.Properties to become non-null</StdOut>
        <ErrorInfo>
          <Message>Assert.IsNotNull failed. No project properties: (unable to get Solution output)</Message>
          <StackTrace>   at TestUtilities.UI.VisualStudioApp.OpenProject(String projName, String startItem, Nullable`1 expectedProjects, String projectName, Boolean setStartupItem) in C:\src\nodejstools\Common\Tests\Utilities.UI\UI\VisualStudioApp.cs:line 818
   at TestUtilities.UI.VisualStudioInstance..ctor(SolutionFile solution) in C:\src\nodejstools\Common\Tests\Utilities.UI\UI\VisualStudioInstance.cs:line 45
   at TestUtilities.UI.TestExtensions.ToVs(SolutionFile self) in C:\src\nodejstools\Common\Tests\Utilities.UI\UI\TestExtensions.cs:line 33
   at Microsoft.Nodejs.Tests.UI.RequireIntellisense.AddModuleExternally() in C:\src\nodejstools\Nodejs\Tests\Core.UI\RequireIntellisense.cs:line 734
</StackTrace>
        </ErrorInfo>
      </Output>
    </UnitTestResult>
    <UnitTestResult executionId="c13321c3-3d9e-4bf8-bc4b-8dc113a67c3d" testId="6696e834-3827-cfe8-18e3-a072b0d3f1f6" testName="SubmodulesFiles" computerName="DESKTOP-RRA95A8" duration="00:00:02.7351792" startTime="2016-01-24T03:01:35.7275432-08:00" endTime="2016-01-24T03:01:38.8725098-08:00" testType="13cdc9d9-ddb5-4fa4-a97d-d965ccfc6d4b" outcome="Failed" testListId="8c84fa94-04c1-424b-9868-57a2d4851a1d" relativeResultsDirectory="c13321c3-3d9e-4bf8-bc4b-8dc113a67c3d">
      <Output>
        <StdOut>Opening C:\src\nodejstools\TestResults\Itani_DESKTOP-RRA95A8 2016-01-24 02_34_51\Out\Temp\ve3afuvj.vuf\RequireSubmodules.sln



Debug Trace:
devenv.exe Warning: 0 : Waiting for project.Properties to become non-null
devenv.exe Warning: 0 : Waiting for project.Properties to become non-null
devenv.exe Warning: 0 : Waiting for project.Properties to become non-null
devenv.exe Warning: 0 : Waiting for project.Properties to become non-null
devenv.exe Warning: 0 : Waiting for project.Properties to become non-null
devenv.exe Warning: 0 : Waiting for project.Properties to become non-null
devenv.exe Warning: 0 : Waiting for project.Properties to become non-null
devenv.exe Warning: 0 : Waiting for project.Properties to become non-null
devenv.exe Warning: 0 : Waiting for project.Properties to become non-null
devenv.exe Warning: 0 : Waiting for project.Properties to become non-null</StdOut>
        <ErrorInfo>
          <Message>Assert.IsNotNull failed. No project properties: (unable to get Solution output)</Message>
          <StackTrace>   at TestUtilities.UI.VisualStudioApp.OpenProject(String projName, String startItem, Nullable`1 expectedProjects, String projectName, Boolean setStartupItem) in C:\src\nodejstools\Common\Tests\Utilities.UI\UI\VisualStudioApp.cs:line 818
   at TestUtilities.UI.VisualStudioInstance..ctor(SolutionFile solution) in C:\src\nodejstools\Common\Tests\Utilities.UI\UI\VisualStudioInstance.cs:line 45
   at TestUtilities.UI.TestExtensions.ToVs(SolutionFile self) in C:\src\nodejstools\Common\Tests\Utilities.UI\UI\TestExtensions.cs:line 33
   at Microsoft.Nodejs.Tests.UI.RequireIntellisense.SubmodulesFiles() in C:\src\nodejstools\Nodejs\Tests\Core.UI\RequireIntellisense.cs:line 771
</StackTrace>
        </ErrorInfo>
      </Output>
    </UnitTestResult>
    <UnitTestResult executionId="62723456-7753-4749-a048-417e8243a571" testId="8f23a4d0-4060-619a-3c87-21c077106a72" testName="SubmodulesFiles2" computerName="DESKTOP-RRA95A8" duration="00:00:02.6914893" startTime="2016-01-24T03:01:38.8999875-08:00" endTime="2016-01-24T03:01:41.9854410-08:00" testType="13cdc9d9-ddb5-4fa4-a97d-d965ccfc6d4b" outcome="Failed" testListId="8c84fa94-04c1-424b-9868-57a2d4851a1d" relativeResultsDirectory="62723456-7753-4749-a048-417e8243a571">
      <Output>
        <StdOut>Opening C:\src\nodejstools\TestResults\Itani_DESKTOP-RRA95A8 2016-01-24 02_34_51\Out\Temp\bo14na3w.3b5\RequireSubmodules.sln



Debug Trace:
devenv.exe Warning: 0 : Waiting for project.Properties to become non-null
devenv.exe Warning: 0 : Waiting for project.Properties to become non-null
devenv.exe Warning: 0 : Waiting for project.Properties to become non-null
devenv.exe Warning: 0 : Waiting for project.Properties to become non-null
devenv.exe Warning: 0 : Waiting for project.Properties to become non-null
devenv.exe Warning: 0 : Waiting for project.Properties to become non-null
devenv.exe Warning: 0 : Waiting for project.Properties to become non-null
devenv.exe Warning: 0 : Waiting for project.Properties to become non-null
devenv.exe Warning: 0 : Waiting for project.Properties to become non-null
devenv.exe Warning: 0 : Waiting for project.Properties to become non-null</StdOut>
        <ErrorInfo>
          <Message>Assert.IsNotNull failed. No project properties: (unable to get Solution output)</Message>
          <StackTrace>   at TestUtilities.UI.VisualStudioApp.OpenProject(String projName, String startItem, Nullable`1 expectedProjects, String projectName, Boolean setStartupItem) in C:\src\nodejstools\Common\Tests\Utilities.UI\UI\VisualStudioApp.cs:line 818
   at TestUtilities.UI.VisualStudioInstance..ctor(SolutionFile solution) in C:\src\nodejstools\Common\Tests\Utilities.UI\UI\VisualStudioInstance.cs:line 45
   at TestUtilities.UI.TestExtensions.ToVs(SolutionFile self) in C:\src\nodejstools\Common\Tests\Utilities.UI\UI\TestExtensions.cs:line 33
   at Microsoft.Nodejs.Tests.UI.RequireIntellisense.SubmodulesFiles2() in C:\src\nodejstools\Nodejs\Tests\Core.UI\RequireIntellisense.cs:line 792
</StackTrace>
        </ErrorInfo>
      </Output>
    </UnitTestResult>
    <UnitTestResult executionId="60fd1091-485f-4971-9c5c-a50c31bb8de9" testId="a843ac7d-2594-8044-a20a-394e013f101b" testName="AbsolutePaths" computerName="DESKTOP-RRA95A8" duration="00:00:02.6954314" startTime="2016-01-24T03:01:42.0099732-08:00" endTime="2016-01-24T03:01:45.3486229-08:00" testType="13cdc9d9-ddb5-4fa4-a97d-d965ccfc6d4b" outcome="Failed" testListId="8c84fa94-04c1-424b-9868-57a2d4851a1d" relativeResultsDirectory="60fd1091-485f-4971-9c5c-a50c31bb8de9">
      <Output>
        <StdOut>Opening C:\src\nodejstools\TestResults\Itani_DESKTOP-RRA95A8 2016-01-24 02_34_51\Out\TestData\NodejsProjectData\AbsolutePath.sln



Debug Trace:
devenv.exe Warning: 0 : Waiting for project.Properties to become non-null
devenv.exe Warning: 0 : Waiting for project.Properties to become non-null
devenv.exe Warning: 0 : Waiting for project.Properties to become non-null
devenv.exe Warning: 0 : Waiting for project.Properties to become non-null
devenv.exe Warning: 0 : Waiting for project.Properties to become non-null
devenv.exe Warning: 0 : Waiting for project.Properties to become non-null
devenv.exe Warning: 0 : Waiting for project.Properties to become non-null
devenv.exe Warning: 0 : Waiting for project.Properties to become non-null
devenv.exe Warning: 0 : Waiting for project.Properties to become non-null
devenv.exe Warning: 0 : Waiting for project.Properties to become non-null</StdOut>
        <ErrorInfo>
          <Message>Assert.IsNotNull failed. No project properties: (unable to get Solution output)</Message>
          <StackTrace>   at TestUtilities.UI.VisualStudioApp.OpenProject(String projName, String startItem, Nullable`1 expectedProjects, String projectName, Boolean setStartupItem) in C:\src\nodejstools\Common\Tests\Utilities.UI\UI\VisualStudioApp.cs:line 818
   at Microsoft.Nodejs.Tests.UI.UITests.AbsolutePaths() in C:\src\nodejstools\Nodejs\Tests\Core.UI\UITests.cs:line 95
</StackTrace>
        </ErrorInfo>
      </Output>
    </UnitTestResult>
    <UnitTestResult executionId="8b2a27ab-ddc1-4dff-8f84-b1f977ea25ca" testId="4102d688-f6d1-81ad-76b0-26b2cc28cacb" testName="MoveStartupFile" computerName="DESKTOP-RRA95A8" duration="00:00:02.7161003" startTime="2016-01-24T03:01:45.3574563-08:00" endTime="2016-01-24T03:01:48.4910243-08:00" testType="13cdc9d9-ddb5-4fa4-a97d-d965ccfc6d4b" outcome="Failed" testListId="8c84fa94-04c1-424b-9868-57a2d4851a1d" relativeResultsDirectory="8b2a27ab-ddc1-4dff-8f84-b1f977ea25ca">
      <Output>
        <StdOut>Opening C:\src\nodejstools\TestResults\Itani_DESKTOP-RRA95A8 2016-01-24 02_34_51\Out\TestData\NodejsProjectData\MoveStartupFile.sln



Debug Trace:
devenv.exe Warning: 0 : Waiting for project.Properties to become non-null
devenv.exe Warning: 0 : Waiting for project.Properties to become non-null
devenv.exe Warning: 0 : Waiting for project.Properties to become non-null
devenv.exe Warning: 0 : Waiting for project.Properties to become non-null
devenv.exe Warning: 0 : Waiting for project.Properties to become non-null
devenv.exe Warning: 0 : Waiting for project.Properties to become non-null
devenv.exe Warning: 0 : Waiting for project.Properties to become non-null
devenv.exe Warning: 0 : Waiting for project.Properties to become non-null
devenv.exe Warning: 0 : Waiting for project.Properties to become non-null
devenv.exe Warning: 0 : Waiting for project.Properties to become non-null</StdOut>
        <ErrorInfo>
          <Message>Assert.IsNotNull failed. No project properties: (unable to get Solution output)</Message>
          <StackTrace>   at TestUtilities.UI.VisualStudioApp.OpenProject(String projName, String startItem, Nullable`1 expectedProjects, String projectName, Boolean setStartupItem) in C:\src\nodejstools\Common\Tests\Utilities.UI\UI\VisualStudioApp.cs:line 818
   at Microsoft.Nodejs.Tests.UI.UITests.MoveStartupFile() in C:\src\nodejstools\Nodejs\Tests\Core.UI\UITests.cs:line 109
</StackTrace>
        </ErrorInfo>
      </Output>
    </UnitTestResult>
    <UnitTestResult executionId="7fe32b24-2fe3-4e25-a04f-0547b2e9363d" testId="65068448-f7bc-c0d5-3e60-962cce56ea67" testName="CopyPasteFile" computerName="DESKTOP-RRA95A8" duration="00:00:02.6777762" startTime="2016-01-24T03:01:48.4998563-08:00" endTime="2016-01-24T03:01:51.5422655-08:00" testType="13cdc9d9-ddb5-4fa4-a97d-d965ccfc6d4b" outcome="Failed" testListId="8c84fa94-04c1-424b-9868-57a2d4851a1d" relativeResultsDirectory="7fe32b24-2fe3-4e25-a04f-0547b2e9363d">
      <Output>
        <StdOut>Opening C:\src\nodejstools\TestResults\Itani_DESKTOP-RRA95A8 2016-01-24 02_34_51\Out\TestData\NodejsProjectData\HelloWorld.sln



Debug Trace:
devenv.exe Warning: 0 : Waiting for project.Properties to become non-null
devenv.exe Warning: 0 : Waiting for project.Properties to become non-null
devenv.exe Warning: 0 : Waiting for project.Properties to become non-null
devenv.exe Warning: 0 : Waiting for project.Properties to become non-null
devenv.exe Warning: 0 : Waiting for project.Properties to become non-null
devenv.exe Warning: 0 : Waiting for project.Properties to become non-null
devenv.exe Warning: 0 : Waiting for project.Properties to become non-null
devenv.exe Warning: 0 : Waiting for project.Properties to become non-null
devenv.exe Warning: 0 : Waiting for project.Properties to become non-null
devenv.exe Warning: 0 : Waiting for project.Properties to become non-null</StdOut>
        <ErrorInfo>
          <Message>Assert.IsNotNull failed. No project properties: (unable to get Solution output)</Message>
          <StackTrace>   at TestUtilities.UI.VisualStudioApp.OpenProject(String projName, String startItem, Nullable`1 expectedProjects, String projectName, Boolean setStartupItem) in C:\src\nodejstools\Common\Tests\Utilities.UI\UI\VisualStudioApp.cs:line 818
   at Microsoft.Nodejs.Tests.UI.UITests.CopyPasteFile() in C:\src\nodejstools\Nodejs\Tests\Core.UI\UITests.cs:line 135
</StackTrace>
        </ErrorInfo>
      </Output>
    </UnitTestResult>
    <UnitTestResult executionId="966664a8-2d47-4784-a32d-3471454d3b9f" testId="0b7aeda8-082a-ef79-547d-eb8172ab04d8" testName="CopyPasteRenameFile" computerName="DESKTOP-RRA95A8" duration="00:00:02.7516872" startTime="2016-01-24T03:01:51.5517911-08:00" endTime="2016-01-24T03:01:54.6960520-08:00" testType="13cdc9d9-ddb5-4fa4-a97d-d965ccfc6d4b" outcome="Failed" testListId="8c84fa94-04c1-424b-9868-57a2d4851a1d" relativeResultsDirectory="966664a8-2d47-4784-a32d-3471454d3b9f">
      <Output>
        <StdOut>Opening C:\src\nodejstools\TestResults\Itani_DESKTOP-RRA95A8 2016-01-24 02_34_51\Out\TestData\CopyPasteRenameProject\CopyPasteRenameProject.sln



Debug Trace:
devenv.exe Warning: 0 : Waiting for project.Properties to become non-null
devenv.exe Warning: 0 : Waiting for project.Properties to become non-null
devenv.exe Warning: 0 : Waiting for project.Properties to become non-null
devenv.exe Warning: 0 : Waiting for project.Properties to become non-null
devenv.exe Warning: 0 : Waiting for project.Properties to become non-null
devenv.exe Warning: 0 : Waiting for project.Properties to become non-null
devenv.exe Warning: 0 : Waiting for project.Properties to become non-null
devenv.exe Warning: 0 : Waiting for project.Properties to become non-null
devenv.exe Warning: 0 : Waiting for project.Properties to become non-null
devenv.exe Warning: 0 : Waiting for project.Properties to become non-null</StdOut>
        <ErrorInfo>
          <Message>Assert.IsNotNull failed. No project properties: (unable to get Solution output)</Message>
          <StackTrace>   at TestUtilities.UI.VisualStudioApp.OpenProject(String projName, String startItem, Nullable`1 expectedProjects, String projectName, Boolean setStartupItem) in C:\src\nodejstools\Common\Tests\Utilities.UI\UI\VisualStudioApp.cs:line 818
   at Microsoft.Nodejs.Tests.UI.UITests.CopyPasteRenameFile() in C:\src\nodejstools\Nodejs\Tests\Core.UI\UITests.cs:line 163
</StackTrace>
        </ErrorInfo>
      </Output>
    </UnitTestResult>
    <UnitTestResult executionId="0479cf5a-c0e2-4d50-a09e-db9f0d4f4855" testId="eeaa9f4b-908a-18d1-af2f-ae5ff9d6bbdd" testName="DeleteFile" computerName="DESKTOP-RRA95A8" duration="00:00:02.7085104" startTime="2016-01-24T03:01:54.7048840-08:00" endTime="2016-01-24T03:01:57.7889372-08:00" testType="13cdc9d9-ddb5-4fa4-a97d-d965ccfc6d4b" outcome="Failed" testListId="8c84fa94-04c1-424b-9868-57a2d4851a1d" relativeResultsDirectory="0479cf5a-c0e2-4d50-a09e-db9f0d4f4855">
      <Output>
        <StdOut>Opening C:\src\nodejstools\TestResults\Itani_DESKTOP-RRA95A8 2016-01-24 02_34_51\Out\TestData\NodejsProjectData\DeleteFile.sln



Debug Trace:
devenv.exe Warning: 0 : Waiting for project.Properties to become non-null
devenv.exe Warning: 0 : Waiting for project.Properties to become non-null
devenv.exe Warning: 0 : Waiting for project.Properties to become non-null
devenv.exe Warning: 0 : Waiting for project.Properties to become non-null
devenv.exe Warning: 0 : Waiting for project.Properties to become non-null
devenv.exe Warning: 0 : Waiting for project.Properties to become non-null
devenv.exe Warning: 0 : Waiting for project.Properties to become non-null
devenv.exe Warning: 0 : Waiting for project.Properties to become non-null
devenv.exe Warning: 0 : Waiting for project.Properties to become non-null
devenv.exe Warning: 0 : Waiting for project.Properties to become non-null</StdOut>
        <ErrorInfo>
          <Message>Assert.IsNotNull failed. No project properties: (unable to get Solution output)</Message>
          <StackTrace>   at TestUtilities.UI.VisualStudioApp.OpenProject(String projName, String startItem, Nullable`1 expectedProjects, String projectName, Boolean setStartupItem) in C:\src\nodejstools\Common\Tests\Utilities.UI\UI\VisualStudioApp.cs:line 818
   at Microsoft.Nodejs.Tests.UI.UITests.DeleteFile() in C:\src\nodejstools\Nodejs\Tests\Core.UI\UITests.cs:line 214
</StackTrace>
        </ErrorInfo>
      </Output>
    </UnitTestResult>
    <UnitTestResult executionId="3b2fc79b-f820-4380-ac2d-d2b59884427d" testId="b80cd144-8190-5e61-b787-b448839990d8" testName="AddNewFolder" computerName="DESKTOP-RRA95A8" duration="00:00:02.6894541" startTime="2016-01-24T03:01:57.8095448-08:00" endTime="2016-01-24T03:02:00.8614763-08:00" testType="13cdc9d9-ddb5-4fa4-a97d-d965ccfc6d4b" outcome="Failed" testListId="8c84fa94-04c1-424b-9868-57a2d4851a1d" relativeResultsDirectory="3b2fc79b-f820-4380-ac2d-d2b59884427d">
      <Output>
        <StdOut>Opening C:\src\nodejstools\TestResults\Itani_DESKTOP-RRA95A8 2016-01-24 02_34_51\Out\TestData\NodejsProjectData\HelloWorld.sln



Debug Trace:
devenv.exe Warning: 0 : Waiting for project.Properties to become non-null
devenv.exe Warning: 0 : Waiting for project.Properties to become non-null
devenv.exe Warning: 0 : Waiting for project.Properties to become non-null
devenv.exe Warning: 0 : Waiting for project.Properties to become non-null
devenv.exe Warning: 0 : Waiting for project.Properties to become non-null
devenv.exe Warning: 0 : Waiting for project.Properties to become non-null
devenv.exe Warning: 0 : Waiting for project.Properties to become non-null
devenv.exe Warning: 0 : Waiting for project.Properties to become non-null
devenv.exe Warning: 0 : Waiting for project.Properties to become non-null
devenv.exe Warning: 0 : Waiting for project.Properties to become non-null</StdOut>
        <ErrorInfo>
          <Message>Assert.IsNotNull failed. No project properties: (unable to get Solution output)</Message>
          <StackTrace>   at TestUtilities.UI.VisualStudioApp.OpenProject(String projName, String startItem, Nullable`1 expectedProjects, String projectName, Boolean setStartupItem) in C:\src\nodejstools\Common\Tests\Utilities.UI\UI\VisualStudioApp.cs:line 818
   at Microsoft.Nodejs.Tests.UI.UITests.AddNewFolder() in C:\src\nodejstools\Nodejs\Tests\Core.UI\UITests.cs:line 240
</StackTrace>
        </ErrorInfo>
      </Output>
    </UnitTestResult>
    <UnitTestResult executionId="dd43d0a6-15f6-4cbc-8556-cb4d08fd6f42" testId="8311dd0e-214f-3e56-ac97-44e011e16a50" testName="AddNewFolderLongPathBoundary" computerName="DESKTOP-RRA95A8" duration="00:00:02.6958887" startTime="2016-01-24T03:02:00.8807145-08:00" endTime="2016-01-24T03:02:03.9798739-08:00" testType="13cdc9d9-ddb5-4fa4-a97d-d965ccfc6d4b" outcome="Failed" testListId="8c84fa94-04c1-424b-9868-57a2d4851a1d" relativeResultsDirectory="dd43d0a6-15f6-4cbc-8556-cb4d08fd6f42">
      <Output>
        <StdOut>Creating long file name project (221) at: C:\src\nodejstools\TestResults\Itani_DESKTOP-RRA95A8 2016-01-24 02_34_51\Out\f5537bcb-474a-4537-a812-d367432fa491XXXXXXXXXXXXXXXXXXXXXXXXXXXXXXXXXXXXXXXXXXXXXXXXXXXXXXXXXXXXXXXXXXXXXXXXXXXXXXXXXXXXXXXXXXXXXXXXXXXXXXXXXXXX
Opening C:\src\nodejstools\TestResults\Itani_DESKTOP-RRA95A8 2016-01-24 02_34_51\Out\f5537bcb-474a-4537-a812-d367432fa491XXXXXXXXXXXXXXXXXXXXXXXXXXXXXXXXXXXXXXXXXXXXXXXXXXXXXXXXXXXXXXXXXXXXXXXXXXXXXXXXXXXXXXXXXXXXXXXXXXXXXXXXXXXX\LongFileNames.sln



Debug Trace:
devenv.exe Warning: 0 : Waiting for project.Properties to become non-null
devenv.exe Warning: 0 : Waiting for project.Properties to become non-null
devenv.exe Warning: 0 : Waiting for project.Properties to become non-null
devenv.exe Warning: 0 : Waiting for project.Properties to become non-null
devenv.exe Warning: 0 : Waiting for project.Properties to become non-null
devenv.exe Warning: 0 : Waiting for project.Properties to become non-null
devenv.exe Warning: 0 : Waiting for project.Properties to become non-null
devenv.exe Warning: 0 : Waiting for project.Properties to become non-null
devenv.exe Warning: 0 : Waiting for project.Properties to become non-null
devenv.exe Warning: 0 : Waiting for project.Properties to become non-null</StdOut>
        <ErrorInfo>
          <Message>Assert.IsNotNull failed. No project properties: (unable to get Solution output)</Message>
          <StackTrace>   at TestUtilities.UI.VisualStudioApp.OpenProject(String projName, String startItem, Nullable`1 expectedProjects, String projectName, Boolean setStartupItem) in C:\src\nodejstools\Common\Tests\Utilities.UI\UI\VisualStudioApp.cs:line 818
   at Microsoft.Nodejs.Tests.UI.UITests.OpenLongFileNameProject(VisualStudioApp app, Int32 spaceRemaining) in C:\src\nodejstools\Nodejs\Tests\Core.UI\UITests.cs:line 456
   at Microsoft.Nodejs.Tests.UI.UITests.AddNewFolderLongPathBoundary() in C:\src\nodejstools\Nodejs\Tests\Core.UI\UITests.cs:line 274
</StackTrace>
        </ErrorInfo>
      </Output>
    </UnitTestResult>
    <UnitTestResult executionId="c7329308-d704-4139-bf45-319fcb3ba36c" testId="924a5432-849e-750f-605f-6ea6b83e67ea" testName="AddNewFolderLongPathTooLong" computerName="DESKTOP-RRA95A8" duration="00:00:02.6815969" startTime="2016-01-24T03:02:03.9936126-08:00" endTime="2016-01-24T03:02:07.1184803-08:00" testType="13cdc9d9-ddb5-4fa4-a97d-d965ccfc6d4b" outcome="Failed" testListId="8c84fa94-04c1-424b-9868-57a2d4851a1d" relativeResultsDirectory="c7329308-d704-4139-bf45-319fcb3ba36c">
      <Output>
        <StdOut>Creating long file name project (221) at: C:\src\nodejstools\TestResults\Itani_DESKTOP-RRA95A8 2016-01-24 02_34_51\Out\d8725ae4-ff0b-4628-b3b1-f377642e3c3aXXXXXXXXXXXXXXXXXXXXXXXXXXXXXXXXXXXXXXXXXXXXXXXXXXXXXXXXXXXXXXXXXXXXXXXXXXXXXXXXXXXXXXXXXXXXXXXXXXXXXXXXXXXX
Opening C:\src\nodejstools\TestResults\Itani_DESKTOP-RRA95A8 2016-01-24 02_34_51\Out\d8725ae4-ff0b-4628-b3b1-f377642e3c3aXXXXXXXXXXXXXXXXXXXXXXXXXXXXXXXXXXXXXXXXXXXXXXXXXXXXXXXXXXXXXXXXXXXXXXXXXXXXXXXXXXXXXXXXXXXXXXXXXXXXXXXXXXXX\LongFileNames.sln



Debug Trace:
devenv.exe Warning: 0 : Waiting for project.Properties to become non-null
devenv.exe Warning: 0 : Waiting for project.Properties to become non-null
devenv.exe Warning: 0 : Waiting for project.Properties to become non-null
devenv.exe Warning: 0 : Waiting for project.Properties to become non-null
devenv.exe Warning: 0 : Waiting for project.Properties to become non-null
devenv.exe Warning: 0 : Waiting for project.Properties to become non-null
devenv.exe Warning: 0 : Waiting for project.Properties to become non-null
devenv.exe Warning: 0 : Waiting for project.Properties to become non-null
devenv.exe Warning: 0 : Waiting for project.Properties to become non-null
devenv.exe Warning: 0 : Waiting for project.Properties to become non-null</StdOut>
        <ErrorInfo>
          <Message>Assert.IsNotNull failed. No project properties: (unable to get Solution output)</Message>
          <StackTrace>   at TestUtilities.UI.VisualStudioApp.OpenProject(String projName, String startItem, Nullable`1 expectedProjects, String projectName, Boolean setStartupItem) in C:\src\nodejstools\Common\Tests\Utilities.UI\UI\VisualStudioApp.cs:line 818
   at Microsoft.Nodejs.Tests.UI.UITests.OpenLongFileNameProject(VisualStudioApp app, Int32 spaceRemaining) in C:\src\nodejstools\Nodejs\Tests\Core.UI\UITests.cs:line 456
   at Microsoft.Nodejs.Tests.UI.UITests.AddNewFolderLongPathTooLong() in C:\src\nodejstools\Nodejs\Tests\Core.UI\UITests.cs:line 307
</StackTrace>
        </ErrorInfo>
      </Output>
    </UnitTestResult>
    <UnitTestResult executionId="969b3bb8-b2ee-4fcd-a797-f7bcb39c0553" testId="b7887fd2-b8c3-2f5a-71a7-b92bcc7c443f" testName="AddNewFolderLongPathTooLongCancelEdit" computerName="DESKTOP-RRA95A8" duration="00:00:02.7626328" startTime="2016-01-24T03:02:07.1292735-08:00" endTime="2016-01-24T03:02:10.3423706-08:00" testType="13cdc9d9-ddb5-4fa4-a97d-d965ccfc6d4b" outcome="Failed" testListId="8c84fa94-04c1-424b-9868-57a2d4851a1d" relativeResultsDirectory="969b3bb8-b2ee-4fcd-a797-f7bcb39c0553">
      <Output>
        <StdOut>Creating long file name project (224) at: C:\src\nodejstools\TestResults\Itani_DESKTOP-RRA95A8 2016-01-24 02_34_51\Out\12b38c25-7863-4ee9-9e4d-132d6c409295XXXXXXXXXXXXXXXXXXXXXXXXXXXXXXXXXXXXXXXXXXXXXXXXXXXXXXXXXXXXXXXXXXXXXXXXXXXXXXXXXXXXXXXXXXXXXXXXXXXXXXXXXXXXXXX
Opening C:\src\nodejstools\TestResults\Itani_DESKTOP-RRA95A8 2016-01-24 02_34_51\Out\12b38c25-7863-4ee9-9e4d-132d6c409295XXXXXXXXXXXXXXXXXXXXXXXXXXXXXXXXXXXXXXXXXXXXXXXXXXXXXXXXXXXXXXXXXXXXXXXXXXXXXXXXXXXXXXXXXXXXXXXXXXXXXXXXXXXXXXX\LongFileNames.sln



Debug Trace:
devenv.exe Warning: 0 : Waiting for project.Properties to become non-null
devenv.exe Warning: 0 : Waiting for project.Properties to become non-null
devenv.exe Warning: 0 : Waiting for project.Properties to become non-null
devenv.exe Warning: 0 : Waiting for project.Properties to become non-null
devenv.exe Warning: 0 : Waiting for project.Properties to become non-null
devenv.exe Warning: 0 : Waiting for project.Properties to become non-null
devenv.exe Warning: 0 : Waiting for project.Properties to become non-null
devenv.exe Warning: 0 : Waiting for project.Properties to become non-null
devenv.exe Warning: 0 : Waiting for project.Properties to become non-null
devenv.exe Warning: 0 : Waiting for project.Properties to become non-null</StdOut>
        <ErrorInfo>
          <Message>Assert.IsNotNull failed. No project properties: (unable to get Solution output)</Message>
          <StackTrace>   at TestUtilities.UI.VisualStudioApp.OpenProject(String projName, String startItem, Nullable`1 expectedProjects, String projectName, Boolean setStartupItem) in C:\src\nodejstools\Common\Tests\Utilities.UI\UI\VisualStudioApp.cs:line 818
   at Microsoft.Nodejs.Tests.UI.UITests.OpenLongFileNameProject(VisualStudioApp app, Int32 spaceRemaining) in C:\src\nodejstools\Nodejs\Tests\Core.UI\UITests.cs:line 456
   at Microsoft.Nodejs.Tests.UI.UITests.AddNewFolderLongPathTooLongCancelEdit() in C:\src\nodejstools\Nodejs\Tests\Core.UI\UITests.cs:line 335
</StackTrace>
        </ErrorInfo>
      </Output>
    </UnitTestResult>
    <UnitTestResult executionId="f390f605-89b1-43ba-971b-e1e0488405ae" testId="c666a23b-cf8c-d511-0343-bd68f3a2bfbe" testName="AddNewItemLongPathBoundary" computerName="DESKTOP-RRA95A8" duration="00:00:02.6824852" startTime="2016-01-24T03:02:10.3570895-08:00" endTime="2016-01-24T03:02:13.4367298-08:00" testType="13cdc9d9-ddb5-4fa4-a97d-d965ccfc6d4b" outcome="Failed" testListId="8c84fa94-04c1-424b-9868-57a2d4851a1d" relativeResultsDirectory="f390f605-89b1-43ba-971b-e1e0488405ae">
      <Output>
        <StdOut>Creating long file name project (233) at: C:\src\nodejstools\TestResults\Itani_DESKTOP-RRA95A8 2016-01-24 02_34_51\Out\ab434052-2f2b-499e-b764-42f29fce3821XXXXXXXXXXXXXXXXXXXXXXXXXXXXXXXXXXXXXXXXXXXXXXXXXXXXXXXXXXXXXXXXXXXXXXXXXXXXXXXXXXXXXXXXXXXXXXXXXXXXXXXXXXXXXXXXXXXXXXXX
Opening C:\src\nodejstools\TestResults\Itani_DESKTOP-RRA95A8 2016-01-24 02_34_51\Out\ab434052-2f2b-499e-b764-42f29fce3821XXXXXXXXXXXXXXXXXXXXXXXXXXXXXXXXXXXXXXXXXXXXXXXXXXXXXXXXXXXXXXXXXXXXXXXXXXXXXXXXXXXXXXXXXXXXXXXXXXXXXXXXXXXXXXXXXXXXXXXX\LongFileNames.sln



Debug Trace:
devenv.exe Warning: 0 : Waiting for project.Properties to become non-null
devenv.exe Warning: 0 : Waiting for project.Properties to become non-null
devenv.exe Warning: 0 : Waiting for project.Properties to become non-null
devenv.exe Warning: 0 : Waiting for project.Properties to become non-null
devenv.exe Warning: 0 : Waiting for project.Properties to become non-null
devenv.exe Warning: 0 : Waiting for project.Properties to become non-null
devenv.exe Warning: 0 : Waiting for project.Properties to become non-null
devenv.exe Warning: 0 : Waiting for project.Properties to become non-null
devenv.exe Warning: 0 : Waiting for project.Properties to become non-null
devenv.exe Warning: 0 : Waiting for project.Properties to become non-null</StdOut>
        <ErrorInfo>
          <Message>Assert.IsNotNull failed. No project properties: (unable to get Solution output)</Message>
          <StackTrace>   at TestUtilities.UI.VisualStudioApp.OpenProject(String projName, String startItem, Nullable`1 expectedProjects, String projectName, Boolean setStartupItem) in C:\src\nodejstools\Common\Tests\Utilities.UI\UI\VisualStudioApp.cs:line 818
   at Microsoft.Nodejs.Tests.UI.UITests.OpenLongFileNameProject(VisualStudioApp app, Int32 spaceRemaining) in C:\src\nodejstools\Nodejs\Tests\Core.UI\UITests.cs:line 456
   at Microsoft.Nodejs.Tests.UI.UITests.AddNewItemLongPathBoundary() in C:\src\nodejstools\Nodejs\Tests\Core.UI\UITests.cs:line 362
</StackTrace>
        </ErrorInfo>
      </Output>
    </UnitTestResult>
    <UnitTestResult executionId="770840d1-ac41-4fa8-90cf-c1a2114fed38" testId="6b979c6f-c2b5-1a09-a08e-4d2121b2613f" testName="AddNewItemLongPathTooLong" computerName="DESKTOP-RRA95A8" duration="00:00:02.6692287" startTime="2016-01-24T03:02:13.4475226-08:00" endTime="2016-01-24T03:02:16.4736787-08:00" testType="13cdc9d9-ddb5-4fa4-a97d-d965ccfc6d4b" outcome="Failed" testListId="8c84fa94-04c1-424b-9868-57a2d4851a1d" relativeResultsDirectory="770840d1-ac41-4fa8-90cf-c1a2114fed38">
      <Output>
        <StdOut>Creating long file name project (233) at: C:\src\nodejstools\TestResults\Itani_DESKTOP-RRA95A8 2016-01-24 02_34_51\Out\65c53d67-852c-4ead-bb18-c372a36c324cXXXXXXXXXXXXXXXXXXXXXXXXXXXXXXXXXXXXXXXXXXXXXXXXXXXXXXXXXXXXXXXXXXXXXXXXXXXXXXXXXXXXXXXXXXXXXXXXXXXXXXXXXXXXXXXXXXXXXXXX
Opening C:\src\nodejstools\TestResults\Itani_DESKTOP-RRA95A8 2016-01-24 02_34_51\Out\65c53d67-852c-4ead-bb18-c372a36c324cXXXXXXXXXXXXXXXXXXXXXXXXXXXXXXXXXXXXXXXXXXXXXXXXXXXXXXXXXXXXXXXXXXXXXXXXXXXXXXXXXXXXXXXXXXXXXXXXXXXXXXXXXXXXXXXXXXXXXXXX\LongFileNames.sln



Debug Trace:
devenv.exe Warning: 0 : Waiting for project.Properties to become non-null
devenv.exe Warning: 0 : Waiting for project.Properties to become non-null
devenv.exe Warning: 0 : Waiting for project.Properties to become non-null
devenv.exe Warning: 0 : Waiting for project.Properties to become non-null
devenv.exe Warning: 0 : Waiting for project.Properties to become non-null
devenv.exe Warning: 0 : Waiting for project.Properties to become non-null
devenv.exe Warning: 0 : Waiting for project.Properties to become non-null
devenv.exe Warning: 0 : Waiting for project.Properties to become non-null
devenv.exe Warning: 0 : Waiting for project.Properties to become non-null
devenv.exe Warning: 0 : Waiting for project.Properties to become non-null</StdOut>
        <ErrorInfo>
          <Message>Assert.IsNotNull failed. No project properties: (unable to get Solution output)</Message>
          <StackTrace>   at TestUtilities.UI.VisualStudioApp.OpenProject(String projName, String startItem, Nullable`1 expectedProjects, String projectName, Boolean setStartupItem) in C:\src\nodejstools\Common\Tests\Utilities.UI\UI\VisualStudioApp.cs:line 818
   at Microsoft.Nodejs.Tests.UI.UITests.OpenLongFileNameProject(VisualStudioApp app, Int32 spaceRemaining) in C:\src\nodejstools\Nodejs\Tests\Core.UI\UITests.cs:line 456
   at Microsoft.Nodejs.Tests.UI.UITests.AddNewItemLongPathTooLong() in C:\src\nodejstools\Nodejs\Tests\Core.UI\UITests.cs:line 387
</StackTrace>
        </ErrorInfo>
      </Output>
    </UnitTestResult>
    <UnitTestResult executionId="d56c21be-4af9-45d9-bf0a-cab2cf72494b" testId="798e1c3d-2f38-60ef-d8be-a7f957766e31" testName="DeleteLockedFolder" computerName="DESKTOP-RRA95A8" duration="00:00:02.6788837" startTime="2016-01-24T03:02:16.4841255-08:00" endTime="2016-01-24T03:02:19.5903165-08:00" testType="13cdc9d9-ddb5-4fa4-a97d-d965ccfc6d4b" outcome="Failed" testListId="8c84fa94-04c1-424b-9868-57a2d4851a1d" relativeResultsDirectory="d56c21be-4af9-45d9-bf0a-cab2cf72494b">
      <Output>
        <StdOut>Opening C:\src\nodejstools\TestResults\Itani_DESKTOP-RRA95A8 2016-01-24 02_34_51\Out\TestData\NodejsProjectData\DeleteLockedFolder.sln



Debug Trace:
devenv.exe Warning: 0 : Waiting for project.Properties to become non-null
devenv.exe Warning: 0 : Waiting for project.Properties to become non-null
devenv.exe Warning: 0 : Waiting for project.Properties to become non-null
devenv.exe Warning: 0 : Waiting for project.Properties to become non-null
devenv.exe Warning: 0 : Waiting for project.Properties to become non-null
devenv.exe Warning: 0 : Waiting for project.Properties to become non-null
devenv.exe Warning: 0 : Waiting for project.Properties to become non-null
devenv.exe Warning: 0 : Waiting for project.Properties to become non-null
devenv.exe Warning: 0 : Waiting for project.Properties to become non-null
devenv.exe Warning: 0 : Waiting for project.Properties to become non-null</StdOut>
        <ErrorInfo>
          <Message>Assert.IsNotNull failed. No project properties: (unable to get Solution output)</Message>
          <StackTrace>   at TestUtilities.UI.VisualStudioApp.OpenProject(String projName, String startItem, Nullable`1 expectedProjects, String projectName, Boolean setStartupItem) in C:\src\nodejstools\Common\Tests\Utilities.UI\UI\VisualStudioApp.cs:line 818
   at Microsoft.Nodejs.Tests.UI.UITests.DeleteLockedFolder() in C:\src\nodejstools\Nodejs\Tests\Core.UI\UITests.cs:line 411
</StackTrace>
        </ErrorInfo>
      </Output>
    </UnitTestResult>
    <UnitTestResult executionId="66a9710c-c76c-4e1a-87a4-bc08d558c1fe" testId="6c692cfa-8ee2-a7b8-171d-02bfc1f7d307" testName="AddNewFolderNested" computerName="DESKTOP-RRA95A8" duration="00:00:02.7136184" startTime="2016-01-24T03:02:19.6006338-08:00" endTime="2016-01-24T03:02:22.7134399-08:00" testType="13cdc9d9-ddb5-4fa4-a97d-d965ccfc6d4b" outcome="Failed" testListId="8c84fa94-04c1-424b-9868-57a2d4851a1d" relativeResultsDirectory="66a9710c-c76c-4e1a-87a4-bc08d558c1fe">
      <Output>
        <StdOut>Opening C:\src\nodejstools\TestResults\Itani_DESKTOP-RRA95A8 2016-01-24 02_34_51\Out\TestData\NodejsProjectData\HelloWorld.sln



Debug Trace:
devenv.exe Warning: 0 : Waiting for project.Properties to become non-null
devenv.exe Warning: 0 : Waiting for project.Properties to become non-null
devenv.exe Warning: 0 : Waiting for project.Properties to become non-null
devenv.exe Warning: 0 : Waiting for project.Properties to become non-null
devenv.exe Warning: 0 : Waiting for project.Properties to become non-null
devenv.exe Warning: 0 : Waiting for project.Properties to become non-null
devenv.exe Warning: 0 : Waiting for project.Properties to become non-null
devenv.exe Warning: 0 : Waiting for project.Properties to become non-null
devenv.exe Warning: 0 : Waiting for project.Properties to become non-null
devenv.exe Warning: 0 : Waiting for project.Properties to become non-null</StdOut>
        <ErrorInfo>
          <Message>Assert.IsNotNull failed. No project properties: (unable to get Solution output)</Message>
          <StackTrace>   at TestUtilities.UI.VisualStudioApp.OpenProject(String projName, String startItem, Nullable`1 expectedProjects, String projectName, Boolean setStartupItem) in C:\src\nodejstools\Common\Tests\Utilities.UI\UI\VisualStudioApp.cs:line 818
   at Microsoft.Nodejs.Tests.UI.UITests.AddNewFolderNested() in C:\src\nodejstools\Nodejs\Tests\Core.UI\UITests.cs:line 463
</StackTrace>
        </ErrorInfo>
      </Output>
    </UnitTestResult>
    <UnitTestResult executionId="13b85716-dd5e-473e-a7d6-130dba850a2b" testId="8e9be2ad-c8e6-e22c-7ecd-5bd0234a8acc" testName="RenameProjectToExisting" computerName="DESKTOP-RRA95A8" duration="00:00:02.7282348" startTime="2016-01-24T03:02:22.7222807-08:00" endTime="2016-01-24T03:02:25.8191040-08:00" testType="13cdc9d9-ddb5-4fa4-a97d-d965ccfc6d4b" outcome="Failed" testListId="8c84fa94-04c1-424b-9868-57a2d4851a1d" relativeResultsDirectory="13b85716-dd5e-473e-a7d6-130dba850a2b">
      <Output>
        <StdOut>Opening C:\src\nodejstools\TestResults\Itani_DESKTOP-RRA95A8 2016-01-24 02_34_51\Out\TestData\NodejsProjectData\RenameProjectTestUI.sln



Debug Trace:
devenv.exe Warning: 0 : Waiting for project.Properties to become non-null
devenv.exe Warning: 0 : Waiting for project.Properties to become non-null
devenv.exe Warning: 0 : Waiting for project.Properties to become non-null
devenv.exe Warning: 0 : Waiting for project.Properties to become non-null
devenv.exe Warning: 0 : Waiting for project.Properties to become non-null
devenv.exe Warning: 0 : Waiting for project.Properties to become non-null
devenv.exe Warning: 0 : Waiting for project.Properties to become non-null
devenv.exe Warning: 0 : Waiting for project.Properties to become non-null
devenv.exe Warning: 0 : Waiting for project.Properties to become non-null
devenv.exe Warning: 0 : Waiting for project.Properties to become non-null</StdOut>
        <ErrorInfo>
          <Message>Assert.IsNotNull failed. No project properties: (unable to get Solution output)</Message>
          <StackTrace>   at TestUtilities.UI.VisualStudioApp.OpenProject(String projName, String startItem, Nullable`1 expectedProjects, String projectName, Boolean setStartupItem) in C:\src\nodejstools\Common\Tests\Utilities.UI\UI\VisualStudioApp.cs:line 818
   at Microsoft.Nodejs.Tests.UI.UITests.RenameProjectToExisting() in C:\src\nodejstools\Nodejs\Tests\Core.UI\UITests.cs:line 511
</StackTrace>
        </ErrorInfo>
      </Output>
    </UnitTestResult>
    <UnitTestResult executionId="ef5e4356-9c3a-4cc0-adaa-d25114888d28" testId="0dcb1a5c-ec72-0659-9967-5c929d915fe5" testName="RenameItemsTest" computerName="DESKTOP-RRA95A8" duration="00:00:02.6839118" startTime="2016-01-24T03:02:25.8230289-08:00" endTime="2016-01-24T03:02:28.9043675-08:00" testType="13cdc9d9-ddb5-4fa4-a97d-d965ccfc6d4b" outcome="Failed" testListId="8c84fa94-04c1-424b-9868-57a2d4851a1d" relativeResultsDirectory="ef5e4356-9c3a-4cc0-adaa-d25114888d28">
      <Output>
        <StdOut>Opening C:\src\nodejstools\TestResults\Itani_DESKTOP-RRA95A8 2016-01-24 02_34_51\Out\TestData\NodejsProjectData\RenameItemsTestUI.sln



Debug Trace:
devenv.exe Warning: 0 : Waiting for project.Properties to become non-null
devenv.exe Warning: 0 : Waiting for project.Properties to become non-null
devenv.exe Warning: 0 : Waiting for project.Properties to become non-null
devenv.exe Warning: 0 : Waiting for project.Properties to become non-null
devenv.exe Warning: 0 : Waiting for project.Properties to become non-null
devenv.exe Warning: 0 : Waiting for project.Properties to become non-null
devenv.exe Warning: 0 : Waiting for project.Properties to become non-null
devenv.exe Warning: 0 : Waiting for project.Properties to become non-null
devenv.exe Warning: 0 : Waiting for project.Properties to become non-null
devenv.exe Warning: 0 : Waiting for project.Properties to become non-null</StdOut>
        <ErrorInfo>
          <Message>Assert.IsNotNull failed. No project properties: (unable to get Solution output)</Message>
          <StackTrace>   at TestUtilities.UI.VisualStudioApp.OpenProject(String projName, String startItem, Nullable`1 expectedProjects, String projectName, Boolean setStartupItem) in C:\src\nodejstools\Common\Tests\Utilities.UI\UI\VisualStudioApp.cs:line 818
   at Microsoft.Nodejs.Tests.UI.UITests.RenameItemsTest() in C:\src\nodejstools\Nodejs\Tests\Core.UI\UITests.cs:line 552
</StackTrace>
        </ErrorInfo>
      </Output>
    </UnitTestResult>
    <UnitTestResult executionId="ca948e4a-b45d-4cde-be6e-99fbadcc5929" testId="75898650-debe-d7b0-64a7-639d56777f76" testName="CrossProjectCopy" computerName="DESKTOP-RRA95A8" duration="00:00:02.7107010" startTime="2016-01-24T03:02:28.9102552-08:00" endTime="2016-01-24T03:02:32.0410721-08:00" testType="13cdc9d9-ddb5-4fa4-a97d-d965ccfc6d4b" outcome="Failed" testListId="8c84fa94-04c1-424b-9868-57a2d4851a1d" relativeResultsDirectory="ca948e4a-b45d-4cde-be6e-99fbadcc5929">
      <Output>
        <StdOut>Opening C:\src\nodejstools\TestResults\Itani_DESKTOP-RRA95A8 2016-01-24 02_34_51\Out\TestData\NodejsProjectData\HelloWorld2.sln



Debug Trace:
devenv.exe Warning: 0 : Waiting for project.Properties to become non-null
devenv.exe Warning: 0 : Waiting for project.Properties to become non-null
devenv.exe Warning: 0 : Waiting for project.Properties to become non-null
devenv.exe Warning: 0 : Waiting for project.Properties to become non-null
devenv.exe Warning: 0 : Waiting for project.Properties to become non-null
devenv.exe Warning: 0 : Waiting for project.Properties to become non-null
devenv.exe Warning: 0 : Waiting for project.Properties to become non-null
devenv.exe Warning: 0 : Waiting for project.Properties to become non-null
devenv.exe Warning: 0 : Waiting for project.Properties to become non-null
devenv.exe Warning: 0 : Waiting for project.Properties to become non-null</StdOut>
        <ErrorInfo>
          <Message>Assert.IsNotNull failed. No project properties: (unable to get Solution output)</Message>
          <StackTrace>   at TestUtilities.UI.VisualStudioApp.OpenProject(String projName, String startItem, Nullable`1 expectedProjects, String projectName, Boolean setStartupItem) in C:\src\nodejstools\Common\Tests\Utilities.UI\UI\VisualStudioApp.cs:line 818
   at Microsoft.Nodejs.Tests.UI.UITests.CrossProjectCopy() in C:\src\nodejstools\Nodejs\Tests\Core.UI\UITests.cs:line 625
</StackTrace>
        </ErrorInfo>
      </Output>
    </UnitTestResult>
    <UnitTestResult executionId="ef7bb66f-0cd1-4ea2-8363-9874b00a9f04" testId="58add4db-9b34-84af-798c-bd885accbb28" testName="CrossProjectCutPaste" computerName="DESKTOP-RRA95A8" duration="00:00:02.7214315" startTime="2016-01-24T03:02:32.0548107-08:00" endTime="2016-01-24T03:02:35.1694439-08:00" testType="13cdc9d9-ddb5-4fa4-a97d-d965ccfc6d4b" outcome="Failed" testListId="8c84fa94-04c1-424b-9868-57a2d4851a1d" relativeResultsDirectory="ef7bb66f-0cd1-4ea2-8363-9874b00a9f04">
      <Output>
        <StdOut>Opening C:\src\nodejstools\TestResults\Itani_DESKTOP-RRA95A8 2016-01-24 02_34_51\Out\TestData\NodejsProjectData\HelloWorld2.sln



Debug Trace:
devenv.exe Warning: 0 : Waiting for project.Properties to become non-null
devenv.exe Warning: 0 : Waiting for project.Properties to become non-null
devenv.exe Warning: 0 : Waiting for project.Properties to become non-null
devenv.exe Warning: 0 : Waiting for project.Properties to become non-null
devenv.exe Warning: 0 : Waiting for project.Properties to become non-null
devenv.exe Warning: 0 : Waiting for project.Properties to become non-null
devenv.exe Warning: 0 : Waiting for project.Properties to become non-null
devenv.exe Warning: 0 : Waiting for project.Properties to become non-null
devenv.exe Warning: 0 : Waiting for project.Properties to become non-null
devenv.exe Warning: 0 : Waiting for project.Properties to become non-null</StdOut>
        <ErrorInfo>
          <Message>Assert.IsNotNull failed. No project properties: (unable to get Solution output)</Message>
          <StackTrace>   at TestUtilities.UI.VisualStudioApp.OpenProject(String projName, String startItem, Nullable`1 expectedProjects, String projectName, Boolean setStartupItem) in C:\src\nodejstools\Common\Tests\Utilities.UI\UI\VisualStudioApp.cs:line 818
   at Microsoft.Nodejs.Tests.UI.UITests.CrossProjectCutPaste() in C:\src\nodejstools\Nodejs\Tests\Core.UI\UITests.cs:line 649
</StackTrace>
        </ErrorInfo>
      </Output>
    </UnitTestResult>
    <UnitTestResult executionId="2ca861ed-4e48-42ea-beb7-d6f8415a7f67" testId="586aaf1a-4412-5329-2b7b-265cf76a36de" testName="CutPaste" computerName="DESKTOP-RRA95A8" duration="00:00:02.7158870" startTime="2016-01-24T03:02:35.1802382-08:00" endTime="2016-01-24T03:02:38.2950278-08:00" testType="13cdc9d9-ddb5-4fa4-a97d-d965ccfc6d4b" outcome="Failed" testListId="8c84fa94-04c1-424b-9868-57a2d4851a1d" relativeResultsDirectory="2ca861ed-4e48-42ea-beb7-d6f8415a7f67">
      <Output>
        <StdOut>Opening C:\src\nodejstools\TestResults\Itani_DESKTOP-RRA95A8 2016-01-24 02_34_51\Out\TestData\NodejsProjectData\HelloWorld2.sln



Debug Trace:
devenv.exe Warning: 0 : Waiting for project.Properties to become non-null
devenv.exe Warning: 0 : Waiting for project.Properties to become non-null
devenv.exe Warning: 0 : Waiting for project.Properties to become non-null
devenv.exe Warning: 0 : Waiting for project.Properties to become non-null
devenv.exe Warning: 0 : Waiting for project.Properties to become non-null
devenv.exe Warning: 0 : Waiting for project.Properties to become non-null
devenv.exe Warning: 0 : Waiting for project.Properties to become non-null
devenv.exe Warning: 0 : Waiting for project.Properties to become non-null
devenv.exe Warning: 0 : Waiting for project.Properties to become non-null
devenv.exe Warning: 0 : Waiting for project.Properties to become non-null</StdOut>
        <ErrorInfo>
          <Message>Assert.IsNotNull failed. No project properties: (unable to get Solution output)</Message>
          <StackTrace>   at TestUtilities.UI.VisualStudioApp.OpenProject(String projName, String startItem, Nullable`1 expectedProjects, String projectName, Boolean setStartupItem) in C:\src\nodejstools\Common\Tests\Utilities.UI\UI\VisualStudioApp.cs:line 818
   at Microsoft.Nodejs.Tests.UI.UITests.CutPaste() in C:\src\nodejstools\Nodejs\Tests\Core.UI\UITests.cs:line 675
</StackTrace>
        </ErrorInfo>
      </Output>
    </UnitTestResult>
    <UnitTestResult executionId="5450395f-a79c-4d54-9911-86896f1853aa" testId="8f402b77-c09d-833c-1f62-77388443dfd2" testName="CopyFolderOnToSelf" computerName="DESKTOP-RRA95A8" duration="00:00:02.7971304" startTime="2016-01-24T03:02:38.3048407-08:00" endTime="2016-01-24T03:02:41.5105109-08:00" testType="13cdc9d9-ddb5-4fa4-a97d-d965ccfc6d4b" outcome="Failed" testListId="8c84fa94-04c1-424b-9868-57a2d4851a1d" relativeResultsDirectory="5450395f-a79c-4d54-9911-86896f1853aa">
      <Output>
        <StdOut>Opening C:\src\nodejstools\TestResults\Itani_DESKTOP-RRA95A8 2016-01-24 02_34_51\Out\TestData\NodejsProjectData\HelloWorld2.sln



Debug Trace:
devenv.exe Warning: 0 : Waiting for project.Properties to become non-null
devenv.exe Warning: 0 : Waiting for project.Properties to become non-null
devenv.exe Warning: 0 : Waiting for project.Properties to become non-null
devenv.exe Warning: 0 : Waiting for project.Properties to become non-null
devenv.exe Warning: 0 : Waiting for project.Properties to become non-null
devenv.exe Warning: 0 : Waiting for project.Properties to become non-null
devenv.exe Warning: 0 : Waiting for project.Properties to become non-null
devenv.exe Warning: 0 : Waiting for project.Properties to become non-null
devenv.exe Warning: 0 : Waiting for project.Properties to become non-null
devenv.exe Warning: 0 : Waiting for project.Properties to become non-null</StdOut>
        <ErrorInfo>
          <Message>Assert.IsNotNull failed. No project properties: (unable to get Solution output)</Message>
          <StackTrace>   at TestUtilities.UI.VisualStudioApp.OpenProject(String projName, String startItem, Nullable`1 expectedProjects, String projectName, Boolean setStartupItem) in C:\src\nodejstools\Common\Tests\Utilities.UI\UI\VisualStudioApp.cs:line 818
   at Microsoft.Nodejs.Tests.UI.UITests.CopyFolderOnToSelf() in C:\src\nodejstools\Nodejs\Tests\Core.UI\UITests.cs:line 699
</StackTrace>
        </ErrorInfo>
      </Output>
    </UnitTestResult>
    <UnitTestResult executionId="c4a70bba-4bce-49e9-ad82-ba55f3e8abe2" testId="bce6a182-0644-03a8-3213-c7da6a6e4846" testName="DragDropTest" computerName="DESKTOP-RRA95A8" duration="00:00:02.7695382" startTime="2016-01-24T03:02:41.5242500-08:00" endTime="2016-01-24T03:02:44.7261484-08:00" testType="13cdc9d9-ddb5-4fa4-a97d-d965ccfc6d4b" outcome="Failed" testListId="8c84fa94-04c1-424b-9868-57a2d4851a1d" relativeResultsDirectory="c4a70bba-4bce-49e9-ad82-ba55f3e8abe2">
      <Output>
        <StdOut>Opening C:\src\nodejstools\TestResults\Itani_DESKTOP-RRA95A8 2016-01-24 02_34_51\Out\TestData\NodejsProjectData\DragDropTest.sln



Debug Trace:
devenv.exe Warning: 0 : Waiting for project.Properties to become non-null
devenv.exe Warning: 0 : Waiting for project.Properties to become non-null
devenv.exe Warning: 0 : Waiting for project.Properties to become non-null
devenv.exe Warning: 0 : Waiting for project.Properties to become non-null
devenv.exe Warning: 0 : Waiting for project.Properties to become non-null
devenv.exe Warning: 0 : Waiting for project.Properties to become non-null
devenv.exe Warning: 0 : Waiting for project.Properties to become non-null
devenv.exe Warning: 0 : Waiting for project.Properties to become non-null
devenv.exe Warning: 0 : Waiting for project.Properties to become non-null
devenv.exe Warning: 0 : Waiting for project.Properties to become non-null</StdOut>
        <ErrorInfo>
          <Message>Assert.IsNotNull failed. No project properties: (unable to get Solution output)</Message>
          <StackTrace>   at TestUtilities.UI.VisualStudioApp.OpenProject(String projName, String startItem, Nullable`1 expectedProjects, String projectName, Boolean setStartupItem) in C:\src\nodejstools\Common\Tests\Utilities.UI\UI\VisualStudioApp.cs:line 818
   at Microsoft.Nodejs.Tests.UI.UITests.DragDropTest() in C:\src\nodejstools\Nodejs\Tests\Core.UI\UITests.cs:line 719
</StackTrace>
        </ErrorInfo>
      </Output>
    </UnitTestResult>
    <UnitTestResult executionId="a59ea356-2441-4092-8680-5e472a8bfad8" testId="358d4f26-1067-e342-149f-bfd08b9f55f9" testName="DragDropFileToFileTest" computerName="DESKTOP-RRA95A8" duration="00:00:02.7288751" startTime="2016-01-24T03:02:44.7374882-08:00" endTime="2016-01-24T03:02:47.8748856-08:00" testType="13cdc9d9-ddb5-4fa4-a97d-d965ccfc6d4b" outcome="Failed" testListId="8c84fa94-04c1-424b-9868-57a2d4851a1d" relativeResultsDirectory="a59ea356-2441-4092-8680-5e472a8bfad8">
      <Output>
        <StdOut>Opening C:\src\nodejstools\TestResults\Itani_DESKTOP-RRA95A8 2016-01-24 02_34_51\Out\TestData\NodejsProjectData\DragDropTest.sln



Debug Trace:
devenv.exe Warning: 0 : Waiting for project.Properties to become non-null
devenv.exe Warning: 0 : Waiting for project.Properties to become non-null
devenv.exe Warning: 0 : Waiting for project.Properties to become non-null
devenv.exe Warning: 0 : Waiting for project.Properties to become non-null
devenv.exe Warning: 0 : Waiting for project.Properties to become non-null
devenv.exe Warning: 0 : Waiting for project.Properties to become non-null
devenv.exe Warning: 0 : Waiting for project.Properties to become non-null
devenv.exe Warning: 0 : Waiting for project.Properties to become non-null
devenv.exe Warning: 0 : Waiting for project.Properties to become non-null
devenv.exe Warning: 0 : Waiting for project.Properties to become non-null</StdOut>
        <ErrorInfo>
          <Message>Assert.IsNotNull failed. No project properties: (unable to get Solution output)</Message>
          <StackTrace>   at TestUtilities.UI.VisualStudioApp.OpenProject(String projName, String startItem, Nullable`1 expectedProjects, String projectName, Boolean setStartupItem) in C:\src\nodejstools\Common\Tests\Utilities.UI\UI\VisualStudioApp.cs:line 818
   at Microsoft.Nodejs.Tests.UI.UITests.DragDropFileToFileTest() in C:\src\nodejstools\Nodejs\Tests\Core.UI\UITests.cs:line 746
</StackTrace>
        </ErrorInfo>
      </Output>
    </UnitTestResult>
    <UnitTestResult executionId="7708231b-97da-454d-978f-d81c6763f02f" testId="3ca7826f-46f7-28ed-58f7-77fdf7081bde" testName="DragDropFileToContainingFolderTest" computerName="DESKTOP-RRA95A8" duration="00:00:02.6873711" startTime="2016-01-24T03:02:47.8966912-08:00" endTime="2016-01-24T03:02:50.9710711-08:00" testType="13cdc9d9-ddb5-4fa4-a97d-d965ccfc6d4b" outcome="Failed" testListId="8c84fa94-04c1-424b-9868-57a2d4851a1d" relativeResultsDirectory="7708231b-97da-454d-978f-d81c6763f02f">
      <Output>
        <StdOut>Opening C:\src\nodejstools\TestResults\Itani_DESKTOP-RRA95A8 2016-01-24 02_34_51\Out\TestData\NodejsProjectData\DragDropTest.sln



Debug Trace:
devenv.exe Warning: 0 : Waiting for project.Properties to become non-null
devenv.exe Warning: 0 : Waiting for project.Properties to become non-null
devenv.exe Warning: 0 : Waiting for project.Properties to become non-null
devenv.exe Warning: 0 : Waiting for project.Properties to become non-null
devenv.exe Warning: 0 : Waiting for project.Properties to become non-null
devenv.exe Warning: 0 : Waiting for project.Properties to become non-null
devenv.exe Warning: 0 : Waiting for project.Properties to become non-null
devenv.exe Warning: 0 : Waiting for project.Properties to become non-null
devenv.exe Warning: 0 : Waiting for project.Properties to become non-null
devenv.exe Warning: 0 : Waiting for project.Properties to become non-null</StdOut>
        <ErrorInfo>
          <Message>Assert.IsNotNull failed. No project properties: (unable to get Solution output)</Message>
          <StackTrace>   at TestUtilities.UI.VisualStudioApp.OpenProject(String projName, String startItem, Nullable`1 expectedProjects, String projectName, Boolean setStartupItem) in C:\src\nodejstools\Common\Tests\Utilities.UI\UI\VisualStudioApp.cs:line 818
   at Microsoft.Nodejs.Tests.UI.UITests.DragDropFileToContainingFolderTest() in C:\src\nodejstools\Nodejs\Tests\Core.UI\UITests.cs:line 774
</StackTrace>
        </ErrorInfo>
      </Output>
    </UnitTestResult>
    <UnitTestResult executionId="6b12b695-6dc8-480a-b0e9-134398584525" testId="fb5143d2-e679-3c3e-15d8-a0ca4dc4a381" testName="DragLeaveTest" computerName="DESKTOP-RRA95A8" duration="00:00:02.7552154" startTime="2016-01-24T03:02:50.9800946-08:00" endTime="2016-01-24T03:02:54.1218794-08:00" testType="13cdc9d9-ddb5-4fa4-a97d-d965ccfc6d4b" outcome="Failed" testListId="8c84fa94-04c1-424b-9868-57a2d4851a1d" relativeResultsDirectory="6b12b695-6dc8-480a-b0e9-134398584525">
      <Output>
        <StdOut>Opening C:\src\nodejstools\TestResults\Itani_DESKTOP-RRA95A8 2016-01-24 02_34_51\Out\TestData\NodejsProjectData\DragDropTest.sln



Debug Trace:
devenv.exe Warning: 0 : Waiting for project.Properties to become non-null
devenv.exe Warning: 0 : Waiting for project.Properties to become non-null
devenv.exe Warning: 0 : Waiting for project.Properties to become non-null
devenv.exe Warning: 0 : Waiting for project.Properties to become non-null
devenv.exe Warning: 0 : Waiting for project.Properties to become non-null
devenv.exe Warning: 0 : Waiting for project.Properties to become non-null
devenv.exe Warning: 0 : Waiting for project.Properties to become non-null
devenv.exe Warning: 0 : Waiting for project.Properties to become non-null
devenv.exe Warning: 0 : Waiting for project.Properties to become non-null
devenv.exe Warning: 0 : Waiting for project.Properties to become non-null</StdOut>
        <ErrorInfo>
          <Message>Assert.IsNotNull failed. No project properties: (unable to get Solution output)</Message>
          <StackTrace>   at TestUtilities.UI.VisualStudioApp.OpenProject(String projName, String startItem, Nullable`1 expectedProjects, String projectName, Boolean setStartupItem) in C:\src\nodejstools\Common\Tests\Utilities.UI\UI\VisualStudioApp.cs:line 818
   at Microsoft.Nodejs.Tests.UI.UITests.DragLeaveTest() in C:\src\nodejstools\Nodejs\Tests\Core.UI\UITests.cs:line 798
</StackTrace>
        </ErrorInfo>
      </Output>
    </UnitTestResult>
    <UnitTestResult executionId="199d320d-6413-4c54-b659-5f3384c7001f" testId="74da0f5f-dcff-bea2-f773-b3a5e468f72d" testName="DragLeaveFolderTest" computerName="DESKTOP-RRA95A8" duration="00:00:02.7307744" startTime="2016-01-24T03:02:54.1326737-08:00" endTime="2016-01-24T03:02:57.2275223-08:00" testType="13cdc9d9-ddb5-4fa4-a97d-d965ccfc6d4b" outcome="Failed" testListId="8c84fa94-04c1-424b-9868-57a2d4851a1d" relativeResultsDirectory="199d320d-6413-4c54-b659-5f3384c7001f">
      <Output>
        <StdOut>Opening C:\src\nodejstools\TestResults\Itani_DESKTOP-RRA95A8 2016-01-24 02_34_51\Out\TestData\NodejsProjectData\DragDropTest.sln



Debug Trace:
devenv.exe Warning: 0 : Waiting for project.Properties to become non-null
devenv.exe Warning: 0 : Waiting for project.Properties to become non-null
devenv.exe Warning: 0 : Waiting for project.Properties to become non-null
devenv.exe Warning: 0 : Waiting for project.Properties to become non-null
devenv.exe Warning: 0 : Waiting for project.Properties to become non-null
devenv.exe Warning: 0 : Waiting for project.Properties to become non-null
devenv.exe Warning: 0 : Waiting for project.Properties to become non-null
devenv.exe Warning: 0 : Waiting for project.Properties to become non-null
devenv.exe Warning: 0 : Waiting for project.Properties to become non-null
devenv.exe Warning: 0 : Waiting for project.Properties to become non-null</StdOut>
        <ErrorInfo>
          <Message>Assert.IsNotNull failed. No project properties: (unable to get Solution output)</Message>
          <StackTrace>   at TestUtilities.UI.VisualStudioApp.OpenProject(String projName, String startItem, Nullable`1 expectedProjects, String projectName, Boolean setStartupItem) in C:\src\nodejstools\Common\Tests\Utilities.UI\UI\VisualStudioApp.cs:line 818
   at Microsoft.Nodejs.Tests.UI.UITests.DragLeaveFolderTest() in C:\src\nodejstools\Nodejs\Tests\Core.UI\UITests.cs:line 828
</StackTrace>
        </ErrorInfo>
      </Output>
    </UnitTestResult>
    <UnitTestResult executionId="7bae55a7-b88c-4be5-8bc3-34bcedb75f7d" testId="074c02d6-6717-31a7-cc84-d6cb67166149" testName="MultiSelectCopyAndPaste" computerName="DESKTOP-RRA95A8" duration="00:00:02.6959672" startTime="2016-01-24T03:02:57.2412609-08:00" endTime="2016-01-24T03:03:00.3475004-08:00" testType="13cdc9d9-ddb5-4fa4-a97d-d965ccfc6d4b" outcome="Failed" testListId="8c84fa94-04c1-424b-9868-57a2d4851a1d" relativeResultsDirectory="7bae55a7-b88c-4be5-8bc3-34bcedb75f7d">
      <Output>
        <StdOut>Opening C:\src\nodejstools\TestResults\Itani_DESKTOP-RRA95A8 2016-01-24 02_34_51\Out\TestData\NodejsProjectData\MultiSelectCopyAndPaste.sln



Debug Trace:
devenv.exe Warning: 0 : Waiting for project.Properties to become non-null
devenv.exe Warning: 0 : Waiting for project.Properties to become non-null
devenv.exe Warning: 0 : Waiting for project.Properties to become non-null
devenv.exe Warning: 0 : Waiting for project.Properties to become non-null
devenv.exe Warning: 0 : Waiting for project.Properties to become non-null
devenv.exe Warning: 0 : Waiting for project.Properties to become non-null
devenv.exe Warning: 0 : Waiting for project.Properties to become non-null
devenv.exe Warning: 0 : Waiting for project.Properties to become non-null
devenv.exe Warning: 0 : Waiting for project.Properties to become non-null
devenv.exe Warning: 0 : Waiting for project.Properties to become non-null</StdOut>
        <ErrorInfo>
          <Message>Assert.IsNotNull failed. No project properties: (unable to get Solution output)</Message>
          <StackTrace>   at TestUtilities.UI.VisualStudioApp.OpenProject(String projName, String startItem, Nullable`1 expectedProjects, String projectName, Boolean setStartupItem) in C:\src\nodejstools\Common\Tests\Utilities.UI\UI\VisualStudioApp.cs:line 818
   at Microsoft.Nodejs.Tests.UI.UITests.MultiSelectCopyAndPaste() in C:\src\nodejstools\Nodejs\Tests\Core.UI\UITests.cs:line 858
</StackTrace>
        </ErrorInfo>
      </Output>
    </UnitTestResult>
    <UnitTestResult executionId="f36478b2-6e08-45d8-8332-220b13f4197b" testId="19b02cff-aaab-4984-631f-f8eabd4c52ee" testName="TransferItem" computerName="DESKTOP-RRA95A8" duration="00:00:02.7410486" startTime="2016-01-24T03:03:00.3533880-08:00" endTime="2016-01-24T03:03:03.5354417-08:00" testType="13cdc9d9-ddb5-4fa4-a97d-d965ccfc6d4b" outcome="Failed" testListId="8c84fa94-04c1-424b-9868-57a2d4851a1d" relativeResultsDirectory="f36478b2-6e08-45d8-8332-220b13f4197b">
      <Output>
        <StdOut>Opening C:\src\nodejstools\TestResults\Itani_DESKTOP-RRA95A8 2016-01-24 02_34_51\Out\TestData\NodejsProjectData\HelloWorld.sln



Debug Trace:
devenv.exe Warning: 0 : Waiting for project.Properties to become non-null
devenv.exe Warning: 0 : Waiting for project.Properties to become non-null
devenv.exe Warning: 0 : Waiting for project.Properties to become non-null
devenv.exe Warning: 0 : Waiting for project.Properties to become non-null
devenv.exe Warning: 0 : Waiting for project.Properties to become non-null
devenv.exe Warning: 0 : Waiting for project.Properties to become non-null
devenv.exe Warning: 0 : Waiting for project.Properties to become non-null
devenv.exe Warning: 0 : Waiting for project.Properties to become non-null
devenv.exe Warning: 0 : Waiting for project.Properties to become non-null
devenv.exe Warning: 0 : Waiting for project.Properties to become non-null</StdOut>
        <ErrorInfo>
          <Message>Assert.IsNotNull failed. No project properties: (unable to get Solution output)</Message>
          <StackTrace>   at TestUtilities.UI.VisualStudioApp.OpenProject(String projName, String startItem, Nullable`1 expectedProjects, String projectName, Boolean setStartupItem) in C:\src\nodejstools\Common\Tests\Utilities.UI\UI\VisualStudioApp.cs:line 818
   at Microsoft.Nodejs.Tests.UI.UITests.TransferItem() in C:\src\nodejstools\Nodejs\Tests\Core.UI\UITests.cs:line 889
</StackTrace>
        </ErrorInfo>
      </Output>
    </UnitTestResult>
    <UnitTestResult executionId="c99de2a2-8072-4c96-94f9-d848bcd6dea8" testId="58ea10f4-8150-e83a-5a96-79646046a902" testName="SaveAs" computerName="DESKTOP-RRA95A8" duration="00:00:02.7178518" startTime="2016-01-24T03:03:03.5462357-08:00" endTime="2016-01-24T03:03:06.6327417-08:00" testType="13cdc9d9-ddb5-4fa4-a97d-d965ccfc6d4b" outcome="Failed" testListId="8c84fa94-04c1-424b-9868-57a2d4851a1d" relativeResultsDirectory="c99de2a2-8072-4c96-94f9-d848bcd6dea8">
      <Output>
        <StdOut>Opening C:\src\nodejstools\TestResults\Itani_DESKTOP-RRA95A8 2016-01-24 02_34_51\Out\TestData\NodejsProjectData\SaveAsUI.sln



Debug Trace:
devenv.exe Warning: 0 : Waiting for project.Properties to become non-null
devenv.exe Warning: 0 : Waiting for project.Properties to become non-null
devenv.exe Warning: 0 : Waiting for project.Properties to become non-null
devenv.exe Warning: 0 : Waiting for project.Properties to become non-null
devenv.exe Warning: 0 : Waiting for project.Properties to become non-null
devenv.exe Warning: 0 : Waiting for project.Properties to become non-null
devenv.exe Warning: 0 : Waiting for project.Properties to become non-null
devenv.exe Warning: 0 : Waiting for project.Properties to become non-null
devenv.exe Warning: 0 : Waiting for project.Properties to become non-null
devenv.exe Warning: 0 : Waiting for project.Properties to become non-null</StdOut>
        <ErrorInfo>
          <Message>Assert.IsNotNull failed. No project properties: (unable to get Solution output)</Message>
          <StackTrace>   at TestUtilities.UI.VisualStudioApp.OpenProject(String projName, String startItem, Nullable`1 expectedProjects, String projectName, Boolean setStartupItem) in C:\src\nodejstools\Common\Tests\Utilities.UI\UI\VisualStudioApp.cs:line 818
   at Microsoft.Nodejs.Tests.UI.UITests.SaveAs() in C:\src\nodejstools\Nodejs\Tests\Core.UI\UITests.cs:line 923
</StackTrace>
        </ErrorInfo>
      </Output>
    </UnitTestResult>
    <UnitTestResult executionId="cf1513fe-dddb-4628-a979-dab53b372fee" testId="7f03a096-2df1-9689-af0b-e5d827ce2d58" testName="JavaScriptWebAppPublish" computerName="DESKTOP-RRA95A8" startTime="2016-01-24T03:03:06.6474609-08:00" endTime="2016-01-24T03:03:07.5207185-08:00" testType="13cdc9d9-ddb5-4fa4-a97d-d965ccfc6d4b" outcome="NotExecuted" testListId="8c84fa94-04c1-424b-9868-57a2d4851a1d" relativeResultsDirectory="cf1513fe-dddb-4628-a979-dab53b372fee">
      <Output>
        <ErrorInfo>
          <Message>Assert.Inconclusive failed. Azure Tools v2.2 required</Message>
          <StackTrace>   at AzurePublishingUITests.AzureWebRoleTests.DoDeployment(TestContext context) in C:\src\nodejstools\Nodejs\Tests\AzurePublishing.UI\AzureWebRoleTests.cs:line 41
</StackTrace>
        </ErrorInfo>
      </Output>
    </UnitTestResult>
    <UnitTestResult executionId="6c0f6803-952e-4a6f-aaee-377bc121284b" testId="6cb6ba6a-3ef0-e27a-9b31-875e78775b63" testName="TypeScriptWebAppPublish" computerName="DESKTOP-RRA95A8" startTime="2016-01-24T03:03:07.5256244-08:00" endTime="2016-01-24T03:03:07.8786275-08:00" testType="13cdc9d9-ddb5-4fa4-a97d-d965ccfc6d4b" outcome="NotExecuted" testListId="8c84fa94-04c1-424b-9868-57a2d4851a1d" relativeResultsDirectory="6c0f6803-952e-4a6f-aaee-377bc121284b">
      <Output>
        <ErrorInfo>
          <Message>Assert.Inconclusive failed. Azure Tools v2.2 required</Message>
          <StackTrace>   at AzurePublishingUITests.AzureWebRoleTests.DoDeployment(TestContext context) in C:\src\nodejstools\Nodejs\Tests\AzurePublishing.UI\AzureWebRoleTests.cs:line 41
</StackTrace>
        </ErrorInfo>
      </Output>
    </UnitTestResult>
    <UnitTestResult executionId="461d315c-f950-4ccc-881f-0bffbfbcf8c3" testId="84e4092e-9ab0-b274-75d4-1495f8c88fc4" testName="JavaScriptWebAppPublish" computerName="DESKTOP-RRA95A8" startTime="2016-01-24T03:03:07.8816346-08:00" endTime="2016-01-24T03:03:08.6042958-08:00" testType="13cdc9d9-ddb5-4fa4-a97d-d965ccfc6d4b" outcome="NotExecuted" testListId="8c84fa94-04c1-424b-9868-57a2d4851a1d" relativeResultsDirectory="461d315c-f950-4ccc-881f-0bffbfbcf8c3">
      <Output>
        <ErrorInfo>
          <Message>Assert.Inconclusive failed. Azure Tools v2.2 required</Message>
          <StackTrace>   at AzurePublishingUITests.AzureWebSiteTests.DoDeployment(TestContext context) in C:\src\nodejstools\Nodejs\Tests\AzurePublishing.UI\AzureWebSiteTests.cs:line 41
</StackTrace>
        </ErrorInfo>
      </Output>
    </UnitTestResult>
    <UnitTestResult executionId="edcf49f0-5b59-45cf-a6b1-f5fe266f73c2" testId="e5dd00e1-dc9e-4838-3d78-875550433b79" testName="TypeScriptWebAppPublish" computerName="DESKTOP-RRA95A8" startTime="2016-01-24T03:03:08.6072427-08:00" endTime="2016-01-24T03:03:08.9492579-08:00" testType="13cdc9d9-ddb5-4fa4-a97d-d965ccfc6d4b" outcome="NotExecuted" testListId="8c84fa94-04c1-424b-9868-57a2d4851a1d" relativeResultsDirectory="edcf49f0-5b59-45cf-a6b1-f5fe266f73c2">
      <Output>
        <ErrorInfo>
          <Message>Assert.Inconclusive failed. Azure Tools v2.2 required</Message>
          <StackTrace>   at AzurePublishingUITests.AzureWebSiteTests.DoDeployment(TestContext context) in C:\src\nodejstools\Nodejs\Tests\AzurePublishing.UI\AzureWebSiteTests.cs:line 41
</StackTrace>
        </ErrorInfo>
      </Output>
    </UnitTestResult>
    <UnitTestResult executionId="917effd5-fdaf-49d9-81f9-9e711c383bad" testId="0ab5fb43-74c7-b047-6655-ed873d2949e2" testName="TestEmpty" computerName="DESKTOP-RRA95A8" duration="00:00:00.3147282" startTime="2016-01-24T03:03:08.9531836-08:00" endTime="2016-01-24T03:03:09.4579377-08:00" testType="13cdc9d9-ddb5-4fa4-a97d-d965ccfc6d4b" outcome="Passed" testListId="8c84fa94-04c1-424b-9868-57a2d4851a1d" relativeResultsDirectory="917effd5-fdaf-49d9-81f9-9e711c383bad" />
    <UnitTestResult executionId="cbbbcaf0-9d6b-458d-bd46-9535f670355a" testId="19ff2163-f766-f994-4671-df52e72c205c" testName="TestWrapperSelfSet" computerName="DESKTOP-RRA95A8" duration="00:00:00.1029953" startTime="2016-01-24T03:03:09.4608853-08:00" endTime="2016-01-24T03:03:09.5657631-08:00" testType="13cdc9d9-ddb5-4fa4-a97d-d965ccfc6d4b" outcome="Passed" testListId="8c84fa94-04c1-424b-9868-57a2d4851a1d" relativeResultsDirectory="cbbbcaf0-9d6b-458d-bd46-9535f670355a" />
    <UnitTestResult executionId="fd7a768e-3c8a-45ac-80bd-7e13aa298dec" testId="294b58f5-9e6b-0d50-29f1-e79f87541d46" testName="TestSetOfOne" computerName="DESKTOP-RRA95A8" duration="00:00:00.0625397" startTime="2016-01-24T03:03:09.5692548-08:00" endTime="2016-01-24T03:03:09.6333197-08:00" testType="13cdc9d9-ddb5-4fa4-a97d-d965ccfc6d4b" outcome="Passed" testListId="8c84fa94-04c1-424b-9868-57a2d4851a1d" relativeResultsDirectory="fd7a768e-3c8a-45ac-80bd-7e13aa298dec" />
    <UnitTestResult executionId="91573397-f90c-48a8-951a-566d7e318e17" testId="d2bfe186-382d-5c6b-1dce-0ce3ad0c4adb" testName="TestSetOfTwo" computerName="DESKTOP-RRA95A8" duration="00:00:00.0961059" startTime="2016-01-24T03:03:09.6372450-08:00" endTime="2016-01-24T03:03:09.7352582-08:00" testType="13cdc9d9-ddb5-4fa4-a97d-d965ccfc6d4b" outcome="Passed" testListId="8c84fa94-04c1-424b-9868-57a2d4851a1d" relativeResultsDirectory="91573397-f90c-48a8-951a-566d7e318e17" />
    <UnitTestResult executionId="577f9e51-794b-45fa-b740-015c27ce1f64" testId="8461010f-2825-6a1e-8d97-835ff1808798" testName="TestHashSet" computerName="DESKTOP-RRA95A8" duration="00:00:00.0329353" startTime="2016-01-24T03:03:09.7381723-08:00" endTime="2016-01-24T03:03:09.7736476-08:00" testType="13cdc9d9-ddb5-4fa4-a97d-d965ccfc6d4b" outcome="Passed" testListId="8c84fa94-04c1-424b-9868-57a2d4851a1d" relativeResultsDirectory="577f9e51-794b-45fa-b740-015c27ce1f64" />
    <UnitTestResult executionId="e846b04f-ceb3-4480-8f7b-aa81b7c362ac" testId="43a65047-0b11-022f-efc6-fb55880c7f58" testName="TestNodejsPathMembers" computerName="DESKTOP-RRA95A8" duration="00:00:00.1367993" startTime="2016-01-24T03:03:09.7781597-08:00" endTime="2016-01-24T03:03:10.1794632-08:00" testType="13cdc9d9-ddb5-4fa4-a97d-d965ccfc6d4b" outcome="Passed" testListId="8c84fa94-04c1-424b-9868-57a2d4851a1d" relativeResultsDirectory="e846b04f-ceb3-4480-8f7b-aa81b7c362ac" />
    <UnitTestResult executionId="4c953988-09b7-410c-bab8-693f26f97eca" testId="08371353-e428-5613-d5dd-abb688436c98" testName="TestNodejsBufferInstanceMembers" computerName="DESKTOP-RRA95A8" duration="00:00:00.0485443" startTime="2016-01-24T03:03:10.1839370-08:00" endTime="2016-01-24T03:03:10.2340131-08:00" testType="13cdc9d9-ddb5-4fa4-a97d-d965ccfc6d4b" outcome="Passed" testListId="8c84fa94-04c1-424b-9868-57a2d4851a1d" relativeResultsDirectory="4c953988-09b7-410c-bab8-693f26f97eca" />
    <UnitTestResult executionId="203bab6b-9fc6-4f9c-9732-fc604e614504" testId="03afe5d5-d408-7f8b-1788-67fce509417e" testName="TestNodejsCreateFunctions" computerName="DESKTOP-RRA95A8" duration="00:00:00.0928936" startTime="2016-01-24T03:03:10.2379096-08:00" endTime="2016-01-24T03:03:10.3319603-08:00" testType="13cdc9d9-ddb5-4fa4-a97d-d965ccfc6d4b" outcome="Passed" testListId="8c84fa94-04c1-424b-9868-57a2d4851a1d" relativeResultsDirectory="203bab6b-9fc6-4f9c-9732-fc604e614504" />
    <UnitTestResult executionId="06888325-1706-4c34-9b34-1a1fb08f36d6" testId="1f41824e-8521-1f08-a8f4-890bb5bcb2f8" testName="TestSetPrototypeSpecialization" computerName="DESKTOP-RRA95A8" duration="00:00:00.0854841" startTime="2016-01-24T03:03:10.3349400-08:00" endTime="2016-01-24T03:03:10.4230998-08:00" testType="13cdc9d9-ddb5-4fa4-a97d-d965ccfc6d4b" outcome="Passed" testListId="8c84fa94-04c1-424b-9868-57a2d4851a1d" relativeResultsDirectory="06888325-1706-4c34-9b34-1a1fb08f36d6" />
    <UnitTestResult executionId="2be2e7ae-5821-4dcf-9033-80214df3355b" testId="143b1b50-b42d-b0d1-dd43-19c831c6c3c9" testName="TestCopySpecialization" computerName="DESKTOP-RRA95A8" duration="00:00:00.0454297" startTime="2016-01-24T03:03:10.4270240-08:00" endTime="2016-01-24T03:03:10.4737991-08:00" testType="13cdc9d9-ddb5-4fa4-a97d-d965ccfc6d4b" outcome="Passed" testListId="8c84fa94-04c1-424b-9868-57a2d4851a1d" relativeResultsDirectory="2be2e7ae-5821-4dcf-9033-80214df3355b" />
    <UnitTestResult executionId="1896b446-593e-4521-80c7-a6c7bd37f51d" testId="0a102ec3-cf21-90d2-84fa-4beb89acacfc" testName="TestCreateSpecialization" computerName="DESKTOP-RRA95A8" duration="00:00:00.0343747" startTime="2016-01-24T03:03:10.4783108-08:00" endTime="2016-01-24T03:03:10.5147495-08:00" testType="13cdc9d9-ddb5-4fa4-a97d-d965ccfc6d4b" outcome="Passed" testListId="8c84fa94-04c1-424b-9868-57a2d4851a1d" relativeResultsDirectory="1896b446-593e-4521-80c7-a6c7bd37f51d" />
    <UnitTestResult executionId="9add2589-70b5-42ee-b871-729352b8750d" testId="b65d8cdf-134f-707a-d165-0e67cb55fe00" testName="TestFunctionParametersMultipleCallers" computerName="DESKTOP-RRA95A8" duration="00:00:00.0591840" startTime="2016-01-24T03:03:10.5176935-08:00" endTime="2016-01-24T03:03:10.5793544-08:00" testType="13cdc9d9-ddb5-4fa4-a97d-d965ccfc6d4b" outcome="Passed" testListId="8c84fa94-04c1-424b-9868-57a2d4851a1d" relativeResultsDirectory="9add2589-70b5-42ee-b871-729352b8750d" />
    <UnitTestResult executionId="13c0430b-c3e5-47d9-b241-0236732ea4ab" testId="8785c0dd-bde2-cd3a-be2a-5243a202bf7d" testName="TestFunctionParameters" computerName="DESKTOP-RRA95A8" duration="00:00:00.0277099" startTime="2016-01-24T03:03:10.5828060-08:00" endTime="2016-01-24T03:03:10.6122810-08:00" testType="13cdc9d9-ddb5-4fa4-a97d-d965ccfc6d4b" outcome="Passed" testListId="8c84fa94-04c1-424b-9868-57a2d4851a1d" relativeResultsDirectory="13c0430b-c3e5-47d9-b241-0236732ea4ab" />
    <UnitTestResult executionId="62456e47-07d3-4775-b347-534b96fd48dc" testId="9ca28274-71d0-eb9f-d346-36a3cb735c81" testName="TestFunctionReturn" computerName="DESKTOP-RRA95A8" duration="00:00:00.0281873" startTime="2016-01-24T03:03:10.6151900-08:00" endTime="2016-01-24T03:03:10.6446296-08:00" testType="13cdc9d9-ddb5-4fa4-a97d-d965ccfc6d4b" outcome="Passed" testListId="8c84fa94-04c1-424b-9868-57a2d4851a1d" relativeResultsDirectory="62456e47-07d3-4775-b347-534b96fd48dc" />
    <UnitTestResult executionId="cd8c68e4-fb06-44cc-a37d-a8a8277440b9" testId="fafcdd62-be46-d6fc-4823-c2ca7fc324a2" testName="TestFunction" computerName="DESKTOP-RRA95A8" duration="00:00:00.2783883" startTime="2016-01-24T03:03:10.6476097-08:00" endTime="2016-01-24T03:03:10.9277689-08:00" testType="13cdc9d9-ddb5-4fa4-a97d-d965ccfc6d4b" outcome="Passed" testListId="8c84fa94-04c1-424b-9868-57a2d4851a1d" relativeResultsDirectory="cd8c68e4-fb06-44cc-a37d-a8a8277440b9" />
    <UnitTestResult executionId="74ae3149-43ad-46be-962f-aa159532ae16" testId="c293bbd7-7101-c721-7e24-8abd710e7184" testName="TestNewFunction" computerName="DESKTOP-RRA95A8" duration="00:00:00.0674143" startTime="2016-01-24T03:03:10.9326759-08:00" endTime="2016-01-24T03:03:11.0020799-08:00" testType="13cdc9d9-ddb5-4fa4-a97d-d965ccfc6d4b" outcome="Passed" testListId="8c84fa94-04c1-424b-9868-57a2d4851a1d" relativeResultsDirectory="74ae3149-43ad-46be-962f-aa159532ae16" />
    <UnitTestResult executionId="5bb3b458-6bc6-4f22-b222-f07ebcfb427d" testId="77ed8a41-75cf-c37d-cca8-7e4c97825e19" testName="TestNewFunctionInstanceVariable" computerName="DESKTOP-RRA95A8" duration="00:00:00.0851009" startTime="2016-01-24T03:03:11.0060034-08:00" endTime="2016-01-24T03:03:11.0922946-08:00" testType="13cdc9d9-ddb5-4fa4-a97d-d965ccfc6d4b" outcome="Passed" testListId="8c84fa94-04c1-424b-9868-57a2d4851a1d" relativeResultsDirectory="5bb3b458-6bc6-4f22-b222-f07ebcfb427d" />
    <UnitTestResult executionId="f8d60763-789a-45b0-bee6-8c87ea5deb33" testId="8c9c4ecc-ce76-bccc-bd38-8cc4a0a296a2" testName="TestSimplePrototype" computerName="DESKTOP-RRA95A8" duration="00:00:00.0325714" startTime="2016-01-24T03:03:11.0961904-08:00" endTime="2016-01-24T03:03:11.1305381-08:00" testType="13cdc9d9-ddb5-4fa4-a97d-d965ccfc6d4b" outcome="Passed" testListId="8c84fa94-04c1-424b-9868-57a2d4851a1d" relativeResultsDirectory="f8d60763-789a-45b0-bee6-8c87ea5deb33" />
    <UnitTestResult executionId="19aeedcb-d229-4bd6-9bf7-4458a6fe2f40" testId="de07010b-93ae-d80b-c94c-ab261f08da7c" testName="TestTypeOf" computerName="DESKTOP-RRA95A8" duration="00:00:00.0345862" startTime="2016-01-24T03:03:11.1344616-08:00" endTime="2016-01-24T03:03:11.1713839-08:00" testType="13cdc9d9-ddb5-4fa4-a97d-d965ccfc6d4b" outcome="Passed" testListId="8c84fa94-04c1-424b-9868-57a2d4851a1d" relativeResultsDirectory="19aeedcb-d229-4bd6-9bf7-4458a6fe2f40" />
    <UnitTestResult executionId="8c3cb22b-5d82-4ffc-998e-ad74ff79b960" testId="302be561-90f3-46d4-57b8-b01bf579c125" testName="TestVariableShadowing" computerName="DESKTOP-RRA95A8" duration="00:00:00.0319335" startTime="2016-01-24T03:03:11.1784031-08:00" endTime="2016-01-24T03:03:11.2118341-08:00" testType="13cdc9d9-ddb5-4fa4-a97d-d965ccfc6d4b" outcome="Passed" testListId="8c84fa94-04c1-424b-9868-57a2d4851a1d" relativeResultsDirectory="8c3cb22b-5d82-4ffc-998e-ad74ff79b960" />
    <UnitTestResult executionId="f93f6a58-8b37-46ae-9c0d-6fc130b291dc" testId="d8681a7d-a38c-29b3-8817-ab967c398236" testName="TestFunctionExpressionNameScoping" computerName="DESKTOP-RRA95A8" duration="00:00:00.0561273" startTime="2016-01-24T03:03:11.2157598-08:00" endTime="2016-01-24T03:03:11.2733320-08:00" testType="13cdc9d9-ddb5-4fa4-a97d-d965ccfc6d4b" outcome="Passed" testListId="8c84fa94-04c1-424b-9868-57a2d4851a1d" relativeResultsDirectory="f93f6a58-8b37-46ae-9c0d-6fc130b291dc" />
    <UnitTestResult executionId="029b0e7a-2852-495b-8ce4-abe4d681d217" testId="777a399a-f58d-a55b-9177-b703814d1a17" testName="TestFunctionExpressionNameScopingNested" computerName="DESKTOP-RRA95A8" duration="00:00:00.0288933" startTime="2016-01-24T03:03:11.2773412-08:00" endTime="2016-01-24T03:03:11.3078518-08:00" testType="13cdc9d9-ddb5-4fa4-a97d-d965ccfc6d4b" outcome="Passed" testListId="8c84fa94-04c1-424b-9868-57a2d4851a1d" relativeResultsDirectory="029b0e7a-2852-495b-8ce4-abe4d681d217" />
    <UnitTestResult executionId="823a788d-2cec-4346-a71f-ac610b52269e" testId="9ebd7953-fd2a-48d9-81e0-fbee314c95aa" testName="TestFunctionClosureCall" computerName="DESKTOP-RRA95A8" duration="00:00:00.0300081" startTime="2016-01-24T03:03:11.3117750-08:00" endTime="2016-01-24T03:03:11.3431801-08:00" testType="13cdc9d9-ddb5-4fa4-a97d-d965ccfc6d4b" outcome="Passed" testListId="8c84fa94-04c1-424b-9868-57a2d4851a1d" relativeResultsDirectory="823a788d-2cec-4346-a71f-ac610b52269e" />
    <UnitTestResult executionId="cb0cc09c-3d4f-4985-b879-27e3a2de804b" testId="e3822ad4-e734-9d4f-3641-6da38c86016a" testName="TestTypes" computerName="DESKTOP-RRA95A8" duration="00:00:00.0372443" startTime="2016-01-24T03:03:11.3480846-08:00" endTime="2016-01-24T03:03:11.3862293-08:00" testType="13cdc9d9-ddb5-4fa4-a97d-d965ccfc6d4b" outcome="Passed" testListId="8c84fa94-04c1-424b-9868-57a2d4851a1d" relativeResultsDirectory="cb0cc09c-3d4f-4985-b879-27e3a2de804b" />
    <UnitTestResult executionId="3dc192a2-d614-4ac4-b4a4-c6396ad172af" testId="fa877a50-2288-43af-cdd1-faa95e169304" testName="TestDateTime" computerName="DESKTOP-RRA95A8" duration="00:00:00.0593569" startTime="2016-01-24T03:03:11.3901550-08:00" endTime="2016-01-24T03:03:11.4509969-08:00" testType="13cdc9d9-ddb5-4fa4-a97d-d965ccfc6d4b" outcome="Passed" testListId="8c84fa94-04c1-424b-9868-57a2d4851a1d" relativeResultsDirectory="3dc192a2-d614-4ac4-b4a4-c6396ad172af" />
    <UnitTestResult executionId="c61d0e52-3446-41e5-8483-e540b8ea4c9a" testId="4f727cc3-681d-aa9e-cd82-3e02c668fd4e" testName="TestDescriptions" computerName="DESKTOP-RRA95A8" duration="00:00:00.0393360" startTime="2016-01-24T03:03:11.4549233-08:00" endTime="2016-01-24T03:03:11.4969944-08:00" testType="13cdc9d9-ddb5-4fa4-a97d-d965ccfc6d4b" outcome="Passed" testListId="8c84fa94-04c1-424b-9868-57a2d4851a1d" relativeResultsDirectory="c61d0e52-3446-41e5-8483-e540b8ea4c9a" />
    <UnitTestResult executionId="e4f2d900-1765-4bd5-8abd-a661e7219ca1" testId="d6fe359e-673d-9c4c-0177-387039ca914f" testName="TestUtilInherits" computerName="DESKTOP-RRA95A8" duration="00:00:00.0304176" startTime="2016-01-24T03:03:11.4999431-08:00" endTime="2016-01-24T03:03:11.5323227-08:00" testType="13cdc9d9-ddb5-4fa4-a97d-d965ccfc6d4b" outcome="Passed" testListId="8c84fa94-04c1-424b-9868-57a2d4851a1d" relativeResultsDirectory="e4f2d900-1765-4bd5-8abd-a661e7219ca1" />
    <UnitTestResult executionId="d0a520fc-e10d-4728-bd86-2d6f626035a8" testId="4cae5d0e-e8ad-196e-709c-c46acaf1b4fd" testName="TestUtilInherits2" computerName="DESKTOP-RRA95A8" duration="00:00:00.0491698" startTime="2016-01-24T03:03:11.5352718-08:00" endTime="2016-01-24T03:03:11.5861421-08:00" testType="13cdc9d9-ddb5-4fa4-a97d-d965ccfc6d4b" outcome="Passed" testListId="8c84fa94-04c1-424b-9868-57a2d4851a1d" relativeResultsDirectory="d0a520fc-e10d-4728-bd86-2d6f626035a8" />
    <UnitTestResult executionId="980381f8-3a8f-445d-8209-1bb92c2b1c2d" testId="93883936-c3a9-b72e-0153-e5304f67ccd9" testName="TestDunderProto" computerName="DESKTOP-RRA95A8" duration="00:00:00.0323048" startTime="2016-01-24T03:03:11.5900375-08:00" endTime="2016-01-24T03:03:11.6243834-08:00" testType="13cdc9d9-ddb5-4fa4-a97d-d965ccfc6d4b" outcome="Passed" testListId="8c84fa94-04c1-424b-9868-57a2d4851a1d" relativeResultsDirectory="980381f8-3a8f-445d-8209-1bb92c2b1c2d" />
    <UnitTestResult executionId="aa116ebc-bb63-46d0-be03-381ba6d76f86" testId="493c17c7-569e-60ed-e645-0b7b2b0b0c7d" testName="TestInvalidGrouping" computerName="DESKTOP-RRA95A8" duration="00:00:00.0313639" startTime="2016-01-24T03:03:11.6283087-08:00" endTime="2016-01-24T03:03:11.6606923-08:00" testType="13cdc9d9-ddb5-4fa4-a97d-d965ccfc6d4b" outcome="Passed" testListId="8c84fa94-04c1-424b-9868-57a2d4851a1d" relativeResultsDirectory="aa116ebc-bb63-46d0-be03-381ba6d76f86" />
    <UnitTestResult executionId="9273c48a-70c6-4bbd-a20d-76814e11f70e" testId="63283a15-f162-7a9d-8e14-3153800448ef" testName="UncalledPrototypeMethod" computerName="DESKTOP-RRA95A8" duration="00:00:00.0299311" startTime="2016-01-24T03:03:11.6646180-08:00" endTime="2016-01-24T03:03:11.6958966-08:00" testType="13cdc9d9-ddb5-4fa4-a97d-d965ccfc6d4b" outcome="Passed" testListId="8c84fa94-04c1-424b-9868-57a2d4851a1d" relativeResultsDirectory="9273c48a-70c6-4bbd-a20d-76814e11f70e" />
    <UnitTestResult executionId="3a48671d-b529-4a9f-a078-11b4ea994147" testId="32f1f717-8bdd-58d4-3206-8d4259a15575" testName="TestEventEmitter" computerName="DESKTOP-RRA95A8" duration="00:00:00.0565110" startTime="2016-01-24T03:03:11.6988410-08:00" endTime="2016-01-24T03:03:11.7567414-08:00" testType="13cdc9d9-ddb5-4fa4-a97d-d965ccfc6d4b" outcome="Passed" testListId="8c84fa94-04c1-424b-9868-57a2d4851a1d" relativeResultsDirectory="3a48671d-b529-4a9f-a078-11b4ea994147" />
    <UnitTestResult executionId="ad042407-b969-4e3c-b75b-8ae48d57dc43" testId="a679ec6a-9aa0-c081-6988-4d6e752f4db5" testName="TestAnalysisWrapperLifetime" computerName="DESKTOP-RRA95A8" duration="00:00:00.0364580" startTime="2016-01-24T03:03:11.7616473-08:00" endTime="2016-01-24T03:03:11.7997650-08:00" testType="13cdc9d9-ddb5-4fa4-a97d-d965ccfc6d4b" outcome="Passed" testListId="8c84fa94-04c1-424b-9868-57a2d4851a1d" relativeResultsDirectory="ad042407-b969-4e3c-b75b-8ae48d57dc43" />
    <UnitTestResult executionId="31c8dc94-27d8-45e4-8576-de7a50ce1793" testId="e1ed6992-8116-84d1-5d0b-2f866960f1c7" testName="TestExportsLocation" computerName="DESKTOP-RRA95A8" duration="00:00:00.0399983" startTime="2016-01-24T03:03:11.8036929-08:00" endTime="2016-01-24T03:03:11.8458884-08:00" testType="13cdc9d9-ddb5-4fa4-a97d-d965ccfc6d4b" outcome="Passed" testListId="8c84fa94-04c1-424b-9868-57a2d4851a1d" relativeResultsDirectory="31c8dc94-27d8-45e4-8576-de7a50ce1793" />
    <UnitTestResult executionId="eaf339fa-03cd-4a04-9b25-465ea5ea3fbc" testId="6d21f8d3-9715-4938-a772-b88ca342a077" testName="TestBadString" computerName="DESKTOP-RRA95A8" duration="00:00:00.0320116" startTime="2016-01-24T03:03:11.8488338-08:00" endTime="2016-01-24T03:03:11.8830904-08:00" testType="13cdc9d9-ddb5-4fa4-a97d-d965ccfc6d4b" outcome="Passed" testListId="8c84fa94-04c1-424b-9868-57a2d4851a1d" relativeResultsDirectory="eaf339fa-03cd-4a04-9b25-465ea5ea3fbc" />
    <UnitTestResult executionId="c8275eba-feca-4bc1-9871-8ba5e71ac88e" testId="525a89b3-4a7e-8cf2-be00-76fbb06ffa92" testName="TestFunctionApply" computerName="DESKTOP-RRA95A8" duration="00:00:00.1193789" startTime="2016-01-24T03:03:11.8869814-08:00" endTime="2016-01-24T03:03:12.0075310-08:00" testType="13cdc9d9-ddb5-4fa4-a97d-d965ccfc6d4b" outcome="Passed" testListId="8c84fa94-04c1-424b-9868-57a2d4851a1d" relativeResultsDirectory="c8275eba-feca-4bc1-9871-8ba5e71ac88e" />
    <UnitTestResult executionId="bea3207d-9caa-4457-8446-da2b6bad4cd4" testId="d0e6f8f3-23b5-c057-8353-0754030fd121" testName="TestToString" computerName="DESKTOP-RRA95A8" duration="00:00:00.0345172" startTime="2016-01-24T03:03:12.0134194-08:00" endTime="2016-01-24T03:03:12.0507089-08:00" testType="13cdc9d9-ddb5-4fa4-a97d-d965ccfc6d4b" outcome="Passed" testListId="8c84fa94-04c1-424b-9868-57a2d4851a1d" relativeResultsDirectory="bea3207d-9caa-4457-8446-da2b6bad4cd4" />
    <UnitTestResult executionId="5192fb02-bd33-4bdb-9b13-37ee5a58a7b0" testId="91cc8a7c-386f-cedc-85cc-30240b58aa05" testName="TestBuiltinDoc" computerName="DESKTOP-RRA95A8" duration="00:00:00.0395782" startTime="2016-01-24T03:03:12.0536529-08:00" endTime="2016-01-24T03:03:12.0957284-08:00" testType="13cdc9d9-ddb5-4fa4-a97d-d965ccfc6d4b" outcome="Passed" testListId="8c84fa94-04c1-424b-9868-57a2d4851a1d" relativeResultsDirectory="5192fb02-bd33-4bdb-9b13-37ee5a58a7b0" />
    <UnitTestResult executionId="82c2812b-7dd3-4c89-94b9-98530c5b2f5b" testId="177b588f-b89f-8700-9b7f-31248f9a13f9" testName="TestAllMembers" computerName="DESKTOP-RRA95A8" duration="00:00:00.0573147" startTime="2016-01-24T03:03:12.0986738-08:00" endTime="2016-01-24T03:03:12.1575877-08:00" testType="13cdc9d9-ddb5-4fa4-a97d-d965ccfc6d4b" outcome="Passed" testListId="8c84fa94-04c1-424b-9868-57a2d4851a1d" relativeResultsDirectory="82c2812b-7dd3-4c89-94b9-98530c5b2f5b" />
    <UnitTestResult executionId="e78c6746-1082-4389-8837-8bc48a935459" testId="9f267978-d615-cacf-3967-c54b5d0f25dd" testName="TestReturnValues" computerName="DESKTOP-RRA95A8" duration="00:00:00.0306433" startTime="2016-01-24T03:03:12.1614776-08:00" endTime="2016-01-24T03:03:12.1937391-08:00" testType="13cdc9d9-ddb5-4fa4-a97d-d965ccfc6d4b" outcome="Passed" testListId="8c84fa94-04c1-424b-9868-57a2d4851a1d" relativeResultsDirectory="e78c6746-1082-4389-8837-8bc48a935459" />
    <UnitTestResult executionId="810e8d85-4538-44d4-963f-4f2ad9b09b3a" testId="a2ed086b-c0a7-e980-185f-10a12dd9e5c3" testName="TestArguments" computerName="DESKTOP-RRA95A8" duration="00:00:00.0302798" startTime="2016-01-24T03:03:12.1966539-08:00" endTime="2016-01-24T03:03:12.2290714-08:00" testType="13cdc9d9-ddb5-4fa4-a97d-d965ccfc6d4b" outcome="Passed" testListId="8c84fa94-04c1-424b-9868-57a2d4851a1d" relativeResultsDirectory="810e8d85-4538-44d4-963f-4f2ad9b09b3a" />
    <UnitTestResult executionId="7b337f9e-0c7d-4890-b2cc-24dee196662a" testId="0213c9f0-dfde-14ab-a094-451719a7d457" testName="TestAssignmentScope" computerName="DESKTOP-RRA95A8" duration="00:00:00.0600118" startTime="2016-01-24T03:03:12.2319793-08:00" endTime="2016-01-24T03:03:12.2936479-08:00" testType="13cdc9d9-ddb5-4fa4-a97d-d965ccfc6d4b" outcome="Passed" testListId="8c84fa94-04c1-424b-9868-57a2d4851a1d" relativeResultsDirectory="7b337f9e-0c7d-4890-b2cc-24dee196662a" />
    <UnitTestResult executionId="329f8a85-8fe4-4964-866a-82925c32fa0f" testId="a09158cc-127c-e70e-3de1-a516662b695b" testName="TestMembersListsInvalidIdentifier" computerName="DESKTOP-RRA95A8" duration="00:00:00.0323923" startTime="2016-01-24T03:03:12.2975725-08:00" endTime="2016-01-24T03:03:12.3319202-08:00" testType="13cdc9d9-ddb5-4fa4-a97d-d965ccfc6d4b" outcome="Passed" testListId="8c84fa94-04c1-424b-9868-57a2d4851a1d" relativeResultsDirectory="329f8a85-8fe4-4964-866a-82925c32fa0f" />
    <UnitTestResult executionId="cb8ca4bf-b266-46b2-a4b1-bd512dc42a7e" testId="7b29bd09-d7ee-3d51-dcd5-91db1f0388b9" testName="TestPrimitiveMembers" computerName="DESKTOP-RRA95A8" duration="00:00:00.0345435" startTime="2016-01-24T03:03:12.3358455-08:00" endTime="2016-01-24T03:03:12.3723087-08:00" testType="13cdc9d9-ddb5-4fa4-a97d-d965ccfc6d4b" outcome="Passed" testListId="8c84fa94-04c1-424b-9868-57a2d4851a1d" relativeResultsDirectory="cb8ca4bf-b266-46b2-a4b1-bd512dc42a7e" />
    <UnitTestResult executionId="2d4f14ca-e8b3-4d5c-9588-a4033e831911" testId="a7659bb3-3a43-2413-bf75-9110c8c7793b" testName="TestArrayForEach" computerName="DESKTOP-RRA95A8" duration="00:00:00.0332493" startTime="2016-01-24T03:03:12.3768178-08:00" endTime="2016-01-24T03:03:12.4122333-08:00" testType="13cdc9d9-ddb5-4fa4-a97d-d965ccfc6d4b" outcome="Passed" testListId="8c84fa94-04c1-424b-9868-57a2d4851a1d" relativeResultsDirectory="2d4f14ca-e8b3-4d5c-9588-a4033e831911" />
    <UnitTestResult executionId="0b8ee623-d22b-455d-b254-8d1a088f50b3" testId="dbcbc4de-b799-036f-e6fd-abf2141bc357" testName="TestArrayPush" computerName="DESKTOP-RRA95A8" duration="00:00:00.0614650" startTime="2016-01-24T03:03:12.4151773-08:00" endTime="2016-01-24T03:03:12.4787648-08:00" testType="13cdc9d9-ddb5-4fa4-a97d-d965ccfc6d4b" outcome="Passed" testListId="8c84fa94-04c1-424b-9868-57a2d4851a1d" relativeResultsDirectory="0b8ee623-d22b-455d-b254-8d1a088f50b3" />
    <UnitTestResult executionId="0ceb0557-a598-449b-b7c4-1694e5ba7335" testId="89ccd302-31cc-ff89-787f-7c093a8440f2" testName="TestArrayPop" computerName="DESKTOP-RRA95A8" duration="00:00:00.0325991" startTime="2016-01-24T03:03:12.4817547-08:00" endTime="2016-01-24T03:03:12.5161021-08:00" testType="13cdc9d9-ddb5-4fa4-a97d-d965ccfc6d4b" outcome="Passed" testListId="8c84fa94-04c1-424b-9868-57a2d4851a1d" relativeResultsDirectory="0ceb0557-a598-449b-b7c4-1694e5ba7335" />
    <UnitTestResult executionId="4f69da30-7331-4472-b2ef-ad2222945b68" testId="eefd2add-74e8-d0be-8a3c-7a22d3c3bec7" testName="TestArraySetIndex" computerName="DESKTOP-RRA95A8" duration="00:00:00.0324255" startTime="2016-01-24T03:03:12.5210077-08:00" endTime="2016-01-24T03:03:12.5553532-08:00" testType="13cdc9d9-ddb5-4fa4-a97d-d965ccfc6d4b" outcome="Passed" testListId="8c84fa94-04c1-424b-9868-57a2d4851a1d" relativeResultsDirectory="4f69da30-7331-4472-b2ef-ad2222945b68" />
    <UnitTestResult executionId="5393059b-e340-48b8-96c7-17e917b87f1a" testId="d791ad28-b008-c924-cf24-f05b7d2f4ca6" testName="TestArraySlice" computerName="DESKTOP-RRA95A8" duration="00:00:00.0568811" startTime="2016-01-24T03:03:12.5602606-08:00" endTime="2016-01-24T03:03:12.6189855-08:00" testType="13cdc9d9-ddb5-4fa4-a97d-d965ccfc6d4b" outcome="Passed" testListId="8c84fa94-04c1-424b-9868-57a2d4851a1d" relativeResultsDirectory="5393059b-e340-48b8-96c7-17e917b87f1a" />
    <UnitTestResult executionId="d2b8fd32-86b3-4610-8de9-7cd130b86b8e" testId="eaafe7d4-cdd8-9c6e-4978-1493da16d7bb" testName="TestArrayConcat" computerName="DESKTOP-RRA95A8" duration="00:00:00.0304767" startTime="2016-01-24T03:03:12.6219288-08:00" endTime="2016-01-24T03:03:12.6543135-08:00" testType="13cdc9d9-ddb5-4fa4-a97d-d965ccfc6d4b" outcome="Passed" testListId="8c84fa94-04c1-424b-9868-57a2d4851a1d" relativeResultsDirectory="d2b8fd32-86b3-4610-8de9-7cd130b86b8e" />
    <UnitTestResult executionId="b015a14b-3d7b-4030-bbcf-0221743099c1" testId="b992f9a3-f6c2-403b-211f-b46dab1f34b4" testName="TestPrototypeGetter" computerName="DESKTOP-RRA95A8" duration="00:00:00.0308939" startTime="2016-01-24T03:03:12.6592205-08:00" endTime="2016-01-24T03:03:12.6924326-08:00" testType="13cdc9d9-ddb5-4fa4-a97d-d965ccfc6d4b" outcome="Passed" testListId="8c84fa94-04c1-424b-9868-57a2d4851a1d" relativeResultsDirectory="b015a14b-3d7b-4030-bbcf-0221743099c1" />
    <UnitTestResult executionId="7bbc5c98-b3a4-4925-ac4c-a3113bbf9edd" testId="08c0e81b-3c19-7879-c4f7-c3e19192b579" testName="TestFunctionDefineGetter" computerName="DESKTOP-RRA95A8" duration="00:00:00.0337507" startTime="2016-01-24T03:03:12.6963609-08:00" endTime="2016-01-24T03:03:12.7326672-08:00" testType="13cdc9d9-ddb5-4fa4-a97d-d965ccfc6d4b" outcome="Passed" testListId="8c84fa94-04c1-424b-9868-57a2d4851a1d" relativeResultsDirectory="7bbc5c98-b3a4-4925-ac4c-a3113bbf9edd" />
    <UnitTestResult executionId="94007623-6d26-4f27-982e-664fcf118077" testId="55f857dd-947c-47c8-da8b-071e769d53c5" testName="TestFunctionPrototypeLookup" computerName="DESKTOP-RRA95A8" duration="00:00:00.0306765" startTime="2016-01-24T03:03:12.7356120-08:00" endTime="2016-01-24T03:03:12.7685659-08:00" testType="13cdc9d9-ddb5-4fa4-a97d-d965ccfc6d4b" outcome="Passed" testListId="8c84fa94-04c1-424b-9868-57a2d4851a1d" relativeResultsDirectory="94007623-6d26-4f27-982e-664fcf118077" />
    <UnitTestResult executionId="47f68793-f139-4d6a-ab5f-1b8c376f16a9" testId="deac4d1e-484b-2d18-4706-f55d0e6ef837" testName="TestProtoSetCorrectly" computerName="DESKTOP-RRA95A8" duration="00:00:00.0568107" startTime="2016-01-24T03:03:12.7720733-08:00" endTime="2016-01-24T03:03:12.8297279-08:00" testType="13cdc9d9-ddb5-4fa4-a97d-d965ccfc6d4b" outcome="Passed" testListId="8c84fa94-04c1-424b-9868-57a2d4851a1d" relativeResultsDirectory="47f68793-f139-4d6a-ab5f-1b8c376f16a9" />
    <UnitTestResult executionId="483ec4e5-6559-45d1-af73-56880ac0043c" testId="a183bb68-3f8d-5be3-a243-234b2006e647" testName="TestInfiniteDescriptors" computerName="DESKTOP-RRA95A8" duration="00:00:00.0331687" startTime="2016-01-24T03:03:12.8336573-08:00" endTime="2016-01-24T03:03:12.8690378-08:00" testType="13cdc9d9-ddb5-4fa4-a97d-d965ccfc6d4b" outcome="Passed" testListId="8c84fa94-04c1-424b-9868-57a2d4851a1d" relativeResultsDirectory="483ec4e5-6559-45d1-af73-56880ac0043c" />
    <UnitTestResult executionId="656694d3-1bb3-4b64-a6c9-398011c930db" testId="2bfeb394-316e-fa9d-d893-f78476513df8" testName="TestCopyDescriptor" computerName="DESKTOP-RRA95A8" duration="00:00:00.0331311" startTime="2016-01-24T03:03:12.8730488-08:00" endTime="2016-01-24T03:03:12.9080478-08:00" testType="13cdc9d9-ddb5-4fa4-a97d-d965ccfc6d4b" outcome="Passed" testListId="8c84fa94-04c1-424b-9868-57a2d4851a1d" relativeResultsDirectory="656694d3-1bb3-4b64-a6c9-398011c930db" />
    <UnitTestResult executionId="8c41ed83-b8c1-467c-8a89-131ba1de699d" testId="2caa513e-77dc-f5f2-d6cc-3d44d1b83647" testName="FailingTestDefinePropertyLoop" computerName="DESKTOP-RRA95A8" duration="00:00:00.0949817" startTime="2016-01-24T03:03:12.9119728-08:00" endTime="2016-01-24T03:03:13.0091640-08:00" testType="13cdc9d9-ddb5-4fa4-a97d-d965ccfc6d4b" outcome="Failed" testListId="8c84fa94-04c1-424b-9868-57a2d4851a1d" relativeResultsDirectory="8c41ed83-b8c1-467c-8a89-131ba1de699d">
      <Output>
        <ErrorInfo>
          <Message>Assert.Fail failed. ContainsExactly failed.

Expected:
{Number}

Actual:
{Number, String}

Expected not in actual:
{}

Actual not in expected:
{String}</Message>
          <StackTrace>   at TestUtilities.AssertUtil.ContainsExactly[T](HashSet`1 set, T[] expected) in C:\src\nodejstools\Common\Tests\Utilities\AssertUtil.cs:line 215
   at AnalysisTests.AnalysisTests.FailingTestDefinePropertyLoop() in C:\src\nodejstools\Nodejs\Tests\AnalysisTests\AnalysisTests.cs:line 495
</StackTrace>
        </ErrorInfo>
      </Output>
    </UnitTestResult>
    <UnitTestResult executionId="38e1ce53-60f2-45b5-87b4-971bc312f4ca" testId="4b608766-1db8-375f-fee7-2dd7ef469a3d" testName="TestThisFlows" computerName="DESKTOP-RRA95A8" duration="00:00:00.0678796" startTime="2016-01-24T03:03:13.0121073-08:00" endTime="2016-01-24T03:03:13.0816291-08:00" testType="13cdc9d9-ddb5-4fa4-a97d-d965ccfc6d4b" outcome="Passed" testListId="8c84fa94-04c1-424b-9868-57a2d4851a1d" relativeResultsDirectory="38e1ce53-60f2-45b5-87b4-971bc312f4ca" />
    <UnitTestResult executionId="4c262288-8d27-412d-8d78-288fc5e7b912" testId="d1415c20-13c2-7a68-e7a4-fa739ed20b75" testName="TestThisFlows2" computerName="DESKTOP-RRA95A8" duration="00:00:00.0340213" startTime="2016-01-24T03:03:13.0855518-08:00" endTime="2016-01-24T03:03:13.1228443-08:00" testType="13cdc9d9-ddb5-4fa4-a97d-d965ccfc6d4b" outcome="Passed" testListId="8c84fa94-04c1-424b-9868-57a2d4851a1d" relativeResultsDirectory="4c262288-8d27-412d-8d78-288fc5e7b912" />
    <UnitTestResult executionId="1ff20f6e-834b-4b8b-bb6c-407c2392ef1c" testId="b701def1-a114-36d5-9c97-24f86989e4b1" testName="TestThisPassedAndReturned" computerName="DESKTOP-RRA95A8" duration="00:00:00.0406291" startTime="2016-01-24T03:03:13.1277495-08:00" endTime="2016-01-24T03:03:13.1705583-08:00" testType="13cdc9d9-ddb5-4fa4-a97d-d965ccfc6d4b" outcome="Passed" testListId="8c84fa94-04c1-424b-9868-57a2d4851a1d" relativeResultsDirectory="1ff20f6e-834b-4b8b-bb6c-407c2392ef1c" />
    <UnitTestResult executionId="4c7ba907-e259-4ade-9eaf-4d2099fa39e4" testId="5161b754-98e9-11a5-1c95-c1de186bfa62" testName="Failing_TestThis" computerName="DESKTOP-RRA95A8" duration="00:00:00.0356204" startTime="2016-01-24T03:03:13.1755715-08:00" endTime="2016-01-24T03:03:13.2178796-08:00" testType="13cdc9d9-ddb5-4fa4-a97d-d965ccfc6d4b" outcome="Failed" testListId="8c84fa94-04c1-424b-9868-57a2d4851a1d" relativeResultsDirectory="4c7ba907-e259-4ade-9eaf-4d2099fa39e4">
      <Output>
        <ErrorInfo>
          <Message>Assert.Fail failed. Expected at least {Function}, didn't find {Function}. All: {Object}</Message>
          <StackTrace>   at TestUtilities.AssertUtil.ContainsAtLeast[T](HashSet`1 set, T[] values) in C:\src\nodejstools\Common\Tests\Utilities\AssertUtil.cs:line 239
   at AnalysisTests.AnalysisTests.Failing_TestThis() in C:\src\nodejstools\Nodejs\Tests\AnalysisTests\AnalysisTests.cs:line 593
</StackTrace>
        </ErrorInfo>
      </Output>
    </UnitTestResult>
    <UnitTestResult executionId="09e8a689-f0d3-4fdc-b756-b7fc66c478be" testId="1d27d18b-c7f4-8d39-848b-cb650403364d" testName="TestPropertyGotoDef" computerName="DESKTOP-RRA95A8" duration="00:00:00.0363953" startTime="2016-01-24T03:03:13.2208225-08:00" endTime="2016-01-24T03:03:13.2590945-08:00" testType="13cdc9d9-ddb5-4fa4-a97d-d965ccfc6d4b" outcome="Passed" testListId="8c84fa94-04c1-424b-9868-57a2d4851a1d" relativeResultsDirectory="09e8a689-f0d3-4fdc-b756-b7fc66c478be" />
    <UnitTestResult executionId="a7ac1315-25c2-488f-b6ef-bc758ef903fa" testId="f485d424-500d-ca50-524b-e9fe2977c952" testName="TestAttributeGotoDef" computerName="DESKTOP-RRA95A8" duration="00:00:00.0642967" startTime="2016-01-24T03:03:13.2620374-08:00" endTime="2016-01-24T03:03:13.3276663-08:00" testType="13cdc9d9-ddb5-4fa4-a97d-d965ccfc6d4b" outcome="Passed" testListId="8c84fa94-04c1-424b-9868-57a2d4851a1d" relativeResultsDirectory="a7ac1315-25c2-488f-b6ef-bc758ef903fa" />
    <UnitTestResult executionId="b1666157-f905-477b-a0c9-c0dba46b92dd" testId="47792db1-bd8e-5dd8-8c0d-305bc6843ab4" testName="TestBuiltinRequireGotoDef" computerName="DESKTOP-RRA95A8" duration="00:00:00.0304278" startTime="2016-01-24T03:03:13.3315920-08:00" endTime="2016-01-24T03:03:13.3639759-08:00" testType="13cdc9d9-ddb5-4fa4-a97d-d965ccfc6d4b" outcome="Passed" testListId="8c84fa94-04c1-424b-9868-57a2d4851a1d" relativeResultsDirectory="b1666157-f905-477b-a0c9-c0dba46b92dd" />
    <UnitTestResult executionId="c7e87332-b746-481c-ab52-09245092d850" testId="510b202c-d4b5-385f-c48f-c8b88656a1ef" testName="TestGlobals" computerName="DESKTOP-RRA95A8" duration="00:00:00.0394458" startTime="2016-01-24T03:03:13.3674677-08:00" endTime="2016-01-24T03:03:13.4094593-08:00" testType="13cdc9d9-ddb5-4fa4-a97d-d965ccfc6d4b" outcome="Passed" testListId="8c84fa94-04c1-424b-9868-57a2d4851a1d" relativeResultsDirectory="c7e87332-b746-481c-ab52-09245092d850" />
    <UnitTestResult executionId="4ac55dca-4fb2-4af1-920e-5b0cfa925949" testId="9e5b3da0-224a-dbbe-2907-88b276e37413" testName="TestDefinitiveAssignmentScoping" computerName="DESKTOP-RRA95A8" duration="00:00:00.0308716" startTime="2016-01-24T03:03:13.4124047-08:00" endTime="2016-01-24T03:03:13.4447883-08:00" testType="13cdc9d9-ddb5-4fa4-a97d-d965ccfc6d4b" outcome="Passed" testListId="8c84fa94-04c1-424b-9868-57a2d4851a1d" relativeResultsDirectory="4ac55dca-4fb2-4af1-920e-5b0cfa925949" />
    <UnitTestResult executionId="078145ba-913d-45bc-b4ae-c04e36faba81" testId="04acc1be-b23f-6fbe-a1dd-f4e6e00f335f" testName="TestDefinitiveAssignmentScoping2" computerName="DESKTOP-RRA95A8" duration="00:00:00.0424784" startTime="2016-01-24T03:03:13.4477308-08:00" endTime="2016-01-24T03:03:13.4919539-08:00" testType="13cdc9d9-ddb5-4fa4-a97d-d965ccfc6d4b" outcome="Passed" testListId="8c84fa94-04c1-424b-9868-57a2d4851a1d" relativeResultsDirectory="078145ba-913d-45bc-b4ae-c04e36faba81" />
    <UnitTestResult executionId="f05eb85e-ad2e-471a-b5d6-65bc41e7fbed" testId="369c5725-683e-87d6-887f-4bee8ee1a8dc" testName="TestSignatureHelp" computerName="DESKTOP-RRA95A8" duration="00:00:00.0441526" startTime="2016-01-24T03:03:13.4948862-08:00" endTime="2016-01-24T03:03:13.5410081-08:00" testType="13cdc9d9-ddb5-4fa4-a97d-d965ccfc6d4b" outcome="Passed" testListId="8c84fa94-04c1-424b-9868-57a2d4851a1d" relativeResultsDirectory="f05eb85e-ad2e-471a-b5d6-65bc41e7fbed" />
    <UnitTestResult executionId="454dde3b-646b-4e67-8725-5c26f1c9d100" testId="3995f132-10ab-5407-b07d-2f39ed94e539" testName="TestJSDoc" computerName="DESKTOP-RRA95A8" duration="00:00:00.0431840" startTime="2016-01-24T03:03:13.5468953-08:00" endTime="2016-01-24T03:03:13.5924115-08:00" testType="13cdc9d9-ddb5-4fa4-a97d-d965ccfc6d4b" outcome="Failed" testListId="8c84fa94-04c1-424b-9868-57a2d4851a1d" relativeResultsDirectory="454dde3b-646b-4e67-8725-5c26f1c9d100">
      <Output>
        <ErrorInfo>
          <Message>Assert.AreEqual failed. Expected:&lt;Documentation for f.

Just a paragraph. It shouldn't show up anywhere.

@param  a   Documentation for a.

Another paragraph that won't show up anywhere. This one has a {@link}.

@arg    b   Documentation for b. It spans multiple lines.
@param  c   Documentation for c. It has a {@link} in it.
@arg   [d]  Documentation for d. It is an optional parameter.
@argument [e=123] Documentation for e. It has a default value.

@see Not a parameter!&gt;. Actual:&lt;Documentation for f.

Just a paragraph. It shouldn't show up anywhere.

@param  a   Documentation for a.

Another paragraph that won't show up anywhere. This one has a {@link}.

@arg    b   Documentation for b. It spans multiple lines.
@param  c   Documentation for c. It has a {@link} in it.
@arg   [d]  Documentation for d. It is an optional parameter.
@argument [e=123] Documentation for e. It has a default value.

@see Not a parameter!&gt;. </Message>
          <StackTrace>   at AnalysisTests.AnalysisTests.TestJSDoc() in C:\src\nodejstools\Nodejs\Tests\AnalysisTests\AnalysisTests.cs:line 776
</StackTrace>
        </ErrorInfo>
      </Output>
    </UnitTestResult>
    <UnitTestResult executionId="1d587770-d574-4e74-86c6-3542d6c32114" testId="de143572-efa1-26fa-328d-f8333abdcde7" testName="TestStringMembers" computerName="DESKTOP-RRA95A8" duration="00:00:00.0371790" startTime="2016-01-24T03:03:13.5973185-08:00" endTime="2016-01-24T03:03:13.6365715-08:00" testType="13cdc9d9-ddb5-4fa4-a97d-d965ccfc6d4b" outcome="Passed" testListId="8c84fa94-04c1-424b-9868-57a2d4851a1d" relativeResultsDirectory="1d587770-d574-4e74-86c6-3542d6c32114" />
    <UnitTestResult executionId="2617c8a6-5e73-49b9-a3a0-767e7c58373a" testId="a112a836-193c-ff31-3127-6c6f0148b5c6" testName="TestBadIndexes" computerName="DESKTOP-RRA95A8" duration="00:00:00.0610365" startTime="2016-01-24T03:03:13.6395169-08:00" endTime="2016-01-24T03:03:13.7031467-08:00" testType="13cdc9d9-ddb5-4fa4-a97d-d965ccfc6d4b" outcome="Passed" testListId="8c84fa94-04c1-424b-9868-57a2d4851a1d" relativeResultsDirectory="2617c8a6-5e73-49b9-a3a0-767e7c58373a" />
    <UnitTestResult executionId="0eeded98-e90e-4881-bfd5-fe9010a32f05" testId="a86cba60-15cf-1018-9b60-05d0ea3511d4" testName="TestDefinitiveAssignmentMerged" computerName="DESKTOP-RRA95A8" duration="00:00:00.0292280" startTime="2016-01-24T03:03:13.7060936-08:00" endTime="2016-01-24T03:03:13.7375261-08:00" testType="13cdc9d9-ddb5-4fa4-a97d-d965ccfc6d4b" outcome="Passed" testListId="8c84fa94-04c1-424b-9868-57a2d4851a1d" relativeResultsDirectory="0eeded98-e90e-4881-bfd5-fe9010a32f05" />
    <UnitTestResult executionId="40493843-32e6-4a67-96a2-570821d67eb8" testId="9d726146-c5ab-6f13-d1f0-9cd8ea7b8494" testName="TestDefinitiveAssignment" computerName="DESKTOP-RRA95A8" duration="00:00:00.0298352" startTime="2016-01-24T03:03:13.7404709-08:00" endTime="2016-01-24T03:03:13.7730517-08:00" testType="13cdc9d9-ddb5-4fa4-a97d-d965ccfc6d4b" outcome="Passed" testListId="8c84fa94-04c1-424b-9868-57a2d4851a1d" relativeResultsDirectory="40493843-32e6-4a67-96a2-570821d67eb8" />
    <UnitTestResult executionId="1f36b75a-cf86-46c6-b981-ccbefbc43e4a" testId="082a71ed-ee38-af09-9287-cbd291f43c68" testName="TestDefinitiveAssignmentNested" computerName="DESKTOP-RRA95A8" duration="00:00:00.0573862" startTime="2016-01-24T03:03:13.7760351-08:00" endTime="2016-01-24T03:03:13.8345547-08:00" testType="13cdc9d9-ddb5-4fa4-a97d-d965ccfc6d4b" outcome="Passed" testListId="8c84fa94-04c1-424b-9868-57a2d4851a1d" relativeResultsDirectory="1f36b75a-cf86-46c6-b981-ccbefbc43e4a" />
    <UnitTestResult executionId="ed5ba5c8-8a71-46c5-a3ea-21d4521eb96f" testId="f0f91be8-f23f-c6ac-e3f6-a88933387c0d" testName="TestConstruct" computerName="DESKTOP-RRA95A8" duration="00:00:00.0910717" startTime="2016-01-24T03:03:13.8384808-08:00" endTime="2016-01-24T03:03:13.9315538-08:00" testType="13cdc9d9-ddb5-4fa4-a97d-d965ccfc6d4b" outcome="Passed" testListId="8c84fa94-04c1-424b-9868-57a2d4851a1d" relativeResultsDirectory="ed5ba5c8-8a71-46c5-a3ea-21d4521eb96f" />
    <UnitTestResult executionId="fa030294-97ce-4bb0-b458-23c886b40cb9" testId="cce249d3-c804-fb36-8bb1-476ea1d34cd0" testName="TestConstructReturnFunction" computerName="DESKTOP-RRA95A8" duration="00:00:00.0580772" startTime="2016-01-24T03:03:13.9354788-08:00" endTime="2016-01-24T03:03:13.9951843-08:00" testType="13cdc9d9-ddb5-4fa4-a97d-d965ccfc6d4b" outcome="Passed" testListId="8c84fa94-04c1-424b-9868-57a2d4851a1d" relativeResultsDirectory="fa030294-97ce-4bb0-b458-23c886b40cb9" />
    <UnitTestResult executionId="3d1f0085-3999-4041-9d45-f31af1e3d36b" testId="461d8a4e-98db-9153-2f04-3909abaf0816" testName="TestExports" computerName="DESKTOP-RRA95A8" duration="00:00:00.0344512" startTime="2016-01-24T03:03:13.9981269-08:00" endTime="2016-01-24T03:03:14.0354171-08:00" testType="13cdc9d9-ddb5-4fa4-a97d-d965ccfc6d4b" outcome="Passed" testListId="8c84fa94-04c1-424b-9868-57a2d4851a1d" relativeResultsDirectory="3d1f0085-3999-4041-9d45-f31af1e3d36b" />
    <UnitTestResult executionId="77ef7c00-8f08-4d60-ad15-d5d72fde7040" testId="5a73e07b-9f87-9158-d498-df05fad052a9" testName="TestAccessorDescriptor" computerName="DESKTOP-RRA95A8" duration="00:00:00.0352863" startTime="2016-01-24T03:03:14.0403241-08:00" endTime="2016-01-24T03:03:14.0783970-08:00" testType="13cdc9d9-ddb5-4fa4-a97d-d965ccfc6d4b" outcome="Passed" testListId="8c84fa94-04c1-424b-9868-57a2d4851a1d" relativeResultsDirectory="77ef7c00-8f08-4d60-ad15-d5d72fde7040" />
    <UnitTestResult executionId="69b7ce95-095c-4ff8-85ef-66410d5001b2" testId="1560ec00-ce99-6a3d-f1eb-d6721e0ee9d1" testName="TestDefineProperties" computerName="DESKTOP-RRA95A8" duration="00:00:00.0529069" startTime="2016-01-24T03:03:14.0823661-08:00" endTime="2016-01-24T03:03:14.1383027-08:00" testType="13cdc9d9-ddb5-4fa4-a97d-d965ccfc6d4b" outcome="Passed" testListId="8c84fa94-04c1-424b-9868-57a2d4851a1d" relativeResultsDirectory="69b7ce95-095c-4ff8-85ef-66410d5001b2" />
    <UnitTestResult executionId="6137087f-12cc-44ca-8924-e951b715f079" testId="f8ede7d2-2df4-e4be-0630-6462052dd2b2" testName="TestDefinePropertiesDependencies" computerName="DESKTOP-RRA95A8" duration="00:00:00.0779292" startTime="2016-01-24T03:03:14.1451721-08:00" endTime="2016-01-24T03:03:14.2254874-08:00" testType="13cdc9d9-ddb5-4fa4-a97d-d965ccfc6d4b" outcome="Failed" testListId="8c84fa94-04c1-424b-9868-57a2d4851a1d" relativeResultsDirectory="6137087f-12cc-44ca-8924-e951b715f079">
      <Output>
        <ErrorInfo>
          <Message>Assert.Fail failed. Expected at least {one, two, three}, didn't find {one, two, three}. All: {
toString,
__lookupSetter__,
isPrototypeOf,
toLocaleString,
constructor,
valueOf,
hasOwnProperty,
__lookupGetter__,
__defineGetter__,
__defineSetter__,
propertyIsEnumerable
}</Message>
          <StackTrace>   at TestUtilities.AssertUtil.ContainsAtLeast[T](HashSet`1 set, T[] values) in C:\src\nodejstools\Common\Tests\Utilities\AssertUtil.cs:line 239
   at AnalysisTests.AnalysisTests.TestDefinePropertiesDependencies() in C:\src\nodejstools\Nodejs\Tests\AnalysisTests\AnalysisTests.cs:line 1065
</StackTrace>
        </ErrorInfo>
      </Output>
    </UnitTestResult>
    <UnitTestResult executionId="29a4f7cc-98f5-438a-a3a2-b449ea39d0f3" testId="ac5fa8be-a353-7ae7-b0aa-590c2face86f" testName="TestFunctionExpression" computerName="DESKTOP-RRA95A8" duration="00:00:00.0297889" startTime="2016-01-24T03:03:14.2294164-08:00" endTime="2016-01-24T03:03:14.2608157-08:00" testType="13cdc9d9-ddb5-4fa4-a97d-d965ccfc6d4b" outcome="Passed" testListId="8c84fa94-04c1-424b-9868-57a2d4851a1d" relativeResultsDirectory="29a4f7cc-98f5-438a-a3a2-b449ea39d0f3" />
    <UnitTestResult executionId="2af13075-f4da-4a99-9172-f7aa06cf5fd6" testId="ebad15ca-5fbe-8345-d700-b4cb422bed84" testName="TestGlobal" computerName="DESKTOP-RRA95A8" duration="00:00:00.0328179" startTime="2016-01-24T03:03:14.2652465-08:00" endTime="2016-01-24T03:03:14.2989334-08:00" testType="13cdc9d9-ddb5-4fa4-a97d-d965ccfc6d4b" outcome="Passed" testListId="8c84fa94-04c1-424b-9868-57a2d4851a1d" relativeResultsDirectory="2af13075-f4da-4a99-9172-f7aa06cf5fd6" />
    <UnitTestResult executionId="6b981797-75b8-430b-9dfa-8636a83b7c06" testId="ecacb3bc-8f34-1340-9c56-7ed38777a49c" testName="TestNumberFunction" computerName="DESKTOP-RRA95A8" duration="00:00:00.0780620" startTime="2016-01-24T03:03:14.3028591-08:00" endTime="2016-01-24T03:03:14.3841536-08:00" testType="13cdc9d9-ddb5-4fa4-a97d-d965ccfc6d4b" outcome="Passed" testListId="8c84fa94-04c1-424b-9868-57a2d4851a1d" relativeResultsDirectory="6b981797-75b8-430b-9dfa-8636a83b7c06" />
    <UnitTestResult executionId="384b71ee-0e1b-48d9-af9c-89d4253f301a" testId="8ecd4e43-5e02-e99e-e7fe-53405af5dbd6" testName="TestSimpleClosure" computerName="DESKTOP-RRA95A8" duration="00:00:00.0317840" startTime="2016-01-24T03:03:14.3880785-08:00" endTime="2016-01-24T03:03:14.4224252-08:00" testType="13cdc9d9-ddb5-4fa4-a97d-d965ccfc6d4b" outcome="Passed" testListId="8c84fa94-04c1-424b-9868-57a2d4851a1d" relativeResultsDirectory="384b71ee-0e1b-48d9-af9c-89d4253f301a" />
    <UnitTestResult executionId="6e938e80-0abf-46af-9df2-ee313c169b87" testId="bc4822c1-8161-b6f1-d0c9-b99fb6d14b00" testName="TestNumber" computerName="DESKTOP-RRA95A8" duration="00:00:00.0290060" startTime="2016-01-24T03:03:14.4263516-08:00" endTime="2016-01-24T03:03:14.4568057-08:00" testType="13cdc9d9-ddb5-4fa4-a97d-d965ccfc6d4b" outcome="Passed" testListId="8c84fa94-04c1-424b-9868-57a2d4851a1d" relativeResultsDirectory="6e938e80-0abf-46af-9df2-ee313c169b87" />
    <UnitTestResult executionId="84ba9acc-a278-4103-ad66-dd36f9bca21a" testId="ea07caec-92ed-fcea-d7a1-bef6931c942b" testName="TestVariableLookup" computerName="DESKTOP-RRA95A8" duration="00:00:00.0288542" startTime="2016-01-24T03:03:14.4606975-08:00" endTime="2016-01-24T03:03:14.4919776-08:00" testType="13cdc9d9-ddb5-4fa4-a97d-d965ccfc6d4b" outcome="Passed" testListId="8c84fa94-04c1-424b-9868-57a2d4851a1d" relativeResultsDirectory="84ba9acc-a278-4103-ad66-dd36f9bca21a" />
    <UnitTestResult executionId="084aaba2-f369-490d-bb7e-d7ea49109c8c" testId="7ba8a295-472f-0b2a-2695-b5e103c01832" testName="TestVariableDeclaration" computerName="DESKTOP-RRA95A8" duration="00:00:00.0538266" startTime="2016-01-24T03:03:14.4959033-08:00" endTime="2016-01-24T03:03:14.5508568-08:00" testType="13cdc9d9-ddb5-4fa4-a97d-d965ccfc6d4b" outcome="Passed" testListId="8c84fa94-04c1-424b-9868-57a2d4851a1d" relativeResultsDirectory="084aaba2-f369-490d-bb7e-d7ea49109c8c" />
    <UnitTestResult executionId="21171aa4-22a7-4305-98dc-3c347678284c" testId="16054e70-6c94-ffe3-5e69-7026892aa440" testName="TestStringLiteral" computerName="DESKTOP-RRA95A8" duration="00:00:00.0323701" startTime="2016-01-24T03:03:14.5547832-08:00" endTime="2016-01-24T03:03:14.5895080-08:00" testType="13cdc9d9-ddb5-4fa4-a97d-d965ccfc6d4b" outcome="Passed" testListId="8c84fa94-04c1-424b-9868-57a2d4851a1d" relativeResultsDirectory="21171aa4-22a7-4305-98dc-3c347678284c" />
    <UnitTestResult executionId="956c4629-1c8d-4bc8-aee3-caa9718fb51e" testId="7c6e9bba-7751-93e5-4e4d-8bf0a0946e79" testName="TestArrayLiteral" computerName="DESKTOP-RRA95A8" duration="00:00:00.0307546" startTime="2016-01-24T03:03:14.5944154-08:00" endTime="2016-01-24T03:03:14.6267990-08:00" testType="13cdc9d9-ddb5-4fa4-a97d-d965ccfc6d4b" outcome="Passed" testListId="8c84fa94-04c1-424b-9868-57a2d4851a1d" relativeResultsDirectory="956c4629-1c8d-4bc8-aee3-caa9718fb51e" />
    <UnitTestResult executionId="e3178cb9-d9cd-4247-9ed3-1db5a823ea76" testId="d7f64176-5e71-ffd5-fd79-a89ae97cd034" testName="TestTrueFalse" computerName="DESKTOP-RRA95A8" duration="00:00:00.0975945" startTime="2016-01-24T03:03:14.6307265-08:00" endTime="2016-01-24T03:03:14.7301929-08:00" testType="13cdc9d9-ddb5-4fa4-a97d-d965ccfc6d4b" outcome="Passed" testListId="8c84fa94-04c1-424b-9868-57a2d4851a1d" relativeResultsDirectory="e3178cb9-d9cd-4247-9ed3-1db5a823ea76" />
    <UnitTestResult executionId="ab8513bd-8262-440e-bd4f-489d908efd04" testId="67a4beeb-63e1-712c-e32e-360df0ebb2fc" testName="TestSpecializedExtend" computerName="DESKTOP-RRA95A8" duration="00:00:00.0419193" startTime="2016-01-24T03:03:14.7341179-08:00" endTime="2016-01-24T03:03:14.7780853-08:00" testType="13cdc9d9-ddb5-4fa4-a97d-d965ccfc6d4b" outcome="Passed" testListId="8c84fa94-04c1-424b-9868-57a2d4851a1d" relativeResultsDirectory="ab8513bd-8262-440e-bd4f-489d908efd04" />
    <UnitTestResult executionId="1bf651ce-e7ba-4a2e-bdb2-6c0b04fb697a" testId="8847d348-1828-e924-3c31-fd9bdc5bdb60" testName="TestBackboneExtend" computerName="DESKTOP-RRA95A8" duration="00:00:00.0387274" startTime="2016-01-24T03:03:14.7820486-08:00" endTime="2016-01-24T03:03:14.8222835-08:00" testType="13cdc9d9-ddb5-4fa4-a97d-d965ccfc6d4b" outcome="Passed" testListId="8c84fa94-04c1-424b-9868-57a2d4851a1d" relativeResultsDirectory="1bf651ce-e7ba-4a2e-bdb2-6c0b04fb697a" />
    <UnitTestResult executionId="1a8a6a92-710e-46dc-8549-9243420214f5" testId="7254f710-f146-0b75-ac72-584527afbc0b" testName="TestLodashAssign" computerName="DESKTOP-RRA95A8" duration="00:00:00.0361787" startTime="2016-01-24T03:03:14.8262081-08:00" endTime="2016-01-24T03:03:14.8654840-08:00" testType="13cdc9d9-ddb5-4fa4-a97d-d965ccfc6d4b" outcome="Passed" testListId="8c84fa94-04c1-424b-9868-57a2d4851a1d" relativeResultsDirectory="1a8a6a92-710e-46dc-8549-9243420214f5" />
    <UnitTestResult executionId="d53a1efd-2c74-41ee-9105-de971ca5a360" testId="ca37eea0-691e-b882-43c0-2120f81efb39" testName="TestObjectKeys" computerName="DESKTOP-RRA95A8" duration="00:00:00.0606624" startTime="2016-01-24T03:03:14.8684922-08:00" endTime="2016-01-24T03:03:14.9305955-08:00" testType="13cdc9d9-ddb5-4fa4-a97d-d965ccfc6d4b" outcome="Passed" testListId="8c84fa94-04c1-424b-9868-57a2d4851a1d" relativeResultsDirectory="d53a1efd-2c74-41ee-9105-de971ca5a360" />
    <UnitTestResult executionId="a046dd7c-e92b-4650-ab8c-d20a3a2cbb35" testId="0bf872b6-7951-9e65-f054-97a568e0081e" testName="TestObjectLiteral" computerName="DESKTOP-RRA95A8" duration="00:00:00.2100160" startTime="2016-01-24T03:03:14.9335395-08:00" endTime="2016-01-24T03:03:15.1456990-08:00" testType="13cdc9d9-ddb5-4fa4-a97d-d965ccfc6d4b" outcome="Passed" testListId="8c84fa94-04c1-424b-9868-57a2d4851a1d" relativeResultsDirectory="a046dd7c-e92b-4650-ab8c-d20a3a2cbb35" />
    <UnitTestResult executionId="d8d4138c-25dc-4511-89e7-faefa10bde5a" testId="9da1cc73-b6d3-9bba-2278-191749ac97ce" testName="TestConstructor" computerName="DESKTOP-RRA95A8" duration="00:00:00.0316943" startTime="2016-01-24T03:03:15.1486423-08:00" endTime="2016-01-24T03:03:15.1823886-08:00" testType="13cdc9d9-ddb5-4fa4-a97d-d965ccfc6d4b" outcome="Passed" testListId="8c84fa94-04c1-424b-9868-57a2d4851a1d" relativeResultsDirectory="d8d4138c-25dc-4511-89e7-faefa10bde5a" />
    <UnitTestResult executionId="c66f66e4-cf41-4972-988a-92cd21a122b7" testId="8992e280-15d0-c4dd-e560-8e15d0640e6d" testName="TestForInLoop" computerName="DESKTOP-RRA95A8" duration="00:00:00.0315743" startTime="2016-01-24T03:03:15.1863140-08:00" endTime="2016-01-24T03:03:15.2196789-08:00" testType="13cdc9d9-ddb5-4fa4-a97d-d965ccfc6d4b" outcome="Passed" testListId="8c84fa94-04c1-424b-9868-57a2d4851a1d" relativeResultsDirectory="c66f66e4-cf41-4972-988a-92cd21a122b7" />
    <UnitTestResult executionId="0c1a0b7c-67c9-4231-9ee2-6be70b58091e" testId="5c75b775-4036-3f88-2486-9d762fca29b6" testName="FailingTestForInLoop2" computerName="DESKTOP-RRA95A8" duration="00:00:00.0725419" startTime="2016-01-24T03:03:15.2236046-08:00" endTime="2016-01-24T03:03:15.2995231-08:00" testType="13cdc9d9-ddb5-4fa4-a97d-d965ccfc6d4b" outcome="Failed" testListId="8c84fa94-04c1-424b-9868-57a2d4851a1d" relativeResultsDirectory="0c1a0b7c-67c9-4231-9ee2-6be70b58091e">
      <Output>
        <ErrorInfo>
          <Message>Assert.Fail failed. ContainsExactly failed.

Expected:
{Number}

Actual:
{}

Expected not in actual:
{Number}

Actual not in expected:
{}</Message>
          <StackTrace>   at TestUtilities.AssertUtil.ContainsExactly[T](HashSet`1 set, T[] expected) in C:\src\nodejstools\Common\Tests\Utilities\AssertUtil.cs:line 215
   at AnalysisTests.AnalysisTests.FailingTestForInLoop2() in C:\src\nodejstools\Nodejs\Tests\AnalysisTests\AnalysisTests.cs:line 1455
</StackTrace>
        </ErrorInfo>
      </Output>
    </UnitTestResult>
    <UnitTestResult executionId="0e169334-a977-4a42-8a82-e95d322e1463" testId="35f58135-9fb3-d94a-fcb0-eccf97473194" testName="TestFunctionCreation" computerName="DESKTOP-RRA95A8" duration="00:00:00.0605519" startTime="2016-01-24T03:03:15.3024627-08:00" endTime="2016-01-24T03:03:15.3647935-08:00" testType="13cdc9d9-ddb5-4fa4-a97d-d965ccfc6d4b" outcome="Passed" testListId="8c84fa94-04c1-424b-9868-57a2d4851a1d" relativeResultsDirectory="0e169334-a977-4a42-8a82-e95d322e1463" />
    <UnitTestResult executionId="854d1f1d-9d6b-4faa-a736-105d2f62583c" testId="8196cfd8-2169-7d52-ca92-420bc4d2067d" testName="TestPrototypeNoMerge" computerName="DESKTOP-RRA95A8" duration="00:00:00.0291919" startTime="2016-01-24T03:03:15.3683035-08:00" endTime="2016-01-24T03:03:15.3984794-08:00" testType="13cdc9d9-ddb5-4fa4-a97d-d965ccfc6d4b" outcome="Passed" testListId="8c84fa94-04c1-424b-9868-57a2d4851a1d" relativeResultsDirectory="854d1f1d-9d6b-4faa-a736-105d2f62583c" />
    <UnitTestResult executionId="0cb5d496-c226-4f28-997d-b7f1a1644e67" testId="72919acd-da3c-c9b6-acdd-21b2344d637c" testName="TestRecursiveForEach" computerName="DESKTOP-RRA95A8" duration="00:00:00.0310029" startTime="2016-01-24T03:03:15.4014248-08:00" endTime="2016-01-24T03:03:15.4347886-08:00" testType="13cdc9d9-ddb5-4fa4-a97d-d965ccfc6d4b" outcome="Passed" testListId="8c84fa94-04c1-424b-9868-57a2d4851a1d" relativeResultsDirectory="0cb5d496-c226-4f28-997d-b7f1a1644e67" />
    <UnitTestResult executionId="5c0697fe-7229-4802-b14a-b665c0281ab6" testId="047037cf-6a7d-2a6d-0ba4-a753bf61cb4b" testName="TestNewArrayUnique" computerName="DESKTOP-RRA95A8" duration="00:00:00.0651362" startTime="2016-01-24T03:03:15.4377326-08:00" endTime="2016-01-24T03:03:15.5043071-08:00" testType="13cdc9d9-ddb5-4fa4-a97d-d965ccfc6d4b" outcome="Passed" testListId="8c84fa94-04c1-424b-9868-57a2d4851a1d" relativeResultsDirectory="5c0697fe-7229-4802-b14a-b665c0281ab6" />
    <UnitTestResult executionId="56372ede-342d-4523-b5ca-fb25f9a0f669" testId="b224169c-63e5-3a37-b7dd-e3a452fa3e33" testName="TestNewObjectUnique" computerName="DESKTOP-RRA95A8" duration="00:00:00.0299074" startTime="2016-01-24T03:03:15.5082321-08:00" endTime="2016-01-24T03:03:15.5406197-08:00" testType="13cdc9d9-ddb5-4fa4-a97d-d965ccfc6d4b" outcome="Passed" testListId="8c84fa94-04c1-424b-9868-57a2d4851a1d" relativeResultsDirectory="56372ede-342d-4523-b5ca-fb25f9a0f669" />
    <UnitTestResult executionId="f0324700-efdb-4c3b-a6d7-fa05118cc4c9" testId="41f27aee-32ad-b8c8-6e58-67364ae8ea86" testName="TestObjectInstanceNoPrototype" computerName="DESKTOP-RRA95A8" duration="00:00:00.0308986" startTime="2016-01-24T03:03:15.5445429-08:00" endTime="2016-01-24T03:03:15.5772058-08:00" testType="13cdc9d9-ddb5-4fa4-a97d-d965ccfc6d4b" outcome="Passed" testListId="8c84fa94-04c1-424b-9868-57a2d4851a1d" relativeResultsDirectory="f0324700-efdb-4c3b-a6d7-fa05118cc4c9" />
    <UnitTestResult executionId="47d65d35-a5b1-48cf-89bc-ebd228bf605a" testId="c41f882b-2c9a-1d84-49f7-e5c611c527b8" testName="TestKeysSpecialization" computerName="DESKTOP-RRA95A8" duration="00:00:00.0572881" startTime="2016-01-24T03:03:15.5802967-08:00" endTime="2016-01-24T03:03:15.6391781-08:00" testType="13cdc9d9-ddb5-4fa4-a97d-d965ccfc6d4b" outcome="Passed" testListId="8c84fa94-04c1-424b-9868-57a2d4851a1d" relativeResultsDirectory="47d65d35-a5b1-48cf-89bc-ebd228bf605a" />
    <UnitTestResult executionId="572d5169-7012-42be-a0c0-76a55727155b" testId="ea905434-2178-5e1a-37da-804a7bc8f67e" testName="TestMergeSpecialization" computerName="DESKTOP-RRA95A8" duration="00:00:00.0325053" startTime="2016-01-24T03:03:15.6431013-08:00" endTime="2016-01-24T03:03:15.6777513-08:00" testType="13cdc9d9-ddb5-4fa4-a97d-d965ccfc6d4b" outcome="Passed" testListId="8c84fa94-04c1-424b-9868-57a2d4851a1d" relativeResultsDirectory="572d5169-7012-42be-a0c0-76a55727155b" />
    <UnitTestResult executionId="07519248-1386-43e9-8769-d50e6419beb5" testId="f1e06369-5f9b-d65e-5362-bcc9a10d65b5" testName="TestMergeDescriptorsSpecialization" computerName="DESKTOP-RRA95A8" duration="00:00:00.0494272" startTime="2016-01-24T03:03:15.6807405-08:00" endTime="2016-01-24T03:03:15.7327526-08:00" testType="13cdc9d9-ddb5-4fa4-a97d-d965ccfc6d4b" outcome="Passed" testListId="8c84fa94-04c1-424b-9868-57a2d4851a1d" relativeResultsDirectory="07519248-1386-43e9-8769-d50e6419beb5" />
    <UnitTestResult executionId="ac550481-c68a-4e8f-a72d-620dd0275fe7" testId="9337cefb-5fb0-f38c-7762-e6dff4861cf5" testName="TestToObjectSpecialization" computerName="DESKTOP-RRA95A8" duration="00:00:00.0305697" startTime="2016-01-24T03:03:15.7356929-08:00" endTime="2016-01-24T03:03:15.7691665-08:00" testType="13cdc9d9-ddb5-4fa4-a97d-d965ccfc6d4b" outcome="Passed" testListId="8c84fa94-04c1-424b-9868-57a2d4851a1d" relativeResultsDirectory="ac550481-c68a-4e8f-a72d-620dd0275fe7" />
    <UnitTestResult executionId="b5948b94-c3c8-46e2-b6ea-0db63f957017" testId="cc9eec1a-7c75-3a99-246f-873c6a852ff2" testName="TestMergeSpecialization2" computerName="DESKTOP-RRA95A8" duration="00:00:00.0305423" startTime="2016-01-24T03:03:15.7726765-08:00" endTime="2016-01-24T03:03:15.8042308-08:00" testType="13cdc9d9-ddb5-4fa4-a97d-d965ccfc6d4b" outcome="Passed" testListId="8c84fa94-04c1-424b-9868-57a2d4851a1d" relativeResultsDirectory="b5948b94-c3c8-46e2-b6ea-0db63f957017" />
    <UnitTestResult executionId="b63eaf9a-0ccb-41f8-b537-030271bd02ad" testId="d460a033-f477-00c5-4d27-7469c6ab6675" testName="TestMergeCloneSpecialization2" computerName="DESKTOP-RRA95A8" duration="00:00:00.0392551" startTime="2016-01-24T03:03:15.8081627-08:00" endTime="2016-01-24T03:03:15.8503822-08:00" testType="13cdc9d9-ddb5-4fa4-a97d-d965ccfc6d4b" outcome="Passed" testListId="8c84fa94-04c1-424b-9868-57a2d4851a1d" relativeResultsDirectory="b63eaf9a-0ccb-41f8-b537-030271bd02ad" />
    <UnitTestResult executionId="4b1d21b1-318d-48e8-b38a-0d97786bd036" testId="aa1daf29-c6b5-bff0-38da-6ec090a413fd" testName="TestCloneSpecialization" computerName="DESKTOP-RRA95A8" duration="00:00:00.0618684" startTime="2016-01-24T03:03:15.8533332-08:00" endTime="2016-01-24T03:03:15.9169261-08:00" testType="13cdc9d9-ddb5-4fa4-a97d-d965ccfc6d4b" outcome="Passed" testListId="8c84fa94-04c1-424b-9868-57a2d4851a1d" relativeResultsDirectory="4b1d21b1-318d-48e8-b38a-0d97786bd036" />
    <UnitTestResult executionId="552c91f7-01e3-41a2-a99e-0b8266ce613f" testId="2b07d06c-6186-fa98-025c-c88fd4ad5e50" testName="TestWrapFunctionSpecialization" computerName="DESKTOP-RRA95A8" duration="00:00:00.0379244" startTime="2016-01-24T03:03:15.9208533-08:00" endTime="2016-01-24T03:03:15.9610893-08:00" testType="13cdc9d9-ddb5-4fa4-a97d-d965ccfc6d4b" outcome="Passed" testListId="8c84fa94-04c1-424b-9868-57a2d4851a1d" relativeResultsDirectory="552c91f7-01e3-41a2-a99e-0b8266ce613f" />
    <UnitTestResult executionId="12dcefcd-460f-4e34-b080-4cb0800cd2d6" testId="5fd70748-7feb-2d5c-3455-c4bc7bc63d37" testName="TestStringCasing" computerName="DESKTOP-RRA95A8" duration="00:00:00.0314296" startTime="2016-01-24T03:03:15.9650373-08:00" endTime="2016-01-24T03:03:15.9982242-08:00" testType="13cdc9d9-ddb5-4fa4-a97d-d965ccfc6d4b" outcome="Passed" testListId="8c84fa94-04c1-424b-9868-57a2d4851a1d" relativeResultsDirectory="12dcefcd-460f-4e34-b080-4cb0800cd2d6" />
    <UnitTestResult executionId="20eb5a4c-852a-499e-b3d0-946b6daf3803" testId="df63d56c-6300-e78f-e34c-a762528020a1" testName="TestBuiltinFunctionDocumentation" computerName="DESKTOP-RRA95A8" duration="00:00:00.0293878" startTime="2016-01-24T03:03:16.0011671-08:00" endTime="2016-01-24T03:03:16.0315888-08:00" testType="13cdc9d9-ddb5-4fa4-a97d-d965ccfc6d4b" outcome="Passed" testListId="8c84fa94-04c1-424b-9868-57a2d4851a1d" relativeResultsDirectory="20eb5a4c-852a-499e-b3d0-946b6daf3803" />
    <UnitTestResult executionId="f0ef9b71-6685-4302-869e-4c748ec4a019" testId="538afedd-ead4-4fc4-901e-e998773e04c2" testName="TestImmutableObjects" computerName="DESKTOP-RRA95A8" duration="00:00:00.0435100" startTime="2016-01-24T03:03:16.0355141-08:00" endTime="2016-01-24T03:03:16.0804990-08:00" testType="13cdc9d9-ddb5-4fa4-a97d-d965ccfc6d4b" outcome="Passed" testListId="8c84fa94-04c1-424b-9868-57a2d4851a1d" relativeResultsDirectory="f0ef9b71-6685-4302-869e-4c748ec4a019" />
    <UnitTestResult executionId="2f313a60-e9f0-460b-bf5b-d046cc5defff" testId="82146f83-c28c-8d73-9fd5-b52f083341a6" testName="TestNodejsCallbacks" computerName="DESKTOP-RRA95A8" duration="00:00:00.0377336" startTime="2016-01-24T03:03:16.0844246-08:00" endTime="2016-01-24T03:03:16.1246611-08:00" testType="13cdc9d9-ddb5-4fa4-a97d-d965ccfc6d4b" outcome="Passed" testListId="8c84fa94-04c1-424b-9868-57a2d4851a1d" relativeResultsDirectory="2f313a60-e9f0-460b-bf5b-d046cc5defff" />
    <UnitTestResult executionId="3e93c84d-251d-47ed-aa30-e47cd9a8ef1b" testId="60e2fe88-12e1-5a98-d851-c1cdf388a7df" testName="TestNodejsSpecializations" computerName="DESKTOP-RRA95A8" duration="00:00:00.0355857" startTime="2016-01-24T03:03:16.1295663-08:00" endTime="2016-01-24T03:03:16.1669244-08:00" testType="13cdc9d9-ddb5-4fa4-a97d-d965ccfc6d4b" outcome="Passed" testListId="8c84fa94-04c1-424b-9868-57a2d4851a1d" relativeResultsDirectory="3e93c84d-251d-47ed-aa30-e47cd9a8ef1b" />
    <UnitTestResult executionId="c3d5034a-6b52-4f79-b705-0e13801e804e" testId="cdb173b9-a119-49da-cf7a-c4ab3f2eb3fb" testName="TestAnonymousFunction" computerName="DESKTOP-RRA95A8" duration="00:00:00.0142371" startTime="2016-01-24T03:03:16.1704321-08:00" endTime="2016-01-24T03:03:16.1882912-08:00" testType="13cdc9d9-ddb5-4fa4-a97d-d965ccfc6d4b" outcome="Passed" testListId="8c84fa94-04c1-424b-9868-57a2d4851a1d" relativeResultsDirectory="c3d5034a-6b52-4f79-b705-0e13801e804e" />
    <UnitTestResult executionId="d4199cd7-3eab-47a9-971a-ed8e6d9c21fd" testId="fc9c1466-2889-1d27-193b-d4e4c3691ef2" testName="TestNestedFunctionAndArrayLiteral" computerName="DESKTOP-RRA95A8" duration="00:00:00.0114510" startTime="2016-01-24T03:03:16.1922166-08:00" endTime="2016-01-24T03:03:16.2059556-08:00" testType="13cdc9d9-ddb5-4fa4-a97d-d965ccfc6d4b" outcome="Passed" testListId="8c84fa94-04c1-424b-9868-57a2d4851a1d" relativeResultsDirectory="d4199cd7-3eab-47a9-971a-ed8e6d9c21fd" />
    <UnitTestResult executionId="9d1f4920-8991-4a0d-bc2b-43880a6c232f" testId="6ef6595b-cac9-858a-7c08-462a09f5c73e" testName="TestJsonArray" computerName="DESKTOP-RRA95A8" duration="00:00:00.0011166" startTime="2016-01-24T03:03:16.2088985-08:00" endTime="2016-01-24T03:03:16.2128245-08:00" testType="13cdc9d9-ddb5-4fa4-a97d-d965ccfc6d4b" outcome="Passed" testListId="8c84fa94-04c1-424b-9868-57a2d4851a1d" relativeResultsDirectory="9d1f4920-8991-4a0d-bc2b-43880a6c232f" />
    <UnitTestResult executionId="dd4e0a02-f678-44b9-a650-82183bdd9d7d" testId="2751aa01-1357-8d9c-7874-6e828d4b271d" testName="TestFormatAfterInvalidKey" computerName="DESKTOP-RRA95A8" duration="00:00:00.0008296" startTime="2016-01-24T03:03:16.2157674-08:00" endTime="2016-01-24T03:03:16.2177319-08:00" testType="13cdc9d9-ddb5-4fa4-a97d-d965ccfc6d4b" outcome="Passed" testListId="8c84fa94-04c1-424b-9868-57a2d4851a1d" relativeResultsDirectory="dd4e0a02-f678-44b9-a650-82183bdd9d7d" />
    <UnitTestResult executionId="2c8b41d1-703d-43b0-990e-50b7f88bf901" testId="c2a9550e-df28-e65d-2632-448f062ba360" testName="TestSemicolonEndOfDocument" computerName="DESKTOP-RRA95A8" duration="00:00:00.0028768" startTime="2016-01-24T03:03:16.2206755-08:00" endTime="2016-01-24T03:03:16.2255815-08:00" testType="13cdc9d9-ddb5-4fa4-a97d-d965ccfc6d4b" outcome="Passed" testListId="8c84fa94-04c1-424b-9868-57a2d4851a1d" relativeResultsDirectory="2c8b41d1-703d-43b0-990e-50b7f88bf901">
      <Output>
        <StdOut>x=1
console.log( 'hi');
function hello () {
    return;</StdOut>
      </Output>
    </UnitTestResult>
    <UnitTestResult executionId="acfffdd9-8ff7-4a51-ba50-efe978af4d73" testId="28e9602e-8df3-e461-011d-40c8fe2799a3" testName="TestFormatAfterEnter" computerName="DESKTOP-RRA95A8" duration="00:00:00.0034910" startTime="2016-01-24T03:03:16.2295086-08:00" endTime="2016-01-24T03:03:16.2344149-08:00" testType="13cdc9d9-ddb5-4fa4-a97d-d965ccfc6d4b" outcome="Passed" testListId="8c84fa94-04c1-424b-9868-57a2d4851a1d" relativeResultsDirectory="acfffdd9-8ff7-4a51-ba50-efe978af4d73">
      <Output>
        <StdOut>function f() {
    if(true)!
}
function hello() {!
;
{
    /*!
}
;
var mailOptions = {
    from: 'blahblah',!
;
if(true)
    if (true)!</StdOut>
      </Output>
    </UnitTestResult>
    <UnitTestResult executionId="267b48ec-1d01-4495-9b4f-74719f9f2a46" testId="8312978c-7982-3722-26fd-7b0de6f2935e" testName="TestFormatAfterSemiColon" computerName="DESKTOP-RRA95A8" duration="00:00:00.0076964" startTime="2016-01-24T03:03:16.2373578-08:00" endTime="2016-01-24T03:03:16.2471704-08:00" testType="13cdc9d9-ddb5-4fa4-a97d-d965ccfc6d4b" outcome="Passed" testListId="8c84fa94-04c1-424b-9868-57a2d4851a1d" relativeResultsDirectory="267b48ec-1d01-4495-9b4f-74719f9f2a46">
      <Output>
        <StdOut>function f() {    
    return   42;
}
function f() {    
    return   42 ;
}
function f() {    
    return   ;
}
throw   42;
throw ;
x=42;
x=42;
debugger ;
while (true) {    
    break ;
}
while (true) {    
    continue ;
}
var x=1,y=2;
while(true){
console.log('hello';)
}</StdOut>
      </Output>
    </UnitTestResult>
    <UnitTestResult executionId="91bcb584-e057-4666-8bb6-6762797404ff" testId="f0d1f339-111e-1dc1-f739-a6cdc562f5e4" testName="TestSemicolonOnOwnLine" computerName="DESKTOP-RRA95A8" duration="00:00:00.0003453" startTime="2016-01-24T03:03:16.2501141-08:00" endTime="2016-01-24T03:03:16.2520771-08:00" testType="13cdc9d9-ddb5-4fa4-a97d-d965ccfc6d4b" outcome="Passed" testListId="8c84fa94-04c1-424b-9868-57a2d4851a1d" relativeResultsDirectory="91bcb584-e057-4666-8bb6-6762797404ff" />
    <UnitTestResult executionId="8c93443e-4bcc-40b4-9e13-c3a7d5d4510a" testId="45f159f8-ba60-f02b-74d7-bbd93a581078" testName="TestFormattingFunctionAsArgumentToFunction" computerName="DESKTOP-RRA95A8" duration="00:00:00.0005265" startTime="2016-01-24T03:03:16.2550218-08:00" endTime="2016-01-24T03:03:16.2569852-08:00" testType="13cdc9d9-ddb5-4fa4-a97d-d965ccfc6d4b" outcome="Passed" testListId="8c84fa94-04c1-424b-9868-57a2d4851a1d" relativeResultsDirectory="8c93443e-4bcc-40b4-9e13-c3a7d5d4510a" />
    <UnitTestResult executionId="aa811ea3-45e0-4914-a033-2cf27a65b84b" testId="b5c0fe72-b2b9-b8b3-e424-24e32eafc1b2" testName="TestArrayLiteral" computerName="DESKTOP-RRA95A8" duration="00:00:00.0025246" startTime="2016-01-24T03:03:16.2599292-08:00" endTime="2016-01-24T03:03:16.2648574-08:00" testType="13cdc9d9-ddb5-4fa4-a97d-d965ccfc6d4b" outcome="Passed" testListId="8c84fa94-04c1-424b-9868-57a2d4851a1d" relativeResultsDirectory="aa811ea3-45e0-4914-a033-2cf27a65b84b" />
    <UnitTestResult executionId="52ca2f45-48eb-47d7-8ff2-818de611e517" testId="6864a3d6-89fb-a01d-7eac-bbde63d53b56" testName="TestFormatAfterBadFor" computerName="DESKTOP-RRA95A8" duration="00:00:00.0021140" startTime="2016-01-24T03:03:16.2683670-08:00" endTime="2016-01-24T03:03:16.2723769-08:00" testType="13cdc9d9-ddb5-4fa4-a97d-d965ccfc6d4b" outcome="Passed" testListId="8c84fa94-04c1-424b-9868-57a2d4851a1d" relativeResultsDirectory="52ca2f45-48eb-47d7-8ff2-818de611e517" />
    <UnitTestResult executionId="f10cdd0b-9f8e-4ae8-af55-7b688fe8d9b5" testId="0aa067bf-8b37-c493-ee86-fe5c82e12a1f" testName="TestIndexingOnFollowingLine" computerName="DESKTOP-RRA95A8" duration="00:00:00.0005138" startTime="2016-01-24T03:03:16.2793965-08:00" endTime="2016-01-24T03:03:16.2813657-08:00" testType="13cdc9d9-ddb5-4fa4-a97d-d965ccfc6d4b" outcome="Passed" testListId="8c84fa94-04c1-424b-9868-57a2d4851a1d" relativeResultsDirectory="f10cdd0b-9f8e-4ae8-af55-7b688fe8d9b5" />
    <UnitTestResult executionId="26f2ea6f-8740-4d4e-b470-c33659a4c61f" testId="3b2d4e00-8238-5f80-defc-33ddbd58b055" testName="TestShebang" computerName="DESKTOP-RRA95A8" duration="00:00:00.0013992" startTime="2016-01-24T03:03:16.2852878-08:00" endTime="2016-01-24T03:03:16.2882339-08:00" testType="13cdc9d9-ddb5-4fa4-a97d-d965ccfc6d4b" outcome="Passed" testListId="8c84fa94-04c1-424b-9868-57a2d4851a1d" relativeResultsDirectory="26f2ea6f-8740-4d4e-b470-c33659a4c61f" />
    <UnitTestResult executionId="e54e2085-8add-429d-af40-ceb03239f9b1" testId="62876a38-0913-9d17-1217-cfdc6c51b1a5" testName="TestInvalidTrailingQuote" computerName="DESKTOP-RRA95A8" duration="00:00:00.0008245" startTime="2016-01-24T03:03:16.2921571-08:00" endTime="2016-01-24T03:03:16.2951011-08:00" testType="13cdc9d9-ddb5-4fa4-a97d-d965ccfc6d4b" outcome="Passed" testListId="8c84fa94-04c1-424b-9868-57a2d4851a1d" relativeResultsDirectory="e54e2085-8add-429d-af40-ceb03239f9b1" />
    <UnitTestResult executionId="6d57a0c5-db4d-4faf-9b3c-9c1b823785af" testId="3430b513-15f4-7291-6273-6fff709e7bf2" testName="TestMember" computerName="DESKTOP-RRA95A8" duration="00:00:00.0004835" startTime="2016-01-24T03:03:16.2990264-08:00" endTime="2016-01-24T03:03:16.3009898-08:00" testType="13cdc9d9-ddb5-4fa4-a97d-d965ccfc6d4b" outcome="Passed" testListId="8c84fa94-04c1-424b-9868-57a2d4851a1d" relativeResultsDirectory="6d57a0c5-db4d-4faf-9b3c-9c1b823785af" />
    <UnitTestResult executionId="2041dfdd-37b4-431b-af34-7cd6946cae1c" testId="456f028c-0c1c-d8d3-88d1-80530d5d3ad6" testName="TestInvalidMember" computerName="DESKTOP-RRA95A8" duration="00:00:00.0028849" startTime="2016-01-24T03:03:16.3049148-08:00" endTime="2016-01-24T03:03:16.3088405-08:00" testType="13cdc9d9-ddb5-4fa4-a97d-d965ccfc6d4b" outcome="Passed" testListId="8c84fa94-04c1-424b-9868-57a2d4851a1d" relativeResultsDirectory="2041dfdd-37b4-431b-af34-7cd6946cae1c" />
    <UnitTestResult executionId="739c6440-c08e-4ba3-a6e7-46739b9d75ad" testId="3009a18a-c60c-1039-7eb6-8bc272a06b21" testName="TestCall" computerName="DESKTOP-RRA95A8" duration="00:00:00.0012854" startTime="2016-01-24T03:03:16.3137471-08:00" endTime="2016-01-24T03:03:16.3176717-08:00" testType="13cdc9d9-ddb5-4fa4-a97d-d965ccfc6d4b" outcome="Passed" testListId="8c84fa94-04c1-424b-9868-57a2d4851a1d" relativeResultsDirectory="739c6440-c08e-4ba3-a6e7-46739b9d75ad" />
    <UnitTestResult executionId="fc86b271-d2fc-4a50-97f1-1cb900367962" testId="97c32f3e-a656-ca01-fafc-af1d6148f848" testName="TestUnaryOperator" computerName="DESKTOP-RRA95A8" duration="00:00:00.0007442" startTime="2016-01-24T03:03:16.3235601-08:00" endTime="2016-01-24T03:03:16.3265048-08:00" testType="13cdc9d9-ddb5-4fa4-a97d-d965ccfc6d4b" outcome="Passed" testListId="8c84fa94-04c1-424b-9868-57a2d4851a1d" relativeResultsDirectory="fc86b271-d2fc-4a50-97f1-1cb900367962" />
    <UnitTestResult executionId="bc750da5-cf39-486e-a7ed-f577b65b39a6" testId="27abbc19-189a-6be5-8035-383f1897afc5" testName="TestEmpty" computerName="DESKTOP-RRA95A8" duration="00:00:00.0007825" startTime="2016-01-24T03:03:16.3314107-08:00" endTime="2016-01-24T03:03:16.3343584-08:00" testType="13cdc9d9-ddb5-4fa4-a97d-d965ccfc6d4b" outcome="Passed" testListId="8c84fa94-04c1-424b-9868-57a2d4851a1d" relativeResultsDirectory="bc750da5-cf39-486e-a7ed-f577b65b39a6" />
    <UnitTestResult executionId="06edfd3d-9351-47fb-a433-1dc246b147a3" testId="da655596-c5ac-7bfd-68c7-4b35b6d25fef" testName="TestNew" computerName="DESKTOP-RRA95A8" duration="00:00:00.0005156" startTime="2016-01-24T03:03:16.3412270-08:00" endTime="2016-01-24T03:03:16.3461314-08:00" testType="13cdc9d9-ddb5-4fa4-a97d-d965ccfc6d4b" outcome="Passed" testListId="8c84fa94-04c1-424b-9868-57a2d4851a1d" relativeResultsDirectory="06edfd3d-9351-47fb-a433-1dc246b147a3" />
    <UnitTestResult executionId="3f32e9b4-2b64-42a4-946e-949791426fb6" testId="92140c3a-2b98-77d1-135e-08893461d782" testName="TestFormatRange" computerName="DESKTOP-RRA95A8" duration="00:00:00.0023415" startTime="2016-01-24T03:03:16.3520187-08:00" endTime="2016-01-24T03:03:16.3569265-08:00" testType="13cdc9d9-ddb5-4fa4-a97d-d965ccfc6d4b" outcome="Passed" testListId="8c84fa94-04c1-424b-9868-57a2d4851a1d" relativeResultsDirectory="3f32e9b4-2b64-42a4-946e-949791426fb6">
      <Output>
        <StdOut>function f() {    
    return   42;
}
throw   42;
throw ;
x=42;
x=42;
debugger ;
while (true) {    
    break ;
}
while (true) {    
    continue ;
}
var x=1,y=2;
var x=1,y=2 ;</StdOut>
      </Output>
    </UnitTestResult>
    <UnitTestResult executionId="fa222eb8-efbb-41be-a99c-16996c404aec" testId="2c777e65-c16b-9efc-54fd-7f1e0efc3a45" testName="TestFormatAfterCloseBrace" computerName="DESKTOP-RRA95A8" duration="00:00:00.0173200" startTime="2016-01-24T03:03:16.3648026-08:00" endTime="2016-01-24T03:03:16.3839235-08:00" testType="13cdc9d9-ddb5-4fa4-a97d-d965ccfc6d4b" outcome="Passed" testListId="8c84fa94-04c1-424b-9868-57a2d4851a1d" relativeResultsDirectory="fa222eb8-efbb-41be-a99c-16996c404aec">
      <Output>
        <StdOut>while(true) {
blah
!
with(true) {
blah
!
for(var i=0;i&lt;10;i++) {
blah
!
for(var x  in  []) {
blah
!
{
blah
!
switch(abc){
case 42: return null;
!
try {
abc
!
try {
abc
}catch(abc){
abc
!
try {
abc
}finally{
abc
!
{
    break;
!
{
    break ;
!
module.exports = {
    f: function () { console!
}</StdOut>
      </Output>
    </UnitTestResult>
    <UnitTestResult executionId="d220eaa1-9572-4a49-9e21-7d7daf812f2c" testId="7b1d6de6-6ecb-eafa-b80a-fbf25f2ab255" testName="TestLabeledStatement" computerName="DESKTOP-RRA95A8" duration="00:00:00.0010929" startTime="2016-01-24T03:03:16.3878481-08:00" endTime="2016-01-24T03:03:16.3907921-08:00" testType="13cdc9d9-ddb5-4fa4-a97d-d965ccfc6d4b" outcome="Passed" testListId="8c84fa94-04c1-424b-9868-57a2d4851a1d" relativeResultsDirectory="d220eaa1-9572-4a49-9e21-7d7daf812f2c" />
    <UnitTestResult executionId="6cae1056-fe99-4254-96a5-7262d2f6b980" testId="c5fde33b-6796-8201-7791-8faeb278dcf6" testName="TestContinue" computerName="DESKTOP-RRA95A8" duration="00:00:00.0005389" startTime="2016-01-24T03:03:16.3947218-08:00" endTime="2016-01-24T03:03:16.3976614-08:00" testType="13cdc9d9-ddb5-4fa4-a97d-d965ccfc6d4b" outcome="Passed" testListId="8c84fa94-04c1-424b-9868-57a2d4851a1d" relativeResultsDirectory="6cae1056-fe99-4254-96a5-7262d2f6b980" />
    <UnitTestResult executionId="4204d2bb-b2bc-4dd4-a394-f1c7097ba443" testId="25511989-e150-edbe-ce78-8a33e8764fd1" testName="TestBlock" computerName="DESKTOP-RRA95A8" duration="00:00:00.0008861" startTime="2016-01-24T03:03:16.4006058-08:00" endTime="2016-01-24T03:03:16.4035494-08:00" testType="13cdc9d9-ddb5-4fa4-a97d-d965ccfc6d4b" outcome="Passed" testListId="8c84fa94-04c1-424b-9868-57a2d4851a1d" relativeResultsDirectory="4204d2bb-b2bc-4dd4-a394-f1c7097ba443" />
    <UnitTestResult executionId="44f47a92-e8be-4184-839c-0a75b856870f" testId="7c942d80-10f9-df61-c449-6547c6df5bfc" testName="TestBreak" computerName="DESKTOP-RRA95A8" duration="00:00:00.0037050" startTime="2016-01-24T03:03:16.4104191-08:00" endTime="2016-01-24T03:03:16.4172880-08:00" testType="13cdc9d9-ddb5-4fa4-a97d-d965ccfc6d4b" outcome="Passed" testListId="8c84fa94-04c1-424b-9868-57a2d4851a1d" relativeResultsDirectory="44f47a92-e8be-4184-839c-0a75b856870f" />
    <UnitTestResult executionId="031268b9-9703-44a6-a0a8-725408cb95ff" testId="79495309-77d2-b6de-0cd9-bd186127530a" testName="TestFunction" computerName="DESKTOP-RRA95A8" duration="00:00:00.0005291" startTime="2016-01-24T03:03:16.4221947-08:00" endTime="2016-01-24T03:03:16.4251405-08:00" testType="13cdc9d9-ddb5-4fa4-a97d-d965ccfc6d4b" outcome="Passed" testListId="8c84fa94-04c1-424b-9868-57a2d4851a1d" relativeResultsDirectory="031268b9-9703-44a6-a0a8-725408cb95ff" />
    <UnitTestResult executionId="4f6563ae-d2fa-423e-8ed6-379f02756ee4" testId="1e44c3d0-dbd3-a92e-eaa1-684f1c2a5ec4" testName="TestReturn" computerName="DESKTOP-RRA95A8" duration="00:00:00.0004500" startTime="2016-01-24T03:03:16.4300457-08:00" endTime="2016-01-24T03:03:16.4320102-08:00" testType="13cdc9d9-ddb5-4fa4-a97d-d965ccfc6d4b" outcome="Passed" testListId="8c84fa94-04c1-424b-9868-57a2d4851a1d" relativeResultsDirectory="4f6563ae-d2fa-423e-8ed6-379f02756ee4" />
    <UnitTestResult executionId="2ae92d27-f27e-427c-9327-fb935f753672" testId="721da21e-1cfa-0652-cb34-b72ecb7c7be7" testName="TestYield" computerName="DESKTOP-RRA95A8" duration="00:00:00.0038403" startTime="2016-01-24T03:03:16.4359333-08:00" endTime="2016-01-24T03:03:16.4418217-08:00" testType="13cdc9d9-ddb5-4fa4-a97d-d965ccfc6d4b" outcome="Passed" testListId="8c84fa94-04c1-424b-9868-57a2d4851a1d" relativeResultsDirectory="2ae92d27-f27e-427c-9327-fb935f753672" />
    <UnitTestResult executionId="87217279-3d4c-4250-8004-a6425093c591" testId="4859310e-a4c6-45be-85ad-243d7dedaf34" testName="TestThrow" computerName="DESKTOP-RRA95A8" duration="00:00:00.0004562" startTime="2016-01-24T03:03:16.4457470-08:00" endTime="2016-01-24T03:03:16.4477101-08:00" testType="13cdc9d9-ddb5-4fa4-a97d-d965ccfc6d4b" outcome="Passed" testListId="8c84fa94-04c1-424b-9868-57a2d4851a1d" relativeResultsDirectory="87217279-3d4c-4250-8004-a6425093c591" />
    <UnitTestResult executionId="4a8c9040-8527-4ef6-ab49-d57f37b9d887" testId="a5250bce-785b-e14b-e7a9-96c4ab66eb76" testName="TestObjectLiteral" computerName="DESKTOP-RRA95A8" duration="00:00:00.0008868" startTime="2016-01-24T03:03:16.4506533-08:00" endTime="2016-01-24T03:03:16.4535984-08:00" testType="13cdc9d9-ddb5-4fa4-a97d-d965ccfc6d4b" outcome="Passed" testListId="8c84fa94-04c1-424b-9868-57a2d4851a1d" relativeResultsDirectory="4a8c9040-8527-4ef6-ab49-d57f37b9d887" />
    <UnitTestResult executionId="233f807e-f0ef-49e2-92a7-dd3cb5d33712" testId="8782665a-bb31-1751-49ec-02f12fae4b60" testName="TestIndentObjectLiteralWithoutComma" computerName="DESKTOP-RRA95A8" duration="00:00:00.0004627" startTime="2016-01-24T03:03:16.4565417-08:00" endTime="2016-01-24T03:03:16.4585051-08:00" testType="13cdc9d9-ddb5-4fa4-a97d-d965ccfc6d4b" outcome="Passed" testListId="8c84fa94-04c1-424b-9868-57a2d4851a1d" relativeResultsDirectory="233f807e-f0ef-49e2-92a7-dd3cb5d33712" />
    <UnitTestResult executionId="fb07e16b-1a1a-4906-86b8-c4b946e5db0f" testId="07710adf-42a6-3cd2-cfe0-30fd60d48d12" testName="TestDoWhile" computerName="DESKTOP-RRA95A8" duration="00:00:00.0024170" startTime="2016-01-24T03:03:16.4614480-08:00" endTime="2016-01-24T03:03:16.4659192-08:00" testType="13cdc9d9-ddb5-4fa4-a97d-d965ccfc6d4b" outcome="Passed" testListId="8c84fa94-04c1-424b-9868-57a2d4851a1d" relativeResultsDirectory="fb07e16b-1a1a-4906-86b8-c4b946e5db0f" />
    <UnitTestResult executionId="32b39b54-da0c-4a4c-a7f2-0ae90d82d36f" testId="f1fa14d9-986d-dbca-9065-40e27b8d0301" testName="TestControlFlowBraceCombo" computerName="DESKTOP-RRA95A8" duration="00:00:00.0003457" startTime="2016-01-24T03:03:16.4689270-08:00" endTime="2016-01-24T03:03:16.4704313-08:00" testType="13cdc9d9-ddb5-4fa4-a97d-d965ccfc6d4b" outcome="Passed" testListId="8c84fa94-04c1-424b-9868-57a2d4851a1d" relativeResultsDirectory="32b39b54-da0c-4a4c-a7f2-0ae90d82d36f" />
    <UnitTestResult executionId="5a1af04d-cd13-42e7-b40a-c3919f3537c6" testId="ae6f189c-1ff5-d0a9-15e5-12ae8a7237e1" testName="TestSpaceAfterOpeningAndBeforeClosingNonEmptyParenthesis" computerName="DESKTOP-RRA95A8" duration="00:00:00.0026300" startTime="2016-01-24T03:03:16.4739405-08:00" endTime="2016-01-24T03:03:16.4784526-08:00" testType="13cdc9d9-ddb5-4fa4-a97d-d965ccfc6d4b" outcome="Passed" testListId="8c84fa94-04c1-424b-9868-57a2d4851a1d" relativeResultsDirectory="5a1af04d-cd13-42e7-b40a-c3919f3537c6" />
    <UnitTestResult executionId="2a928c37-13ad-4154-83b1-558cb76dad57" testId="9c788f80-1fbe-669d-539f-b18f0f7416e9" testName="TestSpaceAfterOpeningAndBeforeClosingNonEmptyParenthesis2" computerName="DESKTOP-RRA95A8" duration="00:00:00.0013737" startTime="2016-01-24T03:03:16.4814218-08:00" endTime="2016-01-24T03:03:16.4843662-08:00" testType="13cdc9d9-ddb5-4fa4-a97d-d965ccfc6d4b" outcome="Passed" testListId="8c84fa94-04c1-424b-9868-57a2d4851a1d" relativeResultsDirectory="2a928c37-13ad-4154-83b1-558cb76dad57" />
    <UnitTestResult executionId="31d7bc70-b000-404f-8e47-6f098ffc09d1" testId="1b6dab39-4da4-d4b6-7055-174d077cd492" testName="TestArithmetic" computerName="DESKTOP-RRA95A8" duration="00:00:00.0002680" startTime="2016-01-24T03:03:16.4873098-08:00" endTime="2016-01-24T03:03:16.4892732-08:00" testType="13cdc9d9-ddb5-4fa4-a97d-d965ccfc6d4b" outcome="Passed" testListId="8c84fa94-04c1-424b-9868-57a2d4851a1d" relativeResultsDirectory="31d7bc70-b000-404f-8e47-6f098ffc09d1" />
    <UnitTestResult executionId="c4456700-7471-4b43-9184-89869fde8d4f" testId="1ac2609c-609b-8387-d002-be26bf32ec27" testName="TestVariableDecl" computerName="DESKTOP-RRA95A8" duration="00:00:00.0004448" startTime="2016-01-24T03:03:16.4922164-08:00" endTime="2016-01-24T03:03:16.4941798-08:00" testType="13cdc9d9-ddb5-4fa4-a97d-d965ccfc6d4b" outcome="Passed" testListId="8c84fa94-04c1-424b-9868-57a2d4851a1d" relativeResultsDirectory="c4456700-7471-4b43-9184-89869fde8d4f" />
    <UnitTestResult executionId="ef79ee72-298c-4586-b260-05560abb57e6" testId="785e71bb-41fc-3be0-cc73-dcdee581b85b" testName="TestLexcialDecl" computerName="DESKTOP-RRA95A8" duration="00:00:00.0002384" startTime="2016-01-24T03:03:16.4981048-08:00" endTime="2016-01-24T03:03:16.4990865-08:00" testType="13cdc9d9-ddb5-4fa4-a97d-d965ccfc6d4b" outcome="Passed" testListId="8c84fa94-04c1-424b-9868-57a2d4851a1d" relativeResultsDirectory="ef79ee72-298c-4586-b260-05560abb57e6" />
    <UnitTestResult executionId="0bf9c635-2ce1-4d1e-afed-541dd6354a5c" testId="0717b4b5-a43c-582d-6072-e5ff5e53aa51" testName="TestForIn" computerName="DESKTOP-RRA95A8" duration="00:00:00.0002512" startTime="2016-01-24T03:03:16.5020298-08:00" endTime="2016-01-24T03:03:16.5039935-08:00" testType="13cdc9d9-ddb5-4fa4-a97d-d965ccfc6d4b" outcome="Passed" testListId="8c84fa94-04c1-424b-9868-57a2d4851a1d" relativeResultsDirectory="0bf9c635-2ce1-4d1e-afed-541dd6354a5c" />
    <UnitTestResult executionId="5f940231-477f-4b71-be74-370941456b6d" testId="7c2a88b9-0512-d515-7c2a-fb397dd6fb50" testName="TestFor" computerName="DESKTOP-RRA95A8" duration="00:00:00.0004361" startTime="2016-01-24T03:03:16.5079178-08:00" endTime="2016-01-24T03:03:16.5098815-08:00" testType="13cdc9d9-ddb5-4fa4-a97d-d965ccfc6d4b" outcome="Passed" testListId="8c84fa94-04c1-424b-9868-57a2d4851a1d" relativeResultsDirectory="5f940231-477f-4b71-be74-370941456b6d" />
    <UnitTestResult executionId="ad1a38fc-756a-4b8f-9308-f16f61f96527" testId="7b3e5880-514c-cf30-61c5-c0cd5db11e6e" testName="TestSpaceAfterComma" computerName="DESKTOP-RRA95A8" duration="00:00:00.0004583" startTime="2016-01-24T03:03:16.5138061-08:00" endTime="2016-01-24T03:03:16.5157691-08:00" testType="13cdc9d9-ddb5-4fa4-a97d-d965ccfc6d4b" outcome="Passed" testListId="8c84fa94-04c1-424b-9868-57a2d4851a1d" relativeResultsDirectory="ad1a38fc-756a-4b8f-9308-f16f61f96527" />
    <UnitTestResult executionId="09f72bee-47dd-4d8f-b2f7-f146e64dba9e" testId="6bb4f18d-1e28-8003-f570-fa513edc0b95" testName="TestSpaceAfterFunctionInAnonymousFunctions" computerName="DESKTOP-RRA95A8" duration="00:00:00.0003639" startTime="2016-01-24T03:03:16.5187124-08:00" endTime="2016-01-24T03:03:16.5206762-08:00" testType="13cdc9d9-ddb5-4fa4-a97d-d965ccfc6d4b" outcome="Passed" testListId="8c84fa94-04c1-424b-9868-57a2d4851a1d" relativeResultsDirectory="09f72bee-47dd-4d8f-b2f7-f146e64dba9e" />
    <UnitTestResult executionId="aa7aa2c3-fcb7-40e5-9d4f-eb8f173ec006" testId="8c30ab53-5f6d-c776-6c21-ea17d5f2a40c" testName="TestNestedSwitch" computerName="DESKTOP-RRA95A8" duration="00:00:00.0003551" startTime="2016-01-24T03:03:16.5236563-08:00" endTime="2016-01-24T03:03:16.5255843-08:00" testType="13cdc9d9-ddb5-4fa4-a97d-d965ccfc6d4b" outcome="Passed" testListId="8c84fa94-04c1-424b-9868-57a2d4851a1d" relativeResultsDirectory="aa7aa2c3-fcb7-40e5-9d4f-eb8f173ec006" />
    <UnitTestResult executionId="6cd73359-cb27-4966-a4ec-73d456bc3e96" testId="70715723-7619-0e18-a8ef-3ea6745bd74e" testName="TestNestedIfs" computerName="DESKTOP-RRA95A8" duration="00:00:00.0004164" startTime="2016-01-24T03:03:16.5285257-08:00" endTime="2016-01-24T03:03:16.5305238-08:00" testType="13cdc9d9-ddb5-4fa4-a97d-d965ccfc6d4b" outcome="Passed" testListId="8c84fa94-04c1-424b-9868-57a2d4851a1d" relativeResultsDirectory="6cd73359-cb27-4966-a4ec-73d456bc3e96" />
    <UnitTestResult executionId="bdf018df-b4f3-42ae-a52f-2a83d0aa7284" testId="c14e51bd-3f7d-40d9-fee9-362fb422f40d" testName="TestSwitch" computerName="DESKTOP-RRA95A8" duration="00:00:00.0008646" startTime="2016-01-24T03:03:16.5334678-08:00" endTime="2016-01-24T03:03:16.5364107-08:00" testType="13cdc9d9-ddb5-4fa4-a97d-d965ccfc6d4b" outcome="Passed" testListId="8c84fa94-04c1-424b-9868-57a2d4851a1d" relativeResultsDirectory="bdf018df-b4f3-42ae-a52f-2a83d0aa7284" />
    <UnitTestResult executionId="9cf8cec9-fdff-4aae-9545-679135244d87" testId="d0a5db3f-bec1-3d9b-04c3-a6b4a0926780" testName="TestNewLineBracesForFunctions" computerName="DESKTOP-RRA95A8" duration="00:00:00.0004707" startTime="2016-01-24T03:03:16.5393554-08:00" endTime="2016-01-24T03:03:16.5412830-08:00" testType="13cdc9d9-ddb5-4fa4-a97d-d965ccfc6d4b" outcome="Passed" testListId="8c84fa94-04c1-424b-9868-57a2d4851a1d" relativeResultsDirectory="9cf8cec9-fdff-4aae-9545-679135244d87" />
    <UnitTestResult executionId="ea1ec34b-ee4f-4f29-ade8-df4e1c2bbf5b" testId="af0985ec-d131-a68a-f390-a66d92806fa2" testName="TestInsertTabs" computerName="DESKTOP-RRA95A8" duration="00:00:00.0005254" startTime="2016-01-24T03:03:16.5461904-08:00" endTime="2016-01-24T03:03:16.5481553-08:00" testType="13cdc9d9-ddb5-4fa4-a97d-d965ccfc6d4b" outcome="Passed" testListId="8c84fa94-04c1-424b-9868-57a2d4851a1d" relativeResultsDirectory="ea1ec34b-ee4f-4f29-ade8-df4e1c2bbf5b" />
    <UnitTestResult executionId="f10677bf-8ab3-4ede-a479-fd172a8b3a9b" testId="04fe193e-7e22-9a70-06a3-e74bceae80ba" testName="TestComments" computerName="DESKTOP-RRA95A8" duration="00:00:00.0008394" startTime="2016-01-24T03:03:16.5520777-08:00" endTime="2016-01-24T03:03:16.5550246-08:00" testType="13cdc9d9-ddb5-4fa4-a97d-d965ccfc6d4b" outcome="Passed" testListId="8c84fa94-04c1-424b-9868-57a2d4851a1d" relativeResultsDirectory="f10677bf-8ab3-4ede-a479-fd172a8b3a9b" />
    <UnitTestResult executionId="ef14ce90-35ec-444f-b1eb-911127bb471c" testId="2c1bc31c-d688-4a35-037f-bb430b7e7971" testName="TestSingleLineComments" computerName="DESKTOP-RRA95A8" duration="00:00:00.0017413" startTime="2016-01-24T03:03:16.5579657-08:00" endTime="2016-01-24T03:03:16.5618932-08:00" testType="13cdc9d9-ddb5-4fa4-a97d-d965ccfc6d4b" outcome="Passed" testListId="8c84fa94-04c1-424b-9868-57a2d4851a1d" relativeResultsDirectory="ef14ce90-35ec-444f-b1eb-911127bb471c" />
    <UnitTestResult executionId="513e1a4a-8ad1-4fe3-adaf-295d7b4e0a67" testId="ad1e191e-825d-ef3c-99b8-c041d91b63c9" testName="TestInsertSpaces" computerName="DESKTOP-RRA95A8" duration="00:00:00.0009116" startTime="2016-01-24T03:03:16.5658649-08:00" endTime="2016-01-24T03:03:16.5689073-08:00" testType="13cdc9d9-ddb5-4fa4-a97d-d965ccfc6d4b" outcome="Passed" testListId="8c84fa94-04c1-424b-9868-57a2d4851a1d" relativeResultsDirectory="513e1a4a-8ad1-4fe3-adaf-295d7b4e0a67" />
    <UnitTestResult executionId="e44945e8-a841-4436-8fad-2735f469f0cf" testId="3c694a15-a716-b4a5-dd65-f4323331743e" testName="TestNewLineBracesForFlowControl" computerName="DESKTOP-RRA95A8" duration="00:00:00.0016297" startTime="2016-01-24T03:03:16.5733851-08:00" endTime="2016-01-24T03:03:16.5773958-08:00" testType="13cdc9d9-ddb5-4fa4-a97d-d965ccfc6d4b" outcome="Passed" testListId="8c84fa94-04c1-424b-9868-57a2d4851a1d" relativeResultsDirectory="e44945e8-a841-4436-8fad-2735f469f0cf" />
    <UnitTestResult executionId="1dbc80a9-5885-4b37-9662-60f0013becc6" testId="1497052d-c3c0-0828-43b4-5263aaa5f94f" testName="TestNewLineBracesForFlowControl2" computerName="DESKTOP-RRA95A8" duration="00:00:00.0012307" startTime="2016-01-24T03:03:16.5803883-08:00" endTime="2016-01-24T03:03:16.5843468-08:00" testType="13cdc9d9-ddb5-4fa4-a97d-d965ccfc6d4b" outcome="Passed" testListId="8c84fa94-04c1-424b-9868-57a2d4851a1d" relativeResultsDirectory="1dbc80a9-5885-4b37-9662-60f0013becc6" />
    <UnitTestResult executionId="79e76656-a7b9-4f04-a7c4-e5dd25d4cd4e" testId="666e1350-3aba-1f18-d969-f357758f661b" testName="TestIf" computerName="DESKTOP-RRA95A8" duration="00:00:00.0004456" startTime="2016-01-24T03:03:16.5882356-08:00" endTime="2016-01-24T03:03:16.5901983-08:00" testType="13cdc9d9-ddb5-4fa4-a97d-d965ccfc6d4b" outcome="Passed" testListId="8c84fa94-04c1-424b-9868-57a2d4851a1d" relativeResultsDirectory="79e76656-a7b9-4f04-a7c4-e5dd25d4cd4e" />
    <UnitTestResult executionId="33f1be48-2b85-4c03-baf4-6e65ad0e2775" testId="289fd3a0-ab25-71c9-e1b4-802c4f94aa3a" testName="TestNestedBlock" computerName="DESKTOP-RRA95A8" duration="00:00:00.0010615" startTime="2016-01-24T03:03:16.5941233-08:00" endTime="2016-01-24T03:03:16.5970695-08:00" testType="13cdc9d9-ddb5-4fa4-a97d-d965ccfc6d4b" outcome="Passed" testListId="8c84fa94-04c1-424b-9868-57a2d4851a1d" relativeResultsDirectory="33f1be48-2b85-4c03-baf4-6e65ad0e2775" />
    <UnitTestResult executionId="2a9fa375-78b7-44a2-b146-3299f29378a8" testId="ea573a37-6c08-e408-5ef0-3bd45af62b36" testName="TestSpacesAroundBinaryOperator" computerName="DESKTOP-RRA95A8" duration="00:00:00.0012934" startTime="2016-01-24T03:03:16.6009926-08:00" endTime="2016-01-24T03:03:16.6039381-08:00" testType="13cdc9d9-ddb5-4fa4-a97d-d965ccfc6d4b" outcome="Passed" testListId="8c84fa94-04c1-424b-9868-57a2d4851a1d" relativeResultsDirectory="2a9fa375-78b7-44a2-b146-3299f29378a8" />
    <UnitTestResult executionId="4e64ec66-d7bb-432c-a6a1-8cfd44e195be" testId="cde28bd9-6a69-9a0b-4c2c-356e5e3cc9b8" testName="TestSpaceAfterKeywordsInControlFlowStatements" computerName="DESKTOP-RRA95A8" duration="00:00:00.0010006" startTime="2016-01-24T03:03:16.6078623-08:00" endTime="2016-01-24T03:03:16.6108077-08:00" testType="13cdc9d9-ddb5-4fa4-a97d-d965ccfc6d4b" outcome="Passed" testListId="8c84fa94-04c1-424b-9868-57a2d4851a1d" relativeResultsDirectory="4e64ec66-d7bb-432c-a6a1-8cfd44e195be" />
    <UnitTestResult executionId="4c4b91ae-03dd-4ab8-a5ac-bf4f2f83b017" testId="e9a43c5d-ef87-bdc2-1bdd-c303aa5708c0" testName="TestSimple" computerName="DESKTOP-RRA95A8" duration="00:00:00.0007661" startTime="2016-01-24T03:03:16.6157129-08:00" endTime="2016-01-24T03:03:16.6176771-08:00" testType="13cdc9d9-ddb5-4fa4-a97d-d965ccfc6d4b" outcome="Passed" testListId="8c84fa94-04c1-424b-9868-57a2d4851a1d" relativeResultsDirectory="4c4b91ae-03dd-4ab8-a5ac-bf4f2f83b017" />
    <UnitTestResult executionId="5eabb706-b18d-4ae5-ba6d-f2ad46e5c834" testId="f826abce-a868-5e39-b035-19a5b1fbade0" testName="TestFormatterNotReplacingAggressively" computerName="DESKTOP-RRA95A8" duration="00:00:00.0003909" startTime="2016-01-24T03:03:16.6216013-08:00" endTime="2016-01-24T03:03:16.6235640-08:00" testType="13cdc9d9-ddb5-4fa4-a97d-d965ccfc6d4b" outcome="Passed" testListId="8c84fa94-04c1-424b-9868-57a2d4851a1d" relativeResultsDirectory="5eabb706-b18d-4ae5-ba6d-f2ad46e5c834" />
    <UnitTestResult executionId="ac593865-52ec-409a-8553-4df079fe177c" testId="6718fd09-88dc-e369-86cd-2398d51489fd" testName="TestArrayLiteral" computerName="DESKTOP-RRA95A8" duration="00:00:00.0019951" startTime="2016-01-24T03:03:16.6274889-08:00" endTime="2016-01-24T03:03:16.6314146-08:00" testType="13cdc9d9-ddb5-4fa4-a97d-d965ccfc6d4b" outcome="Passed" testListId="8c84fa94-04c1-424b-9868-57a2d4851a1d" relativeResultsDirectory="ac593865-52ec-409a-8553-4df079fe177c" />
    <UnitTestResult executionId="f593ee02-6904-4c38-b0da-07c19ca5962d" testId="5e9241f4-91dc-2132-e671-acf09f0fe963" testName="TestBinaryOperator" computerName="DESKTOP-RRA95A8" duration="00:00:00.0010980" startTime="2016-01-24T03:03:16.6353392-08:00" endTime="2016-01-24T03:03:16.6382832-08:00" testType="13cdc9d9-ddb5-4fa4-a97d-d965ccfc6d4b" outcome="Passed" testListId="8c84fa94-04c1-424b-9868-57a2d4851a1d" relativeResultsDirectory="f593ee02-6904-4c38-b0da-07c19ca5962d" />
    <UnitTestResult executionId="2370b664-0dfd-4a6b-8e18-5462f0fc4682" testId="26ad7349-3dd7-0896-82e3-6ae08c0aeaad" testName="TestLoopBreakContinue" computerName="DESKTOP-RRA95A8" duration="00:00:00.0015629" startTime="2016-01-24T03:03:16.6422085-08:00" endTime="2016-01-24T03:03:16.6461339-08:00" testType="13cdc9d9-ddb5-4fa4-a97d-d965ccfc6d4b" outcome="Passed" testListId="8c84fa94-04c1-424b-9868-57a2d4851a1d" relativeResultsDirectory="2370b664-0dfd-4a6b-8e18-5462f0fc4682" />
    <UnitTestResult executionId="4423b1e1-baf4-4e11-9882-cb9355e046e3" testId="1751e2ba-b080-70c1-8036-e742cd544b58" testName="TestCommaOperator" computerName="DESKTOP-RRA95A8" duration="00:00:00.0006885" startTime="2016-01-24T03:03:16.6500596-08:00" endTime="2016-01-24T03:03:16.6520222-08:00" testType="13cdc9d9-ddb5-4fa4-a97d-d965ccfc6d4b" outcome="Passed" testListId="8c84fa94-04c1-424b-9868-57a2d4851a1d" relativeResultsDirectory="4423b1e1-baf4-4e11-9882-cb9355e046e3" />
    <UnitTestResult executionId="f4025b50-7c63-47e0-ba80-b7e7efaadd9e" testId="33f07877-e5f7-3d57-77b5-ca7673720a53" testName="TestCallNode" computerName="DESKTOP-RRA95A8" duration="00:00:00.0020815" startTime="2016-01-24T03:03:16.6559479-08:00" endTime="2016-01-24T03:03:16.6598740-08:00" testType="13cdc9d9-ddb5-4fa4-a97d-d965ccfc6d4b" outcome="Passed" testListId="8c84fa94-04c1-424b-9868-57a2d4851a1d" relativeResultsDirectory="f4025b50-7c63-47e0-ba80-b7e7efaadd9e" />
    <UnitTestResult executionId="06237b83-076a-427e-865a-33a2b7d7ca2c" testId="aaf865ec-61a0-0e70-82b6-2b739ef6e3fc" testName="TestConditional" computerName="DESKTOP-RRA95A8" duration="00:00:00.0004817" startTime="2016-01-24T03:03:16.6628180-08:00" endTime="2016-01-24T03:03:16.6653050-08:00" testType="13cdc9d9-ddb5-4fa4-a97d-d965ccfc6d4b" outcome="Passed" testListId="8c84fa94-04c1-424b-9868-57a2d4851a1d" relativeResultsDirectory="06237b83-076a-427e-865a-33a2b7d7ca2c" />
    <UnitTestResult executionId="feb5b41c-e44b-4ef9-ad29-d6cd43dc2b3b" testId="1a2fb27f-167a-4aa7-2bff-a1e6bb4a12f4" testName="TestConstant" computerName="DESKTOP-RRA95A8" duration="00:00:00.0007176" startTime="2016-01-24T03:03:16.6683129-08:00" endTime="2016-01-24T03:03:16.6703182-08:00" testType="13cdc9d9-ddb5-4fa4-a97d-d965ccfc6d4b" outcome="Passed" testListId="8c84fa94-04c1-424b-9868-57a2d4851a1d" relativeResultsDirectory="feb5b41c-e44b-4ef9-ad29-d6cd43dc2b3b" />
    <UnitTestResult executionId="12971ee4-6889-45b3-aae8-f4fb35ba08bb" testId="a3f00a76-33ed-6d14-d841-1f2880fb2455" testName="TestConstStatement" computerName="DESKTOP-RRA95A8" duration="00:00:00.0010466" startTime="2016-01-24T03:03:16.6738278-08:00" endTime="2016-01-24T03:03:16.6763353-08:00" testType="13cdc9d9-ddb5-4fa4-a97d-d965ccfc6d4b" outcome="Passed" testListId="8c84fa94-04c1-424b-9868-57a2d4851a1d" relativeResultsDirectory="12971ee4-6889-45b3-aae8-f4fb35ba08bb" />
    <UnitTestResult executionId="43aac056-664d-4be7-a386-af7194a94829" testId="3ca2a3c0-e22e-dbaa-fa48-e66138ef6319" testName="TestDebuggerStatement" computerName="DESKTOP-RRA95A8" duration="00:00:00.0003551" startTime="2016-01-24T03:03:16.6793435-08:00" endTime="2016-01-24T03:03:16.6813068-08:00" testType="13cdc9d9-ddb5-4fa4-a97d-d965ccfc6d4b" outcome="Passed" testListId="8c84fa94-04c1-424b-9868-57a2d4851a1d" relativeResultsDirectory="43aac056-664d-4be7-a386-af7194a94829" />
    <UnitTestResult executionId="dc3bf4e5-3b1d-4f00-a16d-f95e4e410fac" testId="342833dc-56d6-c054-85c1-0939f59c472b" testName="TestDoWhile" computerName="DESKTOP-RRA95A8" duration="00:00:00.0004299" startTime="2016-01-24T03:03:16.6842505-08:00" endTime="2016-01-24T03:03:16.6862139-08:00" testType="13cdc9d9-ddb5-4fa4-a97d-d965ccfc6d4b" outcome="Passed" testListId="8c84fa94-04c1-424b-9868-57a2d4851a1d" relativeResultsDirectory="dc3bf4e5-3b1d-4f00-a16d-f95e4e410fac" />
    <UnitTestResult executionId="9b1fade2-0c4d-4f64-a221-02daaabce64e" testId="a7c94da1-d253-eb65-bb51-4059aa1b30a5" testName="TestEmptyStatement" computerName="DESKTOP-RRA95A8" duration="00:00:00.0003300" startTime="2016-01-24T03:03:16.6891568-08:00" endTime="2016-01-24T03:03:16.6911202-08:00" testType="13cdc9d9-ddb5-4fa4-a97d-d965ccfc6d4b" outcome="Passed" testListId="8c84fa94-04c1-424b-9868-57a2d4851a1d" relativeResultsDirectory="9b1fade2-0c4d-4f64-a221-02daaabce64e" />
    <UnitTestResult executionId="9a8158df-118a-4783-811d-7e8160d7d206" testId="3a928a09-2493-1f02-a7bb-bec160a4f033" testName="TestForIn" computerName="DESKTOP-RRA95A8" duration="00:00:00.0005327" startTime="2016-01-24T03:03:16.6950451-08:00" endTime="2016-01-24T03:03:16.6970078-08:00" testType="13cdc9d9-ddb5-4fa4-a97d-d965ccfc6d4b" outcome="Passed" testListId="8c84fa94-04c1-424b-9868-57a2d4851a1d" relativeResultsDirectory="9a8158df-118a-4783-811d-7e8160d7d206" />
    <UnitTestResult executionId="f4a1315b-3f1a-4cef-b20e-898e90f0eaf4" testId="377db32e-f9b0-2ba5-2e65-71a4aa8940ce" testName="TestFor" computerName="DESKTOP-RRA95A8" duration="00:00:00.0013354" startTime="2016-01-24T03:03:16.6999587-08:00" endTime="2016-01-24T03:03:16.7028954-08:00" testType="13cdc9d9-ddb5-4fa4-a97d-d965ccfc6d4b" outcome="Passed" testListId="8c84fa94-04c1-424b-9868-57a2d4851a1d" relativeResultsDirectory="f4a1315b-3f1a-4cef-b20e-898e90f0eaf4" />
    <UnitTestResult executionId="fe5c14b9-84ab-488e-89c1-30dca7bd7482" testId="dca775bb-0b9e-92fc-01cb-a87cb4093cf8" testName="TestFunction" computerName="DESKTOP-RRA95A8" duration="00:00:00.0008073" startTime="2016-01-24T03:03:16.7058391-08:00" endTime="2016-01-24T03:03:16.7087882-08:00" testType="13cdc9d9-ddb5-4fa4-a97d-d965ccfc6d4b" outcome="Passed" testListId="8c84fa94-04c1-424b-9868-57a2d4851a1d" relativeResultsDirectory="fe5c14b9-84ab-488e-89c1-30dca7bd7482" />
    <UnitTestResult executionId="f8330437-d0b2-4908-9eb4-cecb9bb24f06" testId="0c0f8d52-2ffc-348c-0db4-c8770d637394" testName="TestGetSet" computerName="DESKTOP-RRA95A8" duration="00:00:00.0016220" startTime="2016-01-24T03:03:16.7117278-08:00" endTime="2016-01-24T03:03:16.7146718-08:00" testType="13cdc9d9-ddb5-4fa4-a97d-d965ccfc6d4b" outcome="Passed" testListId="8c84fa94-04c1-424b-9868-57a2d4851a1d" relativeResultsDirectory="f8330437-d0b2-4908-9eb4-cecb9bb24f06" />
    <UnitTestResult executionId="2d4dd94b-d92c-4547-9394-c8ac82c59cd7" testId="b9e984fe-28a3-b150-0152-cb8ffb3a0108" testName="TestGrouping" computerName="DESKTOP-RRA95A8" duration="00:00:00.0004190" startTime="2016-01-24T03:03:16.7185971-08:00" endTime="2016-01-24T03:03:16.7205601-08:00" testType="13cdc9d9-ddb5-4fa4-a97d-d965ccfc6d4b" outcome="Passed" testListId="8c84fa94-04c1-424b-9868-57a2d4851a1d" relativeResultsDirectory="2d4dd94b-d92c-4547-9394-c8ac82c59cd7" />
    <UnitTestResult executionId="eaf21c15-5ee1-4379-b72f-54d812a9d756" testId="aab6c5df-d8ae-2072-0bb1-bf4cefc9d002" testName="TestIf" computerName="DESKTOP-RRA95A8" duration="00:00:00.0005247" startTime="2016-01-24T03:03:16.7235034-08:00" endTime="2016-01-24T03:03:16.7254661-08:00" testType="13cdc9d9-ddb5-4fa4-a97d-d965ccfc6d4b" outcome="Passed" testListId="8c84fa94-04c1-424b-9868-57a2d4851a1d" relativeResultsDirectory="eaf21c15-5ee1-4379-b72f-54d812a9d756" />
    <UnitTestResult executionId="affd519a-7b40-4d5c-b08f-6a645c5af157" testId="25c3c003-5e4c-b707-206c-1fb8cb571fe6" testName="TestLabeledStatement" computerName="DESKTOP-RRA95A8" duration="00:00:00.0006341" startTime="2016-01-24T03:03:16.7293918-08:00" endTime="2016-01-24T03:03:16.7313544-08:00" testType="13cdc9d9-ddb5-4fa4-a97d-d965ccfc6d4b" outcome="Passed" testListId="8c84fa94-04c1-424b-9868-57a2d4851a1d" relativeResultsDirectory="affd519a-7b40-4d5c-b08f-6a645c5af157" />
    <UnitTestResult executionId="ada0b246-1766-4a8f-a3ed-74d8b91be976" testId="49b6ac45-0362-8a21-739d-a290f02599e5" testName="TestLexicalDeclaration" computerName="DESKTOP-RRA95A8" duration="00:00:00.0009448" startTime="2016-01-24T03:03:16.7342995-08:00" endTime="2016-01-24T03:03:16.7372428-08:00" testType="13cdc9d9-ddb5-4fa4-a97d-d965ccfc6d4b" outcome="Passed" testListId="8c84fa94-04c1-424b-9868-57a2d4851a1d" relativeResultsDirectory="ada0b246-1766-4a8f-a3ed-74d8b91be976" />
    <UnitTestResult executionId="8ba3dc7f-02e8-4719-80ca-e1d78a555975" testId="9b471562-1853-2ceb-39fe-82cc78edd523" testName="TestBogusLexicalDeclaration" computerName="DESKTOP-RRA95A8" duration="00:00:00.0008190" startTime="2016-01-24T03:03:16.7411677-08:00" endTime="2016-01-24T03:03:16.7441132-08:00" testType="13cdc9d9-ddb5-4fa4-a97d-d965ccfc6d4b" outcome="Passed" testListId="8c84fa94-04c1-424b-9868-57a2d4851a1d" relativeResultsDirectory="8ba3dc7f-02e8-4719-80ca-e1d78a555975" />
    <UnitTestResult executionId="17ce30b4-1574-40af-a7d7-fd6b016659fd" testId="5db730ed-4559-62f0-b02e-38ca1b2c6f58" testName="TestLookup" computerName="DESKTOP-RRA95A8" duration="00:00:00.0006972" startTime="2016-01-24T03:03:16.7480367-08:00" endTime="2016-01-24T03:03:16.7509811-08:00" testType="13cdc9d9-ddb5-4fa4-a97d-d965ccfc6d4b" outcome="Passed" testListId="8c84fa94-04c1-424b-9868-57a2d4851a1d" relativeResultsDirectory="17ce30b4-1574-40af-a7d7-fd6b016659fd" />
    <UnitTestResult executionId="dcd6e679-1d5b-4126-b50f-e507211f8102" testId="92a634cc-f550-fc5d-5bee-b18b185cafb7" testName="TestMember" computerName="DESKTOP-RRA95A8" duration="00:00:00.0003602" startTime="2016-01-24T03:03:16.7539262-08:00" endTime="2016-01-24T03:03:16.7558895-08:00" testType="13cdc9d9-ddb5-4fa4-a97d-d965ccfc6d4b" outcome="Passed" testListId="8c84fa94-04c1-424b-9868-57a2d4851a1d" relativeResultsDirectory="dcd6e679-1d5b-4126-b50f-e507211f8102" />
    <UnitTestResult executionId="8b40d9ee-25bd-41b2-8611-69208d780589" testId="7306b178-4cce-d4f0-0da8-c6f64fa15c4d" testName="TestObjectLiteral" computerName="DESKTOP-RRA95A8" duration="00:00:00.0007833" startTime="2016-01-24T03:03:16.7598127-08:00" endTime="2016-01-24T03:03:16.7627585-08:00" testType="13cdc9d9-ddb5-4fa4-a97d-d965ccfc6d4b" outcome="Passed" testListId="8c84fa94-04c1-424b-9868-57a2d4851a1d" relativeResultsDirectory="8b40d9ee-25bd-41b2-8611-69208d780589" />
    <UnitTestResult executionId="45180691-f1f2-4309-81cd-b2f221a5211a" testId="c01527e9-07c2-6470-e9f4-714729c97c0f" testName="TestRegexpLiteral" computerName="DESKTOP-RRA95A8" duration="00:00:00.0005284" startTime="2016-01-24T03:03:16.7667506-08:00" endTime="2016-01-24T03:03:16.7697584-08:00" testType="13cdc9d9-ddb5-4fa4-a97d-d965ccfc6d4b" outcome="Passed" testListId="8c84fa94-04c1-424b-9868-57a2d4851a1d" relativeResultsDirectory="45180691-f1f2-4309-81cd-b2f221a5211a" />
    <UnitTestResult executionId="632e5176-ff5c-4367-a0c9-d681ce117f29" testId="236e9d00-6a38-7501-b792-994e457933a3" testName="TestReturn" computerName="DESKTOP-RRA95A8" duration="00:00:00.0008861" startTime="2016-01-24T03:03:16.7747719-08:00" endTime="2016-01-24T03:03:16.7772794-08:00" testType="13cdc9d9-ddb5-4fa4-a97d-d965ccfc6d4b" outcome="Passed" testListId="8c84fa94-04c1-424b-9868-57a2d4851a1d" relativeResultsDirectory="632e5176-ff5c-4367-a0c9-d681ce117f29" />
    <UnitTestResult executionId="24fc7c37-4dfb-4bf9-8bb0-5ec9c8abd283" testId="85623fdf-8fa6-0f1d-dc7f-0b64c0901184" testName="TestSwitch" computerName="DESKTOP-RRA95A8" duration="00:00:00.0009609" startTime="2016-01-24T03:03:16.7802660-08:00" endTime="2016-01-24T03:03:16.7832202-08:00" testType="13cdc9d9-ddb5-4fa4-a97d-d965ccfc6d4b" outcome="Passed" testListId="8c84fa94-04c1-424b-9868-57a2d4851a1d" relativeResultsDirectory="24fc7c37-4dfb-4bf9-8bb0-5ec9c8abd283" />
    <UnitTestResult executionId="eaa8694b-d035-4cdd-9858-3a294363d124" testId="0f3752f3-9f6e-89a6-210d-89ae4c56430a" testName="TestThis" computerName="DESKTOP-RRA95A8" duration="00:00:00.0004653" startTime="2016-01-24T03:03:16.7861537-08:00" endTime="2016-01-24T03:03:16.7881189-08:00" testType="13cdc9d9-ddb5-4fa4-a97d-d965ccfc6d4b" outcome="Passed" testListId="8c84fa94-04c1-424b-9868-57a2d4851a1d" relativeResultsDirectory="eaa8694b-d035-4cdd-9858-3a294363d124" />
    <UnitTestResult executionId="9115459e-5d85-4dfe-a16c-680a81d006eb" testId="07073162-363d-152a-3f22-5789c4e5a212" testName="TestThrow" computerName="DESKTOP-RRA95A8" duration="00:00:00.0004813" startTime="2016-01-24T03:03:16.7930234-08:00" endTime="2016-01-24T03:03:16.7979300-08:00" testType="13cdc9d9-ddb5-4fa4-a97d-d965ccfc6d4b" outcome="Passed" testListId="8c84fa94-04c1-424b-9868-57a2d4851a1d" relativeResultsDirectory="9115459e-5d85-4dfe-a16c-680a81d006eb" />
    <UnitTestResult executionId="7bce2637-42d5-43e2-bad4-0807c29fcee0" testId="351bdd65-6dfb-9fc4-d0cc-529b31ffb3da" testName="TestTryCatch" computerName="DESKTOP-RRA95A8" duration="00:00:00.0005885" startTime="2016-01-24T03:03:16.8018550-08:00" endTime="2016-01-24T03:03:16.8038195-08:00" testType="13cdc9d9-ddb5-4fa4-a97d-d965ccfc6d4b" outcome="Passed" testListId="8c84fa94-04c1-424b-9868-57a2d4851a1d" relativeResultsDirectory="7bce2637-42d5-43e2-bad4-0807c29fcee0" />
    <UnitTestResult executionId="b123790b-7917-41de-92df-f869cd6ccdda" testId="a2e45a71-7e1b-0736-76da-28c93014ba23" testName="TestTryFinally" computerName="DESKTOP-RRA95A8" duration="00:00:00.0005189" startTime="2016-01-24T03:03:16.8067620-08:00" endTime="2016-01-24T03:03:16.8087258-08:00" testType="13cdc9d9-ddb5-4fa4-a97d-d965ccfc6d4b" outcome="Passed" testListId="8c84fa94-04c1-424b-9868-57a2d4851a1d" relativeResultsDirectory="b123790b-7917-41de-92df-f869cd6ccdda" />
    <UnitTestResult executionId="14dc721e-5cc7-4911-a099-327e264c9407" testId="85f6ecef-54fd-d666-deff-b62d19cc8096" testName="TestTryCatchFinally" computerName="DESKTOP-RRA95A8" duration="00:00:00.0005703" startTime="2016-01-24T03:03:16.8136310-08:00" endTime="2016-01-24T03:03:16.8155940-08:00" testType="13cdc9d9-ddb5-4fa4-a97d-d965ccfc6d4b" outcome="Passed" testListId="8c84fa94-04c1-424b-9868-57a2d4851a1d" relativeResultsDirectory="14dc721e-5cc7-4911-a099-327e264c9407" />
    <UnitTestResult executionId="fcd563eb-abed-41f9-8990-44fbcee18a5a" testId="4ff52ba1-71f7-4a5e-6806-e34ff836f017" testName="TestVariableDeclaration" computerName="DESKTOP-RRA95A8" duration="00:00:00.0006396" startTime="2016-01-24T03:03:16.8195190-08:00" endTime="2016-01-24T03:03:16.8224633-08:00" testType="13cdc9d9-ddb5-4fa4-a97d-d965ccfc6d4b" outcome="Passed" testListId="8c84fa94-04c1-424b-9868-57a2d4851a1d" relativeResultsDirectory="fcd563eb-abed-41f9-8990-44fbcee18a5a" />
    <UnitTestResult executionId="1c71720b-f2cd-4dfd-a44a-8de2b3ebe2d6" testId="cf54665b-9ba8-f7d3-4345-1f8c84aeec98" testName="TestUnaryOperator" computerName="DESKTOP-RRA95A8" duration="00:00:00.0005491" startTime="2016-01-24T03:03:16.8283531-08:00" endTime="2016-01-24T03:03:16.8322774-08:00" testType="13cdc9d9-ddb5-4fa4-a97d-d965ccfc6d4b" outcome="Passed" testListId="8c84fa94-04c1-424b-9868-57a2d4851a1d" relativeResultsDirectory="1c71720b-f2cd-4dfd-a44a-8de2b3ebe2d6" />
    <UnitTestResult executionId="595fc5f6-4ce0-494d-b01e-948dc70a53c2" testId="01461571-862b-499b-2988-72dd01fc1d0c" testName="TestWhileNode" computerName="DESKTOP-RRA95A8" duration="00:00:00.0007380" startTime="2016-01-24T03:03:16.8371833-08:00" endTime="2016-01-24T03:03:16.8401277-08:00" testType="13cdc9d9-ddb5-4fa4-a97d-d965ccfc6d4b" outcome="Passed" testListId="8c84fa94-04c1-424b-9868-57a2d4851a1d" relativeResultsDirectory="595fc5f6-4ce0-494d-b01e-948dc70a53c2" />
    <UnitTestResult executionId="f9f921d5-bf8c-464c-a0f7-456cc77b218c" testId="b7b7c6e9-a03b-3a62-c004-27fc97a29c4c" testName="TestWithNode" computerName="DESKTOP-RRA95A8" duration="00:00:00.0007165" startTime="2016-01-24T03:03:16.8469973-08:00" endTime="2016-01-24T03:03:16.8489593-08:00" testType="13cdc9d9-ddb5-4fa4-a97d-d965ccfc6d4b" outcome="Passed" testListId="8c84fa94-04c1-424b-9868-57a2d4851a1d" relativeResultsDirectory="f9f921d5-bf8c-464c-a0f7-456cc77b218c" />
    <UnitTestResult executionId="d38e1fa6-e362-4cb6-ad38-70fa8cb628dc" testId="4bbb931b-5c4e-bf93-45ec-8112905fe2f7" testName="TestFunctionExpression" computerName="DESKTOP-RRA95A8" duration="00:00:00.0006720" startTime="2016-01-24T03:03:16.8548502-08:00" endTime="2016-01-24T03:03:16.8568118-08:00" testType="13cdc9d9-ddb5-4fa4-a97d-d965ccfc6d4b" outcome="Passed" testListId="8c84fa94-04c1-424b-9868-57a2d4851a1d" relativeResultsDirectory="d38e1fa6-e362-4cb6-ad38-70fa8cb628dc" />
    <UnitTestResult executionId="8dd434f9-b98e-47be-8b31-5da83634b0df" testId="1f762df8-7047-6a3d-5aa0-6a9642a17162" testName="TestFunctionExpressionWithName" computerName="DESKTOP-RRA95A8" duration="00:00:00.0007814" startTime="2016-01-24T03:03:16.8641847-08:00" endTime="2016-01-24T03:03:16.8671925-08:00" testType="13cdc9d9-ddb5-4fa4-a97d-d965ccfc6d4b" outcome="Passed" testListId="8c84fa94-04c1-424b-9868-57a2d4851a1d" relativeResultsDirectory="8dd434f9-b98e-47be-8b31-5da83634b0df" />
    <UnitTestResult executionId="0fb2b266-ad4d-4883-b339-6db67fb9903e" testId="990ee59d-5ff9-539f-63bb-dc67ba1ee3b7" testName="SimpleLiterals" computerName="DESKTOP-RRA95A8" duration="00:00:00.0784234" startTime="2016-01-24T03:03:16.8722064-08:00" endTime="2016-01-24T03:03:16.9533262-08:00" testType="13cdc9d9-ddb5-4fa4-a97d-d965ccfc6d4b" outcome="Passed" testListId="8c84fa94-04c1-424b-9868-57a2d4851a1d" relativeResultsDirectory="0fb2b266-ad4d-4883-b339-6db67fb9903e" />
    <UnitTestResult executionId="60172008-f8eb-4da4-8fef-67fc53951d9a" testId="0a10bbc5-b9e2-2c1b-a7bc-dd760f303728" testName="TestNumericLiterals" computerName="DESKTOP-RRA95A8" duration="00:00:00.0062902" startTime="2016-01-24T03:03:16.9572522-08:00" endTime="2016-01-24T03:03:16.9656532-08:00" testType="13cdc9d9-ddb5-4fa4-a97d-d965ccfc6d4b" outcome="Failed" testListId="8c84fa94-04c1-424b-9868-57a2d4851a1d" relativeResultsDirectory="60172008-f8eb-4da4-8fef-67fc53951d9a">
      <Output>
        <StdOut>new ErrorInfo(JSError.NoIdentifier, true, new IndexSpan(32, 3)),
new ErrorInfo(JSError.NoIdentifier, true, new IndexSpan(46, 3)),</StdOut>
        <ErrorInfo>
          <Message>Assert.AreEqual failed. Expected:&lt;0&gt;. Actual:&lt;2&gt;. Unexpected Error Count</Message>
          <StackTrace>   at AnalysisTests.CollectingErrorSink.CheckErrors(ErrorInfo[] errors) in C:\src\nodejstools\Nodejs\Tests\AnalysisTests\ParserTests.cs:line 5380
   at AnalysisTests.ParserTests.ParseCode(String code, Boolean collectWarnings, ErrorInfo[] errors) in C:\src\nodejstools\Nodejs\Tests\AnalysisTests\ParserTests.cs:line 5239
   at AnalysisTests.ParserTests.TestNumericLiterals() in C:\src\nodejstools\Nodejs\Tests\AnalysisTests\ParserTests.cs:line 4121
</StackTrace>
        </ErrorInfo>
      </Output>
    </UnitTestResult>
    <UnitTestResult executionId="7f8653b7-904f-4740-8393-6d2468e2d482" testId="9a23df63-156a-4f30-6d25-17e5b513fe6f" testName="TestStringLiterals" computerName="DESKTOP-RRA95A8" duration="00:00:00.0019316" startTime="2016-01-24T03:03:16.9696631-08:00" endTime="2016-01-24T03:03:16.9731720-08:00" testType="13cdc9d9-ddb5-4fa4-a97d-d965ccfc6d4b" outcome="Passed" testListId="8c84fa94-04c1-424b-9868-57a2d4851a1d" relativeResultsDirectory="7f8653b7-904f-4740-8393-6d2468e2d482" />
    <UnitTestResult executionId="3e9fcc91-0356-454c-82d5-80377a738575" testId="c3dde9e5-a106-18d7-c0e9-3a09806ad650" testName="TestRegexLiterals" computerName="DESKTOP-RRA95A8" duration="00:00:00.0022263" startTime="2016-01-24T03:03:16.9776837-08:00" endTime="2016-01-24T03:03:16.9811518-08:00" testType="13cdc9d9-ddb5-4fa4-a97d-d965ccfc6d4b" outcome="Passed" testListId="8c84fa94-04c1-424b-9868-57a2d4851a1d" relativeResultsDirectory="3e9fcc91-0356-454c-82d5-80377a738575" />
    <UnitTestResult executionId="fac91333-5a82-4a07-98e2-5ac805d35c8a" testId="4871be04-198a-4a2c-ac62-10ca3c2f8fc7" testName="TestVariableDeclaration" computerName="DESKTOP-RRA95A8" duration="00:00:00.0071249" startTime="2016-01-24T03:03:16.9850774-08:00" endTime="2016-01-24T03:03:16.9948915-08:00" testType="13cdc9d9-ddb5-4fa4-a97d-d965ccfc6d4b" outcome="Passed" testListId="8c84fa94-04c1-424b-9868-57a2d4851a1d" relativeResultsDirectory="fac91333-5a82-4a07-98e2-5ac805d35c8a" />
    <UnitTestResult executionId="b39889a7-d2a2-4918-ad77-ea5125deab9a" testId="89378b40-cf54-e03b-daac-188764afb8f0" testName="TestVariableDeclarationKeyword" computerName="DESKTOP-RRA95A8" duration="00:00:00.0003340" startTime="2016-01-24T03:03:16.9988168-08:00" endTime="2016-01-24T03:03:17.0007791-08:00" testType="13cdc9d9-ddb5-4fa4-a97d-d965ccfc6d4b" outcome="Passed" testListId="8c84fa94-04c1-424b-9868-57a2d4851a1d" relativeResultsDirectory="b39889a7-d2a2-4918-ad77-ea5125deab9a" />
    <UnitTestResult executionId="c69161fb-70d7-4df5-8ca5-919a7cee861c" testId="57b8d287-16cf-7650-c43d-8fd631d22a39" testName="TestVariableDeclarationError" computerName="DESKTOP-RRA95A8" duration="00:00:00.0008496" startTime="2016-01-24T03:03:17.0037231-08:00" endTime="2016-01-24T03:03:17.0066668-08:00" testType="13cdc9d9-ddb5-4fa4-a97d-d965ccfc6d4b" outcome="Passed" testListId="8c84fa94-04c1-424b-9868-57a2d4851a1d" relativeResultsDirectory="c69161fb-70d7-4df5-8ca5-919a7cee861c" />
    <UnitTestResult executionId="4822f7a4-0dbd-49b1-bd89-722ba9bd5f56" testId="f127398d-5e89-f8a2-cdb7-51678d36d567" testName="TestVariableDeclarationError2" computerName="DESKTOP-RRA95A8" duration="00:00:00.0041404" startTime="2016-01-24T03:03:17.0115734-08:00" endTime="2016-01-24T03:03:17.0174614-08:00" testType="13cdc9d9-ddb5-4fa4-a97d-d965ccfc6d4b" outcome="Passed" testListId="8c84fa94-04c1-424b-9868-57a2d4851a1d" relativeResultsDirectory="4822f7a4-0dbd-49b1-bd89-722ba9bd5f56" />
    <UnitTestResult executionId="f05e30be-52e0-493d-889b-5eed246333c3" testId="36aa3b5b-643e-85a0-6123-fb66640c7253" testName="TestEmptyStatement" computerName="DESKTOP-RRA95A8" duration="00:00:00.0004926" startTime="2016-01-24T03:03:17.0213871-08:00" endTime="2016-01-24T03:03:17.0233490-08:00" testType="13cdc9d9-ddb5-4fa4-a97d-d965ccfc6d4b" outcome="Passed" testListId="8c84fa94-04c1-424b-9868-57a2d4851a1d" relativeResultsDirectory="f05e30be-52e0-493d-889b-5eed246333c3" />
    <UnitTestResult executionId="a81c1a06-46ec-41bf-b46f-8bafcf06594d" testId="3d5d7dbc-d6e1-43d9-586e-22231748cf91" testName="TestIfStatement" computerName="DESKTOP-RRA95A8" duration="00:00:00.0030566" startTime="2016-01-24T03:03:17.0282564-08:00" endTime="2016-01-24T03:03:17.0331631-08:00" testType="13cdc9d9-ddb5-4fa4-a97d-d965ccfc6d4b" outcome="Passed" testListId="8c84fa94-04c1-424b-9868-57a2d4851a1d" relativeResultsDirectory="a81c1a06-46ec-41bf-b46f-8bafcf06594d" />
    <UnitTestResult executionId="ffbaa249-2109-4143-9003-b73a30ad162f" testId="0f1e0c62-48e9-37ee-cec4-9aa4f67f775d" testName="TestForStatement" computerName="DESKTOP-RRA95A8" duration="00:00:00.0052035" startTime="2016-01-24T03:03:17.0370902-08:00" endTime="2016-01-24T03:03:17.0449383-08:00" testType="13cdc9d9-ddb5-4fa4-a97d-d965ccfc6d4b" outcome="Passed" testListId="8c84fa94-04c1-424b-9868-57a2d4851a1d" relativeResultsDirectory="ffbaa249-2109-4143-9003-b73a30ad162f" />
    <UnitTestResult executionId="b2f8e3f0-2fab-4aef-84e0-f10843219efb" testId="1fc6f938-65f2-9361-29db-a58e2385b9f3" testName="TestForStatementLexical" computerName="DESKTOP-RRA95A8" duration="00:00:00.0014357" startTime="2016-01-24T03:03:17.0478831-08:00" endTime="2016-01-24T03:03:17.0508271-08:00" testType="13cdc9d9-ddb5-4fa4-a97d-d965ccfc6d4b" outcome="Passed" testListId="8c84fa94-04c1-424b-9868-57a2d4851a1d" relativeResultsDirectory="b2f8e3f0-2fab-4aef-84e0-f10843219efb" />
    <UnitTestResult executionId="860228e6-cae1-4158-8311-a2d27d0d5378" testId="5c8e19b3-5238-ab2c-f0b7-d0fd7b73b8f9" testName="TestForNoVarStatement" computerName="DESKTOP-RRA95A8" duration="00:00:00.0004361" startTime="2016-01-24T03:03:17.0547535-08:00" endTime="2016-01-24T03:03:17.0567151-08:00" testType="13cdc9d9-ddb5-4fa4-a97d-d965ccfc6d4b" outcome="Passed" testListId="8c84fa94-04c1-424b-9868-57a2d4851a1d" relativeResultsDirectory="860228e6-cae1-4158-8311-a2d27d0d5378" />
    <UnitTestResult executionId="e7edc5da-1510-4218-ac98-46b987a9e99c" testId="c125af8f-397c-45b6-6da9-cea7485ea18e" testName="TestForInStatement" computerName="DESKTOP-RRA95A8" duration="00:00:00.0037276" startTime="2016-01-24T03:03:17.0616213-08:00" endTime="2016-01-24T03:03:17.0675990-08:00" testType="13cdc9d9-ddb5-4fa4-a97d-d965ccfc6d4b" outcome="Passed" testListId="8c84fa94-04c1-424b-9868-57a2d4851a1d" relativeResultsDirectory="e7edc5da-1510-4218-ac98-46b987a9e99c" />
    <UnitTestResult executionId="62345573-5b0a-4f73-8439-3441a73a1376" testId="56d7d034-2b9d-50e8-a7ca-a17ac162f351" testName="TestForContinueStatement" computerName="DESKTOP-RRA95A8" duration="00:00:00.0017981" startTime="2016-01-24T03:03:17.0716097-08:00" endTime="2016-01-24T03:03:17.0746186-08:00" testType="13cdc9d9-ddb5-4fa4-a97d-d965ccfc6d4b" outcome="Passed" testListId="8c84fa94-04c1-424b-9868-57a2d4851a1d" relativeResultsDirectory="62345573-5b0a-4f73-8439-3441a73a1376" />
    <UnitTestResult executionId="ecbd0f2d-877d-4762-8193-f0271d492bf5" testId="a13ff8f9-8999-affb-b2d3-1cfe7478840f" testName="TestForBreakStatement" computerName="DESKTOP-RRA95A8" duration="00:00:00.0017577" startTime="2016-01-24T03:03:17.0791296-08:00" endTime="2016-01-24T03:03:17.0830589-08:00" testType="13cdc9d9-ddb5-4fa4-a97d-d965ccfc6d4b" outcome="Passed" testListId="8c84fa94-04c1-424b-9868-57a2d4851a1d" relativeResultsDirectory="ecbd0f2d-877d-4762-8193-f0271d492bf5" />
    <UnitTestResult executionId="ac3fea27-43de-4551-9e8c-3ac2ccd9a0b6" testId="7490b4c0-24ca-d4f3-bcdb-3e9bce2c2cf4" testName="TestForContinueLabelStatement" computerName="DESKTOP-RRA95A8" duration="00:00:00.0022234" startTime="2016-01-24T03:03:17.0869832-08:00" endTime="2016-01-24T03:03:17.0909100-08:00" testType="13cdc9d9-ddb5-4fa4-a97d-d965ccfc6d4b" outcome="Passed" testListId="8c84fa94-04c1-424b-9868-57a2d4851a1d" relativeResultsDirectory="ac3fea27-43de-4551-9e8c-3ac2ccd9a0b6" />
    <UnitTestResult executionId="1f1020d2-fecf-4977-aab4-5cfee15d5aaa" testId="837c40eb-85bf-b1c3-1513-fc0e48d62dc7" testName="TestForContinueLabelStatement2" computerName="DESKTOP-RRA95A8" duration="00:00:00.0011016" startTime="2016-01-24T03:03:17.0948338-08:00" endTime="2016-01-24T03:03:17.0977775-08:00" testType="13cdc9d9-ddb5-4fa4-a97d-d965ccfc6d4b" outcome="Passed" testListId="8c84fa94-04c1-424b-9868-57a2d4851a1d" relativeResultsDirectory="1f1020d2-fecf-4977-aab4-5cfee15d5aaa" />
    <UnitTestResult executionId="d707bd72-fa65-4bb0-834d-6384308771fe" testId="8b2526c8-194c-e78f-f320-25fa602944f8" testName="TestForContinueLabelStatement3" computerName="DESKTOP-RRA95A8" duration="00:00:00.0008974" startTime="2016-01-24T03:03:17.1017039-08:00" endTime="2016-01-24T03:03:17.1046468-08:00" testType="13cdc9d9-ddb5-4fa4-a97d-d965ccfc6d4b" outcome="Passed" testListId="8c84fa94-04c1-424b-9868-57a2d4851a1d" relativeResultsDirectory="d707bd72-fa65-4bb0-834d-6384308771fe" />
    <UnitTestResult executionId="fc4074ae-a070-44f3-b0c3-eb492895b3e2" testId="53b41a58-b28c-ce0b-d337-e56e817a9caa" testName="TestForBreakLabelStatement" computerName="DESKTOP-RRA95A8" duration="00:00:00.0012187" startTime="2016-01-24T03:03:17.1085729-08:00" endTime="2016-01-24T03:03:17.1115165-08:00" testType="13cdc9d9-ddb5-4fa4-a97d-d965ccfc6d4b" outcome="Passed" testListId="8c84fa94-04c1-424b-9868-57a2d4851a1d" relativeResultsDirectory="fc4074ae-a070-44f3-b0c3-eb492895b3e2" />
    <UnitTestResult executionId="07ed7b37-9e95-44a7-a383-46cbeede2293" testId="b42500f9-8680-fc68-9584-e199ca49e876" testName="TryStatement" computerName="DESKTOP-RRA95A8" duration="00:00:00.0037043" startTime="2016-01-24T03:03:17.1154414-08:00" endTime="2016-01-24T03:03:17.1203481-08:00" testType="13cdc9d9-ddb5-4fa4-a97d-d965ccfc6d4b" outcome="Passed" testListId="8c84fa94-04c1-424b-9868-57a2d4851a1d" relativeResultsDirectory="07ed7b37-9e95-44a7-a383-46cbeede2293" />
    <UnitTestResult executionId="86142440-fec6-44da-a925-af5ba2794181" testId="7d773c54-bb33-3d67-034a-5b1d921d0dd9" testName="WhileStatement" computerName="DESKTOP-RRA95A8" duration="00:00:00.0013609" startTime="2016-01-24T03:03:17.1242731-08:00" endTime="2016-01-24T03:03:17.1272178-08:00" testType="13cdc9d9-ddb5-4fa4-a97d-d965ccfc6d4b" outcome="Passed" testListId="8c84fa94-04c1-424b-9868-57a2d4851a1d" relativeResultsDirectory="86142440-fec6-44da-a925-af5ba2794181" />
    <UnitTestResult executionId="9f9f5e4c-571c-42fd-a528-6878902dc55a" testId="cc411bc9-7046-2772-0380-b889f6c46b53" testName="TestUseStrictDirective" computerName="DESKTOP-RRA95A8" duration="00:00:00.0007173" startTime="2016-01-24T03:03:17.1311431-08:00" endTime="2016-01-24T03:03:17.1331054-08:00" testType="13cdc9d9-ddb5-4fa4-a97d-d965ccfc6d4b" outcome="Passed" testListId="8c84fa94-04c1-424b-9868-57a2d4851a1d" relativeResultsDirectory="9f9f5e4c-571c-42fd-a528-6878902dc55a" />
    <UnitTestResult executionId="c06c5f35-22fc-4aa6-b4b4-0d27c4f2600e" testId="65e787f8-b5d4-18d4-bba2-ae686ae1c06a" testName="DoWhileStatement" computerName="DESKTOP-RRA95A8" duration="00:00:00.0012201" startTime="2016-01-24T03:03:17.1370337-08:00" endTime="2016-01-24T03:03:17.1389949-08:00" testType="13cdc9d9-ddb5-4fa4-a97d-d965ccfc6d4b" outcome="Passed" testListId="8c84fa94-04c1-424b-9868-57a2d4851a1d" relativeResultsDirectory="c06c5f35-22fc-4aa6-b4b4-0d27c4f2600e" />
    <UnitTestResult executionId="c2e9820e-bab9-4370-8edd-c1c20e75149e" testId="985c250c-efff-61a3-ca76-5d250b7fde65" testName="VariableDeclarationBadInitializer3" computerName="DESKTOP-RRA95A8" duration="00:00:00.0011275" startTime="2016-01-24T03:03:17.1439037-08:00" endTime="2016-01-24T03:03:17.1478269-08:00" testType="13cdc9d9-ddb5-4fa4-a97d-d965ccfc6d4b" outcome="Passed" testListId="8c84fa94-04c1-424b-9868-57a2d4851a1d" relativeResultsDirectory="c2e9820e-bab9-4370-8edd-c1c20e75149e" />
    <UnitTestResult executionId="8e0c5639-0c41-4388-94a9-6bdb836a0221" testId="9a5fe56d-3b4d-f83a-e346-cdaf1303b924" testName="VariableDeclarationBadInitializer" computerName="DESKTOP-RRA95A8" duration="00:00:00.0007213" startTime="2016-01-24T03:03:17.1507701-08:00" endTime="2016-01-24T03:03:17.1537156-08:00" testType="13cdc9d9-ddb5-4fa4-a97d-d965ccfc6d4b" outcome="Passed" testListId="8c84fa94-04c1-424b-9868-57a2d4851a1d" relativeResultsDirectory="8e0c5639-0c41-4388-94a9-6bdb836a0221" />
    <UnitTestResult executionId="37c869e1-1a4a-4c51-9200-352399bb1881" testId="42bd2dd8-8181-fbf3-e830-faa842f1f3b4" testName="VariableDeclarationEqual" computerName="DESKTOP-RRA95A8" duration="00:00:00.0009911" startTime="2016-01-24T03:03:17.1576402-08:00" endTime="2016-01-24T03:03:17.1605835-08:00" testType="13cdc9d9-ddb5-4fa4-a97d-d965ccfc6d4b" outcome="Passed" testListId="8c84fa94-04c1-424b-9868-57a2d4851a1d" relativeResultsDirectory="37c869e1-1a4a-4c51-9200-352399bb1881" />
    <UnitTestResult executionId="d2aeb7f2-8af0-40b7-ae1f-a76afcd7ecb2" testId="e5fef0f7-2e12-09a0-e0e5-0c75fc240e9e" testName="ErrorDebuggerMissingSemiColon" computerName="DESKTOP-RRA95A8" duration="00:00:00.0013164" startTime="2016-01-24T03:03:17.1660364-08:00" endTime="2016-01-24T03:03:17.1695456-08:00" testType="13cdc9d9-ddb5-4fa4-a97d-d965ccfc6d4b" outcome="Passed" testListId="8c84fa94-04c1-424b-9868-57a2d4851a1d" relativeResultsDirectory="d2aeb7f2-8af0-40b7-ae1f-a76afcd7ecb2" />
    <UnitTestResult executionId="4f3ffc52-63b4-4c02-afaf-5de190454f45" testId="001e0527-dd1d-76d0-8cda-71396cdbdc6a" testName="WarningDebuggerMissingSemiColon" computerName="DESKTOP-RRA95A8" duration="00:00:00.0007468" startTime="2016-01-24T03:03:17.1829995-08:00" endTime="2016-01-24T03:03:17.1859449-08:00" testType="13cdc9d9-ddb5-4fa4-a97d-d965ccfc6d4b" outcome="Passed" testListId="8c84fa94-04c1-424b-9868-57a2d4851a1d" relativeResultsDirectory="4f3ffc52-63b4-4c02-afaf-5de190454f45" />
    <UnitTestResult executionId="e931f174-ceb7-4df6-957b-be47bb8187b0" testId="e5f2a650-cfe8-b050-4e5f-acfb996aaaf2" testName="ErrorDuplicateLabel" computerName="DESKTOP-RRA95A8" duration="00:00:00.0008664" startTime="2016-01-24T03:03:17.1908498-08:00" endTime="2016-01-24T03:03:17.1937941-08:00" testType="13cdc9d9-ddb5-4fa4-a97d-d965ccfc6d4b" outcome="Passed" testListId="8c84fa94-04c1-424b-9868-57a2d4851a1d" relativeResultsDirectory="e931f174-ceb7-4df6-957b-be47bb8187b0" />
    <UnitTestResult executionId="997512b5-d17f-4c50-92e3-2bdd9fb94653" testId="3cc714f9-12f9-57c2-4b5f-5bf7170d9452" testName="ErrorBadContinueBadLabel" computerName="DESKTOP-RRA95A8" duration="00:00:00.0004419" startTime="2016-01-24T03:03:17.1977184-08:00" endTime="2016-01-24T03:03:17.1996814-08:00" testType="13cdc9d9-ddb5-4fa4-a97d-d965ccfc6d4b" outcome="Passed" testListId="8c84fa94-04c1-424b-9868-57a2d4851a1d" relativeResultsDirectory="997512b5-d17f-4c50-92e3-2bdd9fb94653" />
    <UnitTestResult executionId="079e3e90-7e63-48c2-a885-56b26c82c649" testId="cdfe3a83-fce6-3db7-6e52-a4d3672f65b8" testName="WarningContinueSemicolonInsertion" computerName="DESKTOP-RRA95A8" duration="00:00:00.0009930" startTime="2016-01-24T03:03:17.2036060-08:00" endTime="2016-01-24T03:03:17.2065507-08:00" testType="13cdc9d9-ddb5-4fa4-a97d-d965ccfc6d4b" outcome="Passed" testListId="8c84fa94-04c1-424b-9868-57a2d4851a1d" relativeResultsDirectory="079e3e90-7e63-48c2-a885-56b26c82c649" />
    <UnitTestResult executionId="b7518596-5f0b-42ce-804e-3fd34dfb2ed0" testId="7b0b3b34-08d7-b67d-b3be-8f3914431cf4" testName="WarningBreakSemicolonInsertion" computerName="DESKTOP-RRA95A8" duration="00:00:00.0006961" startTime="2016-01-24T03:03:17.2114577-08:00" endTime="2016-01-24T03:03:17.2144014-08:00" testType="13cdc9d9-ddb5-4fa4-a97d-d965ccfc6d4b" outcome="Passed" testListId="8c84fa94-04c1-424b-9868-57a2d4851a1d" relativeResultsDirectory="b7518596-5f0b-42ce-804e-3fd34dfb2ed0" />
    <UnitTestResult executionId="7cb9980a-582c-4916-ad2f-826df718531f" testId="01546668-9707-200e-5308-567faf88a1d5" testName="ErrorContinueNoSemicolon" computerName="DESKTOP-RRA95A8" duration="00:00:00.0006126" startTime="2016-01-24T03:03:17.2173454-08:00" endTime="2016-01-24T03:03:17.2193084-08:00" testType="13cdc9d9-ddb5-4fa4-a97d-d965ccfc6d4b" outcome="Passed" testListId="8c84fa94-04c1-424b-9868-57a2d4851a1d" relativeResultsDirectory="7cb9980a-582c-4916-ad2f-826df718531f" />
    <UnitTestResult executionId="40a06b97-0206-4225-a92b-ae7477a5a71c" testId="6d051f87-ad10-5ff1-cbdb-8bfc681de476" testName="ErrorBreakNoSemicolon" computerName="DESKTOP-RRA95A8" duration="00:00:00.0007100" startTime="2016-01-24T03:03:17.2222524-08:00" endTime="2016-01-24T03:03:17.2251997-08:00" testType="13cdc9d9-ddb5-4fa4-a97d-d965ccfc6d4b" outcome="Passed" testListId="8c84fa94-04c1-424b-9868-57a2d4851a1d" relativeResultsDirectory="40a06b97-0206-4225-a92b-ae7477a5a71c" />
    <UnitTestResult executionId="537b2ea4-16b4-4473-998a-66a7feb3d14a" testId="e8d7366f-a424-a603-14bf-781a9f512fda" testName="ErrorBadContinue" computerName="DESKTOP-RRA95A8" duration="00:00:00.0005415" startTime="2016-01-24T03:03:17.2301034-08:00" endTime="2016-01-24T03:03:17.2320657-08:00" testType="13cdc9d9-ddb5-4fa4-a97d-d965ccfc6d4b" outcome="Passed" testListId="8c84fa94-04c1-424b-9868-57a2d4851a1d" relativeResultsDirectory="537b2ea4-16b4-4473-998a-66a7feb3d14a" />
    <UnitTestResult executionId="8a31e9a7-d98d-4959-90ae-b0710c8f59e7" testId="51f707ca-81d0-8b18-8899-cd5e8c659764" testName="ErrorBadBreak" computerName="DESKTOP-RRA95A8" duration="00:00:00.0004204" startTime="2016-01-24T03:03:17.2369716-08:00" endTime="2016-01-24T03:03:17.2389354-08:00" testType="13cdc9d9-ddb5-4fa4-a97d-d965ccfc6d4b" outcome="Passed" testListId="8c84fa94-04c1-424b-9868-57a2d4851a1d" relativeResultsDirectory="8a31e9a7-d98d-4959-90ae-b0710c8f59e7" />
    <UnitTestResult executionId="c891b1b7-5982-4de3-8675-796c3e7b3f02" testId="5702e26b-e826-632c-8330-61a2ba14cfdd" testName="WarningWithNoParens" computerName="DESKTOP-RRA95A8" duration="00:00:00.0018317" startTime="2016-01-24T03:03:17.2438413-08:00" endTime="2016-01-24T03:03:17.2477678-08:00" testType="13cdc9d9-ddb5-4fa4-a97d-d965ccfc6d4b" outcome="Passed" testListId="8c84fa94-04c1-424b-9868-57a2d4851a1d" relativeResultsDirectory="c891b1b7-5982-4de3-8675-796c3e7b3f02" />
    <UnitTestResult executionId="fe41d671-532a-47ba-964f-93245a338103" testId="a8ada55e-2697-d416-4fab-cf14393e5cc8" testName="WarningReturnNoSemicolon" computerName="DESKTOP-RRA95A8" duration="00:00:00.0017084" startTime="2016-01-24T03:03:17.2507121-08:00" endTime="2016-01-24T03:03:17.2546360-08:00" testType="13cdc9d9-ddb5-4fa4-a97d-d965ccfc6d4b" outcome="Passed" testListId="8c84fa94-04c1-424b-9868-57a2d4851a1d" relativeResultsDirectory="fe41d671-532a-47ba-964f-93245a338103" />
    <UnitTestResult executionId="23071f72-1124-44be-be1e-7f9f9f184fd9" testId="6a0b07a6-5692-a08c-fed9-85842418de5f" testName="WarningReturnSemiColonInsertion" computerName="DESKTOP-RRA95A8" duration="00:00:00.0005663" startTime="2016-01-24T03:03:17.2585617-08:00" endTime="2016-01-24T03:03:17.2605247-08:00" testType="13cdc9d9-ddb5-4fa4-a97d-d965ccfc6d4b" outcome="Passed" testListId="8c84fa94-04c1-424b-9868-57a2d4851a1d" relativeResultsDirectory="23071f72-1124-44be-be1e-7f9f9f184fd9" />
    <UnitTestResult executionId="7f6c2eda-2357-4ae8-aa1a-4d6c8d24463c" testId="5156f917-3fd5-74a7-3c60-7d163e310725" testName="RecoveryReturnBadOperand" computerName="DESKTOP-RRA95A8" duration="00:00:00.0007840" startTime="2016-01-24T03:03:17.2649748-08:00" endTime="2016-01-24T03:03:17.2669794-08:00" testType="13cdc9d9-ddb5-4fa4-a97d-d965ccfc6d4b" outcome="Passed" testListId="8c84fa94-04c1-424b-9868-57a2d4851a1d" relativeResultsDirectory="7f6c2eda-2357-4ae8-aa1a-4d6c8d24463c" />
    <UnitTestResult executionId="7ef3f8ce-440d-42cb-b5de-f5245eae2b4f" testId="87b5e219-81e4-2596-31d6-c5a89beb2a15" testName="RecoverReturnBadOperand2" computerName="DESKTOP-RRA95A8" duration="00:00:00.0006954" startTime="2016-01-24T03:03:17.2709908-08:00" endTime="2016-01-24T03:03:17.2729965-08:00" testType="13cdc9d9-ddb5-4fa4-a97d-d965ccfc6d4b" outcome="Passed" testListId="8c84fa94-04c1-424b-9868-57a2d4851a1d" relativeResultsDirectory="7ef3f8ce-440d-42cb-b5de-f5245eae2b4f" />
    <UnitTestResult executionId="987b1488-a969-422e-8af1-4ab73687a6c5" testId="bc168666-7dae-4847-5327-6ecfe8596def" testName="RecoveryReturnBadOperand3" computerName="DESKTOP-RRA95A8" duration="00:00:00.0008044" startTime="2016-01-24T03:03:17.2775082-08:00" endTime="2016-01-24T03:03:17.2799971-08:00" testType="13cdc9d9-ddb5-4fa4-a97d-d965ccfc6d4b" outcome="Passed" testListId="8c84fa94-04c1-424b-9868-57a2d4851a1d" relativeResultsDirectory="987b1488-a969-422e-8af1-4ab73687a6c5" />
    <UnitTestResult executionId="05a44725-983e-4449-aa2a-c8dc8dd35d88" testId="37fffb1a-4927-3061-d72a-ddb546d4301b" testName="ErrorIfMissingParens" computerName="DESKTOP-RRA95A8" duration="00:00:00.0007136" startTime="2016-01-24T03:03:17.2839224-08:00" endTime="2016-01-24T03:03:17.2868657-08:00" testType="13cdc9d9-ddb5-4fa4-a97d-d965ccfc6d4b" outcome="Passed" testListId="8c84fa94-04c1-424b-9868-57a2d4851a1d" relativeResultsDirectory="05a44725-983e-4449-aa2a-c8dc8dd35d88" />
    <UnitTestResult executionId="b6177e08-24d8-4263-af0d-347324d7aa67" testId="21d8788b-96d8-b074-f020-fe1178d8c4bf" testName="WarningIfSuspectAssign" computerName="DESKTOP-RRA95A8" duration="00:00:00.0006312" startTime="2016-01-24T03:03:17.2907910-08:00" endTime="2016-01-24T03:03:17.2927548-08:00" testType="13cdc9d9-ddb5-4fa4-a97d-d965ccfc6d4b" outcome="Passed" testListId="8c84fa94-04c1-424b-9868-57a2d4851a1d" relativeResultsDirectory="b6177e08-24d8-4263-af0d-347324d7aa67" />
    <UnitTestResult executionId="b9c332bc-f5c2-492e-9861-0d64b6149ce4" testId="a305a437-f6e1-a3fb-3be0-9f0138e11421" testName="WarningIfSuspectSemicolon" computerName="DESKTOP-RRA95A8" duration="00:00:00.0005878" startTime="2016-01-24T03:03:17.2966790-08:00" endTime="2016-01-24T03:03:17.2996230-08:00" testType="13cdc9d9-ddb5-4fa4-a97d-d965ccfc6d4b" outcome="Passed" testListId="8c84fa94-04c1-424b-9868-57a2d4851a1d" relativeResultsDirectory="b9c332bc-f5c2-492e-9861-0d64b6149ce4" />
    <UnitTestResult executionId="afc3acb0-2ea5-4ba6-8c41-50eaba3a8f08" testId="c8130cce-806a-33ed-d423-49de37751848" testName="WarningIfElseSuspectSemicolon" computerName="DESKTOP-RRA95A8" duration="00:00:00.0006567" startTime="2016-01-24T03:03:17.3035483-08:00" endTime="2016-01-24T03:03:17.3055106-08:00" testType="13cdc9d9-ddb5-4fa4-a97d-d965ccfc6d4b" outcome="Passed" testListId="8c84fa94-04c1-424b-9868-57a2d4851a1d" relativeResultsDirectory="afc3acb0-2ea5-4ba6-8c41-50eaba3a8f08" />
    <UnitTestResult executionId="8d17c61f-729f-4870-8e0b-900689d3946d" testId="61e156e3-fcdc-3610-c3c1-13265d5c719d" testName="WarningIfElseStatementBlock" computerName="DESKTOP-RRA95A8" duration="00:00:00.0008478" startTime="2016-01-24T03:03:17.3104188-08:00" endTime="2016-01-24T03:03:17.3133624-08:00" testType="13cdc9d9-ddb5-4fa4-a97d-d965ccfc6d4b" outcome="Passed" testListId="8c84fa94-04c1-424b-9868-57a2d4851a1d" relativeResultsDirectory="8d17c61f-729f-4870-8e0b-900689d3946d" />
    <UnitTestResult executionId="16458603-2f38-4a9f-a68c-a4a17f8e95af" testId="452383c7-b56d-ee15-66f9-d956f747f1c0" testName="RecoveryIfBadConditional" computerName="DESKTOP-RRA95A8" duration="00:00:00.0008836" startTime="2016-01-24T03:03:17.3172866-08:00" endTime="2016-01-24T03:03:17.3202310-08:00" testType="13cdc9d9-ddb5-4fa4-a97d-d965ccfc6d4b" outcome="Passed" testListId="8c84fa94-04c1-424b-9868-57a2d4851a1d" relativeResultsDirectory="16458603-2f38-4a9f-a68c-a4a17f8e95af" />
    <UnitTestResult executionId="0fdd2206-e5a9-4f64-a7fb-c5b0137e98ee" testId="4f95375f-64ca-eb00-7519-fbe4a6ff8d28" testName="RecoveryIfBadConditional2" computerName="DESKTOP-RRA95A8" duration="00:00:00.0008766" startTime="2016-01-24T03:03:17.3241563-08:00" endTime="2016-01-24T03:03:17.3271007-08:00" testType="13cdc9d9-ddb5-4fa4-a97d-d965ccfc6d4b" outcome="Passed" testListId="8c84fa94-04c1-424b-9868-57a2d4851a1d" relativeResultsDirectory="0fdd2206-e5a9-4f64-a7fb-c5b0137e98ee" />
    <UnitTestResult executionId="f84ba390-f4c0-4c11-ac95-c87dde914541" testId="08cfda87-bd5a-fab2-cd44-dcc00f7f9826" testName="RecoveryIfBadConditional3" computerName="DESKTOP-RRA95A8" duration="00:00:00.0012734" startTime="2016-01-24T03:03:17.3320070-08:00" endTime="2016-01-24T03:03:17.3349513-08:00" testType="13cdc9d9-ddb5-4fa4-a97d-d965ccfc6d4b" outcome="Passed" testListId="8c84fa94-04c1-424b-9868-57a2d4851a1d" relativeResultsDirectory="f84ba390-f4c0-4c11-ac95-c87dde914541" />
    <UnitTestResult executionId="09a30ebe-0058-4f59-926a-780942974ec8" testId="e1337a6a-6b0b-c2fc-f308-e617cc21b0ab" testName="RecoveryIfBadBody" computerName="DESKTOP-RRA95A8" duration="00:00:00.0035096" startTime="2016-01-24T03:03:17.3398594-08:00" endTime="2016-01-24T03:03:17.3467273-08:00" testType="13cdc9d9-ddb5-4fa4-a97d-d965ccfc6d4b" outcome="Passed" testListId="8c84fa94-04c1-424b-9868-57a2d4851a1d" relativeResultsDirectory="09a30ebe-0058-4f59-926a-780942974ec8" />
    <UnitTestResult executionId="d31d28fb-1b17-4e08-9beb-e01ae169e33f" testId="6a6b74b3-c9d4-c0c7-cd64-f6972a51291f" testName="RecoveryIfBadBody2" computerName="DESKTOP-RRA95A8" duration="00:00:00.0010688" startTime="2016-01-24T03:03:17.3516340-08:00" endTime="2016-01-24T03:03:17.3545780-08:00" testType="13cdc9d9-ddb5-4fa4-a97d-d965ccfc6d4b" outcome="Passed" testListId="8c84fa94-04c1-424b-9868-57a2d4851a1d" relativeResultsDirectory="d31d28fb-1b17-4e08-9beb-e01ae169e33f" />
    <UnitTestResult executionId="28a61460-084e-465d-9f86-2e7f9b3933cd" testId="f500cf5d-cd41-f7f2-2f89-17d4fc9233ff" testName="RecoveryIfBadBody3" computerName="DESKTOP-RRA95A8" duration="00:00:00.0008602" startTime="2016-01-24T03:03:17.3594839-08:00" endTime="2016-01-24T03:03:17.3639132-08:00" testType="13cdc9d9-ddb5-4fa4-a97d-d965ccfc6d4b" outcome="Passed" testListId="8c84fa94-04c1-424b-9868-57a2d4851a1d" relativeResultsDirectory="28a61460-084e-465d-9f86-2e7f9b3933cd" />
    <UnitTestResult executionId="8cd32bfe-eb4a-4673-87cb-d7a27ec46623" testId="67b4e28f-3290-b9eb-bb2b-00321c7d54d9" testName="RecoveryIfElseBadBody" computerName="DESKTOP-RRA95A8" duration="00:00:00.0016410" startTime="2016-01-24T03:03:17.3684253-08:00" endTime="2016-01-24T03:03:17.3724381-08:00" testType="13cdc9d9-ddb5-4fa4-a97d-d965ccfc6d4b" outcome="Passed" testListId="8c84fa94-04c1-424b-9868-57a2d4851a1d" relativeResultsDirectory="8cd32bfe-eb4a-4673-87cb-d7a27ec46623" />
    <UnitTestResult executionId="465abdf0-aee2-4f81-a207-26c99cafdd86" testId="e9b925e2-9cb6-43cd-69bd-e484b171dfa8" testName="RecoveryIfElseBadBody2" computerName="DESKTOP-RRA95A8" duration="00:00:00.0010119" startTime="2016-01-24T03:03:17.3809193-08:00" endTime="2016-01-24T03:03:17.3838637-08:00" testType="13cdc9d9-ddb5-4fa4-a97d-d965ccfc6d4b" outcome="Passed" testListId="8c84fa94-04c1-424b-9868-57a2d4851a1d" relativeResultsDirectory="465abdf0-aee2-4f81-a207-26c99cafdd86" />
    <UnitTestResult executionId="224f8196-f0a3-4ecc-b48a-f9bd93ddbbb5" testId="a217280d-9f56-2a3f-8fd5-911115a9932a" testName="RecoveryIfElseBadBody3" computerName="DESKTOP-RRA95A8" duration="00:00:00.0010706" startTime="2016-01-24T03:03:17.3897524-08:00" endTime="2016-01-24T03:03:17.3936770-08:00" testType="13cdc9d9-ddb5-4fa4-a97d-d965ccfc6d4b" outcome="Passed" testListId="8c84fa94-04c1-424b-9868-57a2d4851a1d" relativeResultsDirectory="224f8196-f0a3-4ecc-b48a-f9bd93ddbbb5" />
    <UnitTestResult executionId="91e2f164-be2f-4712-9c2a-27ca8158b6fc" testId="2120be76-7c24-f229-9b0a-f7a7c9fb4fb3" testName="WarningWhileSuspectAssignment" computerName="DESKTOP-RRA95A8" duration="00:00:00.0006917" startTime="2016-01-24T03:03:17.4005467-08:00" endTime="2016-01-24T03:03:17.4025083-08:00" testType="13cdc9d9-ddb5-4fa4-a97d-d965ccfc6d4b" outcome="Passed" testListId="8c84fa94-04c1-424b-9868-57a2d4851a1d" relativeResultsDirectory="91e2f164-be2f-4712-9c2a-27ca8158b6fc" />
    <UnitTestResult executionId="37181c1b-eaa3-48ba-aa30-e0848cedac10" testId="cdfd77bd-9007-4b06-dcd6-dd39bf46739f" testName="RecoveryWhileBadBody" computerName="DESKTOP-RRA95A8" duration="00:00:00.0016603" startTime="2016-01-24T03:03:17.4103600-08:00" endTime="2016-01-24T03:03:17.4152765-08:00" testType="13cdc9d9-ddb5-4fa4-a97d-d965ccfc6d4b" outcome="Passed" testListId="8c84fa94-04c1-424b-9868-57a2d4851a1d" relativeResultsDirectory="37181c1b-eaa3-48ba-aa30-e0848cedac10" />
    <UnitTestResult executionId="d108e304-681c-4bd1-85d0-212c161a43aa" testId="54115da3-c885-07f4-d603-30ba0c78787e" testName="RecoveryWhileBadBody2" computerName="DESKTOP-RRA95A8" duration="00:00:00.0019400" startTime="2016-01-24T03:03:17.4221382-08:00" endTime="2016-01-24T03:03:17.4270426-08:00" testType="13cdc9d9-ddb5-4fa4-a97d-d965ccfc6d4b" outcome="Passed" testListId="8c84fa94-04c1-424b-9868-57a2d4851a1d" relativeResultsDirectory="d108e304-681c-4bd1-85d0-212c161a43aa" />
    <UnitTestResult executionId="ec2a0520-09e9-4631-8f22-515c093a8b7e" testId="21caf000-7edd-2c34-283e-7044b2005c70" testName="RecoveryWhileBadCondition" computerName="DESKTOP-RRA95A8" duration="00:00:00.0012001" startTime="2016-01-24T03:03:17.4329325-08:00" endTime="2016-01-24T03:03:17.4368560-08:00" testType="13cdc9d9-ddb5-4fa4-a97d-d965ccfc6d4b" outcome="Passed" testListId="8c84fa94-04c1-424b-9868-57a2d4851a1d" relativeResultsDirectory="ec2a0520-09e9-4631-8f22-515c093a8b7e" />
    <UnitTestResult executionId="f897cc3c-e90b-496c-888d-e52ac24f1b58" testId="3a459ff5-6950-8e81-c0d5-d8dea5469af8" testName="RecoveryWhileBadCondition2" computerName="DESKTOP-RRA95A8" duration="00:00:00.0010845" startTime="2016-01-24T03:03:17.4427461-08:00" endTime="2016-01-24T03:03:17.4476506-08:00" testType="13cdc9d9-ddb5-4fa4-a97d-d965ccfc6d4b" outcome="Passed" testListId="8c84fa94-04c1-424b-9868-57a2d4851a1d" relativeResultsDirectory="f897cc3c-e90b-496c-888d-e52ac24f1b58" />
    <UnitTestResult executionId="15932604-4ef1-4278-b9a4-ef8110260d4e" testId="d5914fb9-2061-d4f6-bba5-e760317cd7eb" testName="RecoveryWhileBadCondition3" computerName="DESKTOP-RRA95A8" duration="00:00:00.0011662" startTime="2016-01-24T03:03:17.4525576-08:00" endTime="2016-01-24T03:03:17.4555031-08:00" testType="13cdc9d9-ddb5-4fa4-a97d-d965ccfc6d4b" outcome="Passed" testListId="8c84fa94-04c1-424b-9868-57a2d4851a1d" relativeResultsDirectory="15932604-4ef1-4278-b9a4-ef8110260d4e" />
    <UnitTestResult executionId="b0f2836c-a752-4f5e-abbd-bd8d13e15746" testId="c1d374b5-2ff8-d974-66b3-08ddd8faf58b" testName="ErrorWhileNoOpenParens" computerName="DESKTOP-RRA95A8" duration="00:00:00.0007442" startTime="2016-01-24T03:03:17.4623728-08:00" endTime="2016-01-24T03:03:17.4663623-08:00" testType="13cdc9d9-ddb5-4fa4-a97d-d965ccfc6d4b" outcome="Passed" testListId="8c84fa94-04c1-424b-9868-57a2d4851a1d" relativeResultsDirectory="b0f2836c-a752-4f5e-abbd-bd8d13e15746" />
    <UnitTestResult executionId="2b2b7c3a-60ac-4600-a659-0f02a89a9357" testId="3c7e8099-4cc5-75de-cdf3-a7d9de0b86f5" testName="RecoveryDoWhileBadCondition" computerName="DESKTOP-RRA95A8" duration="00:00:00.0023864" startTime="2016-01-24T03:03:17.4728804-08:00" endTime="2016-01-24T03:03:17.4788968-08:00" testType="13cdc9d9-ddb5-4fa4-a97d-d965ccfc6d4b" outcome="Passed" testListId="8c84fa94-04c1-424b-9868-57a2d4851a1d" relativeResultsDirectory="2b2b7c3a-60ac-4600-a659-0f02a89a9357" />
    <UnitTestResult executionId="0a165636-12ca-4a98-804c-dc0361d5c0dd" testId="69020cd2-c3e8-5095-e315-cd5732fab87e" testName="RecoveryDoWhileBadCondition2" computerName="DESKTOP-RRA95A8" duration="00:00:00.0032076" startTime="2016-01-24T03:03:17.4838064-08:00" endTime="2016-01-24T03:03:17.4896951-08:00" testType="13cdc9d9-ddb5-4fa4-a97d-d965ccfc6d4b" outcome="Passed" testListId="8c84fa94-04c1-424b-9868-57a2d4851a1d" relativeResultsDirectory="0a165636-12ca-4a98-804c-dc0361d5c0dd" />
    <UnitTestResult executionId="6b73ae33-00b5-4a36-a3bb-5e0ede7d392f" testId="934047f8-0781-b5d8-51a9-9e26f46109e0" testName="ErrorDoWhileMissngParens" computerName="DESKTOP-RRA95A8" duration="00:00:00.0005462" startTime="2016-01-24T03:03:17.4955827-08:00" endTime="2016-01-24T03:03:17.4975469-08:00" testType="13cdc9d9-ddb5-4fa4-a97d-d965ccfc6d4b" outcome="Passed" testListId="8c84fa94-04c1-424b-9868-57a2d4851a1d" relativeResultsDirectory="6b73ae33-00b5-4a36-a3bb-5e0ede7d392f" />
    <UnitTestResult executionId="2ec94fdf-6edd-49a3-8ef8-68bb62356dac" testId="fdfa64c0-2a95-e47b-3a36-e80ce07970c8" testName="ErrorDoWhileNoWhile" computerName="DESKTOP-RRA95A8" duration="00:00:00.0004934" startTime="2016-01-24T03:03:17.5024524-08:00" endTime="2016-01-24T03:03:17.5044165-08:00" testType="13cdc9d9-ddb5-4fa4-a97d-d965ccfc6d4b" outcome="Passed" testListId="8c84fa94-04c1-424b-9868-57a2d4851a1d" relativeResultsDirectory="2ec94fdf-6edd-49a3-8ef8-68bb62356dac" />
    <UnitTestResult executionId="e6a7affd-4b1f-4b56-957d-c334ec61bbaa" testId="7ac75c2e-7b8c-43aa-c585-2d949491e7f6" testName="WarningDoWhileMissingOpenCurly" computerName="DESKTOP-RRA95A8" duration="00:00:00.0007005" startTime="2016-01-24T03:03:17.5103038-08:00" endTime="2016-01-24T03:03:17.5132500-08:00" testType="13cdc9d9-ddb5-4fa4-a97d-d965ccfc6d4b" outcome="Passed" testListId="8c84fa94-04c1-424b-9868-57a2d4851a1d" relativeResultsDirectory="e6a7affd-4b1f-4b56-957d-c334ec61bbaa" />
    <UnitTestResult executionId="a8c657e0-c6cf-4197-bfb9-a8615104a541" testId="4810bb4b-538b-b993-f795-bba65576df8a" testName="WarningDoWhileSuspectAssignment" computerName="DESKTOP-RRA95A8" duration="00:00:00.0005812" startTime="2016-01-24T03:03:17.5161900-08:00" endTime="2016-01-24T03:03:17.5191362-08:00" testType="13cdc9d9-ddb5-4fa4-a97d-d965ccfc6d4b" outcome="Passed" testListId="8c84fa94-04c1-424b-9868-57a2d4851a1d" relativeResultsDirectory="a8c657e0-c6cf-4197-bfb9-a8615104a541" />
    <UnitTestResult executionId="def9e542-1132-49b6-b0e5-a9ab4a51a5d0" testId="c5ad24da-cb9e-401e-77dc-3d88c6c2f349" testName="RecoveryDoWhileBadBody" computerName="DESKTOP-RRA95A8" duration="00:00:00.0008639" startTime="2016-01-24T03:03:17.5230600-08:00" endTime="2016-01-24T03:03:17.5260051-08:00" testType="13cdc9d9-ddb5-4fa4-a97d-d965ccfc6d4b" outcome="Passed" testListId="8c84fa94-04c1-424b-9868-57a2d4851a1d" relativeResultsDirectory="def9e542-1132-49b6-b0e5-a9ab4a51a5d0" />
    <UnitTestResult executionId="33703505-9cef-42f9-a82a-d8c544247b19" testId="2700d354-5e74-c7a9-07ae-c5bacdae5e9a" testName="RecoveryDoWhileBadBody2" computerName="DESKTOP-RRA95A8" duration="00:00:00.0005612" startTime="2016-01-24T03:03:17.5309103-08:00" endTime="2016-01-24T03:03:17.5328752-08:00" testType="13cdc9d9-ddb5-4fa4-a97d-d965ccfc6d4b" outcome="Passed" testListId="8c84fa94-04c1-424b-9868-57a2d4851a1d" relativeResultsDirectory="33703505-9cef-42f9-a82a-d8c544247b19" />
    <UnitTestResult executionId="cfda2337-d315-4a51-b681-9b2590d47297" testId="a5073e41-aa21-62de-3cd7-65e0f856bbdb" testName="RecoveryDoWhileBadBody3" computerName="DESKTOP-RRA95A8" duration="00:00:00.0009736" startTime="2016-01-24T03:03:17.5377822-08:00" endTime="2016-01-24T03:03:17.5407240-08:00" testType="13cdc9d9-ddb5-4fa4-a97d-d965ccfc6d4b" outcome="Passed" testListId="8c84fa94-04c1-424b-9868-57a2d4851a1d" relativeResultsDirectory="cfda2337-d315-4a51-b681-9b2590d47297" />
    <UnitTestResult executionId="a275d05a-0120-400e-856a-c41ddd3d4e23" testId="47dbe201-e7ef-95f1-9463-1af7019c1a89" testName="WarningForAssignment" computerName="DESKTOP-RRA95A8" duration="00:00:00.0008128" startTime="2016-01-24T03:03:17.5446493-08:00" endTime="2016-01-24T03:03:17.5475930-08:00" testType="13cdc9d9-ddb5-4fa4-a97d-d965ccfc6d4b" outcome="Passed" testListId="8c84fa94-04c1-424b-9868-57a2d4851a1d" relativeResultsDirectory="a275d05a-0120-400e-856a-c41ddd3d4e23" />
    <UnitTestResult executionId="24fc08cf-331d-4af6-a911-a365f86facf4" testId="410f2ad3-9e07-a36c-a677-f195ad52c402" testName="WarningForStatementBlock" computerName="DESKTOP-RRA95A8" duration="00:00:00.0005904" startTime="2016-01-24T03:03:17.5515190-08:00" endTime="2016-01-24T03:03:17.5534817-08:00" testType="13cdc9d9-ddb5-4fa4-a97d-d965ccfc6d4b" outcome="Passed" testListId="8c84fa94-04c1-424b-9868-57a2d4851a1d" relativeResultsDirectory="24fc08cf-331d-4af6-a911-a365f86facf4" />
    <UnitTestResult executionId="781bfe1a-c8f9-4519-9955-1e5e0d88c7d1" testId="c14554ed-ad65-bcd3-4b62-8e568d4518fe" testName="RecoveryForIn" computerName="DESKTOP-RRA95A8" duration="00:00:00.0006950" startTime="2016-01-24T03:03:17.5574067-08:00" endTime="2016-01-24T03:03:17.5603510-08:00" testType="13cdc9d9-ddb5-4fa4-a97d-d965ccfc6d4b" outcome="Passed" testListId="8c84fa94-04c1-424b-9868-57a2d4851a1d" relativeResultsDirectory="781bfe1a-c8f9-4519-9955-1e5e0d88c7d1" />
    <UnitTestResult executionId="88551bf4-aba9-4c23-ac42-3ae911b1f8ca" testId="d9a212ca-659e-0cf4-7cfd-5cba179e67c0" testName="RecoveryForInBadCollection" computerName="DESKTOP-RRA95A8" duration="00:00:00.0006819" startTime="2016-01-24T03:03:17.5637975-08:00" endTime="2016-01-24T03:03:17.5658029-08:00" testType="13cdc9d9-ddb5-4fa4-a97d-d965ccfc6d4b" outcome="Passed" testListId="8c84fa94-04c1-424b-9868-57a2d4851a1d" relativeResultsDirectory="88551bf4-aba9-4c23-ac42-3ae911b1f8ca" />
    <UnitTestResult executionId="69c2f4b0-5308-4757-8a0e-89d6e2be24bc" testId="3b6faa31-6d75-d713-1831-b94875648f26" testName="RecoveryForIn2" computerName="DESKTOP-RRA95A8" duration="00:00:00.0012657" startTime="2016-01-24T03:03:17.5708178-08:00" endTime="2016-01-24T03:03:17.5738245-08:00" testType="13cdc9d9-ddb5-4fa4-a97d-d965ccfc6d4b" outcome="Passed" testListId="8c84fa94-04c1-424b-9868-57a2d4851a1d" relativeResultsDirectory="69c2f4b0-5308-4757-8a0e-89d6e2be24bc" />
    <UnitTestResult executionId="1a3dc6f0-deb4-4c47-920b-6ceef9d1a982" testId="d1187187-426d-36e1-79d5-cfb760592583" testName="RecoveryForInBadBody" computerName="DESKTOP-RRA95A8" duration="00:00:00.0010050" startTime="2016-01-24T03:03:17.5778352-08:00" endTime="2016-01-24T03:03:17.5808040-08:00" testType="13cdc9d9-ddb5-4fa4-a97d-d965ccfc6d4b" outcome="Passed" testListId="8c84fa94-04c1-424b-9868-57a2d4851a1d" relativeResultsDirectory="1a3dc6f0-deb4-4c47-920b-6ceef9d1a982" />
    <UnitTestResult executionId="5efb69cc-4f10-4dcd-aca0-fcafa9db4cd6" testId="a348c07d-e9b5-1dbf-32fc-d7ef2c0d175a" testName="RecoveryForInBadBody2" computerName="DESKTOP-RRA95A8" duration="00:00:00.0007308" startTime="2016-01-24T03:03:17.5837476-08:00" endTime="2016-01-24T03:03:17.5857114-08:00" testType="13cdc9d9-ddb5-4fa4-a97d-d965ccfc6d4b" outcome="Passed" testListId="8c84fa94-04c1-424b-9868-57a2d4851a1d" relativeResultsDirectory="5efb69cc-4f10-4dcd-aca0-fcafa9db4cd6" />
    <UnitTestResult executionId="dd309016-b1cf-4956-b75e-d61e32b241c8" testId="a52620a7-98c0-41de-73eb-d57bd9b52985" testName="RecoveryForNoClosingParen" computerName="DESKTOP-RRA95A8" duration="00:00:00.0005448" startTime="2016-01-24T03:03:17.5896356-08:00" endTime="2016-01-24T03:03:17.5915987-08:00" testType="13cdc9d9-ddb5-4fa4-a97d-d965ccfc6d4b" outcome="Passed" testListId="8c84fa94-04c1-424b-9868-57a2d4851a1d" relativeResultsDirectory="dd309016-b1cf-4956-b75e-d61e32b241c8" />
    <UnitTestResult executionId="69f6f75d-988f-4954-9e36-e91565ec423a" testId="b5702770-3236-94ba-cc5e-bfa3a5eb5df1" testName="RecoveryForBadBody" computerName="DESKTOP-RRA95A8" duration="00:00:00.0012384" startTime="2016-01-24T03:03:17.5955240-08:00" endTime="2016-01-24T03:03:17.5974874-08:00" testType="13cdc9d9-ddb5-4fa4-a97d-d965ccfc6d4b" outcome="Passed" testListId="8c84fa94-04c1-424b-9868-57a2d4851a1d" relativeResultsDirectory="69f6f75d-988f-4954-9e36-e91565ec423a" />
    <UnitTestResult executionId="e76000f7-d630-45a7-b716-781d5f3b325a" testId="1add5285-c943-dd96-31f9-2cb2ef910478" testName="RecoveryForBadBody2" computerName="DESKTOP-RRA95A8" duration="00:00:00.0008810" startTime="2016-01-24T03:03:17.6014123-08:00" endTime="2016-01-24T03:03:17.6033750-08:00" testType="13cdc9d9-ddb5-4fa4-a97d-d965ccfc6d4b" outcome="Passed" testListId="8c84fa94-04c1-424b-9868-57a2d4851a1d" relativeResultsDirectory="e76000f7-d630-45a7-b716-781d5f3b325a" />
    <UnitTestResult executionId="e7c533f7-8ac1-4234-a9b7-d79f5075ff48" testId="56c0be8c-cb0f-a9d8-248a-4bd80a5f2c78" testName="RecoveryForNoOpenParen" computerName="DESKTOP-RRA95A8" duration="00:00:00.0005543" startTime="2016-01-24T03:03:17.6072996-08:00" endTime="2016-01-24T03:03:17.6092623-08:00" testType="13cdc9d9-ddb5-4fa4-a97d-d965ccfc6d4b" outcome="Passed" testListId="8c84fa94-04c1-424b-9868-57a2d4851a1d" relativeResultsDirectory="e7c533f7-8ac1-4234-a9b7-d79f5075ff48" />
    <UnitTestResult executionId="5168ca17-1e79-4a34-b2e3-5cd6ee1e255a" testId="be63dbb7-45c1-9ede-5127-5ae899e450fc" testName="RecoveryForMissingClosingParen" computerName="DESKTOP-RRA95A8" duration="00:00:00.0008861" startTime="2016-01-24T03:03:17.6131880-08:00" endTime="2016-01-24T03:03:17.6161320-08:00" testType="13cdc9d9-ddb5-4fa4-a97d-d965ccfc6d4b" outcome="Passed" testListId="8c84fa94-04c1-424b-9868-57a2d4851a1d" relativeResultsDirectory="5168ca17-1e79-4a34-b2e3-5cd6ee1e255a" />
    <UnitTestResult executionId="9e2a47ea-a80f-4bab-842f-689846af482c" testId="7a5cbff3-abc6-73d6-a2c2-5804c19f15a9" testName="RecoveryForMissingIncrement" computerName="DESKTOP-RRA95A8" duration="00:00:00.0006823" startTime="2016-01-24T03:03:17.6200573-08:00" endTime="2016-01-24T03:03:17.6220199-08:00" testType="13cdc9d9-ddb5-4fa4-a97d-d965ccfc6d4b" outcome="Passed" testListId="8c84fa94-04c1-424b-9868-57a2d4851a1d" relativeResultsDirectory="9e2a47ea-a80f-4bab-842f-689846af482c" />
    <UnitTestResult executionId="d77c338b-1939-415e-ae9d-d1b4510349c0" testId="0089a2c5-f057-28d5-630a-60672c3c8622" testName="RecoveryForMissingConditionColon" computerName="DESKTOP-RRA95A8" duration="00:00:00.0006491" startTime="2016-01-24T03:03:17.6249639-08:00" endTime="2016-01-24T03:03:17.6279083-08:00" testType="13cdc9d9-ddb5-4fa4-a97d-d965ccfc6d4b" outcome="Passed" testListId="8c84fa94-04c1-424b-9868-57a2d4851a1d" relativeResultsDirectory="d77c338b-1939-415e-ae9d-d1b4510349c0" />
    <UnitTestResult executionId="ca078476-c09d-4d9b-87c3-ba106fb49fce" testId="e8a39a9c-620e-7cf8-de4b-6d02016a92cf" testName="RecoveryForMissingConditionColonSemicolon" computerName="DESKTOP-RRA95A8" duration="00:00:00.0008245" startTime="2016-01-24T03:03:17.6308534-08:00" endTime="2016-01-24T03:03:17.6337959-08:00" testType="13cdc9d9-ddb5-4fa4-a97d-d965ccfc6d4b" outcome="Passed" testListId="8c84fa94-04c1-424b-9868-57a2d4851a1d" relativeResultsDirectory="ca078476-c09d-4d9b-87c3-ba106fb49fce" />
    <UnitTestResult executionId="127a0b64-a8b5-4798-b57d-20dbbd8b1f9b" testId="48e9149d-9bb1-4f99-4652-932131150e99" testName="RecoveryForUnknownFollowingToken" computerName="DESKTOP-RRA95A8" duration="00:00:00.0009240" startTime="2016-01-24T03:03:17.6367399-08:00" endTime="2016-01-24T03:03:17.6387033-08:00" testType="13cdc9d9-ddb5-4fa4-a97d-d965ccfc6d4b" outcome="Passed" testListId="8c84fa94-04c1-424b-9868-57a2d4851a1d" relativeResultsDirectory="127a0b64-a8b5-4798-b57d-20dbbd8b1f9b" />
    <UnitTestResult executionId="283b1237-eebc-4000-bfb6-35561b5981b0" testId="d2b87c78-f517-04f2-02e2-28875c01cf2e" testName="RecoveryForMissingConditionMultipleVars" computerName="DESKTOP-RRA95A8" duration="00:00:00.0008234" startTime="2016-01-24T03:03:17.6426279-08:00" endTime="2016-01-24T03:03:17.6455723-08:00" testType="13cdc9d9-ddb5-4fa4-a97d-d965ccfc6d4b" outcome="Passed" testListId="8c84fa94-04c1-424b-9868-57a2d4851a1d" relativeResultsDirectory="283b1237-eebc-4000-bfb6-35561b5981b0" />
    <UnitTestResult executionId="3eb7fe7e-e886-4a23-84e5-e2a8400eb021" testId="be8b365c-3891-427e-3cb4-a558da898d1b" testName="RecoveryForMissingCondition" computerName="DESKTOP-RRA95A8" duration="00:00:00.0009773" startTime="2016-01-24T03:03:17.6485159-08:00" endTime="2016-01-24T03:03:17.6514599-08:00" testType="13cdc9d9-ddb5-4fa4-a97d-d965ccfc6d4b" outcome="Passed" testListId="8c84fa94-04c1-424b-9868-57a2d4851a1d" relativeResultsDirectory="3eb7fe7e-e886-4a23-84e5-e2a8400eb021" />
    <UnitTestResult executionId="fb84781a-579a-475c-84c1-0627a1b3338d" testId="bf507cf8-9e0d-6260-07cc-85872ba1a69c" testName="ForMultipleVariables" computerName="DESKTOP-RRA95A8" duration="00:00:00.0004955" startTime="2016-01-24T03:03:17.6544039-08:00" endTime="2016-01-24T03:03:17.6563673-08:00" testType="13cdc9d9-ddb5-4fa4-a97d-d965ccfc6d4b" outcome="Passed" testListId="8c84fa94-04c1-424b-9868-57a2d4851a1d" relativeResultsDirectory="fb84781a-579a-475c-84c1-0627a1b3338d" />
    <UnitTestResult executionId="6b4d0bd7-3e5d-44c8-ac0f-05d87d94485c" testId="bd51abc4-63c7-f08f-cfd0-9d3a71e91e21" testName="LetNotInStrictMode" computerName="DESKTOP-RRA95A8" duration="00:00:00.0038863" startTime="2016-01-24T03:03:17.6602923-08:00" endTime="2016-01-24T03:03:17.6662455-08:00" testType="13cdc9d9-ddb5-4fa4-a97d-d965ccfc6d4b" outcome="Passed" testListId="8c84fa94-04c1-424b-9868-57a2d4851a1d" relativeResultsDirectory="6b4d0bd7-3e5d-44c8-ac0f-05d87d94485c" />
    <UnitTestResult executionId="97ae2df5-b0c7-4db5-af4e-821ab2e7e2a5" testId="771460d2-d36b-678c-cee0-0f5a6e92f323" testName="IdentifierNames" computerName="DESKTOP-RRA95A8" duration="00:00:00.0004915" startTime="2016-01-24T03:03:17.6692533-08:00" endTime="2016-01-24T03:03:17.6717601-08:00" testType="13cdc9d9-ddb5-4fa4-a97d-d965ccfc6d4b" outcome="Passed" testListId="8c84fa94-04c1-424b-9868-57a2d4851a1d" relativeResultsDirectory="97ae2df5-b0c7-4db5-af4e-821ab2e7e2a5" />
    <UnitTestResult executionId="48a6dc5a-6621-4278-a7b1-aa6035c99ee0" testId="2e58f8ce-0995-0faa-5493-b311995b502b" testName="TestUnicodeIdentifier" computerName="DESKTOP-RRA95A8" duration="00:00:00.0007475" startTime="2016-01-24T03:03:17.6752697-08:00" endTime="2016-01-24T03:03:17.6777779-08:00" testType="13cdc9d9-ddb5-4fa4-a97d-d965ccfc6d4b" outcome="Passed" testListId="8c84fa94-04c1-424b-9868-57a2d4851a1d" relativeResultsDirectory="48a6dc5a-6621-4278-a7b1-aa6035c99ee0" />
    <UnitTestResult executionId="1a13ad95-cd58-4ad3-b8a9-ed763e5877be" testId="e15bb28f-3c3e-2c54-124d-f8c29108dbe2" testName="TestBlock" computerName="DESKTOP-RRA95A8" duration="00:00:00.0004368" startTime="2016-01-24T03:03:17.6817259-08:00" endTime="2016-01-24T03:03:17.6836892-08:00" testType="13cdc9d9-ddb5-4fa4-a97d-d965ccfc6d4b" outcome="Passed" testListId="8c84fa94-04c1-424b-9868-57a2d4851a1d" relativeResultsDirectory="1a13ad95-cd58-4ad3-b8a9-ed763e5877be" />
    <UnitTestResult executionId="896da3ff-e95c-4f89-96a7-b1e7cacf7fbc" testId="c9e20207-8133-dc6c-f7b5-755f5b4ba5b1" testName="TestDebugger" computerName="DESKTOP-RRA95A8" duration="00:00:00.0002716" startTime="2016-01-24T03:03:17.6876153-08:00" endTime="2016-01-24T03:03:17.6895787-08:00" testType="13cdc9d9-ddb5-4fa4-a97d-d965ccfc6d4b" outcome="Passed" testListId="8c84fa94-04c1-424b-9868-57a2d4851a1d" relativeResultsDirectory="896da3ff-e95c-4f89-96a7-b1e7cacf7fbc" />
    <UnitTestResult executionId="637d013b-cfce-4fad-9541-19642c8df37c" testId="f47cee87-1969-b508-00c8-3e29b4c32303" testName="TestSwitch" computerName="DESKTOP-RRA95A8" duration="00:00:00.0051560" startTime="2016-01-24T03:03:17.7268671-08:00" endTime="2016-01-24T03:03:17.7337361-08:00" testType="13cdc9d9-ddb5-4fa4-a97d-d965ccfc6d4b" outcome="Passed" testListId="8c84fa94-04c1-424b-9868-57a2d4851a1d" relativeResultsDirectory="637d013b-cfce-4fad-9541-19642c8df37c" />
    <UnitTestResult executionId="0f09bf67-2b23-4b26-84dc-04eb44de7802" testId="40c8a3e0-274c-17b9-bf19-0c1b93617723" testName="TestThrow" computerName="DESKTOP-RRA95A8" duration="00:00:00.0015896" startTime="2016-01-24T03:03:17.7366823-08:00" endTime="2016-01-24T03:03:17.7406408-08:00" testType="13cdc9d9-ddb5-4fa4-a97d-d965ccfc6d4b" outcome="Passed" testListId="8c84fa94-04c1-424b-9868-57a2d4851a1d" relativeResultsDirectory="0f09bf67-2b23-4b26-84dc-04eb44de7802" />
    <UnitTestResult executionId="3414f0cf-5359-451f-a102-8a9be35cd958" testId="c1d85dec-eee6-b3e5-fca5-e24c7e4eb1d5" testName="TestWith" computerName="DESKTOP-RRA95A8" duration="00:00:00.0005524" startTime="2016-01-24T03:03:17.7455135-08:00" endTime="2016-01-24T03:03:17.7484597-08:00" testType="13cdc9d9-ddb5-4fa4-a97d-d965ccfc6d4b" outcome="Passed" testListId="8c84fa94-04c1-424b-9868-57a2d4851a1d" relativeResultsDirectory="3414f0cf-5359-451f-a102-8a9be35cd958" />
    <UnitTestResult executionId="4875db87-6eac-45b6-98d6-1054e4c9e77d" testId="1fc2dad7-ba4f-0bbf-2e7c-5bf8ad989622" testName="TestConditional" computerName="DESKTOP-RRA95A8" duration="00:00:00.0024881" startTime="2016-01-24T03:03:17.7523836-08:00" endTime="2016-01-24T03:03:17.7573234-08:00" testType="13cdc9d9-ddb5-4fa4-a97d-d965ccfc6d4b" outcome="Passed" testListId="8c84fa94-04c1-424b-9868-57a2d4851a1d" relativeResultsDirectory="4875db87-6eac-45b6-98d6-1054e4c9e77d" />
    <UnitTestResult executionId="668e743f-d33c-414a-b971-f37ec1f54f4a" testId="d366e14f-5f41-ef5b-eacc-db8603a57de1" testName="TestVoid" computerName="DESKTOP-RRA95A8" duration="00:00:00.0004795" startTime="2016-01-24T03:03:17.7621951-08:00" endTime="2016-01-24T03:03:17.7641829-08:00" testType="13cdc9d9-ddb5-4fa4-a97d-d965ccfc6d4b" outcome="Passed" testListId="8c84fa94-04c1-424b-9868-57a2d4851a1d" relativeResultsDirectory="668e743f-d33c-414a-b971-f37ec1f54f4a" />
    <UnitTestResult executionId="edf440d2-1908-4617-8373-f4280219c423" testId="faa725bd-510a-26c8-4c72-60e54f979ab2" testName="TestTypeOf" computerName="DESKTOP-RRA95A8" duration="00:00:00.0004241" startTime="2016-01-24T03:03:17.7681936-08:00" endTime="2016-01-24T03:03:17.7707386-08:00" testType="13cdc9d9-ddb5-4fa4-a97d-d965ccfc6d4b" outcome="Passed" testListId="8c84fa94-04c1-424b-9868-57a2d4851a1d" relativeResultsDirectory="edf440d2-1908-4617-8373-f4280219c423" />
    <UnitTestResult executionId="9c386528-a7d4-4824-923e-d60d967d4f3a" testId="191bbd4c-6d7b-afee-964d-ffc4393b52a6" testName="TestUnary" computerName="DESKTOP-RRA95A8" duration="00:00:00.0007410" startTime="2016-01-24T03:03:17.7803258-08:00" endTime="2016-01-24T03:03:17.7822918-08:00" testType="13cdc9d9-ddb5-4fa4-a97d-d965ccfc6d4b" outcome="Passed" testListId="8c84fa94-04c1-424b-9868-57a2d4851a1d" relativeResultsDirectory="9c386528-a7d4-4824-923e-d60d967d4f3a" />
    <UnitTestResult executionId="a0fbfa54-2a0f-46f6-8c4b-c4964371c15e" testId="db4a9b8b-01ae-c7f1-5d4c-4d31a099adfb" testName="TestUnaryPostFix" computerName="DESKTOP-RRA95A8" duration="00:00:00.0003843" startTime="2016-01-24T03:03:17.7862153-08:00" endTime="2016-01-24T03:03:17.7882137-08:00" testType="13cdc9d9-ddb5-4fa4-a97d-d965ccfc6d4b" outcome="Passed" testListId="8c84fa94-04c1-424b-9868-57a2d4851a1d" relativeResultsDirectory="a0fbfa54-2a0f-46f6-8c4b-c4964371c15e" />
    <UnitTestResult executionId="740000ff-bd61-4996-9cf9-cda18485e0d9" testId="073c6bbb-25b2-d14c-610a-f1ac58077064" testName="TestGrouping" computerName="DESKTOP-RRA95A8" duration="00:00:00.0005324" startTime="2016-01-24T03:03:17.7911223-08:00" endTime="2016-01-24T03:03:17.7930846-08:00" testType="13cdc9d9-ddb5-4fa4-a97d-d965ccfc6d4b" outcome="Passed" testListId="8c84fa94-04c1-424b-9868-57a2d4851a1d" relativeResultsDirectory="740000ff-bd61-4996-9cf9-cda18485e0d9" />
    <UnitTestResult executionId="07abfdc7-2fc5-498d-a071-12567544b38f" testId="0081fdd8-f7bd-a57e-6827-f9092adc3c51" testName="TestArrayLiteral" computerName="DESKTOP-RRA95A8" duration="00:00:00.0003843" startTime="2016-01-24T03:03:17.7970446-08:00" endTime="2016-01-24T03:03:17.7990083-08:00" testType="13cdc9d9-ddb5-4fa4-a97d-d965ccfc6d4b" outcome="Passed" testListId="8c84fa94-04c1-424b-9868-57a2d4851a1d" relativeResultsDirectory="07abfdc7-2fc5-498d-a071-12567544b38f" />
    <UnitTestResult executionId="8fbbfb6b-c9f7-4a9b-beef-5716c772d309" testId="663f93a5-5b5a-f1cd-ba37-70cf4beb5716" testName="TestObjectLiteral" computerName="DESKTOP-RRA95A8" duration="00:00:00.0083316" startTime="2016-01-24T03:03:17.8028979-08:00" endTime="2016-01-24T03:03:17.8127466-08:00" testType="13cdc9d9-ddb5-4fa4-a97d-d965ccfc6d4b" outcome="Passed" testListId="8c84fa94-04c1-424b-9868-57a2d4851a1d" relativeResultsDirectory="8fbbfb6b-c9f7-4a9b-beef-5716c772d309" />
    <UnitTestResult executionId="baf501ad-2c18-408e-aa72-6b7520070f36" testId="a620e5b2-ce89-4640-d604-8c6501ea4246" testName="TestPrecedence" computerName="DESKTOP-RRA95A8" duration="00:00:00.0013474" startTime="2016-01-24T03:03:17.8156848-08:00" endTime="2016-01-24T03:03:17.8195806-08:00" testType="13cdc9d9-ddb5-4fa4-a97d-d965ccfc6d4b" outcome="Passed" testListId="8c84fa94-04c1-424b-9868-57a2d4851a1d" relativeResultsDirectory="baf501ad-2c18-408e-aa72-6b7520070f36" />
    <UnitTestResult executionId="469c1273-4ef8-4945-a1c2-bd434516eb8b" testId="e663bcdc-3b7c-1637-fcb8-420503590ee6" testName="TestCodeSettings" computerName="DESKTOP-RRA95A8" duration="00:00:00.0019039" startTime="2016-01-24T03:03:17.8225246-08:00" endTime="2016-01-24T03:03:17.8254682-08:00" testType="13cdc9d9-ddb5-4fa4-a97d-d965ccfc6d4b" outcome="Passed" testListId="8c84fa94-04c1-424b-9868-57a2d4851a1d" relativeResultsDirectory="469c1273-4ef8-4945-a1c2-bd434516eb8b" />
    <UnitTestResult executionId="06453b66-8da0-4691-9011-13c3c1236ac7" testId="a4d88eb3-ad12-709e-3695-1fa3553c8d47" testName="TestSourceSpan" computerName="DESKTOP-RRA95A8" duration="00:00:00.0028852" startTime="2016-01-24T03:03:17.8294296-08:00" endTime="2016-01-24T03:03:17.8343184-08:00" testType="13cdc9d9-ddb5-4fa4-a97d-d965ccfc6d4b" outcome="Passed" testListId="8c84fa94-04c1-424b-9868-57a2d4851a1d" relativeResultsDirectory="06453b66-8da0-4691-9011-13c3c1236ac7" />
    <UnitTestResult executionId="8a3e2bd1-26d7-428e-b448-67d9c5e4dcba" testId="692375b7-3965-ee11-bb1b-5542faa80826" testName="TestFunctionRecovery" computerName="DESKTOP-RRA95A8" duration="00:00:00.0050149" startTime="2016-01-24T03:03:17.8382259-08:00" endTime="2016-01-24T03:03:17.8460773-08:00" testType="13cdc9d9-ddb5-4fa4-a97d-d965ccfc6d4b" outcome="Failed" testListId="8c84fa94-04c1-424b-9868-57a2d4851a1d" relativeResultsDirectory="8a3e2bd1-26d7-428e-b448-67d9c5e4dcba">
      <Output>
        <ErrorInfo>
          <Message>Assert.AreEqual failed. Expected:&lt;3&gt;. Actual:&lt;4&gt;. Statement Count not Equal to found in Block</Message>
          <StackTrace>   at AnalysisTests.ParserTests.&lt;&gt;c__DisplayClass241_0.&lt;CheckBlock&gt;b__0(Statement stmt) in C:\src\nodejstools\Nodejs\Tests\AnalysisTests\ParserTests.cs:line 4988
   at AnalysisTests.ParserTests.CheckAst(JsAst ast, Action`1 checkBody) in C:\src\nodejstools\Nodejs\Tests\AnalysisTests\ParserTests.cs:line 5258
   at AnalysisTests.ParserTests.TestFunctionRecovery() in C:\src\nodejstools\Nodejs\Tests\AnalysisTests\ParserTests.cs:line 73
</StackTrace>
        </ErrorInfo>
      </Output>
    </UnitTestResult>
    <UnitTestResult executionId="1c590a71-0dac-47d0-8f41-5d14277e0a37" testId="832057bd-4893-a29e-d9c6-1d88bcb8c7ca" testName="TestParseUnterminatedFunctionInList" computerName="DESKTOP-RRA95A8" duration="00:00:00.0034512" startTime="2016-01-24T03:03:17.8539279-08:00" endTime="2016-01-24T03:03:17.8607965-08:00" testType="13cdc9d9-ddb5-4fa4-a97d-d965ccfc6d4b" outcome="Passed" testListId="8c84fa94-04c1-424b-9868-57a2d4851a1d" relativeResultsDirectory="1c590a71-0dac-47d0-8f41-5d14277e0a37" />
    <UnitTestResult executionId="24f69d42-f15e-450d-a896-0df15a9eb551" testId="7c9c4b99-77f9-4eb8-e0bd-53d370056ac6" testName="TestParseExpression" computerName="DESKTOP-RRA95A8" duration="00:00:00.0007092" startTime="2016-01-24T03:03:17.8682767-08:00" endTime="2016-01-24T03:03:17.8712845-08:00" testType="13cdc9d9-ddb5-4fa4-a97d-d965ccfc6d4b" outcome="Passed" testListId="8c84fa94-04c1-424b-9868-57a2d4851a1d" relativeResultsDirectory="24f69d42-f15e-450d-a896-0df15a9eb551" />
    <UnitTestResult executionId="352e17c9-47be-4d54-858d-3740ae48ad5b" testId="fb79487c-965b-439e-cb2a-5a336422bcc5" testName="ErrorCallBadArgs" computerName="DESKTOP-RRA95A8" duration="00:00:00.0011188" startTime="2016-01-24T03:03:17.8752977-08:00" endTime="2016-01-24T03:03:17.8797923-08:00" testType="13cdc9d9-ddb5-4fa4-a97d-d965ccfc6d4b" outcome="Passed" testListId="8c84fa94-04c1-424b-9868-57a2d4851a1d" relativeResultsDirectory="352e17c9-47be-4d54-858d-3740ae48ad5b" />
    <UnitTestResult executionId="a8db2026-0614-4f66-bd36-f8dc7f10e380" testId="5c1659d8-beda-69f6-6875-333d9d844f38" testName="ErrorCallBadArgs2" computerName="DESKTOP-RRA95A8" duration="00:00:00.0014667" startTime="2016-01-24T03:03:17.8837147-08:00" endTime="2016-01-24T03:03:17.8876411-08:00" testType="13cdc9d9-ddb5-4fa4-a97d-d965ccfc6d4b" outcome="Passed" testListId="8c84fa94-04c1-424b-9868-57a2d4851a1d" relativeResultsDirectory="a8db2026-0614-4f66-bd36-f8dc7f10e380" />
    <UnitTestResult executionId="672a924e-dd7e-4d2e-a6ff-8488d5a4c7ce" testId="9fd2ad95-a4db-cbbe-ac8d-828d7d9b208d" testName="TestMemberKeyword" computerName="DESKTOP-RRA95A8" duration="00:00:00.0006246" startTime="2016-01-24T03:03:17.8945108-08:00" endTime="2016-01-24T03:03:17.8984358-08:00" testType="13cdc9d9-ddb5-4fa4-a97d-d965ccfc6d4b" outcome="Passed" testListId="8c84fa94-04c1-424b-9868-57a2d4851a1d" relativeResultsDirectory="672a924e-dd7e-4d2e-a6ff-8488d5a4c7ce" />
    <UnitTestResult executionId="59589d13-2ca7-4618-8b8e-0a02e02cdd12" testId="9144852f-64be-cd4a-d689-b6d012a4e4d5" testName="ErrorGroupingNoCloseParen" computerName="DESKTOP-RRA95A8" duration="00:00:00.0007909" startTime="2016-01-24T03:03:17.9033417-08:00" endTime="2016-01-24T03:03:17.9053044-08:00" testType="13cdc9d9-ddb5-4fa4-a97d-d965ccfc6d4b" outcome="Passed" testListId="8c84fa94-04c1-424b-9868-57a2d4851a1d" relativeResultsDirectory="59589d13-2ca7-4618-8b8e-0a02e02cdd12" />
    <UnitTestResult executionId="3f74ea87-a3f5-4866-8b38-e02bc1d8de40" testId="de8656f4-21ea-fc50-f6f8-b549b6b03636" testName="ErrorGroupingNoSkipToken" computerName="DESKTOP-RRA95A8" duration="00:00:00.0012789" startTime="2016-01-24T03:03:17.9151184-08:00" endTime="2016-01-24T03:03:17.9180621-08:00" testType="13cdc9d9-ddb5-4fa4-a97d-d965ccfc6d4b" outcome="Passed" testListId="8c84fa94-04c1-424b-9868-57a2d4851a1d" relativeResultsDirectory="3f74ea87-a3f5-4866-8b38-e02bc1d8de40" />
    <UnitTestResult executionId="042d7f95-5e46-4c49-9108-93144a5a2a50" testId="879f510b-1775-cce3-3351-c75c5714fac7" testName="ErrorPostfixNoSkipToken" computerName="DESKTOP-RRA95A8" duration="00:00:00.0015786" startTime="2016-01-24T03:03:17.9229789-08:00" endTime="2016-01-24T03:03:17.9298395-08:00" testType="13cdc9d9-ddb5-4fa4-a97d-d965ccfc6d4b" outcome="Passed" testListId="8c84fa94-04c1-424b-9868-57a2d4851a1d" relativeResultsDirectory="042d7f95-5e46-4c49-9108-93144a5a2a50" />
    <UnitTestResult executionId="3f1dc3f1-1f22-4648-ad3f-430db83e8af6" testId="c93fadca-83ee-2c42-3a65-90deb57ab246" testName="ErrorDoubleOverflow" computerName="DESKTOP-RRA95A8" duration="00:00:00.0015436" startTime="2016-01-24T03:03:17.9357257-08:00" endTime="2016-01-24T03:03:17.9524087-08:00" testType="13cdc9d9-ddb5-4fa4-a97d-d965ccfc6d4b" outcome="Passed" testListId="8c84fa94-04c1-424b-9868-57a2d4851a1d" relativeResultsDirectory="3f1dc3f1-1f22-4648-ad3f-430db83e8af6" />
    <UnitTestResult executionId="ce572acc-5ee9-4c9d-9a54-90cea55f53d3" testId="2c113a7d-79cc-5b2d-8cb8-069c1e70f071" testName="WarningDoubleBoundaries" computerName="DESKTOP-RRA95A8" duration="00:00:00.0007351" startTime="2016-01-24T03:03:17.9592776-08:00" endTime="2016-01-24T03:03:17.9637102-08:00" testType="13cdc9d9-ddb5-4fa4-a97d-d965ccfc6d4b" outcome="Passed" testListId="8c84fa94-04c1-424b-9868-57a2d4851a1d" relativeResultsDirectory="ce572acc-5ee9-4c9d-9a54-90cea55f53d3" />
    <UnitTestResult executionId="6c84a291-d0bc-46d8-ba9f-d25dc826f59b" testId="4ccaa38f-880f-f944-4a64-f5fd5e7336a4" testName="ErrorWithStatementBody" computerName="DESKTOP-RRA95A8" duration="00:00:00.0007971" startTime="2016-01-24T03:03:17.9682219-08:00" endTime="2016-01-24T03:03:17.9717308-08:00" testType="13cdc9d9-ddb5-4fa4-a97d-d965ccfc6d4b" outcome="Passed" testListId="8c84fa94-04c1-424b-9868-57a2d4851a1d" relativeResultsDirectory="6c84a291-d0bc-46d8-ba9f-d25dc826f59b" />
    <UnitTestResult executionId="427e461f-2943-440f-942f-6ee46b95bc3f" testId="16fa8221-843b-6ae1-c570-e3d7f96b4779" testName="ErrorWithStatementBody2" computerName="DESKTOP-RRA95A8" duration="00:00:00.0015338" startTime="2016-01-24T03:03:17.9777464-08:00" endTime="2016-01-24T03:03:17.9826790-08:00" testType="13cdc9d9-ddb5-4fa4-a97d-d965ccfc6d4b" outcome="Passed" testListId="8c84fa94-04c1-424b-9868-57a2d4851a1d" relativeResultsDirectory="427e461f-2943-440f-942f-6ee46b95bc3f" />
    <UnitTestResult executionId="35af5f9d-edb1-415a-b836-38a72293a603" testId="99591859-4623-a5ea-92a7-f2a8ef1b9307" testName="WarningWithStatementNoCurlys" computerName="DESKTOP-RRA95A8" duration="00:00:00.0010732" startTime="2016-01-24T03:03:17.9885652-08:00" endTime="2016-01-24T03:03:17.9915088-08:00" testType="13cdc9d9-ddb5-4fa4-a97d-d965ccfc6d4b" outcome="Passed" testListId="8c84fa94-04c1-424b-9868-57a2d4851a1d" relativeResultsDirectory="35af5f9d-edb1-415a-b836-38a72293a603" />
    <UnitTestResult executionId="e152e8e4-764c-4f1d-a72e-de6034787d18" testId="ee6ca1c7-3506-67a2-3438-d540c8ee1bd8" testName="ErrorWithStatement" computerName="DESKTOP-RRA95A8" duration="00:00:00.0006709" startTime="2016-01-24T03:03:17.9964173-08:00" endTime="2016-01-24T03:03:17.9983792-08:00" testType="13cdc9d9-ddb5-4fa4-a97d-d965ccfc6d4b" outcome="Passed" testListId="8c84fa94-04c1-424b-9868-57a2d4851a1d" relativeResultsDirectory="e152e8e4-764c-4f1d-a72e-de6034787d18" />
    <UnitTestResult executionId="5d512af0-0e3f-464b-824d-07004343c104" testId="f16cdc0f-c122-5bd7-73a7-65985b8bbf97" testName="ErrorWithStatement2" computerName="DESKTOP-RRA95A8" duration="00:00:00.0006629" startTime="2016-01-24T03:03:18.0023045-08:00" endTime="2016-01-24T03:03:18.0042701-08:00" testType="13cdc9d9-ddb5-4fa4-a97d-d965ccfc6d4b" outcome="Passed" testListId="8c84fa94-04c1-424b-9868-57a2d4851a1d" relativeResultsDirectory="5d512af0-0e3f-464b-824d-07004343c104" />
    <UnitTestResult executionId="2014ecbd-c316-431a-9e03-a126a1b4c721" testId="1d78c415-c53d-6ed6-1f13-d13032d6f575" testName="ErrorWithStatement3" computerName="DESKTOP-RRA95A8" duration="00:00:00.0012519" startTime="2016-01-24T03:03:18.0091724-08:00" endTime="2016-01-24T03:03:18.0140802-08:00" testType="13cdc9d9-ddb5-4fa4-a97d-d965ccfc6d4b" outcome="Passed" testListId="8c84fa94-04c1-424b-9868-57a2d4851a1d" relativeResultsDirectory="2014ecbd-c316-431a-9e03-a126a1b4c721" />
    <UnitTestResult executionId="c5fc2552-6029-4c13-bad3-435479eb9cad" testId="be1bfadd-b06e-6d37-1001-b305153d1285" testName="ErrorWithStatementNoParens" computerName="DESKTOP-RRA95A8" duration="00:00:00.0005079" startTime="2016-01-24T03:03:18.0180051-08:00" endTime="2016-01-24T03:03:18.0199674-08:00" testType="13cdc9d9-ddb5-4fa4-a97d-d965ccfc6d4b" outcome="Passed" testListId="8c84fa94-04c1-424b-9868-57a2d4851a1d" relativeResultsDirectory="c5fc2552-6029-4c13-bad3-435479eb9cad" />
    <UnitTestResult executionId="2275d23f-c224-4b45-a9ca-5c3cd03ad3b3" testId="4b5bb9fe-3777-370d-5065-7d230647c2e6" testName="ErrorArrayLiteralBad" computerName="DESKTOP-RRA95A8" duration="00:00:00.0021143" startTime="2016-01-24T03:03:18.0552950-08:00" endTime="2016-01-24T03:03:18.0592211-08:00" testType="13cdc9d9-ddb5-4fa4-a97d-d965ccfc6d4b" outcome="Failed" testListId="8c84fa94-04c1-424b-9868-57a2d4851a1d" relativeResultsDirectory="2275d23f-c224-4b45-a9ca-5c3cd03ad3b3">
      <Output>
        <ErrorInfo>
          <Message>Assert.AreEqual failed. Expected:&lt;2&gt;. Actual:&lt;1&gt;. Statement Count not Equal to found in Block</Message>
          <StackTrace>   at AnalysisTests.ParserTests.&lt;&gt;c__DisplayClass241_0.&lt;CheckBlock&gt;b__0(Statement stmt) in C:\src\nodejstools\Nodejs\Tests\AnalysisTests\ParserTests.cs:line 4988
   at AnalysisTests.ParserTests.CheckAst(JsAst ast, Action`1 checkBody) in C:\src\nodejstools\Nodejs\Tests\AnalysisTests\ParserTests.cs:line 5258
   at AnalysisTests.ParserTests.ErrorArrayLiteralBad() in C:\src\nodejstools\Nodejs\Tests\AnalysisTests\ParserTests.cs:line 448
</StackTrace>
        </ErrorInfo>
      </Output>
    </UnitTestResult>
    <UnitTestResult executionId="e9c6d1e9-9d34-4352-8d06-1c3039c4de7c" testId="833f871f-f977-5079-6fbe-e304387dcc88" testName="ErrorArrayLiteralBad2" computerName="DESKTOP-RRA95A8" duration="00:00:00.0009729" startTime="2016-01-24T03:03:18.0636493-08:00" endTime="2016-01-24T03:03:18.0934113-08:00" testType="13cdc9d9-ddb5-4fa4-a97d-d965ccfc6d4b" outcome="Passed" testListId="8c84fa94-04c1-424b-9868-57a2d4851a1d" relativeResultsDirectory="e9c6d1e9-9d34-4352-8d06-1c3039c4de7c" />
    <UnitTestResult executionId="1d5f7214-02e9-4235-80a5-e963e8a80ae1" testId="718f1483-de6a-ca01-8c34-93444f86cfa4" testName="ErrorArrayLiteralBad3" computerName="DESKTOP-RRA95A8" duration="00:00:00.0008981" startTime="2016-01-24T03:03:18.0983179-08:00" endTime="2016-01-24T03:03:18.1002809-08:00" testType="13cdc9d9-ddb5-4fa4-a97d-d965ccfc6d4b" outcome="Passed" testListId="8c84fa94-04c1-424b-9868-57a2d4851a1d" relativeResultsDirectory="1d5f7214-02e9-4235-80a5-e963e8a80ae1" />
    <UnitTestResult executionId="35120fe0-2c9e-438f-ad56-5b3222c741fe" testId="7c8b4d6d-3499-a139-8f49-e218dcc76dfa" testName="ArrayLiteralEmpty" computerName="DESKTOP-RRA95A8" duration="00:00:00.0003555" startTime="2016-01-24T03:03:18.1032249-08:00" endTime="2016-01-24T03:03:18.1051880-08:00" testType="13cdc9d9-ddb5-4fa4-a97d-d965ccfc6d4b" outcome="Passed" testListId="8c84fa94-04c1-424b-9868-57a2d4851a1d" relativeResultsDirectory="35120fe0-2c9e-438f-ad56-5b3222c741fe" />
    <UnitTestResult executionId="165c921b-8cd9-457a-a50e-3414534d72eb" testId="036ed2d6-0037-3059-2b13-251605a6f288" testName="ArrayLiteralMissing" computerName="DESKTOP-RRA95A8" duration="00:00:00.0005247" startTime="2016-01-24T03:03:18.1091126-08:00" endTime="2016-01-24T03:03:18.1120569-08:00" testType="13cdc9d9-ddb5-4fa4-a97d-d965ccfc6d4b" outcome="Passed" testListId="8c84fa94-04c1-424b-9868-57a2d4851a1d" relativeResultsDirectory="165c921b-8cd9-457a-a50e-3414534d72eb" />
    <UnitTestResult executionId="a3b83d32-0237-441c-a1fc-2f21fe5834d4" testId="f68bc42b-8a87-d808-315b-0986401206a1" testName="ErrorFunctionBadBody3" computerName="DESKTOP-RRA95A8" duration="00:00:00.0009073" startTime="2016-01-24T03:03:18.1150009-08:00" endTime="2016-01-24T03:03:18.1179446-08:00" testType="13cdc9d9-ddb5-4fa4-a97d-d965ccfc6d4b" outcome="Passed" testListId="8c84fa94-04c1-424b-9868-57a2d4851a1d" relativeResultsDirectory="a3b83d32-0237-441c-a1fc-2f21fe5834d4" />
    <UnitTestResult executionId="ed28d1cb-fc3a-45d1-98d5-26a5730e12ee" testId="0bca4051-7283-db81-9c57-1aea0270caa6" testName="ErrorFunctionBadBody2" computerName="DESKTOP-RRA95A8" duration="00:00:00.0007818" startTime="2016-01-24T03:03:18.1208896-08:00" endTime="2016-01-24T03:03:18.1238336-08:00" testType="13cdc9d9-ddb5-4fa4-a97d-d965ccfc6d4b" outcome="Passed" testListId="8c84fa94-04c1-424b-9868-57a2d4851a1d" relativeResultsDirectory="ed28d1cb-fc3a-45d1-98d5-26a5730e12ee" />
    <UnitTestResult executionId="a3fec5f9-20ee-47f0-a3ad-36c1a09bee79" testId="8d1118d3-e0ef-0848-2fb3-cdbfe4b3dc1d" testName="ErrorFunctionBadBody" computerName="DESKTOP-RRA95A8" duration="00:00:00.0005692" startTime="2016-01-24T03:03:18.1267776-08:00" endTime="2016-01-24T03:03:18.1287399-08:00" testType="13cdc9d9-ddb5-4fa4-a97d-d965ccfc6d4b" outcome="Passed" testListId="8c84fa94-04c1-424b-9868-57a2d4851a1d" relativeResultsDirectory="a3fec5f9-20ee-47f0-a3ad-36c1a09bee79" />
    <UnitTestResult executionId="a32e5892-d4e1-46d3-b9ee-7377020abd72" testId="86e2d76a-28d9-3889-d457-54847dc84ea3" testName="ErrorFunctionBadArgList2" computerName="DESKTOP-RRA95A8" duration="00:00:00.0009011" startTime="2016-01-24T03:03:18.1336459-08:00" endTime="2016-01-24T03:03:18.1356082-08:00" testType="13cdc9d9-ddb5-4fa4-a97d-d965ccfc6d4b" outcome="Passed" testListId="8c84fa94-04c1-424b-9868-57a2d4851a1d" relativeResultsDirectory="a32e5892-d4e1-46d3-b9ee-7377020abd72" />
    <UnitTestResult executionId="8e5aef3e-51d3-4e45-aaf7-5e886e5a376a" testId="6bc67e79-1bd6-99c5-9722-6415b0a59950" testName="ErrorFunctionTypeDefinition" computerName="DESKTOP-RRA95A8" duration="00:00:00.0005032" startTime="2016-01-24T03:03:18.1395339-08:00" endTime="2016-01-24T03:03:18.1414994-08:00" testType="13cdc9d9-ddb5-4fa4-a97d-d965ccfc6d4b" outcome="Passed" testListId="8c84fa94-04c1-424b-9868-57a2d4851a1d" relativeResultsDirectory="8e5aef3e-51d3-4e45-aaf7-5e886e5a376a" />
    <UnitTestResult executionId="fe9e10bc-3782-4c79-8421-8f221d0d3c19" testId="9f4fbbdc-2201-bd7b-3937-c104285b52de" testName="ErrorFunctionBadArgList" computerName="DESKTOP-RRA95A8" duration="00:00:00.0007326" startTime="2016-01-24T03:03:18.1444423-08:00" endTime="2016-01-24T03:03:18.1473849-08:00" testType="13cdc9d9-ddb5-4fa4-a97d-d965ccfc6d4b" outcome="Passed" testListId="8c84fa94-04c1-424b-9868-57a2d4851a1d" relativeResultsDirectory="fe9e10bc-3782-4c79-8421-8f221d0d3c19" />
    <UnitTestResult executionId="922c2edd-b3fd-4636-ac7b-8899e3a5192d" testId="080f20f0-2c83-c7e2-1bd5-3cef3955225c" testName="ErrorFunctionExtraComma" computerName="DESKTOP-RRA95A8" duration="00:00:00.0004419" startTime="2016-01-24T03:03:18.1503296-08:00" endTime="2016-01-24T03:03:18.1522915-08:00" testType="13cdc9d9-ddb5-4fa4-a97d-d965ccfc6d4b" outcome="Passed" testListId="8c84fa94-04c1-424b-9868-57a2d4851a1d" relativeResultsDirectory="922c2edd-b3fd-4636-ac7b-8899e3a5192d" />
    <UnitTestResult executionId="19c7d015-6714-4a7e-b194-74a2a75ad5dd" testId="73d024c7-36b0-31f7-ce3c-5373e40a4c7c" testName="ErrorFunctionNoRightParen" computerName="DESKTOP-RRA95A8" duration="00:00:00.0005984" startTime="2016-01-24T03:03:18.1562165-08:00" endTime="2016-01-24T03:03:18.1591609-08:00" testType="13cdc9d9-ddb5-4fa4-a97d-d965ccfc6d4b" outcome="Passed" testListId="8c84fa94-04c1-424b-9868-57a2d4851a1d" relativeResultsDirectory="19c7d015-6714-4a7e-b194-74a2a75ad5dd" />
    <UnitTestResult executionId="dfafec3e-6797-4494-b2f8-ba5d1858da10" testId="6f0bd379-8640-f05f-ab01-ae1d92782bd0" testName="ErrorFunctionNoRightParen2" computerName="DESKTOP-RRA95A8" duration="00:00:00.0006779" startTime="2016-01-24T03:03:18.1635891-08:00" endTime="2016-01-24T03:03:18.1660966-08:00" testType="13cdc9d9-ddb5-4fa4-a97d-d965ccfc6d4b" outcome="Passed" testListId="8c84fa94-04c1-424b-9868-57a2d4851a1d" relativeResultsDirectory="dfafec3e-6797-4494-b2f8-ba5d1858da10" />
    <UnitTestResult executionId="436a8bfb-b742-436c-a48a-8dd23bf9c068" testId="b4b85f22-89c0-a519-7441-c1f0e7ffa01d" testName="TestFunctionStrictMode" computerName="DESKTOP-RRA95A8" duration="00:00:00.0006640" startTime="2016-01-24T03:03:18.1701069-08:00" endTime="2016-01-24T03:03:18.1726133-08:00" testType="13cdc9d9-ddb5-4fa4-a97d-d965ccfc6d4b" outcome="Passed" testListId="8c84fa94-04c1-424b-9868-57a2d4851a1d" relativeResultsDirectory="436a8bfb-b742-436c-a48a-8dd23bf9c068" />
    <UnitTestResult executionId="87f517c0-a973-46f3-af3e-54faa3fcd5f3" testId="f0fc6fc0-7cee-c527-aa77-609500fb9f8c" testName="TestFunctionKeywordIdentifier" computerName="DESKTOP-RRA95A8" duration="00:00:00.0005754" startTime="2016-01-24T03:03:18.1771257-08:00" endTime="2016-01-24T03:03:18.1805948-08:00" testType="13cdc9d9-ddb5-4fa4-a97d-d965ccfc6d4b" outcome="Passed" testListId="8c84fa94-04c1-424b-9868-57a2d4851a1d" relativeResultsDirectory="87f517c0-a973-46f3-af3e-54faa3fcd5f3" />
    <UnitTestResult executionId="e03c595d-dea6-4227-94f9-c906e8f71f23" testId="dba1c97c-2c48-89d7-efab-b8eb5fc7cf9a" testName="TestGenerators" computerName="DESKTOP-RRA95A8" duration="00:00:00.0021358" startTime="2016-01-24T03:03:18.1855015-08:00" endTime="2016-01-24T03:03:18.1894283-08:00" testType="13cdc9d9-ddb5-4fa4-a97d-d965ccfc6d4b" outcome="Passed" testListId="8c84fa94-04c1-424b-9868-57a2d4851a1d" relativeResultsDirectory="e03c595d-dea6-4227-94f9-c906e8f71f23" />
    <UnitTestResult executionId="82ba6fa6-72d4-4b99-b97b-03d83713e61a" testId="603fa037-8862-e263-ed12-793cca875ae9" testName="TestYieldMember" computerName="DESKTOP-RRA95A8" duration="00:00:00.0005393" startTime="2016-01-24T03:03:18.1933525-08:00" endTime="2016-01-24T03:03:18.1962958-08:00" testType="13cdc9d9-ddb5-4fa4-a97d-d965ccfc6d4b" outcome="Passed" testListId="8c84fa94-04c1-424b-9868-57a2d4851a1d" relativeResultsDirectory="82ba6fa6-72d4-4b99-b97b-03d83713e61a" />
    <UnitTestResult executionId="beec4d04-0118-4398-8cc2-a4598d10af7d" testId="0388eddb-4173-f94a-8ca6-758e2369d2c5" testName="WarningYieldNoSemicolon" computerName="DESKTOP-RRA95A8" duration="00:00:00.0007023" startTime="2016-01-24T03:03:18.1992409-08:00" endTime="2016-01-24T03:03:18.2021845-08:00" testType="13cdc9d9-ddb5-4fa4-a97d-d965ccfc6d4b" outcome="Passed" testListId="8c84fa94-04c1-424b-9868-57a2d4851a1d" relativeResultsDirectory="beec4d04-0118-4398-8cc2-a4598d10af7d" />
    <UnitTestResult executionId="78b5077f-71b9-40f5-bc0e-92d548b912da" testId="b161a9e3-213f-fe15-c2b8-f51c34c281d4" testName="ErrorYieldVar" computerName="DESKTOP-RRA95A8" duration="00:00:00.0005346" startTime="2016-01-24T03:03:18.2051289-08:00" endTime="2016-01-24T03:03:18.2080721-08:00" testType="13cdc9d9-ddb5-4fa4-a97d-d965ccfc6d4b" outcome="Passed" testListId="8c84fa94-04c1-424b-9868-57a2d4851a1d" relativeResultsDirectory="78b5077f-71b9-40f5-bc0e-92d548b912da" />
    <UnitTestResult executionId="2ef67ef4-2076-47f2-9a0f-47480ac3b6dc" testId="1e8e5a50-aac9-540b-3ef9-d47cea2236c2" testName="ErrorYieldLabel" computerName="DESKTOP-RRA95A8" duration="00:00:00.0006957" startTime="2016-01-24T03:03:18.2110165-08:00" endTime="2016-01-24T03:03:18.2139601-08:00" testType="13cdc9d9-ddb5-4fa4-a97d-d965ccfc6d4b" outcome="Passed" testListId="8c84fa94-04c1-424b-9868-57a2d4851a1d" relativeResultsDirectory="2ef67ef4-2076-47f2-9a0f-47480ac3b6dc" />
    <UnitTestResult executionId="1cd49822-9719-465c-b175-070625972702" testId="e786a4db-b5aa-d2cc-d234-0f43c880f771" testName="WarningYieldSemiColonInsertion" computerName="DESKTOP-RRA95A8" duration="00:00:00.0005079" startTime="2016-01-24T03:03:18.2169037-08:00" endTime="2016-01-24T03:03:18.2188671-08:00" testType="13cdc9d9-ddb5-4fa4-a97d-d965ccfc6d4b" outcome="Passed" testListId="8c84fa94-04c1-424b-9868-57a2d4851a1d" relativeResultsDirectory="1cd49822-9719-465c-b175-070625972702" />
    <UnitTestResult executionId="2cc98eb1-9c8f-4b85-bbda-99c4261b378a" testId="87edb301-2e4b-27aa-b1a7-48cd91bfbe9a" testName="RecoveryYieldBadOperand" computerName="DESKTOP-RRA95A8" duration="00:00:00.0008350" startTime="2016-01-24T03:03:18.2227917-08:00" endTime="2016-01-24T03:03:18.2257357-08:00" testType="13cdc9d9-ddb5-4fa4-a97d-d965ccfc6d4b" outcome="Passed" testListId="8c84fa94-04c1-424b-9868-57a2d4851a1d" relativeResultsDirectory="2cc98eb1-9c8f-4b85-bbda-99c4261b378a" />
    <UnitTestResult executionId="c5a54137-d2c9-4a76-8a6b-ec640490f287" testId="b05e8aa4-4623-8ced-fcbb-b0095b2e1a92" testName="RecoverYieldBadOperand2" computerName="DESKTOP-RRA95A8" duration="00:00:00.0008558" startTime="2016-01-24T03:03:18.2296614-08:00" endTime="2016-01-24T03:03:18.2326054-08:00" testType="13cdc9d9-ddb5-4fa4-a97d-d965ccfc6d4b" outcome="Passed" testListId="8c84fa94-04c1-424b-9868-57a2d4851a1d" relativeResultsDirectory="c5a54137-d2c9-4a76-8a6b-ec640490f287" />
    <UnitTestResult executionId="5d8ebef3-3157-4252-a6aa-33d39bea2f32" testId="7f794c6c-cff2-a519-0ae7-ee80bf42bd95" testName="RecoveryYieldBadOperand3" computerName="DESKTOP-RRA95A8" duration="00:00:00.0009776" startTime="2016-01-24T03:03:18.2355494-08:00" endTime="2016-01-24T03:03:18.2384931-08:00" testType="13cdc9d9-ddb5-4fa4-a97d-d965ccfc6d4b" outcome="Passed" testListId="8c84fa94-04c1-424b-9868-57a2d4851a1d" relativeResultsDirectory="5d8ebef3-3157-4252-a6aa-33d39bea2f32" />
    <UnitTestResult executionId="2c6aa78b-ce02-404c-a6e2-0cf23a425c1a" testId="6286b72b-8dca-90b4-c288-b8ba1550e199" testName="ErrorTryCatchNoTryOrFinally" computerName="DESKTOP-RRA95A8" duration="00:00:00.0010323" startTime="2016-01-24T03:03:18.2434004-08:00" endTime="2016-01-24T03:03:18.2463437-08:00" testType="13cdc9d9-ddb5-4fa4-a97d-d965ccfc6d4b" outcome="Passed" testListId="8c84fa94-04c1-424b-9868-57a2d4851a1d" relativeResultsDirectory="2c6aa78b-ce02-404c-a6e2-0cf23a425c1a" />
    <UnitTestResult executionId="da48b1db-7ab5-419e-8d6d-fe8715e9a47a" testId="d2c5d27a-9ca3-e9f8-569c-7ce2db736a53" testName="ErrorTryCatchBadCatch" computerName="DESKTOP-RRA95A8" duration="00:00:00.0005743" startTime="2016-01-24T03:03:18.2492877-08:00" endTime="2016-01-24T03:03:18.2512511-08:00" testType="13cdc9d9-ddb5-4fa4-a97d-d965ccfc6d4b" outcome="Passed" testListId="8c84fa94-04c1-424b-9868-57a2d4851a1d" relativeResultsDirectory="da48b1db-7ab5-419e-8d6d-fe8715e9a47a" />
    <UnitTestResult executionId="8093ae75-c33e-45fb-a5a4-b87dc5d8dd59" testId="99623a40-1884-33f7-dd78-7d44c2f8e003" testName="ErrorTryCatchBadCatch2" computerName="DESKTOP-RRA95A8" duration="00:00:00.0007461" startTime="2016-01-24T03:03:18.2571391-08:00" endTime="2016-01-24T03:03:18.2591010-08:00" testType="13cdc9d9-ddb5-4fa4-a97d-d965ccfc6d4b" outcome="Passed" testListId="8c84fa94-04c1-424b-9868-57a2d4851a1d" relativeResultsDirectory="8093ae75-c33e-45fb-a5a4-b87dc5d8dd59" />
    <UnitTestResult executionId="a1479b37-ee9d-4f8c-b66c-80e0d2499a21" testId="a8c66441-6163-3c07-3e3e-fa411ee1150c" testName="ErrorTryCatchNonIdentifierKeyword" computerName="DESKTOP-RRA95A8" duration="00:00:00.0009452" startTime="2016-01-24T03:03:18.2620454-08:00" endTime="2016-01-24T03:03:18.2650346-08:00" testType="13cdc9d9-ddb5-4fa4-a97d-d965ccfc6d4b" outcome="Passed" testListId="8c84fa94-04c1-424b-9868-57a2d4851a1d" relativeResultsDirectory="a1479b37-ee9d-4f8c-b66c-80e0d2499a21" />
    <UnitTestResult executionId="255ba533-cdbc-403e-bf54-4ce4dd2b46e6" testId="671d8566-b4bb-17a9-d6d3-e0d31017700b" testName="ErrorTryCatchIdentifierKeyword" computerName="DESKTOP-RRA95A8" duration="00:00:00.0003409" startTime="2016-01-24T03:03:18.2680424-08:00" endTime="2016-01-24T03:03:18.2700477-08:00" testType="13cdc9d9-ddb5-4fa4-a97d-d965ccfc6d4b" outcome="Passed" testListId="8c84fa94-04c1-424b-9868-57a2d4851a1d" relativeResultsDirectory="255ba533-cdbc-403e-bf54-4ce4dd2b46e6" />
    <UnitTestResult executionId="09ede192-73d4-41e3-aa9a-950b38db6e37" testId="dfefd3df-468b-0649-e459-8a7a05280b7e" testName="ErrorTryCatchNoParens" computerName="DESKTOP-RRA95A8" duration="00:00:00.0005707" startTime="2016-01-24T03:03:18.2730683-08:00" endTime="2016-01-24T03:03:18.2750620-08:00" testType="13cdc9d9-ddb5-4fa4-a97d-d965ccfc6d4b" outcome="Passed" testListId="8c84fa94-04c1-424b-9868-57a2d4851a1d" relativeResultsDirectory="09ede192-73d4-41e3-aa9a-950b38db6e37" />
    <UnitTestResult executionId="b5f7c72d-0725-4f29-acf8-e5dc5dd91ad2" testId="6f79f054-5bb0-0314-b9d9-1a992dc672f4" testName="ErrorTryBadBody" computerName="DESKTOP-RRA95A8" duration="00:00:00.0006403" startTime="2016-01-24T03:03:18.2780691-08:00" endTime="2016-01-24T03:03:18.2804165-08:00" testType="13cdc9d9-ddb5-4fa4-a97d-d965ccfc6d4b" outcome="Passed" testListId="8c84fa94-04c1-424b-9868-57a2d4851a1d" relativeResultsDirectory="b5f7c72d-0725-4f29-acf8-e5dc5dd91ad2" />
    <UnitTestResult executionId="99e63ee2-75b5-418d-9d6e-49bdd997238b" testId="b4900729-4f63-5095-c8d7-d08b12db4685" testName="ErrorTryBadBody2" computerName="DESKTOP-RRA95A8" duration="00:00:00.0009105" startTime="2016-01-24T03:03:18.2833597-08:00" endTime="2016-01-24T03:03:18.2863037-08:00" testType="13cdc9d9-ddb5-4fa4-a97d-d965ccfc6d4b" outcome="Passed" testListId="8c84fa94-04c1-424b-9868-57a2d4851a1d" relativeResultsDirectory="99e63ee2-75b5-418d-9d6e-49bdd997238b" />
    <UnitTestResult executionId="e5625cf4-0ece-4bce-b064-683b6529672f" testId="1df41ad8-ebe4-2a99-7818-71f145f2b00d" testName="ErrorTryMissingCurlys" computerName="DESKTOP-RRA95A8" duration="00:00:00.0010925" startTime="2016-01-24T03:03:18.2892477-08:00" endTime="2016-01-24T03:03:18.2912111-08:00" testType="13cdc9d9-ddb5-4fa4-a97d-d965ccfc6d4b" outcome="Passed" testListId="8c84fa94-04c1-424b-9868-57a2d4851a1d" relativeResultsDirectory="e5625cf4-0ece-4bce-b064-683b6529672f" />
    <UnitTestResult executionId="b344db40-f4c1-47ad-982b-865e255d364c" testId="7fd4e67b-d9ef-e2c0-64c7-c110dacd17a6" testName="WarningThrowSemicolonInsertion" computerName="DESKTOP-RRA95A8" duration="00:00:00.0004901" startTime="2016-01-24T03:03:18.2951364-08:00" endTime="2016-01-24T03:03:18.2970995-08:00" testType="13cdc9d9-ddb5-4fa4-a97d-d965ccfc6d4b" outcome="Passed" testListId="8c84fa94-04c1-424b-9868-57a2d4851a1d" relativeResultsDirectory="b344db40-f4c1-47ad-982b-865e255d364c" />
    <UnitTestResult executionId="93226e03-18e6-414a-aeb6-eb91931d446e" testId="dda65f8a-7ad4-d889-b89e-fdf4defeadf1" testName="ErrorThrowNoSemicolon" computerName="DESKTOP-RRA95A8" duration="00:00:00.0004277" startTime="2016-01-24T03:03:18.3010237-08:00" endTime="2016-01-24T03:03:18.3029875-08:00" testType="13cdc9d9-ddb5-4fa4-a97d-d965ccfc6d4b" outcome="Passed" testListId="8c84fa94-04c1-424b-9868-57a2d4851a1d" relativeResultsDirectory="93226e03-18e6-414a-aeb6-eb91931d446e" />
    <UnitTestResult executionId="1135b1a6-163c-4245-8d26-cc027d03ecfc" testId="81c311d5-b622-9209-4bad-34b0747562a0" testName="ErrorThrowBadExpression2" computerName="DESKTOP-RRA95A8" duration="00:00:00.0005203" startTime="2016-01-24T03:03:18.3059304-08:00" endTime="2016-01-24T03:03:18.3078938-08:00" testType="13cdc9d9-ddb5-4fa4-a97d-d965ccfc6d4b" outcome="Passed" testListId="8c84fa94-04c1-424b-9868-57a2d4851a1d" relativeResultsDirectory="1135b1a6-163c-4245-8d26-cc027d03ecfc" />
    <UnitTestResult executionId="3f5bc3ab-5879-4295-a794-9d97ec4eb747" testId="2f295bea-dbb0-855d-b1ba-1cbb08fc0108" testName="ErrorThrowBadExpression" computerName="DESKTOP-RRA95A8" duration="00:00:00.0006567" startTime="2016-01-24T03:03:18.3108392-08:00" endTime="2016-01-24T03:03:18.3137810-08:00" testType="13cdc9d9-ddb5-4fa4-a97d-d965ccfc6d4b" outcome="Passed" testListId="8c84fa94-04c1-424b-9868-57a2d4851a1d" relativeResultsDirectory="3f5bc3ab-5879-4295-a794-9d97ec4eb747" />
    <UnitTestResult executionId="71acfe49-e826-4a80-bd1f-aeac934b3308" testId="227907fe-d284-61c2-6c83-3c1bdfba55c3" testName="ErrorSwitchCaseBadStatement" computerName="DESKTOP-RRA95A8" duration="00:00:00.0007045" startTime="2016-01-24T03:03:18.3167250-08:00" endTime="2016-01-24T03:03:18.3186891-08:00" testType="13cdc9d9-ddb5-4fa4-a97d-d965ccfc6d4b" outcome="Passed" testListId="8c84fa94-04c1-424b-9868-57a2d4851a1d" relativeResultsDirectory="71acfe49-e826-4a80-bd1f-aeac934b3308" />
    <UnitTestResult executionId="a9773b35-b9e6-4f29-9b2b-f65cda972606" testId="657a22cf-6930-2165-c72d-c8297082fc37" testName="ErrorSwitchCaseBadCase2" computerName="DESKTOP-RRA95A8" duration="00:00:00.0008431" startTime="2016-01-24T03:03:18.3226130-08:00" endTime="2016-01-24T03:03:18.3245775-08:00" testType="13cdc9d9-ddb5-4fa4-a97d-d965ccfc6d4b" outcome="Passed" testListId="8c84fa94-04c1-424b-9868-57a2d4851a1d" relativeResultsDirectory="a9773b35-b9e6-4f29-9b2b-f65cda972606" />
    <UnitTestResult executionId="9098cfa7-18fb-4605-80bb-9c76637475d9" testId="b08416eb-7768-425a-39fd-792467c00cfa" testName="ErrorSwitchCaseBadCase" computerName="DESKTOP-RRA95A8" duration="00:00:00.0008186" startTime="2016-01-24T03:03:18.3294827-08:00" endTime="2016-01-24T03:03:18.3314472-08:00" testType="13cdc9d9-ddb5-4fa4-a97d-d965ccfc6d4b" outcome="Passed" testListId="8c84fa94-04c1-424b-9868-57a2d4851a1d" relativeResultsDirectory="9098cfa7-18fb-4605-80bb-9c76637475d9" />
    <UnitTestResult executionId="d33e5f97-3469-4d54-8487-27dac0d5228e" testId="8dc74ff1-47fa-d048-211e-ff8aca7c2dd1" testName="ErrorSwitchCaseMissingColon" computerName="DESKTOP-RRA95A8" duration="00:00:00.0007205" startTime="2016-01-24T03:03:18.3363524-08:00" endTime="2016-01-24T03:03:18.3383151-08:00" testType="13cdc9d9-ddb5-4fa4-a97d-d965ccfc6d4b" outcome="Passed" testListId="8c84fa94-04c1-424b-9868-57a2d4851a1d" relativeResultsDirectory="d33e5f97-3469-4d54-8487-27dac0d5228e" />
    <UnitTestResult executionId="f678b5c8-ebec-4481-a9a6-a606f2344083" testId="7d591f14-93d0-9082-0b26-2be25ba3ccf7" testName="ErrorSwitchNoCasesOrDefault" computerName="DESKTOP-RRA95A8" duration="00:00:00.0006436" startTime="2016-01-24T03:03:18.3461653-08:00" endTime="2016-01-24T03:03:18.3491108-08:00" testType="13cdc9d9-ddb5-4fa4-a97d-d965ccfc6d4b" outcome="Passed" testListId="8c84fa94-04c1-424b-9868-57a2d4851a1d" relativeResultsDirectory="f678b5c8-ebec-4481-a9a6-a606f2344083" />
    <UnitTestResult executionId="94ff312e-0a2f-4417-9b67-e5a0485b4c74" testId="9c4acd5f-98a7-38d5-0177-213e2cc4881e" testName="ErrorSwitchDuplicateDefault" computerName="DESKTOP-RRA95A8" duration="00:00:00.0007012" startTime="2016-01-24T03:03:18.3540156-08:00" endTime="2016-01-24T03:03:18.3569600-08:00" testType="13cdc9d9-ddb5-4fa4-a97d-d965ccfc6d4b" outcome="Passed" testListId="8c84fa94-04c1-424b-9868-57a2d4851a1d" relativeResultsDirectory="94ff312e-0a2f-4417-9b67-e5a0485b4c74" />
    <UnitTestResult executionId="caa81b9b-22bc-45fd-8d06-aed73d5da048" testId="9f3cf88c-7664-be7d-ba41-9ee937277e4c" testName="ErrorSwitchBadExpressionNoLeftCurly" computerName="DESKTOP-RRA95A8" duration="00:00:00.0010644" startTime="2016-01-24T03:03:18.3628480-08:00" endTime="2016-01-24T03:03:18.3663609-08:00" testType="13cdc9d9-ddb5-4fa4-a97d-d965ccfc6d4b" outcome="Passed" testListId="8c84fa94-04c1-424b-9868-57a2d4851a1d" relativeResultsDirectory="caa81b9b-22bc-45fd-8d06-aed73d5da048" />
    <UnitTestResult executionId="632c155c-daaa-44c8-8a97-acbd39d26a6c" testId="0afd9290-743c-e9fa-dc8c-ea0c6f01bf30" testName="ErrorSwitchBadExpression" computerName="DESKTOP-RRA95A8" duration="00:00:00.0011439" startTime="2016-01-24T03:03:18.3842819-08:00" endTime="2016-01-24T03:03:18.3882076-08:00" testType="13cdc9d9-ddb5-4fa4-a97d-d965ccfc6d4b" outcome="Passed" testListId="8c84fa94-04c1-424b-9868-57a2d4851a1d" relativeResultsDirectory="632c155c-daaa-44c8-8a97-acbd39d26a6c" />
    <UnitTestResult executionId="088d1dab-58c3-4837-babe-2548ccc8e48a" testId="4e214b8d-4cdf-c8da-3c8f-42e5470250d0" testName="ErrorSwitchBadExpression2" computerName="DESKTOP-RRA95A8" duration="00:00:00.0009802" startTime="2016-01-24T03:03:18.3960583-08:00" endTime="2016-01-24T03:03:18.4039093-08:00" testType="13cdc9d9-ddb5-4fa4-a97d-d965ccfc6d4b" outcome="Passed" testListId="8c84fa94-04c1-424b-9868-57a2d4851a1d" relativeResultsDirectory="088d1dab-58c3-4837-babe-2548ccc8e48a" />
    <UnitTestResult executionId="41197b3d-fe06-4db9-8bc5-e4fd7939855e" testId="099bb04d-5dc7-038a-c11f-73b5876807bd" testName="ErrorSwitchBadExpression3" computerName="DESKTOP-RRA95A8" duration="00:00:00.0018908" startTime="2016-01-24T03:03:18.4137230-08:00" endTime="2016-01-24T03:03:18.4245188-08:00" testType="13cdc9d9-ddb5-4fa4-a97d-d965ccfc6d4b" outcome="Passed" testListId="8c84fa94-04c1-424b-9868-57a2d4851a1d" relativeResultsDirectory="41197b3d-fe06-4db9-8bc5-e4fd7939855e" />
    <UnitTestResult executionId="544e381c-f8ce-49cb-be7f-12b8d1b512e8" testId="089c30fa-d641-1d55-a56a-c4481da3dddd" testName="ErrorSwitchNoLeftCurly" computerName="DESKTOP-RRA95A8" duration="00:00:00.0038932" startTime="2016-01-24T03:03:18.4333482-08:00" endTime="2016-01-24T03:03:18.4441439-08:00" testType="13cdc9d9-ddb5-4fa4-a97d-d965ccfc6d4b" outcome="Passed" testListId="8c84fa94-04c1-424b-9868-57a2d4851a1d" relativeResultsDirectory="544e381c-f8ce-49cb-be7f-12b8d1b512e8" />
    <UnitTestResult executionId="e2142ad1-f2a9-4b2d-a4d0-19ba30717abb" testId="2e725b44-79a4-1c97-00c2-5c79e9a10aab" testName="ErrorSwitchNoParens" computerName="DESKTOP-RRA95A8" duration="00:00:00.0010677" startTime="2016-01-24T03:03:18.4519964-08:00" endTime="2016-01-24T03:03:18.4559239-08:00" testType="13cdc9d9-ddb5-4fa4-a97d-d965ccfc6d4b" outcome="Passed" testListId="8c84fa94-04c1-424b-9868-57a2d4851a1d" relativeResultsDirectory="e2142ad1-f2a9-4b2d-a4d0-19ba30717abb" />
    <UnitTestResult executionId="d906456b-e048-4544-8f76-46d29c1b1ad8" testId="b75acb68-d468-cef8-8e30-7611725a0939" testName="ErrorBracketInvalidExpression" computerName="DESKTOP-RRA95A8" duration="00:00:00.0022905" startTime="2016-01-24T03:03:18.4643008-08:00" endTime="2016-01-24T03:03:18.4703153-08:00" testType="13cdc9d9-ddb5-4fa4-a97d-d965ccfc6d4b" outcome="Passed" testListId="8c84fa94-04c1-424b-9868-57a2d4851a1d" relativeResultsDirectory="d906456b-e048-4544-8f76-46d29c1b1ad8" />
    <UnitTestResult executionId="3082b21c-c3dd-4a42-8b5b-dd59f3cdfed1" testId="0aa4b8d5-d487-003f-68cc-7ebd8428592e" testName="ErrorBracketInvalidExpression2" computerName="DESKTOP-RRA95A8" duration="00:00:00.0018649" startTime="2016-01-24T03:03:18.4773353-08:00" endTime="2016-01-24T03:03:18.4812876-08:00" testType="13cdc9d9-ddb5-4fa4-a97d-d965ccfc6d4b" outcome="Passed" testListId="8c84fa94-04c1-424b-9868-57a2d4851a1d" relativeResultsDirectory="3082b21c-c3dd-4a42-8b5b-dd59f3cdfed1" />
    <UnitTestResult executionId="87614df3-816d-4836-9adb-cc8db0e21bc7" testId="e4719e6f-fd91-1ce5-a76f-b346241221d7" testName="ErrorBracketInvalidExpression3" computerName="DESKTOP-RRA95A8" duration="00:00:00.0016552" startTime="2016-01-24T03:03:18.4871756-08:00" endTime="2016-01-24T03:03:18.4920822-08:00" testType="13cdc9d9-ddb5-4fa4-a97d-d965ccfc6d4b" outcome="Passed" testListId="8c84fa94-04c1-424b-9868-57a2d4851a1d" relativeResultsDirectory="87614df3-816d-4836-9adb-cc8db0e21bc7" />
    <UnitTestResult executionId="42740076-27b7-44fb-8c17-63ed4b1e07d3" testId="b06b74f0-1376-abbe-c20c-d154e1796800" testName="ErrorBracketInvalidExpression4" computerName="DESKTOP-RRA95A8" duration="00:00:00.0011622" startTime="2016-01-24T03:03:18.4979710-08:00" endTime="2016-01-24T03:03:18.5009212-08:00" testType="13cdc9d9-ddb5-4fa4-a97d-d965ccfc6d4b" outcome="Passed" testListId="8c84fa94-04c1-424b-9868-57a2d4851a1d" relativeResultsDirectory="42740076-27b7-44fb-8c17-63ed4b1e07d3" />
    <UnitTestResult executionId="030096d6-a07c-46f1-9527-bb261985967c" testId="0fd04822-9cf0-cf55-caa0-3dd43d9b23aa" testName="WarningOctalLiteral" computerName="DESKTOP-RRA95A8" duration="00:00:00.0016924" startTime="2016-01-24T03:03:18.5068030-08:00" endTime="2016-01-24T03:03:18.5107279-08:00" testType="13cdc9d9-ddb5-4fa4-a97d-d965ccfc6d4b" outcome="Passed" testListId="8c84fa94-04c1-424b-9868-57a2d4851a1d" relativeResultsDirectory="030096d6-a07c-46f1-9527-bb261985967c" />
    <UnitTestResult executionId="94d6bce2-294f-4a36-a611-b52e083e0e22" testId="98423ebd-41d7-f0ea-7581-8ffcbd77057f" testName="ErrorObjectLiteralNoColon" computerName="DESKTOP-RRA95A8" duration="00:00:00.0019736" startTime="2016-01-24T03:03:18.5166163-08:00" endTime="2016-01-24T03:03:18.5215226-08:00" testType="13cdc9d9-ddb5-4fa4-a97d-d965ccfc6d4b" outcome="Passed" testListId="8c84fa94-04c1-424b-9868-57a2d4851a1d" relativeResultsDirectory="94d6bce2-294f-4a36-a611-b52e083e0e22" />
    <UnitTestResult executionId="657366fb-451a-4c62-963a-f4f6a744cf51" testId="bf256407-f327-8062-3779-b45bd1d80979" testName="ErrorObjectLiteralNoRightCurly" computerName="DESKTOP-RRA95A8" duration="00:00:00.0010983" startTime="2016-01-24T03:03:18.5283912-08:00" endTime="2016-01-24T03:03:18.5323176-08:00" testType="13cdc9d9-ddb5-4fa4-a97d-d965ccfc6d4b" outcome="Passed" testListId="8c84fa94-04c1-424b-9868-57a2d4851a1d" relativeResultsDirectory="657366fb-451a-4c62-963a-f4f6a744cf51" />
    <UnitTestResult executionId="5142e81e-d326-4a2a-99b6-ee6c65676b72" testId="417524f0-dc42-0223-4e32-ea9ded519f3e" testName="ErrorObjectLiteralNoComma" computerName="DESKTOP-RRA95A8" duration="00:00:00.0011118" startTime="2016-01-24T03:03:18.5382049-08:00" endTime="2016-01-24T03:03:18.5421316-08:00" testType="13cdc9d9-ddb5-4fa4-a97d-d965ccfc6d4b" outcome="Passed" testListId="8c84fa94-04c1-424b-9868-57a2d4851a1d" relativeResultsDirectory="5142e81e-d326-4a2a-99b6-ee6c65676b72" />
    <UnitTestResult executionId="0c4f40bc-fb97-4fa5-86f1-5320a74fbb52" testId="19f4f39c-6298-6203-d31c-0dac1b895dd8" testName="ErrorObjectLiteralBadExpression" computerName="DESKTOP-RRA95A8" duration="00:00:00.0010757" startTime="2016-01-24T03:03:18.5490010-08:00" endTime="2016-01-24T03:03:18.5519431-08:00" testType="13cdc9d9-ddb5-4fa4-a97d-d965ccfc6d4b" outcome="Passed" testListId="8c84fa94-04c1-424b-9868-57a2d4851a1d" relativeResultsDirectory="0c4f40bc-fb97-4fa5-86f1-5320a74fbb52" />
    <UnitTestResult executionId="2f6f3bcf-4067-4d95-a077-c07b019cd012" testId="f1d16ae9-37ce-8d5e-a961-74798222f63a" testName="ErrorObjectLiteralBadExpression2" computerName="DESKTOP-RRA95A8" duration="00:00:00.0009321" startTime="2016-01-24T03:03:18.5568498-08:00" endTime="2016-01-24T03:03:18.5607762-08:00" testType="13cdc9d9-ddb5-4fa4-a97d-d965ccfc6d4b" outcome="Passed" testListId="8c84fa94-04c1-424b-9868-57a2d4851a1d" relativeResultsDirectory="2f6f3bcf-4067-4d95-a077-c07b019cd012" />
    <UnitTestResult executionId="aceb8af0-c9d4-4ee8-9ff3-dbaa436a05b1" testId="2b23c8b8-5d15-6e19-7f93-e695f3a6c42a" testName="ErrorObjectLiteralBadExpression3" computerName="DESKTOP-RRA95A8" duration="00:00:00.0007694" startTime="2016-01-24T03:03:18.5652518-08:00" endTime="2016-01-24T03:03:18.5677575-08:00" testType="13cdc9d9-ddb5-4fa4-a97d-d965ccfc6d4b" outcome="Passed" testListId="8c84fa94-04c1-424b-9868-57a2d4851a1d" relativeResultsDirectory="aceb8af0-c9d4-4ee8-9ff3-dbaa436a05b1" />
    <UnitTestResult executionId="074fc66b-e6cc-4760-b527-0be8ca442b8f" testId="d253a9fa-8fcc-b778-a657-f86ca324af46" testName="ErrorObjectLiteralNoMemberIdentifier" computerName="DESKTOP-RRA95A8" duration="00:00:00.0007997" startTime="2016-01-24T03:03:18.5707730-08:00" endTime="2016-01-24T03:03:18.5737728-08:00" testType="13cdc9d9-ddb5-4fa4-a97d-d965ccfc6d4b" outcome="Passed" testListId="8c84fa94-04c1-424b-9868-57a2d4851a1d" relativeResultsDirectory="074fc66b-e6cc-4760-b527-0be8ca442b8f" />
    <UnitTestResult executionId="93eb14de-b468-47c7-8593-f8f0cca88c39" testId="afe289a3-cbf4-7175-9d5e-3335ae2ede47" testName="ErrorObjectLiteralInvalidNumeric" computerName="DESKTOP-RRA95A8" duration="00:00:00.0013489" startTime="2016-01-24T03:03:18.5812321-08:00" endTime="2016-01-24T03:03:18.5841765-08:00" testType="13cdc9d9-ddb5-4fa4-a97d-d965ccfc6d4b" outcome="Passed" testListId="8c84fa94-04c1-424b-9868-57a2d4851a1d" relativeResultsDirectory="93eb14de-b468-47c7-8593-f8f0cca88c39" />
    <UnitTestResult executionId="1357ef52-4bce-411d-8ee4-604ce34631a2" testId="22dc7069-c4a0-00d4-e5ad-b66a78e8a4e1" testName="VariableDeclarationBadInitializer2" computerName="DESKTOP-RRA95A8" duration="00:00:00.0008784" startTime="2016-01-24T03:03:18.5881004-08:00" endTime="2016-01-24T03:03:18.5910451-08:00" testType="13cdc9d9-ddb5-4fa4-a97d-d965ccfc6d4b" outcome="Passed" testListId="8c84fa94-04c1-424b-9868-57a2d4851a1d" relativeResultsDirectory="1357ef52-4bce-411d-8ee4-604ce34631a2" />
    <UnitTestResult executionId="605cd132-b11b-4dcf-9a5f-48a73ca09819" testId="1653735c-43aa-f9ad-c91e-e5b710b9771a" testName="InvalidTrailingStringLiteral" computerName="DESKTOP-RRA95A8" duration="00:00:00.0011804" startTime="2016-01-24T03:03:18.5949708-08:00" endTime="2016-01-24T03:03:18.5979155-08:00" testType="13cdc9d9-ddb5-4fa4-a97d-d965ccfc6d4b" outcome="Passed" testListId="8c84fa94-04c1-424b-9868-57a2d4851a1d" relativeResultsDirectory="605cd132-b11b-4dcf-9a5f-48a73ca09819">
      <Output>
        <StdOut>var i = 0
break
continue
return 0
throw 0</StdOut>
      </Output>
    </UnitTestResult>
    <UnitTestResult executionId="a0dc811a-a4c0-40d0-8ebb-6c2353bf8f15" testId="9ef81ad4-b1f5-6b94-d0b1-870259610b91" testName="TestRequireTrailingSlash" computerName="DESKTOP-RRA95A8" duration="00:00:00.0309063" startTime="2016-01-24T03:03:18.6008591-08:00" endTime="2016-01-24T03:03:18.8340745-08:00" testType="13cdc9d9-ddb5-4fa4-a97d-d965ccfc6d4b" outcome="Passed" testListId="8c84fa94-04c1-424b-9868-57a2d4851a1d" relativeResultsDirectory="a0dc811a-a4c0-40d0-8ebb-6c2353bf8f15" />
    <UnitTestResult executionId="206a7b00-01be-4add-82af-eae06b55a04c" testId="56476740-baed-0545-96fd-d08e0cf0ad65" testName="TestRequireAssignedExports" computerName="DESKTOP-RRA95A8" duration="00:00:00.0317851" startTime="2016-01-24T03:03:18.8380002-08:00" endTime="2016-01-24T03:03:18.8710639-08:00" testType="13cdc9d9-ddb5-4fa4-a97d-d965ccfc6d4b" outcome="Passed" testListId="8c84fa94-04c1-424b-9868-57a2d4851a1d" relativeResultsDirectory="206a7b00-01be-4add-82af-eae06b55a04c" />
    <UnitTestResult executionId="bce660a8-15f5-40d8-a597-e0d521cbbcd5" testId="77514c48-510e-ba98-685a-efcee1eb8beb" testName="TestRequireDirectoryFileOverload" computerName="DESKTOP-RRA95A8" duration="00:00:00.0643299" startTime="2016-01-24T03:03:18.8750727-08:00" endTime="2016-01-24T03:03:18.9408887-08:00" testType="13cdc9d9-ddb5-4fa4-a97d-d965ccfc6d4b" outcome="Passed" testListId="8c84fa94-04c1-424b-9868-57a2d4851a1d" relativeResultsDirectory="bce660a8-15f5-40d8-a597-e0d521cbbcd5" />
    <UnitTestResult executionId="276da4da-bc66-402a-b1ee-eac5f2fc013e" testId="b57963b5-9fa3-6210-388b-656ce98f8b27" testName="TestRequireMultiAssign" computerName="DESKTOP-RRA95A8" duration="00:00:00.0306386" startTime="2016-01-24T03:03:18.9487401-08:00" endTime="2016-01-24T03:03:18.9809997-08:00" testType="13cdc9d9-ddb5-4fa4-a97d-d965ccfc6d4b" outcome="Passed" testListId="8c84fa94-04c1-424b-9868-57a2d4851a1d" relativeResultsDirectory="276da4da-bc66-402a-b1ee-eac5f2fc013e" />
    <UnitTestResult executionId="ad8ab4cf-1ca1-451f-b124-61485bac3eab" testId="a78cdd25-4aef-03ba-6c3c-b8d5740fb729" testName="TestRequireSimple" computerName="DESKTOP-RRA95A8" duration="00:00:00.0332642" startTime="2016-01-24T03:03:18.9839521-08:00" endTime="2016-01-24T03:03:19.0192421-08:00" testType="13cdc9d9-ddb5-4fa4-a97d-d965ccfc6d4b" outcome="Passed" testListId="8c84fa94-04c1-424b-9868-57a2d4851a1d" relativeResultsDirectory="ad8ab4cf-1ca1-451f-b124-61485bac3eab" />
    <UnitTestResult executionId="abb1ea6e-2f62-4c6e-8212-7234b5588031" testId="89df6f93-fa56-162f-5356-4f27a9bc235b" testName="TestBadRequire" computerName="DESKTOP-RRA95A8" duration="00:00:00.0320397" startTime="2016-01-24T03:03:19.0231674-08:00" endTime="2016-01-24T03:03:19.0565703-08:00" testType="13cdc9d9-ddb5-4fa4-a97d-d965ccfc6d4b" outcome="Passed" testListId="8c84fa94-04c1-424b-9868-57a2d4851a1d" relativeResultsDirectory="abb1ea6e-2f62-4c6e-8212-7234b5588031" />
    <UnitTestResult executionId="e3144252-0763-41ab-821f-7bafb931d971" testId="dbd4220c-7582-9b49-65d5-a8291f861e7c" testName="TestRequireNonRelativePackageJson" computerName="DESKTOP-RRA95A8" duration="00:00:00.0670682" startTime="2016-01-24T03:03:19.0604580-08:00" endTime="2016-01-24T03:03:19.1309630-08:00" testType="13cdc9d9-ddb5-4fa4-a97d-d965ccfc6d4b" outcome="Passed" testListId="8c84fa94-04c1-424b-9868-57a2d4851a1d" relativeResultsDirectory="e3144252-0763-41ab-821f-7bafb931d971" />
    <UnitTestResult executionId="67651c23-66b1-4e6e-9264-74e23e1da61c" testId="8c1ad67d-d18c-6bf6-147a-358d2ab35824" testName="TestRequireNodeModules" computerName="DESKTOP-RRA95A8" duration="00:00:00.0365186" startTime="2016-01-24T03:03:19.1358700-08:00" endTime="2016-01-24T03:03:19.1748994-08:00" testType="13cdc9d9-ddb5-4fa4-a97d-d965ccfc6d4b" outcome="Passed" testListId="8c84fa94-04c1-424b-9868-57a2d4851a1d" relativeResultsDirectory="67651c23-66b1-4e6e-9264-74e23e1da61c" />
    <UnitTestResult executionId="b0670dcc-c5b9-47de-aa9e-52e9be5384f9" testId="25830a57-4b41-a24a-d946-2a460e91ae73" testName="TestRequireBuiltin" computerName="DESKTOP-RRA95A8" duration="00:00:00.0314730" startTime="2016-01-24T03:03:19.1887095-08:00" endTime="2016-01-24T03:03:19.2220730-08:00" testType="13cdc9d9-ddb5-4fa4-a97d-d965ccfc6d4b" outcome="Passed" testListId="8c84fa94-04c1-424b-9868-57a2d4851a1d" relativeResultsDirectory="b0670dcc-c5b9-47de-aa9e-52e9be5384f9" />
    <UnitTestResult executionId="82df8ace-e963-420b-83fb-01bdafc25e56" testId="eac58a48-48b4-9467-0060-2c23e2eecc72" testName="TestRequireBinaryOp" computerName="DESKTOP-RRA95A8" duration="00:00:00.0426527" startTime="2016-01-24T03:03:19.2259979-08:00" endTime="2016-01-24T03:03:19.2703344-08:00" testType="13cdc9d9-ddb5-4fa4-a97d-d965ccfc6d4b" outcome="Passed" testListId="8c84fa94-04c1-424b-9868-57a2d4851a1d" relativeResultsDirectory="82df8ace-e963-420b-83fb-01bdafc25e56" />
    <UnitTestResult executionId="cee1d320-272c-43b6-9e1c-96ad875aa733" testId="d33e5600-60e9-db8e-ced0-740f47e76496" testName="TestRequire" computerName="DESKTOP-RRA95A8" duration="00:00:00.1056676" startTime="2016-01-24T03:03:19.2748443-08:00" endTime="2016-01-24T03:03:19.3836857-08:00" testType="13cdc9d9-ddb5-4fa4-a97d-d965ccfc6d4b" outcome="Passed" testListId="8c84fa94-04c1-424b-9868-57a2d4851a1d" relativeResultsDirectory="cee1d320-272c-43b6-9e1c-96ad875aa733">
      <Output>
        <StdOut>{ File = server.js, Line = 4, Type = mymod., Expected = mymod_export }
{ File = server.js, Line = 8, Type = mymod2., Expected = mymod_export }
{ File = server.js, Line = 12, Type = mymod3., Expected =  }
{ File = server.js, Line = 19, Type = foo., Expected = foo_export }
{ File = server.js, Line = 22, Type = bar., Expected = bar_entry }
{ File = server.js, Line = 25, Type = bar2., Expected = bar2_entry }
{ File = server.js, Line = 28, Type = dup., Expected = node_modules_dup }
{ File = server.js, Line = 31, Type = dup1., Expected = top_level }
{ File = server.js, Line = 34, Type = dup2., Expected = top_level }
{ File = server.js, Line = 37, Type = baz_dup., Expected = baz_dup }
{ File = server.js, Line = 40, Type = baz_dup2., Expected = baz_dup }
{ File = server.js, Line = 42, Type = recursive., Expected = recursive1 }
{ File = server.js, Line = 42, Type = recursive., Expected = recursive2 }
{ File = server.js, Line = 48, Type = nested., Expected =  }
{ File = server.js, Line = 54, Type = indexfolder., Expected = indexfolder }
{ File = server.js, Line = 56, Type = indexfolder2., Expected = indexfolder }
{ File = node_modules\mymod.js, Line = 5, Type = dup., Expected = node_modules_dup }
{ File = node_modules\mymod.js, Line = 8, Type = dup0., Expected = node_modules_dup }
{ File = node_modules\mymod.js, Line = 11, Type = dup1., Expected = node_modules_dup }
{ File = node_modules\mymod.js, Line = 14, Type = dup2., Expected = node_modules_dup }
{ File = node_modules\mymod.js, Line = 17, Type = dup3., Expected = dup }
{ File = node_modules\foo\index.js, Line = 5, Type = dup., Expected = foo_node_modules }
{ File = node_modules\foo\index.js, Line = 8, Type = dup1., Expected = dup }
{ File = node_modules\foo\index.js, Line = 11, Type = dup2., Expected = dup }
{ File = node_modules\foo\index.js, Line = 14, Type = other., Expected = other }
{ File = node_modules\foo\index.js, Line = 17, Type = other2., Expected = other }
{ File = node_modules\foo\index.js, Line = 20, Type = other3., Expected =  }
{ File = node_modules\foo\index.js, Line = 27, Type = other4., Expected =  }
{ File = baz\dup.js, Line = 3, Type = parent_dup., Expected = top_level }
{ File = baz\dup.js, Line = 6, Type = bar., Expected = bar_entry }
{ File = baz\dup.js, Line = 9, Type = parent_dup2., Expected = top_level }</StdOut>
      </Output>
    </UnitTestResult>
    <UnitTestResult executionId="cc3dedca-cc26-4212-a144-52c62f5afa4b" testId="5e11b4ad-9f64-a103-eafc-cfd2d4bce5c2" testName="TestPartialScanning" computerName="DESKTOP-RRA95A8" duration="00:00:00.0028469" startTime="2016-01-24T03:03:19.3866301-08:00" endTime="2016-01-24T03:03:19.3915356-08:00" testType="13cdc9d9-ddb5-4fa4-a97d-d965ccfc6d4b" outcome="Passed" testListId="8c84fa94-04c1-424b-9868-57a2d4851a1d" relativeResultsDirectory="cc3dedca-cc26-4212-a144-52c62f5afa4b" />
    <UnitTestResult executionId="ab167943-9bb6-4777-ab4b-948a40051b43" testId="f7883d8a-b879-8550-7783-d5f290ea680a" testName="TestOperators" computerName="DESKTOP-RRA95A8" duration="00:00:00.0070254" startTime="2016-01-24T03:03:19.3954617-08:00" endTime="2016-01-24T03:03:19.4033124-08:00" testType="13cdc9d9-ddb5-4fa4-a97d-d965ccfc6d4b" outcome="Failed" testListId="8c84fa94-04c1-424b-9868-57a2d4851a1d" relativeResultsDirectory="ab167943-9bb6-4777-ab4b-948a40051b43">
      <Output>
        <StdOut>new TokenInfo(JSToken.Identifier, new SourceLocation(0, 1, 1), new SourceLocation(1, 1, 2)),
new TokenInfo(JSToken.WhiteSpace, new SourceLocation(1, 1, 2), new SourceLocation(2, 1, 3)),
new TokenInfo(JSToken.ModuloAssign, new SourceLocation(2, 1, 3), new SourceLocation(4, 1, 5)),
new TokenInfo(JSToken.WhiteSpace, new SourceLocation(4, 1, 5), new SourceLocation(5, 1, 6)),
new TokenInfo(JSToken.IntegerLiteral, new SourceLocation(5, 1, 6), new SourceLocation(6, 1, 7)),
new TokenInfo(JSToken.EndOfLine, new SourceLocation(6, 1, 7), new SourceLocation(7, 2, 1)),
new TokenInfo(JSToken.Identifier, new SourceLocation(7, 2, 1), new SourceLocation(8, 2, 2)),
new TokenInfo(JSToken.WhiteSpace, new SourceLocation(8, 2, 2), new SourceLocation(9, 2, 3)),
new TokenInfo(JSToken.BitwiseAndAssign, new SourceLocation(9, 2, 3), new SourceLocation(11, 2, 5)),
new TokenInfo(JSToken.WhiteSpace, new SourceLocation(11, 2, 5), new SourceLocation(12, 2, 6)),
new TokenInfo(JSToken.IntegerLiteral, new SourceLocation(12, 2, 6), new SourceLocation(13, 2, 7)),
new TokenInfo(JSToken.EndOfLine, new SourceLocation(13, 2, 7), new SourceLocation(14, 3, 1)),
new TokenInfo(JSToken.Identifier, new SourceLocation(14, 3, 1), new SourceLocation(15, 3, 2)),
new TokenInfo(JSToken.WhiteSpace, new SourceLocation(15, 3, 2), new SourceLocation(16, 3, 3)),
new TokenInfo(JSToken.MultiplyAssign, new SourceLocation(16, 3, 3), new SourceLocation(18, 3, 5)),
new TokenInfo(JSToken.WhiteSpace, new SourceLocation(18, 3, 5), new SourceLocation(19, 3, 6)),
new TokenInfo(JSToken.IntegerLiteral, new SourceLocation(19, 3, 6), new SourceLocation(20, 3, 7)),
new TokenInfo(JSToken.EndOfLine, new SourceLocation(20, 3, 7), new SourceLocation(21, 4, 1)),
new TokenInfo(JSToken.Identifier, new SourceLocation(21, 4, 1), new SourceLocation(22, 4, 2)),
new TokenInfo(JSToken.WhiteSpace, new SourceLocation(22, 4, 2), new SourceLocation(23, 4, 3)),
new TokenInfo(JSToken.PlusAssign, new SourceLocation(23, 4, 3), new SourceLocation(25, 4, 5)),
new TokenInfo(JSToken.WhiteSpace, new SourceLocation(25, 4, 5), new SourceLocation(26, 4, 6)),
new TokenInfo(JSToken.IntegerLiteral, new SourceLocation(26, 4, 6), new SourceLocation(27, 4, 7)),
new TokenInfo(JSToken.EndOfLine, new SourceLocation(27, 4, 7), new SourceLocation(28, 5, 1)),
new TokenInfo(JSToken.Identifier, new SourceLocation(28, 5, 1), new SourceLocation(29, 5, 2)),
new TokenInfo(JSToken.WhiteSpace, new SourceLocation(29, 5, 2), new SourceLocation(30, 5, 3)),
new TokenInfo(JSToken.MinusAssign, new SourceLocation(30, 5, 3), new SourceLocation(32, 5, 5)),
new TokenInfo(JSToken.WhiteSpace, new SourceLocation(32, 5, 5), new SourceLocation(33, 5, 6)),
new TokenInfo(JSToken.IntegerLiteral, new SourceLocation(33, 5, 6), new SourceLocation(34, 5, 7)),
new TokenInfo(JSToken.EndOfLine, new SourceLocation(34, 5, 7), new SourceLocation(35, 6, 1)),
new TokenInfo(JSToken.Identifier, new SourceLocation(35, 6, 1), new SourceLocation(36, 6, 2)),
new TokenInfo(JSToken.WhiteSpace, new SourceLocation(36, 6, 2), new SourceLocation(37, 6, 3)),
new TokenInfo(JSToken.LeftShiftAssign, new SourceLocation(37, 6, 3), new SourceLocation(40, 6, 6)),
new TokenInfo(JSToken.WhiteSpace, new SourceLocation(40, 6, 6), new SourceLocation(41, 6, 7)),
new TokenInfo(JSToken.IntegerLiteral, new SourceLocation(41, 6, 7), new SourceLocation(42, 6, 8)),
new TokenInfo(JSToken.EndOfLine, new SourceLocation(42, 6, 8), new SourceLocation(43, 7, 1)),
new TokenInfo(JSToken.Identifier, new SourceLocation(43, 7, 1), new SourceLocation(44, 7, 2)),
new TokenInfo(JSToken.WhiteSpace, new SourceLocation(44, 7, 2), new SourceLocation(45, 7, 3)),
new TokenInfo(JSToken.RightShiftAssign, new SourceLocation(45, 7, 3), new SourceLocation(48, 7, 6)),
new TokenInfo(JSToken.WhiteSpace, new SourceLocation(48, 7, 6), new SourceLocation(49, 7, 7)),
new TokenInfo(JSToken.IntegerLiteral, new SourceLocation(49, 7, 7), new SourceLocation(50, 7, 8)),
new TokenInfo(JSToken.EndOfLine, new SourceLocation(50, 7, 8), new SourceLocation(51, 8, 1)),
new TokenInfo(JSToken.Identifier, new SourceLocation(51, 8, 1), new SourceLocation(52, 8, 2)),
new TokenInfo(JSToken.WhiteSpace, new SourceLocation(52, 8, 2), new SourceLocation(53, 8, 3)),
new TokenInfo(JSToken.BitwiseXorAssign, new SourceLocation(53, 8, 3), new SourceLocation(55, 8, 5)),
new TokenInfo(JSToken.WhiteSpace, new SourceLocation(55, 8, 5), new SourceLocation(56, 8, 6)),
new TokenInfo(JSToken.IntegerLiteral, new SourceLocation(56, 8, 6), new SourceLocation(57, 8, 7)),
new TokenInfo(JSToken.EndOfLine, new SourceLocation(57, 8, 7), new SourceLocation(58, 9, 1)),
new TokenInfo(JSToken.Identifier, new SourceLocation(58, 9, 1), new SourceLocation(59, 9, 2)),
new TokenInfo(JSToken.WhiteSpace, new SourceLocation(59, 9, 2), new SourceLocation(60, 9, 3)),
new TokenInfo(JSToken.BitwiseOrAssign, new SourceLocation(60, 9, 3), new SourceLocation(62, 9, 5)),
new TokenInfo(JSToken.WhiteSpace, new SourceLocation(62, 9, 5), new SourceLocation(63, 9, 6)),
new TokenInfo(JSToken.IntegerLiteral, new SourceLocation(63, 9, 6), new SourceLocation(64, 9, 7)),
new TokenInfo(JSToken.EndOfLine, new SourceLocation(64, 9, 7), new SourceLocation(65, 10, 1)),
new TokenInfo(JSToken.Identifier, new SourceLocation(65, 10, 1), new SourceLocation(66, 10, 2)),
new TokenInfo(JSToken.WhiteSpace, new SourceLocation(66, 10, 2), new SourceLocation(67, 10, 3)),
new TokenInfo(JSToken.DivideAssign, new SourceLocation(67, 10, 3), new SourceLocation(69, 10, 5)),
new TokenInfo(JSToken.WhiteSpace, new SourceLocation(69, 10, 5), new SourceLocation(70, 10, 6)),
new TokenInfo(JSToken.IntegerLiteral, new SourceLocation(70, 10, 6), new SourceLocation(71, 10, 7)),
new TokenInfo(JSToken.EndOfLine, new SourceLocation(71, 10, 7), new SourceLocation(72, 11, 1)),</StdOut>
        <ErrorInfo>
          <Message>Assert.AreEqual failed. Expected:&lt;8&gt;. Actual:&lt;7&gt;. </Message>
          <StackTrace>   at AnalysisTests.ScannerTests.VerifyTokens(List`1 tokens, TokenInfo[] expected) in C:\src\nodejstools\Nodejs\Tests\AnalysisTests\ScannerTests.cs:line 577
   at AnalysisTests.ScannerTests.TestOperators() in C:\src\nodejstools\Nodejs\Tests\AnalysisTests\ScannerTests.cs:line 67
</StackTrace>
        </ErrorInfo>
      </Output>
    </UnitTestResult>
    <UnitTestResult executionId="54e9a874-1181-47c1-a4d2-9c750c8323da" testId="8a452f04-9c5c-c671-0918-75be5be3c687" testName="TestNumericLiteral" computerName="DESKTOP-RRA95A8" duration="00:00:00.0003241" startTime="2016-01-24T03:03:19.4062914-08:00" endTime="2016-01-24T03:03:19.4082544-08:00" testType="13cdc9d9-ddb5-4fa4-a97d-d965ccfc6d4b" outcome="Passed" testListId="8c84fa94-04c1-424b-9868-57a2d4851a1d" relativeResultsDirectory="54e9a874-1181-47c1-a4d2-9c750c8323da" />
    <UnitTestResult executionId="3f6d2344-f7eb-4c9a-a271-75a85fe7d0ae" testId="9fa6d26a-437f-fdd7-680f-46d952678fec" testName="TestIllegalEscape" computerName="DESKTOP-RRA95A8" duration="00:00:00.0005852" startTime="2016-01-24T03:03:19.4121436-08:00" endTime="2016-01-24T03:03:19.4141420-08:00" testType="13cdc9d9-ddb5-4fa4-a97d-d965ccfc6d4b" outcome="Passed" testListId="8c84fa94-04c1-424b-9868-57a2d4851a1d" relativeResultsDirectory="3f6d2344-f7eb-4c9a-a271-75a85fe7d0ae" />
    <UnitTestResult executionId="487034a7-9b39-4735-9006-68998a79cf9a" testId="f7cc1c41-42cf-5f6a-8616-a1b56da343c0" testName="TestIllegalEscapeRead" computerName="DESKTOP-RRA95A8" duration="00:00:00.0008256" startTime="2016-01-24T03:03:19.4180323-08:00" endTime="2016-01-24T03:03:19.4199943-08:00" testType="13cdc9d9-ddb5-4fa4-a97d-d965ccfc6d4b" outcome="Passed" testListId="8c84fa94-04c1-424b-9868-57a2d4851a1d" relativeResultsDirectory="487034a7-9b39-4735-9006-68998a79cf9a" />
    <UnitTestResult executionId="f0295a8f-97bc-4a4e-b972-97c3e0849998" testId="b2ef12e7-3e04-2947-fd5d-30a5e8cb85bc" testName="TestLineTerminators" computerName="DESKTOP-RRA95A8" duration="00:00:00.0007453" startTime="2016-01-24T03:03:19.4229379-08:00" endTime="2016-01-24T03:03:19.4249367-08:00" testType="13cdc9d9-ddb5-4fa4-a97d-d965ccfc6d4b" outcome="Passed" testListId="8c84fa94-04c1-424b-9868-57a2d4851a1d" relativeResultsDirectory="f0295a8f-97bc-4a4e-b972-97c3e0849998" />
    <UnitTestResult executionId="a5174a23-43ec-464c-9a44-0884548439dc" testId="10409170-126b-267d-ca21-46b0bde2be13" testName="TestUnicodeIdentifiers" computerName="DESKTOP-RRA95A8" duration="00:00:00.0003241" startTime="2016-01-24T03:03:19.4288270-08:00" endTime="2016-01-24T03:03:19.4307911-08:00" testType="13cdc9d9-ddb5-4fa4-a97d-d965ccfc6d4b" outcome="Passed" testListId="8c84fa94-04c1-424b-9868-57a2d4851a1d" relativeResultsDirectory="a5174a23-43ec-464c-9a44-0884548439dc" />
    <UnitTestResult executionId="70a38786-9441-4e69-89f6-7945584c03b6" testId="460bbfe0-12db-704d-91c7-8c2fe2894598" testName="TestUnicodeWhiteSpace" computerName="DESKTOP-RRA95A8" duration="00:00:00.0003223" startTime="2016-01-24T03:03:19.4337329-08:00" endTime="2016-01-24T03:03:19.4347500-08:00" testType="13cdc9d9-ddb5-4fa4-a97d-d965ccfc6d4b" outcome="Passed" testListId="8c84fa94-04c1-424b-9868-57a2d4851a1d" relativeResultsDirectory="70a38786-9441-4e69-89f6-7945584c03b6" />
    <UnitTestResult executionId="6185c39b-d906-4a43-a17b-10a9b230cf22" testId="b3a23547-1d15-9459-2c2d-a85307313dfd" testName="TestUnicodeIllegalCharacter" computerName="DESKTOP-RRA95A8" duration="00:00:00.0004117" startTime="2016-01-24T03:03:19.4376936-08:00" endTime="2016-01-24T03:03:19.4396566-08:00" testType="13cdc9d9-ddb5-4fa4-a97d-d965ccfc6d4b" outcome="Passed" testListId="8c84fa94-04c1-424b-9868-57a2d4851a1d" relativeResultsDirectory="6185c39b-d906-4a43-a17b-10a9b230cf22" />
    <UnitTestResult executionId="a0505c4c-2272-4c76-8783-e9104f9aaafd" testId="c3a9a71f-71c0-4b92-5dc0-26f220befff5" testName="TestRegularExpressionLiteral" computerName="DESKTOP-RRA95A8" duration="00:00:00.0015297" startTime="2016-01-24T03:03:19.4435470-08:00" endTime="2016-01-24T03:03:19.4474719-08:00" testType="13cdc9d9-ddb5-4fa4-a97d-d965ccfc6d4b" outcome="Passed" testListId="8c84fa94-04c1-424b-9868-57a2d4851a1d" relativeResultsDirectory="a0505c4c-2272-4c76-8783-e9104f9aaafd" />
    <UnitTestResult executionId="97eff2a2-d78d-4522-ada3-961a98720382" testId="190e94df-58cc-23cb-1634-af004ab3775a" testName="TestBadNumericLiteral" computerName="DESKTOP-RRA95A8" duration="00:00:00.0008781" startTime="2016-01-24T03:03:19.4504185-08:00" endTime="2016-01-24T03:03:19.4533596-08:00" testType="13cdc9d9-ddb5-4fa4-a97d-d965ccfc6d4b" outcome="Passed" testListId="8c84fa94-04c1-424b-9868-57a2d4851a1d" relativeResultsDirectory="97eff2a2-d78d-4522-ada3-961a98720382" />
    <UnitTestResult executionId="bad28832-75b1-4ac6-b3e0-8e59b15878df" testId="79a47b40-1e79-0037-1b5c-122bab33eadc" testName="TestOctalStringLiterals" computerName="DESKTOP-RRA95A8" duration="00:00:00.0016246" startTime="2016-01-24T03:03:19.4572853-08:00" endTime="2016-01-24T03:03:19.4612109-08:00" testType="13cdc9d9-ddb5-4fa4-a97d-d965ccfc6d4b" outcome="Passed" testListId="8c84fa94-04c1-424b-9868-57a2d4851a1d" relativeResultsDirectory="bad28832-75b1-4ac6-b3e0-8e59b15878df" />
    <UnitTestResult executionId="4a705aed-96b7-450e-ba3a-a1e2a69cae02" testId="7d1b909c-89c5-021c-c47d-4ee1472c32a6" testName="TestUnterminatedString" computerName="DESKTOP-RRA95A8" duration="00:00:00.0032568" startTime="2016-01-24T03:03:19.4662142-08:00" endTime="2016-01-24T03:03:19.4717277-08:00" testType="13cdc9d9-ddb5-4fa4-a97d-d965ccfc6d4b" outcome="Failed" testListId="8c84fa94-04c1-424b-9868-57a2d4851a1d" relativeResultsDirectory="4a705aed-96b7-450e-ba3a-a1e2a69cae02">
      <Output>
        <StdOut>new ErrorInfo(JSError.UnterminatedString, true, new IndexSpan(0, 5)),</StdOut>
        <ErrorInfo>
          <Message>Assert.AreEqual failed. Expected:&lt;Error: JSError.UnterminatedString (0, 6) length: 6&gt;. Actual:&lt;Error: JSError.UnterminatedString (0, 5) length: 5&gt;. </Message>
          <StackTrace>   at AnalysisTests.CollectingErrorSink.CheckErrors(ErrorInfo[] errors) in C:\src\nodejstools\Nodejs\Tests\AnalysisTests\ParserTests.cs:line 5378
   at AnalysisTests.ScannerTests.ScanTokens(String code, Boolean collectWarnings, ErrorInfo[] errors) in C:\src\nodejstools\Nodejs\Tests\AnalysisTests\ScannerTests.cs:line 560
   at AnalysisTests.ScannerTests.TestUnterminatedString() in C:\src\nodejstools\Nodejs\Tests\AnalysisTests\ScannerTests.cs:line 326
</StackTrace>
        </ErrorInfo>
      </Output>
    </UnitTestResult>
    <UnitTestResult executionId="2f175dea-c2ff-453c-a2d9-a17e573f1473" testId="c1a2c56e-a1f9-c624-cb9a-9b6bef275257" testName="TestHexEscape" computerName="DESKTOP-RRA95A8" duration="00:00:00.0004018" startTime="2016-01-24T03:03:19.4806917-08:00" endTime="2016-01-24T03:03:19.4836354-08:00" testType="13cdc9d9-ddb5-4fa4-a97d-d965ccfc6d4b" outcome="Passed" testListId="8c84fa94-04c1-424b-9868-57a2d4851a1d" relativeResultsDirectory="2f175dea-c2ff-453c-a2d9-a17e573f1473" />
    <UnitTestResult executionId="2ad2d12e-0759-4ede-b95d-13352522d81e" testId="e4186dd6-cfba-c2f7-af38-cf6811a007c4" testName="TestHexEscape2" computerName="DESKTOP-RRA95A8" duration="00:00:00.0007271" startTime="2016-01-24T03:03:19.4924684-08:00" endTime="2016-01-24T03:03:19.5120951-08:00" testType="13cdc9d9-ddb5-4fa4-a97d-d965ccfc6d4b" outcome="Passed" testListId="8c84fa94-04c1-424b-9868-57a2d4851a1d" relativeResultsDirectory="2ad2d12e-0759-4ede-b95d-13352522d81e" />
    <UnitTestResult executionId="d5665fd9-3d92-4039-afcd-3c99a283ba4d" testId="cfb2f2b0-b4c5-c295-6566-6205138137ff" testName="TestInvalidHexEscape" computerName="DESKTOP-RRA95A8" duration="00:00:00.0058963" startTime="2016-01-24T03:03:19.5199446-08:00" endTime="2016-01-24T03:03:19.5327041-08:00" testType="13cdc9d9-ddb5-4fa4-a97d-d965ccfc6d4b" outcome="Passed" testListId="8c84fa94-04c1-424b-9868-57a2d4851a1d" relativeResultsDirectory="d5665fd9-3d92-4039-afcd-3c99a283ba4d" />
    <UnitTestResult executionId="f38d243b-c651-4768-952d-7bda12eca5b2" testId="7e4d5185-ec9c-441b-5a9b-925092fd340c" testName="TestInvalidUnicodeEscape" computerName="DESKTOP-RRA95A8" duration="00:00:00.0018846" startTime="2016-01-24T03:03:19.5533099-08:00" endTime="2016-01-24T03:03:19.5666584-08:00" testType="13cdc9d9-ddb5-4fa4-a97d-d965ccfc6d4b" outcome="Passed" testListId="8c84fa94-04c1-424b-9868-57a2d4851a1d" relativeResultsDirectory="f38d243b-c651-4768-952d-7bda12eca5b2" />
    <UnitTestResult executionId="e2925a7d-55ce-4d05-99c5-bbe1f4a49192" testId="e4b1620d-4e2b-7665-1c29-c23806e8d9e9" testName="TestIllegalCharacter" computerName="DESKTOP-RRA95A8" duration="00:00:00.0016756" startTime="2016-01-24T03:03:19.5746786-08:00" endTime="2016-01-24T03:03:19.5816974-08:00" testType="13cdc9d9-ddb5-4fa4-a97d-d965ccfc6d4b" outcome="Passed" testListId="8c84fa94-04c1-424b-9868-57a2d4851a1d" relativeResultsDirectory="e2925a7d-55ce-4d05-99c5-bbe1f4a49192" />
    <UnitTestResult executionId="d1d9287a-acd1-4d3e-8765-422ae6dc0ef1" testId="52e66a41-b41f-a454-2f5b-eb3485c3dc1e" testName="TestMultilineComment" computerName="DESKTOP-RRA95A8" duration="00:00:00.0043027" startTime="2016-01-24T03:03:19.5887163-08:00" endTime="2016-01-24T03:03:19.5957417-08:00" testType="13cdc9d9-ddb5-4fa4-a97d-d965ccfc6d4b" outcome="Failed" testListId="8c84fa94-04c1-424b-9868-57a2d4851a1d" relativeResultsDirectory="d1d9287a-acd1-4d3e-8765-422ae6dc0ef1">
      <Output>
        <StdOut>new TokenInfo(JSToken.MultipleLineComment, new SourceLocation(0, 1, 1), new SourceLocation(17, 3, 3)),</StdOut>
        <ErrorInfo>
          <Message>Assert.AreEqual failed. Expected:&lt;19&gt;. Actual:&lt;17&gt;. </Message>
          <StackTrace>   at AnalysisTests.ScannerTests.VerifyTokens(List`1 tokens, TokenInfo[] expected) in C:\src\nodejstools\Nodejs\Tests\AnalysisTests\ScannerTests.cs:line 577
   at AnalysisTests.ScannerTests.TestMultilineComment() in C:\src\nodejstools\Nodejs\Tests\AnalysisTests\ScannerTests.cs:line 476
</StackTrace>
        </ErrorInfo>
      </Output>
    </UnitTestResult>
    <UnitTestResult executionId="2463f279-3398-4788-b563-8732d1d18abd" testId="2dfa5f6e-e163-bfe4-7d11-efda3ba353bf" testName="TestMultilineCommentUnterminated" computerName="DESKTOP-RRA95A8" duration="00:00:00.0044194" startTime="2016-01-24T03:03:19.6047586-08:00" endTime="2016-01-24T03:03:19.6112774-08:00" testType="13cdc9d9-ddb5-4fa4-a97d-d965ccfc6d4b" outcome="Failed" testListId="8c84fa94-04c1-424b-9868-57a2d4851a1d" relativeResultsDirectory="2463f279-3398-4788-b563-8732d1d18abd">
      <Output>
        <StdOut>new TokenInfo(JSToken.MultipleLineComment, new SourceLocation(0, 1, 1), new SourceLocation(15, 3, 1)),</StdOut>
        <ErrorInfo>
          <Message>Assert.AreEqual failed. Expected:&lt;17&gt;. Actual:&lt;15&gt;. </Message>
          <StackTrace>   at AnalysisTests.ScannerTests.VerifyTokens(List`1 tokens, TokenInfo[] expected) in C:\src\nodejstools\Nodejs\Tests\AnalysisTests\ScannerTests.cs:line 577
   at AnalysisTests.ScannerTests.TestMultilineCommentUnterminated() in C:\src\nodejstools\Nodejs\Tests\AnalysisTests\ScannerTests.cs:line 489
</StackTrace>
        </ErrorInfo>
      </Output>
    </UnitTestResult>
    <UnitTestResult executionId="1dae48cb-d917-43b0-80ea-46cf5404e8c2" testId="524689ce-0e82-d943-111b-28b235f918aa" testName="TestPositions" computerName="DESKTOP-RRA95A8" duration="00:00:00.0031715" startTime="2016-01-24T03:03:19.6172927-08:00" endTime="2016-01-24T03:03:19.6233080-08:00" testType="13cdc9d9-ddb5-4fa4-a97d-d965ccfc6d4b" outcome="Passed" testListId="8c84fa94-04c1-424b-9868-57a2d4851a1d" relativeResultsDirectory="1dae48cb-d917-43b0-80ea-46cf5404e8c2" />
    <UnitTestResult executionId="88191165-9813-44e9-aa92-a352deb5b2b4" testId="9aa92313-d7cc-759c-54ab-ae074dc900dc" testName="BasicTest" computerName="DESKTOP-RRA95A8" duration="00:00:00.3674423" startTime="2016-01-24T03:03:19.6313315-08:00" endTime="2016-01-24T03:03:20.0014910-08:00" testType="13cdc9d9-ddb5-4fa4-a97d-d965ccfc6d4b" outcome="Passed" testListId="8c84fa94-04c1-424b-9868-57a2d4851a1d" relativeResultsDirectory="88191165-9813-44e9-aa92-a352deb5b2b4" />
    <UnitTestResult executionId="9e3edea7-5c5a-48c7-af59-b09b03a03dcc" testId="5ca9926d-b6db-636a-e081-084065de811d" testName="RequireTest" computerName="DESKTOP-RRA95A8" duration="00:00:00.2083819" startTime="2016-01-24T03:03:20.0054141-08:00" endTime="2016-01-24T03:03:20.2161204-08:00" testType="13cdc9d9-ddb5-4fa4-a97d-d965ccfc6d4b" outcome="Passed" testListId="8c84fa94-04c1-424b-9868-57a2d4851a1d" relativeResultsDirectory="9e3edea7-5c5a-48c7-af59-b09b03a03dcc" />
    <UnitTestResult executionId="3debbf6d-5d4a-4c42-b1d4-4c5a746c0299" testId="24490298-f718-bea1-5d4b-98e514a9b0d7" testName="TestNodejsPathMembers" computerName="DESKTOP-RRA95A8" duration="00:00:00.2666429" startTime="2016-01-24T03:03:20.2190652-08:00" endTime="2016-01-24T03:03:20.4885001-08:00" testType="13cdc9d9-ddb5-4fa4-a97d-d965ccfc6d4b" outcome="Passed" testListId="8c84fa94-04c1-424b-9868-57a2d4851a1d" relativeResultsDirectory="3debbf6d-5d4a-4c42-b1d4-4c5a746c0299" />
    <UnitTestResult executionId="8f652429-fcb4-44e8-8ab8-a3c840a34181" testId="9e649e87-c02a-0a4b-21e1-9bd9f39392c3" testName="TestNodejsBufferInstanceMembers" computerName="DESKTOP-RRA95A8" duration="00:00:00.2775430" startTime="2016-01-24T03:03:20.4923889-08:00" endTime="2016-01-24T03:03:20.7716025-08:00" testType="13cdc9d9-ddb5-4fa4-a97d-d965ccfc6d4b" outcome="Passed" testListId="8c84fa94-04c1-424b-9868-57a2d4851a1d" relativeResultsDirectory="8f652429-fcb4-44e8-8ab8-a3c840a34181" />
    <UnitTestResult executionId="375c3346-fe63-4560-a572-95f7001a81eb" testId="e0ef0d56-45e4-4274-de88-b5332626ed52" testName="TestNodejsCreateFunctions" computerName="DESKTOP-RRA95A8" duration="00:00:00.4019829" startTime="2016-01-24T03:03:20.7765103-08:00" endTime="2016-01-24T03:03:21.1812837-08:00" testType="13cdc9d9-ddb5-4fa4-a97d-d965ccfc6d4b" outcome="Passed" testListId="8c84fa94-04c1-424b-9868-57a2d4851a1d" relativeResultsDirectory="375c3346-fe63-4560-a572-95f7001a81eb" />
    <UnitTestResult executionId="aca26b7c-b3c1-479d-ae57-4bf3b0ae8167" testId="36ba86f7-9c86-3e72-65b5-f94d2c078b0c" testName="TestSetPrototypeSpecialization" computerName="DESKTOP-RRA95A8" duration="00:00:00.2432609" startTime="2016-01-24T03:03:21.1852087-08:00" endTime="2016-01-24T03:03:21.4305701-08:00" testType="13cdc9d9-ddb5-4fa4-a97d-d965ccfc6d4b" outcome="Passed" testListId="8c84fa94-04c1-424b-9868-57a2d4851a1d" relativeResultsDirectory="aca26b7c-b3c1-479d-ae57-4bf3b0ae8167" />
    <UnitTestResult executionId="7307b77e-f325-4068-b852-e3bb76cdcc36" testId="28e32998-6362-029a-b04c-cdd4098471b6" testName="TestCopySpecialization" computerName="DESKTOP-RRA95A8" duration="00:00:00.2152873" startTime="2016-01-24T03:03:21.4340786-08:00" endTime="2016-01-24T03:03:21.6507448-08:00" testType="13cdc9d9-ddb5-4fa4-a97d-d965ccfc6d4b" outcome="Passed" testListId="8c84fa94-04c1-424b-9868-57a2d4851a1d" relativeResultsDirectory="7307b77e-f325-4068-b852-e3bb76cdcc36" />
    <UnitTestResult executionId="0b5ba9b2-9171-405c-89f5-cba47db6f7e0" testId="09317147-9e25-d9d2-7965-eae8c00a4425" testName="TestCreateSpecialization" computerName="DESKTOP-RRA95A8" duration="00:00:00.2012131" startTime="2016-01-24T03:03:21.6536895-08:00" endTime="2016-01-24T03:03:21.8575597-08:00" testType="13cdc9d9-ddb5-4fa4-a97d-d965ccfc6d4b" outcome="Passed" testListId="8c84fa94-04c1-424b-9868-57a2d4851a1d" relativeResultsDirectory="0b5ba9b2-9171-405c-89f5-cba47db6f7e0" />
    <UnitTestResult executionId="1f16c542-947f-435a-ab8c-81fe83a87922" testId="06f1c03a-294c-341e-f5e0-1d0770fa24d2" testName="TestFunctionParametersMultipleCallers" computerName="DESKTOP-RRA95A8" duration="00:00:00.2255714" startTime="2016-01-24T03:03:21.8604694-08:00" endTime="2016-01-24T03:03:22.0898167-08:00" testType="13cdc9d9-ddb5-4fa4-a97d-d965ccfc6d4b" outcome="Passed" testListId="8c84fa94-04c1-424b-9868-57a2d4851a1d" relativeResultsDirectory="1f16c542-947f-435a-ab8c-81fe83a87922" />
    <UnitTestResult executionId="330914df-e0c8-412a-bd08-bf9a29fe1f21" testId="5a473347-9a14-d2f6-dc4e-df784fbdb066" testName="TestFunctionParameters" computerName="DESKTOP-RRA95A8" duration="00:00:00.2036371" startTime="2016-01-24T03:03:22.0937424-08:00" endTime="2016-01-24T03:03:22.2995107-08:00" testType="13cdc9d9-ddb5-4fa4-a97d-d965ccfc6d4b" outcome="Passed" testListId="8c84fa94-04c1-424b-9868-57a2d4851a1d" relativeResultsDirectory="330914df-e0c8-412a-bd08-bf9a29fe1f21" />
    <UnitTestResult executionId="176fc6b1-3bce-4be0-b488-251a5ab5c799" testId="2c4bc7d8-e501-fc09-e1d0-4b1ca700a11b" testName="TestFunctionReturn" computerName="DESKTOP-RRA95A8" duration="00:00:00.2024902" startTime="2016-01-24T03:03:22.3034353-08:00" endTime="2016-01-24T03:03:22.5082234-08:00" testType="13cdc9d9-ddb5-4fa4-a97d-d965ccfc6d4b" outcome="Passed" testListId="8c84fa94-04c1-424b-9868-57a2d4851a1d" relativeResultsDirectory="176fc6b1-3bce-4be0-b488-251a5ab5c799" />
    <UnitTestResult executionId="ff4aa6cc-3eb9-4775-9c2e-3498481a0df7" testId="b9b6dd5b-a767-6a26-6893-35fefab3fdbb" testName="TestFunction" computerName="DESKTOP-RRA95A8" duration="00:00:01.4703450" startTime="2016-01-24T03:03:22.5121480-08:00" endTime="2016-01-24T03:03:23.9852499-08:00" testType="13cdc9d9-ddb5-4fa4-a97d-d965ccfc6d4b" outcome="Passed" testListId="8c84fa94-04c1-424b-9868-57a2d4851a1d" relativeResultsDirectory="ff4aa6cc-3eb9-4775-9c2e-3498481a0df7" />
    <UnitTestResult executionId="28991e9e-2766-4519-9372-14be71d7a80f" testId="49c9338e-eac3-3807-fd81-8af6cee1f162" testName="TestNewFunction" computerName="DESKTOP-RRA95A8" duration="00:00:00.4257026" startTime="2016-01-24T03:03:23.9901562-08:00" endTime="2016-01-24T03:03:24.4184072-08:00" testType="13cdc9d9-ddb5-4fa4-a97d-d965ccfc6d4b" outcome="Passed" testListId="8c84fa94-04c1-424b-9868-57a2d4851a1d" relativeResultsDirectory="28991e9e-2766-4519-9372-14be71d7a80f" />
    <UnitTestResult executionId="28d5a204-e100-46db-aacd-a14ba3fc0be6" testId="5df60f7d-27cb-62bc-68d1-2f4d8ab7c1ea" testName="TestNewFunctionInstanceVariable" computerName="DESKTOP-RRA95A8" duration="00:00:00.4613066" startTime="2016-01-24T03:03:24.4223785-08:00" endTime="2016-01-24T03:03:24.8858159-08:00" testType="13cdc9d9-ddb5-4fa4-a97d-d965ccfc6d4b" outcome="Passed" testListId="8c84fa94-04c1-424b-9868-57a2d4851a1d" relativeResultsDirectory="28d5a204-e100-46db-aacd-a14ba3fc0be6" />
    <UnitTestResult executionId="6ca8d263-c80f-474e-a6fd-64331395fc62" testId="fafa6593-9c69-26f7-824a-00168a9efa4a" testName="TestSimplePrototype" computerName="DESKTOP-RRA95A8" duration="00:00:00.2044037" startTime="2016-01-24T03:03:24.8897435-08:00" endTime="2016-01-24T03:03:25.0955406-08:00" testType="13cdc9d9-ddb5-4fa4-a97d-d965ccfc6d4b" outcome="Passed" testListId="8c84fa94-04c1-424b-9868-57a2d4851a1d" relativeResultsDirectory="6ca8d263-c80f-474e-a6fd-64331395fc62" />
    <UnitTestResult executionId="2f739004-3081-4134-bb93-e8a89a2ebbd2" testId="ac18f9d8-f128-68d9-415a-21b293b8043d" testName="TestTypeOf" computerName="DESKTOP-RRA95A8" duration="00:00:00.2170187" startTime="2016-01-24T03:03:25.0994356-08:00" endTime="2016-01-24T03:03:25.3180200-08:00" testType="13cdc9d9-ddb5-4fa4-a97d-d965ccfc6d4b" outcome="Passed" testListId="8c84fa94-04c1-424b-9868-57a2d4851a1d" relativeResultsDirectory="2f739004-3081-4134-bb93-e8a89a2ebbd2" />
    <UnitTestResult executionId="61c3bf2c-3430-4f7e-9c8a-1bf8ea7c1d9d" testId="02e4d7bb-b9c1-4376-0d0a-60d28929be5e" testName="TestVariableShadowing" computerName="DESKTOP-RRA95A8" duration="00:00:00.2311089" startTime="2016-01-24T03:03:25.3214734-08:00" endTime="2016-01-24T03:03:25.5540859-08:00" testType="13cdc9d9-ddb5-4fa4-a97d-d965ccfc6d4b" outcome="Passed" testListId="8c84fa94-04c1-424b-9868-57a2d4851a1d" relativeResultsDirectory="61c3bf2c-3430-4f7e-9c8a-1bf8ea7c1d9d" />
    <UnitTestResult executionId="9c57e5d3-ef77-4153-b779-a1c0b85b5ac1" testId="8207f592-ee8c-ad5b-072f-71bba011ad01" testName="TestFunctionExpressionNameScoping" computerName="DESKTOP-RRA95A8" duration="00:00:00.1939139" startTime="2016-01-24T03:03:25.5913780-08:00" endTime="2016-01-24T03:03:25.7873688-08:00" testType="13cdc9d9-ddb5-4fa4-a97d-d965ccfc6d4b" outcome="Passed" testListId="8c84fa94-04c1-424b-9868-57a2d4851a1d" relativeResultsDirectory="9c57e5d3-ef77-4153-b779-a1c0b85b5ac1" />
    <UnitTestResult executionId="4d1e6358-4da9-4d16-828a-13573b0890ec" testId="7942cc1b-4762-e4b5-e29d-478d1b488705" testName="TestFunctionExpressionNameScopingNested" computerName="DESKTOP-RRA95A8" duration="00:00:00.2193979" startTime="2016-01-24T03:03:25.7912554-08:00" endTime="2016-01-24T03:03:26.0118491-08:00" testType="13cdc9d9-ddb5-4fa4-a97d-d965ccfc6d4b" outcome="Passed" testListId="8c84fa94-04c1-424b-9868-57a2d4851a1d" relativeResultsDirectory="4d1e6358-4da9-4d16-828a-13573b0890ec" />
    <UnitTestResult executionId="94ab7d88-126d-4094-8114-85abe14768e7" testId="8b4af1ae-f9a0-d050-4a4a-b49cef421df1" testName="TestFunctionClosureCall" computerName="DESKTOP-RRA95A8" duration="00:00:00.2001902" startTime="2016-01-24T03:03:26.0158094-08:00" endTime="2016-01-24T03:03:26.2176820-08:00" testType="13cdc9d9-ddb5-4fa4-a97d-d965ccfc6d4b" outcome="Passed" testListId="8c84fa94-04c1-424b-9868-57a2d4851a1d" relativeResultsDirectory="94ab7d88-126d-4094-8114-85abe14768e7" />
    <UnitTestResult executionId="6ba20b21-0655-4ea9-9567-a9b9fbea7e81" testId="bec2d36d-0af2-da7c-4bda-230d9c660be5" testName="TestTypes" computerName="DESKTOP-RRA95A8" duration="00:00:00.2374057" startTime="2016-01-24T03:03:26.2211226-08:00" endTime="2016-01-24T03:03:26.4602493-08:00" testType="13cdc9d9-ddb5-4fa4-a97d-d965ccfc6d4b" outcome="Passed" testListId="8c84fa94-04c1-424b-9868-57a2d4851a1d" relativeResultsDirectory="6ba20b21-0655-4ea9-9567-a9b9fbea7e81" />
    <UnitTestResult executionId="5b9b4d2d-b5a5-49e9-be9f-370a95c4a941" testId="a96e4cdb-bd0a-93cd-3d29-44b07c956504" testName="TestDateTime" computerName="DESKTOP-RRA95A8" duration="00:00:00.2508392" startTime="2016-01-24T03:03:26.4641754-08:00" endTime="2016-01-24T03:03:26.7175483-08:00" testType="13cdc9d9-ddb5-4fa4-a97d-d965ccfc6d4b" outcome="Passed" testListId="8c84fa94-04c1-424b-9868-57a2d4851a1d" relativeResultsDirectory="5b9b4d2d-b5a5-49e9-be9f-370a95c4a941" />
    <UnitTestResult executionId="0f835469-0877-469a-b149-f8b9f654b365" testId="60786f98-6383-ba5a-a559-4f1e0d97b563" testName="TestDescriptions" computerName="DESKTOP-RRA95A8" duration="00:00:00.2110316" startTime="2016-01-24T03:03:26.7210189-08:00" endTime="2016-01-24T03:03:26.9341135-08:00" testType="13cdc9d9-ddb5-4fa4-a97d-d965ccfc6d4b" outcome="Passed" testListId="8c84fa94-04c1-424b-9868-57a2d4851a1d" relativeResultsDirectory="0f835469-0877-469a-b149-f8b9f654b365" />
    <UnitTestResult executionId="252fef2e-f5f0-41dd-b905-6faf71dfaf89" testId="a404ceef-3e7a-6f4f-8f15-e5fea8dabc41" testName="TestUtilInherits" computerName="DESKTOP-RRA95A8" duration="00:00:00.2611477" startTime="2016-01-24T03:03:26.9370815-08:00" endTime="2016-01-24T03:03:27.1997645-08:00" testType="13cdc9d9-ddb5-4fa4-a97d-d965ccfc6d4b" outcome="Passed" testListId="8c84fa94-04c1-424b-9868-57a2d4851a1d" relativeResultsDirectory="252fef2e-f5f0-41dd-b905-6faf71dfaf89" />
    <UnitTestResult executionId="fd8b679b-098c-4696-8031-55b002b2dd9a" testId="839185bc-e66b-72e8-c502-fe6215a654f5" testName="TestUtilInherits2" computerName="DESKTOP-RRA95A8" duration="00:00:00.1982451" startTime="2016-01-24T03:03:27.2036895-08:00" endTime="2016-01-24T03:03:27.4035997-08:00" testType="13cdc9d9-ddb5-4fa4-a97d-d965ccfc6d4b" outcome="Passed" testListId="8c84fa94-04c1-424b-9868-57a2d4851a1d" relativeResultsDirectory="fd8b679b-098c-4696-8031-55b002b2dd9a" />
    <UnitTestResult executionId="e6158d29-b844-4de7-a786-b895e63df0ca" testId="6f249997-b270-5562-96e0-4ee27c4f368c" testName="TestDunderProto" computerName="DESKTOP-RRA95A8" duration="00:00:00.2060917" startTime="2016-01-24T03:03:27.4065488-08:00" endTime="2016-01-24T03:03:27.6152549-08:00" testType="13cdc9d9-ddb5-4fa4-a97d-d965ccfc6d4b" outcome="Passed" testListId="8c84fa94-04c1-424b-9868-57a2d4851a1d" relativeResultsDirectory="e6158d29-b844-4de7-a786-b895e63df0ca" />
    <UnitTestResult executionId="d085c189-837d-4e9a-ab73-df0b43887cb9" testId="bf8d17a5-8ab9-9c2d-75d9-ed49ea465a0e" testName="TestInvalidGrouping" computerName="DESKTOP-RRA95A8" duration="00:00:00.2081222" startTime="2016-01-24T03:03:27.6182354-08:00" endTime="2016-01-24T03:03:27.8287262-08:00" testType="13cdc9d9-ddb5-4fa4-a97d-d965ccfc6d4b" outcome="Passed" testListId="8c84fa94-04c1-424b-9868-57a2d4851a1d" relativeResultsDirectory="d085c189-837d-4e9a-ab73-df0b43887cb9" />
    <UnitTestResult executionId="8a0f0e0c-5e41-45b2-bea3-88c70418274c" testId="83ec863b-eca1-8874-a60e-5fb79bd7865b" testName="UncalledPrototypeMethod" computerName="DESKTOP-RRA95A8" duration="00:00:00.2096852" startTime="2016-01-24T03:03:27.8327372-08:00" endTime="2016-01-24T03:03:28.0435756-08:00" testType="13cdc9d9-ddb5-4fa4-a97d-d965ccfc6d4b" outcome="Passed" testListId="8c84fa94-04c1-424b-9868-57a2d4851a1d" relativeResultsDirectory="8a0f0e0c-5e41-45b2-bea3-88c70418274c" />
    <UnitTestResult executionId="2e856073-45b1-4144-8f62-3fbd4c98183a" testId="feef87e4-c405-4c19-a4c4-70e0dfe87c1f" testName="TestEventEmitter" computerName="DESKTOP-RRA95A8" duration="00:00:00.2064724" startTime="2016-01-24T03:03:28.0474721-08:00" endTime="2016-01-24T03:03:28.2561982-08:00" testType="13cdc9d9-ddb5-4fa4-a97d-d965ccfc6d4b" outcome="Passed" testListId="8c84fa94-04c1-424b-9868-57a2d4851a1d" relativeResultsDirectory="2e856073-45b1-4144-8f62-3fbd4c98183a" />
    <UnitTestResult executionId="ceaaee4b-24a4-4b07-b126-50084f88cf95" testId="e170dba3-9d2d-0d55-19eb-dbd7489e2ac7" testName="TestAnalysisWrapperLifetime" computerName="DESKTOP-RRA95A8" duration="00:00:00.0286759" startTime="2016-01-24T03:03:28.2591433-08:00" endTime="2016-01-24T03:03:28.2905729-08:00" testType="13cdc9d9-ddb5-4fa4-a97d-d965ccfc6d4b" outcome="Passed" testListId="8c84fa94-04c1-424b-9868-57a2d4851a1d" relativeResultsDirectory="ceaaee4b-24a4-4b07-b126-50084f88cf95" />
    <UnitTestResult executionId="8aa2d2af-55df-4d5b-95cf-967f3271b8ef" testId="c340d34b-bdea-6212-d526-6218021b697c" testName="TestExportsLocation" computerName="DESKTOP-RRA95A8" duration="00:00:00.0293035" startTime="2016-01-24T03:03:28.2934874-08:00" endTime="2016-01-24T03:03:28.3245206-08:00" testType="13cdc9d9-ddb5-4fa4-a97d-d965ccfc6d4b" outcome="Passed" testListId="8c84fa94-04c1-424b-9868-57a2d4851a1d" relativeResultsDirectory="8aa2d2af-55df-4d5b-95cf-967f3271b8ef" />
    <UnitTestResult executionId="4c8a31cd-b91a-4656-8d1c-2ea1a95e23a3" testId="4f0017b6-a55c-c4b7-fe61-247fe81435a1" testName="TestBadString" computerName="DESKTOP-RRA95A8" duration="00:00:00.2235832" startTime="2016-01-24T03:03:28.3285313-08:00" endTime="2016-01-24T03:03:28.5540243-08:00" testType="13cdc9d9-ddb5-4fa4-a97d-d965ccfc6d4b" outcome="Passed" testListId="8c84fa94-04c1-424b-9868-57a2d4851a1d" relativeResultsDirectory="4c8a31cd-b91a-4656-8d1c-2ea1a95e23a3" />
    <UnitTestResult executionId="ad7004b6-1334-4463-ab2c-168c50898f71" testId="b5e28d73-388f-fea8-a2ac-06109aef9ad6" testName="TestFunctionApply" computerName="DESKTOP-RRA95A8" duration="00:00:00.1985722" startTime="2016-01-24T03:03:28.5579197-08:00" endTime="2016-01-24T03:03:28.7588901-08:00" testType="13cdc9d9-ddb5-4fa4-a97d-d965ccfc6d4b" outcome="Passed" testListId="8c84fa94-04c1-424b-9868-57a2d4851a1d" relativeResultsDirectory="ad7004b6-1334-4463-ab2c-168c50898f71" />
    <UnitTestResult executionId="55b78db9-cc0e-42be-a97c-6dc17574e434" testId="b662ab51-2162-e309-4156-3d962a5f8fca" testName="TestToString" computerName="DESKTOP-RRA95A8" duration="00:00:00.2140974" startTime="2016-01-24T03:03:28.7627815-08:00" endTime="2016-01-24T03:03:28.9784054-08:00" testType="13cdc9d9-ddb5-4fa4-a97d-d965ccfc6d4b" outcome="Passed" testListId="8c84fa94-04c1-424b-9868-57a2d4851a1d" relativeResultsDirectory="55b78db9-cc0e-42be-a97c-6dc17574e434" />
    <UnitTestResult executionId="88342513-5299-4483-b5d8-01a34b0d36ab" testId="1acd4ba0-5788-a03f-b936-8378972a1f49" testName="TestBuiltinDoc" computerName="DESKTOP-RRA95A8" duration="00:00:00.2447243" startTime="2016-01-24T03:03:28.9822873-08:00" endTime="2016-01-24T03:03:29.2290429-08:00" testType="13cdc9d9-ddb5-4fa4-a97d-d965ccfc6d4b" outcome="Passed" testListId="8c84fa94-04c1-424b-9868-57a2d4851a1d" relativeResultsDirectory="88342513-5299-4483-b5d8-01a34b0d36ab" />
    <UnitTestResult executionId="b12bb738-b1dc-4821-ab9c-64a0a03ab822" testId="4c467bd5-f670-4a3a-a868-a28c6a48ad11" testName="TestAllMembers" computerName="DESKTOP-RRA95A8" duration="00:00:00.2107971" startTime="2016-01-24T03:03:29.2340583-08:00" endTime="2016-01-24T03:03:29.4477108-08:00" testType="13cdc9d9-ddb5-4fa4-a97d-d965ccfc6d4b" outcome="Passed" testListId="8c84fa94-04c1-424b-9868-57a2d4851a1d" relativeResultsDirectory="b12bb738-b1dc-4821-ab9c-64a0a03ab822" />
    <UnitTestResult executionId="4c072e6a-97f5-4353-bb7a-f431a8eb522b" testId="294f1825-f4af-d149-e894-e0c64b892483" testName="TestReturnValues" computerName="DESKTOP-RRA95A8" duration="00:00:00.2236529" startTime="2016-01-24T03:03:29.4506249-08:00" endTime="2016-01-24T03:03:29.6760195-08:00" testType="13cdc9d9-ddb5-4fa4-a97d-d965ccfc6d4b" outcome="Passed" testListId="8c84fa94-04c1-424b-9868-57a2d4851a1d" relativeResultsDirectory="4c072e6a-97f5-4353-bb7a-f431a8eb522b" />
    <UnitTestResult executionId="d0575939-31ed-463b-9c82-09b97106b619" testId="83c5ca62-ee1d-2542-d243-050f5c7f0300" testName="TestArguments" computerName="DESKTOP-RRA95A8" duration="00:00:00.2017729" startTime="2016-01-24T03:03:29.6799441-08:00" endTime="2016-01-24T03:03:29.8837497-08:00" testType="13cdc9d9-ddb5-4fa4-a97d-d965ccfc6d4b" outcome="Passed" testListId="8c84fa94-04c1-424b-9868-57a2d4851a1d" relativeResultsDirectory="d0575939-31ed-463b-9c82-09b97106b619" />
    <UnitTestResult executionId="2af4df9c-acbd-48ad-9bf7-4f341ca73f8b" testId="0d809b66-9cd2-27a1-31ba-49600aa9fa37" testName="TestAssignmentScope" computerName="DESKTOP-RRA95A8" duration="00:00:00.2353625" startTime="2016-01-24T03:03:29.8866944-08:00" endTime="2016-01-24T03:03:30.1250695-08:00" testType="13cdc9d9-ddb5-4fa4-a97d-d965ccfc6d4b" outcome="Passed" testListId="8c84fa94-04c1-424b-9868-57a2d4851a1d" relativeResultsDirectory="2af4df9c-acbd-48ad-9bf7-4f341ca73f8b" />
    <UnitTestResult executionId="7051fe68-4753-42ed-ba5a-8474f4aa8cfa" testId="bc8b60a5-9c06-2ab4-e512-8dd78ec0ace3" testName="TestMembersListsInvalidIdentifier" computerName="DESKTOP-RRA95A8" duration="00:00:00.2209025" startTime="2016-01-24T03:03:30.1285718-08:00" endTime="2016-01-24T03:03:30.3511358-08:00" testType="13cdc9d9-ddb5-4fa4-a97d-d965ccfc6d4b" outcome="Passed" testListId="8c84fa94-04c1-424b-9868-57a2d4851a1d" relativeResultsDirectory="7051fe68-4753-42ed-ba5a-8474f4aa8cfa" />
    <UnitTestResult executionId="625c3b3f-7fb2-4e36-bd3d-9fc5cd61291e" testId="62474473-abd7-12a2-bf3c-1c9b0f04339d" testName="TestPrimitiveMembers" computerName="DESKTOP-RRA95A8" duration="00:00:00.2179060" startTime="2016-01-24T03:03:30.3550593-08:00" endTime="2016-01-24T03:03:30.5750684-08:00" testType="13cdc9d9-ddb5-4fa4-a97d-d965ccfc6d4b" outcome="Passed" testListId="8c84fa94-04c1-424b-9868-57a2d4851a1d" relativeResultsDirectory="625c3b3f-7fb2-4e36-bd3d-9fc5cd61291e" />
    <UnitTestResult executionId="844e284b-fd78-4950-a28d-a52d3d9378a3" testId="b2449253-a06d-4d14-8d2b-a468c1c985e3" testName="TestArrayForEach" computerName="DESKTOP-RRA95A8" duration="00:00:00.2352064" startTime="2016-01-24T03:03:30.5789941-08:00" endTime="2016-01-24T03:03:30.8171453-08:00" testType="13cdc9d9-ddb5-4fa4-a97d-d965ccfc6d4b" outcome="Passed" testListId="8c84fa94-04c1-424b-9868-57a2d4851a1d" relativeResultsDirectory="844e284b-fd78-4950-a28d-a52d3d9378a3" />
    <UnitTestResult executionId="4a1aeee5-8276-41d8-ba8f-f2f74625d880" testId="a65b8281-0651-6b0d-7097-dd2a328db5ef" testName="TestArrayPush" computerName="DESKTOP-RRA95A8" duration="00:00:00.2032673" startTime="2016-01-24T03:03:30.8211355-08:00" endTime="2016-01-24T03:03:31.0271000-08:00" testType="13cdc9d9-ddb5-4fa4-a97d-d965ccfc6d4b" outcome="Passed" testListId="8c84fa94-04c1-424b-9868-57a2d4851a1d" relativeResultsDirectory="4a1aeee5-8276-41d8-ba8f-f2f74625d880" />
    <UnitTestResult executionId="f2d70663-3221-45e3-b079-aa4cb7fbe073" testId="8ae58884-12ca-8cc4-f006-255606e482f7" testName="TestArrayPop" computerName="DESKTOP-RRA95A8" duration="00:00:00.2505635" startTime="2016-01-24T03:03:31.0310746-08:00" endTime="2016-01-24T03:03:31.2836044-08:00" testType="13cdc9d9-ddb5-4fa4-a97d-d965ccfc6d4b" outcome="Passed" testListId="8c84fa94-04c1-424b-9868-57a2d4851a1d" relativeResultsDirectory="f2d70663-3221-45e3-b079-aa4cb7fbe073" />
    <UnitTestResult executionId="0bc43032-6a51-4597-9b34-1792e29c526c" testId="4a1ef16f-4712-ced7-6090-43850a135b37" testName="TestArraySetIndex" computerName="DESKTOP-RRA95A8" duration="00:00:00.2153445" startTime="2016-01-24T03:03:31.2865481-08:00" endTime="2016-01-24T03:03:31.5041244-08:00" testType="13cdc9d9-ddb5-4fa4-a97d-d965ccfc6d4b" outcome="Passed" testListId="8c84fa94-04c1-424b-9868-57a2d4851a1d" relativeResultsDirectory="0bc43032-6a51-4597-9b34-1792e29c526c" />
    <UnitTestResult executionId="995b778e-4880-46b0-bdf7-abfa2dda07fc" testId="65e4ee26-b2e7-6302-26c2-61bea172fde4" testName="TestArraySlice" computerName="DESKTOP-RRA95A8" duration="00:00:00.2113175" startTime="2016-01-24T03:03:31.5070684-08:00" endTime="2016-01-24T03:03:31.7207563-08:00" testType="13cdc9d9-ddb5-4fa4-a97d-d965ccfc6d4b" outcome="Passed" testListId="8c84fa94-04c1-424b-9868-57a2d4851a1d" relativeResultsDirectory="995b778e-4880-46b0-bdf7-abfa2dda07fc" />
    <UnitTestResult executionId="261243f0-7335-4ccc-8345-8c4fa70a548c" testId="1aea6a56-6898-7e93-ab34-2498131d665d" testName="TestArrayConcat" computerName="DESKTOP-RRA95A8" duration="00:00:00.2442926" startTime="2016-01-24T03:03:31.7237645-08:00" endTime="2016-01-24T03:03:31.9694790-08:00" testType="13cdc9d9-ddb5-4fa4-a97d-d965ccfc6d4b" outcome="Passed" testListId="8c84fa94-04c1-424b-9868-57a2d4851a1d" relativeResultsDirectory="261243f0-7335-4ccc-8345-8c4fa70a548c" />
    <UnitTestResult executionId="bee3ff20-c913-44bb-baff-0c946d3e150f" testId="32ec27a2-5cf7-c9ff-aa1d-346f54dad995" testName="TestPrototypeGetter" computerName="DESKTOP-RRA95A8" duration="00:00:00.1970154" startTime="2016-01-24T03:03:31.9734047-08:00" endTime="2016-01-24T03:03:32.1723029-08:00" testType="13cdc9d9-ddb5-4fa4-a97d-d965ccfc6d4b" outcome="Passed" testListId="8c84fa94-04c1-424b-9868-57a2d4851a1d" relativeResultsDirectory="bee3ff20-c913-44bb-baff-0c946d3e150f" />
    <UnitTestResult executionId="92068642-324d-4e67-a76e-5028d34bbfa3" testId="63cfeabf-3726-2886-778a-0585a6f0eaca" testName="TestFunctionDefineGetter" computerName="DESKTOP-RRA95A8" duration="00:00:00.1965373" startTime="2016-01-24T03:03:32.1762293-08:00" endTime="2016-01-24T03:03:32.3752468-08:00" testType="13cdc9d9-ddb5-4fa4-a97d-d965ccfc6d4b" outcome="Passed" testListId="8c84fa94-04c1-424b-9868-57a2d4851a1d" relativeResultsDirectory="92068642-324d-4e67-a76e-5028d34bbfa3" />
    <UnitTestResult executionId="17eb02e3-362e-4d17-a745-67feed2850d1" testId="54a63659-ef2d-9447-5f9c-d2222b1c5021" testName="TestFunctionPrototypeLookup" computerName="DESKTOP-RRA95A8" duration="00:00:00.2061158" startTime="2016-01-24T03:03:32.3781602-08:00" endTime="2016-01-24T03:03:32.5858945-08:00" testType="13cdc9d9-ddb5-4fa4-a97d-d965ccfc6d4b" outcome="Passed" testListId="8c84fa94-04c1-424b-9868-57a2d4851a1d" relativeResultsDirectory="17eb02e3-362e-4d17-a745-67feed2850d1" />
    <UnitTestResult executionId="09f80cd1-1327-4ed8-8f87-8381aa17ad1b" testId="2730a92a-cb5c-2531-b17d-2c8176d68839" testName="TestProtoSetCorrectly" computerName="DESKTOP-RRA95A8" duration="00:00:00.1633051" startTime="2016-01-24T03:03:32.5888374-08:00" endTime="2016-01-24T03:03:32.7534572-08:00" testType="13cdc9d9-ddb5-4fa4-a97d-d965ccfc6d4b" outcome="Passed" testListId="8c84fa94-04c1-424b-9868-57a2d4851a1d" relativeResultsDirectory="09f80cd1-1327-4ed8-8f87-8381aa17ad1b" />
    <UnitTestResult executionId="49677adf-f492-4e82-80f4-abea15882bd0" testId="aa09bef9-d308-ead8-bb08-4a8c84e7a92f" testName="TestInfiniteDescriptors" computerName="DESKTOP-RRA95A8" duration="00:00:00.2355342" startTime="2016-01-24T03:03:32.7573818-08:00" endTime="2016-01-24T03:03:32.9945863-08:00" testType="13cdc9d9-ddb5-4fa4-a97d-d965ccfc6d4b" outcome="Passed" testListId="8c84fa94-04c1-424b-9868-57a2d4851a1d" relativeResultsDirectory="49677adf-f492-4e82-80f4-abea15882bd0" />
    <UnitTestResult executionId="afc8e0e6-730b-4ae7-97d7-fe8ba5646e50" testId="841a2c36-7fe3-5354-3840-4b3cbc53ec76" testName="TestCopyDescriptor" computerName="DESKTOP-RRA95A8" duration="00:00:00.1904637" startTime="2016-01-24T03:03:32.9975303-08:00" endTime="2016-01-24T03:03:33.1905405-08:00" testType="13cdc9d9-ddb5-4fa4-a97d-d965ccfc6d4b" outcome="Passed" testListId="8c84fa94-04c1-424b-9868-57a2d4851a1d" relativeResultsDirectory="afc8e0e6-730b-4ae7-97d7-fe8ba5646e50" />
    <UnitTestResult executionId="e17ecbe8-2ebf-4732-b9b6-9020a0889c4d" testId="15e86334-038f-db65-23a1-8e6f45f1a41b" testName="FailingTestDefinePropertyLoop" computerName="DESKTOP-RRA95A8" duration="00:00:00.2018710" startTime="2016-01-24T03:03:33.1944662-08:00" endTime="2016-01-24T03:03:33.3993192-08:00" testType="13cdc9d9-ddb5-4fa4-a97d-d965ccfc6d4b" outcome="Failed" testListId="8c84fa94-04c1-424b-9868-57a2d4851a1d" relativeResultsDirectory="e17ecbe8-2ebf-4732-b9b6-9020a0889c4d">
      <Output>
        <ErrorInfo>
          <Message>Assert.Fail failed. ContainsExactly failed.

Expected:
{Number}

Actual:
{Number, String}

Expected not in actual:
{}

Actual not in expected:
{String}</Message>
          <StackTrace>   at TestUtilities.AssertUtil.ContainsExactly[T](HashSet`1 set, T[] expected) in C:\src\nodejstools\Common\Tests\Utilities\AssertUtil.cs:line 215
   at AnalysisTests.AnalysisTests.FailingTestDefinePropertyLoop() in C:\src\nodejstools\Nodejs\Tests\AnalysisTests\AnalysisTests.cs:line 495
</StackTrace>
        </ErrorInfo>
      </Output>
    </UnitTestResult>
    <UnitTestResult executionId="90dcacdf-a8ca-4a11-a068-75c15db6d268" testId="bdec2d6a-057e-96ef-61e6-0ddf915704be" testName="TestThisFlows" computerName="DESKTOP-RRA95A8" duration="00:00:00.2028713" startTime="2016-01-24T03:03:33.4032150-08:00" endTime="2016-01-24T03:03:33.6080038-08:00" testType="13cdc9d9-ddb5-4fa4-a97d-d965ccfc6d4b" outcome="Passed" testListId="8c84fa94-04c1-424b-9868-57a2d4851a1d" relativeResultsDirectory="90dcacdf-a8ca-4a11-a068-75c15db6d268" />
    <UnitTestResult executionId="05dccf39-fac2-4ae2-9807-2023bae6b2e9" testId="217fb7fc-fdc1-c3d0-b402-3a39f4a5fb85" testName="TestThisFlows2" computerName="DESKTOP-RRA95A8" duration="00:00:00.2259113" startTime="2016-01-24T03:03:33.6119277-08:00" endTime="2016-01-24T03:03:33.8407367-08:00" testType="13cdc9d9-ddb5-4fa4-a97d-d965ccfc6d4b" outcome="Passed" testListId="8c84fa94-04c1-424b-9868-57a2d4851a1d" relativeResultsDirectory="05dccf39-fac2-4ae2-9807-2023bae6b2e9" />
    <UnitTestResult executionId="5ea9ba93-8894-438c-a4af-f195750749eb" testId="64f0e039-281b-fa7a-6d08-d9d132f47698" testName="TestThisPassedAndReturned" computerName="DESKTOP-RRA95A8" duration="00:00:00.2086251" startTime="2016-01-24T03:03:33.8446620-08:00" endTime="2016-01-24T03:03:34.0558406-08:00" testType="13cdc9d9-ddb5-4fa4-a97d-d965ccfc6d4b" outcome="Passed" testListId="8c84fa94-04c1-424b-9868-57a2d4851a1d" relativeResultsDirectory="5ea9ba93-8894-438c-a4af-f195750749eb" />
    <UnitTestResult executionId="2699ff2b-490a-47d6-ac8e-40b3b863d1b2" testId="a040fb55-9949-0fe1-8511-4a3fdb3ef472" testName="Failing_TestThis" computerName="DESKTOP-RRA95A8" duration="00:00:00.1981014" startTime="2016-01-24T03:03:34.0587831-08:00" endTime="2016-01-24T03:03:34.2596845-08:00" testType="13cdc9d9-ddb5-4fa4-a97d-d965ccfc6d4b" outcome="Failed" testListId="8c84fa94-04c1-424b-9868-57a2d4851a1d" relativeResultsDirectory="2699ff2b-490a-47d6-ac8e-40b3b863d1b2">
      <Output>
        <ErrorInfo>
          <Message>Assert.Fail failed. Expected at least {Function}, didn't find {Function}. All: {Object}</Message>
          <StackTrace>   at TestUtilities.AssertUtil.ContainsAtLeast[T](HashSet`1 set, T[] values) in C:\src\nodejstools\Common\Tests\Utilities\AssertUtil.cs:line 239
   at AnalysisTests.AnalysisTests.Failing_TestThis() in C:\src\nodejstools\Nodejs\Tests\AnalysisTests\AnalysisTests.cs:line 593
</StackTrace>
        </ErrorInfo>
      </Output>
    </UnitTestResult>
    <UnitTestResult executionId="5791f8eb-b478-4cfc-877f-5fb2c333504c" testId="4f68d97a-2cc6-9087-bc60-5cb630d46897" testName="TestPropertyGotoDef" computerName="DESKTOP-RRA95A8" duration="00:00:00.1954798" startTime="2016-01-24T03:03:34.2626263-08:00" endTime="2016-01-24T03:03:34.4606027-08:00" testType="13cdc9d9-ddb5-4fa4-a97d-d965ccfc6d4b" outcome="Passed" testListId="8c84fa94-04c1-424b-9868-57a2d4851a1d" relativeResultsDirectory="5791f8eb-b478-4cfc-877f-5fb2c333504c" />
    <UnitTestResult executionId="72222f4d-7e1b-447e-bb55-a7e806199ae5" testId="37210c58-6e62-d660-c249-310be3888bef" testName="TestAttributeGotoDef" computerName="DESKTOP-RRA95A8" duration="00:00:00.2278218" startTime="2016-01-24T03:03:34.4644945-08:00" endTime="2016-01-24T03:03:34.6938858-08:00" testType="13cdc9d9-ddb5-4fa4-a97d-d965ccfc6d4b" outcome="Passed" testListId="8c84fa94-04c1-424b-9868-57a2d4851a1d" relativeResultsDirectory="72222f4d-7e1b-447e-bb55-a7e806199ae5" />
    <UnitTestResult executionId="81e9311a-40fa-4197-977d-736eb52ed595" testId="22394f02-1184-fd5d-6fa3-a5038814e818" testName="TestBuiltinRequireGotoDef" computerName="DESKTOP-RRA95A8" duration="00:00:00.2176989" startTime="2016-01-24T03:03:34.6978104-08:00" endTime="2016-01-24T03:03:34.9183491-08:00" testType="13cdc9d9-ddb5-4fa4-a97d-d965ccfc6d4b" outcome="Passed" testListId="8c84fa94-04c1-424b-9868-57a2d4851a1d" relativeResultsDirectory="81e9311a-40fa-4197-977d-736eb52ed595" />
    <UnitTestResult executionId="3e96fb52-81a5-46ab-bca8-9f5a653505a7" testId="ce9b4575-e930-a54f-4c8f-4ac0748135d1" testName="TestGlobals" computerName="DESKTOP-RRA95A8" duration="00:00:00.1942847" startTime="2016-01-24T03:03:34.9218572-08:00" endTime="2016-01-24T03:03:35.1184536-08:00" testType="13cdc9d9-ddb5-4fa4-a97d-d965ccfc6d4b" outcome="Passed" testListId="8c84fa94-04c1-424b-9868-57a2d4851a1d" relativeResultsDirectory="3e96fb52-81a5-46ab-bca8-9f5a653505a7" />
    <UnitTestResult executionId="df5eddc8-10fa-46e9-93cd-69829061a29a" testId="e0f0038d-2f23-99fc-ef48-9d4435e3bcc4" testName="TestDefinitiveAssignmentScoping" computerName="DESKTOP-RRA95A8" duration="00:00:00.2356932" startTime="2016-01-24T03:03:35.1224643-08:00" endTime="2016-01-24T03:03:35.3603934-08:00" testType="13cdc9d9-ddb5-4fa4-a97d-d965ccfc6d4b" outcome="Passed" testListId="8c84fa94-04c1-424b-9868-57a2d4851a1d" relativeResultsDirectory="df5eddc8-10fa-46e9-93cd-69829061a29a" />
    <UnitTestResult executionId="9f5269d2-c942-464b-92d5-b1599242d9fa" testId="697148e1-9f6a-cc70-5601-546b0306d6e2" testName="TestDefinitiveAssignmentScoping2" computerName="DESKTOP-RRA95A8" duration="00:00:00.1913648" startTime="2016-01-24T03:03:35.3643191-08:00" endTime="2016-01-24T03:03:35.5583398-08:00" testType="13cdc9d9-ddb5-4fa4-a97d-d965ccfc6d4b" outcome="Passed" testListId="8c84fa94-04c1-424b-9868-57a2d4851a1d" relativeResultsDirectory="9f5269d2-c942-464b-92d5-b1599242d9fa" />
    <UnitTestResult executionId="fd5aa40f-f9a6-49d9-b119-a6aba6052b8b" testId="1d03eea7-b352-aabe-1165-c41d56339e10" testName="TestSignatureHelp" computerName="DESKTOP-RRA95A8" duration="00:00:00.2016219" startTime="2016-01-24T03:03:35.5612543-08:00" endTime="2016-01-24T03:03:35.7656186-08:00" testType="13cdc9d9-ddb5-4fa4-a97d-d965ccfc6d4b" outcome="Passed" testListId="8c84fa94-04c1-424b-9868-57a2d4851a1d" relativeResultsDirectory="fd5aa40f-f9a6-49d9-b119-a6aba6052b8b" />
    <UnitTestResult executionId="00d761e3-984f-4f8d-a713-e6fc14f07c05" testId="ab0fbf8c-a78e-e4c1-5328-47345fadc5d0" testName="TestJSDoc" computerName="DESKTOP-RRA95A8" duration="00:00:00.2036160" startTime="2016-01-24T03:03:35.7685499-08:00" endTime="2016-01-24T03:03:35.9744214-08:00" testType="13cdc9d9-ddb5-4fa4-a97d-d965ccfc6d4b" outcome="Failed" testListId="8c84fa94-04c1-424b-9868-57a2d4851a1d" relativeResultsDirectory="00d761e3-984f-4f8d-a713-e6fc14f07c05">
      <Output>
        <ErrorInfo>
          <Message>Assert.AreEqual failed. Expected:&lt;Documentation for f.

Just a paragraph. It shouldn't show up anywhere.

@param  a   Documentation for a.

Another paragraph that won't show up anywhere. This one has a {@link}.

@arg    b   Documentation for b. It spans multiple lines.
@param  c   Documentation for c. It has a {@link} in it.
@arg   [d]  Documentation for d. It is an optional parameter.
@argument [e=123] Documentation for e. It has a default value.

@see Not a parameter!&gt;. Actual:&lt;Documentation for f.

Just a paragraph. It shouldn't show up anywhere.

@param  a   Documentation for a.

Another paragraph that won't show up anywhere. This one has a {@link}.

@arg    b   Documentation for b. It spans multiple lines.
@param  c   Documentation for c. It has a {@link} in it.
@arg   [d]  Documentation for d. It is an optional parameter.
@argument [e=123] Documentation for e. It has a default value.

@see Not a parameter!&gt;. </Message>
          <StackTrace>   at AnalysisTests.AnalysisTests.TestJSDoc() in C:\src\nodejstools\Nodejs\Tests\AnalysisTests\AnalysisTests.cs:line 776
</StackTrace>
        </ErrorInfo>
      </Output>
    </UnitTestResult>
    <UnitTestResult executionId="0769ca24-8585-450b-a6ab-637b2838cb87" testId="f8b7a998-fb83-4e07-76f8-be1bb629de55" testName="TestStringMembers" computerName="DESKTOP-RRA95A8" duration="00:00:00.2389184" startTime="2016-01-24T03:03:35.9773296-08:00" endTime="2016-01-24T03:03:36.2179967-08:00" testType="13cdc9d9-ddb5-4fa4-a97d-d965ccfc6d4b" outcome="Passed" testListId="8c84fa94-04c1-424b-9868-57a2d4851a1d" relativeResultsDirectory="0769ca24-8585-450b-a6ab-637b2838cb87" />
    <UnitTestResult executionId="6bf19b25-0542-4c09-ae39-abc69d407994" testId="bc42cf62-9e45-5f2c-2c08-c5f637308ed8" testName="TestBadIndexes" computerName="DESKTOP-RRA95A8" duration="00:00:00.1744831" startTime="2016-01-24T03:03:36.2210030-08:00" endTime="2016-01-24T03:03:36.3972624-08:00" testType="13cdc9d9-ddb5-4fa4-a97d-d965ccfc6d4b" outcome="Passed" testListId="8c84fa94-04c1-424b-9868-57a2d4851a1d" relativeResultsDirectory="6bf19b25-0542-4c09-ae39-abc69d407994" />
    <UnitTestResult executionId="187d87f1-3b99-4012-a01f-8f3583642497" testId="10a47e8f-bf62-fff6-8cae-389a1a8e7ca3" testName="TestDefinitiveAssignmentMerged" computerName="DESKTOP-RRA95A8" duration="00:00:00.2042396" startTime="2016-01-24T03:03:36.4011509-08:00" endTime="2016-01-24T03:03:36.6069535-08:00" testType="13cdc9d9-ddb5-4fa4-a97d-d965ccfc6d4b" outcome="Passed" testListId="8c84fa94-04c1-424b-9868-57a2d4851a1d" relativeResultsDirectory="187d87f1-3b99-4012-a01f-8f3583642497" />
    <UnitTestResult executionId="30da4e4f-fb86-4185-a76d-087d3634865f" testId="11e2abd5-0534-c911-edcb-908c840e1651" testName="TestDefinitiveAssignment" computerName="DESKTOP-RRA95A8" duration="00:00:00.2282627" startTime="2016-01-24T03:03:36.6099034-08:00" endTime="2016-01-24T03:03:36.8400336-08:00" testType="13cdc9d9-ddb5-4fa4-a97d-d965ccfc6d4b" outcome="Passed" testListId="8c84fa94-04c1-424b-9868-57a2d4851a1d" relativeResultsDirectory="30da4e4f-fb86-4185-a76d-087d3634865f" />
    <UnitTestResult executionId="6e35d643-7114-4c5c-951e-2b05b78c8702" testId="663f08d6-f428-0871-000b-06443ed19dde" testName="TestDefinitiveAssignmentNested" computerName="DESKTOP-RRA95A8" duration="00:00:00.2296528" startTime="2016-01-24T03:03:36.8439589-08:00" endTime="2016-01-24T03:03:37.0751875-08:00" testType="13cdc9d9-ddb5-4fa4-a97d-d965ccfc6d4b" outcome="Passed" testListId="8c84fa94-04c1-424b-9868-57a2d4851a1d" relativeResultsDirectory="6e35d643-7114-4c5c-951e-2b05b78c8702" />
    <UnitTestResult executionId="d1712ced-a06a-4153-889d-47dbef33210b" testId="26a2f0e3-48a3-c4f2-79f5-cc22eb1c3316" testName="TestConstruct" computerName="DESKTOP-RRA95A8" duration="00:00:00.6425230" startTime="2016-01-24T03:03:37.0791117-08:00" endTime="2016-01-24T03:03:37.7246357-08:00" testType="13cdc9d9-ddb5-4fa4-a97d-d965ccfc6d4b" outcome="Passed" testListId="8c84fa94-04c1-424b-9868-57a2d4851a1d" relativeResultsDirectory="d1712ced-a06a-4153-889d-47dbef33210b" />
    <UnitTestResult executionId="f26ad3b3-02a9-44b1-aeba-171487b4b757" testId="f4b99a4b-0e0a-f734-eb1e-23631533d4ad" testName="TestConstructReturnFunction" computerName="DESKTOP-RRA95A8" duration="00:00:00.1930715" startTime="2016-01-24T03:03:37.7276107-08:00" endTime="2016-01-24T03:03:37.9227747-08:00" testType="13cdc9d9-ddb5-4fa4-a97d-d965ccfc6d4b" outcome="Passed" testListId="8c84fa94-04c1-424b-9868-57a2d4851a1d" relativeResultsDirectory="f26ad3b3-02a9-44b1-aeba-171487b4b757" />
    <UnitTestResult executionId="6a7f9d1f-bbeb-4505-b7d7-0d89c2607776" testId="cd8bf215-8e1d-ca22-3398-762b8bd8e40b" testName="TestExports" computerName="DESKTOP-RRA95A8" duration="00:00:00.2002610" startTime="2016-01-24T03:03:37.9257833-08:00" endTime="2016-01-24T03:03:38.1282064-08:00" testType="13cdc9d9-ddb5-4fa4-a97d-d965ccfc6d4b" outcome="Passed" testListId="8c84fa94-04c1-424b-9868-57a2d4851a1d" relativeResultsDirectory="6a7f9d1f-bbeb-4505-b7d7-0d89c2607776" />
    <UnitTestResult executionId="77167798-4412-4c30-8a84-0149c7d6ac07" testId="4ded5afd-aa24-0725-71bb-421e7037f398" testName="TestAccessorDescriptor" computerName="DESKTOP-RRA95A8" duration="00:00:00.2060006" startTime="2016-01-24T03:03:38.1336794-08:00" endTime="2016-01-24T03:03:38.3422969-08:00" testType="13cdc9d9-ddb5-4fa4-a97d-d965ccfc6d4b" outcome="Passed" testListId="8c84fa94-04c1-424b-9868-57a2d4851a1d" relativeResultsDirectory="77167798-4412-4c30-8a84-0149c7d6ac07" />
    <UnitTestResult executionId="e4a85a39-5d92-411c-bc8b-a776a3e06bb9" testId="6e98a4cc-16fd-e97f-f754-b6d15d6cef30" testName="TestDefineProperties" computerName="DESKTOP-RRA95A8" duration="00:00:00.2113871" startTime="2016-01-24T03:03:38.3462226-08:00" endTime="2016-01-24T03:03:38.5596301-08:00" testType="13cdc9d9-ddb5-4fa4-a97d-d965ccfc6d4b" outcome="Passed" testListId="8c84fa94-04c1-424b-9868-57a2d4851a1d" relativeResultsDirectory="e4a85a39-5d92-411c-bc8b-a776a3e06bb9" />
    <UnitTestResult executionId="1d54d0b3-165a-4976-8d5f-69bf3e9bbcd5" testId="3afdf5d3-4a44-18ec-3a6a-82456d0c8a5d" testName="TestDefinePropertiesDependencies" computerName="DESKTOP-RRA95A8" duration="00:00:00.2184435" startTime="2016-01-24T03:03:38.5635554-08:00" endTime="2016-01-24T03:03:38.7846293-08:00" testType="13cdc9d9-ddb5-4fa4-a97d-d965ccfc6d4b" outcome="Failed" testListId="8c84fa94-04c1-424b-9868-57a2d4851a1d" relativeResultsDirectory="1d54d0b3-165a-4976-8d5f-69bf3e9bbcd5">
      <Output>
        <ErrorInfo>
          <Message>Assert.Fail failed. Expected at least {one, two, three}, didn't find {one, two, three}. All: {
propertyIsEnumerable,
__lookupSetter__,
isPrototypeOf,
toLocaleString,
constructor,
valueOf,
hasOwnProperty,
__lookupGetter__,
__defineGetter__,
toString,
__defineSetter__
}</Message>
          <StackTrace>   at TestUtilities.AssertUtil.ContainsAtLeast[T](HashSet`1 set, T[] values) in C:\src\nodejstools\Common\Tests\Utilities\AssertUtil.cs:line 239
   at AnalysisTests.AnalysisTests.TestDefinePropertiesDependencies() in C:\src\nodejstools\Nodejs\Tests\AnalysisTests\AnalysisTests.cs:line 1065
</StackTrace>
        </ErrorInfo>
      </Output>
    </UnitTestResult>
    <UnitTestResult executionId="f9fe661d-aa4b-4868-bde3-87514fe909f5" testId="7f8142ae-21ca-bd2a-be95-c26d74599fd8" testName="TestFunctionExpression" computerName="DESKTOP-RRA95A8" duration="00:00:00.2280661" startTime="2016-01-24T03:03:38.7875741-08:00" endTime="2016-01-24T03:03:39.0184223-08:00" testType="13cdc9d9-ddb5-4fa4-a97d-d965ccfc6d4b" outcome="Passed" testListId="8c84fa94-04c1-424b-9868-57a2d4851a1d" relativeResultsDirectory="f9fe661d-aa4b-4868-bde3-87514fe909f5" />
    <UnitTestResult executionId="76fcef51-75cc-487e-b9e4-61a7c28bb69d" testId="fcde8083-e1f0-ed29-76bb-3d7c7242f18a" testName="TestGlobal" computerName="DESKTOP-RRA95A8" duration="00:00:00.2820529" startTime="2016-01-24T03:03:39.0259422-08:00" endTime="2016-01-24T03:03:39.3113293-08:00" testType="13cdc9d9-ddb5-4fa4-a97d-d965ccfc6d4b" outcome="Passed" testListId="8c84fa94-04c1-424b-9868-57a2d4851a1d" relativeResultsDirectory="76fcef51-75cc-487e-b9e4-61a7c28bb69d" />
    <UnitTestResult executionId="d2a9883b-2904-42ab-91d0-0369c74a0ee0" testId="2588d55a-4ed1-00e5-f06c-1392e96d9957" testName="TestNumberFunction" computerName="DESKTOP-RRA95A8" duration="00:00:00.2641927" startTime="2016-01-24T03:03:39.3152547-08:00" endTime="2016-01-24T03:03:39.5836743-08:00" testType="13cdc9d9-ddb5-4fa4-a97d-d965ccfc6d4b" outcome="Passed" testListId="8c84fa94-04c1-424b-9868-57a2d4851a1d" relativeResultsDirectory="d2a9883b-2904-42ab-91d0-0369c74a0ee0" />
    <UnitTestResult executionId="bd1935e2-408b-4179-b880-a459b1b6bffa" testId="0a843ada-a3b7-d37d-4c0b-83fd933d6d63" testName="TestSimpleClosure" computerName="DESKTOP-RRA95A8" duration="00:00:00.2424590" startTime="2016-01-24T03:03:39.5876365-08:00" endTime="2016-01-24T03:03:39.8324714-08:00" testType="13cdc9d9-ddb5-4fa4-a97d-d965ccfc6d4b" outcome="Passed" testListId="8c84fa94-04c1-424b-9868-57a2d4851a1d" relativeResultsDirectory="bd1935e2-408b-4179-b880-a459b1b6bffa" />
    <UnitTestResult executionId="1f6774e2-75f6-49cd-b18a-9b667d446aec" testId="0ac3c6cb-3a41-61bc-c48a-e91123dca566" testName="TestNumber" computerName="DESKTOP-RRA95A8" duration="00:00:00.2875332" startTime="2016-01-24T03:03:39.8363960-08:00" endTime="2016-01-24T03:03:40.1262977-08:00" testType="13cdc9d9-ddb5-4fa4-a97d-d965ccfc6d4b" outcome="Passed" testListId="8c84fa94-04c1-424b-9868-57a2d4851a1d" relativeResultsDirectory="1f6774e2-75f6-49cd-b18a-9b667d446aec" />
    <UnitTestResult executionId="05397776-4dd3-41f0-8541-d733c64b0929" testId="42264ab4-17dd-11b2-49a0-25caa6511b44" testName="TestVariableLookup" computerName="DESKTOP-RRA95A8" duration="00:00:00.2665179" startTime="2016-01-24T03:03:40.1303073-08:00" endTime="2016-01-24T03:03:40.3989057-08:00" testType="13cdc9d9-ddb5-4fa4-a97d-d965ccfc6d4b" outcome="Passed" testListId="8c84fa94-04c1-424b-9868-57a2d4851a1d" relativeResultsDirectory="05397776-4dd3-41f0-8541-d733c64b0929" />
    <UnitTestResult executionId="c0114010-b2c6-4a08-874f-bd06ed9e9cad" testId="3d0f105c-4417-f6a6-a65a-7db5ba350b36" testName="TestVariableDeclaration" computerName="DESKTOP-RRA95A8" duration="00:00:00.1881601" startTime="2016-01-24T03:03:40.4028660-08:00" endTime="2016-01-24T03:03:40.5939388-08:00" testType="13cdc9d9-ddb5-4fa4-a97d-d965ccfc6d4b" outcome="Passed" testListId="8c84fa94-04c1-424b-9868-57a2d4851a1d" relativeResultsDirectory="c0114010-b2c6-4a08-874f-bd06ed9e9cad" />
    <UnitTestResult executionId="d0e428ed-8a22-4868-a76a-e8f3a2115180" testId="bf801bf4-97dc-ff4f-5777-fb98d160ecb1" testName="TestStringLiteral" computerName="DESKTOP-RRA95A8" duration="00:00:00.1919063" startTime="2016-01-24T03:03:40.5978648-08:00" endTime="2016-01-24T03:03:40.7918947-08:00" testType="13cdc9d9-ddb5-4fa4-a97d-d965ccfc6d4b" outcome="Passed" testListId="8c84fa94-04c1-424b-9868-57a2d4851a1d" relativeResultsDirectory="d0e428ed-8a22-4868-a76a-e8f3a2115180" />
    <UnitTestResult executionId="18629de7-384e-43ec-ba89-b03dc499dff4" testId="c964b7dd-8936-743d-f7fe-fa74987ce852" testName="TestArrayLiteral" computerName="DESKTOP-RRA95A8" duration="00:00:00.2275388" startTime="2016-01-24T03:03:40.7958193-08:00" endTime="2016-01-24T03:03:41.0258569-08:00" testType="13cdc9d9-ddb5-4fa4-a97d-d965ccfc6d4b" outcome="Passed" testListId="8c84fa94-04c1-424b-9868-57a2d4851a1d" relativeResultsDirectory="18629de7-384e-43ec-ba89-b03dc499dff4" />
    <UnitTestResult executionId="a79469f1-b685-46c5-a947-93ac2af21613" testId="09a30f2a-b67d-ee7f-3e26-3052cae45c92" testName="TestTrueFalse" computerName="DESKTOP-RRA95A8" duration="00:00:00.4519196" startTime="2016-01-24T03:03:41.0293683-08:00" endTime="2016-01-24T03:03:41.4843888-08:00" testType="13cdc9d9-ddb5-4fa4-a97d-d965ccfc6d4b" outcome="Passed" testListId="8c84fa94-04c1-424b-9868-57a2d4851a1d" relativeResultsDirectory="a79469f1-b685-46c5-a947-93ac2af21613" />
    <UnitTestResult executionId="9050d482-a788-42b0-b62b-bf4844316813" testId="db74b12e-c1b4-76cf-e02b-af099a30335c" testName="TestSpecializedExtend" computerName="DESKTOP-RRA95A8" duration="00:00:00.2015836" startTime="2016-01-24T03:03:41.4873335-08:00" endTime="2016-01-24T03:03:41.6907745-08:00" testType="13cdc9d9-ddb5-4fa4-a97d-d965ccfc6d4b" outcome="Passed" testListId="8c84fa94-04c1-424b-9868-57a2d4851a1d" relativeResultsDirectory="9050d482-a788-42b0-b62b-bf4844316813" />
    <UnitTestResult executionId="fe228d2f-c913-42c4-98ab-61cff7457037" testId="c60cc98d-f339-1c5b-e7b3-38b165b42c6f" testName="TestBackboneExtend" computerName="DESKTOP-RRA95A8" duration="00:00:00.1954119" startTime="2016-01-24T03:03:41.6946681-08:00" endTime="2016-01-24T03:03:41.8926565-08:00" testType="13cdc9d9-ddb5-4fa4-a97d-d965ccfc6d4b" outcome="Passed" testListId="8c84fa94-04c1-424b-9868-57a2d4851a1d" relativeResultsDirectory="fe228d2f-c913-42c4-98ab-61cff7457037" />
    <UnitTestResult executionId="1d93d962-65ae-40c2-9f4f-e0b60a020ef5" testId="e3b88f82-e935-e502-8875-1e25909b9a65" testName="TestLodashAssign" computerName="DESKTOP-RRA95A8" duration="00:00:00.2375903" startTime="2016-01-24T03:03:41.8955654-08:00" endTime="2016-01-24T03:03:42.1355516-08:00" testType="13cdc9d9-ddb5-4fa4-a97d-d965ccfc6d4b" outcome="Passed" testListId="8c84fa94-04c1-424b-9868-57a2d4851a1d" relativeResultsDirectory="1d93d962-65ae-40c2-9f4f-e0b60a020ef5" />
    <UnitTestResult executionId="9e72f0ab-c8ee-403c-9bc5-cdd4a8a84476" testId="4b9b0c43-9719-feac-33fa-715bef7a95d8" testName="TestObjectKeys" computerName="DESKTOP-RRA95A8" duration="00:00:00.2739167" startTime="2016-01-24T03:03:42.1384967-08:00" endTime="2016-01-24T03:03:42.4149199-08:00" testType="13cdc9d9-ddb5-4fa4-a97d-d965ccfc6d4b" outcome="Passed" testListId="8c84fa94-04c1-424b-9868-57a2d4851a1d" relativeResultsDirectory="9e72f0ab-c8ee-403c-9bc5-cdd4a8a84476" />
    <UnitTestResult executionId="18893e3d-3ce1-4aa8-b592-8e3091e2bb7b" testId="40d01c18-ceb4-fb2a-45df-76523091818e" testName="TestObjectLiteral" computerName="DESKTOP-RRA95A8" duration="00:00:01.1733303" startTime="2016-01-24T03:03:42.4194345-08:00" endTime="2016-01-24T03:03:43.5946433-08:00" testType="13cdc9d9-ddb5-4fa4-a97d-d965ccfc6d4b" outcome="Passed" testListId="8c84fa94-04c1-424b-9868-57a2d4851a1d" relativeResultsDirectory="18893e3d-3ce1-4aa8-b592-8e3091e2bb7b" />
    <UnitTestResult executionId="ced8d473-76c7-4d2d-b05f-a1391f572997" testId="329b8bfa-012c-f23c-36f9-5d2e24b55640" testName="TestConstructor" computerName="DESKTOP-RRA95A8" duration="00:00:00.1941210" startTime="2016-01-24T03:03:43.5975873-08:00" endTime="2016-01-24T03:03:43.7935445-08:00" testType="13cdc9d9-ddb5-4fa4-a97d-d965ccfc6d4b" outcome="Passed" testListId="8c84fa94-04c1-424b-9868-57a2d4851a1d" relativeResultsDirectory="ced8d473-76c7-4d2d-b05f-a1391f572997" />
    <UnitTestResult executionId="93646e54-32ef-4daa-994a-e798efa18401" testId="1ae1ddf9-5609-2980-978f-153f492b1628" testName="TestForInLoop" computerName="DESKTOP-RRA95A8" duration="00:00:00.2042261" startTime="2016-01-24T03:03:43.7974691-08:00" endTime="2016-01-24T03:03:44.0041735-08:00" testType="13cdc9d9-ddb5-4fa4-a97d-d965ccfc6d4b" outcome="Passed" testListId="8c84fa94-04c1-424b-9868-57a2d4851a1d" relativeResultsDirectory="93646e54-32ef-4daa-994a-e798efa18401" />
    <UnitTestResult executionId="b5a5bbc9-af08-4efa-8d7e-3c3296134120" testId="fe4adc9d-9372-b622-d6e5-88b6edf16490" testName="FailingTestForInLoop2" computerName="DESKTOP-RRA95A8" duration="00:00:00.2225570" startTime="2016-01-24T03:03:44.0071171-08:00" endTime="2016-01-24T03:03:44.2316117-08:00" testType="13cdc9d9-ddb5-4fa4-a97d-d965ccfc6d4b" outcome="Failed" testListId="8c84fa94-04c1-424b-9868-57a2d4851a1d" relativeResultsDirectory="b5a5bbc9-af08-4efa-8d7e-3c3296134120">
      <Output>
        <ErrorInfo>
          <Message>Assert.Fail failed. ContainsExactly failed.

Expected:
{Number}

Actual:
{}

Expected not in actual:
{Number}

Actual not in expected:
{}</Message>
          <StackTrace>   at TestUtilities.AssertUtil.ContainsExactly[T](HashSet`1 set, T[] expected) in C:\src\nodejstools\Common\Tests\Utilities\AssertUtil.cs:line 215
   at AnalysisTests.AnalysisTests.FailingTestForInLoop2() in C:\src\nodejstools\Nodejs\Tests\AnalysisTests\AnalysisTests.cs:line 1455
</StackTrace>
        </ErrorInfo>
      </Output>
    </UnitTestResult>
    <UnitTestResult executionId="ce2f25e9-9d82-4582-a5ab-da5e41f9f9c2" testId="6df6148c-768c-d151-617a-692ff45f499e" testName="TestFunctionCreation" computerName="DESKTOP-RRA95A8" duration="00:00:00.4327605" startTime="2016-01-24T03:03:44.2345564-08:00" endTime="2016-01-24T03:03:44.6697128-08:00" testType="13cdc9d9-ddb5-4fa4-a97d-d965ccfc6d4b" outcome="Passed" testListId="8c84fa94-04c1-424b-9868-57a2d4851a1d" relativeResultsDirectory="ce2f25e9-9d82-4582-a5ab-da5e41f9f9c2" />
    <UnitTestResult executionId="b0d0da4e-db8d-494c-8787-5f44ec28bb66" testId="5eb0bf34-7a71-e6db-0ca3-eefeafd4ec15" testName="TestPrototypeNoMerge" computerName="DESKTOP-RRA95A8" duration="00:00:00.1974027" startTime="2016-01-24T03:03:44.6726572-08:00" endTime="2016-01-24T03:03:44.8716295-08:00" testType="13cdc9d9-ddb5-4fa4-a97d-d965ccfc6d4b" outcome="Passed" testListId="8c84fa94-04c1-424b-9868-57a2d4851a1d" relativeResultsDirectory="b0d0da4e-db8d-494c-8787-5f44ec28bb66" />
    <UnitTestResult executionId="db2d246f-3235-4948-9001-2ec153a222ad" testId="c9b909d6-5ea1-1a66-81c1-21c60429455c" testName="TestRecursiveForEach" computerName="DESKTOP-RRA95A8" duration="00:00:00.2332528" startTime="2016-01-24T03:03:44.8755530-08:00" endTime="2016-01-24T03:03:45.1107941-08:00" testType="13cdc9d9-ddb5-4fa4-a97d-d965ccfc6d4b" outcome="Passed" testListId="8c84fa94-04c1-424b-9868-57a2d4851a1d" relativeResultsDirectory="db2d246f-3235-4948-9001-2ec153a222ad" />
    <UnitTestResult executionId="aaca2615-852e-44e7-8d90-4d15c8f35417" testId="66edb23f-88bf-ccd9-099e-fcf17179eb30" testName="TestNewArrayUnique" computerName="DESKTOP-RRA95A8" duration="00:00:00.2014943" startTime="2016-01-24T03:03:45.1147438-08:00" endTime="2016-01-24T03:03:45.3181655-08:00" testType="13cdc9d9-ddb5-4fa4-a97d-d965ccfc6d4b" outcome="Passed" testListId="8c84fa94-04c1-424b-9868-57a2d4851a1d" relativeResultsDirectory="aaca2615-852e-44e7-8d90-4d15c8f35417" />
    <UnitTestResult executionId="b6e86298-3ba2-41d0-804f-2ef2a12d0038" testId="be6fa0be-d3e1-480c-be90-801ff67b159d" testName="TestNewObjectUnique" computerName="DESKTOP-RRA95A8" duration="00:00:00.2378568" startTime="2016-01-24T03:03:45.3216747-08:00" endTime="2016-01-24T03:03:45.5612973-08:00" testType="13cdc9d9-ddb5-4fa4-a97d-d965ccfc6d4b" outcome="Passed" testListId="8c84fa94-04c1-424b-9868-57a2d4851a1d" relativeResultsDirectory="b6e86298-3ba2-41d0-804f-2ef2a12d0038" />
    <UnitTestResult executionId="13bf06ac-b232-4955-ad3a-85e6be2d924e" testId="47f11de9-912a-771a-e508-3881c1a73005" testName="TestObjectInstanceNoPrototype" computerName="DESKTOP-RRA95A8" duration="00:00:00.2191098" startTime="2016-01-24T03:03:45.5642413-08:00" endTime="2016-01-24T03:03:45.7852300-08:00" testType="13cdc9d9-ddb5-4fa4-a97d-d965ccfc6d4b" outcome="Passed" testListId="8c84fa94-04c1-424b-9868-57a2d4851a1d" relativeResultsDirectory="13bf06ac-b232-4955-ad3a-85e6be2d924e" />
    <UnitTestResult executionId="2618294d-1161-4475-9a18-3f552f2e8361" testId="fafd40ea-b8cb-caf7-df40-634a25253d89" testName="TestKeysSpecialization" computerName="DESKTOP-RRA95A8" duration="00:00:00.2371403" startTime="2016-01-24T03:03:45.7891556-08:00" endTime="2016-01-24T03:03:46.0291181-08:00" testType="13cdc9d9-ddb5-4fa4-a97d-d965ccfc6d4b" outcome="Passed" testListId="8c84fa94-04c1-424b-9868-57a2d4851a1d" relativeResultsDirectory="2618294d-1161-4475-9a18-3f552f2e8361" />
    <UnitTestResult executionId="49c708d4-0c6a-4874-aba2-3235cd9ef5e0" testId="8f8a472c-0af6-ff36-0884-034c9364c8f8" testName="TestMergeSpecialization" computerName="DESKTOP-RRA95A8" duration="00:00:00.2161031" startTime="2016-01-24T03:03:46.0340270-08:00" endTime="2016-01-24T03:03:46.2525508-08:00" testType="13cdc9d9-ddb5-4fa4-a97d-d965ccfc6d4b" outcome="Passed" testListId="8c84fa94-04c1-424b-9868-57a2d4851a1d" relativeResultsDirectory="49c708d4-0c6a-4874-aba2-3235cd9ef5e0" />
    <UnitTestResult executionId="cff69ce0-eb0d-4d93-8eae-5249ea411dc4" testId="c125c34f-9865-0fb6-3e98-43182dccd779" testName="TestMergeDescriptorsSpecialization" computerName="DESKTOP-RRA95A8" duration="00:00:00.2115545" startTime="2016-01-24T03:03:46.2574575-08:00" endTime="2016-01-24T03:03:46.4711085-08:00" testType="13cdc9d9-ddb5-4fa4-a97d-d965ccfc6d4b" outcome="Passed" testListId="8c84fa94-04c1-424b-9868-57a2d4851a1d" relativeResultsDirectory="cff69ce0-eb0d-4d93-8eae-5249ea411dc4" />
    <UnitTestResult executionId="e04baef1-70c4-4b9c-8a76-957ada13bd7b" testId="02f0abdb-7e7c-bfa4-2999-125f8bd22c20" testName="TestToObjectSpecialization" computerName="DESKTOP-RRA95A8" duration="00:00:00.2121453" startTime="2016-01-24T03:03:46.4760152-08:00" endTime="2016-01-24T03:03:46.6901206-08:00" testType="13cdc9d9-ddb5-4fa4-a97d-d965ccfc6d4b" outcome="Passed" testListId="8c84fa94-04c1-424b-9868-57a2d4851a1d" relativeResultsDirectory="e04baef1-70c4-4b9c-8a76-957ada13bd7b" />
    <UnitTestResult executionId="474d88ef-0825-4364-aad5-c76720defb29" testId="0c546a93-3088-659a-5c6b-7cba60dc6ea3" testName="TestMergeSpecialization2" computerName="DESKTOP-RRA95A8" duration="00:00:00.2077430" startTime="2016-01-24T03:03:46.6940445-08:00" endTime="2016-01-24T03:03:46.9042742-08:00" testType="13cdc9d9-ddb5-4fa4-a97d-d965ccfc6d4b" outcome="Passed" testListId="8c84fa94-04c1-424b-9868-57a2d4851a1d" relativeResultsDirectory="474d88ef-0825-4364-aad5-c76720defb29" />
    <UnitTestResult executionId="6d1e25c2-3318-412b-8feb-8258adc0b0a8" testId="9e6893bf-e9e3-cad2-f9ee-3f3d1aab43f2" testName="TestMergeCloneSpecialization2" computerName="DESKTOP-RRA95A8" duration="00:00:00.2319112" startTime="2016-01-24T03:03:46.9081980-08:00" endTime="2016-01-24T03:03:47.1422014-08:00" testType="13cdc9d9-ddb5-4fa4-a97d-d965ccfc6d4b" outcome="Passed" testListId="8c84fa94-04c1-424b-9868-57a2d4851a1d" relativeResultsDirectory="6d1e25c2-3318-412b-8feb-8258adc0b0a8" />
    <UnitTestResult executionId="5e30cd04-1a77-4d30-af57-5a2a3422ce95" testId="5dddee6c-e243-7641-d37b-0160243f5272" testName="TestCloneSpecialization" computerName="DESKTOP-RRA95A8" duration="00:00:00.2159401" startTime="2016-01-24T03:03:47.1460932-08:00" endTime="2016-01-24T03:03:47.3636663-08:00" testType="13cdc9d9-ddb5-4fa4-a97d-d965ccfc6d4b" outcome="Passed" testListId="8c84fa94-04c1-424b-9868-57a2d4851a1d" relativeResultsDirectory="5e30cd04-1a77-4d30-af57-5a2a3422ce95" />
    <UnitTestResult executionId="b274cdde-8176-4cc8-a1c4-106ad8255c49" testId="aba185a1-a717-d1a2-381d-b5033dbd364d" testName="TestWrapFunctionSpecialization" computerName="DESKTOP-RRA95A8" duration="00:00:00.1944481" startTime="2016-01-24T03:03:47.3705360-08:00" endTime="2016-01-24T03:03:47.5674694-08:00" testType="13cdc9d9-ddb5-4fa4-a97d-d965ccfc6d4b" outcome="Passed" testListId="8c84fa94-04c1-424b-9868-57a2d4851a1d" relativeResultsDirectory="b274cdde-8176-4cc8-a1c4-106ad8255c49" />
    <UnitTestResult executionId="6e44ba3b-0b2b-4848-b8ee-2b106550567d" testId="c2c27e7d-403c-d8fa-0e25-38f30bc0be09" testName="TestStringCasing" computerName="DESKTOP-RRA95A8" duration="00:00:00.2016540" startTime="2016-01-24T03:03:47.5713951-08:00" endTime="2016-01-24T03:03:47.7752015-08:00" testType="13cdc9d9-ddb5-4fa4-a97d-d965ccfc6d4b" outcome="Passed" testListId="8c84fa94-04c1-424b-9868-57a2d4851a1d" relativeResultsDirectory="6e44ba3b-0b2b-4848-b8ee-2b106550567d" />
    <UnitTestResult executionId="bdcc3fee-4d97-432d-a085-4f28f5ca7bfb" testId="dd4d2c4c-9941-f4d8-ec1e-05ac56014322" testName="TestBuiltinFunctionDocumentation" computerName="DESKTOP-RRA95A8" duration="00:00:00.2821440" startTime="2016-01-24T03:03:47.7781458-08:00" endTime="2016-01-24T03:03:48.0632781-08:00" testType="13cdc9d9-ddb5-4fa4-a97d-d965ccfc6d4b" outcome="Passed" testListId="8c84fa94-04c1-424b-9868-57a2d4851a1d" relativeResultsDirectory="bdcc3fee-4d97-432d-a085-4f28f5ca7bfb" />
    <UnitTestResult executionId="9294926a-441b-4e4a-b4b5-c61f335ace9c" testId="2043b7c1-b34f-9194-33f2-ba3146a183fc" testName="TestImmutableObjects" computerName="DESKTOP-RRA95A8" duration="00:00:00.2814617" startTime="2016-01-24T03:03:48.0760350-08:00" endTime="2016-01-24T03:03:48.3640171-08:00" testType="13cdc9d9-ddb5-4fa4-a97d-d965ccfc6d4b" outcome="Passed" testListId="8c84fa94-04c1-424b-9868-57a2d4851a1d" relativeResultsDirectory="9294926a-441b-4e4a-b4b5-c61f335ace9c" />
    <UnitTestResult executionId="919f0170-ffec-44a6-b37e-06305408486f" testId="4fd7f23a-5ab2-a33d-076e-0645c1f24790" testName="TestNodejsCallbacks" computerName="DESKTOP-RRA95A8" duration="00:00:00.2569314" startTime="2016-01-24T03:03:48.3680282-08:00" endTime="2016-01-24T03:03:48.6274142-08:00" testType="13cdc9d9-ddb5-4fa4-a97d-d965ccfc6d4b" outcome="Passed" testListId="8c84fa94-04c1-424b-9868-57a2d4851a1d" relativeResultsDirectory="919f0170-ffec-44a6-b37e-06305408486f" />
    <UnitTestResult executionId="d5e16b1c-2436-4883-9ce9-0ac5144f8176" testId="ac898324-a46c-ecb7-7c94-f29be77baf41" testName="TestNodejsSpecializations" computerName="DESKTOP-RRA95A8" duration="00:00:00.1899477" startTime="2016-01-24T03:03:48.6323208-08:00" endTime="2016-01-24T03:03:48.8259003-08:00" testType="13cdc9d9-ddb5-4fa4-a97d-d965ccfc6d4b" outcome="Passed" testListId="8c84fa94-04c1-424b-9868-57a2d4851a1d" relativeResultsDirectory="d5e16b1c-2436-4883-9ce9-0ac5144f8176" />
    <UnitTestResult executionId="44dd81f1-b2fb-4e6d-a4bf-79759206cd90" testId="562ac2c9-6fb2-7f1d-fada-ebc702ebdef3" testName="DirectedTests" computerName="DESKTOP-RRA95A8" duration="00:00:00.0706982" startTime="2016-01-24T03:03:48.8288447-08:00" endTime="2016-01-24T03:03:48.9018083-08:00" testType="13cdc9d9-ddb5-4fa4-a97d-d965ccfc6d4b" outcome="Passed" testListId="8c84fa94-04c1-424b-9868-57a2d4851a1d" relativeResultsDirectory="44dd81f1-b2fb-4e6d-a4bf-79759206cd90" />
    <UnitTestResult executionId="23c4c7f9-655a-4bc4-b0e5-bf66b9c5060b" testId="8b9808c9-d352-3fbc-d4f4-672d7454ffbf" testName="TestVisible" computerName="DESKTOP-RRA95A8" duration="00:00:00.0313986" startTime="2016-01-24T03:03:48.9057336-08:00" endTime="2016-01-24T03:03:48.9381529-08:00" testType="13cdc9d9-ddb5-4fa4-a97d-d965ccfc6d4b" outcome="Passed" testListId="8c84fa94-04c1-424b-9868-57a2d4851a1d" relativeResultsDirectory="23c4c7f9-655a-4bc4-b0e5-bf66b9c5060b" />
    <UnitTestResult executionId="675ebb7a-c016-44e7-a322-43abc5a7a8a1" testId="6d9f5037-fa38-0b3c-7890-81cdd0d8bc3a" testName="TestBasic" computerName="DESKTOP-RRA95A8" duration="00:00:00.0081989" startTime="2016-01-24T03:03:48.9410973-08:00" endTime="2016-01-24T03:03:48.9508749-08:00" testType="13cdc9d9-ddb5-4fa4-a97d-d965ccfc6d4b" outcome="Passed" testListId="8c84fa94-04c1-424b-9868-57a2d4851a1d" relativeResultsDirectory="675ebb7a-c016-44e7-a322-43abc5a7a8a1" />
    <UnitTestResult executionId="37c7ecda-cc8f-4b97-8821-4c997182d41d" testId="fd5146db-5deb-22ea-6c9b-a100cb3e6646" testName="TestAddExisting" computerName="DESKTOP-RRA95A8" duration="00:00:00.0004496" startTime="2016-01-24T03:03:48.9548006-08:00" endTime="2016-01-24T03:03:48.9567964-08:00" testType="13cdc9d9-ddb5-4fa4-a97d-d965ccfc6d4b" outcome="Passed" testListId="8c84fa94-04c1-424b-9868-57a2d4851a1d" relativeResultsDirectory="37c7ecda-cc8f-4b97-8821-4c997182d41d" />
    <UnitTestResult executionId="846a0d8e-9079-42bc-b4b7-e60e7122035d" testId="460c44e7-83c6-5926-d5ea-73e55df5a3df" testName="TestGrowth" computerName="DESKTOP-RRA95A8" duration="00:00:00.0008806" startTime="2016-01-24T03:03:48.9597065-08:00" endTime="2016-01-24T03:03:48.9616713-08:00" testType="13cdc9d9-ddb5-4fa4-a97d-d965ccfc6d4b" outcome="Passed" testListId="8c84fa94-04c1-424b-9868-57a2d4851a1d" relativeResultsDirectory="846a0d8e-9079-42bc-b4b7-e60e7122035d" />
    <UnitTestResult executionId="8f079cba-5e6d-4472-ad73-0359959b1e36" testId="c7b0b799-c8d2-9664-c8c2-5ec1950cceb7" testName="TestReplaceExisting" computerName="DESKTOP-RRA95A8" duration="00:00:00.0013270" startTime="2016-01-24T03:03:48.9646132-08:00" endTime="2016-01-24T03:03:48.9675586-08:00" testType="13cdc9d9-ddb5-4fa4-a97d-d965ccfc6d4b" outcome="Passed" testListId="8c84fa94-04c1-424b-9868-57a2d4851a1d" relativeResultsDirectory="8f079cba-5e6d-4472-ad73-0359959b1e36" />
    <UnitTestResult executionId="460ddd10-c1c8-4991-81d3-00d65d76725a" testId="594bd107-426f-410b-b0d2-4a5da17a0b65" testName="TestRemoveExisting" computerName="DESKTOP-RRA95A8" duration="00:00:00.0005251" startTime="2016-01-24T03:03:48.9714825-08:00" endTime="2016-01-24T03:03:48.9734473-08:00" testType="13cdc9d9-ddb5-4fa4-a97d-d965ccfc6d4b" outcome="Passed" testListId="8c84fa94-04c1-424b-9868-57a2d4851a1d" relativeResultsDirectory="460ddd10-c1c8-4991-81d3-00d65d76725a" />
    <UnitTestResult executionId="efd317a2-6f77-4ffc-bd0f-79e6c3e397b8" testId="1e15bedd-6e83-bdb4-9d7e-79c93326b1d6" testName="TestNull" computerName="DESKTOP-RRA95A8" duration="00:00:00.0009175" startTime="2016-01-24T03:03:48.9763891-08:00" endTime="2016-01-24T03:03:48.9793681-08:00" testType="13cdc9d9-ddb5-4fa4-a97d-d965ccfc6d4b" outcome="Passed" testListId="8c84fa94-04c1-424b-9868-57a2d4851a1d" relativeResultsDirectory="efd317a2-6f77-4ffc-bd0f-79e6c3e397b8" />
    <UnitTestResult executionId="6b87fe03-f4be-4fc6-a622-80cc8caaeb68" testId="af7ad1b9-eb5d-b422-f000-ea5590c99af9" testName="TestAddRemoveAdd" computerName="DESKTOP-RRA95A8" duration="00:00:00.0015815" startTime="2016-01-24T03:03:48.9822775-08:00" endTime="2016-01-24T03:03:48.9852678-08:00" testType="13cdc9d9-ddb5-4fa4-a97d-d965ccfc6d4b" outcome="Passed" testListId="8c84fa94-04c1-424b-9868-57a2d4851a1d" relativeResultsDirectory="6b87fe03-f4be-4fc6-a622-80cc8caaeb68" />
    <UnitTestResult executionId="474e4f32-319d-4168-88bf-5f3ef46f58ae" testId="123eec87-e2d1-bb88-d15b-c14e8656a979" testName="TestCollision" computerName="DESKTOP-RRA95A8" duration="00:00:00.0010185" startTime="2016-01-24T03:03:48.9887770-08:00" endTime="2016-01-24T03:03:48.9917849-08:00" testType="13cdc9d9-ddb5-4fa4-a97d-d965ccfc6d4b" outcome="Passed" testListId="8c84fa94-04c1-424b-9868-57a2d4851a1d" relativeResultsDirectory="474e4f32-319d-4168-88bf-5f3ef46f58ae" />
    <UnitTestResult executionId="6d9adaa2-6b46-4cdc-9169-8d03fca9937a" testId="2c10f606-8073-1280-0c71-4bacf0206565" testName="TestComparer" computerName="DESKTOP-RRA95A8" duration="00:00:00.0008434" startTime="2016-01-24T03:03:48.9947930-08:00" endTime="2016-01-24T03:03:48.9968337-08:00" testType="13cdc9d9-ddb5-4fa4-a97d-d965ccfc6d4b" outcome="Passed" testListId="8c84fa94-04c1-424b-9868-57a2d4851a1d" relativeResultsDirectory="6d9adaa2-6b46-4cdc-9169-8d03fca9937a" />
    <UnitTestResult executionId="6c606f04-398f-42b1-ae7d-12e3379eb83f" testId="08fa86bf-49d4-f724-9acb-3c5986460345" testName="TestEnumeration" computerName="DESKTOP-RRA95A8" duration="00:00:00.0009335" startTime="2016-01-24T03:03:48.9998561-08:00" endTime="2016-01-24T03:03:49.0027662-08:00" testType="13cdc9d9-ddb5-4fa4-a97d-d965ccfc6d4b" outcome="Passed" testListId="8c84fa94-04c1-424b-9868-57a2d4851a1d" relativeResultsDirectory="6c606f04-398f-42b1-ae7d-12e3379eb83f" />
    <UnitTestResult executionId="3d802f9b-22f4-44fc-b5b5-07cc0bbb1e61" testId="7297ecd5-e6cf-b5ca-5035-0ca0355b9510" testName="TestClear" computerName="DESKTOP-RRA95A8" duration="00:00:00.0005572" startTime="2016-01-24T03:03:49.0066905-08:00" endTime="2016-01-24T03:03:49.0086892-08:00" testType="13cdc9d9-ddb5-4fa4-a97d-d965ccfc6d4b" outcome="Passed" testListId="8c84fa94-04c1-424b-9868-57a2d4851a1d" relativeResultsDirectory="3d802f9b-22f4-44fc-b5b5-07cc0bbb1e61" />
    <UnitTestResult executionId="cf221b51-9e72-454b-8f69-d1c3362616bb" testId="b40f80f2-2b1c-baa5-e604-3b983d6d02bb" testName="TestThreadedReaderUpdatedValue" computerName="DESKTOP-RRA95A8" duration="00:00:00.0015917" startTime="2016-01-24T03:03:49.0125788-08:00" endTime="2016-01-24T03:03:49.0155243-08:00" testType="13cdc9d9-ddb5-4fa4-a97d-d965ccfc6d4b" outcome="Passed" testListId="8c84fa94-04c1-424b-9868-57a2d4851a1d" relativeResultsDirectory="cf221b51-9e72-454b-8f69-d1c3362616bb" />
    <UnitTestResult executionId="d1a2b0f0-3804-48ef-b875-10090a52cebb" testId="fe3c2b8d-8da1-2f01-99b2-54a35fec679e" testName="TestThreadedReaderValueRemoved" computerName="DESKTOP-RRA95A8" duration="00:00:00.0010987" startTime="2016-01-24T03:03:49.0204298-08:00" endTime="2016-01-24T03:03:49.0233735-08:00" testType="13cdc9d9-ddb5-4fa4-a97d-d965ccfc6d4b" outcome="Passed" testListId="8c84fa94-04c1-424b-9868-57a2d4851a1d" relativeResultsDirectory="d1a2b0f0-3804-48ef-b875-10090a52cebb" />
    <UnitTestResult executionId="3b443d95-f154-4514-9dfe-f81780a2221f" testId="c36e7114-8f2f-293f-8747-7a38d566f01f" testName="TestThreaded" computerName="DESKTOP-RRA95A8" duration="00:00:42.1003387" startTime="2016-01-24T03:03:49.0272984-08:00" endTime="2016-01-24T03:04:31.1292935-08:00" testType="13cdc9d9-ddb5-4fa4-a97d-d965ccfc6d4b" outcome="Passed" testListId="8c84fa94-04c1-424b-9868-57a2d4851a1d" relativeResultsDirectory="3b443d95-f154-4514-9dfe-f81780a2221f" />
    <UnitTestResult executionId="17595ab7-f16d-46bc-a598-ededeb357ebb" testId="d92482f2-43ab-180e-310a-d0355e974dfc" testName="UpdateWorkerRoleServiceDefinitionTest" computerName="DESKTOP-RRA95A8" duration="00:00:00.0421436" startTime="2016-01-24T03:04:31.1342002-08:00" endTime="2016-01-24T03:04:31.3537064-08:00" testType="13cdc9d9-ddb5-4fa4-a97d-d965ccfc6d4b" outcome="Failed" testListId="8c84fa94-04c1-424b-9868-57a2d4851a1d" relativeResultsDirectory="17595ab7-f16d-46bc-a598-ededeb357ebb">
      <Output>
        <StdOut>&lt;?xml version="1.0" encoding="utf-8"?&gt;&lt;ServiceDefinition name="Azure1" xmlns="http://schemas.microsoft.com/ServiceHosting/2008/10/ServiceDefinition" schemaVersion="2014-01.2.3"&gt;&lt;WorkerRole name="WorkerProject" vmsize="Small"&gt;&lt;Startup&gt;&lt;Task commandLine="setup_worker.cmd &amp;gt; log.txt" executionContext="elevated" taskType="simple"&gt;&lt;Environment&gt;&lt;Variable name="EMULATED"&gt;&lt;RoleInstanceValue xpath="/RoleEnvironment/Deployment/@emulated" /&gt;&lt;/Variable&gt;&lt;Variable name="RUNTIMEID" value="node" /&gt;&lt;Variable name="RUNTIMEURL" value="http://az413943.vo.msecnd.net/node/0.10.21.exe;http://nodertncu.blob.core.windows.net/iisnode/0.1.21.exe" /&gt;&lt;/Environment&gt;&lt;/Task&gt;&lt;Task commandLine="node.cmd .\startup.js" executionContext="elevated" /&gt;&lt;/Startup&gt;&lt;Runtime&gt;&lt;Environment&gt;&lt;Variable name="EMULATED"&gt;&lt;RoleInstanceValue xpath="/RoleEnvironment/Deployment/@emulated" /&gt;&lt;/Variable&gt;&lt;/Environment&gt;&lt;EntryPoint&gt;&lt;ProgramEntryPoint commandLine="node.cmd .\server.js" setReadyOnProcessStart="true" /&gt;&lt;/EntryPoint&gt;&lt;/Runtime&gt;&lt;/WorkerRole&gt;&lt;WebRole name="WebProject" /&gt;&lt;/ServiceDefinition&gt;</StdOut>
        <ErrorInfo>
          <Message>Assert.Fail failed. Unexpected element //ServiceDefinition/WorkerRole/Startup/Task.</Message>
          <StackTrace>   at NodejsTests.AzureTests.AreXPathNavigatorsEqual(XPathNavigator nav1, XPathNavigator nav2, String message) in C:\src\nodejstools\Nodejs\Tests\Core\AzureTests.cs:line 181
   at NodejsTests.AzureTests.AreXPathNavigatorsEqual(XPathNavigator nav1, XPathNavigator nav2, String message) in C:\src\nodejstools\Nodejs\Tests\Core\AzureTests.cs:line 166
   at NodejsTests.AzureTests.AreXPathNavigatorsEqual(XPathNavigator nav1, XPathNavigator nav2, String message) in C:\src\nodejstools\Nodejs\Tests\Core\AzureTests.cs:line 166
   at NodejsTests.AzureTests.AreXPathNavigatorsEqual(XPathNavigator nav1, XPathNavigator nav2, String message) in C:\src\nodejstools\Nodejs\Tests\Core\AzureTests.cs:line 166
   at NodejsTests.AzureTests.AreXPathNavigatorsEqual(XPathNavigator nav1, XPathNavigator nav2, String message) in C:\src\nodejstools\Nodejs\Tests\Core\AzureTests.cs:line 166
   at NodejsTests.AzureTests.AreEqual(XmlDocument expected, XmlDocument actual, String message) in C:\src\nodejstools\Nodejs\Tests\Core\AzureTests.cs:line 114
   at NodejsTests.AzureTests.AreEqual(String expected, XmlDocument actual, String message) in C:\src\nodejstools\Nodejs\Tests\Core\AzureTests.cs:line 110
   at NodejsTests.AzureTests.UpdateWorkerRoleServiceDefinitionTest() in C:\src\nodejstools\Nodejs\Tests\Core\AzureTests.cs:line 43
</StackTrace>
        </ErrorInfo>
      </Output>
    </UnitTestResult>
    <UnitTestResult executionId="77bb604a-bb03-4816-b93d-eb49936187dd" testId="ba673057-1818-4b15-c540-2307484bb8a9" testName="UpdateWebRoleServiceDefinitionTest" computerName="DESKTOP-RRA95A8" duration="00:00:00.0004893" startTime="2016-01-24T03:04:31.3576325-08:00" endTime="2016-01-24T03:04:31.3595948-08:00" testType="13cdc9d9-ddb5-4fa4-a97d-d965ccfc6d4b" outcome="Passed" testListId="8c84fa94-04c1-424b-9868-57a2d4851a1d" relativeResultsDirectory="77bb604a-bb03-4816-b93d-eb49936187dd">
      <Output>
        <StdOut>&lt;?xml version="1.0" encoding="utf-8"?&gt;&lt;ServiceDefinition name="Azure1" xmlns="http://schemas.microsoft.com/ServiceHosting/2008/10/ServiceDefinition" schemaVersion="2014-01.2.3"&gt;&lt;WorkerRole name="WorkerProject" vmsize="Small" /&gt;&lt;WebRole name="WebProject"&gt;&lt;Startup&gt;&lt;Task commandLine="setup_web.cmd &amp;gt; log.txt" executionContext="elevated" taskType="simple"&gt;&lt;Environment&gt;&lt;Variable name="EMULATED"&gt;&lt;RoleInstanceValue xpath="/RoleEnvironment/Deployment/@emulated" /&gt;&lt;/Variable&gt;&lt;Variable name="RUNTIMEID" value="node" /&gt;&lt;Variable name="RUNTIMEURL" value="http://az413943.vo.msecnd.net/node/0.10.21.exe;http://nodertncu.blob.core.windows.net/iisnode/0.1.21.exe" /&gt;&lt;/Environment&gt;&lt;/Task&gt;&lt;/Startup&gt;&lt;/WebRole&gt;&lt;/ServiceDefinition&gt;</StdOut>
      </Output>
    </UnitTestResult>
    <UnitTestResult executionId="0c452418-eaec-465e-9c87-ddc9c26ce8b5" testId="f0fae82f-9605-bb61-42c9-0ab6d9ab3188" testName="CheckNodeExeEnvironmentResolution" computerName="DESKTOP-RRA95A8" duration="00:00:00.0017383" startTime="2016-01-24T03:04:31.3635201-08:00" endTime="2016-01-24T03:04:31.3664648-08:00" testType="13cdc9d9-ddb5-4fa4-a97d-d965ccfc6d4b" outcome="Passed" testListId="8c84fa94-04c1-424b-9868-57a2d4851a1d" relativeResultsDirectory="0c452418-eaec-465e-9c87-ddc9c26ce8b5" />
    <UnitTestResult executionId="a74e7da9-bb2e-427f-941d-774a5112646d" testId="2533a5c7-86b7-3247-3f04-f3092813e4b1" testName="CheckRelativeNodeExePathResolution" computerName="DESKTOP-RRA95A8" duration="00:00:00.0025446" startTime="2016-01-24T03:04:31.3694084-08:00" endTime="2016-01-24T03:04:31.3733341-08:00" testType="13cdc9d9-ddb5-4fa4-a97d-d965ccfc6d4b" outcome="Passed" testListId="8c84fa94-04c1-424b-9868-57a2d4851a1d" relativeResultsDirectory="a74e7da9-bb2e-427f-941d-774a5112646d" />
    <UnitTestResult executionId="74cc0fe8-5e71-48fd-9c25-4a3e6e221c9d" testId="a1b46be8-e049-2c30-c516-28c23ac9e4c7" testName="CheckAbsoluteNodeExePathResolution" computerName="DESKTOP-RRA95A8" duration="00:00:00.0002038" startTime="2016-01-24T03:04:31.3762781-08:00" endTime="2016-01-24T03:04:31.3792236-08:00" testType="13cdc9d9-ddb5-4fa4-a97d-d965ccfc6d4b" outcome="Passed" testListId="8c84fa94-04c1-424b-9868-57a2d4851a1d" relativeResultsDirectory="74cc0fe8-5e71-48fd-9c25-4a3e6e221c9d" />
    <UnitTestResult executionId="549783e3-9d36-48de-8b9d-803b90e7858a" testId="9988d422-6910-f7e6-cc6b-410e0299175d" testName="MultilineComment" computerName="DESKTOP-RRA95A8" duration="00:00:00.0653710" startTime="2016-01-24T03:04:31.3821658-08:00" endTime="2016-01-24T03:04:31.4507033-08:00" testType="13cdc9d9-ddb5-4fa4-a97d-d965ccfc6d4b" outcome="Passed" testListId="8c84fa94-04c1-424b-9868-57a2d4851a1d" relativeResultsDirectory="549783e3-9d36-48de-8b9d-803b90e7858a" />
    <UnitTestResult executionId="10aedf42-5be5-4214-ad5a-b2a6c151d79a" testId="161ca94d-abdf-b4a8-73fb-5f233d7073a9" testName="MultilineCommentCurrentLine" computerName="DESKTOP-RRA95A8" duration="00:00:00.0067701" startTime="2016-01-24T03:04:31.4546286-08:00" endTime="2016-01-24T03:04:31.4625106-08:00" testType="13cdc9d9-ddb5-4fa4-a97d-d965ccfc6d4b" outcome="Passed" testListId="8c84fa94-04c1-424b-9868-57a2d4851a1d" relativeResultsDirectory="10aedf42-5be5-4214-ad5a-b2a6c151d79a" />
    <UnitTestResult executionId="e4c6031d-f2a0-4d4d-bf29-76389adf50ea" testId="0f8ff81f-c78f-8a4f-7c54-2b25a4d92000" testName="MultilineCommentBlankLine" computerName="DESKTOP-RRA95A8" duration="00:00:00.0001994" startTime="2016-01-24T03:04:31.4664042-08:00" endTime="2016-01-24T03:04:31.4683928-08:00" testType="13cdc9d9-ddb5-4fa4-a97d-d965ccfc6d4b" outcome="Passed" testListId="8c84fa94-04c1-424b-9868-57a2d4851a1d" relativeResultsDirectory="e4c6031d-f2a0-4d4d-bf29-76389adf50ea" />
    <UnitTestResult executionId="4766db06-a652-4485-9eaa-9b503fc1f29a" testId="dbd69358-deb1-8c87-a6a3-f861bb71bb5f" testName="MultilineCommentOddIndenting" computerName="DESKTOP-RRA95A8" duration="00:00:00.0007125" startTime="2016-01-24T03:04:31.4722933-08:00" endTime="2016-01-24T03:04:31.4752366-08:00" testType="13cdc9d9-ddb5-4fa4-a97d-d965ccfc6d4b" outcome="Passed" testListId="8c84fa94-04c1-424b-9868-57a2d4851a1d" relativeResultsDirectory="4766db06-a652-4485-9eaa-9b503fc1f29a" />
    <UnitTestResult executionId="b53b7e65-e602-4e1a-b92e-5d4d4c1cd285" testId="09994ae3-4965-c68f-7bae-75163c7ffb9a" testName="MultilineCommentTabRemovalAndOddIndenting" computerName="DESKTOP-RRA95A8" duration="00:00:00.0001950" startTime="2016-01-24T03:04:31.4791634-08:00" endTime="2016-01-24T03:04:31.4811249-08:00" testType="13cdc9d9-ddb5-4fa4-a97d-d965ccfc6d4b" outcome="Passed" testListId="8c84fa94-04c1-424b-9868-57a2d4851a1d" relativeResultsDirectory="b53b7e65-e602-4e1a-b92e-5d4d4c1cd285" />
    <UnitTestResult executionId="be6c3779-2235-4544-91b1-fbd5ccc23cf6" testId="ba569b42-5a15-ce01-4aeb-88e27e18863e" testName="MultilineCommentAdjacentCommentsIndent" computerName="DESKTOP-RRA95A8" duration="00:00:00.0007056" startTime="2016-01-24T03:04:31.4850503-08:00" endTime="2016-01-24T03:04:31.4880198-08:00" testType="13cdc9d9-ddb5-4fa4-a97d-d965ccfc6d4b" outcome="Passed" testListId="8c84fa94-04c1-424b-9868-57a2d4851a1d" relativeResultsDirectory="be6c3779-2235-4544-91b1-fbd5ccc23cf6" />
    <UnitTestResult executionId="85ef3483-353c-4859-9b18-faa439a8986f" testId="93b156d6-6b28-9f4b-cac0-f6cb20b8a855" testName="MultilineCommentEmbeddedCommentsFormatting" computerName="DESKTOP-RRA95A8" duration="00:00:00.0003026" startTime="2016-01-24T03:04:31.4909390-08:00" endTime="2016-01-24T03:04:31.4939629-08:00" testType="13cdc9d9-ddb5-4fa4-a97d-d965ccfc6d4b" outcome="Passed" testListId="8c84fa94-04c1-424b-9868-57a2d4851a1d" relativeResultsDirectory="85ef3483-353c-4859-9b18-faa439a8986f" />
    <UnitTestResult executionId="d839a432-4197-42ea-85c6-0230603d3b75" testId="d53b6183-32af-cdf5-fbdd-78c97968184f" testName="MultilineCommentSingleLineCommentsUnaffected" computerName="DESKTOP-RRA95A8" duration="00:00:00.0004686" startTime="2016-01-24T03:04:31.4984439-08:00" endTime="2016-01-24T03:04:31.5009821-08:00" testType="13cdc9d9-ddb5-4fa4-a97d-d965ccfc6d4b" outcome="Passed" testListId="8c84fa94-04c1-424b-9868-57a2d4851a1d" relativeResultsDirectory="d839a432-4197-42ea-85c6-0230603d3b75" />
    <UnitTestResult executionId="f1036a08-9e43-4119-bb7d-37c1be6827b5" testId="514bf92e-84c3-6dda-6dd9-e9b18774c4eb" testName="TestCommentCurrentLine" computerName="DESKTOP-RRA95A8" duration="00:00:00.0061837" startTime="2016-01-24T03:04:31.5044603-08:00" endTime="2016-01-24T03:04:31.5131665-08:00" testType="13cdc9d9-ddb5-4fa4-a97d-d965ccfc6d4b" outcome="Failed" testListId="8c84fa94-04c1-424b-9868-57a2d4851a1d" relativeResultsDirectory="f1036a08-9e43-4119-bb7d-37c1be6827b5">
      <Output>
        <ErrorInfo>
          <Message>Test method NodejsTests.CommentBlockTests.TestCommentCurrentLine threw exception: 
System.NullReferenceException: Object reference not set to an instance of an object.</Message>
          <StackTrace>    at NodejsTests.CommentBlockTests.TestCommentCurrentLine() in C:\src\nodejstools\Nodejs\Tests\Core\CommentBlockTests.cs:line 27
</StackTrace>
        </ErrorInfo>
      </Output>
    </UnitTestResult>
    <UnitTestResult executionId="72453d51-50b4-430a-b393-6528f330e2a4" testId="791fb622-372e-8690-d340-c81a7980f7bc" testName="TestUnCommentCurrentLine" computerName="DESKTOP-RRA95A8" duration="00:00:00.0053971" startTime="2016-01-24T03:04:31.5170914-08:00" endTime="2016-01-24T03:04:31.5239611-08:00" testType="13cdc9d9-ddb5-4fa4-a97d-d965ccfc6d4b" outcome="Failed" testListId="8c84fa94-04c1-424b-9868-57a2d4851a1d" relativeResultsDirectory="72453d51-50b4-430a-b393-6528f330e2a4">
      <Output>
        <ErrorInfo>
          <Message>Test method NodejsTests.CommentBlockTests.TestUnCommentCurrentLine threw exception: 
System.NullReferenceException: Object reference not set to an instance of an object.</Message>
          <StackTrace>    at NodejsTests.CommentBlockTests.TestUnCommentCurrentLine() in C:\src\nodejstools\Nodejs\Tests\Core\CommentBlockTests.cs:line 50
</StackTrace>
        </ErrorInfo>
      </Output>
    </UnitTestResult>
    <UnitTestResult executionId="de40cf5e-b828-408a-8591-256641a38231" testId="6997a60b-f9e4-dc3f-9d05-b9d03fb73d78" testName="TestComment" computerName="DESKTOP-RRA95A8" duration="00:00:00.0023153" startTime="2016-01-24T03:04:31.5278854-08:00" endTime="2016-01-24T03:04:31.5327924-08:00" testType="13cdc9d9-ddb5-4fa4-a97d-d965ccfc6d4b" outcome="Failed" testListId="8c84fa94-04c1-424b-9868-57a2d4851a1d" relativeResultsDirectory="de40cf5e-b828-408a-8591-256641a38231">
      <Output>
        <ErrorInfo>
          <Message>Test method NodejsTests.CommentBlockTests.TestComment threw exception: 
System.NullReferenceException: Object reference not set to an instance of an object.</Message>
          <StackTrace>    at NodejsTests.CommentBlockTests.TestComment() in C:\src\nodejstools\Nodejs\Tests\Core\CommentBlockTests.cs:line 73
</StackTrace>
        </ErrorInfo>
      </Output>
    </UnitTestResult>
    <UnitTestResult executionId="0b35b55e-2e8e-495f-a49c-2e2b5e0f417b" testId="a0e04add-82db-014a-fbd7-9beb41e067af" testName="TestCommentEmptyLine" computerName="DESKTOP-RRA95A8" duration="00:00:00.0024144" startTime="2016-01-24T03:04:31.5357364-08:00" endTime="2016-01-24T03:04:31.5396621-08:00" testType="13cdc9d9-ddb5-4fa4-a97d-d965ccfc6d4b" outcome="Failed" testListId="8c84fa94-04c1-424b-9868-57a2d4851a1d" relativeResultsDirectory="0b35b55e-2e8e-495f-a49c-2e2b5e0f417b">
      <Output>
        <ErrorInfo>
          <Message>Test method NodejsTests.CommentBlockTests.TestCommentEmptyLine threw exception: 
System.NullReferenceException: Object reference not set to an instance of an object.</Message>
          <StackTrace>    at NodejsTests.CommentBlockTests.TestCommentEmptyLine() in C:\src\nodejstools\Nodejs\Tests\Core\CommentBlockTests.cs:line 91
</StackTrace>
        </ErrorInfo>
      </Output>
    </UnitTestResult>
    <UnitTestResult executionId="98fa8830-896e-4e8f-a886-e0cfb366f109" testId="a8e0c543-6ddf-047d-883c-e4c7f45c88a4" testName="TestCommentWhiteSpaceLine" computerName="DESKTOP-RRA95A8" duration="00:00:00.0026595" startTime="2016-01-24T03:04:31.5426061-08:00" endTime="2016-01-24T03:04:31.5465314-08:00" testType="13cdc9d9-ddb5-4fa4-a97d-d965ccfc6d4b" outcome="Failed" testListId="8c84fa94-04c1-424b-9868-57a2d4851a1d" relativeResultsDirectory="98fa8830-896e-4e8f-a886-e0cfb366f109">
      <Output>
        <ErrorInfo>
          <Message>Test method NodejsTests.CommentBlockTests.TestCommentWhiteSpaceLine threw exception: 
System.NullReferenceException: Object reference not set to an instance of an object.</Message>
          <StackTrace>    at NodejsTests.CommentBlockTests.TestCommentWhiteSpaceLine() in C:\src\nodejstools\Nodejs\Tests\Core\CommentBlockTests.cs:line 111
</StackTrace>
        </ErrorInfo>
      </Output>
    </UnitTestResult>
    <UnitTestResult executionId="fc5fce23-e976-4327-80e8-f74fb0173fa1" testId="d6c32294-fbde-6093-3bf4-be27c444c0aa" testName="TestCommentIndented" computerName="DESKTOP-RRA95A8" duration="00:00:00.0022824" startTime="2016-01-24T03:04:31.5494750-08:00" endTime="2016-01-24T03:04:31.5534007-08:00" testType="13cdc9d9-ddb5-4fa4-a97d-d965ccfc6d4b" outcome="Failed" testListId="8c84fa94-04c1-424b-9868-57a2d4851a1d" relativeResultsDirectory="fc5fce23-e976-4327-80e8-f74fb0173fa1">
      <Output>
        <ErrorInfo>
          <Message>Test method NodejsTests.CommentBlockTests.TestCommentIndented threw exception: 
System.NullReferenceException: Object reference not set to an instance of an object.</Message>
          <StackTrace>    at NodejsTests.CommentBlockTests.TestCommentIndented() in C:\src\nodejstools\Nodejs\Tests\Core\CommentBlockTests.cs:line 131
</StackTrace>
        </ErrorInfo>
      </Output>
    </UnitTestResult>
    <UnitTestResult executionId="d53a0073-92a9-49ab-98cb-e5e0bd9c60a4" testId="fa2426b8-924e-08ce-907b-b0d8feb658b3" testName="TestCommentIndentedBlankLine" computerName="DESKTOP-RRA95A8" duration="00:00:00.0023517" startTime="2016-01-24T03:04:31.5563447-08:00" endTime="2016-01-24T03:04:31.5602708-08:00" testType="13cdc9d9-ddb5-4fa4-a97d-d965ccfc6d4b" outcome="Failed" testListId="8c84fa94-04c1-424b-9868-57a2d4851a1d" relativeResultsDirectory="d53a0073-92a9-49ab-98cb-e5e0bd9c60a4">
      <Output>
        <ErrorInfo>
          <Message>Test method NodejsTests.CommentBlockTests.TestCommentIndentedBlankLine threw exception: 
System.NullReferenceException: Object reference not set to an instance of an object.</Message>
          <StackTrace>    at NodejsTests.CommentBlockTests.TestCommentIndentedBlankLine() in C:\src\nodejstools\Nodejs\Tests\Core\CommentBlockTests.cs:line 158
</StackTrace>
        </ErrorInfo>
      </Output>
    </UnitTestResult>
    <UnitTestResult executionId="ac3566f0-03f9-4d71-892e-8bee132f409e" testId="15f5e37a-06ec-2291-b251-9e7658acd688" testName="TestCommentBlankLine" computerName="DESKTOP-RRA95A8" duration="00:00:00.0022762" startTime="2016-01-24T03:04:31.5641947-08:00" endTime="2016-01-24T03:04:31.5681207-08:00" testType="13cdc9d9-ddb5-4fa4-a97d-d965ccfc6d4b" outcome="Failed" testListId="8c84fa94-04c1-424b-9868-57a2d4851a1d" relativeResultsDirectory="ac3566f0-03f9-4d71-892e-8bee132f409e">
      <Output>
        <ErrorInfo>
          <Message>Test method NodejsTests.CommentBlockTests.TestCommentBlankLine threw exception: 
System.NullReferenceException: Object reference not set to an instance of an object.</Message>
          <StackTrace>    at NodejsTests.CommentBlockTests.TestCommentBlankLine() in C:\src\nodejstools\Nodejs\Tests\Core\CommentBlockTests.cs:line 187
</StackTrace>
        </ErrorInfo>
      </Output>
    </UnitTestResult>
    <UnitTestResult executionId="bc664e48-9d6c-4c9a-b15d-16837f66341c" testId="91e921d4-6472-8b48-019f-ca3f5f2432a8" testName="TestCommentIndentedWhiteSpaceLine" computerName="DESKTOP-RRA95A8" duration="00:00:00.0022204" startTime="2016-01-24T03:04:31.5710643-08:00" endTime="2016-01-24T03:04:31.5740342-08:00" testType="13cdc9d9-ddb5-4fa4-a97d-d965ccfc6d4b" outcome="Failed" testListId="8c84fa94-04c1-424b-9868-57a2d4851a1d" relativeResultsDirectory="bc664e48-9d6c-4c9a-b15d-16837f66341c">
      <Output>
        <ErrorInfo>
          <Message>Test method NodejsTests.CommentBlockTests.TestCommentIndentedWhiteSpaceLine threw exception: 
System.NullReferenceException: Object reference not set to an instance of an object.</Message>
          <StackTrace>    at NodejsTests.CommentBlockTests.TestCommentIndentedWhiteSpaceLine() in C:\src\nodejstools\Nodejs\Tests\Core\CommentBlockTests.cs:line 204
</StackTrace>
        </ErrorInfo>
      </Output>
    </UnitTestResult>
    <UnitTestResult executionId="a9a5e632-be16-4ff0-bcf8-97835cf5ee0f" testId="46fecb5b-0e50-f5f4-17b4-b0a6f33c04f6" testName="TestUnCommentIndented" computerName="DESKTOP-RRA95A8" duration="00:00:00.0022073" startTime="2016-01-24T03:04:31.5769545-08:00" endTime="2016-01-24T03:04:31.5809043-08:00" testType="13cdc9d9-ddb5-4fa4-a97d-d965ccfc6d4b" outcome="Failed" testListId="8c84fa94-04c1-424b-9868-57a2d4851a1d" relativeResultsDirectory="a9a5e632-be16-4ff0-bcf8-97835cf5ee0f">
      <Output>
        <ErrorInfo>
          <Message>Test method NodejsTests.CommentBlockTests.TestUnCommentIndented threw exception: 
System.NullReferenceException: Object reference not set to an instance of an object.</Message>
          <StackTrace>    at NodejsTests.CommentBlockTests.TestUnCommentIndented() in C:\src\nodejstools\Nodejs\Tests\Core\CommentBlockTests.cs:line 233
</StackTrace>
        </ErrorInfo>
      </Output>
    </UnitTestResult>
    <UnitTestResult executionId="504d089d-7da0-459f-804e-1f0b85c32556" testId="785e1557-17c3-fe2c-2532-a1437f3ca7d7" testName="TestUnComment" computerName="DESKTOP-RRA95A8" duration="00:00:00.0022026" startTime="2016-01-24T03:04:31.5838476-08:00" endTime="2016-01-24T03:04:31.5877729-08:00" testType="13cdc9d9-ddb5-4fa4-a97d-d965ccfc6d4b" outcome="Failed" testListId="8c84fa94-04c1-424b-9868-57a2d4851a1d" relativeResultsDirectory="504d089d-7da0-459f-804e-1f0b85c32556">
      <Output>
        <ErrorInfo>
          <Message>Test method NodejsTests.CommentBlockTests.TestUnComment threw exception: 
System.NullReferenceException: Object reference not set to an instance of an object.</Message>
          <StackTrace>    at NodejsTests.CommentBlockTests.TestUnComment() in C:\src\nodejstools\Nodejs\Tests\Core\CommentBlockTests.cs:line 260
</StackTrace>
        </ErrorInfo>
      </Output>
    </UnitTestResult>
    <UnitTestResult executionId="5e22d147-515d-4514-8d8b-76f2228cbe33" testId="8ae9c903-52ca-43d2-e7a7-545627298d17" testName="TestCommentStartOfLastLine" computerName="DESKTOP-RRA95A8" duration="00:00:00.0025424" startTime="2016-01-24T03:04:31.5907161-08:00" endTime="2016-01-24T03:04:31.5951925-08:00" testType="13cdc9d9-ddb5-4fa4-a97d-d965ccfc6d4b" outcome="Failed" testListId="8c84fa94-04c1-424b-9868-57a2d4851a1d" relativeResultsDirectory="5e22d147-515d-4514-8d8b-76f2228cbe33">
      <Output>
        <ErrorInfo>
          <Message>Test method NodejsTests.CommentBlockTests.TestCommentStartOfLastLine threw exception: 
System.NullReferenceException: Object reference not set to an instance of an object.</Message>
          <StackTrace>    at NodejsTests.CommentBlockTests.TestCommentStartOfLastLine() in C:\src\nodejstools\Nodejs\Tests\Core\CommentBlockTests.cs:line 278
</StackTrace>
        </ErrorInfo>
      </Output>
    </UnitTestResult>
    <UnitTestResult executionId="c493c541-5862-44d3-b298-26f8f9fbb2f3" testId="dfbde3d5-b2f6-f36d-123d-479ede8e462f" testName="TestCommentAfterCodeIsNotUncommented" computerName="DESKTOP-RRA95A8" duration="00:00:00.0021905" startTime="2016-01-24T03:04:31.5981996-08:00" endTime="2016-01-24T03:04:31.6017351-08:00" testType="13cdc9d9-ddb5-4fa4-a97d-d965ccfc6d4b" outcome="Failed" testListId="8c84fa94-04c1-424b-9868-57a2d4851a1d" relativeResultsDirectory="c493c541-5862-44d3-b298-26f8f9fbb2f3">
      <Output>
        <ErrorInfo>
          <Message>Test method NodejsTests.CommentBlockTests.TestCommentAfterCodeIsNotUncommented threw exception: 
System.NullReferenceException: Object reference not set to an instance of an object.</Message>
          <StackTrace>    at NodejsTests.CommentBlockTests.TestCommentAfterCodeIsNotUncommented() in C:\src\nodejstools\Nodejs\Tests\Core\CommentBlockTests.cs:line 296
</StackTrace>
        </ErrorInfo>
      </Output>
    </UnitTestResult>
    <UnitTestResult executionId="f3670456-e36c-4b2d-8200-b71e4b437f53" testId="d848f353-b8a7-2963-4c38-1510ee30e3d6" testName="TypeScriptPortedTests" computerName="DESKTOP-RRA95A8" duration="00:00:00.2221449" startTime="2016-01-24T03:04:31.6047188-08:00" endTime="2016-01-24T03:04:31.8341445-08:00" testType="13cdc9d9-ddb5-4fa4-a97d-d965ccfc6d4b" outcome="Passed" testListId="8c84fa94-04c1-424b-9868-57a2d4851a1d" relativeResultsDirectory="f3670456-e36c-4b2d-8200-b71e4b437f53">
      <Output>
        <StdOut>function a() {
var b  =  0;//}
}
 if ( a[";"])
b++;
(function () {
    a({
        b: 0
    });

})();
if(1)if(1)if(1)if(1)x+=2;
function f(x){ return x }
while (f(true))
    y++;

throw     e;
return         1;
var x = [
    1,
    2,
    3
]
label1:
var a;
var b;

function a() {
function test() // test
{
if (test) // test
{
}
}
}
var obj = {
a:{
b:2,c:{
d: {
e: function f() {
return obj.a.c.d.e() +f();
}
}
}
}
};
{ var b;
}
var z =    {
a: 1};
for (var i = 0; i &lt; 10; i++)
   { var a
}
if (1)
     {
var a }
while (1)
      { var a
}
do
     { var a
}   while (1)
for (var a in b)
      { var a
}
with (x)
       { var a
}
try
        { var a
}
catch (e)
         { var a
}
finally
   {
}
switch (x)
     { case 1:   { var a }
}
function f()
       { var x
}
if(1)if(1)if(1)if(1){x+=2
}
switch (a){
    case 1: x += 2;
 case   2  : 
     for (var i=0;i&lt;10;i++)
i  --;
}

if (a   instanceof      b) { }
do               a++; while (0)
foo
(1, 2, 3)
if(1) //comment
{
}

x = [
    1,

]
for(var i=0;i&lt;10;i++){for(var j=0;j&lt;10;j++){j-=i}}
function f()
{
    for (a in b)
    a++;
}
switch (a){
case   1   :   x+=2 ;    break;
    case 2:{
    }
}

if (true) {
    
}
for(var j=0;j&lt;10;j++)
j-=i;
function a() {
    function b() {
        //

    }
}
foo(
)
function f() {
'use strict';
}
var x = function() {
//comment
return 1;
}
if (true)
// test
    test;
 var a  =  0 ;
var obj = {
a: {
b: 2, c: {
d: {
e: function f() {
return obj.a.c.d.e() + f();
}
}
}
}}
if (x!=1^y===2){   x+=2}
{
    try {
    } catch (e) {
    }
}
for (a      in          b) { }
 if ( a["}"])
b++;
$    (   document   )   .  ready  (   function   (   )   {   
    alert    (           "i am ready"  )   ;
           }                 );
function f() {
var s="string";
}
for(var i=0;i&lt;10;i++){for(var j=0;j&lt;10;j++){j-=i}}
function a()
{
}
 
function a() { 
    return; 
} 
 
foo(
1, 2, 3)
function Init() {
    var a = [[1, 2],
        [3, 4],

    ];
}

    //function start
    function abc() { }
    //function end

// JScript source code
function adder(a, b) {
    ///&lt;summary&gt;Adds two numbers &lt;/summary&gt;
    return a + b;
}

if(1)if(1)if(1)if(1){x+=2}
if (x!=1^y===2){   x+=2
}
var d = new     Date    ()
do {
}                       while (1 == 10);
string='string+=2';
try // comment
{
}
catch  (e) // comment
{
}
finally // comment
{
}

if (a)
test;
else if (b)
test;
foo(1, 2, 3
)

switch (a){
  case     1: x++;
}

switch (a) {
    case 1: b++;
        break;

    default: a++;
        break;
}
string='string+=2;'
switch   ( a )   {
    case 1: x+=2;
 case 2:{for(var i=0;i&lt;10;i++){ 
x+=2;}
    }
}
do{
for(var i=0;i&lt;10;i++)
i-=2;
}while(1!==1)
function f () //comment
{
}

function a(b) {
    var c = 0;
    if (b != null) {
        for (d in b) {
        }
   }
}
var x = {
//comment
a: 1
}
function f() {
    var x }
function add(a, b) { return a + b}
var a = function (b) {
b = 0;
}

if (
        test) {
                        a;
}

(function () {
    a({
        b: 0
    });
})();
function a() {
    /**/ }
function f() {
    var x; /*
       */ var y = 2;
}
foo  (1, 2, 3)
if (typeof      a == null);
void         x;
if (1)
    x++;
else             if (1)
    x--;
x = {
    get         foo        () {
    },
    set          foo        (val) {
    }
};</StdOut>
      </Output>
    </UnitTestResult>
    <UnitTestResult executionId="852b5046-cfee-4454-af3f-6e2eeef9d5d5" testId="87a293f2-78b0-3552-2793-acd8a39e843f" testName="ImportWizardSimple" computerName="DESKTOP-RRA95A8" duration="00:00:00.0996823" startTime="2016-01-24T03:04:31.8410113-08:00" endTime="2016-01-24T03:04:32.2044528-08:00" testType="13cdc9d9-ddb5-4fa4-a97d-d965ccfc6d4b" outcome="Passed" testListId="8c84fa94-04c1-424b-9868-57a2d4851a1d" relativeResultsDirectory="852b5046-cfee-4454-af3f-6e2eeef9d5d5" />
    <UnitTestResult executionId="9999d3de-898b-4601-b8de-191fdee93aa9" testId="21e5c0e8-d806-85e0-1dff-f371cfee8e60" testName="ImportWizardSimpleApp" computerName="DESKTOP-RRA95A8" duration="00:00:00.0615172" startTime="2016-01-24T03:04:32.2163170-08:00" endTime="2016-01-24T03:04:32.2810853-08:00" testType="13cdc9d9-ddb5-4fa4-a97d-d965ccfc6d4b" outcome="Passed" testListId="8c84fa94-04c1-424b-9868-57a2d4851a1d" relativeResultsDirectory="9999d3de-898b-4601-b8de-191fdee93aa9" />
    <UnitTestResult executionId="a4963f30-7c77-45ec-aac2-9392b1a9b761" testId="9cba4039-96ad-bdb2-0aa6-29ee6f4f910a" testName="ImportWizardSimpleOther" computerName="DESKTOP-RRA95A8" duration="00:00:00.0523599" startTime="2016-01-24T03:04:32.2840285-08:00" endTime="2016-01-24T03:04:32.3388274-08:00" testType="13cdc9d9-ddb5-4fa4-a97d-d965ccfc6d4b" outcome="Passed" testListId="8c84fa94-04c1-424b-9868-57a2d4851a1d" relativeResultsDirectory="a4963f30-7c77-45ec-aac2-9392b1a9b761" />
    <UnitTestResult executionId="f79d5232-457e-46ee-b71b-a60987c46a7b" testId="6e4974a9-f992-726a-79dc-33fe12aa9f47" testName="ImportWizardFiltered" computerName="DESKTOP-RRA95A8" duration="00:00:00.0613735" startTime="2016-01-24T03:04:32.3437334-08:00" endTime="2016-01-24T03:04:32.4083601-08:00" testType="13cdc9d9-ddb5-4fa4-a97d-d965ccfc6d4b" outcome="Passed" testListId="8c84fa94-04c1-424b-9868-57a2d4851a1d" relativeResultsDirectory="f79d5232-457e-46ee-b71b-a60987c46a7b" />
    <UnitTestResult executionId="acb97fe8-fcfb-4497-a9ff-5cbd07f13d22" testId="afc58a17-0356-b749-92c5-025e62d4306d" testName="ImportWizardFolders" computerName="DESKTOP-RRA95A8" duration="00:00:00.0220848" startTime="2016-01-24T03:04:32.4181778-08:00" endTime="2016-01-24T03:04:32.4436936-08:00" testType="13cdc9d9-ddb5-4fa4-a97d-d965ccfc6d4b" outcome="Passed" testListId="8c84fa94-04c1-424b-9868-57a2d4851a1d" relativeResultsDirectory="acb97fe8-fcfb-4497-a9ff-5cbd07f13d22" />
    <UnitTestResult executionId="9779fa07-2816-461d-9373-c75ba0ddd3d8" testId="164b1290-a3d2-2331-d50b-344d944ad2ec" testName="ImportWizardStartupFile" computerName="DESKTOP-RRA95A8" duration="00:00:00.0143268" startTime="2016-01-24T03:04:32.4515420-08:00" endTime="2016-01-24T03:04:32.4692064-08:00" testType="13cdc9d9-ddb5-4fa4-a97d-d965ccfc6d4b" outcome="Passed" testListId="8c84fa94-04c1-424b-9868-57a2d4851a1d" relativeResultsDirectory="9779fa07-2816-461d-9373-c75ba0ddd3d8" />
    <UnitTestResult executionId="a1d1524f-ba6a-4cb3-b934-5243c9d28bdd" testId="1655ff07-5029-105d-56df-a9128affa2e1" testName="ImportWizardIncludeNodeModules" computerName="DESKTOP-RRA95A8" duration="00:00:00.0089282" startTime="2016-01-24T03:04:32.4741254-08:00" endTime="2016-01-24T03:04:32.4858890-08:00" testType="13cdc9d9-ddb5-4fa4-a97d-d965ccfc6d4b" outcome="Passed" testListId="8c84fa94-04c1-424b-9868-57a2d4851a1d" relativeResultsDirectory="a1d1524f-ba6a-4cb3-b934-5243c9d28bdd" />
    <UnitTestResult executionId="eb102a99-d973-40b8-908b-962497f07dfc" testId="5caa7ae9-76d6-30f4-93c6-f19ff6274838" testName="ImportWizardExcludeNodeModules" computerName="DESKTOP-RRA95A8" duration="00:00:00.0078320" startTime="2016-01-24T03:04:32.4888323-08:00" endTime="2016-01-24T03:04:32.4992783-08:00" testType="13cdc9d9-ddb5-4fa4-a97d-d965ccfc6d4b" outcome="Passed" testListId="8c84fa94-04c1-424b-9868-57a2d4851a1d" relativeResultsDirectory="eb102a99-d973-40b8-908b-962497f07dfc" />
    <UnitTestResult executionId="1707b9e3-8575-456e-970d-17cca28f698d" testId="feb5ba39-a4b8-ce19-f51d-db4874cfe510" testName="ImportWizardExcludeDotPrefixedFolders" computerName="DESKTOP-RRA95A8" duration="00:00:00.0120246" startTime="2016-01-24T03:04:32.5027883-08:00" endTime="2016-01-24T03:04:32.5167111-08:00" testType="13cdc9d9-ddb5-4fa4-a97d-d965ccfc6d4b" outcome="Passed" testListId="8c84fa94-04c1-424b-9868-57a2d4851a1d" relativeResultsDirectory="1707b9e3-8575-456e-970d-17cca28f698d" />
    <UnitTestResult executionId="31ca2f25-ecc0-4618-a6bb-a9748ff995bf" testId="f5c2d67c-8748-2230-f4da-88e0b33c1666" testName="ImportWizardEmptyFolders" computerName="DESKTOP-RRA95A8" duration="00:00:00.0077091" startTime="2016-01-24T03:04:32.5196544-08:00" endTime="2016-01-24T03:04:32.5294680-08:00" testType="13cdc9d9-ddb5-4fa4-a97d-d965ccfc6d4b" outcome="Passed" testListId="8c84fa94-04c1-424b-9868-57a2d4851a1d" relativeResultsDirectory="31ca2f25-ecc0-4618-a6bb-a9748ff995bf" />
    <UnitTestResult executionId="fea8a39d-3b93-406c-a8ec-61372c4985eb" testId="bd367167-fdfb-d3d0-faec-2d07ba643bcc" testName="ImportWizardEmptyFoldersDontExcludeNodeModules" computerName="DESKTOP-RRA95A8" duration="00:00:00.0067001" startTime="2016-01-24T03:04:32.5333930-08:00" endTime="2016-01-24T03:04:32.5422257-08:00" testType="13cdc9d9-ddb5-4fa4-a97d-d965ccfc6d4b" outcome="Passed" testListId="8c84fa94-04c1-424b-9868-57a2d4851a1d" relativeResultsDirectory="fea8a39d-3b93-406c-a8ec-61372c4985eb" />
    <UnitTestResult executionId="7293c949-55c0-4c8a-86f1-ba84581cfd67" testId="2eddbfab-ea6c-a3de-314a-eb08b574b6d3" testName="ProjectFileAlreadyExists" computerName="DESKTOP-RRA95A8" duration="00:00:00.0556252" startTime="2016-01-24T03:04:32.5451694-08:00" endTime="2016-01-24T03:04:32.6033061-08:00" testType="13cdc9d9-ddb5-4fa4-a97d-d965ccfc6d4b" outcome="Passed" testListId="8c84fa94-04c1-424b-9868-57a2d4851a1d" relativeResultsDirectory="7293c949-55c0-4c8a-86f1-ba84581cfd67" />
    <UnitTestResult executionId="a2037824-84ac-4edf-b20e-12a7a6f38323" testId="af40ed3f-b85e-e3c0-1a4d-e2d03bce308c" testName="ImportWizardTypeScript" computerName="DESKTOP-RRA95A8" duration="00:00:00.0112238" startTime="2016-01-24T03:04:32.6083192-08:00" endTime="2016-01-24T03:04:32.6220619-08:00" testType="13cdc9d9-ddb5-4fa4-a97d-d965ccfc6d4b" outcome="Passed" testListId="8c84fa94-04c1-424b-9868-57a2d4851a1d" relativeResultsDirectory="a2037824-84ac-4edf-b20e-12a7a6f38323" />
    <UnitTestResult executionId="e3f2d462-31cc-4076-812b-de52f4c1a93d" testId="e03d48c0-9c82-2f1b-7632-7d5803468281" testName="JadeTokenizerTest_File01" computerName="DESKTOP-RRA95A8" duration="00:00:00.0392718" startTime="2016-01-24T03:04:32.6279491-08:00" endTime="2016-01-24T03:04:32.8916525-08:00" testType="13cdc9d9-ddb5-4fa4-a97d-d965ccfc6d4b" outcome="Failed" testListId="8c84fa94-04c1-424b-9868-57a2d4851a1d" relativeResultsDirectory="e3f2d462-31cc-4076-812b-de52f4c1a93d">
      <Output>
        <ErrorInfo>
          <Message>Assert.Fail failed. Test 001.jade.tokens has thrown an exception: Assert.AreEqual failed. Expected:&lt;0&gt;. Actual:&lt;1&gt;. 
Different at line 1
	Expected:	TagName [7...11]
	Actual:	TagName [6...10]
</Message>
          <StackTrace>   at NodejsTests.BaselineCompare.CompareFiles(String baselineFile, String actual, Boolean regenerateBaseline) in C:\src\nodejstools\Nodejs\Tests\Core\BaselineCompare.cs:line 90
   at NodejsTests.JadeTokenizerTest.TokenizeFile[TokenClass,TokenType](String fileName, ITokenizer`1 tokenizer, Boolean regenerateBaselineFiles) in C:\src\nodejstools\Nodejs\Tests\Core\JadeTests.cs:line 193
   at NodejsTests.JadeTokenizerTest.Tokenize(String fileName) in C:\src\nodejstools\Nodejs\Tests\Core\JadeTests.cs:line 155
   at NodejsTests.JadeTokenizerTest.JadeTokenizerTest_File01() in C:\src\nodejstools\Nodejs\Tests\Core\JadeTests.cs:line 40
</StackTrace>
        </ErrorInfo>
      </Output>
    </UnitTestResult>
    <UnitTestResult executionId="05d41792-867b-491c-bffd-94f5f2c5576f" testId="2e6942b2-b987-6a7b-cf44-ba9a9146eea4" testName="JadeTokenizerTest_File02" computerName="DESKTOP-RRA95A8" duration="00:00:00.0103734" startTime="2016-01-24T03:04:32.8971496-08:00" endTime="2016-01-24T03:04:32.9097855-08:00" testType="13cdc9d9-ddb5-4fa4-a97d-d965ccfc6d4b" outcome="Failed" testListId="8c84fa94-04c1-424b-9868-57a2d4851a1d" relativeResultsDirectory="05d41792-867b-491c-bffd-94f5f2c5576f">
      <Output>
        <ErrorInfo>
          <Message>Assert.Fail failed. Test 002.jade.tokens has thrown an exception: Assert.AreEqual failed. Expected:&lt;0&gt;. Actual:&lt;9&gt;. 
Different at line 9
	Expected:	TagName [52...54]
	Actual:	TagName [51...53]
</Message>
          <StackTrace>   at NodejsTests.BaselineCompare.CompareFiles(String baselineFile, String actual, Boolean regenerateBaseline) in C:\src\nodejstools\Nodejs\Tests\Core\BaselineCompare.cs:line 90
   at NodejsTests.JadeTokenizerTest.TokenizeFile[TokenClass,TokenType](String fileName, ITokenizer`1 tokenizer, Boolean regenerateBaselineFiles) in C:\src\nodejstools\Nodejs\Tests\Core\JadeTests.cs:line 193
   at NodejsTests.JadeTokenizerTest.Tokenize(String fileName) in C:\src\nodejstools\Nodejs\Tests\Core\JadeTests.cs:line 155
   at NodejsTests.JadeTokenizerTest.JadeTokenizerTest_File02() in C:\src\nodejstools\Nodejs\Tests\Core\JadeTests.cs:line 45
</StackTrace>
        </ErrorInfo>
      </Output>
    </UnitTestResult>
    <UnitTestResult executionId="7794c3c3-f8c5-4e70-9960-254e0fb9b101" testId="af81a5e7-d8be-6f61-3d39-0c1b497e0949" testName="JadeTokenizerTest_File03" computerName="DESKTOP-RRA95A8" duration="00:00:00.0077387" startTime="2016-01-24T03:04:32.9146925-08:00" endTime="2016-01-24T03:04:32.9235500-08:00" testType="13cdc9d9-ddb5-4fa4-a97d-d965ccfc6d4b" outcome="Failed" testListId="8c84fa94-04c1-424b-9868-57a2d4851a1d" relativeResultsDirectory="7794c3c3-f8c5-4e70-9960-254e0fb9b101">
      <Output>
        <ErrorInfo>
          <Message>Assert.Fail failed. Test 003.jade.tokens has thrown an exception: Assert.AreEqual failed. Expected:&lt;0&gt;. Actual:&lt;2&gt;. 
Different at line 2
	Expected:	TagName [41...46]
	Actual:	TagName [40...45]
</Message>
          <StackTrace>   at NodejsTests.BaselineCompare.CompareFiles(String baselineFile, String actual, Boolean regenerateBaseline) in C:\src\nodejstools\Nodejs\Tests\Core\BaselineCompare.cs:line 90
   at NodejsTests.JadeTokenizerTest.TokenizeFile[TokenClass,TokenType](String fileName, ITokenizer`1 tokenizer, Boolean regenerateBaselineFiles) in C:\src\nodejstools\Nodejs\Tests\Core\JadeTests.cs:line 193
   at NodejsTests.JadeTokenizerTest.Tokenize(String fileName) in C:\src\nodejstools\Nodejs\Tests\Core\JadeTests.cs:line 155
   at NodejsTests.JadeTokenizerTest.JadeTokenizerTest_File03() in C:\src\nodejstools\Nodejs\Tests\Core\JadeTests.cs:line 50
</StackTrace>
        </ErrorInfo>
      </Output>
    </UnitTestResult>
    <UnitTestResult executionId="ead84e66-1857-4b6a-86d8-834ce05cf36a" testId="f20ed462-d9ed-67a1-acff-dd7db3ec4b18" testName="JadeTokenizerTest_File04" computerName="DESKTOP-RRA95A8" duration="00:00:00.0069655" startTime="2016-01-24T03:04:32.9274494-08:00" endTime="2016-01-24T03:04:32.9362814-08:00" testType="13cdc9d9-ddb5-4fa4-a97d-d965ccfc6d4b" outcome="Failed" testListId="8c84fa94-04c1-424b-9868-57a2d4851a1d" relativeResultsDirectory="ead84e66-1857-4b6a-86d8-834ce05cf36a">
      <Output>
        <ErrorInfo>
          <Message>Assert.Fail failed. Test 004.jade.tokens has thrown an exception: Assert.AreEqual failed. Expected:&lt;0&gt;. Actual:&lt;2&gt;. 
Different at line 2
	Expected:	TagName [8...12]
	Actual:	TagName [7...11]
</Message>
          <StackTrace>   at NodejsTests.BaselineCompare.CompareFiles(String baselineFile, String actual, Boolean regenerateBaseline) in C:\src\nodejstools\Nodejs\Tests\Core\BaselineCompare.cs:line 90
   at NodejsTests.JadeTokenizerTest.TokenizeFile[TokenClass,TokenType](String fileName, ITokenizer`1 tokenizer, Boolean regenerateBaselineFiles) in C:\src\nodejstools\Nodejs\Tests\Core\JadeTests.cs:line 193
   at NodejsTests.JadeTokenizerTest.Tokenize(String fileName) in C:\src\nodejstools\Nodejs\Tests\Core\JadeTests.cs:line 155
   at NodejsTests.JadeTokenizerTest.JadeTokenizerTest_File04() in C:\src\nodejstools\Nodejs\Tests\Core\JadeTests.cs:line 55
</StackTrace>
        </ErrorInfo>
      </Output>
    </UnitTestResult>
    <UnitTestResult executionId="c9186374-8cbf-44d1-b5eb-d5ee97df094b" testId="6b9a611f-bc5d-0373-9643-f05ad38fb9cf" testName="JadeTokenizerTest_File05" computerName="DESKTOP-RRA95A8" duration="00:00:00.0078451" startTime="2016-01-24T03:04:32.9392254-08:00" endTime="2016-01-24T03:04:32.9480578-08:00" testType="13cdc9d9-ddb5-4fa4-a97d-d965ccfc6d4b" outcome="Failed" testListId="8c84fa94-04c1-424b-9868-57a2d4851a1d" relativeResultsDirectory="c9186374-8cbf-44d1-b5eb-d5ee97df094b">
      <Output>
        <ErrorInfo>
          <Message>Assert.Fail failed. Test 005.jade.tokens has thrown an exception: Assert.AreEqual failed. Expected:&lt;0&gt;. Actual:&lt;2&gt;. 
Different at line 2
	Expected:	TagKeyword [25...30]
	Actual:	TagKeyword [23...28]
</Message>
          <StackTrace>   at NodejsTests.BaselineCompare.CompareFiles(String baselineFile, String actual, Boolean regenerateBaseline) in C:\src\nodejstools\Nodejs\Tests\Core\BaselineCompare.cs:line 90
   at NodejsTests.JadeTokenizerTest.TokenizeFile[TokenClass,TokenType](String fileName, ITokenizer`1 tokenizer, Boolean regenerateBaselineFiles) in C:\src\nodejstools\Nodejs\Tests\Core\JadeTests.cs:line 193
   at NodejsTests.JadeTokenizerTest.Tokenize(String fileName) in C:\src\nodejstools\Nodejs\Tests\Core\JadeTests.cs:line 155
   at NodejsTests.JadeTokenizerTest.JadeTokenizerTest_File05() in C:\src\nodejstools\Nodejs\Tests\Core\JadeTests.cs:line 60
</StackTrace>
        </ErrorInfo>
      </Output>
    </UnitTestResult>
    <UnitTestResult executionId="70c42152-09f9-4652-a5bb-97c7929a1cf3" testId="4458c131-9244-ee47-d909-7b552fdf2064" testName="JadeTokenizerTest_File06" computerName="DESKTOP-RRA95A8" duration="00:00:00.0073970" startTime="2016-01-24T03:04:32.9519827-08:00" endTime="2016-01-24T03:04:32.9608457-08:00" testType="13cdc9d9-ddb5-4fa4-a97d-d965ccfc6d4b" outcome="Failed" testListId="8c84fa94-04c1-424b-9868-57a2d4851a1d" relativeResultsDirectory="70c42152-09f9-4652-a5bb-97c7929a1cf3">
      <Output>
        <ErrorInfo>
          <Message>Assert.Fail failed. Test 006.jade.tokens has thrown an exception: Assert.AreEqual failed. Expected:&lt;0&gt;. Actual:&lt;2&gt;. 
Different at line 2
	Expected:	TagName [13...16]
	Actual:	TagName [12...15]
</Message>
          <StackTrace>   at NodejsTests.BaselineCompare.CompareFiles(String baselineFile, String actual, Boolean regenerateBaseline) in C:\src\nodejstools\Nodejs\Tests\Core\BaselineCompare.cs:line 90
   at NodejsTests.JadeTokenizerTest.TokenizeFile[TokenClass,TokenType](String fileName, ITokenizer`1 tokenizer, Boolean regenerateBaselineFiles) in C:\src\nodejstools\Nodejs\Tests\Core\JadeTests.cs:line 193
   at NodejsTests.JadeTokenizerTest.Tokenize(String fileName) in C:\src\nodejstools\Nodejs\Tests\Core\JadeTests.cs:line 155
   at NodejsTests.JadeTokenizerTest.JadeTokenizerTest_File06() in C:\src\nodejstools\Nodejs\Tests\Core\JadeTests.cs:line 65
</StackTrace>
        </ErrorInfo>
      </Output>
    </UnitTestResult>
    <UnitTestResult executionId="ea04f747-59cf-422c-85c9-8a595bc654c0" testId="d1559594-10ef-b934-982b-8f790296b53a" testName="JadeTokenizerTest_File07" computerName="DESKTOP-RRA95A8" duration="00:00:00.0081121" startTime="2016-01-24T03:04:32.9637595-08:00" endTime="2016-01-24T03:04:32.9735735-08:00" testType="13cdc9d9-ddb5-4fa4-a97d-d965ccfc6d4b" outcome="Failed" testListId="8c84fa94-04c1-424b-9868-57a2d4851a1d" relativeResultsDirectory="ea04f747-59cf-422c-85c9-8a595bc654c0">
      <Output>
        <ErrorInfo>
          <Message>Assert.Fail failed. Test 007.jade.tokens has thrown an exception: Assert.AreEqual failed. Expected:&lt;0&gt;. Actual:&lt;11&gt;. 
Different at line 11
	Expected:	TagName [33...37]
	Actual:	TagName [31...35]
</Message>
          <StackTrace>   at NodejsTests.BaselineCompare.CompareFiles(String baselineFile, String actual, Boolean regenerateBaseline) in C:\src\nodejstools\Nodejs\Tests\Core\BaselineCompare.cs:line 90
   at NodejsTests.JadeTokenizerTest.TokenizeFile[TokenClass,TokenType](String fileName, ITokenizer`1 tokenizer, Boolean regenerateBaselineFiles) in C:\src\nodejstools\Nodejs\Tests\Core\JadeTests.cs:line 193
   at NodejsTests.JadeTokenizerTest.Tokenize(String fileName) in C:\src\nodejstools\Nodejs\Tests\Core\JadeTests.cs:line 155
   at NodejsTests.JadeTokenizerTest.JadeTokenizerTest_File07() in C:\src\nodejstools\Nodejs\Tests\Core\JadeTests.cs:line 70
</StackTrace>
        </ErrorInfo>
      </Output>
    </UnitTestResult>
    <UnitTestResult executionId="85bdf9ae-49c2-4f03-932d-372b621527f3" testId="f8487574-9691-389f-7409-9b2691cbcdde" testName="JadeTokenizerTest_File08" computerName="DESKTOP-RRA95A8" duration="00:00:00.0077904" startTime="2016-01-24T03:04:32.9765157-08:00" endTime="2016-01-24T03:04:32.9863290-08:00" testType="13cdc9d9-ddb5-4fa4-a97d-d965ccfc6d4b" outcome="Failed" testListId="8c84fa94-04c1-424b-9868-57a2d4851a1d" relativeResultsDirectory="85bdf9ae-49c2-4f03-932d-372b621527f3">
      <Output>
        <ErrorInfo>
          <Message>Assert.Fail failed. Test 008.jade.tokens has thrown an exception: Assert.AreEqual failed. Expected:&lt;0&gt;. Actual:&lt;1&gt;. 
Different at line 1
	Expected:	TagName [20...21]
	Actual:	TagName [19...20]
</Message>
          <StackTrace>   at NodejsTests.BaselineCompare.CompareFiles(String baselineFile, String actual, Boolean regenerateBaseline) in C:\src\nodejstools\Nodejs\Tests\Core\BaselineCompare.cs:line 90
   at NodejsTests.JadeTokenizerTest.TokenizeFile[TokenClass,TokenType](String fileName, ITokenizer`1 tokenizer, Boolean regenerateBaselineFiles) in C:\src\nodejstools\Nodejs\Tests\Core\JadeTests.cs:line 193
   at NodejsTests.JadeTokenizerTest.Tokenize(String fileName) in C:\src\nodejstools\Nodejs\Tests\Core\JadeTests.cs:line 155
   at NodejsTests.JadeTokenizerTest.JadeTokenizerTest_File08() in C:\src\nodejstools\Nodejs\Tests\Core\JadeTests.cs:line 75
</StackTrace>
        </ErrorInfo>
      </Output>
    </UnitTestResult>
    <UnitTestResult executionId="76191d7f-9348-4629-a17b-c3f745de59c2" testId="a2d5064e-36db-5248-7897-c8db3cd09ce0" testName="JadeTokenizerTest_File09" computerName="DESKTOP-RRA95A8" duration="00:00:00.0080698" startTime="2016-01-24T03:04:32.9892734-08:00" endTime="2016-01-24T03:04:33.0002660-08:00" testType="13cdc9d9-ddb5-4fa4-a97d-d965ccfc6d4b" outcome="Failed" testListId="8c84fa94-04c1-424b-9868-57a2d4851a1d" relativeResultsDirectory="76191d7f-9348-4629-a17b-c3f745de59c2">
      <Output>
        <ErrorInfo>
          <Message>Assert.Fail failed. Test 009.jade.tokens has thrown an exception: Assert.AreEqual failed. Expected:&lt;0&gt;. Actual:&lt;2&gt;. 
Different at line 2
	Expected:	TagName [8...10]
	Actual:	TagName [7...9]
</Message>
          <StackTrace>   at NodejsTests.BaselineCompare.CompareFiles(String baselineFile, String actual, Boolean regenerateBaseline) in C:\src\nodejstools\Nodejs\Tests\Core\BaselineCompare.cs:line 90
   at NodejsTests.JadeTokenizerTest.TokenizeFile[TokenClass,TokenType](String fileName, ITokenizer`1 tokenizer, Boolean regenerateBaselineFiles) in C:\src\nodejstools\Nodejs\Tests\Core\JadeTests.cs:line 193
   at NodejsTests.JadeTokenizerTest.Tokenize(String fileName) in C:\src\nodejstools\Nodejs\Tests\Core\JadeTests.cs:line 155
   at NodejsTests.JadeTokenizerTest.JadeTokenizerTest_File09() in C:\src\nodejstools\Nodejs\Tests\Core\JadeTests.cs:line 80
</StackTrace>
        </ErrorInfo>
      </Output>
    </UnitTestResult>
    <UnitTestResult executionId="6405d8fd-8db5-4deb-9367-5efac6d5d2de" testId="5ddcff6a-285f-c382-394a-52d4b8d6ee11" testName="JadeTokenizerTest_File10" computerName="DESKTOP-RRA95A8" duration="00:00:00.0082237" startTime="2016-01-24T03:04:33.0037749-08:00" endTime="2016-01-24T03:04:33.0141815-08:00" testType="13cdc9d9-ddb5-4fa4-a97d-d965ccfc6d4b" outcome="Failed" testListId="8c84fa94-04c1-424b-9868-57a2d4851a1d" relativeResultsDirectory="6405d8fd-8db5-4deb-9367-5efac6d5d2de">
      <Output>
        <ErrorInfo>
          <Message>Assert.Fail failed. Test 010.jade.tokens has thrown an exception: Assert.AreEqual failed. Expected:&lt;0&gt;. Actual:&lt;2&gt;. 
Different at line 2
	Expected:	TagName [16...26]
	Actual:	TagName [15...25]
</Message>
          <StackTrace>   at NodejsTests.BaselineCompare.CompareFiles(String baselineFile, String actual, Boolean regenerateBaseline) in C:\src\nodejstools\Nodejs\Tests\Core\BaselineCompare.cs:line 90
   at NodejsTests.JadeTokenizerTest.TokenizeFile[TokenClass,TokenType](String fileName, ITokenizer`1 tokenizer, Boolean regenerateBaselineFiles) in C:\src\nodejstools\Nodejs\Tests\Core\JadeTests.cs:line 193
   at NodejsTests.JadeTokenizerTest.Tokenize(String fileName) in C:\src\nodejstools\Nodejs\Tests\Core\JadeTests.cs:line 155
   at NodejsTests.JadeTokenizerTest.JadeTokenizerTest_File10() in C:\src\nodejstools\Nodejs\Tests\Core\JadeTests.cs:line 85
</StackTrace>
        </ErrorInfo>
      </Output>
    </UnitTestResult>
    <UnitTestResult executionId="44638fea-8d0e-4404-9250-0d357aa0291a" testId="d42a522d-4b8a-0bd7-dbff-47668548a918" testName="JadeTokenizerTest_File11" computerName="DESKTOP-RRA95A8" duration="00:00:00.0083254" startTime="2016-01-24T03:04:33.0171215-08:00" endTime="2016-01-24T03:04:33.0279494-08:00" testType="13cdc9d9-ddb5-4fa4-a97d-d965ccfc6d4b" outcome="Failed" testListId="8c84fa94-04c1-424b-9868-57a2d4851a1d" relativeResultsDirectory="44638fea-8d0e-4404-9250-0d357aa0291a">
      <Output>
        <ErrorInfo>
          <Message>Assert.Fail failed. Test 011.jade.tokens has thrown an exception: Assert.AreEqual failed. Expected:&lt;0&gt;. Actual:&lt;2&gt;. 
Different at line 2
	Expected:	TagName [10...14]
	Actual:	TagName [9...13]
</Message>
          <StackTrace>   at NodejsTests.BaselineCompare.CompareFiles(String baselineFile, String actual, Boolean regenerateBaseline) in C:\src\nodejstools\Nodejs\Tests\Core\BaselineCompare.cs:line 90
   at NodejsTests.JadeTokenizerTest.TokenizeFile[TokenClass,TokenType](String fileName, ITokenizer`1 tokenizer, Boolean regenerateBaselineFiles) in C:\src\nodejstools\Nodejs\Tests\Core\JadeTests.cs:line 193
   at NodejsTests.JadeTokenizerTest.Tokenize(String fileName) in C:\src\nodejstools\Nodejs\Tests\Core\JadeTests.cs:line 155
   at NodejsTests.JadeTokenizerTest.JadeTokenizerTest_File11() in C:\src\nodejstools\Nodejs\Tests\Core\JadeTests.cs:line 90
</StackTrace>
        </ErrorInfo>
      </Output>
    </UnitTestResult>
    <UnitTestResult executionId="5516d292-21f9-4020-81f9-adfa798e2019" testId="c0b5ceb1-5ff1-7350-6099-ebbd2797bb8b" testName="JadeTokenizerTest_File12" computerName="DESKTOP-RRA95A8" duration="00:00:00.0090712" startTime="2016-01-24T03:04:33.0328228-08:00" endTime="2016-01-24T03:04:33.0436193-08:00" testType="13cdc9d9-ddb5-4fa4-a97d-d965ccfc6d4b" outcome="Failed" testListId="8c84fa94-04c1-424b-9868-57a2d4851a1d" relativeResultsDirectory="5516d292-21f9-4020-81f9-adfa798e2019">
      <Output>
        <ErrorInfo>
          <Message>Assert.Fail failed. Test 012.jade.tokens has thrown an exception: Assert.AreEqual failed. Expected:&lt;0&gt;. Actual:&lt;2&gt;. 
Different at line 2
	Expected:	TagName [24...29]
	Actual:	TagName [22...27]
</Message>
          <StackTrace>   at NodejsTests.BaselineCompare.CompareFiles(String baselineFile, String actual, Boolean regenerateBaseline) in C:\src\nodejstools\Nodejs\Tests\Core\BaselineCompare.cs:line 90
   at NodejsTests.JadeTokenizerTest.TokenizeFile[TokenClass,TokenType](String fileName, ITokenizer`1 tokenizer, Boolean regenerateBaselineFiles) in C:\src\nodejstools\Nodejs\Tests\Core\JadeTests.cs:line 193
   at NodejsTests.JadeTokenizerTest.Tokenize(String fileName) in C:\src\nodejstools\Nodejs\Tests\Core\JadeTests.cs:line 155
   at NodejsTests.JadeTokenizerTest.JadeTokenizerTest_File12() in C:\src\nodejstools\Nodejs\Tests\Core\JadeTests.cs:line 95
</StackTrace>
        </ErrorInfo>
      </Output>
    </UnitTestResult>
    <UnitTestResult executionId="5192a6c7-3930-497e-893e-191ecafbc305" testId="770bebd6-6c78-f987-e771-de85b68597f7" testName="JadeTokenizerTest_File13" computerName="DESKTOP-RRA95A8" duration="00:00:00.0069076" startTime="2016-01-24T03:04:33.0495059-08:00" endTime="2016-01-24T03:04:33.0583386-08:00" testType="13cdc9d9-ddb5-4fa4-a97d-d965ccfc6d4b" outcome="Failed" testListId="8c84fa94-04c1-424b-9868-57a2d4851a1d" relativeResultsDirectory="5192a6c7-3930-497e-893e-191ecafbc305">
      <Output>
        <ErrorInfo>
          <Message>Assert.Fail failed. Test 013.jade.tokens has thrown an exception: Assert.AreEqual failed. Expected:&lt;0&gt;. Actual:&lt;2&gt;. 
Different at line 2
	Expected:	TagName [23...25]
	Actual:	TagName [22...24]
</Message>
          <StackTrace>   at NodejsTests.BaselineCompare.CompareFiles(String baselineFile, String actual, Boolean regenerateBaseline) in C:\src\nodejstools\Nodejs\Tests\Core\BaselineCompare.cs:line 90
   at NodejsTests.JadeTokenizerTest.TokenizeFile[TokenClass,TokenType](String fileName, ITokenizer`1 tokenizer, Boolean regenerateBaselineFiles) in C:\src\nodejstools\Nodejs\Tests\Core\JadeTests.cs:line 193
   at NodejsTests.JadeTokenizerTest.Tokenize(String fileName) in C:\src\nodejstools\Nodejs\Tests\Core\JadeTests.cs:line 155
   at NodejsTests.JadeTokenizerTest.JadeTokenizerTest_File13() in C:\src\nodejstools\Nodejs\Tests\Core\JadeTests.cs:line 100
</StackTrace>
        </ErrorInfo>
      </Output>
    </UnitTestResult>
    <UnitTestResult executionId="bf6a1c3a-4b5f-4e80-aaf9-14cc014575ba" testId="044b1f02-56f2-ca97-1549-024293696e79" testName="JadeTokenizerTest_File14" computerName="DESKTOP-RRA95A8" duration="00:00:00.0076384" startTime="2016-01-24T03:04:33.0622632-08:00" endTime="2016-01-24T03:04:33.0720761-08:00" testType="13cdc9d9-ddb5-4fa4-a97d-d965ccfc6d4b" outcome="Failed" testListId="8c84fa94-04c1-424b-9868-57a2d4851a1d" relativeResultsDirectory="bf6a1c3a-4b5f-4e80-aaf9-14cc014575ba">
      <Output>
        <ErrorInfo>
          <Message>Assert.Fail failed. Test 014.jade.tokens has thrown an exception: Assert.AreEqual failed. Expected:&lt;0&gt;. Actual:&lt;2&gt;. 
Different at line 2
	Expected:	Filter [8...17]
	Actual:	Filter [7...16]
</Message>
          <StackTrace>   at NodejsTests.BaselineCompare.CompareFiles(String baselineFile, String actual, Boolean regenerateBaseline) in C:\src\nodejstools\Nodejs\Tests\Core\BaselineCompare.cs:line 90
   at NodejsTests.JadeTokenizerTest.TokenizeFile[TokenClass,TokenType](String fileName, ITokenizer`1 tokenizer, Boolean regenerateBaselineFiles) in C:\src\nodejstools\Nodejs\Tests\Core\JadeTests.cs:line 193
   at NodejsTests.JadeTokenizerTest.Tokenize(String fileName) in C:\src\nodejstools\Nodejs\Tests\Core\JadeTests.cs:line 155
   at NodejsTests.JadeTokenizerTest.JadeTokenizerTest_File14() in C:\src\nodejstools\Nodejs\Tests\Core\JadeTests.cs:line 105
</StackTrace>
        </ErrorInfo>
      </Output>
    </UnitTestResult>
    <UnitTestResult executionId="f3672072-c1fc-4a73-a679-d9920a82fb5f" testId="d7c0501a-19e3-71b9-d7da-2d74f90bd3da" testName="JadeTokenizerTest_File15" computerName="DESKTOP-RRA95A8" duration="00:00:00.0084556" startTime="2016-01-24T03:04:33.0750201-08:00" endTime="2016-01-24T03:04:33.0858155-08:00" testType="13cdc9d9-ddb5-4fa4-a97d-d965ccfc6d4b" outcome="Failed" testListId="8c84fa94-04c1-424b-9868-57a2d4851a1d" relativeResultsDirectory="f3672072-c1fc-4a73-a679-d9920a82fb5f">
      <Output>
        <ErrorInfo>
          <Message>Assert.Fail failed. Test 015.jade.tokens has thrown an exception: Assert.AreEqual failed. Expected:&lt;0&gt;. Actual:&lt;2&gt;. 
Different at line 2
	Expected:	TagName [10...14]
	Actual:	TagName [9...13]
</Message>
          <StackTrace>   at NodejsTests.BaselineCompare.CompareFiles(String baselineFile, String actual, Boolean regenerateBaseline) in C:\src\nodejstools\Nodejs\Tests\Core\BaselineCompare.cs:line 90
   at NodejsTests.JadeTokenizerTest.TokenizeFile[TokenClass,TokenType](String fileName, ITokenizer`1 tokenizer, Boolean regenerateBaselineFiles) in C:\src\nodejstools\Nodejs\Tests\Core\JadeTests.cs:line 193
   at NodejsTests.JadeTokenizerTest.Tokenize(String fileName) in C:\src\nodejstools\Nodejs\Tests\Core\JadeTests.cs:line 155
   at NodejsTests.JadeTokenizerTest.JadeTokenizerTest_File15() in C:\src\nodejstools\Nodejs\Tests\Core\JadeTests.cs:line 110
</StackTrace>
        </ErrorInfo>
      </Output>
    </UnitTestResult>
    <UnitTestResult executionId="10fc24df-886a-45f1-9fd7-39cb25e5c511" testId="9d347b17-bc37-1189-7e65-ca74118ddf09" testName="JadeTokenizerTest_File16" computerName="DESKTOP-RRA95A8" duration="00:00:00.0108212" startTime="2016-01-24T03:04:33.0887591-08:00" endTime="2016-01-24T03:04:33.1012120-08:00" testType="13cdc9d9-ddb5-4fa4-a97d-d965ccfc6d4b" outcome="Failed" testListId="8c84fa94-04c1-424b-9868-57a2d4851a1d" relativeResultsDirectory="10fc24df-886a-45f1-9fd7-39cb25e5c511">
      <Output>
        <ErrorInfo>
          <Message>Assert.Fail failed. Test 016.jade.tokens has thrown an exception: Assert.AreEqual failed. Expected:&lt;0&gt;. Actual:&lt;2&gt;. 
Different at line 2
	Expected:	TagName [8...12]
	Actual:	TagName [7...11]
</Message>
          <StackTrace>   at NodejsTests.BaselineCompare.CompareFiles(String baselineFile, String actual, Boolean regenerateBaseline) in C:\src\nodejstools\Nodejs\Tests\Core\BaselineCompare.cs:line 90
   at NodejsTests.JadeTokenizerTest.TokenizeFile[TokenClass,TokenType](String fileName, ITokenizer`1 tokenizer, Boolean regenerateBaselineFiles) in C:\src\nodejstools\Nodejs\Tests\Core\JadeTests.cs:line 193
   at NodejsTests.JadeTokenizerTest.Tokenize(String fileName) in C:\src\nodejstools\Nodejs\Tests\Core\JadeTests.cs:line 155
   at NodejsTests.JadeTokenizerTest.JadeTokenizerTest_File16() in C:\src\nodejstools\Nodejs\Tests\Core\JadeTests.cs:line 115
</StackTrace>
        </ErrorInfo>
      </Output>
    </UnitTestResult>
    <UnitTestResult executionId="f1b79e2c-f868-4426-9703-0ab24c5013fc" testId="0c074a0d-47df-489d-eabe-73c7df4bc683" testName="JadeTokenizerTest_File17" computerName="DESKTOP-RRA95A8" duration="00:00:00.0084855" startTime="2016-01-24T03:04:33.1047186-08:00" endTime="2016-01-24T03:04:33.1151012-08:00" testType="13cdc9d9-ddb5-4fa4-a97d-d965ccfc6d4b" outcome="Failed" testListId="8c84fa94-04c1-424b-9868-57a2d4851a1d" relativeResultsDirectory="f1b79e2c-f868-4426-9703-0ab24c5013fc">
      <Output>
        <ErrorInfo>
          <Message>Assert.Fail failed. Test 017.jade.tokens has thrown an exception: Assert.AreEqual failed. Expected:&lt;0&gt;. Actual:&lt;2&gt;. 
Different at line 2
	Expected:	TagName [7...11]
	Actual:	TagName [6...10]
</Message>
          <StackTrace>   at NodejsTests.BaselineCompare.CompareFiles(String baselineFile, String actual, Boolean regenerateBaseline) in C:\src\nodejstools\Nodejs\Tests\Core\BaselineCompare.cs:line 90
   at NodejsTests.JadeTokenizerTest.TokenizeFile[TokenClass,TokenType](String fileName, ITokenizer`1 tokenizer, Boolean regenerateBaselineFiles) in C:\src\nodejstools\Nodejs\Tests\Core\JadeTests.cs:line 193
   at NodejsTests.JadeTokenizerTest.Tokenize(String fileName) in C:\src\nodejstools\Nodejs\Tests\Core\JadeTests.cs:line 155
   at NodejsTests.JadeTokenizerTest.JadeTokenizerTest_File17() in C:\src\nodejstools\Nodejs\Tests\Core\JadeTests.cs:line 120
</StackTrace>
        </ErrorInfo>
      </Output>
    </UnitTestResult>
    <UnitTestResult executionId="efff542a-5f8e-426f-8f8a-283f53b56c83" testId="dcd56d1d-079b-d180-8d3f-d0ff256d75d8" testName="JadeTokenizerTest_File18" computerName="DESKTOP-RRA95A8" duration="00:00:00.0075096" startTime="2016-01-24T03:04:33.1180434-08:00" endTime="2016-01-24T03:04:33.1278563-08:00" testType="13cdc9d9-ddb5-4fa4-a97d-d965ccfc6d4b" outcome="Failed" testListId="8c84fa94-04c1-424b-9868-57a2d4851a1d" relativeResultsDirectory="efff542a-5f8e-426f-8f8a-283f53b56c83">
      <Output>
        <ErrorInfo>
          <Message>Assert.Fail failed. Test 018.jade.tokens has thrown an exception: Assert.AreEqual failed. Expected:&lt;0&gt;. Actual:&lt;2&gt;. 
Different at line 2
	Expected:	TagName [9...11]
	Actual:	TagName [8...10]
</Message>
          <StackTrace>   at NodejsTests.BaselineCompare.CompareFiles(String baselineFile, String actual, Boolean regenerateBaseline) in C:\src\nodejstools\Nodejs\Tests\Core\BaselineCompare.cs:line 90
   at NodejsTests.JadeTokenizerTest.TokenizeFile[TokenClass,TokenType](String fileName, ITokenizer`1 tokenizer, Boolean regenerateBaselineFiles) in C:\src\nodejstools\Nodejs\Tests\Core\JadeTests.cs:line 193
   at NodejsTests.JadeTokenizerTest.Tokenize(String fileName) in C:\src\nodejstools\Nodejs\Tests\Core\JadeTests.cs:line 155
   at NodejsTests.JadeTokenizerTest.JadeTokenizerTest_File18() in C:\src\nodejstools\Nodejs\Tests\Core\JadeTests.cs:line 125
</StackTrace>
        </ErrorInfo>
      </Output>
    </UnitTestResult>
    <UnitTestResult executionId="7cbf8eda-54eb-4e04-86b9-02309aac2cf5" testId="4d621791-bc91-3379-c0e4-109563875f56" testName="JadeTokenizerTest_File19" computerName="DESKTOP-RRA95A8" duration="00:00:00.0099580" startTime="2016-01-24T03:04:33.1317817-08:00" endTime="2016-01-24T03:04:33.1435587-08:00" testType="13cdc9d9-ddb5-4fa4-a97d-d965ccfc6d4b" outcome="Failed" testListId="8c84fa94-04c1-424b-9868-57a2d4851a1d" relativeResultsDirectory="7cbf8eda-54eb-4e04-86b9-02309aac2cf5">
      <Output>
        <ErrorInfo>
          <Message>Assert.Fail failed. Test 019.jade.tokens has thrown an exception: Assert.AreEqual failed. Expected:&lt;0&gt;. Actual:&lt;5&gt;. 
Different at line 5
	Expected:	TagName [23...31]
	Actual:	TagName [22...30]
</Message>
          <StackTrace>   at NodejsTests.BaselineCompare.CompareFiles(String baselineFile, String actual, Boolean regenerateBaseline) in C:\src\nodejstools\Nodejs\Tests\Core\BaselineCompare.cs:line 90
   at NodejsTests.JadeTokenizerTest.TokenizeFile[TokenClass,TokenType](String fileName, ITokenizer`1 tokenizer, Boolean regenerateBaselineFiles) in C:\src\nodejstools\Nodejs\Tests\Core\JadeTests.cs:line 193
   at NodejsTests.JadeTokenizerTest.Tokenize(String fileName) in C:\src\nodejstools\Nodejs\Tests\Core\JadeTests.cs:line 155
   at NodejsTests.JadeTokenizerTest.JadeTokenizerTest_File19() in C:\src\nodejstools\Nodejs\Tests\Core\JadeTests.cs:line 130
</StackTrace>
        </ErrorInfo>
      </Output>
    </UnitTestResult>
    <UnitTestResult executionId="95d79446-2c69-442f-bd0c-e8b4a36a7f8b" testId="d70e3482-561e-a061-36fb-6c0b7593afce" testName="JadeTokenizerTest_File20" computerName="DESKTOP-RRA95A8" duration="00:00:00.0065155" startTime="2016-01-24T03:04:33.1474830-08:00" endTime="2016-01-24T03:04:33.1553336-08:00" testType="13cdc9d9-ddb5-4fa4-a97d-d965ccfc6d4b" outcome="Failed" testListId="8c84fa94-04c1-424b-9868-57a2d4851a1d" relativeResultsDirectory="95d79446-2c69-442f-bd0c-e8b4a36a7f8b">
      <Output>
        <ErrorInfo>
          <Message>Assert.Fail failed. Test 020.jade.tokens has thrown an exception: Assert.AreEqual failed. Expected:&lt;0&gt;. Actual:&lt;2&gt;. 
Different at line 2
	Expected:	TagName [8...13]
	Actual:	TagName [7...12]
</Message>
          <StackTrace>   at NodejsTests.BaselineCompare.CompareFiles(String baselineFile, String actual, Boolean regenerateBaseline) in C:\src\nodejstools\Nodejs\Tests\Core\BaselineCompare.cs:line 90
   at NodejsTests.JadeTokenizerTest.TokenizeFile[TokenClass,TokenType](String fileName, ITokenizer`1 tokenizer, Boolean regenerateBaselineFiles) in C:\src\nodejstools\Nodejs\Tests\Core\JadeTests.cs:line 193
   at NodejsTests.JadeTokenizerTest.Tokenize(String fileName) in C:\src\nodejstools\Nodejs\Tests\Core\JadeTests.cs:line 155
   at NodejsTests.JadeTokenizerTest.JadeTokenizerTest_File20() in C:\src\nodejstools\Nodejs\Tests\Core\JadeTests.cs:line 135
</StackTrace>
        </ErrorInfo>
      </Output>
    </UnitTestResult>
    <UnitTestResult executionId="56839fcf-741a-46db-9f4a-5f5ef046e0f6" testId="82329283-b9e5-f1c0-3ad4-b7aeb74c6c21" testName="JadeTokenizerTest_File21" computerName="DESKTOP-RRA95A8" duration="00:00:00.0070057" startTime="2016-01-24T03:04:33.1582776-08:00" endTime="2016-01-24T03:04:33.1671096-08:00" testType="13cdc9d9-ddb5-4fa4-a97d-d965ccfc6d4b" outcome="Failed" testListId="8c84fa94-04c1-424b-9868-57a2d4851a1d" relativeResultsDirectory="56839fcf-741a-46db-9f4a-5f5ef046e0f6">
      <Output>
        <ErrorInfo>
          <Message>Assert.Fail failed. Test 021.jade.tokens has thrown an exception: Assert.AreEqual failed. Expected:&lt;0&gt;. Actual:&lt;2&gt;. 
Different at line 2
	Expected:	TagKeyword [8...13]
	Actual:	TagKeyword [7...12]
</Message>
          <StackTrace>   at NodejsTests.BaselineCompare.CompareFiles(String baselineFile, String actual, Boolean regenerateBaseline) in C:\src\nodejstools\Nodejs\Tests\Core\BaselineCompare.cs:line 90
   at NodejsTests.JadeTokenizerTest.TokenizeFile[TokenClass,TokenType](String fileName, ITokenizer`1 tokenizer, Boolean regenerateBaselineFiles) in C:\src\nodejstools\Nodejs\Tests\Core\JadeTests.cs:line 193
   at NodejsTests.JadeTokenizerTest.Tokenize(String fileName) in C:\src\nodejstools\Nodejs\Tests\Core\JadeTests.cs:line 155
   at NodejsTests.JadeTokenizerTest.JadeTokenizerTest_File21() in C:\src\nodejstools\Nodejs\Tests\Core\JadeTests.cs:line 140
</StackTrace>
        </ErrorInfo>
      </Output>
    </UnitTestResult>
    <UnitTestResult executionId="6b8a7217-3db0-4c6b-8a89-5b123ad82ea3" testId="e2dbda5a-af90-eb21-14c9-7154d982fe94" testName="JadeTokenizerTest_File22" computerName="DESKTOP-RRA95A8" duration="00:00:00.0043844" startTime="2016-01-24T03:04:33.1700533-08:00" endTime="2016-01-24T03:04:33.1759416-08:00" testType="13cdc9d9-ddb5-4fa4-a97d-d965ccfc6d4b" outcome="Passed" testListId="8c84fa94-04c1-424b-9868-57a2d4851a1d" relativeResultsDirectory="6b8a7217-3db0-4c6b-8a89-5b123ad82ea3" />
    <UnitTestResult executionId="1ff5840c-983a-478b-ad9a-9dddb972e3c2" testId="73118bf3-1233-16a8-5bcb-2042402586dd" testName="JadeTokenizerTest_File23" computerName="DESKTOP-RRA95A8" duration="00:00:00.0067796" startTime="2016-01-24T03:04:33.1798680-08:00" endTime="2016-01-24T03:04:33.1886997-08:00" testType="13cdc9d9-ddb5-4fa4-a97d-d965ccfc6d4b" outcome="Failed" testListId="8c84fa94-04c1-424b-9868-57a2d4851a1d" relativeResultsDirectory="1ff5840c-983a-478b-ad9a-9dddb972e3c2">
      <Output>
        <ErrorInfo>
          <Message>Assert.Fail failed. Test 023.jade.tokens has thrown an exception: Assert.AreEqual failed. Expected:&lt;0&gt;. Actual:&lt;2&gt;. 
Different at line 2
	Expected:	ClassLiteral [19...29]
	Actual:	ClassLiteral [18...28]
</Message>
          <StackTrace>   at NodejsTests.BaselineCompare.CompareFiles(String baselineFile, String actual, Boolean regenerateBaseline) in C:\src\nodejstools\Nodejs\Tests\Core\BaselineCompare.cs:line 90
   at NodejsTests.JadeTokenizerTest.TokenizeFile[TokenClass,TokenType](String fileName, ITokenizer`1 tokenizer, Boolean regenerateBaselineFiles) in C:\src\nodejstools\Nodejs\Tests\Core\JadeTests.cs:line 193
   at NodejsTests.JadeTokenizerTest.Tokenize(String fileName) in C:\src\nodejstools\Nodejs\Tests\Core\JadeTests.cs:line 155
   at NodejsTests.JadeTokenizerTest.JadeTokenizerTest_File23() in C:\src\nodejstools\Nodejs\Tests\Core\JadeTests.cs:line 150
</StackTrace>
        </ErrorInfo>
      </Output>
    </UnitTestResult>
    <UnitTestResult executionId="6ff5fdaa-6f21-43df-b418-87ed5e63ba6f" testId="6c4b9d41-f393-6231-be3f-5d7cc67c90ff" testName="LaunchWebBrowserUriTests" computerName="DESKTOP-RRA95A8" duration="00:00:00.0009572" startTime="2016-01-24T03:04:33.1916433-08:00" endTime="2016-01-24T03:04:33.1941318-08:00" testType="13cdc9d9-ddb5-4fa4-a97d-d965ccfc6d4b" outcome="Passed" testListId="8c84fa94-04c1-424b-9868-57a2d4851a1d" relativeResultsDirectory="6ff5fdaa-6f21-43df-b418-87ed5e63ba6f">
      <Output>
        <StdOut>/fob 0 == http://localhost:0/fob
http://localhost:9999/fob 9999 == http://localhost:9999/fob
http://localhost/fob 9999 == http://localhost:9999/fob
fob 9999 == http://localhost:9999/fob
/hello/world 367 == http://localhost:367/hello/world</StdOut>
      </Output>
    </UnitTestResult>
    <UnitTestResult executionId="c739d04c-9c41-49a5-b532-311aea632325" testId="26581296-23f8-2992-ab8a-ffeccde69deb" testName="UpgradeEnvironmentVariables" computerName="DESKTOP-RRA95A8" duration="00:00:00.0318617" startTime="2016-01-24T03:04:33.1976414-08:00" endTime="2016-01-24T03:04:33.4546709-08:00" testType="13cdc9d9-ddb5-4fa4-a97d-d965ccfc6d4b" outcome="Failed" testListId="8c84fa94-04c1-424b-9868-57a2d4851a1d" relativeResultsDirectory="c739d04c-9c41-49a5-b532-311aea632325">
      <Output>
        <ErrorInfo>
          <Message>Assert.AreEqual failed. Expected:&lt;9092aa53-fb77-4645-b42d-1ccca6bd08bd&gt;. Actual:&lt;00000000-0000-0000-0000-000000000000&gt;. </Message>
          <StackTrace>   at NodejsTests.ProjectUpgradeTests.UpgradeEnvironmentVariables() in C:\src\nodejstools\Nodejs\Tests\Core\ProjectUpgradeTests.cs:line 69
</StackTrace>
        </ErrorInfo>
      </Output>
    </UnitTestResult>
    <UnitTestResult executionId="72bfe7f8-7e8a-4c67-bb67-54f842f0fa09" testId="719ce86e-81c4-4ef5-cd14-e2ed5d1f733f" testName="TestPathRelative" computerName="DESKTOP-RRA95A8" duration="00:00:01.2845177" startTime="2016-01-24T03:04:33.4625238-08:00" endTime="2016-01-24T03:04:34.7495541-08:00" testType="13cdc9d9-ddb5-4fa4-a97d-d965ccfc6d4b" outcome="Passed" testListId="8c84fa94-04c1-424b-9868-57a2d4851a1d" relativeResultsDirectory="72bfe7f8-7e8a-4c67-bb67-54f842f0fa09">
      <Output>
        <StdOut>C:\Users\Itani\AppData\Local\Temp\tmpC762.tmp
cwd C:\Users\Itani\AppData\Local\Temp
got , expected 
cwd C:\Users\Itani\AppData\Local\Temp
got email, expected email
cwd C:\Users\Itani\AppData\Local\Temp
got Users\Itani\AppData\Local\Temp, expected Users\Itani\AppData\Local\Temp
cwd C:\Users\Itani\AppData\Local\Temp
got Users\Itani\AppData\Local\Temp\email, expected Users\Itani\AppData\Local\Temp\email
cwd C:\Users\Itani\AppData\Local\Temp
got , expected 
cwd C:\Users\Itani\AppData\Local\Temp
got email, expected email
cwd C:\Users\Itani\AppData\Local\Temp
got D:\Users\Itani\AppData\Local\Temp, expected D:\Users\Itani\AppData\Local\Temp
cwd C:\Users\Itani\AppData\Local\Temp
got D:\Users\Itani\AppData\Local\Temp\email, expected D:\Users\Itani\AppData\Local\Temp\email
cwd C:\Users\Itani\AppData\Local\Temp
got D:\Users\Itani\AppData\Local\Temp, expected D:\Users\Itani\AppData\Local\Temp
cwd C:\Users\Itani\AppData\Local\Temp
got D:\Users\Itani\AppData\Local\Temp\email, expected D:\Users\Itani\AppData\Local\Temp\email
cwd C:\Users\Itani\AppData\Local\Temp
got ..\..\..\..\.., expected ..\..\..\..\..
cwd C:\Users\Itani\AppData\Local\Temp
got ..\..\..\..\..\email, expected ..\..\..\..\..\email
cwd C:\Users\Itani\AppData\Local\Temp
got , expected 
cwd C:\Users\Itani\AppData\Local\Temp
got email, expected email
cwd C:\Users\Itani\AppData\Local\Temp
got ..\..\..\..\.., expected ..\..\..\..\..
cwd C:\Users\Itani\AppData\Local\Temp
got ..\..\..\..\..\email, expected ..\..\..\..\..\email
cwd C:\Users\Itani\AppData\Local\Temp
got D:\Users\Itani\AppData\Local\Temp, expected D:\Users\Itani\AppData\Local\Temp
cwd C:\Users\Itani\AppData\Local\Temp
got D:\Users\Itani\AppData\Local\Temp\email, expected D:\Users\Itani\AppData\Local\Temp\email
cwd C:\Users\Itani\AppData\Local\Temp
got D:\Users\Itani\AppData\Local\Temp, expected D:\Users\Itani\AppData\Local\Temp
cwd C:\Users\Itani\AppData\Local\Temp
got D:\Users\Itani\AppData\Local\Temp\email, expected D:\Users\Itani\AppData\Local\Temp\email
cwd C:\Users\Itani\AppData\Local\Temp
got , expected 
cwd C:\Users\Itani\AppData\Local\Temp
got email, expected email
cwd C:\Users\Itani\AppData\Local\Temp
got Users\Itani\AppData\Local\Temp, expected Users\Itani\AppData\Local\Temp
cwd C:\Users\Itani\AppData\Local\Temp
got Users\Itani\AppData\Local\Temp\email, expected Users\Itani\AppData\Local\Temp\email
cwd C:\Users\Itani\AppData\Local\Temp
got , expected 
cwd C:\Users\Itani\AppData\Local\Temp
got email, expected email
cwd C:\Users\Itani\AppData\Local\Temp
got D:\Users\Itani\AppData\Local\Temp, expected D:\Users\Itani\AppData\Local\Temp
cwd C:\Users\Itani\AppData\Local\Temp
got D:\Users\Itani\AppData\Local\Temp\email, expected D:\Users\Itani\AppData\Local\Temp\email
cwd C:\Users\Itani\AppData\Local\Temp
got D:\Users\Itani\AppData\Local\Temp, expected D:\Users\Itani\AppData\Local\Temp
cwd C:\Users\Itani\AppData\Local\Temp
got D:\Users\Itani\AppData\Local\Temp\email, expected D:\Users\Itani\AppData\Local\Temp\email
cwd C:\Users\Itani\AppData\Local\Temp
got C:\Users\Itani\AppData\Local\Temp, expected C:\Users\Itani\AppData\Local\Temp
cwd C:\Users\Itani\AppData\Local\Temp
got C:\Users\Itani\AppData\Local\Temp\email, expected C:\Users\Itani\AppData\Local\Temp\email
cwd C:\Users\Itani\AppData\Local\Temp
got C:\Users\Itani\AppData\Local\Temp\Users\Itani\AppData\Local\Temp, expected C:\Users\Itani\AppData\Local\Temp\Users\Itani\AppData\Local\Temp
cwd C:\Users\Itani\AppData\Local\Temp
got C:\Users\Itani\AppData\Local\Temp\Users\Itani\AppData\Local\Temp\email, expected C:\Users\Itani\AppData\Local\Temp\Users\Itani\AppData\Local\Temp\email
cwd C:\Users\Itani\AppData\Local\Temp
got C:\Users\Itani\AppData\Local\Temp, expected C:\Users\Itani\AppData\Local\Temp
cwd C:\Users\Itani\AppData\Local\Temp
got C:\Users\Itani\AppData\Local\Temp\email, expected C:\Users\Itani\AppData\Local\Temp\email
cwd C:\Users\Itani\AppData\Local\Temp
got , expected 
cwd C:\Users\Itani\AppData\Local\Temp
got email, expected email
cwd C:\Users\Itani\AppData\Local\Temp
got , expected 
cwd C:\Users\Itani\AppData\Local\Temp
got email, expected email
cwd C:\Users\Itani\AppData\Local\Temp
got C:\Users\Itani\AppData\Local\Temp, expected C:\Users\Itani\AppData\Local\Temp
cwd C:\Users\Itani\AppData\Local\Temp
got C:\Users\Itani\AppData\Local\Temp\email, expected C:\Users\Itani\AppData\Local\Temp\email
cwd C:\Users\Itani\AppData\Local\Temp
got C:\Users\Itani\AppData\Local\Temp\Users\Itani\AppData\Local\Temp, expected C:\Users\Itani\AppData\Local\Temp\Users\Itani\AppData\Local\Temp
cwd C:\Users\Itani\AppData\Local\Temp
got C:\Users\Itani\AppData\Local\Temp\Users\Itani\AppData\Local\Temp\email, expected C:\Users\Itani\AppData\Local\Temp\Users\Itani\AppData\Local\Temp\email
cwd C:\Users\Itani\AppData\Local\Temp
got C:\Users\Itani\AppData\Local\Temp, expected C:\Users\Itani\AppData\Local\Temp
cwd C:\Users\Itani\AppData\Local\Temp
got C:\Users\Itani\AppData\Local\Temp\email, expected C:\Users\Itani\AppData\Local\Temp\email
cwd C:\Users\Itani\AppData\Local\Temp
got , expected 
cwd C:\Users\Itani\AppData\Local\Temp
got email, expected email
cwd C:\Users\Itani\AppData\Local\Temp
got , expected 
cwd C:\Users\Itani\AppData\Local\Temp
got email, expected email</StdOut>
      </Output>
    </UnitTestResult>
    <UnitTestResult executionId="79f22cf3-0097-4767-b944-97b9222f8959" testId="11c3b846-f1e6-e283-1145-b72bcb77f444" testName="TestPathNormalize" computerName="DESKTOP-RRA95A8" duration="00:00:01.1687150" startTime="2016-01-24T03:04:34.7554352-08:00" endTime="2016-01-24T03:04:35.9262165-08:00" testType="13cdc9d9-ddb5-4fa4-a97d-d965ccfc6d4b" outcome="Passed" testListId="8c84fa94-04c1-424b-9868-57a2d4851a1d" relativeResultsDirectory="79f22cf3-0097-4767-b944-97b9222f8959">
      <Output>
        <StdOut>C:\Users\Itani\AppData\Local\Temp\tmpCC73.tmp
cwd C:\Users\Itani\AppData\Local\Temp
got \bar, expected \bar</StdOut>
      </Output>
    </UnitTestResult>
    <UnitTestResult executionId="ce908928-5c5b-4c3f-9a79-56b44bce4cfc" testId="05ba0de4-8444-b0f5-01e1-4c2ff8335e56" testName="TestPathResolve" computerName="DESKTOP-RRA95A8" duration="00:00:01.1506138" startTime="2016-01-24T03:04:35.9311261-08:00" endTime="2016-01-24T03:04:37.0839911-08:00" testType="13cdc9d9-ddb5-4fa4-a97d-d965ccfc6d4b" outcome="Passed" testListId="8c84fa94-04c1-424b-9868-57a2d4851a1d" relativeResultsDirectory="ce908928-5c5b-4c3f-9a79-56b44bce4cfc">
      <Output>
        <StdOut>C:\Users\Itani\AppData\Local\Temp\tmpD108.tmp
cwd C:\Users\Itani\AppData\Local\Temp
got C:\tmp\subfile, expected C:\tmp\subfile</StdOut>
      </Output>
    </UnitTestResult>
    <UnitTestResult executionId="b3336e91-8f94-4ce4-b52c-1dc3535d4141" testId="d97b7660-9df4-4ca8-a8ee-4c87322452a6" testName="TestPathJoin" computerName="DESKTOP-RRA95A8" duration="00:00:04.6325835" startTime="2016-01-24T03:04:37.0878693-08:00" endTime="2016-01-24T03:04:41.7212618-08:00" testType="13cdc9d9-ddb5-4fa4-a97d-d965ccfc6d4b" outcome="Passed" testListId="8c84fa94-04c1-424b-9868-57a2d4851a1d" relativeResultsDirectory="b3336e91-8f94-4ce4-b52c-1dc3535d4141">
      <Output>
        <StdOut>C:\Users\Itani\AppData\Local\Temp\tmpD58E.tmp
cwd C:\Users\Itani\AppData\Local\Temp
got \foo\bar, expected \foo\bar
C:\Users\Itani\AppData\Local\Temp\tmpDA13.tmp
cwd C:\Users\Itani\AppData\Local\Temp
got \foo\bar, expected \foo\bar
C:\Users\Itani\AppData\Local\Temp\tmpDE98.tmp
cwd C:\Users\Itani\AppData\Local\Temp
got foo\bar, expected foo\bar
C:\Users\Itani\AppData\Local\Temp\tmpE31D.tmp
cwd C:\Users\Itani\AppData\Local\Temp
got foo\bar, expected foo\bar</StdOut>
      </Output>
    </UnitTestResult>
    <UnitTestResult executionId="43e0f731-dde5-4037-a2c0-66915aa5abc3" testId="018e2e89-c2fb-030e-b697-aa88236d060f" testName="TestNumber" computerName="DESKTOP-RRA95A8" duration="00:00:00.2530246" startTime="2016-01-24T03:04:41.7300522-08:00" endTime="2016-01-24T03:04:41.9878212-08:00" testType="13cdc9d9-ddb5-4fa4-a97d-d965ccfc6d4b" outcome="Passed" testListId="8c84fa94-04c1-424b-9868-57a2d4851a1d" relativeResultsDirectory="43e0f731-dde5-4037-a2c0-66915aa5abc3" />
    <UnitTestResult executionId="49807e3d-6545-4fec-98ee-5cffe0556fbe" testId="66bc3c40-f947-9b5d-2832-142e912f7d34" testName="TestRequire" computerName="DESKTOP-RRA95A8" duration="00:00:00.1524831" startTime="2016-01-24T03:04:41.9927272-08:00" endTime="2016-01-24T03:04:42.1471329-08:00" testType="13cdc9d9-ddb5-4fa4-a97d-d965ccfc6d4b" outcome="Passed" testListId="8c84fa94-04c1-424b-9868-57a2d4851a1d" relativeResultsDirectory="49807e3d-6545-4fec-98ee-5cffe0556fbe" />
    <UnitTestResult executionId="fcf6fbc9-93bc-4d00-85fb-0ca95d1e3b7a" testId="1d012138-7635-0a45-278d-826a319e45ac" testName="TestFunctionDefinition" computerName="DESKTOP-RRA95A8" duration="00:00:00.1564588" startTime="2016-01-24T03:04:42.1520385-08:00" endTime="2016-01-24T03:04:42.3102233-08:00" testType="13cdc9d9-ddb5-4fa4-a97d-d965ccfc6d4b" outcome="Passed" testListId="8c84fa94-04c1-424b-9868-57a2d4851a1d" relativeResultsDirectory="fcf6fbc9-93bc-4d00-85fb-0ca95d1e3b7a">
      <Output>
        <StdOut>Whitespace: 
Whitespace: 

Whitespace:    
Whitespace:</StdOut>
      </Output>
    </UnitTestResult>
    <UnitTestResult executionId="a1061561-226f-427a-b45b-aee9df715aaf" testId="ac6e9ada-fa62-4340-e812-e85f3d9dabd0" testName="TestConsoleLog" computerName="DESKTOP-RRA95A8" duration="00:00:00.1510948" startTime="2016-01-24T03:04:42.3142329-08:00" endTime="2016-01-24T03:04:42.4682280-08:00" testType="13cdc9d9-ddb5-4fa4-a97d-d965ccfc6d4b" outcome="Passed" testListId="8c84fa94-04c1-424b-9868-57a2d4851a1d" relativeResultsDirectory="a1061561-226f-427a-b45b-aee9df715aaf" />
    <UnitTestResult executionId="b99e8117-b501-49fd-9337-c6fc54558eb5" testId="dd633c86-dcdb-094d-d814-a9de0c294044" testName="TestConsoleWarn" computerName="DESKTOP-RRA95A8" duration="00:00:00.1591756" startTime="2016-01-24T03:04:42.4731328-08:00" endTime="2016-01-24T03:04:42.6343174-08:00" testType="13cdc9d9-ddb5-4fa4-a97d-d965ccfc6d4b" outcome="Passed" testListId="8c84fa94-04c1-424b-9868-57a2d4851a1d" relativeResultsDirectory="b99e8117-b501-49fd-9337-c6fc54558eb5" />
    <UnitTestResult executionId="32ece42c-a6e3-4e4e-b3b2-681e7bbb073b" testId="e4907dd7-da38-0db0-61c5-28476ac5f3c5" testName="TestConsoleError" computerName="DESKTOP-RRA95A8" duration="00:00:00.1610077" startTime="2016-01-24T03:04:42.6402050-08:00" endTime="2016-01-24T03:04:42.8030613-08:00" testType="13cdc9d9-ddb5-4fa4-a97d-d965ccfc6d4b" outcome="Passed" testListId="8c84fa94-04c1-424b-9868-57a2d4851a1d" relativeResultsDirectory="32ece42c-a6e3-4e4e-b3b2-681e7bbb073b" />
    <UnitTestResult executionId="83c77d88-6943-4f08-b53a-1cfdc4e94e0e" testId="8c2f0c3a-2eac-4206-0d82-2d785d862cd8" testName="TestConsoleDir" computerName="DESKTOP-RRA95A8" duration="00:00:00.1640760" startTime="2016-01-24T03:04:42.8110826-08:00" endTime="2016-01-24T03:04:42.9768377-08:00" testType="13cdc9d9-ddb5-4fa4-a97d-d965ccfc6d4b" outcome="Failed" testListId="8c84fa94-04c1-424b-9868-57a2d4851a1d" relativeResultsDirectory="83c77d88-6943-4f08-b53a-1cfdc4e94e0e">
      <Output>
        <ErrorInfo>
          <Message>Assert.AreEqual failed. Expected:&lt;
&gt;. Actual:&lt;&gt;. Mismatch at 7: expected 
 got  in &lt;{ abc: 
   { foo: 
      [ 1,
        2,
        3,
        4,
        5,
        7,
        8,
        9,
        10,
        11,
        12,
        13,
        14,
        15,
        16,
        17,
        18,
        19,
        20,
        21,
        22,
        23,
        24,
        25,
        26,
        27,
        28,
        29,
        30,
        31,
        32,
        33,
        34,
        35,
        36,
        37,
        38,
        39,
        40 ] } }
undefined&gt;</Message>
          <StackTrace>   at NodejsTests.ReplWindowTests.AreEqual(String expected, String received) in C:\src\nodejstools\Nodejs\Tests\Core\ReplWindowTests.cs:line 181
   at NodejsTests.ReplWindowTests.TestConsoleDir() in C:\src\nodejstools\Nodejs\Tests\Core\ReplWindowTests.cs:line 175
</StackTrace>
        </ErrorInfo>
      </Output>
    </UnitTestResult>
    <UnitTestResult executionId="93dc9b5a-df25-4978-9683-74d0a858b039" testId="06a66612-0114-41da-c3a4-42ca4f38dd8d" testName="LargeOutput" computerName="DESKTOP-RRA95A8" duration="00:00:00.1489535" startTime="2016-01-24T03:04:42.9807648-08:00" endTime="2016-01-24T03:04:43.1320417-08:00" testType="13cdc9d9-ddb5-4fa4-a97d-d965ccfc6d4b" outcome="Passed" testListId="8c84fa94-04c1-424b-9868-57a2d4851a1d" relativeResultsDirectory="93dc9b5a-df25-4978-9683-74d0a858b039" />
    <UnitTestResult executionId="b4bfbab4-6be2-4f26-aff2-1213a0dcdd82" testId="aabf1c93-aae1-96a3-8a5c-4e4161f076b5" testName="TestException" computerName="DESKTOP-RRA95A8" duration="00:00:00.1440144" startTime="2016-01-24T03:04:43.1369483-08:00" endTime="2016-01-24T03:04:43.2836000-08:00" testType="13cdc9d9-ddb5-4fa4-a97d-d965ccfc6d4b" outcome="Passed" testListId="8c84fa94-04c1-424b-9868-57a2d4851a1d" relativeResultsDirectory="b4bfbab4-6be2-4f26-aff2-1213a0dcdd82" />
    <UnitTestResult executionId="6b93caf1-0352-4b7c-904f-1f8a2dbab7fd" testId="41e6a6dc-80ec-3dde-b201-2d7ca8b6ce38" testName="TestExceptionNull" computerName="DESKTOP-RRA95A8" duration="00:00:00.1522862" startTime="2016-01-24T03:04:43.2885067-08:00" endTime="2016-01-24T03:04:43.4428114-08:00" testType="13cdc9d9-ddb5-4fa4-a97d-d965ccfc6d4b" outcome="Passed" testListId="8c84fa94-04c1-424b-9868-57a2d4851a1d" relativeResultsDirectory="6b93caf1-0352-4b7c-904f-1f8a2dbab7fd" />
    <UnitTestResult executionId="7984c73d-4124-42a4-a1b3-f61b61ceb1eb" testId="12cbec8c-0f52-12d0-d4b4-998e84c461bf" testName="TestExceptionUndefined" computerName="DESKTOP-RRA95A8" duration="00:00:00.1545938" startTime="2016-01-24T03:04:43.4496804-08:00" endTime="2016-01-24T03:04:43.6067118-08:00" testType="13cdc9d9-ddb5-4fa4-a97d-d965ccfc6d4b" outcome="Passed" testListId="8c84fa94-04c1-424b-9868-57a2d4851a1d" relativeResultsDirectory="7984c73d-4124-42a4-a1b3-f61b61ceb1eb" />
    <UnitTestResult executionId="c70cd006-8d4e-49cc-b2b8-f51d6c895705" testId="31989c51-6fc8-50e7-8666-d8018f897006" testName="TestProcessExit" computerName="DESKTOP-RRA95A8" duration="00:00:00.1389596" startTime="2016-01-24T03:04:43.6122263-08:00" endTime="2016-01-24T03:04:43.7520226-08:00" testType="13cdc9d9-ddb5-4fa4-a97d-d965ccfc6d4b" outcome="Passed" testListId="8c84fa94-04c1-424b-9868-57a2d4851a1d" relativeResultsDirectory="c70cd006-8d4e-49cc-b2b8-f51d6c895705" />
    <UnitTestResult executionId="e26a77a7-533f-487b-84f7-09f00f3c3d87" testId="4a37295d-6792-acde-22a0-89365a0bb2ed" testName="TestReset" computerName="DESKTOP-RRA95A8" duration="00:00:00.3491934" startTime="2016-01-24T03:04:43.7559475-08:00" endTime="2016-01-24T03:04:44.1068786-08:00" testType="13cdc9d9-ddb5-4fa4-a97d-d965ccfc6d4b" outcome="Passed" testListId="8c84fa94-04c1-424b-9868-57a2d4851a1d" relativeResultsDirectory="e26a77a7-533f-487b-84f7-09f00f3c3d87" />
    <UnitTestResult executionId="f1129942-a324-4e63-9844-46ee3456d6ea" testId="23aaddd1-b27c-b68f-28cc-d7432a7d3112" testName="TestSaveNoFile" computerName="DESKTOP-RRA95A8" duration="00:00:00.1475258" startTime="2016-01-24T03:04:44.1118914-08:00" endTime="2016-01-24T03:04:44.2604995-08:00" testType="13cdc9d9-ddb5-4fa4-a97d-d965ccfc6d4b" outcome="Passed" testListId="8c84fa94-04c1-424b-9868-57a2d4851a1d" relativeResultsDirectory="f1129942-a324-4e63-9844-46ee3456d6ea" />
    <UnitTestResult executionId="45360ff6-fd21-4000-88ab-5778729d7d0e" testId="1244335b-d2c0-d98d-9964-e311ef7b8f4f" testName="TestSaveBadFile" computerName="DESKTOP-RRA95A8" duration="00:00:00.1445026" startTime="2016-01-24T03:04:44.2663525-08:00" endTime="2016-01-24T03:04:44.4128649-08:00" testType="13cdc9d9-ddb5-4fa4-a97d-d965ccfc6d4b" outcome="Passed" testListId="8c84fa94-04c1-424b-9868-57a2d4851a1d" relativeResultsDirectory="45360ff6-fd21-4000-88ab-5778729d7d0e" />
    <UnitTestResult executionId="edd47cc3-c4ea-4706-8d7e-97a14acb3dad" testId="a3b19c85-f282-1bf7-22cc-34b7a6378666" testName="TestSave" computerName="DESKTOP-RRA95A8" duration="00:00:00.1540060" startTime="2016-01-24T03:04:44.4182905-08:00" endTime="2016-01-24T03:04:44.5736039-08:00" testType="13cdc9d9-ddb5-4fa4-a97d-d965ccfc6d4b" outcome="Passed" testListId="8c84fa94-04c1-424b-9868-57a2d4851a1d" relativeResultsDirectory="edd47cc3-c4ea-4706-8d7e-97a14acb3dad" />
    <UnitTestResult executionId="a9d784c8-7c39-43b7-9700-9bacdf3aade0" testId="7f22a8d8-7f1c-c3c6-bd88-c22cc59b7d6d" testName="TestBadSave" computerName="DESKTOP-RRA95A8" duration="00:00:00.1636680" startTime="2016-01-24T03:04:44.5775285-08:00" endTime="2016-01-24T03:04:44.7425145-08:00" testType="13cdc9d9-ddb5-4fa4-a97d-d965ccfc6d4b" outcome="Passed" testListId="8c84fa94-04c1-424b-9868-57a2d4851a1d" relativeResultsDirectory="a9d784c8-7c39-43b7-9700-9bacdf3aade0" />
    <UnitTestResult executionId="a78a18bb-a58d-4385-9505-1c961cd0630a" testId="59dd8d4a-92f0-2503-041c-196b8985dc75" testName="ReplEvaluatorProvider" computerName="DESKTOP-RRA95A8" duration="00:00:00.0008504" startTime="2016-01-24T03:04:44.7493842-08:00" endTime="2016-01-24T03:04:44.7523285-08:00" testType="13cdc9d9-ddb5-4fa4-a97d-d965ccfc6d4b" outcome="Passed" testListId="8c84fa94-04c1-424b-9868-57a2d4851a1d" relativeResultsDirectory="a78a18bb-a58d-4385-9505-1c961cd0630a" />
    <UnitTestResult executionId="7efc9397-cd1d-4e2c-8000-7958e2e8efbd" testId="80e2bd5c-7d7b-44ad-7139-a0eab64b5adb" testName="TestPartialInputs" computerName="DESKTOP-RRA95A8" duration="00:00:00.0060265" startTime="2016-01-24T03:04:44.7562531-08:00" endTime="2016-01-24T03:04:44.7641041-08:00" testType="13cdc9d9-ddb5-4fa4-a97d-d965ccfc6d4b" outcome="Passed" testListId="8c84fa94-04c1-424b-9868-57a2d4851a1d" relativeResultsDirectory="7efc9397-cd1d-4e2c-8000-7958e2e8efbd" />
    <UnitTestResult executionId="68e1f032-93cd-4912-a3a8-2b6a69e50a90" testId="39f65f06-894f-0b82-11d0-a6a785bd7236" testName="TestVarI" computerName="DESKTOP-RRA95A8" duration="00:00:10.1847551" startTime="2016-01-24T03:04:44.7680295-08:00" endTime="2016-01-24T03:04:54.9536391-08:00" testType="13cdc9d9-ddb5-4fa4-a97d-d965ccfc6d4b" outcome="Failed" testListId="8c84fa94-04c1-424b-9868-57a2d4851a1d" relativeResultsDirectory="68e1f032-93cd-4912-a3a8-2b6a69e50a90">
      <Output>
        <StdOut>Error: System.NullReferenceException: Object reference not set to an instance of an object.
   at Microsoft.NodejsTools.Repl.NodejsReplEvaluator.ListenerThread.ProcessPacket(JsonResponse response) in C:\src\nodejstools\Nodejs\Product\Nodejs\Repl\NodejsReplEvaluator.cs:line 391
   at Microsoft.NodejsTools.JsonListener.ListenerThread() in C:\src\nodejstools\Nodejs\Product\Nodejs\JsonListener.cs:line 107</StdOut>
        <ErrorInfo>
          <Message>Assert.IsTrue failed. </Message>
          <StackTrace>   at NodejsTests.ReplWindowTests.TestVarI() in C:\src\nodejstools\Nodejs\Tests\Core\ReplWindowTests.cs:line 433
</StackTrace>
        </ErrorInfo>
      </Output>
    </UnitTestResult>
    <UnitTestResult executionId="55ea6b77-013f-40a9-9f44-6cdd5257a7dc" testId="b0197713-c49a-afa4-7b0c-921c0cac0b4a" testName="TestObjectLiteral" computerName="DESKTOP-RRA95A8" duration="00:00:00.1679416" startTime="2016-01-24T03:04:54.9771903-08:00" endTime="2016-01-24T03:04:55.1486350-08:00" testType="13cdc9d9-ddb5-4fa4-a97d-d965ccfc6d4b" outcome="Passed" testListId="8c84fa94-04c1-424b-9868-57a2d4851a1d" relativeResultsDirectory="55ea6b77-013f-40a9-9f44-6cdd5257a7dc" />
    <UnitTestResult executionId="b3da6a84-4409-4d5b-98e1-5ccb1da2cb1a" testId="ef162393-1851-ecb0-1925-9096bac5d02d" testName="TestRequireInProject" computerName="DESKTOP-RRA95A8" duration="00:00:00.1605347" startTime="2016-01-24T03:04:55.1535063-08:00" endTime="2016-01-24T03:04:55.3153006-08:00" testType="13cdc9d9-ddb5-4fa4-a97d-d965ccfc6d4b" outcome="Passed" testListId="8c84fa94-04c1-424b-9868-57a2d4851a1d" relativeResultsDirectory="b3da6a84-4409-4d5b-98e1-5ccb1da2cb1a" />
    <UnitTestResult executionId="8da1e7b3-ab85-41dd-b05a-f009f8f40e8f" testId="70dc63dd-6db5-d4ce-6b91-a1d4e8f64037" testName="TestNpmReplCommandProcessExitSucceeds" computerName="DESKTOP-RRA95A8" duration="00:01:47.5185948" startTime="2016-01-24T03:04:55.3212265-08:00" endTime="2016-01-24T03:06:42.8408253-08:00" testType="13cdc9d9-ddb5-4fa4-a97d-d965ccfc6d4b" outcome="Passed" testListId="8c84fa94-04c1-424b-9868-57a2d4851a1d" relativeResultsDirectory="8da1e7b3-ab85-41dd-b05a-f009f8f40e8f" />
    <UnitTestResult executionId="8774fd61-6edd-4de0-bcf3-4d4d2a3a2f1c" testId="a4193514-8d12-deb0-d56a-ee86033d7347" testName="TestNpmReplRedirector" computerName="DESKTOP-RRA95A8" duration="00:00:00.0094803" startTime="2016-01-24T03:06:42.8532332-08:00" endTime="2016-01-24T03:06:42.8730539-08:00" testType="13cdc9d9-ddb5-4fa4-a97d-d965ccfc6d4b" outcome="Failed" testListId="8c84fa94-04c1-424b-9868-57a2d4851a1d" relativeResultsDirectory="8774fd61-6edd-4de0-bcf3-4d4d2a3a2f1c">
      <Output>
        <ErrorInfo>
          <Message>Assert.AreEqual failed. Expected:&lt;&#x1B;[39;49m├── parseurl@1.0.1
&gt;. Actual:&lt;&#x1B;[39;49mâ”œâ”€â”€ parseurl@1.0.1
&gt;. </Message>
          <StackTrace>   at NodejsTests.ReplWindowTests.TestNpmReplRedirector() in C:\src\nodejstools\Nodejs\Tests\Core\ReplWindowTests.cs:line 554
</StackTrace>
        </ErrorInfo>
      </Output>
    </UnitTestResult>
    <UnitTestResult executionId="8e5c473c-6e67-453f-bf50-0fc6def1d57a" testId="77b6e7a7-3872-5eb8-902d-3228c23f4a23" testName="TestBadMappings" computerName="DESKTOP-RRA95A8" duration="00:00:00.0083371" startTime="2016-01-24T03:06:42.8858127-08:00" endTime="2016-01-24T03:06:43.1275686-08:00" testType="13cdc9d9-ddb5-4fa4-a97d-d965ccfc6d4b" outcome="Passed" testListId="8c84fa94-04c1-424b-9868-57a2d4851a1d" relativeResultsDirectory="8e5c473c-6e67-453f-bf50-0fc6def1d57a" />
    <UnitTestResult executionId="d5662f56-15e2-4f7a-b49c-bbb94c4e5f78" testId="4e85f19b-7c92-654c-149f-735d036241bb" testName="TestMappingLine" computerName="DESKTOP-RRA95A8" duration="00:00:00.0026074" startTime="2016-01-24T03:06:43.1314925-08:00" endTime="2016-01-24T03:06:43.1364290-08:00" testType="13cdc9d9-ddb5-4fa4-a97d-d965ccfc6d4b" outcome="Passed" testListId="8c84fa94-04c1-424b-9868-57a2d4851a1d" relativeResultsDirectory="d5662f56-15e2-4f7a-b49c-bbb94c4e5f78" />
    <UnitTestResult executionId="ee3d6471-5635-4c74-8b57-936c1088b578" testId="6bacf828-8a12-33f5-f68e-5982621f98c8" testName="TestMappingLineAndColumn" computerName="DESKTOP-RRA95A8" duration="00:00:00.0038702" startTime="2016-01-24T03:06:43.1393836-08:00" endTime="2016-01-24T03:06:43.1452665-08:00" testType="13cdc9d9-ddb5-4fa4-a97d-d965ccfc6d4b" outcome="Passed" testListId="8c84fa94-04c1-424b-9868-57a2d4851a1d" relativeResultsDirectory="ee3d6471-5635-4c74-8b57-936c1088b578">
      <Output>
        <StdOut>0 0
1 0
1 4
2 0
2 4
2 8
3 0
4 0
5 0
5 4
5 32
6 0
7 0
8 0
9 0
10 0</StdOut>
      </Output>
    </UnitTestResult>
    <UnitTestResult executionId="27d0eb55-8d79-474c-9c40-5c7376a0c88b" testId="639477a8-ef37-e423-42ed-c3b418ea23bf" testName="TestVersion" computerName="DESKTOP-RRA95A8" duration="00:00:00.0006323" startTime="2016-01-24T03:06:43.1487225-08:00" endTime="2016-01-24T03:06:43.1512617-08:00" testType="13cdc9d9-ddb5-4fa4-a97d-d965ccfc6d4b" outcome="Passed" testListId="8c84fa94-04c1-424b-9868-57a2d4851a1d" relativeResultsDirectory="27d0eb55-8d79-474c-9c40-5c7376a0c88b" />
    <UnitTestResult executionId="b1fd9a8a-715a-41d0-b51a-a3261fd79480" testId="8e1e9ba8-daec-5288-002e-64af32106f79" testName="TestNames" computerName="DESKTOP-RRA95A8" duration="00:00:00.0003190" startTime="2016-01-24T03:06:43.1542374-08:00" endTime="2016-01-24T03:06:43.1557785-08:00" testType="13cdc9d9-ddb5-4fa4-a97d-d965ccfc6d4b" outcome="Passed" testListId="8c84fa94-04c1-424b-9868-57a2d4851a1d" relativeResultsDirectory="b1fd9a8a-715a-41d0-b51a-a3261fd79480" />
    <UnitTestResult executionId="a413be15-883f-44cd-a4cc-c73f28830eb2" testId="c863a546-85d8-aed2-ca97-ad93b1f0db5d" testName="TestSources" computerName="DESKTOP-RRA95A8" duration="00:00:00.0005017" startTime="2016-01-24T03:06:43.1587492-08:00" endTime="2016-01-24T03:06:43.1612687-08:00" testType="13cdc9d9-ddb5-4fa4-a97d-d965ccfc6d4b" outcome="Passed" testListId="8c84fa94-04c1-424b-9868-57a2d4851a1d" relativeResultsDirectory="a413be15-883f-44cd-a4cc-c73f28830eb2" />
    <UnitTestResult executionId="bc11612b-0700-448e-a9ed-e8bb561f0da0" testId="3b2668e9-f48e-5b01-3e50-cd0bf73394db" testName="TestFile" computerName="DESKTOP-RRA95A8" duration="00:00:00.0002596" startTime="2016-01-24T03:06:43.1639705-08:00" endTime="2016-01-24T03:06:43.1659339-08:00" testType="13cdc9d9-ddb5-4fa4-a97d-d965ccfc6d4b" outcome="Passed" testListId="8c84fa94-04c1-424b-9868-57a2d4851a1d" relativeResultsDirectory="bc11612b-0700-448e-a9ed-e8bb561f0da0" />
    <UnitTestResult executionId="aa68fcab-9320-4608-bfc1-da88c391d3f3" testId="2e418e57-cf38-f623-be5d-520bc66e4943" testName="TestInvalidJson" computerName="DESKTOP-RRA95A8" duration="00:00:00.0336843" startTime="2016-01-24T03:06:43.1688436-08:00" endTime="2016-01-24T03:06:43.2042143-08:00" testType="13cdc9d9-ddb5-4fa4-a97d-d965ccfc6d4b" outcome="Passed" testListId="8c84fa94-04c1-424b-9868-57a2d4851a1d" relativeResultsDirectory="aa68fcab-9320-4608-bfc1-da88c391d3f3" />
    <UnitTestResult executionId="d3021d12-584f-4d01-926c-def743093918" testId="ba66983b-3fdd-3b64-a015-f8ea12d9f188" testName="TestMapToOriginal" computerName="DESKTOP-RRA95A8" duration="00:00:00.0079432" startTime="2016-01-24T03:06:43.2071925-08:00" endTime="2016-01-24T03:06:43.2170059-08:00" testType="13cdc9d9-ddb5-4fa4-a97d-d965ccfc6d4b" outcome="Passed" testListId="8c84fa94-04c1-424b-9868-57a2d4851a1d" relativeResultsDirectory="d3021d12-584f-4d01-926c-def743093918" />
    <UnitTestResult executionId="aaaa64a0-9667-4ead-a707-3d9e4937d0a1" testId="9d49ff86-06e8-6f3e-65d2-e7f5af8827a1" testName="TestMapToJavaScript" computerName="DESKTOP-RRA95A8" duration="00:00:00.0033805" startTime="2016-01-24T03:06:43.2212386-08:00" endTime="2016-01-24T03:06:43.2261471-08:00" testType="13cdc9d9-ddb5-4fa4-a97d-d965ccfc6d4b" outcome="Passed" testListId="8c84fa94-04c1-424b-9868-57a2d4851a1d" relativeResultsDirectory="aaaa64a0-9667-4ead-a707-3d9e4937d0a1" />
    <UnitTestResult executionId="ed4058ab-6d88-4031-a082-1eb71613152e" testId="50726f0c-eb00-a96f-99e0-949f10aa1055" testName="TestGetOriginalFileNameWithStackFrame" computerName="DESKTOP-RRA95A8" duration="00:00:00.0058712" startTime="2016-01-24T03:06:43.2300724-08:00" endTime="2016-01-24T03:06:43.2369760-08:00" testType="13cdc9d9-ddb5-4fa4-a97d-d965ccfc6d4b" outcome="Passed" testListId="8c84fa94-04c1-424b-9868-57a2d4851a1d" relativeResultsDirectory="ed4058ab-6d88-4031-a082-1eb71613152e" />
    <UnitTestResult executionId="eec7cbfa-acae-42aa-913d-e2b2d8e7ae68" testId="ad354401-dc2d-642e-2255-83483719b6aa" testName="TestPackageJsonTemplateEncoding" computerName="DESKTOP-RRA95A8" duration="00:00:00.0142725" startTime="2016-01-24T03:06:43.2408652-08:00" endTime="2016-01-24T03:06:43.2568864-08:00" testType="13cdc9d9-ddb5-4fa4-a97d-d965ccfc6d4b" outcome="Failed" testListId="8c84fa94-04c1-424b-9868-57a2d4851a1d" relativeResultsDirectory="eec7cbfa-acae-42aa-913d-e2b2d8e7ae68">
      <Output>
        <StdOut>Binary source location: C:\src\nodejstools\BuildOutput\Release14.0\Tests
Checking template C:\src\nodejstools\BuildOutput\Release14.0\Tests\ProjectTemplates\JavaScript\Node.js\1033\AddWebSiteAzureExpressApp.zip
Checking template C:\src\nodejstools\BuildOutput\Release14.0\Tests\ProjectTemplates\JavaScript\Node.js\1033\AddWebSiteAzureNodejsApp.zip
Checking template C:\src\nodejstools\BuildOutput\Release14.0\Tests\ProjectTemplates\JavaScript\Node.js\1033\AddWebSiteAzureStarterExpressApp.zip
Checking template C:\src\nodejstools\BuildOutput\Release14.0\Tests\ProjectTemplates\JavaScript\Node.js\1033\AddWebSiteExpressApp.zip
Checking template C:\src\nodejstools\BuildOutput\Release14.0\Tests\ProjectTemplates\JavaScript\Node.js\1033\AddWebSiteNodejsWebApp.zip
Checking template C:\src\nodejstools\BuildOutput\Release14.0\Tests\ProjectTemplates\JavaScript\Node.js\1033\AddWebSiteStarterExpressApp.zip
Checking template C:\src\nodejstools\BuildOutput\Release14.0\Tests\ProjectTemplates\JavaScript\Node.js\1033\AzureExpress4App.zip
Checking template C:\src\nodejstools\BuildOutput\Release14.0\Tests\ProjectTemplates\JavaScript\Node.js\1033\AzureExpressApp.zip
Checking template C:\src\nodejstools\BuildOutput\Release14.0\Tests\ProjectTemplates\JavaScript\Node.js\1033\AzureNodejsApp.zip
Checking template C:\src\nodejstools\BuildOutput\Release14.0\Tests\ProjectTemplates\JavaScript\Node.js\1033\AzureNodejsWorker.zip
Checking template C:\src\nodejstools\BuildOutput\Release14.0\Tests\ProjectTemplates\JavaScript\Node.js\1033\AzureStarterExpressApp.zip
Checking template C:\src\nodejstools\BuildOutput\Release14.0\Tests\ProjectTemplates\JavaScript\Node.js\1033\CloudService.zip</StdOut>
        <ErrorInfo>
          <Message>Assert.IsTrue failed. Failed to find package.json in C:\src\nodejstools\BuildOutput\Release14.0\Tests\ProjectTemplates\JavaScript\Node.js\1033\CloudService.zip</Message>
          <StackTrace>   at NodejsTests.TemplateTests.TestPackageJsonTemplateEncoding() in C:\src\nodejstools\Nodejs\Tests\Core\TemplateTests.cs:line 67
</StackTrace>
        </ErrorInfo>
      </Output>
    </UnitTestResult>
    <UnitTestResult executionId="f130198e-5c40-4f18-b7d4-7cbf47581112" testId="0a1a0e56-b04d-91c3-56b4-49432dfb5020" testName="GetStandardValues_CheckValueSequence" computerName="DESKTOP-RRA95A8" duration="00:00:00.0029170" startTime="2016-01-24T03:06:43.2603956-08:00" endTime="2016-01-24T03:06:43.2651247-08:00" testType="13cdc9d9-ddb5-4fa4-a97d-d965ccfc6d4b" outcome="Failed" testListId="8c84fa94-04c1-424b-9868-57a2d4851a1d" relativeResultsDirectory="f130198e-5c40-4f18-b7d4-7cbf47581112">
      <Output>
        <ErrorInfo>
          <Message>Assert.AreEqual failed. Expected:&lt;mocha&gt;. Actual:&lt;Mocha&gt;. </Message>
          <StackTrace>   at NodejsTests.TestFrameworkStringConverterTest.GetStandardValues_CheckValueSequence() in C:\src\nodejstools\Nodejs\Tests\Core\TestFrameworkStringConverterTest.cs:line 36
</StackTrace>
        </ErrorInfo>
      </Output>
    </UnitTestResult>
    <UnitTestResult executionId="382a7fe3-3efd-4ba7-9a50-fb3afd544a1f" testId="f608b6d2-cbe9-a5dc-b4cc-65bf650ee73d" testName="TestBreakAll" computerName="DESKTOP-RRA95A8" duration="00:00:01.2562148" startTime="2016-01-24T03:06:43.2681081-08:00" endTime="2016-01-24T03:06:44.7305656-08:00" testType="13cdc9d9-ddb5-4fa4-a97d-d965ccfc6d4b" outcome="Passed" testListId="8c84fa94-04c1-424b-9868-57a2d4851a1d" relativeResultsDirectory="382a7fe3-3efd-4ba7-9a50-fb3afd544a1f" />
    <UnitTestResult executionId="eb0c41cc-f0fd-4d4b-83de-76106e6a0546" testId="465c0867-76b1-563c-535c-033ed584aaa8" testName="EvalTests" computerName="DESKTOP-RRA95A8" duration="00:00:10.8239546" startTime="2016-01-24T03:06:44.7335476-08:00" endTime="2016-01-24T03:06:55.5594171-08:00" testType="13cdc9d9-ddb5-4fa4-a97d-d965ccfc6d4b" outcome="Failed" testListId="8c84fa94-04c1-424b-9868-57a2d4851a1d" relativeResultsDirectory="eb0c41cc-f0fd-4d4b-83de-76106e6a0546">
      <Output>
        <StdOut>-----------------------------------------
Begin debugger step test
Step: AddBreakpoint
BreakpointBound C:\src\nodejstools\TestResults\Itani_DESKTOP-RRA95A8 2016-01-24 02_34_51\Out\TestData\DebuggerProject\LocalsTest4.js 1
Step: ResumeThread
EntryPointHit
Step: ResumeProcess
BreakpointHit 1
Step: None
Step: None
Step: None
Step: None
Step: ResumeProcess
ProcessExited -1</StdOut>
        <ErrorInfo>
          <Message>Assert.Fail failed. Failed to wait on event</Message>
          <StackTrace>   at NodejsTests.Debugger.BaseDebuggerTests.AssertWaited(EventWaitHandle eventObj) in C:\src\nodejstools\Nodejs\Tests\Core\Debugger\BaseDebuggerTests.cs:line 760
   at NodejsTests.Debugger.BaseDebuggerTests.TestDebuggerSteps(NodeDebugger process, NodeThread thread, String filename, IEnumerable`1 steps, Nullable`1 defaultExceptionTreatment, ICollection`1 exceptionTreatments, Boolean waitForExit) in C:\src\nodejstools\Nodejs\Tests\Core\Debugger\BaseDebuggerTests.cs:line 742
   at NodejsTests.Debugger.BaseDebuggerTests.TestDebuggerSteps(String filename, IEnumerable`1 steps, String interpreterOptions, Action`1 onProcessCreated, Nullable`1 defaultExceptionTreatment, ICollection`1 exceptionTreatments, String scriptArguments) in C:\src\nodejstools\Nodejs\Tests\Core\Debugger\BaseDebuggerTests.cs:line 441
   at NodejsTests.Debugger.DebuggerTests.EvalTests() in C:\src\nodejstools\Nodejs\Tests\Core\Debugger\DebuggerTests.cs:line 167
</StackTrace>
        </ErrorInfo>
      </Output>
    </UnitTestResult>
    <UnitTestResult executionId="68cd10c2-ceef-4cd9-a0c3-26b83b63c2b7" testId="344d1bbd-a53e-7c18-c1eb-f63d3767474f" testName="LocalsTest" computerName="DESKTOP-RRA95A8" duration="00:00:10.6905974" startTime="2016-01-24T03:06:55.5662864-08:00" endTime="2016-01-24T03:07:06.2596856-08:00" testType="13cdc9d9-ddb5-4fa4-a97d-d965ccfc6d4b" outcome="Failed" testListId="8c84fa94-04c1-424b-9868-57a2d4851a1d" relativeResultsDirectory="68cd10c2-ceef-4cd9-a0c3-26b83b63c2b7">
      <Output>
        <StdOut>-----------------------------------------
Begin debugger step test
Step: AddBreakpoint
BreakpointBound C:\src\nodejstools\TestResults\Itani_DESKTOP-RRA95A8 2016-01-24 02_34_51\Out\TestData\DebuggerProject\LocalsTest.js 2
Step: ResumeProcess
BreakpointHit 2
Step: None
Step: ResumeProcess
ProcessExited -1</StdOut>
        <ErrorInfo>
          <Message>Assert.Fail failed. Failed to wait on event</Message>
          <StackTrace>   at NodejsTests.Debugger.BaseDebuggerTests.AssertWaited(EventWaitHandle eventObj) in C:\src\nodejstools\Nodejs\Tests\Core\Debugger\BaseDebuggerTests.cs:line 760
   at NodejsTests.Debugger.BaseDebuggerTests.TestDebuggerSteps(NodeDebugger process, NodeThread thread, String filename, IEnumerable`1 steps, Nullable`1 defaultExceptionTreatment, ICollection`1 exceptionTreatments, Boolean waitForExit) in C:\src\nodejstools\Nodejs\Tests\Core\Debugger\BaseDebuggerTests.cs:line 742
   at NodejsTests.Debugger.BaseDebuggerTests.TestDebuggerSteps(String filename, IEnumerable`1 steps, String interpreterOptions, Action`1 onProcessCreated, Nullable`1 defaultExceptionTreatment, ICollection`1 exceptionTreatments, String scriptArguments) in C:\src\nodejstools\Nodejs\Tests\Core\Debugger\BaseDebuggerTests.cs:line 441
   at NodejsTests.Debugger.BaseDebuggerTests.LocalsTest(String filename, Int32 breakpoint, Int32 frameIndex, String[] expectedParams, String[] expectedLocals, String[] expectedValues, String[] expectedHexValues) in C:\src\nodejstools\Nodejs\Tests\Core\Debugger\BaseDebuggerTests.cs:line 193
   at NodejsTests.Debugger.DebuggerTests.LocalsTest() in C:\src\nodejstools\Nodejs\Tests\Core\Debugger\DebuggerTests.cs:line 200
</StackTrace>
        </ErrorInfo>
      </Output>
    </UnitTestResult>
    <UnitTestResult executionId="ee72acfa-6daa-47ea-b54b-9ee0ae94666f" testId="aa1f3397-efe8-0dea-4d66-2732056401d2" testName="SpecialNumberLocalsTest" computerName="DESKTOP-RRA95A8" duration="00:00:10.6959562" startTime="2016-01-24T03:07:06.2763682-08:00" endTime="2016-01-24T03:07:16.9746416-08:00" testType="13cdc9d9-ddb5-4fa4-a97d-d965ccfc6d4b" outcome="Failed" testListId="8c84fa94-04c1-424b-9868-57a2d4851a1d" relativeResultsDirectory="ee72acfa-6daa-47ea-b54b-9ee0ae94666f">
      <Output>
        <StdOut>-----------------------------------------
Begin debugger step test
Step: AddBreakpoint
BreakpointBound C:\src\nodejstools\TestResults\Itani_DESKTOP-RRA95A8 2016-01-24 02_34_51\Out\TestData\DebuggerProject\SpecialNumberLocalsTest.js 6
Step: ResumeProcess
BreakpointHit 6
Step: None
Step: ResumeProcess
ProcessExited -1</StdOut>
        <ErrorInfo>
          <Message>Assert.Fail failed. Failed to wait on event</Message>
          <StackTrace>   at NodejsTests.Debugger.BaseDebuggerTests.AssertWaited(EventWaitHandle eventObj) in C:\src\nodejstools\Nodejs\Tests\Core\Debugger\BaseDebuggerTests.cs:line 760
   at NodejsTests.Debugger.BaseDebuggerTests.TestDebuggerSteps(NodeDebugger process, NodeThread thread, String filename, IEnumerable`1 steps, Nullable`1 defaultExceptionTreatment, ICollection`1 exceptionTreatments, Boolean waitForExit) in C:\src\nodejstools\Nodejs\Tests\Core\Debugger\BaseDebuggerTests.cs:line 742
   at NodejsTests.Debugger.BaseDebuggerTests.TestDebuggerSteps(String filename, IEnumerable`1 steps, String interpreterOptions, Action`1 onProcessCreated, Nullable`1 defaultExceptionTreatment, ICollection`1 exceptionTreatments, String scriptArguments) in C:\src\nodejstools\Nodejs\Tests\Core\Debugger\BaseDebuggerTests.cs:line 441
   at NodejsTests.Debugger.BaseDebuggerTests.LocalsTest(String filename, Int32 breakpoint, Int32 frameIndex, String[] expectedParams, String[] expectedLocals, String[] expectedValues, String[] expectedHexValues) in C:\src\nodejstools\Nodejs\Tests\Core\Debugger\BaseDebuggerTests.cs:line 193
   at NodejsTests.Debugger.DebuggerTests.SpecialNumberLocalsTest() in C:\src\nodejstools\Nodejs\Tests\Core\Debugger\DebuggerTests.cs:line 225
</StackTrace>
        </ErrorInfo>
      </Output>
    </UnitTestResult>
    <UnitTestResult executionId="3a3e5500-e551-468e-84a0-16987b52ddad" testId="6a245f2a-919d-90d2-4b2b-2349bbf5d94c" testName="GlobalsTest" computerName="DESKTOP-RRA95A8" duration="00:00:10.6716702" startTime="2016-01-24T03:07:16.9873982-08:00" endTime="2016-01-24T03:07:27.6613276-08:00" testType="13cdc9d9-ddb5-4fa4-a97d-d965ccfc6d4b" outcome="Failed" testListId="8c84fa94-04c1-424b-9868-57a2d4851a1d" relativeResultsDirectory="3a3e5500-e551-468e-84a0-16987b52ddad">
      <Output>
        <StdOut>-----------------------------------------
Begin debugger step test
Step: AddBreakpoint
BreakpointBound C:\src\nodejstools\TestResults\Itani_DESKTOP-RRA95A8 2016-01-24 02_34_51\Out\TestData\DebuggerProject\GlobalsTest.js 3
Step: ResumeProcess
BreakpointHit 3
Step: None
Step: ResumeProcess
ProcessExited -1</StdOut>
        <ErrorInfo>
          <Message>Assert.Fail failed. Failed to wait on event</Message>
          <StackTrace>   at NodejsTests.Debugger.BaseDebuggerTests.AssertWaited(EventWaitHandle eventObj) in C:\src\nodejstools\Nodejs\Tests\Core\Debugger\BaseDebuggerTests.cs:line 760
   at NodejsTests.Debugger.BaseDebuggerTests.TestDebuggerSteps(NodeDebugger process, NodeThread thread, String filename, IEnumerable`1 steps, Nullable`1 defaultExceptionTreatment, ICollection`1 exceptionTreatments, Boolean waitForExit) in C:\src\nodejstools\Nodejs\Tests\Core\Debugger\BaseDebuggerTests.cs:line 742
   at NodejsTests.Debugger.BaseDebuggerTests.TestDebuggerSteps(String filename, IEnumerable`1 steps, String interpreterOptions, Action`1 onProcessCreated, Nullable`1 defaultExceptionTreatment, ICollection`1 exceptionTreatments, String scriptArguments) in C:\src\nodejstools\Nodejs\Tests\Core\Debugger\BaseDebuggerTests.cs:line 441
   at NodejsTests.Debugger.BaseDebuggerTests.LocalsTest(String filename, Int32 breakpoint, Int32 frameIndex, String[] expectedParams, String[] expectedLocals, String[] expectedValues, String[] expectedHexValues) in C:\src\nodejstools\Nodejs\Tests\Core\Debugger\BaseDebuggerTests.cs:line 193
   at NodejsTests.Debugger.DebuggerTests.GlobalsTest() in C:\src\nodejstools\Nodejs\Tests\Core\Debugger\DebuggerTests.cs:line 236
</StackTrace>
        </ErrorInfo>
      </Output>
    </UnitTestResult>
    <UnitTestResult executionId="67a33afa-ed27-4ee1-893f-68d0ee6adafd" testId="0edcf6c9-2c67-67b1-abd4-af2ea5c89182" testName="StepTest" computerName="DESKTOP-RRA95A8" duration="00:00:10.9050598" startTime="2016-01-24T03:07:27.6681962-08:00" endTime="2016-01-24T03:07:38.5773170-08:00" testType="13cdc9d9-ddb5-4fa4-a97d-d965ccfc6d4b" outcome="Failed" testListId="8c84fa94-04c1-424b-9868-57a2d4851a1d" relativeResultsDirectory="67a33afa-ed27-4ee1-893f-68d0ee6adafd">
      <Output>
        <StdOut>-----------------------------------------
Begin debugger step test
Step: ResumeThread
EntryPointHit
Step: StepInto
StepComplete
Step: StepInto
StepComplete
Step: StepInto
StepComplete
Step: StepInto
StepComplete
Step: ResumeProcess
ProcessExited -1</StdOut>
        <ErrorInfo>
          <Message>Assert.Fail failed. Failed to wait on event</Message>
          <StackTrace>   at NodejsTests.Debugger.BaseDebuggerTests.AssertWaited(EventWaitHandle eventObj) in C:\src\nodejstools\Nodejs\Tests\Core\Debugger\BaseDebuggerTests.cs:line 760
   at NodejsTests.Debugger.BaseDebuggerTests.TestDebuggerSteps(NodeDebugger process, NodeThread thread, String filename, IEnumerable`1 steps, Nullable`1 defaultExceptionTreatment, ICollection`1 exceptionTreatments, Boolean waitForExit) in C:\src\nodejstools\Nodejs\Tests\Core\Debugger\BaseDebuggerTests.cs:line 742
   at NodejsTests.Debugger.BaseDebuggerTests.TestDebuggerSteps(String filename, IEnumerable`1 steps, String interpreterOptions, Action`1 onProcessCreated, Nullable`1 defaultExceptionTreatment, ICollection`1 exceptionTreatments, String scriptArguments) in C:\src\nodejstools\Nodejs\Tests\Core\Debugger\BaseDebuggerTests.cs:line 441
   at NodejsTests.Debugger.DebuggerTests.StepTest() in C:\src\nodejstools\Nodejs\Tests\Core\Debugger\DebuggerTests.cs:line 250
</StackTrace>
        </ErrorInfo>
      </Output>
    </UnitTestResult>
    <UnitTestResult executionId="3f2206cf-ede4-40a5-b9e1-cb0d5f47063d" testId="87d6fb0c-b810-e4b2-8298-b75d3b5e519d" testName="Startup_NoBreakOnEntryPoint" computerName="DESKTOP-RRA95A8" duration="00:00:10.7233814" startTime="2016-01-24T03:07:38.5841860-08:00" endTime="2016-01-24T03:07:49.3098338-08:00" testType="13cdc9d9-ddb5-4fa4-a97d-d965ccfc6d4b" outcome="Passed" testListId="8c84fa94-04c1-424b-9868-57a2d4851a1d" relativeResultsDirectory="3f2206cf-ede4-40a5-b9e1-cb0d5f47063d">
      <Output>
        <StdOut>-----------------------------------------
Begin debugger step test
Step: ResumeThread
EntryPointHit
Step: ResumeThread
ProcessExited -1</StdOut>
      </Output>
    </UnitTestResult>
    <UnitTestResult executionId="64727942-fb8c-4647-936b-266c5abc97cf" testId="3792adcf-6d02-b879-480a-badadefc096d" testName="Startup_BreakOnEntryPoint" computerName="DESKTOP-RRA95A8" duration="00:00:10.6576343" startTime="2016-01-24T03:07:49.3206226-08:00" endTime="2016-01-24T03:07:59.9816018-08:00" testType="13cdc9d9-ddb5-4fa4-a97d-d965ccfc6d4b" outcome="Failed" testListId="8c84fa94-04c1-424b-9868-57a2d4851a1d" relativeResultsDirectory="64727942-fb8c-4647-936b-266c5abc97cf">
      <Output>
        <StdOut>-----------------------------------------
Begin debugger step test
Step: ResumeThread
EntryPointHit
Step: ResumeProcess
ProcessExited -1</StdOut>
        <ErrorInfo>
          <Message>Assert.Fail failed. Failed to wait on event</Message>
          <StackTrace>   at NodejsTests.Debugger.BaseDebuggerTests.AssertWaited(EventWaitHandle eventObj) in C:\src\nodejstools\Nodejs\Tests\Core\Debugger\BaseDebuggerTests.cs:line 760
   at NodejsTests.Debugger.BaseDebuggerTests.TestDebuggerSteps(NodeDebugger process, NodeThread thread, String filename, IEnumerable`1 steps, Nullable`1 defaultExceptionTreatment, ICollection`1 exceptionTreatments, Boolean waitForExit) in C:\src\nodejstools\Nodejs\Tests\Core\Debugger\BaseDebuggerTests.cs:line 742
   at NodejsTests.Debugger.BaseDebuggerTests.TestDebuggerSteps(String filename, IEnumerable`1 steps, String interpreterOptions, Action`1 onProcessCreated, Nullable`1 defaultExceptionTreatment, ICollection`1 exceptionTreatments, String scriptArguments) in C:\src\nodejstools\Nodejs\Tests\Core\Debugger\BaseDebuggerTests.cs:line 441
   at NodejsTests.Debugger.DebuggerTests.Startup_BreakOnEntryPoint() in C:\src\nodejstools\Nodejs\Tests\Core\Debugger\DebuggerTests.cs:line 442
</StackTrace>
        </ErrorInfo>
      </Output>
    </UnitTestResult>
    <UnitTestResult executionId="25f40dd2-b441-43b6-9abf-e53d77b4452a" testId="d5ee6ddd-96f7-0db7-359f-03f8c895754d" testName="Startup_BreakOnEntryPointBreakPoint" computerName="DESKTOP-RRA95A8" duration="00:00:10.6969893" startTime="2016-01-24T03:07:59.9906292-08:00" endTime="2016-01-24T03:08:10.6906829-08:00" testType="13cdc9d9-ddb5-4fa4-a97d-d965ccfc6d4b" outcome="Failed" testListId="8c84fa94-04c1-424b-9868-57a2d4851a1d" relativeResultsDirectory="25f40dd2-b441-43b6-9abf-e53d77b4452a">
      <Output>
        <StdOut>-----------------------------------------
Begin debugger step test
Step: AddBreakpoint
BreakpointBound C:\src\nodejstools\TestResults\Itani_DESKTOP-RRA95A8 2016-01-24 02_34_51\Out\TestData\DebuggerProject\BreakpointTest.js 0
Step: ResumeThread
BreakpointHit 0
Step: ResumeProcess
ProcessExited -1</StdOut>
        <ErrorInfo>
          <Message>Assert.Fail failed. Failed to wait on event</Message>
          <StackTrace>   at NodejsTests.Debugger.BaseDebuggerTests.AssertWaited(EventWaitHandle eventObj) in C:\src\nodejstools\Nodejs\Tests\Core\Debugger\BaseDebuggerTests.cs:line 760
   at NodejsTests.Debugger.BaseDebuggerTests.TestDebuggerSteps(NodeDebugger process, NodeThread thread, String filename, IEnumerable`1 steps, Nullable`1 defaultExceptionTreatment, ICollection`1 exceptionTreatments, Boolean waitForExit) in C:\src\nodejstools\Nodejs\Tests\Core\Debugger\BaseDebuggerTests.cs:line 742
   at NodejsTests.Debugger.BaseDebuggerTests.TestDebuggerSteps(String filename, IEnumerable`1 steps, String interpreterOptions, Action`1 onProcessCreated, Nullable`1 defaultExceptionTreatment, ICollection`1 exceptionTreatments, String scriptArguments) in C:\src\nodejstools\Nodejs\Tests\Core\Debugger\BaseDebuggerTests.cs:line 441
   at NodejsTests.Debugger.DebuggerTests.Startup_BreakOnEntryPointBreakPoint() in C:\src\nodejstools\Nodejs\Tests\Core\Debugger\DebuggerTests.cs:line 454
</StackTrace>
        </ErrorInfo>
      </Output>
    </UnitTestResult>
    <UnitTestResult executionId="a926ee8b-55f4-4198-b159-ca670c0b23c8" testId="c0b09c55-c55d-7364-18f3-f7c5d286baff" testName="Startup_NoBreakOnEntryPointTracePoint" computerName="DESKTOP-RRA95A8" duration="00:00:10.7898235" startTime="2016-01-24T03:08:10.7366509-08:00" endTime="2016-01-24T03:08:21.5292037-08:00" testType="13cdc9d9-ddb5-4fa4-a97d-d965ccfc6d4b" outcome="Passed" testListId="8c84fa94-04c1-424b-9868-57a2d4851a1d" relativeResultsDirectory="a926ee8b-55f4-4198-b159-ca670c0b23c8">
      <Output>
        <StdOut>-----------------------------------------
Begin debugger step test
Step: AddBreakpoint
BreakpointBound C:\src\nodejstools\TestResults\Itani_DESKTOP-RRA95A8 2016-01-24 02_34_51\Out\TestData\DebuggerProject\BreakpointTest.js 0
Step: ResumeThread
BreakpointHit 0
Step: ResumeThread
EntryPointHit
Step: ResumeThread
ProcessExited -1</StdOut>
      </Output>
    </UnitTestResult>
    <UnitTestResult executionId="372931a5-64b3-4511-909b-b3213e2da016" testId="3390dcfa-9abe-d587-19d4-c3247694662a" testName="Startup_BreakOnEntryPointTracePoint" computerName="DESKTOP-RRA95A8" duration="00:00:10.7289433" startTime="2016-01-24T03:08:21.5442001-08:00" endTime="2016-01-24T03:08:32.2758880-08:00" testType="13cdc9d9-ddb5-4fa4-a97d-d965ccfc6d4b" outcome="Failed" testListId="8c84fa94-04c1-424b-9868-57a2d4851a1d" relativeResultsDirectory="372931a5-64b3-4511-909b-b3213e2da016">
      <Output>
        <StdOut>-----------------------------------------
Begin debugger step test
Step: AddBreakpoint
BreakpointBound C:\src\nodejstools\TestResults\Itani_DESKTOP-RRA95A8 2016-01-24 02_34_51\Out\TestData\DebuggerProject\BreakpointTest.js 0
Step: ResumeThread
BreakpointHit 0
Step: ResumeThread
EntryPointHit
Step: ResumeProcess
ProcessExited -1</StdOut>
        <ErrorInfo>
          <Message>Assert.Fail failed. Failed to wait on event</Message>
          <StackTrace>   at NodejsTests.Debugger.BaseDebuggerTests.AssertWaited(EventWaitHandle eventObj) in C:\src\nodejstools\Nodejs\Tests\Core\Debugger\BaseDebuggerTests.cs:line 760
   at NodejsTests.Debugger.BaseDebuggerTests.TestDebuggerSteps(NodeDebugger process, NodeThread thread, String filename, IEnumerable`1 steps, Nullable`1 defaultExceptionTreatment, ICollection`1 exceptionTreatments, Boolean waitForExit) in C:\src\nodejstools\Nodejs\Tests\Core\Debugger\BaseDebuggerTests.cs:line 742
   at NodejsTests.Debugger.BaseDebuggerTests.TestDebuggerSteps(String filename, IEnumerable`1 steps, String interpreterOptions, Action`1 onProcessCreated, Nullable`1 defaultExceptionTreatment, ICollection`1 exceptionTreatments, String scriptArguments) in C:\src\nodejstools\Nodejs\Tests\Core\Debugger\BaseDebuggerTests.cs:line 441
   at NodejsTests.Debugger.DebuggerTests.Startup_BreakOnEntryPointTracePoint() in C:\src\nodejstools\Nodejs\Tests\Core\Debugger\DebuggerTests.cs:line 481
</StackTrace>
        </ErrorInfo>
      </Output>
    </UnitTestResult>
    <UnitTestResult executionId="75512f3f-eb85-48a8-8081-8bc496e0677b" testId="2ef75974-914f-1d91-f3b1-4f3850630376" testName="Startup_NoBreakOnEntryPointBreakOn" computerName="DESKTOP-RRA95A8" duration="00:00:10.7356672" startTime="2016-01-24T03:08:32.2837383-08:00" endTime="2016-01-24T03:08:43.0252741-08:00" testType="13cdc9d9-ddb5-4fa4-a97d-d965ccfc6d4b" outcome="Passed" testListId="8c84fa94-04c1-424b-9868-57a2d4851a1d" relativeResultsDirectory="75512f3f-eb85-48a8-8081-8bc496e0677b">
      <Output>
        <StdOut>-----------------------------------------
Begin debugger step test
Step: AddBreakpoint
BreakpointBound C:\src\nodejstools\TestResults\Itani_DESKTOP-RRA95A8 2016-01-24 02_34_51\Out\TestData\DebuggerProject\BreakpointTest.js 0
Step: ResumeThread
EntryPointHit
Step: ResumeThread
ProcessExited -1</StdOut>
      </Output>
    </UnitTestResult>
    <UnitTestResult executionId="454f6a24-6693-4f27-851a-e556990e907e" testId="09617235-e74e-85d9-6c63-3b16e8becc54" testName="Startup_BreakOnEntryPointBreakOn" computerName="DESKTOP-RRA95A8" duration="00:00:10.6886832" startTime="2016-01-24T03:08:43.0350871-08:00" endTime="2016-01-24T03:08:53.7301904-08:00" testType="13cdc9d9-ddb5-4fa4-a97d-d965ccfc6d4b" outcome="Failed" testListId="8c84fa94-04c1-424b-9868-57a2d4851a1d" relativeResultsDirectory="454f6a24-6693-4f27-851a-e556990e907e">
      <Output>
        <StdOut>-----------------------------------------
Begin debugger step test
Step: AddBreakpoint
BreakpointBound C:\src\nodejstools\TestResults\Itani_DESKTOP-RRA95A8 2016-01-24 02_34_51\Out\TestData\DebuggerProject\BreakpointTest.js 0
Step: ResumeThread
EntryPointHit
Step: ResumeProcess
ProcessExited -1</StdOut>
        <ErrorInfo>
          <Message>Assert.Fail failed. Failed to wait on event</Message>
          <StackTrace>   at NodejsTests.Debugger.BaseDebuggerTests.AssertWaited(EventWaitHandle eventObj) in C:\src\nodejstools\Nodejs\Tests\Core\Debugger\BaseDebuggerTests.cs:line 760
   at NodejsTests.Debugger.BaseDebuggerTests.TestDebuggerSteps(NodeDebugger process, NodeThread thread, String filename, IEnumerable`1 steps, Nullable`1 defaultExceptionTreatment, ICollection`1 exceptionTreatments, Boolean waitForExit) in C:\src\nodejstools\Nodejs\Tests\Core\Debugger\BaseDebuggerTests.cs:line 742
   at NodejsTests.Debugger.BaseDebuggerTests.TestDebuggerSteps(String filename, IEnumerable`1 steps, String interpreterOptions, Action`1 onProcessCreated, Nullable`1 defaultExceptionTreatment, ICollection`1 exceptionTreatments, String scriptArguments) in C:\src\nodejstools\Nodejs\Tests\Core\Debugger\BaseDebuggerTests.cs:line 441
   at NodejsTests.Debugger.DebuggerTests.Startup_BreakOnEntryPointBreakOn() in C:\src\nodejstools\Nodejs\Tests\Core\Debugger\DebuggerTests.cs:line 508
</StackTrace>
        </ErrorInfo>
      </Output>
    </UnitTestResult>
    <UnitTestResult executionId="934d3f1d-1a20-46fd-a0d9-53a5edb6f747" testId="6ebb4e07-3687-8f59-ced2-371aa620d7c1" testName="Running_AccrossBreakPoint" computerName="DESKTOP-RRA95A8" duration="00:00:10.7497293" startTime="2016-01-24T03:08:53.7409843-08:00" endTime="2016-01-24T03:09:04.4950022-08:00" testType="13cdc9d9-ddb5-4fa4-a97d-d965ccfc6d4b" outcome="Failed" testListId="8c84fa94-04c1-424b-9868-57a2d4851a1d" relativeResultsDirectory="934d3f1d-1a20-46fd-a0d9-53a5edb6f747">
      <Output>
        <StdOut>-----------------------------------------
Begin debugger step test
Step: AddBreakpoint
BreakpointBound C:\src\nodejstools\TestResults\Itani_DESKTOP-RRA95A8 2016-01-24 02_34_51\Out\TestData\DebuggerProject\BreakpointTest3.js 1
Step: ResumeThread
EntryPointHit
Step: ResumeThread
BreakpointHit 1
Step: ResumeProcess
ProcessExited -1</StdOut>
        <ErrorInfo>
          <Message>Assert.Fail failed. Failed to wait on event</Message>
          <StackTrace>   at NodejsTests.Debugger.BaseDebuggerTests.AssertWaited(EventWaitHandle eventObj) in C:\src\nodejstools\Nodejs\Tests\Core\Debugger\BaseDebuggerTests.cs:line 760
   at NodejsTests.Debugger.BaseDebuggerTests.TestDebuggerSteps(NodeDebugger process, NodeThread thread, String filename, IEnumerable`1 steps, Nullable`1 defaultExceptionTreatment, ICollection`1 exceptionTreatments, Boolean waitForExit) in C:\src\nodejstools\Nodejs\Tests\Core\Debugger\BaseDebuggerTests.cs:line 742
   at NodejsTests.Debugger.BaseDebuggerTests.TestDebuggerSteps(String filename, IEnumerable`1 steps, String interpreterOptions, Action`1 onProcessCreated, Nullable`1 defaultExceptionTreatment, ICollection`1 exceptionTreatments, String scriptArguments) in C:\src\nodejstools\Nodejs\Tests\Core\Debugger\BaseDebuggerTests.cs:line 441
   at NodejsTests.Debugger.DebuggerTests.Running_AccrossBreakPoint() in C:\src\nodejstools\Nodejs\Tests\Core\Debugger\DebuggerTests.cs:line 528
</StackTrace>
        </ErrorInfo>
      </Output>
    </UnitTestResult>
    <UnitTestResult executionId="d5783122-4168-46e3-bb23-50ab8e54735c" testId="4d8d70eb-86be-c387-7885-053ad4c6e374" testName="Running_AccrossTracePoint" computerName="DESKTOP-RRA95A8" duration="00:00:10.8052779" startTime="2016-01-24T03:09:04.5097222-08:00" endTime="2016-01-24T03:09:15.3204790-08:00" testType="13cdc9d9-ddb5-4fa4-a97d-d965ccfc6d4b" outcome="Passed" testListId="8c84fa94-04c1-424b-9868-57a2d4851a1d" relativeResultsDirectory="d5783122-4168-46e3-bb23-50ab8e54735c">
      <Output>
        <StdOut>-----------------------------------------
Begin debugger step test
Step: AddBreakpoint
BreakpointBound C:\src\nodejstools\TestResults\Itani_DESKTOP-RRA95A8 2016-01-24 02_34_51\Out\TestData\DebuggerProject\BreakpointTest3.js 1
Step: ResumeThread
EntryPointHit
Step: ResumeThread
BreakpointHit 1
Step: ResumeThread
ProcessExited -1</StdOut>
      </Output>
    </UnitTestResult>
    <UnitTestResult executionId="c609ef01-4923-4575-b819-176bd82e987c" testId="79fdd438-18f8-0a34-8447-f6cf19674e4f" testName="Stepping_Basic" computerName="DESKTOP-RRA95A8" duration="00:00:11.7818988" startTime="2016-01-24T03:09:15.3391232-08:00" endTime="2016-01-24T03:09:27.1255396-08:00" testType="13cdc9d9-ddb5-4fa4-a97d-d965ccfc6d4b" outcome="Failed" testListId="8c84fa94-04c1-424b-9868-57a2d4851a1d" relativeResultsDirectory="c609ef01-4923-4575-b819-176bd82e987c">
      <Output>
        <StdOut>-----------------------------------------
Begin debugger step test
Step: ResumeThread
EntryPointHit
Step: StepOver
StepComplete
Step: StepOver
StepComplete
Step: StepInto
StepComplete
Step: StepOver
StepComplete
Step: StepOver
StepComplete
Step: StepInto
StepComplete
Step: StepInto
StepComplete
Step: StepInto
StepComplete
Step: StepInto
StepComplete
Step: StepInto
StepComplete
Step: StepInto
StepComplete
Step: StepInto
StepComplete
Step: StepInto
StepComplete
Step: StepInto
StepComplete
Step: StepInto
StepComplete
Step: StepOut
StepComplete
Step: StepOut
StepComplete
Step: ResumeProcess
ProcessExited -1</StdOut>
        <ErrorInfo>
          <Message>Assert.Fail failed. Failed to wait on event</Message>
          <StackTrace>   at NodejsTests.Debugger.BaseDebuggerTests.AssertWaited(EventWaitHandle eventObj) in C:\src\nodejstools\Nodejs\Tests\Core\Debugger\BaseDebuggerTests.cs:line 760
   at NodejsTests.Debugger.BaseDebuggerTests.TestDebuggerSteps(NodeDebugger process, NodeThread thread, String filename, IEnumerable`1 steps, Nullable`1 defaultExceptionTreatment, ICollection`1 exceptionTreatments, Boolean waitForExit) in C:\src\nodejstools\Nodejs\Tests\Core\Debugger\BaseDebuggerTests.cs:line 742
   at NodejsTests.Debugger.BaseDebuggerTests.TestDebuggerSteps(String filename, IEnumerable`1 steps, String interpreterOptions, Action`1 onProcessCreated, Nullable`1 defaultExceptionTreatment, ICollection`1 exceptionTreatments, String scriptArguments) in C:\src\nodejstools\Nodejs\Tests\Core\Debugger\BaseDebuggerTests.cs:line 441
   at NodejsTests.Debugger.DebuggerTests.Stepping_Basic() in C:\src\nodejstools\Nodejs\Tests\Core\Debugger\DebuggerTests.cs:line 558
</StackTrace>
        </ErrorInfo>
      </Output>
    </UnitTestResult>
    <UnitTestResult executionId="37169b37-5033-4c6e-8cb3-092db1c2f09a" testId="4cb7b4c8-ffbf-e203-2246-fb57039f0155" testName="Stepping_AccrossBreakPoints" computerName="DESKTOP-RRA95A8" duration="00:00:12.0791863" startTime="2016-01-24T03:09:27.1686019-08:00" endTime="2016-01-24T03:09:39.2495824-08:00" testType="13cdc9d9-ddb5-4fa4-a97d-d965ccfc6d4b" outcome="Failed" testListId="8c84fa94-04c1-424b-9868-57a2d4851a1d" relativeResultsDirectory="37169b37-5033-4c6e-8cb3-092db1c2f09a">
      <Output>
        <StdOut>-----------------------------------------
Begin debugger step test
Step: AddBreakpoint
BreakpointBound C:\src\nodejstools\TestResults\Itani_DESKTOP-RRA95A8 2016-01-24 02_34_51\Out\TestData\DebuggerProject\SteppingAccrossBreakPoints.js 1
Step: AddBreakpoint
BreakpointBound C:\src\nodejstools\TestResults\Itani_DESKTOP-RRA95A8 2016-01-24 02_34_51\Out\TestData\DebuggerProject\SteppingAccrossBreakPoints.js 2
Step: AddBreakpoint
BreakpointBound C:\src\nodejstools\TestResults\Itani_DESKTOP-RRA95A8 2016-01-24 02_34_51\Out\TestData\DebuggerProject\SteppingAccrossBreakPoints.js 5
Step: AddBreakpoint
BreakpointBound C:\src\nodejstools\TestResults\Itani_DESKTOP-RRA95A8 2016-01-24 02_34_51\Out\TestData\DebuggerProject\SteppingAccrossBreakPoints.js 6
Step: AddBreakpoint
BreakpointBound C:\src\nodejstools\TestResults\Itani_DESKTOP-RRA95A8 2016-01-24 02_34_51\Out\TestData\DebuggerProject\SteppingAccrossBreakPoints.js 7
Step: AddBreakpoint
BreakpointBound C:\src\nodejstools\TestResults\Itani_DESKTOP-RRA95A8 2016-01-24 02_34_51\Out\TestData\DebuggerProject\SteppingAccrossBreakPoints.js 10
Step: AddBreakpoint
BreakpointBound C:\src\nodejstools\TestResults\Itani_DESKTOP-RRA95A8 2016-01-24 02_34_51\Out\TestData\DebuggerProject\SteppingAccrossBreakPoints.js 12
Step: AddBreakpoint
BreakpointBound C:\src\nodejstools\TestResults\Itani_DESKTOP-RRA95A8 2016-01-24 02_34_51\Out\TestData\DebuggerProject\SteppingAccrossBreakPoints.js 13
Step: AddBreakpoint
BreakpointBound C:\src\nodejstools\TestResults\Itani_DESKTOP-RRA95A8 2016-01-24 02_34_51\Out\TestData\DebuggerProject\SteppingAccrossBreakPoints.js 15
Step: AddBreakpoint
BreakpointBound C:\src\nodejstools\TestResults\Itani_DESKTOP-RRA95A8 2016-01-24 02_34_51\Out\TestData\DebuggerProject\SteppingAccrossBreakPoints.js 16
Step: AddBreakpoint
BreakpointBound C:\src\nodejstools\TestResults\Itani_DESKTOP-RRA95A8 2016-01-24 02_34_51\Out\TestData\DebuggerProject\SteppingAccrossBreakPoints.js 18
Step: ResumeThread
EntryPointHit
Step: StepOver
BreakpointHit 10
Step: StepOver
BreakpointHit 5
Step: StepOver
BreakpointHit 6
Step: StepOver
BreakpointHit 1
Step: StepOver
BreakpointHit 2
Step: StepOver
BreakpointHit 7
Step: StepOver
BreakpointHit 12
Step: StepInto
BreakpointHit 13
Step: StepInto
BreakpointHit 5
Step: StepInto
BreakpointHit 6
Step: StepInto
BreakpointHit 1
Step: StepInto
BreakpointHit 2
Step: StepInto
BreakpointHit 7
Step: StepInto
BreakpointHit 15
Step: StepOut
BreakpointHit 16
Step: StepOut
BreakpointHit 5
Step: StepOut
BreakpointHit 6
Step: StepOut
BreakpointHit 1
Step: StepOut
BreakpointHit 2
Step: StepOut
BreakpointHit 7
Step: StepOut
BreakpointHit 18
Step: ResumeProcess
ProcessExited -1</StdOut>
        <ErrorInfo>
          <Message>Assert.Fail failed. Failed to wait on event</Message>
          <StackTrace>   at NodejsTests.Debugger.BaseDebuggerTests.AssertWaited(EventWaitHandle eventObj) in C:\src\nodejstools\Nodejs\Tests\Core\Debugger\BaseDebuggerTests.cs:line 760
   at NodejsTests.Debugger.BaseDebuggerTests.TestDebuggerSteps(NodeDebugger process, NodeThread thread, String filename, IEnumerable`1 steps, Nullable`1 defaultExceptionTreatment, ICollection`1 exceptionTreatments, Boolean waitForExit) in C:\src\nodejstools\Nodejs\Tests\Core\Debugger\BaseDebuggerTests.cs:line 742
   at NodejsTests.Debugger.BaseDebuggerTests.TestDebuggerSteps(String filename, IEnumerable`1 steps, String interpreterOptions, Action`1 onProcessCreated, Nullable`1 defaultExceptionTreatment, ICollection`1 exceptionTreatments, String scriptArguments) in C:\src\nodejstools\Nodejs\Tests\Core\Debugger\BaseDebuggerTests.cs:line 441
   at NodejsTests.Debugger.DebuggerTests.Stepping_AccrossBreakPoints() in C:\src\nodejstools\Nodejs\Tests\Core\Debugger\DebuggerTests.cs:line 590
</StackTrace>
        </ErrorInfo>
      </Output>
    </UnitTestResult>
    <UnitTestResult executionId="c026b89c-6094-49f2-8f21-0b53fdbaf56f" testId="17de3b2f-b78b-b790-e313-97579fb64211" testName="Stepping_AccrossTracePoints" computerName="DESKTOP-RRA95A8" duration="00:00:12.3853520" startTime="2016-01-24T03:09:39.2593917-08:00" endTime="2016-01-24T03:09:51.6476247-08:00" testType="13cdc9d9-ddb5-4fa4-a97d-d965ccfc6d4b" outcome="Failed" testListId="8c84fa94-04c1-424b-9868-57a2d4851a1d" relativeResultsDirectory="c026b89c-6094-49f2-8f21-0b53fdbaf56f">
      <Output>
        <StdOut>-----------------------------------------
Begin debugger step test
Step: AddBreakpoint
BreakpointBound C:\src\nodejstools\TestResults\Itani_DESKTOP-RRA95A8 2016-01-24 02_34_51\Out\TestData\DebuggerProject\SteppingAccrossTracePoints.js 1
Step: AddBreakpoint
BreakpointBound C:\src\nodejstools\TestResults\Itani_DESKTOP-RRA95A8 2016-01-24 02_34_51\Out\TestData\DebuggerProject\SteppingAccrossTracePoints.js 2
Step: AddBreakpoint
BreakpointBound C:\src\nodejstools\TestResults\Itani_DESKTOP-RRA95A8 2016-01-24 02_34_51\Out\TestData\DebuggerProject\SteppingAccrossTracePoints.js 5
Step: AddBreakpoint
BreakpointBound C:\src\nodejstools\TestResults\Itani_DESKTOP-RRA95A8 2016-01-24 02_34_51\Out\TestData\DebuggerProject\SteppingAccrossTracePoints.js 6
Step: AddBreakpoint
BreakpointBound C:\src\nodejstools\TestResults\Itani_DESKTOP-RRA95A8 2016-01-24 02_34_51\Out\TestData\DebuggerProject\SteppingAccrossTracePoints.js 7
Step: AddBreakpoint
BreakpointBound C:\src\nodejstools\TestResults\Itani_DESKTOP-RRA95A8 2016-01-24 02_34_51\Out\TestData\DebuggerProject\SteppingAccrossTracePoints.js 10
Step: AddBreakpoint
BreakpointBound C:\src\nodejstools\TestResults\Itani_DESKTOP-RRA95A8 2016-01-24 02_34_51\Out\TestData\DebuggerProject\SteppingAccrossTracePoints.js 12
Step: AddBreakpoint
BreakpointBound C:\src\nodejstools\TestResults\Itani_DESKTOP-RRA95A8 2016-01-24 02_34_51\Out\TestData\DebuggerProject\SteppingAccrossTracePoints.js 13
Step: AddBreakpoint
BreakpointBound C:\src\nodejstools\TestResults\Itani_DESKTOP-RRA95A8 2016-01-24 02_34_51\Out\TestData\DebuggerProject\SteppingAccrossTracePoints.js 15
Step: AddBreakpoint
BreakpointBound C:\src\nodejstools\TestResults\Itani_DESKTOP-RRA95A8 2016-01-24 02_34_51\Out\TestData\DebuggerProject\SteppingAccrossTracePoints.js 17
Step: ResumeThread
EntryPointHit
Step: StepOver
BreakpointHit 10
Step: ResumeThread
StepComplete
Step: StepOver
BreakpointHit 1
Step: ResumeThread
BreakpointHit 2
Step: ResumeThread
BreakpointHit 12
Step: ResumeThread
StepComplete
Step: StepInto
BreakpointHit 13
Step: ResumeThread
StepComplete
Step: StepInto
BreakpointHit 5
Step: ResumeThread
StepComplete
Step: StepInto
BreakpointHit 6
Step: ResumeThread
StepComplete
Step: StepInto
BreakpointHit 1
Step: ResumeThread
StepComplete
Step: StepInto
BreakpointHit 2
Step: ResumeThread
StepComplete
Step: StepInto
BreakpointHit 7
Step: ResumeThread
StepComplete
Step: StepInto
BreakpointHit 15
Step: ResumeThread
StepComplete
Step: StepInto
BreakpointHit 5
Step: ResumeThread
StepComplete
Step: StepOut
BreakpointHit 6
Step: ResumeThread
BreakpointHit 1
Step: ResumeThread
BreakpointHit 2
Step: ResumeThread
BreakpointHit 7
Step: ResumeThread
BreakpointHit 17
Step: ResumeThread
StepComplete
Step: ResumeProcess
ProcessExited -1</StdOut>
        <ErrorInfo>
          <Message>Assert.Fail failed. Failed to wait on event</Message>
          <StackTrace>   at NodejsTests.Debugger.BaseDebuggerTests.AssertWaited(EventWaitHandle eventObj) in C:\src\nodejstools\Nodejs\Tests\Core\Debugger\BaseDebuggerTests.cs:line 760
   at NodejsTests.Debugger.BaseDebuggerTests.TestDebuggerSteps(NodeDebugger process, NodeThread thread, String filename, IEnumerable`1 steps, Nullable`1 defaultExceptionTreatment, ICollection`1 exceptionTreatments, Boolean waitForExit) in C:\src\nodejstools\Nodejs\Tests\Core\Debugger\BaseDebuggerTests.cs:line 742
   at NodejsTests.Debugger.BaseDebuggerTests.TestDebuggerSteps(String filename, IEnumerable`1 steps, String interpreterOptions, Action`1 onProcessCreated, Nullable`1 defaultExceptionTreatment, ICollection`1 exceptionTreatments, String scriptArguments) in C:\src\nodejstools\Nodejs\Tests\Core\Debugger\BaseDebuggerTests.cs:line 441
   at NodejsTests.Debugger.DebuggerTests.Stepping_AccrossTracePoints() in C:\src\nodejstools\Nodejs\Tests\Core\Debugger\DebuggerTests.cs:line 638
</StackTrace>
        </ErrorInfo>
      </Output>
    </UnitTestResult>
    <UnitTestResult executionId="363fb420-f536-454f-9386-78f62543abcd" testId="cc67ae4d-c9b5-c297-cf93-b5084c27bedb" testName="Stepping_AcrossCaughtExceptions" computerName="DESKTOP-RRA95A8" duration="00:00:11.1165243" startTime="2016-01-24T03:09:51.6564545-08:00" endTime="2016-01-24T03:10:02.7790480-08:00" testType="13cdc9d9-ddb5-4fa4-a97d-d965ccfc6d4b" outcome="Failed" testListId="8c84fa94-04c1-424b-9868-57a2d4851a1d" relativeResultsDirectory="363fb420-f536-454f-9386-78f62543abcd">
      <Output>
        <StdOut>-----------------------------------------
Begin debugger step test
Step: AddBreakpoint
BreakpointBound C:\src\nodejstools\TestResults\Itani_DESKTOP-RRA95A8 2016-01-24 02_34_51\Out\TestData\DebuggerProject\SteppingAcrossCaughtExceptions.js 11
Step: ResumeThread
EntryPointHit
Step: ResumeProcess
BreakpointHit 11
Step: StepInto
StepComplete
Step: StepOut
StepComplete
Step: StepOver
StepComplete
Step: StepOut
StepComplete
Step: ResumeProcess
ProcessExited -1</StdOut>
        <ErrorInfo>
          <Message>Assert.Fail failed. Failed to wait on event</Message>
          <StackTrace>   at NodejsTests.Debugger.BaseDebuggerTests.AssertWaited(EventWaitHandle eventObj) in C:\src\nodejstools\Nodejs\Tests\Core\Debugger\BaseDebuggerTests.cs:line 760
   at NodejsTests.Debugger.BaseDebuggerTests.TestDebuggerSteps(NodeDebugger process, NodeThread thread, String filename, IEnumerable`1 steps, Nullable`1 defaultExceptionTreatment, ICollection`1 exceptionTreatments, Boolean waitForExit) in C:\src\nodejstools\Nodejs\Tests\Core\Debugger\BaseDebuggerTests.cs:line 742
   at NodejsTests.Debugger.BaseDebuggerTests.TestDebuggerSteps(String filename, IEnumerable`1 steps, String interpreterOptions, Action`1 onProcessCreated, Nullable`1 defaultExceptionTreatment, ICollection`1 exceptionTreatments, String scriptArguments) in C:\src\nodejstools\Nodejs\Tests\Core\Debugger\BaseDebuggerTests.cs:line 441
   at NodejsTests.Debugger.DebuggerTests.Stepping_AcrossCaughtExceptions() in C:\src\nodejstools\Nodejs\Tests\Core\Debugger\DebuggerTests.cs:line 692
</StackTrace>
        </ErrorInfo>
      </Output>
    </UnitTestResult>
    <UnitTestResult executionId="1feeda43-cd22-4c9e-b582-7c780d05b974" testId="bdb1e113-1bab-a008-2a59-04e70433a267" testName="DebuggingDownloaded" computerName="DESKTOP-RRA95A8" duration="00:00:00.6152390" startTime="2016-01-24T03:10:02.7849353-08:00" endTime="2016-01-24T03:10:03.4023467-08:00" testType="13cdc9d9-ddb5-4fa4-a97d-d965ccfc6d4b" outcome="Failed" testListId="8c84fa94-04c1-424b-9868-57a2d4851a1d" relativeResultsDirectory="1feeda43-cd22-4c9e-b582-7c780d05b974">
      <Output>
        <StdOut>-----------------------------------------
Begin debugger step test
Step: StepInto
StepComplete
ProcessExited -1</StdOut>
        <ErrorInfo>
          <Message>Assert.AreEqual failed. Expected:&lt;204&gt;. Actual:&lt;213&gt;. </Message>
          <StackTrace>   at NodejsTests.Debugger.BaseDebuggerTests.TestDebuggerSteps(NodeDebugger process, NodeThread thread, String filename, IEnumerable`1 steps, Nullable`1 defaultExceptionTreatment, ICollection`1 exceptionTreatments, Boolean waitForExit) in C:\src\nodejstools\Nodejs\Tests\Core\Debugger\BaseDebuggerTests.cs:line 702
   at NodejsTests.Debugger.BaseDebuggerTests.TestDebuggerSteps(String filename, IEnumerable`1 steps, String interpreterOptions, Action`1 onProcessCreated, Nullable`1 defaultExceptionTreatment, ICollection`1 exceptionTreatments, String scriptArguments) in C:\src\nodejstools\Nodejs\Tests\Core\Debugger\BaseDebuggerTests.cs:line 441
   at NodejsTests.Debugger.DebuggerTests.DebuggingDownloaded() in C:\src\nodejstools\Nodejs\Tests\Core\Debugger\DebuggerTests.cs:line 714
</StackTrace>
        </ErrorInfo>
      </Output>
    </UnitTestResult>
    <UnitTestResult executionId="24ce950b-caff-4840-8b16-ee461884675e" testId="1a818f28-7322-ded1-a1bd-2415f6b59c6c" testName="Breaking_InFunctionPassedFewerThanTakenParms" computerName="DESKTOP-RRA95A8" duration="00:00:10.7375124" startTime="2016-01-24T03:10:03.4068588-08:00" endTime="2016-01-24T03:10:14.1483363-08:00" testType="13cdc9d9-ddb5-4fa4-a97d-d965ccfc6d4b" outcome="Failed" testListId="8c84fa94-04c1-424b-9868-57a2d4851a1d" relativeResultsDirectory="24ce950b-caff-4840-8b16-ee461884675e">
      <Output>
        <StdOut>-----------------------------------------
Begin debugger step test
Step: AddBreakpoint
BreakpointBound C:\src\nodejstools\TestResults\Itani_DESKTOP-RRA95A8 2016-01-24 02_34_51\Out\TestData\DebuggerProject\FunctionPassedFewerThanTakenParms.js 1
Step: ResumeThread
EntryPointHit
Step: ResumeProcess
BreakpointHit 1
Step: ResumeProcess
ProcessExited -1</StdOut>
        <ErrorInfo>
          <Message>Assert.Fail failed. Failed to wait on event</Message>
          <StackTrace>   at NodejsTests.Debugger.BaseDebuggerTests.AssertWaited(EventWaitHandle eventObj) in C:\src\nodejstools\Nodejs\Tests\Core\Debugger\BaseDebuggerTests.cs:line 760
   at NodejsTests.Debugger.BaseDebuggerTests.TestDebuggerSteps(NodeDebugger process, NodeThread thread, String filename, IEnumerable`1 steps, Nullable`1 defaultExceptionTreatment, ICollection`1 exceptionTreatments, Boolean waitForExit) in C:\src\nodejstools\Nodejs\Tests\Core\Debugger\BaseDebuggerTests.cs:line 742
   at NodejsTests.Debugger.BaseDebuggerTests.TestDebuggerSteps(String filename, IEnumerable`1 steps, String interpreterOptions, Action`1 onProcessCreated, Nullable`1 defaultExceptionTreatment, ICollection`1 exceptionTreatments, String scriptArguments) in C:\src\nodejstools\Nodejs\Tests\Core\Debugger\BaseDebuggerTests.cs:line 441
   at NodejsTests.Debugger.DebuggerTests.Breaking_InFunctionPassedFewerThanTakenParms() in C:\src\nodejstools\Nodejs\Tests\Core\Debugger\DebuggerTests.cs:line 752
</StackTrace>
        </ErrorInfo>
      </Output>
    </UnitTestResult>
    <UnitTestResult executionId="fca2b618-5465-4b2a-9362-44cb100cb642" testId="59fb2f79-2017-b8ad-7f98-01fadc124298" testName="Stepping_IntoFunctionPassedFewerThanTakenParms" computerName="DESKTOP-RRA95A8" duration="00:00:10.7130761" startTime="2016-01-24T03:10:14.1738462-08:00" endTime="2016-01-24T03:10:24.8899685-08:00" testType="13cdc9d9-ddb5-4fa4-a97d-d965ccfc6d4b" outcome="Failed" testListId="8c84fa94-04c1-424b-9868-57a2d4851a1d" relativeResultsDirectory="fca2b618-5465-4b2a-9362-44cb100cb642">
      <Output>
        <StdOut>-----------------------------------------
Begin debugger step test
Step: ResumeThread
EntryPointHit
Step: StepInto
StepComplete
Step: ResumeProcess
ProcessExited -1</StdOut>
        <ErrorInfo>
          <Message>Assert.Fail failed. Failed to wait on event</Message>
          <StackTrace>   at NodejsTests.Debugger.BaseDebuggerTests.AssertWaited(EventWaitHandle eventObj) in C:\src\nodejstools\Nodejs\Tests\Core\Debugger\BaseDebuggerTests.cs:line 760
   at NodejsTests.Debugger.BaseDebuggerTests.TestDebuggerSteps(NodeDebugger process, NodeThread thread, String filename, IEnumerable`1 steps, Nullable`1 defaultExceptionTreatment, ICollection`1 exceptionTreatments, Boolean waitForExit) in C:\src\nodejstools\Nodejs\Tests\Core\Debugger\BaseDebuggerTests.cs:line 742
   at NodejsTests.Debugger.BaseDebuggerTests.TestDebuggerSteps(String filename, IEnumerable`1 steps, String interpreterOptions, Action`1 onProcessCreated, Nullable`1 defaultExceptionTreatment, ICollection`1 exceptionTreatments, String scriptArguments) in C:\src\nodejstools\Nodejs\Tests\Core\Debugger\BaseDebuggerTests.cs:line 441
   at NodejsTests.Debugger.DebuggerTests.Stepping_IntoFunctionPassedFewerThanTakenParms() in C:\src\nodejstools\Nodejs\Tests\Core\Debugger\DebuggerTests.cs:line 767
</StackTrace>
        </ErrorInfo>
      </Output>
    </UnitTestResult>
    <UnitTestResult executionId="aa46e06d-1dd5-45d1-b169-b7b790690e5c" testId="96a8ff38-a71f-489e-bcb7-8f8b0060d306" testName="CannonicalHelloWorldTest" computerName="DESKTOP-RRA95A8" duration="00:00:00.8699864" startTime="2016-01-24T03:10:24.8948737-08:00" endTime="2016-01-24T03:10:25.7674675-08:00" testType="13cdc9d9-ddb5-4fa4-a97d-d965ccfc6d4b" outcome="Passed" testListId="8c84fa94-04c1-424b-9868-57a2d4851a1d" relativeResultsDirectory="aa46e06d-1dd5-45d1-b169-b7b790690e5c">
      <Output>
        <StdOut>-----------------------------------------
Begin debugger step test
Step: AddBreakpoint
BreakpointBound C:\src\nodejstools\TestResults\Itani_DESKTOP-RRA95A8 2016-01-24 02_34_51\Out\TestData\DebuggerProject\HelloWorld.js 3
Step: ResumeProcess
Step: None
Step: Wait
BreakpointHit 3
Step: StepOver
StepComplete
Step: ResumeProcess
Step: None
Step: KillProcess
ProcessExited -1</StdOut>
      </Output>
    </UnitTestResult>
    <UnitTestResult executionId="4fffbdbf-f0ef-4427-9f1a-99d3f16a220e" testId="3d79a344-75f6-e578-90ad-665e432ae201" testName="BreakOnFixedUpBreakpoint" computerName="DESKTOP-RRA95A8" duration="00:00:00.8873025" startTime="2016-01-24T03:10:25.7772754-08:00" endTime="2016-01-24T03:10:26.6669340-08:00" testType="13cdc9d9-ddb5-4fa4-a97d-d965ccfc6d4b" outcome="Passed" testListId="8c84fa94-04c1-424b-9868-57a2d4851a1d" relativeResultsDirectory="4fffbdbf-f0ef-4427-9f1a-99d3f16a220e">
      <Output>
        <StdOut>-----------------------------------------
Begin debugger step test
Step: AddBreakpoint
BreakpointBindFailure
Step: ResumeProcess
BreakpointUnbound
BreakpointBound C:\src\nodejstools\TestResults\Itani_DESKTOP-RRA95A8 2016-01-24 02_34_51\Out\TestData\DebuggerProject\HelloWorldWithClosure.js 6
Step: None
Step: Wait
BreakpointHit 6
Step: StepOver
StepComplete
Step: ResumeProcess
Step: None
Step: KillProcess
ProcessExited -1</StdOut>
      </Output>
    </UnitTestResult>
    <UnitTestResult executionId="c78e2a23-96eb-4215-beb7-b0842caeddba" testId="15da28dc-926a-c756-26f1-32a6a04147d6" testName="SetBreakpointWhileRunning" computerName="DESKTOP-RRA95A8" duration="00:00:00.9011895" startTime="2016-01-24T03:10:26.6706967-08:00" endTime="2016-01-24T03:10:27.5732557-08:00" testType="13cdc9d9-ddb5-4fa4-a97d-d965ccfc6d4b" outcome="Passed" testListId="8c84fa94-04c1-424b-9868-57a2d4851a1d" relativeResultsDirectory="c78e2a23-96eb-4215-beb7-b0842caeddba">
      <Output>
        <StdOut>-----------------------------------------
Begin debugger step test
Step: ResumeProcess
Step: AddBreakpoint
BreakpointBound C:\src\nodejstools\TestResults\Itani_DESKTOP-RRA95A8 2016-01-24 02_34_51\Out\TestData\DebuggerProject\RunForever.js 1
Step: Wait
BreakpointHit 1
Step: ResumeProcess
BreakpointHit 1
Step: KillProcess
ProcessExited -1</StdOut>
      </Output>
    </UnitTestResult>
    <UnitTestResult executionId="bf27c65d-0104-47d8-8273-e113e57a37d5" testId="cdd26a69-eb75-039c-858a-54ae69d2c7d4" testName="TestBreakpoints" computerName="DESKTOP-RRA95A8" duration="00:00:10.6788779" startTime="2016-01-24T03:10:27.5781310-08:00" endTime="2016-01-24T03:10:38.2592389-08:00" testType="13cdc9d9-ddb5-4fa4-a97d-d965ccfc6d4b" outcome="Failed" testListId="8c84fa94-04c1-424b-9868-57a2d4851a1d" relativeResultsDirectory="bf27c65d-0104-47d8-8273-e113e57a37d5">
      <Output>
        <StdOut>-----------------------------------------
Begin debugger step test
Step: AddBreakpoint
BreakpointBound C:\src\nodejstools\TestResults\Itani_DESKTOP-RRA95A8 2016-01-24 02_34_51\Out\TestData\DebuggerProject\BreakpointTest.js 0
Step: ResumeThread
BreakpointHit 0
Step: ResumeProcess
ProcessExited -1</StdOut>
        <ErrorInfo>
          <Message>Assert.Fail failed. Failed to wait on event</Message>
          <StackTrace>   at NodejsTests.Debugger.BaseDebuggerTests.AssertWaited(EventWaitHandle eventObj) in C:\src\nodejstools\Nodejs\Tests\Core\Debugger\BaseDebuggerTests.cs:line 760
   at NodejsTests.Debugger.BaseDebuggerTests.TestDebuggerSteps(NodeDebugger process, NodeThread thread, String filename, IEnumerable`1 steps, Nullable`1 defaultExceptionTreatment, ICollection`1 exceptionTreatments, Boolean waitForExit) in C:\src\nodejstools\Nodejs\Tests\Core\Debugger\BaseDebuggerTests.cs:line 742
   at NodejsTests.Debugger.BaseDebuggerTests.TestDebuggerSteps(String filename, IEnumerable`1 steps, String interpreterOptions, Action`1 onProcessCreated, Nullable`1 defaultExceptionTreatment, ICollection`1 exceptionTreatments, String scriptArguments) in C:\src\nodejstools\Nodejs\Tests\Core\Debugger\BaseDebuggerTests.cs:line 441
   at NodejsTests.Debugger.DebuggerTests.TestBreakpoints() in C:\src\nodejstools\Nodejs\Tests\Core\Debugger\DebuggerTests.cs:line 859
</StackTrace>
        </ErrorInfo>
      </Output>
    </UnitTestResult>
    <UnitTestResult executionId="fc3b0d28-09a8-4d87-a64a-6ddcfe593f03" testId="bfb0fdee-c32c-eb11-000f-f283b0d59b2f" testName="TestBreakpoints2" computerName="DESKTOP-RRA95A8" duration="00:00:10.8815100" startTime="2016-01-24T03:10:38.2641448-08:00" endTime="2016-01-24T03:10:49.1484337-08:00" testType="13cdc9d9-ddb5-4fa4-a97d-d965ccfc6d4b" outcome="Failed" testListId="8c84fa94-04c1-424b-9868-57a2d4851a1d" relativeResultsDirectory="fc3b0d28-09a8-4d87-a64a-6ddcfe593f03">
      <Output>
        <StdOut>-----------------------------------------
Begin debugger step test
Step: AddBreakpoint
BreakpointBound C:\src\nodejstools\TestResults\Itani_DESKTOP-RRA95A8 2016-01-24 02_34_51\Out\TestData\DebuggerProject\BreakpointTest2.js 2
Step: ResumeThread
EntryPointHit
Step: ResumeProcess
BreakpointHit 2
Step: ResumeProcess
BreakpointHit 2
Step: ResumeProcess
BreakpointHit 2
Step: ResumeProcess
ProcessExited -1</StdOut>
        <ErrorInfo>
          <Message>Assert.Fail failed. Failed to wait on event</Message>
          <StackTrace>   at NodejsTests.Debugger.BaseDebuggerTests.AssertWaited(EventWaitHandle eventObj) in C:\src\nodejstools\Nodejs\Tests\Core\Debugger\BaseDebuggerTests.cs:line 760
   at NodejsTests.Debugger.BaseDebuggerTests.TestDebuggerSteps(NodeDebugger process, NodeThread thread, String filename, IEnumerable`1 steps, Nullable`1 defaultExceptionTreatment, ICollection`1 exceptionTreatments, Boolean waitForExit) in C:\src\nodejstools\Nodejs\Tests\Core\Debugger\BaseDebuggerTests.cs:line 742
   at NodejsTests.Debugger.BaseDebuggerTests.TestDebuggerSteps(String filename, IEnumerable`1 steps, String interpreterOptions, Action`1 onProcessCreated, Nullable`1 defaultExceptionTreatment, ICollection`1 exceptionTreatments, String scriptArguments) in C:\src\nodejstools\Nodejs\Tests\Core\Debugger\BaseDebuggerTests.cs:line 441
   at NodejsTests.Debugger.DebuggerTests.TestBreakpoints2() in C:\src\nodejstools\Nodejs\Tests\Core\Debugger\DebuggerTests.cs:line 871
</StackTrace>
        </ErrorInfo>
      </Output>
    </UnitTestResult>
    <UnitTestResult executionId="33ee16b7-22f8-4f87-b4d8-690a9c6eacd7" testId="d4cd5c5e-58db-d134-b609-a2ade8b7f6b8" testName="TestBreakpoints3" computerName="DESKTOP-RRA95A8" duration="00:00:10.7561377" startTime="2016-01-24T03:10:49.1592269-08:00" endTime="2016-01-24T03:10:59.9181598-08:00" testType="13cdc9d9-ddb5-4fa4-a97d-d965ccfc6d4b" outcome="Failed" testListId="8c84fa94-04c1-424b-9868-57a2d4851a1d" relativeResultsDirectory="33ee16b7-22f8-4f87-b4d8-690a9c6eacd7">
      <Output>
        <StdOut>-----------------------------------------
Begin debugger step test
Step: AddBreakpoint
BreakpointBound C:\src\nodejstools\TestResults\Itani_DESKTOP-RRA95A8 2016-01-24 02_34_51\Out\TestData\DebuggerProject\BreakpointTest3.js 1
Step: ResumeThread
EntryPointHit
Step: ResumeProcess
BreakpointHit 1
Step: ResumeProcess
ProcessExited -1</StdOut>
        <ErrorInfo>
          <Message>Assert.Fail failed. Failed to wait on event</Message>
          <StackTrace>   at NodejsTests.Debugger.BaseDebuggerTests.AssertWaited(EventWaitHandle eventObj) in C:\src\nodejstools\Nodejs\Tests\Core\Debugger\BaseDebuggerTests.cs:line 760
   at NodejsTests.Debugger.BaseDebuggerTests.TestDebuggerSteps(NodeDebugger process, NodeThread thread, String filename, IEnumerable`1 steps, Nullable`1 defaultExceptionTreatment, ICollection`1 exceptionTreatments, Boolean waitForExit) in C:\src\nodejstools\Nodejs\Tests\Core\Debugger\BaseDebuggerTests.cs:line 742
   at NodejsTests.Debugger.BaseDebuggerTests.TestDebuggerSteps(String filename, IEnumerable`1 steps, String interpreterOptions, Action`1 onProcessCreated, Nullable`1 defaultExceptionTreatment, ICollection`1 exceptionTreatments, String scriptArguments) in C:\src\nodejstools\Nodejs\Tests\Core\Debugger\BaseDebuggerTests.cs:line 441
   at NodejsTests.Debugger.DebuggerTests.TestBreakpoints3() in C:\src\nodejstools\Nodejs\Tests\Core\Debugger\DebuggerTests.cs:line 886
</StackTrace>
        </ErrorInfo>
      </Output>
    </UnitTestResult>
    <UnitTestResult executionId="93dc0e44-c224-4d66-9a46-fb042a4cfd76" testId="671a2a1e-b372-3f20-cc8a-e36140eac5ac" testName="TestBreakpointsConditionals" computerName="DESKTOP-RRA95A8" duration="00:00:10.7291979" startTime="2016-01-24T03:10:59.9274972-08:00" endTime="2016-01-24T03:11:10.6603039-08:00" testType="13cdc9d9-ddb5-4fa4-a97d-d965ccfc6d4b" outcome="Failed" testListId="8c84fa94-04c1-424b-9868-57a2d4851a1d" relativeResultsDirectory="93dc0e44-c224-4d66-9a46-fb042a4cfd76">
      <Output>
        <StdOut>-----------------------------------------
Begin debugger step test
Step: AddBreakpoint
BreakpointBound C:\src\nodejstools\TestResults\Itani_DESKTOP-RRA95A8 2016-01-24 02_34_51\Out\TestData\DebuggerProject\BreakpointTest2.js 2
Step: ResumeThread
EntryPointHit
Step: ResumeProcess
BreakpointHit 2
Step: ResumeProcess
ProcessExited -1</StdOut>
        <ErrorInfo>
          <Message>Assert.Fail failed. Failed to wait on event</Message>
          <StackTrace>   at NodejsTests.Debugger.BaseDebuggerTests.AssertWaited(EventWaitHandle eventObj) in C:\src\nodejstools\Nodejs\Tests\Core\Debugger\BaseDebuggerTests.cs:line 760
   at NodejsTests.Debugger.BaseDebuggerTests.TestDebuggerSteps(NodeDebugger process, NodeThread thread, String filename, IEnumerable`1 steps, Nullable`1 defaultExceptionTreatment, ICollection`1 exceptionTreatments, Boolean waitForExit) in C:\src\nodejstools\Nodejs\Tests\Core\Debugger\BaseDebuggerTests.cs:line 742
   at NodejsTests.Debugger.BaseDebuggerTests.TestDebuggerSteps(String filename, IEnumerable`1 steps, String interpreterOptions, Action`1 onProcessCreated, Nullable`1 defaultExceptionTreatment, ICollection`1 exceptionTreatments, String scriptArguments) in C:\src\nodejstools\Nodejs\Tests\Core\Debugger\BaseDebuggerTests.cs:line 441
   at NodejsTests.Debugger.DebuggerTests.TestBreakpointsConditionals() in C:\src\nodejstools\Nodejs\Tests\Core\Debugger\DebuggerTests.cs:line 899
</StackTrace>
        </ErrorInfo>
      </Output>
    </UnitTestResult>
    <UnitTestResult executionId="28961bda-f99b-471f-8956-586ec09920cd" testId="ab7a4746-ca12-c15e-a385-0cb87bfd7103" testName="TestBreakpointEnable" computerName="DESKTOP-RRA95A8" duration="00:00:10.7745087" startTime="2016-01-24T03:11:10.6740419-08:00" endTime="2016-01-24T03:11:21.4525004-08:00" testType="13cdc9d9-ddb5-4fa4-a97d-d965ccfc6d4b" outcome="Failed" testListId="8c84fa94-04c1-424b-9868-57a2d4851a1d" relativeResultsDirectory="28961bda-f99b-471f-8956-586ec09920cd">
      <Output>
        <StdOut>-----------------------------------------
Begin debugger step test
Step: AddBreakpoint
BreakpointBound C:\src\nodejstools\TestResults\Itani_DESKTOP-RRA95A8 2016-01-24 02_34_51\Out\TestData\DebuggerProject\BreakpointTest2.js 2
Step: AddBreakpoint
BreakpointBound C:\src\nodejstools\TestResults\Itani_DESKTOP-RRA95A8 2016-01-24 02_34_51\Out\TestData\DebuggerProject\BreakpointTest2.js 6
Step: ResumeThread
EntryPointHit
Step: UpdateBreakpoint
Step: ResumeProcess
BreakpointHit 2
Step: UpdateBreakpoint
Step: ResumeProcess
ProcessExited -1</StdOut>
        <ErrorInfo>
          <Message>Assert.Fail failed. Failed to wait on event</Message>
          <StackTrace>   at NodejsTests.Debugger.BaseDebuggerTests.AssertWaited(EventWaitHandle eventObj) in C:\src\nodejstools\Nodejs\Tests\Core\Debugger\BaseDebuggerTests.cs:line 760
   at NodejsTests.Debugger.BaseDebuggerTests.TestDebuggerSteps(NodeDebugger process, NodeThread thread, String filename, IEnumerable`1 steps, Nullable`1 defaultExceptionTreatment, ICollection`1 exceptionTreatments, Boolean waitForExit) in C:\src\nodejstools\Nodejs\Tests\Core\Debugger\BaseDebuggerTests.cs:line 742
   at NodejsTests.Debugger.BaseDebuggerTests.TestDebuggerSteps(String filename, IEnumerable`1 steps, String interpreterOptions, Action`1 onProcessCreated, Nullable`1 defaultExceptionTreatment, ICollection`1 exceptionTreatments, String scriptArguments) in C:\src\nodejstools\Nodejs\Tests\Core\Debugger\BaseDebuggerTests.cs:line 441
   at NodejsTests.Debugger.DebuggerTests.TestBreakpointEnable() in C:\src\nodejstools\Nodejs\Tests\Core\Debugger\DebuggerTests.cs:line 930
</StackTrace>
        </ErrorInfo>
      </Output>
    </UnitTestResult>
    <UnitTestResult executionId="f0777a70-cd32-44dc-8b53-89775a0abc86" testId="64edb8d5-8141-75e0-7fa6-6c09c2fca1bb" testName="TestBreakpointRemove" computerName="DESKTOP-RRA95A8" duration="00:00:10.7515282" startTime="2016-01-24T03:11:21.4583880-08:00" endTime="2016-01-24T03:11:32.2116477-08:00" testType="13cdc9d9-ddb5-4fa4-a97d-d965ccfc6d4b" outcome="Failed" testListId="8c84fa94-04c1-424b-9868-57a2d4851a1d" relativeResultsDirectory="f0777a70-cd32-44dc-8b53-89775a0abc86">
      <Output>
        <StdOut>-----------------------------------------
Begin debugger step test
Step: AddBreakpoint
BreakpointBound C:\src\nodejstools\TestResults\Itani_DESKTOP-RRA95A8 2016-01-24 02_34_51\Out\TestData\DebuggerProject\BreakpointTest2.js 2
Step: ResumeThread
EntryPointHit
Step: ResumeProcess
BreakpointHit 2
Step: RemoveBreakpoint
BreakpointUnbound
Step: ResumeProcess
ProcessExited -1</StdOut>
        <ErrorInfo>
          <Message>Assert.Fail failed. Failed to wait on event</Message>
          <StackTrace>   at NodejsTests.Debugger.BaseDebuggerTests.AssertWaited(EventWaitHandle eventObj) in C:\src\nodejstools\Nodejs\Tests\Core\Debugger\BaseDebuggerTests.cs:line 760
   at NodejsTests.Debugger.BaseDebuggerTests.TestDebuggerSteps(NodeDebugger process, NodeThread thread, String filename, IEnumerable`1 steps, Nullable`1 defaultExceptionTreatment, ICollection`1 exceptionTreatments, Boolean waitForExit) in C:\src\nodejstools\Nodejs\Tests\Core\Debugger\BaseDebuggerTests.cs:line 742
   at NodejsTests.Debugger.BaseDebuggerTests.TestDebuggerSteps(String filename, IEnumerable`1 steps, String interpreterOptions, Action`1 onProcessCreated, Nullable`1 defaultExceptionTreatment, ICollection`1 exceptionTreatments, String scriptArguments) in C:\src\nodejstools\Nodejs\Tests\Core\Debugger\BaseDebuggerTests.cs:line 441
   at NodejsTests.Debugger.DebuggerTests.TestBreakpointRemove() in C:\src\nodejstools\Nodejs\Tests\Core\Debugger\DebuggerTests.cs:line 946
</StackTrace>
        </ErrorInfo>
      </Output>
    </UnitTestResult>
    <UnitTestResult executionId="65d6be14-5382-4b8e-8f2a-5c567e2a2c8b" testId="a17f7b74-a160-7261-a48d-f7431739cec1" testName="TestBreakpointsBreakOn" computerName="DESKTOP-RRA95A8" duration="00:00:11.3572344" startTime="2016-01-24T03:11:32.2194977-08:00" endTime="2016-01-24T03:11:43.5799707-08:00" testType="13cdc9d9-ddb5-4fa4-a97d-d965ccfc6d4b" outcome="Failed" testListId="8c84fa94-04c1-424b-9868-57a2d4851a1d" relativeResultsDirectory="65d6be14-5382-4b8e-8f2a-5c567e2a2c8b">
      <Output>
        <StdOut>-----------------------------------------
Begin debugger step test
Step: AddBreakpoint
BreakpointBound C:\src\nodejstools\TestResults\Itani_DESKTOP-RRA95A8 2016-01-24 02_34_51\Out\TestData\DebuggerProject\BreakpointBreakOn.js 2
Step: ResumeThread
EntryPointHit
Step: ResumeProcess
BreakpointHit 2
Step: ResumeProcess
BreakpointHit 2
Step: ResumeProcess
BreakpointHit 2
Step: ResumeProcess
BreakpointHit 2
Step: ResumeProcess
BreakpointHit 2
Step: ResumeProcess
BreakpointHit 2
Step: ResumeProcess
BreakpointHit 2
Step: ResumeProcess
BreakpointHit 2
Step: ResumeProcess
BreakpointHit 2
Step: ResumeProcess
BreakpointHit 2
Step: ResumeProcess
ProcessExited -1</StdOut>
        <ErrorInfo>
          <Message>Assert.Fail failed. Failed to wait on event</Message>
          <StackTrace>   at NodejsTests.Debugger.BaseDebuggerTests.AssertWaited(EventWaitHandle eventObj) in C:\src\nodejstools\Nodejs\Tests\Core\Debugger\BaseDebuggerTests.cs:line 760
   at NodejsTests.Debugger.BaseDebuggerTests.TestDebuggerSteps(NodeDebugger process, NodeThread thread, String filename, IEnumerable`1 steps, Nullable`1 defaultExceptionTreatment, ICollection`1 exceptionTreatments, Boolean waitForExit) in C:\src\nodejstools\Nodejs\Tests\Core\Debugger\BaseDebuggerTests.cs:line 742
   at NodejsTests.Debugger.BaseDebuggerTests.TestDebuggerSteps(String filename, IEnumerable`1 steps, String interpreterOptions, Action`1 onProcessCreated, Nullable`1 defaultExceptionTreatment, ICollection`1 exceptionTreatments, String scriptArguments) in C:\src\nodejstools\Nodejs\Tests\Core\Debugger\BaseDebuggerTests.cs:line 441
   at NodejsTests.Debugger.DebuggerTests.TestBreakpointsBreakOn() in C:\src\nodejstools\Nodejs\Tests\Core\Debugger\DebuggerTests.cs:line 989
</StackTrace>
        </ErrorInfo>
      </Output>
    </UnitTestResult>
    <UnitTestResult executionId="40064424-985a-4a93-8a68-74d0125ce629" testId="8016723c-60b5-d8f1-edc0-c053750112cf" testName="TestBreakpointsHitCount" computerName="DESKTOP-RRA95A8" duration="00:00:11.0012883" startTime="2016-01-24T03:11:43.5878203-08:00" endTime="2016-01-24T03:11:54.5919991-08:00" testType="13cdc9d9-ddb5-4fa4-a97d-d965ccfc6d4b" outcome="Failed" testListId="8c84fa94-04c1-424b-9868-57a2d4851a1d" relativeResultsDirectory="40064424-985a-4a93-8a68-74d0125ce629">
      <Output>
        <StdOut>-----------------------------------------
Begin debugger step test
Step: AddBreakpoint
BreakpointBound C:\src\nodejstools\TestResults\Itani_DESKTOP-RRA95A8 2016-01-24 02_34_51\Out\TestData\DebuggerProject\BreakpointBreakOn.js 2
Step: ResumeThread
EntryPointHit
Step: ResumeProcess
BreakpointHit 2
Step: StepOver
StepComplete
Step: StepOver
StepComplete
Step: UpdateBreakpoint
Step: None
Step: ResumeProcess
BreakpointHit 2
Step: ResumeProcess
BreakpointHit 2
Step: ResumeProcess
ProcessExited -1</StdOut>
        <ErrorInfo>
          <Message>Assert.Fail failed. Failed to wait on event</Message>
          <StackTrace>   at NodejsTests.Debugger.BaseDebuggerTests.AssertWaited(EventWaitHandle eventObj) in C:\src\nodejstools\Nodejs\Tests\Core\Debugger\BaseDebuggerTests.cs:line 760
   at NodejsTests.Debugger.BaseDebuggerTests.TestDebuggerSteps(NodeDebugger process, NodeThread thread, String filename, IEnumerable`1 steps, Nullable`1 defaultExceptionTreatment, ICollection`1 exceptionTreatments, Boolean waitForExit) in C:\src\nodejstools\Nodejs\Tests\Core\Debugger\BaseDebuggerTests.cs:line 742
   at NodejsTests.Debugger.BaseDebuggerTests.TestDebuggerSteps(String filename, IEnumerable`1 steps, String interpreterOptions, Action`1 onProcessCreated, Nullable`1 defaultExceptionTreatment, ICollection`1 exceptionTreatments, String scriptArguments) in C:\src\nodejstools\Nodejs\Tests\Core\Debugger\BaseDebuggerTests.cs:line 441
   at NodejsTests.Debugger.DebuggerTests.TestBreakpointsHitCount() in C:\src\nodejstools\Nodejs\Tests\Core\Debugger\DebuggerTests.cs:line 1167
</StackTrace>
        </ErrorInfo>
      </Output>
    </UnitTestResult>
    <UnitTestResult executionId="b30412ff-25a4-47bf-b86f-78eb9462efbe" testId="e7f2e4c6-779a-3876-5438-6a1d4caa82ad" testName="TestBreakpointInvalidLineFixup" computerName="DESKTOP-RRA95A8" duration="00:00:10.9639926" startTime="2016-01-24T03:11:54.5988647-08:00" endTime="2016-01-24T03:12:05.5653532-08:00" testType="13cdc9d9-ddb5-4fa4-a97d-d965ccfc6d4b" outcome="Failed" testListId="8c84fa94-04c1-424b-9868-57a2d4851a1d" relativeResultsDirectory="b30412ff-25a4-47bf-b86f-78eb9462efbe">
      <Output>
        <StdOut>-----------------------------------------
Begin debugger step test
Step: AddBreakpoint
BreakpointBindFailure
Step: AddBreakpoint
BreakpointBindFailure
Step: AddBreakpoint
BreakpointBindFailure
Step: ResumeThread
BreakpointUnbound
BreakpointBound C:\src\nodejstools\TestResults\Itani_DESKTOP-RRA95A8 2016-01-24 02_34_51\Out\TestData\DebuggerProject\FixupBreakpointOnComment.js 1
BreakpointHit 1
Step: ResumeThread
EntryPointHit
Step: ResumeProcess
BreakpointUnbound
BreakpointBound C:\src\nodejstools\TestResults\Itani_DESKTOP-RRA95A8 2016-01-24 02_34_51\Out\TestData\DebuggerProject\FixupBreakpointOnComment.js 4
BreakpointHit 4
Step: ResumeProcess
BreakpointUnbound
BreakpointBound C:\src\nodejstools\TestResults\Itani_DESKTOP-RRA95A8 2016-01-24 02_34_51\Out\TestData\DebuggerProject\FixupBreakpointOnComment.js 9
BreakpointHit 9
Step: ResumeProcess
ProcessExited -1</StdOut>
        <ErrorInfo>
          <Message>Assert.Fail failed. Failed to wait on event</Message>
          <StackTrace>   at NodejsTests.Debugger.BaseDebuggerTests.AssertWaited(EventWaitHandle eventObj) in C:\src\nodejstools\Nodejs\Tests\Core\Debugger\BaseDebuggerTests.cs:line 760
   at NodejsTests.Debugger.BaseDebuggerTests.TestDebuggerSteps(NodeDebugger process, NodeThread thread, String filename, IEnumerable`1 steps, Nullable`1 defaultExceptionTreatment, ICollection`1 exceptionTreatments, Boolean waitForExit) in C:\src\nodejstools\Nodejs\Tests\Core\Debugger\BaseDebuggerTests.cs:line 742
   at NodejsTests.Debugger.BaseDebuggerTests.TestDebuggerSteps(String filename, IEnumerable`1 steps, String interpreterOptions, Action`1 onProcessCreated, Nullable`1 defaultExceptionTreatment, ICollection`1 exceptionTreatments, String scriptArguments) in C:\src\nodejstools\Nodejs\Tests\Core\Debugger\BaseDebuggerTests.cs:line 441
   at NodejsTests.Debugger.DebuggerTests.TestBreakpointInvalidLineFixup() in C:\src\nodejstools\Nodejs\Tests\Core\Debugger\DebuggerTests.cs:line 1186
</StackTrace>
        </ErrorInfo>
      </Output>
    </UnitTestResult>
    <UnitTestResult executionId="b20fa789-080b-49af-841e-17c1c391b443" testId="ad69edf5-2a74-5775-9ce1-7334e33d3574" testName="TestBreakpointPredicatedEntrypointNoFixup" computerName="DESKTOP-RRA95A8" duration="00:00:10.6950828" startTime="2016-01-24T03:12:05.5758802-08:00" endTime="2016-01-24T03:12:16.2746375-08:00" testType="13cdc9d9-ddb5-4fa4-a97d-d965ccfc6d4b" outcome="Failed" testListId="8c84fa94-04c1-424b-9868-57a2d4851a1d" relativeResultsDirectory="b20fa789-080b-49af-841e-17c1c391b443">
      <Output>
        <StdOut>-----------------------------------------
Begin debugger step test
Step: AddBreakpoint
BreakpointBound C:\src\nodejstools\TestResults\Itani_DESKTOP-RRA95A8 2016-01-24 02_34_51\Out\TestData\DebuggerProject\BreakpointTest.js 0
Step: ResumeThread
BreakpointHit 0
Step: ResumeProcess
ProcessExited -1</StdOut>
        <ErrorInfo>
          <Message>Assert.Fail failed. Failed to wait on event</Message>
          <StackTrace>   at NodejsTests.Debugger.BaseDebuggerTests.AssertWaited(EventWaitHandle eventObj) in C:\src\nodejstools\Nodejs\Tests\Core\Debugger\BaseDebuggerTests.cs:line 760
   at NodejsTests.Debugger.BaseDebuggerTests.TestDebuggerSteps(NodeDebugger process, NodeThread thread, String filename, IEnumerable`1 steps, Nullable`1 defaultExceptionTreatment, ICollection`1 exceptionTreatments, Boolean waitForExit) in C:\src\nodejstools\Nodejs\Tests\Core\Debugger\BaseDebuggerTests.cs:line 742
   at NodejsTests.Debugger.BaseDebuggerTests.TestDebuggerSteps(String filename, IEnumerable`1 steps, String interpreterOptions, Action`1 onProcessCreated, Nullable`1 defaultExceptionTreatment, ICollection`1 exceptionTreatments, String scriptArguments) in C:\src\nodejstools\Nodejs\Tests\Core\Debugger\BaseDebuggerTests.cs:line 441
   at NodejsTests.Debugger.DebuggerTests.TestBreakpointPredicatedEntrypoint(String filename, Int32 targetBreakpoint, Int32 expectedHit) in C:\src\nodejstools\Nodejs\Tests\Core\Debugger\DebuggerTests.cs:line 1268
   at NodejsTests.Debugger.DebuggerTests.TestBreakpointPredicatedEntrypointNoFixup() in C:\src\nodejstools\Nodejs\Tests\Core\Debugger\DebuggerTests.cs:line 1402
</StackTrace>
        </ErrorInfo>
      </Output>
    </UnitTestResult>
    <UnitTestResult executionId="94b5fb24-de26-412d-8fb9-643689cf7876" testId="e89fe03c-f24b-250b-0c1d-47f1a55c052e" testName="TestBreakpointPredicatedEntrypointBlankLineFixup" computerName="DESKTOP-RRA95A8" duration="00:00:10.6999333" startTime="2016-01-24T03:12:16.2860000-08:00" endTime="2016-01-24T03:12:26.9887289-08:00" testType="13cdc9d9-ddb5-4fa4-a97d-d965ccfc6d4b" outcome="Failed" testListId="8c84fa94-04c1-424b-9868-57a2d4851a1d" relativeResultsDirectory="94b5fb24-de26-412d-8fb9-643689cf7876">
      <Output>
        <StdOut>-----------------------------------------
Begin debugger step test
Step: AddBreakpoint
BreakpointBindFailure
Step: ResumeThread
BreakpointUnbound
BreakpointBound C:\src\nodejstools\TestResults\Itani_DESKTOP-RRA95A8 2016-01-24 02_34_51\Out\TestData\DebuggerProject\FixupBreakpointOnBlankLine.js 2
BreakpointHit 2
Step: ResumeProcess
ProcessExited -1</StdOut>
        <ErrorInfo>
          <Message>Assert.Fail failed. Failed to wait on event</Message>
          <StackTrace>   at NodejsTests.Debugger.BaseDebuggerTests.AssertWaited(EventWaitHandle eventObj) in C:\src\nodejstools\Nodejs\Tests\Core\Debugger\BaseDebuggerTests.cs:line 760
   at NodejsTests.Debugger.BaseDebuggerTests.TestDebuggerSteps(NodeDebugger process, NodeThread thread, String filename, IEnumerable`1 steps, Nullable`1 defaultExceptionTreatment, ICollection`1 exceptionTreatments, Boolean waitForExit) in C:\src\nodejstools\Nodejs\Tests\Core\Debugger\BaseDebuggerTests.cs:line 742
   at NodejsTests.Debugger.BaseDebuggerTests.TestDebuggerSteps(String filename, IEnumerable`1 steps, String interpreterOptions, Action`1 onProcessCreated, Nullable`1 defaultExceptionTreatment, ICollection`1 exceptionTreatments, String scriptArguments) in C:\src\nodejstools\Nodejs\Tests\Core\Debugger\BaseDebuggerTests.cs:line 441
   at NodejsTests.Debugger.DebuggerTests.TestBreakpointPredicatedEntrypoint(String filename, Int32 targetBreakpoint, Int32 expectedHit) in C:\src\nodejstools\Nodejs\Tests\Core\Debugger\DebuggerTests.cs:line 1268
   at NodejsTests.Debugger.DebuggerTests.TestBreakpointPredicatedEntrypointBlankLineFixup() in C:\src\nodejstools\Nodejs\Tests\Core\Debugger\DebuggerTests.cs:line 1407
</StackTrace>
        </ErrorInfo>
      </Output>
    </UnitTestResult>
    <UnitTestResult executionId="aca85fea-e239-4c84-92fc-7a8cf55755aa" testId="81ad0404-2221-456c-959b-f860cd838d05" testName="TestBreakpointPredicatedEntrypointCommentFixup" computerName="DESKTOP-RRA95A8" duration="00:00:10.6914689" startTime="2016-01-24T03:12:26.9955982-08:00" endTime="2016-01-24T03:12:37.6892071-08:00" testType="13cdc9d9-ddb5-4fa4-a97d-d965ccfc6d4b" outcome="Failed" testListId="8c84fa94-04c1-424b-9868-57a2d4851a1d" relativeResultsDirectory="aca85fea-e239-4c84-92fc-7a8cf55755aa">
      <Output>
        <StdOut>-----------------------------------------
Begin debugger step test
Step: AddBreakpoint
BreakpointBindFailure
Step: ResumeThread
BreakpointUnbound
BreakpointBound C:\src\nodejstools\TestResults\Itani_DESKTOP-RRA95A8 2016-01-24 02_34_51\Out\TestData\DebuggerProject\FixupBreakpointOnComment.js 1
BreakpointHit 1
Step: ResumeProcess
ProcessExited -1</StdOut>
        <ErrorInfo>
          <Message>Assert.Fail failed. Failed to wait on event</Message>
          <StackTrace>   at NodejsTests.Debugger.BaseDebuggerTests.AssertWaited(EventWaitHandle eventObj) in C:\src\nodejstools\Nodejs\Tests\Core\Debugger\BaseDebuggerTests.cs:line 760
   at NodejsTests.Debugger.BaseDebuggerTests.TestDebuggerSteps(NodeDebugger process, NodeThread thread, String filename, IEnumerable`1 steps, Nullable`1 defaultExceptionTreatment, ICollection`1 exceptionTreatments, Boolean waitForExit) in C:\src\nodejstools\Nodejs\Tests\Core\Debugger\BaseDebuggerTests.cs:line 742
   at NodejsTests.Debugger.BaseDebuggerTests.TestDebuggerSteps(String filename, IEnumerable`1 steps, String interpreterOptions, Action`1 onProcessCreated, Nullable`1 defaultExceptionTreatment, ICollection`1 exceptionTreatments, String scriptArguments) in C:\src\nodejstools\Nodejs\Tests\Core\Debugger\BaseDebuggerTests.cs:line 441
   at NodejsTests.Debugger.DebuggerTests.TestBreakpointPredicatedEntrypoint(String filename, Int32 targetBreakpoint, Int32 expectedHit) in C:\src\nodejstools\Nodejs\Tests\Core\Debugger\DebuggerTests.cs:line 1268
   at NodejsTests.Debugger.DebuggerTests.TestBreakpointPredicatedEntrypointCommentFixup() in C:\src\nodejstools\Nodejs\Tests\Core\Debugger\DebuggerTests.cs:line 1412
</StackTrace>
        </ErrorInfo>
      </Output>
    </UnitTestResult>
    <UnitTestResult executionId="8f9a7e8f-8969-476a-b9d8-feae6fc87a0b" testId="795a2860-4e08-4924-b3a0-107349dedc7a" testName="TestDuplicateFileName" computerName="DESKTOP-RRA95A8" duration="00:00:10.8208888" startTime="2016-01-24T03:12:37.6999992-08:00" endTime="2016-01-24T03:12:48.5241814-08:00" testType="13cdc9d9-ddb5-4fa4-a97d-d965ccfc6d4b" outcome="Passed" testListId="8c84fa94-04c1-424b-9868-57a2d4851a1d" relativeResultsDirectory="8f9a7e8f-8969-476a-b9d8-feae6fc87a0b">
      <Output>
        <StdOut>-----------------------------------------
Begin debugger step test
Step: AddBreakpoint
BreakpointBindFailure
Step: ResumeThread
EntryPointHit
Step: ResumeThread
BreakpointUnbound
BreakpointBound C:\src\nodejstools\TestResults\Itani_DESKTOP-RRA95A8 2016-01-24 02_34_51\Out\TestData\DebuggerProject\Directory\DuppedFilename.js 1
BreakpointHit 1
Step: StepOut
StepComplete
ProcessExited -1</StdOut>
      </Output>
    </UnitTestResult>
    <UnitTestResult executionId="92e70840-63cc-4c98-8011-954e66af3b20" testId="33a84db1-e9dd-3ee3-fe47-0c9e4614fa0c" testName="TestExceptions" computerName="DESKTOP-RRA95A8" duration="00:00:10.6842440" startTime="2016-01-24T03:12:48.5310168-08:00" endTime="2016-01-24T03:12:59.2188124-08:00" testType="13cdc9d9-ddb5-4fa4-a97d-d965ccfc6d4b" outcome="Failed" testListId="8c84fa94-04c1-424b-9868-57a2d4851a1d" relativeResultsDirectory="92e70840-63cc-4c98-8011-954e66af3b20">
      <Output>
        <StdOut>-----------------------------------------
Begin debugger step test
Step: ResumeProcess
ExceptionRaised
Step: ResumeProcess
ProcessExited -1</StdOut>
        <ErrorInfo>
          <Message>Assert.Fail failed. Failed to wait on event</Message>
          <StackTrace>   at NodejsTests.Debugger.BaseDebuggerTests.AssertWaited(EventWaitHandle eventObj) in C:\src\nodejstools\Nodejs\Tests\Core\Debugger\BaseDebuggerTests.cs:line 760
   at NodejsTests.Debugger.BaseDebuggerTests.TestDebuggerSteps(NodeDebugger process, NodeThread thread, String filename, IEnumerable`1 steps, Nullable`1 defaultExceptionTreatment, ICollection`1 exceptionTreatments, Boolean waitForExit) in C:\src\nodejstools\Nodejs\Tests\Core\Debugger\BaseDebuggerTests.cs:line 742
   at NodejsTests.Debugger.BaseDebuggerTests.TestDebuggerSteps(String filename, IEnumerable`1 steps, String interpreterOptions, Action`1 onProcessCreated, Nullable`1 defaultExceptionTreatment, ICollection`1 exceptionTreatments, String scriptArguments) in C:\src\nodejstools\Nodejs\Tests\Core\Debugger\BaseDebuggerTests.cs:line 441
   at NodejsTests.Debugger.BaseDebuggerTests.TestExceptions(String filename, Nullable`1 defaultExceptionTreatment, ICollection`1 exceptionTreatments, Int32 expectedExitCode, ExceptionInfo[] exceptions) in C:\src\nodejstools\Nodejs\Tests\Core\Debugger\BaseDebuggerTests.cs:line 328
   at NodejsTests.Debugger.DebuggerTests.TestExceptions() in C:\src\nodejstools\Nodejs\Tests\Core\Debugger\DebuggerTests.cs:line 1452
</StackTrace>
        </ErrorInfo>
      </Output>
    </UnitTestResult>
    <UnitTestResult executionId="75ee24f7-e638-497d-bff1-e2f02c7fdc83" testId="c1751afa-b138-cff4-3d8c-f7874c92cebe" testName="TestExceptionsTypes" computerName="DESKTOP-RRA95A8" duration="00:00:00.8123004" startTime="2016-01-24T03:12:59.2286254-08:00" endTime="2016-01-24T03:13:00.0441029-08:00" testType="13cdc9d9-ddb5-4fa4-a97d-d965ccfc6d4b" outcome="Failed" testListId="8c84fa94-04c1-424b-9868-57a2d4851a1d" relativeResultsDirectory="75ee24f7-e638-497d-bff1-e2f02c7fdc83">
      <Output>
        <StdOut>-----------------------------------------
Begin debugger step test
Step: ResumeProcess
ExceptionRaised
Step: ResumeProcess
ExceptionRaised
Step: ResumeProcess
ExceptionRaised
Step: ResumeProcess
ExceptionRaised
ProcessExited -1</StdOut>
        <ErrorInfo>
          <Message>Assert.AreEqual failed. Expected:&lt;TypeError: Object UserStringValue has no method 'UndefinedFunction'&gt;. Actual:&lt;TypeError: undefined is not a function&gt;. </Message>
          <StackTrace>   at NodejsTests.Debugger.BaseDebuggerTests.TestDebuggerSteps(NodeDebugger process, NodeThread thread, String filename, IEnumerable`1 steps, Nullable`1 defaultExceptionTreatment, ICollection`1 exceptionTreatments, Boolean waitForExit) in C:\src\nodejstools\Nodejs\Tests\Core\Debugger\BaseDebuggerTests.cs:line 705
   at NodejsTests.Debugger.BaseDebuggerTests.TestDebuggerSteps(String filename, IEnumerable`1 steps, String interpreterOptions, Action`1 onProcessCreated, Nullable`1 defaultExceptionTreatment, ICollection`1 exceptionTreatments, String scriptArguments) in C:\src\nodejstools\Nodejs\Tests\Core\Debugger\BaseDebuggerTests.cs:line 441
   at NodejsTests.Debugger.BaseDebuggerTests.TestExceptions(String filename, Nullable`1 defaultExceptionTreatment, ICollection`1 exceptionTreatments, Int32 expectedExitCode, ExceptionInfo[] exceptions) in C:\src\nodejstools\Nodejs\Tests\Core\Debugger\BaseDebuggerTests.cs:line 328
   at NodejsTests.Debugger.DebuggerTests.TestExceptionsTypes() in C:\src\nodejstools\Nodejs\Tests\Core\Debugger\DebuggerTests.cs:line 1552
</StackTrace>
        </ErrorInfo>
      </Output>
    </UnitTestResult>
    <UnitTestResult executionId="aff9b785-26bc-46f9-b236-a22b61b9c535" testId="0c5987a7-24b7-0c07-176b-2d0528370972" testName="TestComplexExceptions" computerName="DESKTOP-RRA95A8" duration="00:00:10.9878316" startTime="2016-01-24T03:13:00.0519506-08:00" endTime="2016-01-24T03:13:11.0448041-08:00" testType="13cdc9d9-ddb5-4fa4-a97d-d965ccfc6d4b" outcome="Failed" testListId="8c84fa94-04c1-424b-9868-57a2d4851a1d" relativeResultsDirectory="aff9b785-26bc-46f9-b236-a22b61b9c535">
      <Output>
        <StdOut>-----------------------------------------
Begin debugger step test
Step: ResumeProcess
ExceptionRaised
Step: ResumeProcess
ExceptionRaised
Step: ResumeProcess
ExceptionRaised
Step: ResumeProcess
ExceptionRaised
Step: ResumeProcess
ExceptionRaised
Step: ResumeProcess
ExceptionRaised
Step: ResumeProcess
ProcessExited -1</StdOut>
        <ErrorInfo>
          <Message>Assert.Fail failed. Failed to wait on event</Message>
          <StackTrace>   at NodejsTests.Debugger.BaseDebuggerTests.AssertWaited(EventWaitHandle eventObj) in C:\src\nodejstools\Nodejs\Tests\Core\Debugger\BaseDebuggerTests.cs:line 760
   at NodejsTests.Debugger.BaseDebuggerTests.TestDebuggerSteps(NodeDebugger process, NodeThread thread, String filename, IEnumerable`1 steps, Nullable`1 defaultExceptionTreatment, ICollection`1 exceptionTreatments, Boolean waitForExit) in C:\src\nodejstools\Nodejs\Tests\Core\Debugger\BaseDebuggerTests.cs:line 742
   at NodejsTests.Debugger.BaseDebuggerTests.TestDebuggerSteps(String filename, IEnumerable`1 steps, String interpreterOptions, Action`1 onProcessCreated, Nullable`1 defaultExceptionTreatment, ICollection`1 exceptionTreatments, String scriptArguments) in C:\src\nodejstools\Nodejs\Tests\Core\Debugger\BaseDebuggerTests.cs:line 441
   at NodejsTests.Debugger.BaseDebuggerTests.TestExceptions(String filename, Nullable`1 defaultExceptionTreatment, ICollection`1 exceptionTreatments, Int32 expectedExitCode, ExceptionInfo[] exceptions) in C:\src\nodejstools\Nodejs\Tests\Core\Debugger\BaseDebuggerTests.cs:line 328
   at NodejsTests.Debugger.DebuggerTests.TestComplexExceptions() in C:\src\nodejstools\Nodejs\Tests\Core\Debugger\DebuggerTests.cs:line 1575
</StackTrace>
        </ErrorInfo>
      </Output>
    </UnitTestResult>
    <UnitTestResult executionId="f9baf650-c9d6-4eb2-ae8e-5b5cb9be3420" testId="9db528cd-051f-fa55-c61f-f599401fea74" testName="TestRequireExceptions" computerName="DESKTOP-RRA95A8" duration="00:00:10.5903549" startTime="2016-01-24T03:13:11.0546156-08:00" endTime="2016-01-24T03:13:21.6479598-08:00" testType="13cdc9d9-ddb5-4fa4-a97d-d965ccfc6d4b" outcome="Failed" testListId="8c84fa94-04c1-424b-9868-57a2d4851a1d" relativeResultsDirectory="f9baf650-c9d6-4eb2-ae8e-5b5cb9be3420">
      <Output>
        <StdOut>-----------------------------------------
Begin debugger step test
Step: ResumeProcess
ProcessExited -1</StdOut>
        <ErrorInfo>
          <Message>Assert.Fail failed. Failed to wait on event</Message>
          <StackTrace>   at NodejsTests.Debugger.BaseDebuggerTests.AssertWaited(EventWaitHandle eventObj) in C:\src\nodejstools\Nodejs\Tests\Core\Debugger\BaseDebuggerTests.cs:line 760
   at NodejsTests.Debugger.BaseDebuggerTests.TestDebuggerSteps(NodeDebugger process, NodeThread thread, String filename, IEnumerable`1 steps, Nullable`1 defaultExceptionTreatment, ICollection`1 exceptionTreatments, Boolean waitForExit) in C:\src\nodejstools\Nodejs\Tests\Core\Debugger\BaseDebuggerTests.cs:line 742
   at NodejsTests.Debugger.BaseDebuggerTests.TestDebuggerSteps(String filename, IEnumerable`1 steps, String interpreterOptions, Action`1 onProcessCreated, Nullable`1 defaultExceptionTreatment, ICollection`1 exceptionTreatments, String scriptArguments) in C:\src\nodejstools\Nodejs\Tests\Core\Debugger\BaseDebuggerTests.cs:line 441
   at NodejsTests.Debugger.BaseDebuggerTests.TestExceptions(String filename, Nullable`1 defaultExceptionTreatment, ICollection`1 exceptionTreatments, Int32 expectedExitCode, ExceptionInfo[] exceptions) in C:\src\nodejstools\Nodejs\Tests\Core\Debugger\BaseDebuggerTests.cs:line 328
   at NodejsTests.Debugger.DebuggerTests.TestRequireExceptions() in C:\src\nodejstools\Nodejs\Tests\Core\Debugger\DebuggerTests.cs:line 1597
</StackTrace>
        </ErrorInfo>
      </Output>
    </UnitTestResult>
    <UnitTestResult executionId="2afac78a-7218-42de-9cb1-7d718898258d" testId="b8d25fe9-04f7-6161-978d-339a6feb5746" testName="TestExceptionInEvaluatedCode" computerName="DESKTOP-RRA95A8" duration="00:00:00.7008578" startTime="2016-01-24T03:13:21.6534722-08:00" endTime="2016-01-24T03:13:22.3564662-08:00" testType="13cdc9d9-ddb5-4fa4-a97d-d965ccfc6d4b" outcome="Failed" testListId="8c84fa94-04c1-424b-9868-57a2d4851a1d" relativeResultsDirectory="2afac78a-7218-42de-9cb1-7d718898258d">
      <Output>
        <StdOut>-----------------------------------------
Begin debugger step test
Step: ResumeThread
EntryPointHit
Step: StepOver
StepComplete
Step: StepOver
ExceptionRaised
ProcessExited -1</StdOut>
        <ErrorInfo>
          <Message>Assert.AreEqual failed. Expected:&lt;0&gt;. Actual:&lt;2&gt;. </Message>
          <StackTrace>   at NodejsTests.Debugger.BaseDebuggerTests.TestDebuggerSteps(NodeDebugger process, NodeThread thread, String filename, IEnumerable`1 steps, Nullable`1 defaultExceptionTreatment, ICollection`1 exceptionTreatments, Boolean waitForExit) in C:\src\nodejstools\Nodejs\Tests\Core\Debugger\BaseDebuggerTests.cs:line 707
   at NodejsTests.Debugger.BaseDebuggerTests.TestDebuggerSteps(String filename, IEnumerable`1 steps, String interpreterOptions, Action`1 onProcessCreated, Nullable`1 defaultExceptionTreatment, ICollection`1 exceptionTreatments, String scriptArguments) in C:\src\nodejstools\Nodejs\Tests\Core\Debugger\BaseDebuggerTests.cs:line 441
   at NodejsTests.Debugger.DebuggerTests.TestExceptionInEvaluatedCode() in C:\src\nodejstools\Nodejs\Tests\Core\Debugger\DebuggerTests.cs:line 1612
</StackTrace>
        </ErrorInfo>
      </Output>
    </UnitTestResult>
    <UnitTestResult executionId="d321d42d-1051-4435-b8ab-fc1846a05672" testId="3c9a9ba6-1191-77bb-d230-b01888a8a40a" testName="Stepping_AccrossDeepThrow" computerName="DESKTOP-RRA95A8" duration="00:00:10.7135885" startTime="2016-01-24T03:13:22.3628626-08:00" endTime="2016-01-24T03:13:33.0787059-08:00" testType="13cdc9d9-ddb5-4fa4-a97d-d965ccfc6d4b" outcome="Failed" testListId="8c84fa94-04c1-424b-9868-57a2d4851a1d" relativeResultsDirectory="d321d42d-1051-4435-b8ab-fc1846a05672">
      <Output>
        <StdOut>-----------------------------------------
Begin debugger step test
Step: ResumeThread
EntryPointHit
Step: StepOver
StepComplete
Step: ResumeProcess
ProcessExited -1</StdOut>
        <ErrorInfo>
          <Message>Assert.Fail failed. Failed to wait on event</Message>
          <StackTrace>   at NodejsTests.Debugger.BaseDebuggerTests.AssertWaited(EventWaitHandle eventObj) in C:\src\nodejstools\Nodejs\Tests\Core\Debugger\BaseDebuggerTests.cs:line 760
   at NodejsTests.Debugger.BaseDebuggerTests.TestDebuggerSteps(NodeDebugger process, NodeThread thread, String filename, IEnumerable`1 steps, Nullable`1 defaultExceptionTreatment, ICollection`1 exceptionTreatments, Boolean waitForExit) in C:\src\nodejstools\Nodejs\Tests\Core\Debugger\BaseDebuggerTests.cs:line 742
   at NodejsTests.Debugger.BaseDebuggerTests.TestDebuggerSteps(String filename, IEnumerable`1 steps, String interpreterOptions, Action`1 onProcessCreated, Nullable`1 defaultExceptionTreatment, ICollection`1 exceptionTreatments, String scriptArguments) in C:\src\nodejstools\Nodejs\Tests\Core\Debugger\BaseDebuggerTests.cs:line 441
   at NodejsTests.Debugger.DebuggerTests.Stepping_AccrossDeepThrow() in C:\src\nodejstools\Nodejs\Tests\Core\Debugger\DebuggerTests.cs:line 1631
</StackTrace>
        </ErrorInfo>
      </Output>
    </UnitTestResult>
    <UnitTestResult executionId="d9383aa2-721b-4686-aa42-1653bd39e81c" testId="c6686b5a-e730-99e9-3a89-90fb4c2a3423" testName="Stepping_AccrossDeepTracePoint" computerName="DESKTOP-RRA95A8" duration="00:00:11.8229922" startTime="2016-01-24T03:13:33.0865554-08:00" endTime="2016-01-24T03:13:44.9126941-08:00" testType="13cdc9d9-ddb5-4fa4-a97d-d965ccfc6d4b" outcome="Failed" testListId="8c84fa94-04c1-424b-9868-57a2d4851a1d" relativeResultsDirectory="d9383aa2-721b-4686-aa42-1653bd39e81c">
      <Output>
        <StdOut>-----------------------------------------
Begin debugger step test
Step: AddBreakpoint
BreakpointBound C:\src\nodejstools\TestResults\Itani_DESKTOP-RRA95A8 2016-01-24 02_34_51\Out\TestData\DebuggerProject\DeepCallstack.js 3
Step: ResumeThread
EntryPointHit
Step: StepOver
StepComplete
Step: StepOver
BreakpointHit 3
Step: ResumeThread
StepComplete
Step: ResumeProcess
ProcessExited -1</StdOut>
        <ErrorInfo>
          <Message>Assert.Fail failed. Failed to wait on event</Message>
          <StackTrace>   at NodejsTests.Debugger.BaseDebuggerTests.AssertWaited(EventWaitHandle eventObj) in C:\src\nodejstools\Nodejs\Tests\Core\Debugger\BaseDebuggerTests.cs:line 760
   at NodejsTests.Debugger.BaseDebuggerTests.TestDebuggerSteps(NodeDebugger process, NodeThread thread, String filename, IEnumerable`1 steps, Nullable`1 defaultExceptionTreatment, ICollection`1 exceptionTreatments, Boolean waitForExit) in C:\src\nodejstools\Nodejs\Tests\Core\Debugger\BaseDebuggerTests.cs:line 742
   at NodejsTests.Debugger.BaseDebuggerTests.TestDebuggerSteps(String filename, IEnumerable`1 steps, String interpreterOptions, Action`1 onProcessCreated, Nullable`1 defaultExceptionTreatment, ICollection`1 exceptionTreatments, String scriptArguments) in C:\src\nodejstools\Nodejs\Tests\Core\Debugger\BaseDebuggerTests.cs:line 441
   at NodejsTests.Debugger.DebuggerTests.Stepping_AccrossDeepTracePoint() in C:\src\nodejstools\Nodejs\Tests\Core\Debugger\DebuggerTests.cs:line 1645
</StackTrace>
        </ErrorInfo>
      </Output>
    </UnitTestResult>
    <UnitTestResult executionId="4f894324-183c-43ea-8a20-2153b3435545" testId="5212e677-7370-96db-7d97-8f13450819da" testName="Stepping_AccrossDeepFixedUpTracePoint" computerName="DESKTOP-RRA95A8" duration="00:00:12.0525568" startTime="2016-01-24T03:13:44.9215261-08:00" endTime="2016-01-24T03:13:56.9767009-08:00" testType="13cdc9d9-ddb5-4fa4-a97d-d965ccfc6d4b" outcome="Failed" testListId="8c84fa94-04c1-424b-9868-57a2d4851a1d" relativeResultsDirectory="4f894324-183c-43ea-8a20-2153b3435545">
      <Output>
        <StdOut>-----------------------------------------
Begin debugger step test
Step: AddBreakpoint
BreakpointBindFailure
Step: ResumeThread
EntryPointHit
Step: StepOver
StepComplete
Step: StepOver
BreakpointUnbound
BreakpointBound C:\src\nodejstools\TestResults\Itani_DESKTOP-RRA95A8 2016-01-24 02_34_51\Out\TestData\DebuggerProject\DeepCallstack.js 3
BreakpointHit 3
Step: ResumeThread
StepComplete
Step: ResumeProcess
ProcessExited -1</StdOut>
        <ErrorInfo>
          <Message>Assert.Fail failed. Failed to wait on event</Message>
          <StackTrace>   at NodejsTests.Debugger.BaseDebuggerTests.AssertWaited(EventWaitHandle eventObj) in C:\src\nodejstools\Nodejs\Tests\Core\Debugger\BaseDebuggerTests.cs:line 760
   at NodejsTests.Debugger.BaseDebuggerTests.TestDebuggerSteps(NodeDebugger process, NodeThread thread, String filename, IEnumerable`1 steps, Nullable`1 defaultExceptionTreatment, ICollection`1 exceptionTreatments, Boolean waitForExit) in C:\src\nodejstools\Nodejs\Tests\Core\Debugger\BaseDebuggerTests.cs:line 742
   at NodejsTests.Debugger.BaseDebuggerTests.TestDebuggerSteps(String filename, IEnumerable`1 steps, String interpreterOptions, Action`1 onProcessCreated, Nullable`1 defaultExceptionTreatment, ICollection`1 exceptionTreatments, String scriptArguments) in C:\src\nodejstools\Nodejs\Tests\Core\Debugger\BaseDebuggerTests.cs:line 441
   at NodejsTests.Debugger.DebuggerTests.Stepping_AccrossDeepFixedUpTracePoint() in C:\src\nodejstools\Nodejs\Tests\Core\Debugger\DebuggerTests.cs:line 1660
</StackTrace>
        </ErrorInfo>
      </Output>
    </UnitTestResult>
    <UnitTestResult executionId="429e84fb-7ae2-4760-b627-f5e6a8f2e6db" testId="006078c2-d29f-3d72-a114-1f6f5d1607f5" testName="TestModuleLoad" computerName="DESKTOP-RRA95A8" duration="00:00:10.6123749" startTime="2016-01-24T03:13:56.9884766-08:00" endTime="2016-01-24T03:14:07.6043180-08:00" testType="13cdc9d9-ddb5-4fa4-a97d-d965ccfc6d4b" outcome="Failed" testListId="8c84fa94-04c1-424b-9868-57a2d4851a1d" relativeResultsDirectory="429e84fb-7ae2-4760-b627-f5e6a8f2e6db">
      <Output>
        <StdOut>-----------------------------------------
Begin debugger step test
Step: ResumeProcess
ProcessExited -1</StdOut>
        <ErrorInfo>
          <Message>Assert.Fail failed. Failed to wait on event</Message>
          <StackTrace>   at NodejsTests.Debugger.BaseDebuggerTests.AssertWaited(EventWaitHandle eventObj) in C:\src\nodejstools\Nodejs\Tests\Core\Debugger\BaseDebuggerTests.cs:line 760
   at NodejsTests.Debugger.BaseDebuggerTests.TestDebuggerSteps(NodeDebugger process, NodeThread thread, String filename, IEnumerable`1 steps, Nullable`1 defaultExceptionTreatment, ICollection`1 exceptionTreatments, Boolean waitForExit) in C:\src\nodejstools\Nodejs\Tests\Core\Debugger\BaseDebuggerTests.cs:line 742
   at NodejsTests.Debugger.BaseDebuggerTests.TestDebuggerSteps(String filename, IEnumerable`1 steps, String interpreterOptions, Action`1 onProcessCreated, Nullable`1 defaultExceptionTreatment, ICollection`1 exceptionTreatments, String scriptArguments) in C:\src\nodejstools\Nodejs\Tests\Core\Debugger\BaseDebuggerTests.cs:line 441
   at NodejsTests.Debugger.DebuggerTests.TestModuleLoad(String filename, String[] expectedModulesLoaded) in C:\src\nodejstools\Nodejs\Tests\Core\Debugger\DebuggerTests.cs:line 1693
   at NodejsTests.Debugger.DebuggerTests.TestModuleLoad() in C:\src\nodejstools\Nodejs\Tests\Core\Debugger\DebuggerTests.cs:line 1679
</StackTrace>
        </ErrorInfo>
      </Output>
    </UnitTestResult>
    <UnitTestResult executionId="c6f4aff3-d37a-419c-ac16-334503dcb235" testId="4102fb38-8c1d-fcf3-f680-53588b1c9b78" testName="TestExitNormal" computerName="DESKTOP-RRA95A8" duration="00:00:10.6478370" startTime="2016-01-24T03:14:07.6160926-08:00" endTime="2016-01-24T03:14:18.2663051-08:00" testType="13cdc9d9-ddb5-4fa4-a97d-d965ccfc6d4b" outcome="Failed" testListId="8c84fa94-04c1-424b-9868-57a2d4851a1d" relativeResultsDirectory="c6f4aff3-d37a-419c-ac16-334503dcb235">
      <Output>
        <StdOut>-----------------------------------------
Begin debugger step test
Step: ResumeThread
EntryPointHit
Step: ResumeProcess
ProcessExited -1</StdOut>
        <ErrorInfo>
          <Message>Assert.Fail failed. Failed to wait on event</Message>
          <StackTrace>   at NodejsTests.Debugger.BaseDebuggerTests.AssertWaited(EventWaitHandle eventObj) in C:\src\nodejstools\Nodejs\Tests\Core\Debugger\BaseDebuggerTests.cs:line 760
   at NodejsTests.Debugger.BaseDebuggerTests.TestDebuggerSteps(NodeDebugger process, NodeThread thread, String filename, IEnumerable`1 steps, Nullable`1 defaultExceptionTreatment, ICollection`1 exceptionTreatments, Boolean waitForExit) in C:\src\nodejstools\Nodejs\Tests\Core\Debugger\BaseDebuggerTests.cs:line 742
   at NodejsTests.Debugger.BaseDebuggerTests.TestDebuggerSteps(String filename, IEnumerable`1 steps, String interpreterOptions, Action`1 onProcessCreated, Nullable`1 defaultExceptionTreatment, ICollection`1 exceptionTreatments, String scriptArguments) in C:\src\nodejstools\Nodejs\Tests\Core\Debugger\BaseDebuggerTests.cs:line 441
   at NodejsTests.Debugger.DebuggerTests.TestExitNormal() in C:\src\nodejstools\Nodejs\Tests\Core\Debugger\DebuggerTests.cs:line 1726
</StackTrace>
        </ErrorInfo>
      </Output>
    </UnitTestResult>
    <UnitTestResult executionId="c3a64cfb-c58d-4cdc-b9ff-a961ed2e752c" testId="56c63d12-affc-7d4e-a992-e6c381721b00" testName="TestExitException" computerName="DESKTOP-RRA95A8" duration="00:00:00.7104618" startTime="2016-01-24T03:14:18.2751331-08:00" endTime="2016-01-24T03:14:18.9884704-08:00" testType="13cdc9d9-ddb5-4fa4-a97d-d965ccfc6d4b" outcome="Failed" testListId="8c84fa94-04c1-424b-9868-57a2d4851a1d" relativeResultsDirectory="c3a64cfb-c58d-4cdc-b9ff-a961ed2e752c">
      <Output>
        <StdOut>-----------------------------------------
Begin debugger step test
Step: ResumeThread
EntryPointHit
Step: ResumeProcess
ExceptionRaised
Step: ResumeProcess
ProcessExited 1</StdOut>
        <ErrorInfo>
          <Message>Assert.AreEqual failed. Expected:&lt;8&gt;. Actual:&lt;1&gt;. </Message>
          <StackTrace>   at NodejsTests.Debugger.BaseDebuggerTests.TestDebuggerSteps(NodeDebugger process, NodeThread thread, String filename, IEnumerable`1 steps, Nullable`1 defaultExceptionTreatment, ICollection`1 exceptionTreatments, Boolean waitForExit) in C:\src\nodejstools\Nodejs\Tests\Core\Debugger\BaseDebuggerTests.cs:line 743
   at NodejsTests.Debugger.BaseDebuggerTests.TestDebuggerSteps(String filename, IEnumerable`1 steps, String interpreterOptions, Action`1 onProcessCreated, Nullable`1 defaultExceptionTreatment, ICollection`1 exceptionTreatments, String scriptArguments) in C:\src\nodejstools\Nodejs\Tests\Core\Debugger\BaseDebuggerTests.cs:line 441
   at NodejsTests.Debugger.DebuggerTests.TestExitException() in C:\src\nodejstools\Nodejs\Tests\Core\Debugger\DebuggerTests.cs:line 1737
</StackTrace>
        </ErrorInfo>
      </Output>
    </UnitTestResult>
    <UnitTestResult executionId="3403ebef-e65a-42c9-9f0f-36fc594af811" testId="81a01f18-83d0-888c-5068-0b448c17d593" testName="TestExitExplicit" computerName="DESKTOP-RRA95A8" duration="00:00:00.7178033" startTime="2016-01-24T03:14:18.9923957-08:00" endTime="2016-01-24T03:14:19.7120272-08:00" testType="13cdc9d9-ddb5-4fa4-a97d-d965ccfc6d4b" outcome="Passed" testListId="8c84fa94-04c1-424b-9868-57a2d4851a1d" relativeResultsDirectory="3403ebef-e65a-42c9-9f0f-36fc594af811">
      <Output>
        <StdOut>-----------------------------------------
Begin debugger step test
Step: ResumeThread
EntryPointHit
Step: ResumeProcess
ProcessExited 42</StdOut>
      </Output>
    </UnitTestResult>
    <UnitTestResult executionId="85197148-a8f6-47c3-af74-771313326e9a" testId="3f47197b-8fb2-9dfa-2671-293144098e4d" testName="TestScriptArguments" computerName="DESKTOP-RRA95A8" duration="00:00:00.7118709" startTime="2016-01-24T03:14:19.7276763-08:00" endTime="2016-01-24T03:14:20.4456132-08:00" testType="13cdc9d9-ddb5-4fa4-a97d-d965ccfc6d4b" outcome="Failed" testListId="8c84fa94-04c1-424b-9868-57a2d4851a1d" relativeResultsDirectory="85197148-a8f6-47c3-af74-771313326e9a">
      <Output>
        <StdOut>-----------------------------------------
Begin debugger step test
Step: ResumeThread
EntryPointHit
Step: ResumeProcess
ExceptionRaised
Step: ResumeProcess
ProcessExited 1</StdOut>
        <ErrorInfo>
          <Message>Assert.AreEqual failed. Expected:&lt;8&gt;. Actual:&lt;1&gt;. </Message>
          <StackTrace>   at NodejsTests.Debugger.BaseDebuggerTests.TestDebuggerSteps(NodeDebugger process, NodeThread thread, String filename, IEnumerable`1 steps, Nullable`1 defaultExceptionTreatment, ICollection`1 exceptionTreatments, Boolean waitForExit) in C:\src\nodejstools\Nodejs\Tests\Core\Debugger\BaseDebuggerTests.cs:line 743
   at NodejsTests.Debugger.BaseDebuggerTests.TestDebuggerSteps(String filename, IEnumerable`1 steps, String interpreterOptions, Action`1 onProcessCreated, Nullable`1 defaultExceptionTreatment, ICollection`1 exceptionTreatments, String scriptArguments) in C:\src\nodejstools\Nodejs\Tests\Core\Debugger\BaseDebuggerTests.cs:line 441
   at NodejsTests.Debugger.DebuggerTests.TestScriptArguments() in C:\src\nodejstools\Nodejs\Tests\Core\Debugger\DebuggerTests.cs:line 1766
</StackTrace>
        </ErrorInfo>
      </Output>
    </UnitTestResult>
    <UnitTestResult executionId="430380bd-27b7-4f6e-af80-56bb1b150102" testId="26b9cf91-a34e-7e23-3d10-40fec74c21a6" testName="LocalAttach" computerName="DESKTOP-RRA95A8" duration="00:00:01.4771753" startTime="2016-01-24T03:14:20.4485258-08:00" endTime="2016-01-24T03:14:21.9276205-08:00" testType="13cdc9d9-ddb5-4fa4-a97d-d965ccfc6d4b" outcome="Passed" testListId="8c84fa94-04c1-424b-9868-57a2d4851a1d" relativeResultsDirectory="430380bd-27b7-4f6e-af80-56bb1b150102">
      <Output>
        <StdOut>-----------------------------------------
Begin debugger step test
Step: AddBreakpoint
BreakpointBound C:\src\nodejstools\TestResults\Itani_DESKTOP-RRA95A8 2016-01-24 02_34_51\Out\TestData\DebuggerProject\RunForever.js 1
Step: Wait
BreakpointHit 1
Step: ResumeProcess
BreakpointHit 1
Step: Detach
ProcessExited -1
-----------------------------------------
Begin debugger step test
Step: AddBreakpoint
BreakpointBound C:\src\nodejstools\TestResults\Itani_DESKTOP-RRA95A8 2016-01-24 02_34_51\Out\TestData\DebuggerProject\RunForever.js 1
Step: Wait
BreakpointHit 1
Step: ResumeProcess
BreakpointHit 1
Step: Detach
ProcessExited -1
-----------------------------------------
Begin debugger step test
Step: AddBreakpoint
BreakpointBound C:\src\nodejstools\TestResults\Itani_DESKTOP-RRA95A8 2016-01-24 02_34_51\Out\TestData\DebuggerProject\RunForever.js 1
Step: Wait
BreakpointHit 1
Step: ResumeProcess
BreakpointHit 1
Step: Detach
ProcessExited -1</StdOut>
      </Output>
    </UnitTestResult>
    <UnitTestResult executionId="6fbc1615-e85b-4970-b487-98b00b124afe" testId="25665956-c671-52ed-0bb9-169a4ca0f2a6" testName="TypeScript_Stepping_Basic" computerName="DESKTOP-RRA95A8" duration="00:00:43.1502167" startTime="2016-01-24T03:14:21.9354726-08:00" endTime="2016-01-24T03:15:05.0877957-08:00" testType="13cdc9d9-ddb5-4fa4-a97d-d965ccfc6d4b" outcome="Failed" testListId="8c84fa94-04c1-424b-9868-57a2d4851a1d" relativeResultsDirectory="6fbc1615-e85b-4970-b487-98b00b124afe">
      <Output>
        <StdOut>-----------------------------------------
Begin debugger step test
Step: AddBreakpoint
BreakpointBound C:\src\nodejstools\TestResults\Itani_DESKTOP-RRA95A8 2016-01-24 02_34_51\Out\TestData\DebuggerProject\TypeScriptTest.js 3
Step: ResumeThread
EntryPointHit
Step: ResumeThread
BreakpointHit 1
Step: StepOut
StepComplete
ProcessExited -1
-----------------------------------------
Begin debugger step test
Step: AddBreakpoint
BreakpointBound C:\src\nodejstools\TestResults\Itani_DESKTOP-RRA95A8 2016-01-24 02_34_51\Out\TestData\DebuggerProject\TypeScriptTest.js 11
Step: ResumeThread
EntryPointHit
Step: ResumeThread
BreakpointHit 7
Step: StepInto
StepComplete
ProcessExited -1
-----------------------------------------
Begin debugger step test
Step: AddBreakpoint
BreakpointBound C:\src\nodejstools\TestResults\Itani_DESKTOP-RRA95A8 2016-01-24 02_34_51\Out\TestData\DebuggerProject\TypeScriptTest.js 11
Step: ResumeThread
EntryPointHit
Step: ResumeThread
BreakpointHit 7
Step: StepOver
StepComplete
ProcessExited -1
-----------------------------------------
Begin debugger step test
Step: AddBreakpoint
BreakpointBound C:\src\nodejstools\TestResults\Itani_DESKTOP-RRA95A8 2016-01-24 02_34_51\Out\TestData\DebuggerProject\TypeScriptTest.js 5
Step: ResumeThread
EntryPointHit
Step: ResumeThread
BreakpointHit 3
Step: ResumeProcess
ProcessExited -1</StdOut>
        <ErrorInfo>
          <Message>Assert.Fail failed. Failed to wait on event</Message>
          <StackTrace>   at NodejsTests.Debugger.BaseDebuggerTests.AssertWaited(EventWaitHandle eventObj) in C:\src\nodejstools\Nodejs\Tests\Core\Debugger\BaseDebuggerTests.cs:line 760
   at NodejsTests.Debugger.BaseDebuggerTests.TestDebuggerSteps(NodeDebugger process, NodeThread thread, String filename, IEnumerable`1 steps, Nullable`1 defaultExceptionTreatment, ICollection`1 exceptionTreatments, Boolean waitForExit) in C:\src\nodejstools\Nodejs\Tests\Core\Debugger\BaseDebuggerTests.cs:line 742
   at NodejsTests.Debugger.BaseDebuggerTests.TestDebuggerSteps(String filename, IEnumerable`1 steps, String interpreterOptions, Action`1 onProcessCreated, Nullable`1 defaultExceptionTreatment, ICollection`1 exceptionTreatments, String scriptArguments) in C:\src\nodejstools\Nodejs\Tests\Core\Debugger\BaseDebuggerTests.cs:line 441
   at NodejsTests.Debugger.DebuggerTests.TypeScript_Stepping_Basic() in C:\src\nodejstools\Nodejs\Tests\Core\Debugger\DebuggerTests.cs:line 1874
</StackTrace>
        </ErrorInfo>
      </Output>
    </UnitTestResult>
    <UnitTestResult executionId="7662495e-8283-4759-8b7e-c80a51198080" testId="65061294-175b-6aeb-6299-3991b53550a8" testName="TypeScript_Stepping_Basic_RedirectDir" computerName="DESKTOP-RRA95A8" duration="00:00:43.1355292" startTime="2016-01-24T03:15:05.1093832-08:00" endTime="2016-01-24T03:15:48.2474702-08:00" testType="13cdc9d9-ddb5-4fa4-a97d-d965ccfc6d4b" outcome="Failed" testListId="8c84fa94-04c1-424b-9868-57a2d4851a1d" relativeResultsDirectory="7662495e-8283-4759-8b7e-c80a51198080">
      <Output>
        <StdOut>-----------------------------------------
Begin debugger step test
Step: AddBreakpoint
BreakpointBound C:\src\nodejstools\TestResults\Itani_DESKTOP-RRA95A8 2016-01-24 02_34_51\Out\TestData\DebuggerProject\TypeScriptOut\TypeScriptTest.js 3
Step: ResumeThread
EntryPointHit
Step: ResumeThread
BreakpointHit 1
Step: StepOut
StepComplete
ProcessExited -1
-----------------------------------------
Begin debugger step test
Step: AddBreakpoint
BreakpointBound C:\src\nodejstools\TestResults\Itani_DESKTOP-RRA95A8 2016-01-24 02_34_51\Out\TestData\DebuggerProject\TypeScriptOut\TypeScriptTest.js 11
Step: ResumeThread
EntryPointHit
Step: ResumeThread
BreakpointHit 7
Step: StepInto
StepComplete
ProcessExited -1
-----------------------------------------
Begin debugger step test
Step: AddBreakpoint
BreakpointBound C:\src\nodejstools\TestResults\Itani_DESKTOP-RRA95A8 2016-01-24 02_34_51\Out\TestData\DebuggerProject\TypeScriptOut\TypeScriptTest.js 11
Step: ResumeThread
EntryPointHit
Step: ResumeThread
BreakpointHit 7
Step: StepOver
StepComplete
ProcessExited -1
-----------------------------------------
Begin debugger step test
Step: AddBreakpoint
BreakpointBound C:\src\nodejstools\TestResults\Itani_DESKTOP-RRA95A8 2016-01-24 02_34_51\Out\TestData\DebuggerProject\TypeScriptOut\TypeScriptTest.js 5
Step: ResumeThread
EntryPointHit
Step: ResumeThread
BreakpointHit 3
Step: ResumeProcess
ProcessExited -1</StdOut>
        <ErrorInfo>
          <Message>Assert.Fail failed. Failed to wait on event</Message>
          <StackTrace>   at NodejsTests.Debugger.BaseDebuggerTests.AssertWaited(EventWaitHandle eventObj) in C:\src\nodejstools\Nodejs\Tests\Core\Debugger\BaseDebuggerTests.cs:line 760
   at NodejsTests.Debugger.BaseDebuggerTests.TestDebuggerSteps(NodeDebugger process, NodeThread thread, String filename, IEnumerable`1 steps, Nullable`1 defaultExceptionTreatment, ICollection`1 exceptionTreatments, Boolean waitForExit) in C:\src\nodejstools\Nodejs\Tests\Core\Debugger\BaseDebuggerTests.cs:line 742
   at NodejsTests.Debugger.BaseDebuggerTests.TestDebuggerSteps(String filename, IEnumerable`1 steps, String interpreterOptions, Action`1 onProcessCreated, Nullable`1 defaultExceptionTreatment, ICollection`1 exceptionTreatments, String scriptArguments) in C:\src\nodejstools\Nodejs\Tests\Core\Debugger\BaseDebuggerTests.cs:line 441
   at NodejsTests.Debugger.DebuggerTests.TypeScript_Stepping_Basic_RedirectDir() in C:\src\nodejstools\Nodejs\Tests\Core\Debugger\DebuggerTests.cs:line 1977
</StackTrace>
        </ErrorInfo>
      </Output>
    </UnitTestResult>
    <UnitTestResult executionId="e213ae3d-52f6-429c-83c1-feeed0d1e496" testId="945aacfd-39bf-8487-312b-dd31f56c73b8" testName="TypeScript_Break_On_First_Line" computerName="DESKTOP-RRA95A8" duration="00:00:10.6881260" startTime="2016-01-24T03:15:48.2572831-08:00" endTime="2016-01-24T03:15:58.9490701-08:00" testType="13cdc9d9-ddb5-4fa4-a97d-d965ccfc6d4b" outcome="Failed" testListId="8c84fa94-04c1-424b-9868-57a2d4851a1d" relativeResultsDirectory="e213ae3d-52f6-429c-83c1-feeed0d1e496">
      <Output>
        <StdOut>-----------------------------------------
Begin debugger step test
Step: AddBreakpoint
BreakpointBound C:\src\nodejstools\TestResults\Itani_DESKTOP-RRA95A8 2016-01-24 02_34_51\Out\TestData\DebuggerProject\TypeScriptTest3.js 0
Step: ResumeThread
BreakpointHit 0
Step: ResumeProcess
ProcessExited -1</StdOut>
        <ErrorInfo>
          <Message>Assert.Fail failed. Failed to wait on event</Message>
          <StackTrace>   at NodejsTests.Debugger.BaseDebuggerTests.AssertWaited(EventWaitHandle eventObj) in C:\src\nodejstools\Nodejs\Tests\Core\Debugger\BaseDebuggerTests.cs:line 760
   at NodejsTests.Debugger.BaseDebuggerTests.TestDebuggerSteps(NodeDebugger process, NodeThread thread, String filename, IEnumerable`1 steps, Nullable`1 defaultExceptionTreatment, ICollection`1 exceptionTreatments, Boolean waitForExit) in C:\src\nodejstools\Nodejs\Tests\Core\Debugger\BaseDebuggerTests.cs:line 742
   at NodejsTests.Debugger.BaseDebuggerTests.TestDebuggerSteps(String filename, IEnumerable`1 steps, String interpreterOptions, Action`1 onProcessCreated, Nullable`1 defaultExceptionTreatment, ICollection`1 exceptionTreatments, String scriptArguments) in C:\src\nodejstools\Nodejs\Tests\Core\Debugger\BaseDebuggerTests.cs:line 441
   at NodejsTests.Debugger.DebuggerTests.TypeScript_Break_On_First_Line() in C:\src\nodejstools\Nodejs\Tests\Core\Debugger\DebuggerTests.cs:line 2007
</StackTrace>
        </ErrorInfo>
      </Output>
    </UnitTestResult>
    <UnitTestResult executionId="9a61678c-df0f-4140-a476-97e0127d9a99" testId="83ce60ac-6b1d-8634-f717-817696e50e29" testName="TypeScript_Inheiritance_BreakInClass" computerName="DESKTOP-RRA95A8" duration="00:00:10.8337409" startTime="2016-01-24T03:15:58.9569193-08:00" endTime="2016-01-24T03:16:09.7920916-08:00" testType="13cdc9d9-ddb5-4fa4-a97d-d965ccfc6d4b" outcome="Failed" testListId="8c84fa94-04c1-424b-9868-57a2d4851a1d" relativeResultsDirectory="9a61678c-df0f-4140-a476-97e0127d9a99">
      <Output>
        <StdOut>-----------------------------------------
Begin debugger step test
Step: AddBreakpoint
BreakpointBindFailure
Step: ResumeThread
EntryPointHit
Step: ResumeThread
BreakpointUnbound
BreakpointBound C:\src\nodejstools\TestResults\Itani_DESKTOP-RRA95A8 2016-01-24 02_34_51\Out\TestData\DebuggerProject\TypeScriptInheritApple.js 14
BreakpointHit 7
Step: ResumeThread
BreakpointHit 7
Step: ResumeProcess
ProcessExited -1</StdOut>
        <ErrorInfo>
          <Message>Assert.Fail failed. Failed to wait on event</Message>
          <StackTrace>   at NodejsTests.Debugger.BaseDebuggerTests.AssertWaited(EventWaitHandle eventObj) in C:\src\nodejstools\Nodejs\Tests\Core\Debugger\BaseDebuggerTests.cs:line 760
   at NodejsTests.Debugger.BaseDebuggerTests.TestDebuggerSteps(NodeDebugger process, NodeThread thread, String filename, IEnumerable`1 steps, Nullable`1 defaultExceptionTreatment, ICollection`1 exceptionTreatments, Boolean waitForExit) in C:\src\nodejstools\Nodejs\Tests\Core\Debugger\BaseDebuggerTests.cs:line 742
   at NodejsTests.Debugger.BaseDebuggerTests.TestDebuggerSteps(String filename, IEnumerable`1 steps, String interpreterOptions, Action`1 onProcessCreated, Nullable`1 defaultExceptionTreatment, ICollection`1 exceptionTreatments, String scriptArguments) in C:\src\nodejstools\Nodejs\Tests\Core\Debugger\BaseDebuggerTests.cs:line 441
   at NodejsTests.Debugger.DebuggerTests.TypeScript_Inheiritance_BreakInClass() in C:\src\nodejstools\Nodejs\Tests\Core\Debugger\DebuggerTests.cs:line 2027
</StackTrace>
        </ErrorInfo>
      </Output>
    </UnitTestResult>
    <UnitTestResult executionId="fdcc4e2f-f012-459f-b94a-ea21c35435c2" testId="8dd67499-15e3-0341-77fe-6ec6229123b8" testName="TaskWaitAsync" computerName="DESKTOP-RRA95A8" duration="00:00:01.2174203" startTime="2016-01-24T03:16:09.7989606-08:00" endTime="2016-01-24T03:16:11.0191028-08:00" testType="13cdc9d9-ddb5-4fa4-a97d-d965ccfc6d4b" outcome="Passed" testListId="8c84fa94-04c1-424b-9868-57a2d4851a1d" relativeResultsDirectory="fdcc4e2f-f012-459f-b94a-ea21c35435c2" />
    <UnitTestResult executionId="e6d533e8-00b4-45d8-aa1d-4bcd3d6c96e8" testId="98ea3b7a-3e97-5a75-3683-6a5c1bc860db" testName="SetNewDefaultExceptionHitTreatment" computerName="DESKTOP-RRA95A8" duration="00:00:00.0002589" startTime="2016-01-24T03:16:11.0226120-08:00" endTime="2016-01-24T03:16:11.0241174-08:00" testType="13cdc9d9-ddb5-4fa4-a97d-d965ccfc6d4b" outcome="Passed" testListId="8c84fa94-04c1-424b-9868-57a2d4851a1d" relativeResultsDirectory="e6d533e8-00b4-45d8-aa1d-4bcd3d6c96e8" />
    <UnitTestResult executionId="7f24e971-74f8-47ac-913b-1396e41ef919" testId="640950b4-1b20-60a7-2569-b16886e8b4b7" testName="SetSameDefaultExceptionHitTreatment" computerName="DESKTOP-RRA95A8" duration="00:00:00.0002136" startTime="2016-01-24T03:16:11.0271234-08:00" endTime="2016-01-24T03:16:11.0286277-08:00" testType="13cdc9d9-ddb5-4fa4-a97d-d965ccfc6d4b" outcome="Passed" testListId="8c84fa94-04c1-424b-9868-57a2d4851a1d" relativeResultsDirectory="7f24e971-74f8-47ac-913b-1396e41ef919" />
    <UnitTestResult executionId="9117291c-d94a-4bae-aea3-52f955bd4c4d" testId="fd1ed365-01bf-4957-f5fc-b6cd93ff1def" testName="GetExceptionHitTreatmentForKnownError" computerName="DESKTOP-RRA95A8" duration="00:00:00.0009470" startTime="2016-01-24T03:16:11.0311362-08:00" endTime="2016-01-24T03:16:11.0344343-08:00" testType="13cdc9d9-ddb5-4fa4-a97d-d965ccfc6d4b" outcome="Passed" testListId="8c84fa94-04c1-424b-9868-57a2d4851a1d" relativeResultsDirectory="9117291c-d94a-4bae-aea3-52f955bd4c4d" />
    <UnitTestResult executionId="f7dd4324-64f9-4170-964c-87a9735280b3" testId="74940bfd-6e11-acec-d93d-131d49acf143" testName="GetExceptionHitTreatmentForUnknownError" computerName="DESKTOP-RRA95A8" duration="00:00:00.0003147" startTime="2016-01-24T03:16:11.0678306-08:00" endTime="2016-01-24T03:16:11.0697612-08:00" testType="13cdc9d9-ddb5-4fa4-a97d-d965ccfc6d4b" outcome="Passed" testListId="8c84fa94-04c1-424b-9868-57a2d4851a1d" relativeResultsDirectory="f7dd4324-64f9-4170-964c-87a9735280b3" />
    <UnitTestResult executionId="ee17a323-85b0-439f-9bc4-4047204d8c92" testId="237f9f9b-8e7a-b168-9a07-d58ec9959823" testName="GetExceptionHitTreatmentForUnknownErrorAfterChangingDefaults" computerName="DESKTOP-RRA95A8" duration="00:00:00.0003395" startTime="2016-01-24T03:16:11.0727376-08:00" endTime="2016-01-24T03:16:11.0746697-08:00" testType="13cdc9d9-ddb5-4fa4-a97d-d965ccfc6d4b" outcome="Passed" testListId="8c84fa94-04c1-424b-9868-57a2d4851a1d" relativeResultsDirectory="ee17a323-85b0-439f-9bc4-4047204d8c92" />
    <UnitTestResult executionId="973fbd5a-6816-4bed-aff2-e83fb53faa80" testId="f273b0bf-9cb8-8e71-9b3c-bed51f669d16" testName="SetSameExceptionTreatments" computerName="DESKTOP-RRA95A8" duration="00:00:00.0013682" startTime="2016-01-24T03:16:11.0796806-08:00" endTime="2016-01-24T03:16:11.0826261-08:00" testType="13cdc9d9-ddb5-4fa4-a97d-d965ccfc6d4b" outcome="Passed" testListId="8c84fa94-04c1-424b-9868-57a2d4851a1d" relativeResultsDirectory="973fbd5a-6816-4bed-aff2-e83fb53faa80" />
    <UnitTestResult executionId="deb65a83-f58a-45d9-a604-c2d342bbb526" testId="d71f0680-066b-77ff-7185-3d72e2503803" testName="SetNewExceptionTreatments" computerName="DESKTOP-RRA95A8" duration="00:00:00.0005929" startTime="2016-01-24T03:16:11.0865503-08:00" endTime="2016-01-24T03:16:11.0885429-08:00" testType="13cdc9d9-ddb5-4fa4-a97d-d965ccfc6d4b" outcome="Passed" testListId="8c84fa94-04c1-424b-9868-57a2d4851a1d" relativeResultsDirectory="deb65a83-f58a-45d9-a604-c2d342bbb526" />
    <UnitTestResult executionId="9ac0feb2-1959-4594-8c00-692b660d27fd" testId="532ba852-da70-6c56-b570-9404ea2eece9" testName="ClearExceptionTreatments" computerName="DESKTOP-RRA95A8" duration="00:00:00.0014400" startTime="2016-01-24T03:16:11.0914562-08:00" endTime="2016-01-24T03:16:11.0944021-08:00" testType="13cdc9d9-ddb5-4fa4-a97d-d965ccfc6d4b" outcome="Passed" testListId="8c84fa94-04c1-424b-9868-57a2d4851a1d" relativeResultsDirectory="9ac0feb2-1959-4594-8c00-692b660d27fd" />
    <UnitTestResult executionId="219610ea-49ac-4733-a9c0-0ef8631a3f06" testId="1d88d71b-94de-0499-fd0d-bde1edae0974" testName="ResetExceptionTreatments" computerName="DESKTOP-RRA95A8" duration="00:00:00.0005211" startTime="2016-01-24T03:16:11.0973457-08:00" endTime="2016-01-24T03:16:11.1002904-08:00" testType="13cdc9d9-ddb5-4fa4-a97d-d965ccfc6d4b" outcome="Passed" testListId="8c84fa94-04c1-424b-9868-57a2d4851a1d" relativeResultsDirectory="219610ea-49ac-4733-a9c0-0ef8631a3f06" />
    <UnitTestResult executionId="0ab78ff7-519c-4c91-8cc3-c52fe701b82d" testId="724091a6-9d41-951c-8ded-d31d27a0975c" testName="NaturalSortComparerTest" computerName="DESKTOP-RRA95A8" duration="00:00:00.0012110" startTime="2016-01-24T03:16:11.1032326-08:00" endTime="2016-01-24T03:16:11.1062065-08:00" testType="13cdc9d9-ddb5-4fa4-a97d-d965ccfc6d4b" outcome="Passed" testListId="8c84fa94-04c1-424b-9868-57a2d4851a1d" relativeResultsDirectory="0ab78ff7-519c-4c91-8cc3-c52fe701b82d" />
    <UnitTestResult executionId="725bfb46-25b8-4051-bee0-16b921c64fd5" testId="9533eb6d-2a95-5dda-b65a-a81a6b622169" testName="CreateSetVariableValue" computerName="DESKTOP-RRA95A8" duration="00:00:00.0053030" startTime="2016-01-24T03:16:11.1091509-08:00" endTime="2016-01-24T03:16:11.1159896-08:00" testType="13cdc9d9-ddb5-4fa4-a97d-d965ccfc6d4b" outcome="Passed" testListId="8c84fa94-04c1-424b-9868-57a2d4851a1d" relativeResultsDirectory="725bfb46-25b8-4051-bee0-16b921c64fd5" />
    <UnitTestResult executionId="2c12fbf7-f23d-49d2-83fe-dc47d70e78bb" testId="ac0df4f4-d232-f2f4-f341-be3291381f77" testName="CreatePrototypeVariable" computerName="DESKTOP-RRA95A8" duration="00:00:00.0021428" startTime="2016-01-24T03:16:11.1205038-08:00" endTime="2016-01-24T03:16:11.1245145-08:00" testType="13cdc9d9-ddb5-4fa4-a97d-d965ccfc6d4b" outcome="Passed" testListId="8c84fa94-04c1-424b-9868-57a2d4851a1d" relativeResultsDirectory="2c12fbf7-f23d-49d2-83fe-dc47d70e78bb" />
    <UnitTestResult executionId="c66196db-3988-4a4d-892b-220ca46bb6d9" testId="29c6248f-0e57-5808-1475-bfdcbaef535e" testName="CreateLookupVariableWithNullParent" computerName="DESKTOP-RRA95A8" duration="00:00:00.0007213" startTime="2016-01-24T03:16:11.1275219-08:00" endTime="2016-01-24T03:16:11.1295269-08:00" testType="13cdc9d9-ddb5-4fa4-a97d-d965ccfc6d4b" outcome="Passed" testListId="8c84fa94-04c1-424b-9868-57a2d4851a1d" relativeResultsDirectory="c66196db-3988-4a4d-892b-220ca46bb6d9" />
    <UnitTestResult executionId="b2e51c61-6d92-419e-820e-77edcc19b6ae" testId="f569f7cd-d664-38b0-80e1-66c993136264" testName="CreateLookupVariableWithNullJsonValue" computerName="DESKTOP-RRA95A8" duration="00:00:00.0008482" startTime="2016-01-24T03:16:11.1325843-08:00" endTime="2016-01-24T03:16:11.1354944-08:00" testType="13cdc9d9-ddb5-4fa4-a97d-d965ccfc6d4b" outcome="Passed" testListId="8c84fa94-04c1-424b-9868-57a2d4851a1d" relativeResultsDirectory="b2e51c61-6d92-419e-820e-77edcc19b6ae" />
    <UnitTestResult executionId="9d3e99eb-2cd6-4ff2-81d1-d119eff1eeb2" testId="fd5207e1-1e39-a92f-34ab-28511e46f70d" testName="CreateLookupVariableWithNullJsonReferences" computerName="DESKTOP-RRA95A8" duration="00:00:00.0005214" startTime="2016-01-24T03:16:11.1384366-08:00" endTime="2016-01-24T03:16:11.1403992-08:00" testType="13cdc9d9-ddb5-4fa4-a97d-d965ccfc6d4b" outcome="Passed" testListId="8c84fa94-04c1-424b-9868-57a2d4851a1d" relativeResultsDirectory="9d3e99eb-2cd6-4ff2-81d1-d119eff1eeb2" />
    <UnitTestResult executionId="3b3f1c56-68ea-4f08-8ad9-219d60f6af76" testId="a22d6af5-3fca-5aa9-b949-dc2c84f24ccc" testName="CreateLookupVariable" computerName="DESKTOP-RRA95A8" duration="00:00:00.0014922" startTime="2016-01-24T03:16:11.1433429-08:00" endTime="2016-01-24T03:16:11.1462894-08:00" testType="13cdc9d9-ddb5-4fa4-a97d-d965ccfc6d4b" outcome="Passed" testListId="8c84fa94-04c1-424b-9868-57a2d4851a1d" relativeResultsDirectory="3b3f1c56-68ea-4f08-8ad9-219d60f6af76" />
    <UnitTestResult executionId="888ef74a-c931-415d-b92a-7af265b1025b" testId="36a3adb6-c608-4365-3f2e-3a7481fef9f0" testName="CreateLookupVariableWithNullParent" computerName="DESKTOP-RRA95A8" duration="00:00:00.0006658" startTime="2016-01-24T03:16:11.1492330-08:00" endTime="2016-01-24T03:16:11.1521759-08:00" testType="13cdc9d9-ddb5-4fa4-a97d-d965ccfc6d4b" outcome="Passed" testListId="8c84fa94-04c1-424b-9868-57a2d4851a1d" relativeResultsDirectory="888ef74a-c931-415d-b92a-7af265b1025b" />
    <UnitTestResult executionId="fe234d67-dc13-4385-8379-caf82b1fb5e9" testId="e39b13f4-972e-c768-e4fa-6fc7035e8226" testName="CreateLookupVariableWithNullJsonValue" computerName="DESKTOP-RRA95A8" duration="00:00:00.0006002" startTime="2016-01-24T03:16:11.1551192-08:00" endTime="2016-01-24T03:16:11.1580661-08:00" testType="13cdc9d9-ddb5-4fa4-a97d-d965ccfc6d4b" outcome="Passed" testListId="8c84fa94-04c1-424b-9868-57a2d4851a1d" relativeResultsDirectory="fe234d67-dc13-4385-8379-caf82b1fb5e9" />
    <UnitTestResult executionId="b76a166a-3458-4ed8-a25d-d71b889d6692" testId="78444b0d-6bac-f3da-401f-b16c0059cc77" testName="CreateLookupVariableWithNullJsonReferences" computerName="DESKTOP-RRA95A8" duration="00:00:00.0004959" startTime="2016-01-24T03:16:11.1610090-08:00" endTime="2016-01-24T03:16:11.1630009-08:00" testType="13cdc9d9-ddb5-4fa4-a97d-d965ccfc6d4b" outcome="Passed" testListId="8c84fa94-04c1-424b-9868-57a2d4851a1d" relativeResultsDirectory="b76a166a-3458-4ed8-a25d-d71b889d6692" />
    <UnitTestResult executionId="01971d5c-1b17-4433-81e1-2fb815e23185" testId="76951604-76fe-263b-de57-f3ceb81f397f" testName="CreateEvaluationVariable" computerName="DESKTOP-RRA95A8" duration="00:00:00.0007074" startTime="2016-01-24T03:16:11.1659449-08:00" endTime="2016-01-24T03:16:11.1688579-08:00" testType="13cdc9d9-ddb5-4fa4-a97d-d965ccfc6d4b" outcome="Passed" testListId="8c84fa94-04c1-424b-9868-57a2d4851a1d" relativeResultsDirectory="01971d5c-1b17-4433-81e1-2fb815e23185" />
    <UnitTestResult executionId="72198d7b-b58d-4590-ab2b-d95341369590" testId="a2be2cfe-1de7-1edb-0f80-b884582436af" testName="CreateBacktraceVariableWithNullStackFrame" computerName="DESKTOP-RRA95A8" duration="00:00:00.0004179" startTime="2016-01-24T03:16:11.1718369-08:00" endTime="2016-01-24T03:16:11.1737645-08:00" testType="13cdc9d9-ddb5-4fa4-a97d-d965ccfc6d4b" outcome="Passed" testListId="8c84fa94-04c1-424b-9868-57a2d4851a1d" relativeResultsDirectory="72198d7b-b58d-4590-ab2b-d95341369590" />
    <UnitTestResult executionId="15645297-de18-4688-93d6-f8999aaab6c5" testId="b8c215f2-851c-cb99-7cf7-f195e0c6c48a" testName="CreateBacktraceVariableWithNullName" computerName="DESKTOP-RRA95A8" duration="00:00:00.0004281" startTime="2016-01-24T03:16:11.1776909-08:00" endTime="2016-01-24T03:16:11.1806346-08:00" testType="13cdc9d9-ddb5-4fa4-a97d-d965ccfc6d4b" outcome="Passed" testListId="8c84fa94-04c1-424b-9868-57a2d4851a1d" relativeResultsDirectory="15645297-de18-4688-93d6-f8999aaab6c5" />
    <UnitTestResult executionId="897323dc-bdd9-40c5-876e-f18c88054be5" testId="89e85237-4e4c-5d18-318a-d02f8e1ee025" testName="CreateBacktraceVariableWithNullJson" computerName="DESKTOP-RRA95A8" duration="00:00:00.0005375" startTime="2016-01-24T03:16:11.1845606-08:00" endTime="2016-01-24T03:16:11.1865248-08:00" testType="13cdc9d9-ddb5-4fa4-a97d-d965ccfc6d4b" outcome="Passed" testListId="8c84fa94-04c1-424b-9868-57a2d4851a1d" relativeResultsDirectory="897323dc-bdd9-40c5-876e-f18c88054be5" />
    <UnitTestResult executionId="b3c03343-22ec-405f-b27d-7f0ab30f7925" testId="c40b7d8a-6346-e83e-73b7-cc24f60838d1" testName="CreateBacktraceVariable" computerName="DESKTOP-RRA95A8" duration="00:00:00.0005911" startTime="2016-01-24T03:16:11.1894965-08:00" endTime="2016-01-24T03:16:11.1924117-08:00" testType="13cdc9d9-ddb5-4fa4-a97d-d965ccfc6d4b" outcome="Passed" testListId="8c84fa94-04c1-424b-9868-57a2d4851a1d" relativeResultsDirectory="b3c03343-22ec-405f-b27d-7f0ab30f7925" />
    <UnitTestResult executionId="5baea66c-fcff-4fcc-9933-9ecb3e6286ab" testId="bab601c5-3ae6-cf9c-0ec3-c3831aff565c" testName="CreateBacktraceVariableWithNullName" computerName="DESKTOP-RRA95A8" duration="00:00:00.0005947" startTime="2016-01-24T03:16:11.1953538-08:00" endTime="2016-01-24T03:16:11.1973464-08:00" testType="13cdc9d9-ddb5-4fa4-a97d-d965ccfc6d4b" outcome="Passed" testListId="8c84fa94-04c1-424b-9868-57a2d4851a1d" relativeResultsDirectory="5baea66c-fcff-4fcc-9933-9ecb3e6286ab" />
    <UnitTestResult executionId="7e7fd002-5a3f-484e-803b-066d0fed43a6" testId="4a002e66-4ee4-8025-08f5-3b045bf18385" testName="CreateBacktraceVariableWithNullStackFrame" computerName="DESKTOP-RRA95A8" duration="00:00:00.0004977" startTime="2016-01-24T03:16:11.2002623-08:00" endTime="2016-01-24T03:16:11.2022235-08:00" testType="13cdc9d9-ddb5-4fa4-a97d-d965ccfc6d4b" outcome="Passed" testListId="8c84fa94-04c1-424b-9868-57a2d4851a1d" relativeResultsDirectory="7e7fd002-5a3f-484e-803b-066d0fed43a6" />
    <UnitTestResult executionId="f84687e8-ca7b-42c2-ab27-337867dce48c" testId="8e0a0c8c-28be-8778-b1d9-2d8f7ce2ee1b" testName="CreateBacktraceVariableWithNullJson" computerName="DESKTOP-RRA95A8" duration="00:00:00.0003303" startTime="2016-01-24T03:16:11.2061488-08:00" endTime="2016-01-24T03:16:11.2081115-08:00" testType="13cdc9d9-ddb5-4fa4-a97d-d965ccfc6d4b" outcome="Passed" testListId="8c84fa94-04c1-424b-9868-57a2d4851a1d" relativeResultsDirectory="f84687e8-ca7b-42c2-ab27-337867dce48c" />
    <UnitTestResult executionId="444f3b78-06b8-41d1-a346-0f4dc43eaada" testId="99eb3516-5d4f-50b0-2006-43361c7f3bd0" testName="CreateNullEvaluationResult" computerName="DESKTOP-RRA95A8" duration="00:00:00.0022120" startTime="2016-01-24T03:16:11.2110555-08:00" endTime="2016-01-24T03:16:11.2140010-08:00" testType="13cdc9d9-ddb5-4fa4-a97d-d965ccfc6d4b" outcome="Passed" testListId="8c84fa94-04c1-424b-9868-57a2d4851a1d" relativeResultsDirectory="444f3b78-06b8-41d1-a346-0f4dc43eaada" />
    <UnitTestResult executionId="bf4a0900-c081-447b-8811-8a24c82632cc" testId="8f52ac7c-e0cc-1b89-2d97-ae8ca749ed4e" testName="CreateNumberEvaluationResult" computerName="DESKTOP-RRA95A8" duration="00:00:00.0019568" startTime="2016-01-24T03:16:11.2179719-08:00" endTime="2016-01-24T03:16:11.2219898-08:00" testType="13cdc9d9-ddb5-4fa4-a97d-d965ccfc6d4b" outcome="Passed" testListId="8c84fa94-04c1-424b-9868-57a2d4851a1d" relativeResultsDirectory="bf4a0900-c081-447b-8811-8a24c82632cc" />
    <UnitTestResult executionId="f181a4db-7db4-48e2-afb3-6d422222ccb0" testId="01d3f535-143b-3886-080c-407856a5d606" testName="CreateBooleanEvaluationResult" computerName="DESKTOP-RRA95A8" duration="00:00:00.0013996" startTime="2016-01-24T03:16:11.2249900-08:00" endTime="2016-01-24T03:16:11.2279993-08:00" testType="13cdc9d9-ddb5-4fa4-a97d-d965ccfc6d4b" outcome="Passed" testListId="8c84fa94-04c1-424b-9868-57a2d4851a1d" relativeResultsDirectory="f181a4db-7db4-48e2-afb3-6d422222ccb0" />
    <UnitTestResult executionId="83150954-f608-4d73-a185-c6bdb2d2c624" testId="bf2db756-2b45-aae6-d7c3-b5bb89f7e979" testName="CreateRegexpEvaluationResult" computerName="DESKTOP-RRA95A8" duration="00:00:00.0016494" startTime="2016-01-24T03:16:11.2310056-08:00" endTime="2016-01-24T03:16:11.2344663-08:00" testType="13cdc9d9-ddb5-4fa4-a97d-d965ccfc6d4b" outcome="Passed" testListId="8c84fa94-04c1-424b-9868-57a2d4851a1d" relativeResultsDirectory="83150954-f608-4d73-a185-c6bdb2d2c624" />
    <UnitTestResult executionId="90addb59-4755-413d-8396-d29713997583" testId="7a7ddb63-0067-41b9-37dc-06b2c2f18472" testName="CreateFunctionWithoutTextEvaluationResult" computerName="DESKTOP-RRA95A8" duration="00:00:00.0008030" startTime="2016-01-24T03:16:11.2373994-08:00" endTime="2016-01-24T03:16:11.2403434-08:00" testType="13cdc9d9-ddb5-4fa4-a97d-d965ccfc6d4b" outcome="Passed" testListId="8c84fa94-04c1-424b-9868-57a2d4851a1d" relativeResultsDirectory="90addb59-4755-413d-8396-d29713997583" />
    <UnitTestResult executionId="b206a0ab-a822-48f8-95d9-7e423046384f" testId="af67f0af-7177-fdce-ee11-bc44cc83adb3" testName="CreateFunctionWithTextEvaluationResult" computerName="DESKTOP-RRA95A8" duration="00:00:00.0006892" startTime="2016-01-24T03:16:11.2432870-08:00" endTime="2016-01-24T03:16:11.2452501-08:00" testType="13cdc9d9-ddb5-4fa4-a97d-d965ccfc6d4b" outcome="Passed" testListId="8c84fa94-04c1-424b-9868-57a2d4851a1d" relativeResultsDirectory="b206a0ab-a822-48f8-95d9-7e423046384f" />
    <UnitTestResult executionId="335efbaa-84b9-433b-ae5d-679297d55abc" testId="efe71fb3-a830-e484-efc7-9a156571f956" testName="CreateStringEvaluationResult" computerName="DESKTOP-RRA95A8" duration="00:00:00.0017146" startTime="2016-01-24T03:16:11.2491739-08:00" endTime="2016-01-24T03:16:11.2521176-08:00" testType="13cdc9d9-ddb5-4fa4-a97d-d965ccfc6d4b" outcome="Passed" testListId="8c84fa94-04c1-424b-9868-57a2d4851a1d" relativeResultsDirectory="335efbaa-84b9-433b-ae5d-679297d55abc" />
    <UnitTestResult executionId="fd367591-ced7-4164-9919-056fdf37baa4" testId="caf2655b-142b-1ce3-bdf0-ed0172795694" testName="CreateObjectEvaluationResult" computerName="DESKTOP-RRA95A8" duration="00:00:00.0007439" startTime="2016-01-24T03:16:11.2560433-08:00" endTime="2016-01-24T03:16:11.2580077-08:00" testType="13cdc9d9-ddb5-4fa4-a97d-d965ccfc6d4b" outcome="Passed" testListId="8c84fa94-04c1-424b-9868-57a2d4851a1d" relativeResultsDirectory="fd367591-ced7-4164-9919-056fdf37baa4" />
    <UnitTestResult executionId="89b1b5e2-6924-4ee6-a896-ecb8a25b8fc2" testId="a3ac6262-6ff9-9f2a-e9e9-31d76baab13a" testName="CreateDateEvaluationResult" computerName="DESKTOP-RRA95A8" duration="00:00:00.0007789" startTime="2016-01-24T03:16:11.2609503-08:00" endTime="2016-01-24T03:16:11.2629137-08:00" testType="13cdc9d9-ddb5-4fa4-a97d-d965ccfc6d4b" outcome="Passed" testListId="8c84fa94-04c1-424b-9868-57a2d4851a1d" relativeResultsDirectory="89b1b5e2-6924-4ee6-a896-ecb8a25b8fc2" />
    <UnitTestResult executionId="a7942aed-3515-42b0-9634-73e0577c4299" testId="3b955c7b-3d4a-3896-0e66-e4cb80f243e1" testName="CreateArrayEvaluationResult" computerName="DESKTOP-RRA95A8" duration="00:00:00.0008474" startTime="2016-01-24T03:16:11.2668394-08:00" endTime="2016-01-24T03:16:11.2687998-08:00" testType="13cdc9d9-ddb5-4fa4-a97d-d965ccfc6d4b" outcome="Passed" testListId="8c84fa94-04c1-424b-9868-57a2d4851a1d" relativeResultsDirectory="a7942aed-3515-42b0-9634-73e0577c4299" />
    <UnitTestResult executionId="1dc72451-7833-4ce7-b378-9a09c6000789" testId="46ab208e-4ac3-ab62-236a-2bdde4c32f52" testName="CreateErrorEvaluationResult" computerName="DESKTOP-RRA95A8" duration="00:00:00.0006833" startTime="2016-01-24T03:16:11.2727259-08:00" endTime="2016-01-24T03:16:11.2746904-08:00" testType="13cdc9d9-ddb5-4fa4-a97d-d965ccfc6d4b" outcome="Passed" testListId="8c84fa94-04c1-424b-9868-57a2d4851a1d" relativeResultsDirectory="1dc72451-7833-4ce7-b378-9a09c6000789" />
    <UnitTestResult executionId="3d200353-04e5-422d-8577-eb07bd232ecc" testId="c491f4cd-856c-27be-7552-0fd80cb749ac" testName="CreateUnknownEvaluationResult" computerName="DESKTOP-RRA95A8" duration="00:00:00.0007472" startTime="2016-01-24T03:16:11.2776322-08:00" endTime="2016-01-24T03:16:11.2795970-08:00" testType="13cdc9d9-ddb5-4fa4-a97d-d965ccfc6d4b" outcome="Passed" testListId="8c84fa94-04c1-424b-9868-57a2d4851a1d" relativeResultsDirectory="3d200353-04e5-422d-8577-eb07bd232ecc" />
    <UnitTestResult executionId="a4f41349-ff92-46f8-a673-8af85295d5bb" testId="17d3ce2a-f2b6-64aa-672c-d944f415f09d" testName="CreateUnknownEvaluationResultWithEmptyValue" computerName="DESKTOP-RRA95A8" duration="00:00:00.0010188" startTime="2016-01-24T03:16:11.2825389-08:00" endTime="2016-01-24T03:16:11.2854843-08:00" testType="13cdc9d9-ddb5-4fa4-a97d-d965ccfc6d4b" outcome="Passed" testListId="8c84fa94-04c1-424b-9868-57a2d4851a1d" relativeResultsDirectory="a4f41349-ff92-46f8-a673-8af85295d5bb" />
    <UnitTestResult executionId="9a3a80fb-1c31-465a-a9f7-ede9311d95c2" testId="b60ad2ab-4d18-32ce-e53a-6375685da0c7" testName="CreateEvaluationResultFromNullVariable" computerName="DESKTOP-RRA95A8" duration="00:00:00.0003194" startTime="2016-01-24T03:16:11.2894085-08:00" endTime="2016-01-24T03:16:11.2913727-08:00" testType="13cdc9d9-ddb5-4fa4-a97d-d965ccfc6d4b" outcome="Passed" testListId="8c84fa94-04c1-424b-9868-57a2d4851a1d" relativeResultsDirectory="9a3a80fb-1c31-465a-a9f7-ede9311d95c2" />
    <UnitTestResult executionId="33837db2-9bd2-49df-9d5b-9b73bcacbb00" testId="8fa4c0f9-f18f-8c99-61ea-32bc155c65d4" testName="CreateArrayElementEvaluationResult" computerName="DESKTOP-RRA95A8" duration="00:00:00.0019057" startTime="2016-01-24T03:16:11.2943148-08:00" endTime="2016-01-24T03:16:11.2972585-08:00" testType="13cdc9d9-ddb5-4fa4-a97d-d965ccfc6d4b" outcome="Passed" testListId="8c84fa94-04c1-424b-9868-57a2d4851a1d" relativeResultsDirectory="33837db2-9bd2-49df-9d5b-9b73bcacbb00" />
    <UnitTestResult executionId="a5d65e3f-bdca-4c19-89eb-eb2f74f42b4f" testId="9746358f-b67f-b94f-0258-7daf5813794d" testName="CreateObjectElementEvaluationResult" computerName="DESKTOP-RRA95A8" duration="00:00:00.0011392" startTime="2016-01-24T03:16:11.3011845-08:00" endTime="2016-01-24T03:16:11.3041278-08:00" testType="13cdc9d9-ddb5-4fa4-a97d-d965ccfc6d4b" outcome="Passed" testListId="8c84fa94-04c1-424b-9868-57a2d4851a1d" relativeResultsDirectory="a5d65e3f-bdca-4c19-89eb-eb2f74f42b4f" />
    <UnitTestResult executionId="61df1f8d-4f6e-4c23-8f86-1d6b5b4ed847" testId="383d2d6d-dedb-7e2d-b9db-be927229e101" testName="CreateObjectElementWithInvalidIdentifierEvaluationResult" computerName="DESKTOP-RRA95A8" duration="00:00:00.0010579" startTime="2016-01-24T03:16:11.3070733-08:00" endTime="2016-01-24T03:16:11.3100180-08:00" testType="13cdc9d9-ddb5-4fa4-a97d-d965ccfc6d4b" outcome="Passed" testListId="8c84fa94-04c1-424b-9868-57a2d4851a1d" relativeResultsDirectory="61df1f8d-4f6e-4c23-8f86-1d6b5b4ed847" />
    <UnitTestResult executionId="a82d4fdb-0348-475c-b028-acaa3a48f24b" testId="121d9ea5-6855-d5af-010f-afd8f001b9a4" testName="CreateEvaluationResultForPrototypeChild" computerName="DESKTOP-RRA95A8" duration="00:00:00.0010353" startTime="2016-01-24T03:16:11.3129605-08:00" endTime="2016-01-24T03:16:11.3149239-08:00" testType="13cdc9d9-ddb5-4fa4-a97d-d965ccfc6d4b" outcome="Passed" testListId="8c84fa94-04c1-424b-9868-57a2d4851a1d" relativeResultsDirectory="a82d4fdb-0348-475c-b028-acaa3a48f24b" />
    <UnitTestResult executionId="79142fb3-c5e7-4698-a4d7-b6f530d01188" testId="7b647279-18b4-3959-ac8b-06f5f589a0eb" testName="CreateCompileScriptEvent" computerName="DESKTOP-RRA95A8" duration="00:00:00.0008190" startTime="2016-01-24T03:16:11.3199188-08:00" endTime="2016-01-24T03:16:11.3224263-08:00" testType="13cdc9d9-ddb5-4fa4-a97d-d965ccfc6d4b" outcome="Passed" testListId="8c84fa94-04c1-424b-9868-57a2d4851a1d" relativeResultsDirectory="79142fb3-c5e7-4698-a4d7-b6f530d01188" />
    <UnitTestResult executionId="49db1781-915c-4c6c-bdb9-7e11215c70bd" testId="f1b77c14-16d4-9e77-6057-1590a1c19d82" testName="CreateCompileScriptEventWithNullScriptName" computerName="DESKTOP-RRA95A8" duration="00:00:00.0005699" startTime="2016-01-24T03:16:11.3264355-08:00" endTime="2016-01-24T03:16:11.3289426-08:00" testType="13cdc9d9-ddb5-4fa4-a97d-d965ccfc6d4b" outcome="Passed" testListId="8c84fa94-04c1-424b-9868-57a2d4851a1d" relativeResultsDirectory="49db1781-915c-4c6c-bdb9-7e11215c70bd" />
    <UnitTestResult executionId="fa7ebd5f-bf98-46ef-a356-47d80ac75175" testId="f088d456-c80c-bf30-a062-79ea65899e81" testName="CreateBreakpointEvent" computerName="DESKTOP-RRA95A8" duration="00:00:00.0008230" startTime="2016-01-24T03:16:11.3329325-08:00" endTime="2016-01-24T03:16:11.3368571-08:00" testType="13cdc9d9-ddb5-4fa4-a97d-d965ccfc6d4b" outcome="Passed" testListId="8c84fa94-04c1-424b-9868-57a2d4851a1d" relativeResultsDirectory="fa7ebd5f-bf98-46ef-a356-47d80ac75175" />
    <UnitTestResult executionId="10e60c7c-d387-4f3c-aeeb-df4e33a44c4f" testId="78e8ae6d-92d5-7487-4d79-27c633b4cac0" testName="CreateExceptionEvent" computerName="DESKTOP-RRA95A8" duration="00:00:00.0009386" startTime="2016-01-24T03:16:11.3398022-08:00" endTime="2016-01-24T03:16:11.3427458-08:00" testType="13cdc9d9-ddb5-4fa4-a97d-d965ccfc6d4b" outcome="Passed" testListId="8c84fa94-04c1-424b-9868-57a2d4851a1d" relativeResultsDirectory="10e60c7c-d387-4f3c-aeeb-df4e33a44c4f" />
    <UnitTestResult executionId="78dccc1b-b101-4212-9739-6adafc1f25e2" testId="9e118f96-2c6d-140e-7dd8-25bcba0342e0" testName="DataTipStandAloneVariable" computerName="DESKTOP-RRA95A8" duration="00:00:00.0468461" startTime="2016-01-24T03:16:11.3466708-08:00" endTime="2016-01-24T03:16:11.3957378-08:00" testType="13cdc9d9-ddb5-4fa4-a97d-d965ccfc6d4b" outcome="Failed" testListId="8c84fa94-04c1-424b-9868-57a2d4851a1d" relativeResultsDirectory="78dccc1b-b101-4212-9739-6adafc1f25e2">
      <Output>
        <ErrorInfo>
          <Message>Test method NodejsTests.Debugger.FileNameMapping.DataTipTests.DataTipStandAloneVariable threw exception: 
System.NullReferenceException: Object reference not set to an instance of an object.</Message>
          <StackTrace>    at Microsoft.NodejsTools.Extensions.GetComponentModel(IServiceProvider serviceProvider) in C:\src\nodejstools\Nodejs\Product\Nodejs\Extensions.cs:line 113
   at Microsoft.NodejsTools.Intellisense.VsProjectAnalyzer.CreateDefaultTaskProvider() in C:\src\nodejstools\Nodejs\Product\Nodejs\Intellisense\VsProjectAnalyzer.cs:line 712
   at Microsoft.NodejsTools.Intellisense.VsProjectAnalyzer..ctor(String projectFileDir) in C:\src\nodejstools\Nodejs\Product\Nodejs\Intellisense\VsProjectAnalyzer.cs:line 82
   at NodejsTests.Debugger.FileNameMapping.DataTipTests.DataTipTest(String input, String selectionRegex, String expectedDataTip) in C:\src\nodejstools\Nodejs\Tests\Core\Debugger\DataTipTests.cs:line 37
   at NodejsTests.Debugger.FileNameMapping.DataTipTests.DataTipStandAloneVariable() in C:\src\nodejstools\Nodejs\Tests\Core\Debugger\DataTipTests.cs:line 88
</StackTrace>
        </ErrorInfo>
      </Output>
    </UnitTestResult>
    <UnitTestResult executionId="1d1208f4-7e41-45e3-ac75-d5e7bb0918d8" testId="da4288c4-8c7c-17b2-abb5-1e0364689da8" testName="DataTipSelection" computerName="DESKTOP-RRA95A8" duration="00:00:00.0026759" startTime="2016-01-24T03:16:11.3986825-08:00" endTime="2016-01-24T03:16:11.4035888-08:00" testType="13cdc9d9-ddb5-4fa4-a97d-d965ccfc6d4b" outcome="Failed" testListId="8c84fa94-04c1-424b-9868-57a2d4851a1d" relativeResultsDirectory="1d1208f4-7e41-45e3-ac75-d5e7bb0918d8">
      <Output>
        <ErrorInfo>
          <Message>Test method NodejsTests.Debugger.FileNameMapping.DataTipTests.DataTipSelection threw exception: 
System.NullReferenceException: Object reference not set to an instance of an object.</Message>
          <StackTrace>    at Microsoft.NodejsTools.Extensions.GetComponentModel(IServiceProvider serviceProvider) in C:\src\nodejstools\Nodejs\Product\Nodejs\Extensions.cs:line 113
   at Microsoft.NodejsTools.Intellisense.VsProjectAnalyzer.CreateDefaultTaskProvider() in C:\src\nodejstools\Nodejs\Product\Nodejs\Intellisense\VsProjectAnalyzer.cs:line 712
   at Microsoft.NodejsTools.Intellisense.VsProjectAnalyzer..ctor(String projectFileDir) in C:\src\nodejstools\Nodejs\Product\Nodejs\Intellisense\VsProjectAnalyzer.cs:line 82
   at NodejsTests.Debugger.FileNameMapping.DataTipTests.DataTipTest(String input, String selectionRegex, String expectedDataTip) in C:\src\nodejstools\Nodejs\Tests\Core\Debugger\DataTipTests.cs:line 37
   at NodejsTests.Debugger.FileNameMapping.DataTipTests.DataTipSelection() in C:\src\nodejstools\Nodejs\Tests\Core\Debugger\DataTipTests.cs:line 99
</StackTrace>
        </ErrorInfo>
      </Output>
    </UnitTestResult>
    <UnitTestResult executionId="5f64aacf-c7b3-447c-9972-5a01712060d4" testId="e157c556-d358-cb22-5160-5456a2f6fbd8" testName="DataTipPropertyAccess" computerName="DESKTOP-RRA95A8" duration="00:00:00.0022000" startTime="2016-01-24T03:16:11.4065324-08:00" endTime="2016-01-24T03:16:11.4104585-08:00" testType="13cdc9d9-ddb5-4fa4-a97d-d965ccfc6d4b" outcome="Failed" testListId="8c84fa94-04c1-424b-9868-57a2d4851a1d" relativeResultsDirectory="5f64aacf-c7b3-447c-9972-5a01712060d4">
      <Output>
        <ErrorInfo>
          <Message>Test method NodejsTests.Debugger.FileNameMapping.DataTipTests.DataTipPropertyAccess threw exception: 
System.NullReferenceException: Object reference not set to an instance of an object.</Message>
          <StackTrace>    at Microsoft.NodejsTools.Extensions.GetComponentModel(IServiceProvider serviceProvider) in C:\src\nodejstools\Nodejs\Product\Nodejs\Extensions.cs:line 113
   at Microsoft.NodejsTools.Intellisense.VsProjectAnalyzer.CreateDefaultTaskProvider() in C:\src\nodejstools\Nodejs\Product\Nodejs\Intellisense\VsProjectAnalyzer.cs:line 712
   at Microsoft.NodejsTools.Intellisense.VsProjectAnalyzer..ctor(String projectFileDir) in C:\src\nodejstools\Nodejs\Product\Nodejs\Intellisense\VsProjectAnalyzer.cs:line 82
   at NodejsTests.Debugger.FileNameMapping.DataTipTests.DataTipTest(String input, String selectionRegex, String expectedDataTip) in C:\src\nodejstools\Nodejs\Tests\Core\Debugger\DataTipTests.cs:line 37
   at NodejsTests.Debugger.FileNameMapping.DataTipTests.DataTipPropertyAccess() in C:\src\nodejstools\Nodejs\Tests\Core\Debugger\DataTipTests.cs:line 111
</StackTrace>
        </ErrorInfo>
      </Output>
    </UnitTestResult>
    <UnitTestResult executionId="c60f61a7-9282-4a4b-ad47-3115f3f46192" testId="6b60e3b3-704c-1eec-0b9b-39d8391d9e0b" testName="DataTipParens" computerName="DESKTOP-RRA95A8" duration="00:00:00.0023375" startTime="2016-01-24T03:16:11.4134017-08:00" endTime="2016-01-24T03:16:11.4178744-08:00" testType="13cdc9d9-ddb5-4fa4-a97d-d965ccfc6d4b" outcome="Failed" testListId="8c84fa94-04c1-424b-9868-57a2d4851a1d" relativeResultsDirectory="c60f61a7-9282-4a4b-ad47-3115f3f46192">
      <Output>
        <ErrorInfo>
          <Message>Test method NodejsTests.Debugger.FileNameMapping.DataTipTests.DataTipParens threw exception: 
System.NullReferenceException: Object reference not set to an instance of an object.</Message>
          <StackTrace>    at Microsoft.NodejsTools.Extensions.GetComponentModel(IServiceProvider serviceProvider) in C:\src\nodejstools\Nodejs\Product\Nodejs\Extensions.cs:line 113
   at Microsoft.NodejsTools.Intellisense.VsProjectAnalyzer.CreateDefaultTaskProvider() in C:\src\nodejstools\Nodejs\Product\Nodejs\Intellisense\VsProjectAnalyzer.cs:line 712
   at Microsoft.NodejsTools.Intellisense.VsProjectAnalyzer..ctor(String projectFileDir) in C:\src\nodejstools\Nodejs\Product\Nodejs\Intellisense\VsProjectAnalyzer.cs:line 82
   at NodejsTests.Debugger.FileNameMapping.DataTipTests.DataTipTest(String input, String selectionRegex, String expectedDataTip) in C:\src\nodejstools\Nodejs\Tests\Core\Debugger\DataTipTests.cs:line 37
   at NodejsTests.Debugger.FileNameMapping.DataTipTests.DataTipParens() in C:\src\nodejstools\Nodejs\Tests\Core\Debugger\DataTipTests.cs:line 121
</StackTrace>
        </ErrorInfo>
      </Output>
    </UnitTestResult>
    <UnitTestResult executionId="dbf8fa8e-cb69-469c-8887-29dc4dc8b583" testId="8bb3a274-0b61-5e57-7546-77fcfe55671c" testName="DataTipNoSideEffects" computerName="DESKTOP-RRA95A8" duration="00:00:00.0023703" startTime="2016-01-24T03:16:11.4218836-08:00" endTime="2016-01-24T03:16:11.4253925-08:00" testType="13cdc9d9-ddb5-4fa4-a97d-d965ccfc6d4b" outcome="Failed" testListId="8c84fa94-04c1-424b-9868-57a2d4851a1d" relativeResultsDirectory="dbf8fa8e-cb69-469c-8887-29dc4dc8b583">
      <Output>
        <ErrorInfo>
          <Message>Test method NodejsTests.Debugger.FileNameMapping.DataTipTests.DataTipNoSideEffects threw exception: 
System.NullReferenceException: Object reference not set to an instance of an object.</Message>
          <StackTrace>    at Microsoft.NodejsTools.Extensions.GetComponentModel(IServiceProvider serviceProvider) in C:\src\nodejstools\Nodejs\Product\Nodejs\Extensions.cs:line 113
   at Microsoft.NodejsTools.Intellisense.VsProjectAnalyzer.CreateDefaultTaskProvider() in C:\src\nodejstools\Nodejs\Product\Nodejs\Intellisense\VsProjectAnalyzer.cs:line 712
   at Microsoft.NodejsTools.Intellisense.VsProjectAnalyzer..ctor(String projectFileDir) in C:\src\nodejstools\Nodejs\Product\Nodejs\Intellisense\VsProjectAnalyzer.cs:line 82
   at NodejsTests.Debugger.FileNameMapping.DataTipTests.DataTipTest(String input, String selectionRegex, String expectedDataTip) in C:\src\nodejstools\Nodejs\Tests\Core\Debugger\DataTipTests.cs:line 37
   at NodejsTests.Debugger.FileNameMapping.DataTipTests.DataTipNoSideEffects() in C:\src\nodejstools\Nodejs\Tests\Core\Debugger\DataTipTests.cs:line 130
</StackTrace>
        </ErrorInfo>
      </Output>
    </UnitTestResult>
    <UnitTestResult executionId="68a4afe9-8023-495f-96ba-b891b5b87119" testId="bd272fb9-52b5-0863-01e0-1b3a5feae42b" testName="DataTipSingleLineComment" computerName="DESKTOP-RRA95A8" duration="00:00:00.0022704" startTime="2016-01-24T03:16:11.4289036-08:00" endTime="2016-01-24T03:16:11.4323927-08:00" testType="13cdc9d9-ddb5-4fa4-a97d-d965ccfc6d4b" outcome="Failed" testListId="8c84fa94-04c1-424b-9868-57a2d4851a1d" relativeResultsDirectory="68a4afe9-8023-495f-96ba-b891b5b87119">
      <Output>
        <ErrorInfo>
          <Message>Test method NodejsTests.Debugger.FileNameMapping.DataTipTests.DataTipSingleLineComment threw exception: 
System.NullReferenceException: Object reference not set to an instance of an object.</Message>
          <StackTrace>    at Microsoft.NodejsTools.Extensions.GetComponentModel(IServiceProvider serviceProvider) in C:\src\nodejstools\Nodejs\Product\Nodejs\Extensions.cs:line 113
   at Microsoft.NodejsTools.Intellisense.VsProjectAnalyzer.CreateDefaultTaskProvider() in C:\src\nodejstools\Nodejs\Product\Nodejs\Intellisense\VsProjectAnalyzer.cs:line 712
   at Microsoft.NodejsTools.Intellisense.VsProjectAnalyzer..ctor(String projectFileDir) in C:\src\nodejstools\Nodejs\Product\Nodejs\Intellisense\VsProjectAnalyzer.cs:line 82
   at NodejsTests.Debugger.FileNameMapping.DataTipTests.DataTipTest(String input, String selectionRegex, String expectedDataTip) in C:\src\nodejstools\Nodejs\Tests\Core\Debugger\DataTipTests.cs:line 37
   at NodejsTests.Debugger.FileNameMapping.DataTipTests.DataTipSingleLineComment() in C:\src\nodejstools\Nodejs\Tests\Core\Debugger\DataTipTests.cs:line 143
</StackTrace>
        </ErrorInfo>
      </Output>
    </UnitTestResult>
    <UnitTestResult executionId="a9732950-5afa-4144-af02-e8edd2077623" testId="f3dad85e-7093-08b6-7115-dd8302b4f11a" testName="DataTipMultiLineComment" computerName="DESKTOP-RRA95A8" duration="00:00:00.0021741" startTime="2016-01-24T03:16:11.4353371-08:00" endTime="2016-01-24T03:16:11.4392628-08:00" testType="13cdc9d9-ddb5-4fa4-a97d-d965ccfc6d4b" outcome="Failed" testListId="8c84fa94-04c1-424b-9868-57a2d4851a1d" relativeResultsDirectory="a9732950-5afa-4144-af02-e8edd2077623">
      <Output>
        <ErrorInfo>
          <Message>Test method NodejsTests.Debugger.FileNameMapping.DataTipTests.DataTipMultiLineComment threw exception: 
System.NullReferenceException: Object reference not set to an instance of an object.</Message>
          <StackTrace>    at Microsoft.NodejsTools.Extensions.GetComponentModel(IServiceProvider serviceProvider) in C:\src\nodejstools\Nodejs\Product\Nodejs\Extensions.cs:line 113
   at Microsoft.NodejsTools.Intellisense.VsProjectAnalyzer.CreateDefaultTaskProvider() in C:\src\nodejstools\Nodejs\Product\Nodejs\Intellisense\VsProjectAnalyzer.cs:line 712
   at Microsoft.NodejsTools.Intellisense.VsProjectAnalyzer..ctor(String projectFileDir) in C:\src\nodejstools\Nodejs\Product\Nodejs\Intellisense\VsProjectAnalyzer.cs:line 82
   at NodejsTests.Debugger.FileNameMapping.DataTipTests.DataTipTest(String input, String selectionRegex, String expectedDataTip) in C:\src\nodejstools\Nodejs\Tests\Core\Debugger\DataTipTests.cs:line 37
   at NodejsTests.Debugger.FileNameMapping.DataTipTests.DataTipMultiLineComment() in C:\src\nodejstools\Nodejs\Tests\Core\Debugger\DataTipTests.cs:line 153
</StackTrace>
        </ErrorInfo>
      </Output>
    </UnitTestResult>
    <UnitTestResult executionId="2427df25-ac93-4079-a86f-3df38bd496a8" testId="e7805ade-8bd4-0eac-71ff-2c70e39a8a5e" testName="GetLocalFileNameForBuiltInModuleTests" computerName="DESKTOP-RRA95A8" duration="00:00:00.0018944" startTime="2016-01-24T03:16:11.4422050-08:00" endTime="2016-01-24T03:16:11.4461310-08:00" testType="13cdc9d9-ddb5-4fa4-a97d-d965ccfc6d4b" outcome="Passed" testListId="8c84fa94-04c1-424b-9868-57a2d4851a1d" relativeResultsDirectory="2427df25-ac93-4079-a86f-3df38bd496a8" />
    <UnitTestResult executionId="6e3e0d6d-49ab-40f4-a644-791ec60443cb" testId="071cb91c-1611-1190-824d-b3b72997bdc6" testName="GetLocalFileNameForRemoteModuleTests" computerName="DESKTOP-RRA95A8" duration="00:00:00.0002957" startTime="2016-01-24T03:16:11.4490739-08:00" endTime="2016-01-24T03:16:11.4510381-08:00" testType="13cdc9d9-ddb5-4fa4-a97d-d965ccfc6d4b" outcome="Passed" testListId="8c84fa94-04c1-424b-9868-57a2d4851a1d" relativeResultsDirectory="6e3e0d6d-49ab-40f4-a644-791ec60443cb" />
    <UnitTestResult executionId="066ef3ac-7c16-4808-9abc-822269ee5107" testId="b6c5f0fc-70d5-d830-ab03-d588f9c81823" testName="GetLocalFileNameIfProjectContainsDuplicatesTests" computerName="DESKTOP-RRA95A8" duration="00:00:00.0003311" startTime="2016-01-24T03:16:11.4549623-08:00" endTime="2016-01-24T03:16:11.4569246-08:00" testType="13cdc9d9-ddb5-4fa4-a97d-d965ccfc6d4b" outcome="Passed" testListId="8c84fa94-04c1-424b-9868-57a2d4851a1d" relativeResultsDirectory="066ef3ac-7c16-4808-9abc-822269ee5107" />
    <UnitTestResult executionId="9284a615-c48e-4cc3-976b-44732ea82782" testId="f5a4865d-ab13-9d7d-26d6-47b91f6f7eb9" testName="GetLocalFileNameTests" computerName="DESKTOP-RRA95A8" duration="00:00:00.0002136" startTime="2016-01-24T03:16:11.4598686-08:00" endTime="2016-01-24T03:16:11.4618327-08:00" testType="13cdc9d9-ddb5-4fa4-a97d-d965ccfc6d4b" outcome="Passed" testListId="8c84fa94-04c1-424b-9868-57a2d4851a1d" relativeResultsDirectory="9284a615-c48e-4cc3-976b-44732ea82782" />
    <UnitTestResult executionId="99ed2448-0a66-4ddd-81e2-f1cd92dabf77" testId="feaafdda-92be-c847-da18-2dedb891a07a" testName="CreateDebuggerClientWithNullConnection" computerName="DESKTOP-RRA95A8" duration="00:00:00.0003872" startTime="2016-01-24T03:16:11.4647752-08:00" endTime="2016-01-24T03:16:11.4667394-08:00" testType="13cdc9d9-ddb5-4fa4-a97d-d965ccfc6d4b" outcome="Passed" testListId="8c84fa94-04c1-424b-9868-57a2d4851a1d" relativeResultsDirectory="99ed2448-0a66-4ddd-81e2-f1cd92dabf77" />
    <UnitTestResult executionId="169cb1d8-44ee-4694-b449-0cba453f0eae" testId="b5b368af-86f7-a578-d390-caac4a9a165b" testName="SendMessageViaDebuggerClient" computerName="DESKTOP-RRA95A8" duration="00:00:00.1392186" startTime="2016-01-24T03:16:11.4696826-08:00" endTime="2016-01-24T03:16:11.6113905-08:00" testType="13cdc9d9-ddb5-4fa4-a97d-d965ccfc6d4b" outcome="Passed" testListId="8c84fa94-04c1-424b-9868-57a2d4851a1d" relativeResultsDirectory="169cb1d8-44ee-4694-b449-0cba453f0eae" />
    <UnitTestResult executionId="9a52f021-10bb-4546-bf2a-56e71d4c689b" testId="d33fc001-b994-5f68-bb28-2d2215389d9c" testName="RaiseCompileScriptEventViaDebuggerClient" computerName="DESKTOP-RRA95A8" duration="00:00:00.0021665" startTime="2016-01-24T03:16:11.6208661-08:00" endTime="2016-01-24T03:16:11.6263756-08:00" testType="13cdc9d9-ddb5-4fa4-a97d-d965ccfc6d4b" outcome="Passed" testListId="8c84fa94-04c1-424b-9868-57a2d4851a1d" relativeResultsDirectory="9a52f021-10bb-4546-bf2a-56e71d4c689b" />
    <UnitTestResult executionId="8694da44-5df6-4c21-b8d9-c22050ff5351" testId="9d4af9f5-75e6-e593-762d-526282c646c8" testName="RaiseBreakpointEventViaDebuggerClient" computerName="DESKTOP-RRA95A8" duration="00:00:00.0016793" startTime="2016-01-24T03:16:11.6343415-08:00" endTime="2016-01-24T03:16:11.6402302-08:00" testType="13cdc9d9-ddb5-4fa4-a97d-d965ccfc6d4b" outcome="Passed" testListId="8c84fa94-04c1-424b-9868-57a2d4851a1d" relativeResultsDirectory="8694da44-5df6-4c21-b8d9-c22050ff5351" />
    <UnitTestResult executionId="f2ec6afc-a68b-4f12-be54-185401f09ef5" testId="61da316d-cabc-a944-5b9f-c17cea8e98bb" testName="RaiseExceptionEventViaDebuggerClient" computerName="DESKTOP-RRA95A8" duration="00:00:00.0026482" startTime="2016-01-24T03:16:11.6471079-08:00" endTime="2016-01-24T03:16:11.6520058-08:00" testType="13cdc9d9-ddb5-4fa4-a97d-d965ccfc6d4b" outcome="Passed" testListId="8c84fa94-04c1-424b-9868-57a2d4851a1d" relativeResultsDirectory="f2ec6afc-a68b-4f12-be54-185401f09ef5" />
    <UnitTestResult executionId="ad70f418-9dbc-4a67-8bb9-e4e512191079" testId="b5017177-8cab-c73d-29ab-c10df716cf8f" testName="CreateDebuggerConnectionWithNullNetworkClientFactory" computerName="DESKTOP-RRA95A8" duration="00:00:00.0004795" startTime="2016-01-24T03:16:11.6598565-08:00" endTime="2016-01-24T03:16:11.6627990-08:00" testType="13cdc9d9-ddb5-4fa4-a97d-d965ccfc6d4b" outcome="Passed" testListId="8c84fa94-04c1-424b-9868-57a2d4851a1d" relativeResultsDirectory="ad70f418-9dbc-4a67-8bb9-e4e512191079" />
    <UnitTestResult executionId="7191f1f8-a47c-4b7c-90cc-687947ee7f6a" testId="d713fa0e-5413-a0ec-9a9e-3f2b17329299" testName="RaiseConnectionClosedEvent" computerName="DESKTOP-RRA95A8" duration="00:00:00.2554395" startTime="2016-01-24T03:16:11.6696760-08:00" endTime="2016-01-24T03:16:11.9294887-08:00" testType="13cdc9d9-ddb5-4fa4-a97d-d965ccfc6d4b" outcome="Passed" testListId="8c84fa94-04c1-424b-9868-57a2d4851a1d" relativeResultsDirectory="7191f1f8-a47c-4b7c-90cc-687947ee7f6a" />
    <UnitTestResult executionId="b9f881de-b20b-4c18-9fdc-13840c37761c" testId="ecfeeeb7-78a0-77c9-646a-60438175f0c9" testName="RaiseOutputMessageEvent" computerName="DESKTOP-RRA95A8" duration="00:00:00.1230508" startTime="2016-01-24T03:16:11.9403315-08:00" endTime="2016-01-24T03:16:12.0710558-08:00" testType="13cdc9d9-ddb5-4fa4-a97d-d965ccfc6d4b" outcome="Passed" testListId="8c84fa94-04c1-424b-9868-57a2d4851a1d" relativeResultsDirectory="b9f881de-b20b-4c18-9fdc-13840c37761c" />
    <UnitTestResult executionId="fd7a90ca-f1f9-46e1-b855-f8a4250e639d" testId="b6a48056-b24a-575f-c3ee-a0693d87961f" testName="SendMessageAsync" computerName="DESKTOP-RRA95A8" duration="00:00:00.1097589" startTime="2016-01-24T03:16:12.0906813-08:00" endTime="2016-01-24T03:16:12.2060617-08:00" testType="13cdc9d9-ddb5-4fa4-a97d-d965ccfc6d4b" outcome="Passed" testListId="8c84fa94-04c1-424b-9868-57a2d4851a1d" relativeResultsDirectory="fd7a90ca-f1f9-46e1-b855-f8a4250e639d" />
    <UnitTestResult executionId="f51c657c-209b-4a7c-b893-9bf2fe9949b2" testId="7c5b8e70-3b36-75c8-5244-7872cfc25fb0" testName="RetrieveNodeVersion" computerName="DESKTOP-RRA95A8" duration="00:00:00.1054467" startTime="2016-01-24T03:16:12.2099750-08:00" endTime="2016-01-24T03:16:12.3193780-08:00" testType="13cdc9d9-ddb5-4fa4-a97d-d965ccfc6d4b" outcome="Passed" testListId="8c84fa94-04c1-424b-9868-57a2d4851a1d" relativeResultsDirectory="f51c657c-209b-4a7c-b893-9bf2fe9949b2" />
    <UnitTestResult executionId="6559ae32-0577-47db-94cf-8daecc8cb5d5" testId="3e2413be-4961-54f6-cbc4-f8d410064a22" testName="CreateBacktraceCommand" computerName="DESKTOP-RRA95A8" duration="00:00:00.0109715" startTime="2016-01-24T03:16:12.3373297-08:00" endTime="2016-01-24T03:16:12.3559725-08:00" testType="13cdc9d9-ddb5-4fa4-a97d-d965ccfc6d4b" outcome="Passed" testListId="8c84fa94-04c1-424b-9868-57a2d4851a1d" relativeResultsDirectory="6559ae32-0577-47db-94cf-8daecc8cb5d5" />
    <UnitTestResult executionId="92db9f93-28e7-4615-b703-f058e9bf2dd8" testId="2642489c-a838-1eb5-5059-3cb60e2532af" testName="ProcessBacktraceForCallstackDepth" computerName="DESKTOP-RRA95A8" duration="00:00:00.0100777" startTime="2016-01-24T03:16:12.3608788-08:00" endTime="2016-01-24T03:16:12.3736372-08:00" testType="13cdc9d9-ddb5-4fa4-a97d-d965ccfc6d4b" outcome="Passed" testListId="8c84fa94-04c1-424b-9868-57a2d4851a1d" relativeResultsDirectory="92db9f93-28e7-4615-b703-f058e9bf2dd8" />
    <UnitTestResult executionId="8244d1d6-6c97-4b38-acfd-edfa9911efcd" testId="df8e7e1d-5475-a974-5f86-d4a69e239a15" testName="ProcessBacktraceForStackFrames" computerName="DESKTOP-RRA95A8" duration="00:00:00.0090883" startTime="2016-01-24T03:16:12.3765793-08:00" endTime="2016-01-24T03:16:12.3874050-08:00" testType="13cdc9d9-ddb5-4fa4-a97d-d965ccfc6d4b" outcome="Passed" testListId="8c84fa94-04c1-424b-9868-57a2d4851a1d" relativeResultsDirectory="8244d1d6-6c97-4b38-acfd-edfa9911efcd" />
    <UnitTestResult executionId="e10a7264-f8a2-4b3b-8191-f97e25750320" testId="c84c3c6f-16da-c241-26d2-cade5310c5fa" testName="CreateChangeBreakpointCommand" computerName="DESKTOP-RRA95A8" duration="00:00:00.0004044" startTime="2016-01-24T03:16:12.3903206-08:00" endTime="2016-01-24T03:16:12.3922829-08:00" testType="13cdc9d9-ddb5-4fa4-a97d-d965ccfc6d4b" outcome="Passed" testListId="8c84fa94-04c1-424b-9868-57a2d4851a1d" relativeResultsDirectory="e10a7264-f8a2-4b3b-8191-f97e25750320" />
    <UnitTestResult executionId="d6d83e27-45e6-4f43-afd8-a57c175d6714" testId="2cbd035c-e0d0-dfa9-35d0-d4efd532a339" testName="CreateChangeBreakpointCommandWithOptionalParameters" computerName="DESKTOP-RRA95A8" duration="00:00:00.0004649" startTime="2016-01-24T03:16:12.4289127-08:00" endTime="2016-01-24T03:16:12.4309187-08:00" testType="13cdc9d9-ddb5-4fa4-a97d-d965ccfc6d4b" outcome="Passed" testListId="8c84fa94-04c1-424b-9868-57a2d4851a1d" relativeResultsDirectory="d6d83e27-45e6-4f43-afd8-a57c175d6714" />
    <UnitTestResult executionId="554a276a-7412-4399-bc4b-4d15fedb2ba7" testId="a5b36769-632a-6281-ebf8-ba6ff6a7b669" testName="CreateClearBreakpointCommand" computerName="DESKTOP-RRA95A8" duration="00:00:00.0005010" startTime="2016-01-24T03:16:12.4334076-08:00" endTime="2016-01-24T03:16:12.4363666-08:00" testType="13cdc9d9-ddb5-4fa4-a97d-d965ccfc6d4b" outcome="Passed" testListId="8c84fa94-04c1-424b-9868-57a2d4851a1d" relativeResultsDirectory="554a276a-7412-4399-bc4b-4d15fedb2ba7" />
    <UnitTestResult executionId="3550829c-ec9d-4714-8e53-2205c14eb31c" testId="085a7cab-ae81-97d5-41ec-cc1132f079d2" testName="CreateContinueCommand" computerName="DESKTOP-RRA95A8" duration="00:00:00.0004412" startTime="2016-01-24T03:16:12.4392938-08:00" endTime="2016-01-24T03:16:12.4412590-08:00" testType="13cdc9d9-ddb5-4fa4-a97d-d965ccfc6d4b" outcome="Passed" testListId="8c84fa94-04c1-424b-9868-57a2d4851a1d" relativeResultsDirectory="3550829c-ec9d-4714-8e53-2205c14eb31c" />
    <UnitTestResult executionId="13a1e662-83ba-40ed-8021-0f9b8c55b369" testId="fa9015f3-bc8f-5518-4673-62f50aab0314" testName="CreateContinueCommandWithOptionalParameters" computerName="DESKTOP-RRA95A8" duration="00:00:00.0004325" startTime="2016-01-24T03:16:12.4442008-08:00" endTime="2016-01-24T03:16:12.4461649-08:00" testType="13cdc9d9-ddb5-4fa4-a97d-d965ccfc6d4b" outcome="Passed" testListId="8c84fa94-04c1-424b-9868-57a2d4851a1d" relativeResultsDirectory="13a1e662-83ba-40ed-8021-0f9b8c55b369" />
    <UnitTestResult executionId="8c1926b5-e683-48a9-84b1-693953e45806" testId="34a2496a-ef70-a55f-5808-1cedc908300a" testName="CreateChangeLiveCommand" computerName="DESKTOP-RRA95A8" duration="00:00:00.0009313" startTime="2016-01-24T03:16:12.4491089-08:00" endTime="2016-01-24T03:16:12.4520518-08:00" testType="13cdc9d9-ddb5-4fa4-a97d-d965ccfc6d4b" outcome="Passed" testListId="8c84fa94-04c1-424b-9868-57a2d4851a1d" relativeResultsDirectory="8c1926b5-e683-48a9-84b1-693953e45806" />
    <UnitTestResult executionId="1f131e54-cbb8-49ac-90b5-d10f47b70e56" testId="df6f0b70-05c1-1a31-dc3a-96c4e1788da0" testName="ProcessChangeLiveResponse" computerName="DESKTOP-RRA95A8" duration="00:00:00.0005922" startTime="2016-01-24T03:16:12.4559768-08:00" endTime="2016-01-24T03:16:12.4579420-08:00" testType="13cdc9d9-ddb5-4fa4-a97d-d965ccfc6d4b" outcome="Passed" testListId="8c84fa94-04c1-424b-9868-57a2d4851a1d" relativeResultsDirectory="1f131e54-cbb8-49ac-90b5-d10f47b70e56" />
    <UnitTestResult executionId="4b746e01-c264-450c-bf6f-a4ad7d972915" testId="570b7cdd-3c09-c1da-6ed3-09f1830de2da" testName="CreateSetVariableValueCommand" computerName="DESKTOP-RRA95A8" duration="00:00:00.0019258" startTime="2016-01-24T03:16:12.4608853-08:00" endTime="2016-01-24T03:16:12.4648103-08:00" testType="13cdc9d9-ddb5-4fa4-a97d-d965ccfc6d4b" outcome="Passed" testListId="8c84fa94-04c1-424b-9868-57a2d4851a1d" relativeResultsDirectory="4b746e01-c264-450c-bf6f-a4ad7d972915" />
    <UnitTestResult executionId="85646334-3836-4182-b7f2-6ff164f31cc4" testId="0fcd217a-d85b-b4ce-39c9-5ddc40f90f29" testName="ProcessSetVariableValueResponse" computerName="DESKTOP-RRA95A8" duration="00:00:00.0026154" startTime="2016-01-24T03:16:12.4677528-08:00" endTime="2016-01-24T03:16:12.4726591-08:00" testType="13cdc9d9-ddb5-4fa4-a97d-d965ccfc6d4b" outcome="Passed" testListId="8c84fa94-04c1-424b-9868-57a2d4851a1d" relativeResultsDirectory="85646334-3836-4182-b7f2-6ff164f31cc4" />
    <UnitTestResult executionId="1da46113-d7e1-4687-8f2b-618087134ec5" testId="cabfafd6-aeb6-9cf7-7864-a50978670060" testName="CreateSuspendCommand" computerName="DESKTOP-RRA95A8" duration="00:00:00.0003956" startTime="2016-01-24T03:16:12.4756031-08:00" endTime="2016-01-24T03:16:12.4775658-08:00" testType="13cdc9d9-ddb5-4fa4-a97d-d965ccfc6d4b" outcome="Passed" testListId="8c84fa94-04c1-424b-9868-57a2d4851a1d" relativeResultsDirectory="1da46113-d7e1-4687-8f2b-618087134ec5" />
    <UnitTestResult executionId="4ac92b56-b4b5-4635-8f24-a6fee225f216" testId="6338d79e-8d65-4154-010e-63aaaf74c8d3" testName="CreateSetExceptionBreakCommand" computerName="DESKTOP-RRA95A8" duration="00:00:00.0004510" startTime="2016-01-24T03:16:12.4805112-08:00" endTime="2016-01-24T03:16:12.4824750-08:00" testType="13cdc9d9-ddb5-4fa4-a97d-d965ccfc6d4b" outcome="Passed" testListId="8c84fa94-04c1-424b-9868-57a2d4851a1d" relativeResultsDirectory="4ac92b56-b4b5-4635-8f24-a6fee225f216" />
    <UnitTestResult executionId="afc4ad81-c367-4517-b658-3c4484c4b89d" testId="9fb0b0ac-54ec-18d1-c5d6-7272e3e291e6" testName="CreateSetExceptionBreakCommandForAll" computerName="DESKTOP-RRA95A8" duration="00:00:00.0003781" startTime="2016-01-24T03:16:12.4863981-08:00" endTime="2016-01-24T03:16:12.4893428-08:00" testType="13cdc9d9-ddb5-4fa4-a97d-d965ccfc6d4b" outcome="Passed" testListId="8c84fa94-04c1-424b-9868-57a2d4851a1d" relativeResultsDirectory="afc4ad81-c367-4517-b658-3c4484c4b89d" />
    <UnitTestResult executionId="54de94bf-7b40-4abe-af5c-6f0f40432e05" testId="f1a00a64-daad-9e04-d622-09bef8a2e7a9" testName="CreateSetBreakpointCommand" computerName="DESKTOP-RRA95A8" duration="00:00:00.0006833" startTime="2016-01-24T03:16:12.4922857-08:00" endTime="2016-01-24T03:16:12.4942509-08:00" testType="13cdc9d9-ddb5-4fa4-a97d-d965ccfc6d4b" outcome="Passed" testListId="8c84fa94-04c1-424b-9868-57a2d4851a1d" relativeResultsDirectory="54de94bf-7b40-4abe-af5c-6f0f40432e05" />
    <UnitTestResult executionId="21847962-8a36-4285-97c4-849567c6e2c8" testId="50f91245-2eb9-62b8-0699-d5d8d818cb53" testName="CreateSetBreakpointCommandOnFirstLine" computerName="DESKTOP-RRA95A8" duration="00:00:00.0006254" startTime="2016-01-24T03:16:12.4981745-08:00" endTime="2016-01-24T03:16:12.5001386-08:00" testType="13cdc9d9-ddb5-4fa4-a97d-d965ccfc6d4b" outcome="Passed" testListId="8c84fa94-04c1-424b-9868-57a2d4851a1d" relativeResultsDirectory="21847962-8a36-4285-97c4-849567c6e2c8" />
    <UnitTestResult executionId="1c4cd694-b642-4d19-a35c-aa3e597544bb" testId="26abf7e2-95ef-5d6a-a6fa-81bcce12ce45" testName="CreateSetBreakpointCommandOnRemoteFile" computerName="DESKTOP-RRA95A8" duration="00:00:00.0012056" startTime="2016-01-24T03:16:12.5030826-08:00" endTime="2016-01-24T03:16:12.5060266-08:00" testType="13cdc9d9-ddb5-4fa4-a97d-d965ccfc6d4b" outcome="Passed" testListId="8c84fa94-04c1-424b-9868-57a2d4851a1d" relativeResultsDirectory="1c4cd694-b642-4d19-a35c-aa3e597544bb" />
    <UnitTestResult executionId="cc81bc49-745e-4563-b7a2-b8329b1b93fd" testId="47fcbd06-1072-a2e3-eca5-1dc65330ac42" testName="CreateSetBreakpointCommandOnLocalFile" computerName="DESKTOP-RRA95A8" duration="00:00:00.0004689" startTime="2016-01-24T03:16:12.5089687-08:00" endTime="2016-01-24T03:16:12.5109332-08:00" testType="13cdc9d9-ddb5-4fa4-a97d-d965ccfc6d4b" outcome="Passed" testListId="8c84fa94-04c1-424b-9868-57a2d4851a1d" relativeResultsDirectory="cc81bc49-745e-4563-b7a2-b8329b1b93fd" />
    <UnitTestResult executionId="61f7b49a-8428-4814-b403-eafdd029366e" testId="230b5546-49cc-fe04-cab8-e57185836f63" testName="CreateSetBreakpointCommandWithoutPredicate" computerName="DESKTOP-RRA95A8" duration="00:00:00.0005375" startTime="2016-01-24T03:16:12.5148567-08:00" endTime="2016-01-24T03:16:12.5168194-08:00" testType="13cdc9d9-ddb5-4fa4-a97d-d965ccfc6d4b" outcome="Passed" testListId="8c84fa94-04c1-424b-9868-57a2d4851a1d" relativeResultsDirectory="61f7b49a-8428-4814-b403-eafdd029366e" />
    <UnitTestResult executionId="827c4637-094a-43a9-8794-14af305c7eb3" testId="22c21747-769f-7789-5e9d-93e1ce2a5bff" testName="ProcessSetBreakpointResponse" computerName="DESKTOP-RRA95A8" duration="00:00:00.0008146" startTime="2016-01-24T03:16:12.5213337-08:00" endTime="2016-01-24T03:16:12.5238415-08:00" testType="13cdc9d9-ddb5-4fa4-a97d-d965ccfc6d4b" outcome="Passed" testListId="8c84fa94-04c1-424b-9868-57a2d4851a1d" relativeResultsDirectory="827c4637-094a-43a9-8794-14af305c7eb3" />
    <UnitTestResult executionId="7dc46ed8-fe41-49ce-b9cd-99b9a1c0b753" testId="13f1bc4c-2f4b-d625-6429-d0be823a4fea" testName="CreateSetBreakpointCommandWithNullBreakpoint" computerName="DESKTOP-RRA95A8" duration="00:00:00.0003869" startTime="2016-01-24T03:16:12.5278507-08:00" endTime="2016-01-24T03:16:12.5298579-08:00" testType="13cdc9d9-ddb5-4fa4-a97d-d965ccfc6d4b" outcome="Passed" testListId="8c84fa94-04c1-424b-9868-57a2d4851a1d" relativeResultsDirectory="7dc46ed8-fe41-49ce-b9cd-99b9a1c0b753" />
    <UnitTestResult executionId="9f784cb1-92e4-491d-893f-1ad10f0eddf7" testId="f1ef1d76-2207-f480-a146-84ae5b0e8d12" testName="CreateScriptsCommand" computerName="DESKTOP-RRA95A8" duration="00:00:00.0006090" startTime="2016-01-24T03:16:12.5333460-08:00" endTime="2016-01-24T03:16:12.5362911-08:00" testType="13cdc9d9-ddb5-4fa4-a97d-d965ccfc6d4b" outcome="Passed" testListId="8c84fa94-04c1-424b-9868-57a2d4851a1d" relativeResultsDirectory="9f784cb1-92e4-491d-893f-1ad10f0eddf7" />
    <UnitTestResult executionId="a214d961-3648-441d-bb98-aab510df5022" testId="03ced79f-5210-ff7e-a10f-bc1474b14ec5" testName="CreateScriptsCommandWithOptionalParameters" computerName="DESKTOP-RRA95A8" duration="00:00:00.0009729" startTime="2016-01-24T03:16:12.5402160-08:00" endTime="2016-01-24T03:16:12.5421809-08:00" testType="13cdc9d9-ddb5-4fa4-a97d-d965ccfc6d4b" outcome="Passed" testListId="8c84fa94-04c1-424b-9868-57a2d4851a1d" relativeResultsDirectory="a214d961-3648-441d-bb98-aab510df5022" />
    <UnitTestResult executionId="6ab821e3-3673-4c83-8faf-31b8ac0f1ed8" testId="9185f4e8-18bf-b41b-4471-97e2d4548742" testName="ProcessScriptsResponse" computerName="DESKTOP-RRA95A8" duration="00:00:00.0010192" startTime="2016-01-24T03:16:12.5461040-08:00" endTime="2016-01-24T03:16:12.5480685-08:00" testType="13cdc9d9-ddb5-4fa4-a97d-d965ccfc6d4b" outcome="Passed" testListId="8c84fa94-04c1-424b-9868-57a2d4851a1d" relativeResultsDirectory="6ab821e3-3673-4c83-8faf-31b8ac0f1ed8" />
    <UnitTestResult executionId="6c5c6c2c-8396-4c49-9dfd-2575c4ea69d7" testId="a44244a5-fd07-cffe-9c4b-a33ad93453fb" testName="CreateLookupCommand" computerName="DESKTOP-RRA95A8" duration="00:00:00.0005648" startTime="2016-01-24T03:16:12.5519916-08:00" endTime="2016-01-24T03:16:12.5568994-08:00" testType="13cdc9d9-ddb5-4fa4-a97d-d965ccfc6d4b" outcome="Passed" testListId="8c84fa94-04c1-424b-9868-57a2d4851a1d" relativeResultsDirectory="6c5c6c2c-8396-4c49-9dfd-2575c4ea69d7" />
    <UnitTestResult executionId="497f9f91-0983-4f9f-9f4d-e632e69842c6" testId="df02e3ec-f458-9ff5-a12e-69e8fd5377d0" testName="ProcessLookupResponse" computerName="DESKTOP-RRA95A8" duration="00:00:00.0045656" startTime="2016-01-24T03:16:12.5608244-08:00" endTime="2016-01-24T03:16:12.5667116-08:00" testType="13cdc9d9-ddb5-4fa4-a97d-d965ccfc6d4b" outcome="Passed" testListId="8c84fa94-04c1-424b-9868-57a2d4851a1d" relativeResultsDirectory="497f9f91-0983-4f9f-9f4d-e632e69842c6" />
    <UnitTestResult executionId="624ff31e-f7d9-41c7-add1-7703598911fa" testId="f9d37373-1b09-a820-987c-1958dfd914d0" testName="ProcessLookupResponseWithPrimitiveObject" computerName="DESKTOP-RRA95A8" duration="00:00:00.0022172" startTime="2016-01-24T03:16:12.6030205-08:00" endTime="2016-01-24T03:16:12.6069459-08:00" testType="13cdc9d9-ddb5-4fa4-a97d-d965ccfc6d4b" outcome="Passed" testListId="8c84fa94-04c1-424b-9868-57a2d4851a1d" relativeResultsDirectory="624ff31e-f7d9-41c7-add1-7703598911fa" />
    <UnitTestResult executionId="b247958e-8e03-45bd-8632-5438cae898ae" testId="8eb5084b-fa00-0ba0-2380-675e93c6609f" testName="CreateListBreakpointsCommand" computerName="DESKTOP-RRA95A8" duration="00:00:00.0004686" startTime="2016-01-24T03:16:12.6098899-08:00" endTime="2016-01-24T03:16:12.6118547-08:00" testType="13cdc9d9-ddb5-4fa4-a97d-d965ccfc6d4b" outcome="Passed" testListId="8c84fa94-04c1-424b-9868-57a2d4851a1d" relativeResultsDirectory="b247958e-8e03-45bd-8632-5438cae898ae" />
    <UnitTestResult executionId="3516612f-ca2e-4d59-a159-e1684b7b2fd7" testId="2d3e1f88-6d3d-d7f3-dd4c-c3a0409b568c" testName="CreateEvaluateCommand" computerName="DESKTOP-RRA95A8" duration="00:00:00.0005043" startTime="2016-01-24T03:16:12.6157786-08:00" endTime="2016-01-24T03:16:12.6177744-08:00" testType="13cdc9d9-ddb5-4fa4-a97d-d965ccfc6d4b" outcome="Passed" testListId="8c84fa94-04c1-424b-9868-57a2d4851a1d" relativeResultsDirectory="3516612f-ca2e-4d59-a159-e1684b7b2fd7" />
    <UnitTestResult executionId="36d2cc15-2b1d-406d-9580-2155da26f158" testId="d24065c7-2b5c-b537-b7f2-6399c29b5e77" testName="CreateEvaluateCommandWithVariableId" computerName="DESKTOP-RRA95A8" duration="00:00:00.0005564" startTime="2016-01-24T03:16:12.6212833-08:00" endTime="2016-01-24T03:16:12.6232883-08:00" testType="13cdc9d9-ddb5-4fa4-a97d-d965ccfc6d4b" outcome="Passed" testListId="8c84fa94-04c1-424b-9868-57a2d4851a1d" relativeResultsDirectory="36d2cc15-2b1d-406d-9580-2155da26f158" />
    <UnitTestResult executionId="cd68590d-5905-4149-a6a9-68d48e9d2683" testId="2c6d229c-f600-d776-1fe1-d64ad5f0a00c" testName="ProcessEvaluateResponse" computerName="DESKTOP-RRA95A8" duration="00:00:00.0024764" startTime="2016-01-24T03:16:12.6267982-08:00" endTime="2016-01-24T03:16:12.6308100-08:00" testType="13cdc9d9-ddb5-4fa4-a97d-d965ccfc6d4b" outcome="Passed" testListId="8c84fa94-04c1-424b-9868-57a2d4851a1d" relativeResultsDirectory="cd68590d-5905-4149-a6a9-68d48e9d2683" />
    <UnitTestResult executionId="75c425ab-5f20-489b-88d7-9a085ad08e72" testId="4cfbb82c-ddf0-f88b-20a0-13ced4dab107" testName="ProcessEvaluateResponseWithReferenceError" computerName="DESKTOP-RRA95A8" duration="00:00:00.0019794" startTime="2016-01-24T03:16:12.6342780-08:00" endTime="2016-01-24T03:16:12.6382041-08:00" testType="13cdc9d9-ddb5-4fa4-a97d-d965ccfc6d4b" outcome="Passed" testListId="8c84fa94-04c1-424b-9868-57a2d4851a1d" relativeResultsDirectory="75c425ab-5f20-489b-88d7-9a085ad08e72" />
    <UnitTestResult executionId="e19d12e3-886f-4cc8-8113-ba45e29a1720" testId="71f505f5-5255-b81f-9332-60746f44795d" testName="CreateDisconnectCommand" computerName="DESKTOP-RRA95A8" duration="00:00:00.0003373" startTime="2016-01-24T03:16:12.6411474-08:00" endTime="2016-01-24T03:16:12.6431118-08:00" testType="13cdc9d9-ddb5-4fa4-a97d-d965ccfc6d4b" outcome="Passed" testListId="8c84fa94-04c1-424b-9868-57a2d4851a1d" relativeResultsDirectory="e19d12e3-886f-4cc8-8113-ba45e29a1720" />
    <UnitTestResult executionId="6003209c-cc03-417a-99ad-2d983a01fd8e" testId="f69f922b-c209-3d2b-b7e9-b4d7bce91f61" testName="RenameLinkedNode" computerName="DESKTOP-RRA95A8" duration="00:00:09.6573353" startTime="2016-01-24T03:16:12.6460544-08:00" endTime="2016-01-24T03:16:36.6951031-08:00" testType="13cdc9d9-ddb5-4fa4-a97d-d965ccfc6d4b" outcome="Passed" testListId="8c84fa94-04c1-424b-9868-57a2d4851a1d" relativeResultsDirectory="6003209c-cc03-417a-99ad-2d983a01fd8e">
      <Output>
        <StdOut>Binary source location: C:\src\nodejstools\BuildOutput\Release14.0\Tests
Including C:\src\nodejstools\TestResults\Itani_DESKTOP-RRA95A8 2016-01-24 02_34_51\Out\jsanalysistests.dll
Including C:\src\nodejstools\TestResults\Itani_DESKTOP-RRA95A8 2016-01-24 02_34_51\Out\MockVsTests.dll
Including C:\src\nodejstools\TestResults\Itani_DESKTOP-RRA95A8 2016-01-24 02_34_51\Out\nodejs.azurepublishing.tests.ui.dll
Including C:\src\nodejstools\TestResults\Itani_DESKTOP-RRA95A8 2016-01-24 02_34_51\Out\nodejs.tests.ui.dll
Including C:\src\nodejstools\TestResults\Itani_DESKTOP-RRA95A8 2016-01-24 02_34_51\Out\nodejsprofilinguitests.dll
Including C:\src\nodejstools\TestResults\Itani_DESKTOP-RRA95A8 2016-01-24 02_34_51\Out\nodetests.dll
Including C:\src\nodejstools\TestResults\Itani_DESKTOP-RRA95A8 2016-01-24 02_34_51\Out\npmtests.dll
Including C:\src\nodejstools\TestResults\Itani_DESKTOP-RRA95A8 2016-01-24 02_34_51\Out\profilertests.dll
Including C:\src\nodejstools\TestResults\Itani_DESKTOP-RRA95A8 2016-01-24 02_34_51\Out\sharedprojecttests.dll
Including C:\src\nodejstools\TestResults\Itani_DESKTOP-RRA95A8 2016-01-24 02_34_51\Out\testadaptertests.dll
Including C:\src\nodejstools\TestResults\Itani_DESKTOP-RRA95A8 2016-01-24 02_34_51\Out\TestUtilities.Nodejs.dll
Including C:\src\nodejstools\TestResults\Itani_DESKTOP-RRA95A8 2016-01-24 02_34_51\Out\TestUtilities.UI.dll
Including C:\src\nodejstools\TestResults\Itani_DESKTOP-RRA95A8 2016-01-24 02_34_51\Out\TestUtilities.UI.Nodejs.dll
Opening C:\src\nodejstools\TestResults\Itani_DESKTOP-RRA95A8 2016-01-24 02_34_51\Out\Temp\zoj3xs4p.am4\LinkedFiles.sln
Executing command File.Rename 
System.Runtime.InteropServices.COMException (0x80004005): Command "File.Rename" is not available.
   at EnvDTE._DTE.ExecuteCommand(String CommandName, String CommandArgs)
   at TestUtilities.UI.VisualStudioApp.&lt;&gt;c__DisplayClass28_0.&lt;ExecuteCommand&gt;b__0() in C:\src\nodejstools\Common\Tests\Utilities.UI\UI\VisualStudioApp.cs:line 188
   at System.Threading.Tasks.Task.InnerInvoke()
   at System.Threading.Tasks.Task.Execute()
Executing command File.Rename 
System.Runtime.InteropServices.COMException (0x80004005): Command "File.Rename" is not available.
   at EnvDTE._DTE.ExecuteCommand(String CommandName, String CommandArgs)
   at TestUtilities.UI.VisualStudioApp.&lt;&gt;c__DisplayClass28_0.&lt;ExecuteCommand&gt;b__0() in C:\src\nodejstools\Common\Tests\Utilities.UI\UI\VisualStudioApp.cs:line 188
   at System.Threading.Tasks.Task.InnerInvoke()
   at System.Threading.Tasks.Task.Execute()



TestContext Messages:
Restarting VS</StdOut>
      </Output>
    </UnitTestResult>
    <UnitTestResult executionId="52851693-bad7-418b-8da3-021b9060aaaa" testId="587200dc-1abe-253e-bba0-e3ca58c77565" testName="MoveLinkedNode" computerName="DESKTOP-RRA95A8" duration="00:00:03.8484737" startTime="2016-01-24T03:16:36.7016205-08:00" endTime="2016-01-24T03:16:41.0200444-08:00" testType="13cdc9d9-ddb5-4fa4-a97d-d965ccfc6d4b" outcome="Passed" testListId="8c84fa94-04c1-424b-9868-57a2d4851a1d" relativeResultsDirectory="52851693-bad7-418b-8da3-021b9060aaaa">
      <Output>
        <StdOut>Opening C:\src\nodejstools\TestResults\Itani_DESKTOP-RRA95A8 2016-01-24 02_34_51\Out\Temp\u3epfrle.3yi\LinkedFiles.sln
Executing command Edit.Cut 
Successfully executed command Edit.Cut 
Executing command Edit.Paste 
Successfully executed command Edit.Paste 
Executing command Edit.Cut 
Successfully executed command Edit.Cut 
Executing command Edit.Paste 
Successfully executed command Edit.Paste</StdOut>
      </Output>
    </UnitTestResult>
    <UnitTestResult executionId="dd775d3a-5662-44de-b844-c0d6c76dbda3" testId="1a7de261-791b-e506-4b9a-b535d7dc12ba" testName="MultiProjectMove" computerName="DESKTOP-RRA95A8" duration="00:00:04.8656271" startTime="2016-01-24T03:16:41.0259294-08:00" endTime="2016-01-24T03:16:46.3379486-08:00" testType="13cdc9d9-ddb5-4fa4-a97d-d965ccfc6d4b" outcome="Passed" testListId="8c84fa94-04c1-424b-9868-57a2d4851a1d" relativeResultsDirectory="dd775d3a-5662-44de-b844-c0d6c76dbda3">
      <Output>
        <StdOut>Opening C:\src\nodejstools\TestResults\Itani_DESKTOP-RRA95A8 2016-01-24 02_34_51\Out\Temp\bkicigkt.rs0\MultiProjectLinkedFiles.sln
Executing command Edit.Copy 
Successfully executed command Edit.Copy 
Executing command Edit.Paste 
Successfully executed command Edit.Paste</StdOut>
      </Output>
    </UnitTestResult>
    <UnitTestResult executionId="e4e563ed-441e-40c4-9cf9-042462948778" testId="98b0313c-df91-cd60-a776-25e08a1d6a1e" testName="MultiProjectMoveExists2" computerName="DESKTOP-RRA95A8" duration="00:00:04.4864672" startTime="2016-01-24T03:16:46.3408915-08:00" endTime="2016-01-24T03:16:51.4240469-08:00" testType="13cdc9d9-ddb5-4fa4-a97d-d965ccfc6d4b" outcome="Passed" testListId="8c84fa94-04c1-424b-9868-57a2d4851a1d" relativeResultsDirectory="e4e563ed-441e-40c4-9cf9-042462948778">
      <Output>
        <StdOut>Opening C:\src\nodejstools\TestResults\Itani_DESKTOP-RRA95A8 2016-01-24 02_34_51\Out\Temp\0uh2s3ll.20k\MultiProjectLinkedFiles.sln
Executing command Edit.Copy 
Successfully executed command Edit.Copy 
Executing command Edit.Paste 
Ending dialog: 
Name    ClassName      ControlType    AutomationID
 Microsoft Visual Studio	ControlType.Window	#32770	
     OK	ControlType.Button	Button	2
     	ControlType.Image	Static	20
     There is already a link to 'C:\src\nodejstools\TestResults\Itani_DESKTOP-RRA95A8 2016-01-24 02_34_51\Out\Temp\0uh2s3ll.20k\FileNotInProject2.js'. You cannot have more than one link to the same file in a project.	ControlType.Text	Static	65535
     Microsoft Visual Studio	ControlType.TitleBar		TitleBar
         System Menu Bar	ControlType.MenuBar		SystemMenuBar
             System	ControlType.MenuItem		Item 1
         Close	ControlType.Button		Close
--------
Successfully executed command Edit.Paste</StdOut>
      </Output>
    </UnitTestResult>
    <UnitTestResult executionId="62608269-8a9d-4fb4-8f7b-30a7e3b9bf08" testId="06105fb9-1e17-217c-b572-3aa0e7489288" testName="MoveLinkedNodeOpen" computerName="DESKTOP-RRA95A8" duration="00:00:02.8938647" startTime="2016-01-24T03:16:51.4290604-08:00" endTime="2016-01-24T03:16:54.7464128-08:00" testType="13cdc9d9-ddb5-4fa4-a97d-d965ccfc6d4b" outcome="Passed" testListId="8c84fa94-04c1-424b-9868-57a2d4851a1d" relativeResultsDirectory="62608269-8a9d-4fb4-8f7b-30a7e3b9bf08">
      <Output>
        <StdOut>Opening C:\src\nodejstools\TestResults\Itani_DESKTOP-RRA95A8 2016-01-24 02_34_51\Out\Temp\qdpl24ay.aro\LinkedFiles.sln
Executing command Edit.Cut 
Successfully executed command Edit.Cut 
Executing command Edit.Paste 
Successfully executed command Edit.Paste</StdOut>
      </Output>
    </UnitTestResult>
    <UnitTestResult executionId="011f830d-0a3c-4d80-91ec-4737003d6572" testId="3ceba0c3-c9f6-1431-6ef9-a8be6cdf9785" testName="MoveLinkedNodeOpenEdited" computerName="DESKTOP-RRA95A8" duration="00:00:03.7577586" startTime="2016-01-24T03:16:54.7513209-08:00" endTime="2016-01-24T03:16:59.1241516-08:00" testType="13cdc9d9-ddb5-4fa4-a97d-d965ccfc6d4b" outcome="Passed" testListId="8c84fa94-04c1-424b-9868-57a2d4851a1d" relativeResultsDirectory="011f830d-0a3c-4d80-91ec-4737003d6572">
      <Output>
        <StdOut>Opening C:\src\nodejstools\TestResults\Itani_DESKTOP-RRA95A8 2016-01-24 02_34_51\Out\Temp\sw4m0s2v.pc0\LinkedFiles.sln
Executing command Edit.Cut 
Successfully executed command Edit.Cut 
Executing command Edit.Paste 
Successfully executed command Edit.Paste</StdOut>
      </Output>
    </UnitTestResult>
    <UnitTestResult executionId="1e16a270-70ae-41ed-b89f-9a274bd99e5f" testId="f4d3b840-c920-d463-abbd-4ce6ef250324" testName="MoveLinkedNodeFileExistsButNotInProject" computerName="DESKTOP-RRA95A8" duration="00:00:03.3681381" startTime="2016-01-24T03:16:59.1281649-08:00" endTime="2016-01-24T03:17:03.3494303-08:00" testType="13cdc9d9-ddb5-4fa4-a97d-d965ccfc6d4b" outcome="Failed" testListId="8c84fa94-04c1-424b-9868-57a2d4851a1d" relativeResultsDirectory="1e16a270-70ae-41ed-b89f-9a274bd99e5f">
      <Output>
        <StdOut>Opening C:\src\nodejstools\TestResults\Itani_DESKTOP-RRA95A8 2016-01-24 02_34_51\Out\Temp\4vf1qz51.mxd\LinkedFiles.sln
Executing command Edit.Cut 
Successfully executed command Edit.Cut 
Attempting to invoke pattern on null node
Name    ClassName      ControlType    AutomationID
 LinkedFiles - Microsoft Visual Studio - Experimental Instance	ControlType.Window	Window	VisualStudioMainWindow
     LinkedFiles - Microsoft Visual Studio - Experimental Instance	ControlType.TitleBar		TitleBar
         System Menu Bar	ControlType.MenuBar		SystemMenuBar
             System	ControlType.MenuItem		Item 1
         Minimize	ControlType.Button		Minimize
         Restore	ControlType.Button		Restore
         Close	ControlType.Button		Close
     LinkedFiles - Microsoft Visual Studio - Experimental Instance	ControlType.TitleBar		TitleBar
         Minimize	ControlType.Button	Button	Minimize
         Restore	ControlType.Button	Button	Restore
         Close	ControlType.Button	Button	Close
         User Notifications Badge Control	ControlType.Custom	UserNotificationsBadge	UserNotificationsBadge
             User Notifications Badge	ControlType.Button	Button	UserNotificationsBadgeButton
                 4	ControlType.Text	Text	UserNotificationsCountLabel
                     4	ControlType.Text	TextBlock	
         	ControlType.Custom	SendASmileButton	Button_1
             Feedback	ControlType.Button	Button	Feedback
                 	ControlType.Image	Image	ButtonIcon
                 	ControlType.Image	Image	ButtonIconFeedback
         Quick Launch Control	ControlType.Custom	GlobalSearchControl	GlobalSearchControl
             Search Control	ControlType.Custom	SearchControl	SearchControl
                 Quick Launch (Ctrl+Q)	ControlType.Edit	TextBox	PART_SearchBox
                     	ControlType.ScrollBar	ScrollBar	VerticalScrollBar
                     	ControlType.ScrollBar	ScrollBar	HorizontalScrollBar
                 Search	ControlType.Button	Button	PART_SearchButton
                 Drop Down Button	ControlType.Button	Button	PART_SearchDropdownButton
     Connected User Information	ControlType.Custom	UserInformationCard	UserControl_1
         	ControlType.Image	Image	ErrorImage
         Sign in	ControlType.Text	TextBlock	TextBlock_1
             Sign in	ControlType.Hyperlink	Hyperlink	
         	ControlType.Text	TextBlock	DisplayName
         Show Connected User Information Card	ControlType.Button	Button	MoreInformationDropdown
         	ControlType.Image	Image	SignedOutImage
         	ControlType.Image	Image	UserImage
     MenuBar	ControlType.MenuBar	Menu	MenuBar
         File	ControlType.MenuItem	MenuItem	
         Edit	ControlType.MenuItem	MenuItem	
         View	ControlType.MenuItem	MenuItem	
         Project	ControlType.MenuItem	MenuItem	
         Build	ControlType.MenuItem	MenuItem	
         Debug	ControlType.MenuItem	MenuItem	
         Team	ControlType.MenuItem	MenuItem	
         Tools	ControlType.MenuItem	MenuItem	
         Architecture	ControlType.MenuItem	MenuItem	
         Test	ControlType.MenuItem	MenuItem	
         Analyze	ControlType.MenuItem	MenuItem	
         Window	ControlType.MenuItem	MenuItem	
         Help	ControlType.MenuItem	MenuItem	
     ToolBarDockTop	ControlType.Pane		
         Standard	ControlType.ToolBar	ToolBar	
             Navigate Backward	ControlType.Button	Button	
                 Navigate Backward	ControlType.Menu	Menu	
                     Navigate Backward	ControlType.MenuItem	MenuItem	PART_FocusTarget
             Navigate Forward	ControlType.Button	Button	
                 	ControlType.Image	Image	
                 Navigate _Forward	ControlType.Text	TextBlock	
             New Project	ControlType.Button	Button	
                 New Project	ControlType.Menu	Menu	
                     New Project	ControlType.MenuItem	MenuItem	PART_FocusTarget
             Open File...	ControlType.Button	Button	
                 	ControlType.Image	Image	
                 _Open File...	ControlType.Text	TextBlock	
             Save LinkedFiles.njsproj	ControlType.Button	Button	
                 	ControlType.Image	Image	
                 _Save LinkedFiles.njsproj	ControlType.Text	TextBlock	
             Save All	ControlType.Button	Button	
                 	ControlType.Image	Image	
                 Save A_ll	ControlType.Text	TextBlock	
             Undo	ControlType.Button	Button	
                 Undo	ControlType.Menu	Menu	
                     Undo	ControlType.SplitButton	VsSplitButton	PART_FocusTarget
                         Undo	ControlType.Button	Button	
                             	ControlType.Image	Image	
             Redo	ControlType.Button	Button	
                 Redo	ControlType.Menu	Menu	
                     Redo	ControlType.SplitButton	VsSplitButton	PART_FocusTarget
                         Redo	ControlType.Button	Button	
                             	ControlType.Image	Image	
             Solution Configurations	ControlType.Button	Button	
                 	ControlType.Button	Button	Label
                 Solution Configurations	ControlType.ComboBox	ComboBox	PART_FocusTarget
                     Debug	ControlType.ListItem	ListBoxItem	Debug
             Solution Platforms	ControlType.Button	Button	
                 	ControlType.Button	Button	Label
                 Solution Platforms	ControlType.ComboBox	ComboBox	PART_FocusTarget
                     Any CPU	ControlType.ListItem	ListBoxItem	Any CPU
             Debug Target	ControlType.Button	Button	
                 Debug Target	ControlType.Menu	Menu	
                     Debug Target	ControlType.MenuItem	MenuItem	PART_FocusTarget
             Browser Link	ControlType.Button	Button	
                 Browser Link	ControlType.Menu	Menu	
                     Browser Link	ControlType.MenuItem	MenuItem	PART_FocusTarget
             Find in Files	ControlType.Button	Button	
                 	ControlType.Image	Image	
                 F_ind in Files	ControlType.Text	TextBlock	
             Toolbar Options	ControlType.Button	Button	Toolbar Options
     ToolBarDockLeft	ControlType.Pane		
     	ControlType.Pane	DockRoot	
         	ControlType.Thumb	Thumb	SplitterGrip
         	ControlType.Thumb	Thumb	SplitterGrip
         	ControlType.Thumb	Thumb	SplitterGrip
         	ControlType.Thumb	Thumb	SplitterGrip
         	ControlType.Tab	DocumentGroup	
             FileNotInProject.js	ControlType.TabItem	TabItem	
                 	ControlType.Button	Button	HideButton
                 	ControlType.Button	Button	PromoteButton
                 	ControlType.Button	Button	PinButton
                 FileNotInProject.js	ControlType.TitleBar	DragUndockHeaderTitleBar	
                     FileNotInProject.js	ControlType.Custom	TabItemTextControl	TitleText
                         FileNotInProject.js	ControlType.Text	TextBlock	
                     :	ControlType.Text	TextBlock	CloneIDSep
                     0	ControlType.Text	TextBlock	CloneID
                     *	ControlType.Text	TextBlock	DirtyIndicator
                     	ControlType.Image	Image	ReadOnlyIndicator
                 FileNotInProject.js	ControlType.Pane	ViewPresenter	D:0:0:{028E3093-A64A-43EE-9505-DBF717C976BC}|LinkedFiles\LinkedFiles.njsproj|C:\src\nodejstools\TestResults\Itani_DESKTOP-RRA95A8 2016-01-24 02_34_51\Out\Temp\4vf1qz51.mxd\FileNotInProject.js||{88941496-93F4-4E37-83AF-AFE087415334}
                     FileNotInProject.js	ControlType.Pane	GenericPane	
                         	ControlType.Thumb	Thumb	SplitterGrip
                         	ControlType.Custom		WpfTextViewHost
                             Text Editor	ControlType.Edit	WpfTextView	WpfTextView
                             Glyph Margin Grid	ControlType.Pane	GlyphMarginGrid	WpfEditorUIGlyphMarginGrid
                             Line Selection Margin	ControlType.Custom	SelectionMargin	SelectionMargin
                                 Outlining Margin	ControlType.Pane	OutliningMargin	WpfEditorUIOutliningMargin
                             	ControlType.Thumb	Thumb	SplitterGrip
                             	ControlType.ScrollBar	ScrollBar	WpfEditorUIVerticalScrollbar
                                 M0,5 9,5 9,4 8,4  8,3 7,3 7,2 6,2 6,1 5,1 5,0 4,0 4,1 3,1 3,2 2,2 2,3 1,3, 1,4 0,4 Z	ControlType.Button	RepeatButton	LineUp
                                 	ControlType.Button	RepeatButton	PageUp
                                 	ControlType.Thumb	Thumb	
                                 	ControlType.Button	RepeatButton	PageDown
                                 M0,0 9,0 9,1 8,1 8,2 8,2 7,2 7,3 6,3 6,4 5,4 5,5 4,5 4,4 3,4 3,3 2,3 2,2 1,2 1,1 0,1 Z	ControlType.Button	RepeatButton	LineDown
                             Zoom Control	ControlType.ComboBox	ComboBox	ZoomComtrol
                                 	ControlType.Edit	TextBox	PART_EditableTextBox
                                     	ControlType.ScrollBar	ScrollBar	VerticalScrollBar
                                     	ControlType.ScrollBar	ScrollBar	HorizontalScrollBar
                             	ControlType.Group	Expander	FileIndicatorExpander
                                 	ControlType.Button	Button	PanelCollapseButton
                                     	ControlType.Image	Image	Icon
                                 Microsoft.VisualStudio.CodeSense.FileIndicator.Provider.FileIndicatorDescriptor	ControlType.Group	CodeInformationIndicator	
                                     0 changes	ControlType.Button	Button	git.authors
                                         	ControlType.Image	Image	GlyphPresenter
                                         0 changes	ControlType.Text	TextBlock	
                                     0 authors, 0 changes	ControlType.Button	Button	git.changes
                                         	ControlType.Image	Image	GlyphPresenter
                                         0 authors, 0 changes	ControlType.Text	TextBlock	
                             	ControlType.ScrollBar	ScrollBar	WpfEditorUIHorizontalScrollbar
                                 M5,0 5,9 4,9 4,8 3,8 3,7 2,7 2,6 1,6 1,5 0,5 0,4 1,4 1,3 2,3 2,2 3,2 3,1 4,1 4,0z	ControlType.Button	RepeatButton	LineLeft
                                 	ControlType.Button	RepeatButton	PageLeft
                                 	ControlType.Thumb	Thumb	
                                 	ControlType.Button	RepeatButton	PageRight
                                 M0,0 0,9 1,9 1,8 2,8 2,7 3,7 3,6 4,6 4,5 5,5 5,4 4,4 4,3 3,3 3,2 2,2 2,1 1,1 1,0z	ControlType.Button	RepeatButton	LineRight
         	ControlType.Thumb	Thumb	SplitterGrip
         	ControlType.Thumb	Thumb	SplitterGrip
         Output	ControlType.Pane	ViewPresenter	ST:0:0:{34e76e81-ee4a-11d0-ae2e-00a0c90fffc3}
             Output	ControlType.TitleBar	ToolWindowTitleBar	
                 Output	ControlType.TitleBar	DragUndockHeaderTitleBar	DragHeader
                     Hide	ControlType.Button	Button	HideButton
                     MaximizeRestore	ControlType.Button	Button	MaximizeRestoreButton
                     Auto Hide	ControlType.Button	Button	AutoHideButton
                     Window Menu	ControlType.Button	Button	DropDownMenuButton
                     Output	ControlType.Text	TextBlock	
                     *	ControlType.Text	TextBlock	DirtyIndicator
             Output	ControlType.Pane	GenericPane	
                 	ControlType.Custom		WpfTextViewHost
                     Text Editor	ControlType.Edit	WpfTextView	WpfTextView
                     Line Selection Margin	ControlType.Custom	SelectionMargin	SelectionMargin
                     	ControlType.ScrollBar	ScrollBar	WpfEditorUIVerticalScrollbar
                         M0,5 9,5 9,4 8,4  8,3 7,3 7,2 6,2 6,1 5,1 5,0 4,0 4,1 3,1 3,2 2,2 2,3 1,3, 1,4 0,4 Z	ControlType.Button	RepeatButton	LineUp
                         	ControlType.Button	RepeatButton	PageUp
                         	ControlType.Thumb	Thumb	
                         	ControlType.Button	RepeatButton	PageDown
                         M0,0 9,0 9,1 8,1 8,2 8,2 7,2 7,3 6,3 6,4 5,4 5,5 4,5 4,4 3,4 3,3 2,3 2,2 1,2 1,1 0,1 Z	ControlType.Button	RepeatButton	LineDown
                     	ControlType.ScrollBar	ScrollBar	WpfEditorUIHorizontalScrollbar
                         M5,0 5,9 4,9 4,8 3,8 3,7 2,7 2,6 1,6 1,5 0,5 0,4 1,4 1,3 2,3 2,2 3,2 3,1 4,1 4,0z	ControlType.Button	RepeatButton	LineLeft
                         	ControlType.Button	RepeatButton	PageLeft
                         	ControlType.Thumb	Thumb	
                         	ControlType.Button	RepeatButton	PageRight
                         M0,0 0,9 1,9 1,8 2,8 2,7 3,7 3,6 4,6 4,5 5,5 5,4 4,4 4,3 3,3 3,2 2,2 2,1 1,1 1,0z	ControlType.Button	RepeatButton	LineRight
             	ControlType.Pane		
                 Output Window	ControlType.ToolBar	ToolBar	
                     Show output from:	ControlType.Button	Button	
                         	ControlType.Button	Button	Label
                             _Show output from:	ControlType.Text	TextBlock	
                         Show output from:	ControlType.ComboBox	ComboBox	PART_FocusTarget
                             Source Control - Git	ControlType.ListItem	ListBoxItem	Source Control - Git
                     Go To Location	ControlType.Button	Button	
                         	ControlType.Image	Image	
                         _Go To Location	ControlType.Text	TextBlock	
                     Go To Previous Location	ControlType.Button	Button	
                         	ControlType.Image	Image	
                         Go To _Previous Location	ControlType.Text	TextBlock	
                     Go To Next Location	ControlType.Button	Button	
                         	ControlType.Image	Image	
                         Go To _Next Location	ControlType.Text	TextBlock	
                     Clear All	ControlType.Button	Button	
                         	ControlType.Image	Image	
                         Clear Al_l	ControlType.Text	TextBlock	
                     Toggle word wrap	ControlType.Button	Button	
                         	ControlType.Image	Image	
                         _Toggle word wrap	ControlType.Text	TextBlock	
                     Toolbar Options	ControlType.Button	Button	Toolbar Options
         	ControlType.Thumb	Thumb	SplitterGrip
         	ControlType.Thumb	Thumb	SplitterGrip
         Solution Explorer	ControlType.Pane	ToolWindowTabGroupContainer	TabGroup|ST:0:0:{3ae79031-e1bc-11d0-8f78-00a0c9110057}|ST:0:0:{131369f2-062d-44a2-8671-91ff31efb4f4}|ST:0:0:{c9c0ae26-aa77-11d2-b3f0-0000f87570ee}
             Solution Explorer	ControlType.TitleBar	ToolWindowTitleBar	PART_Header
                 TabGroup, Children = 14, VisibleChildren = 3, DockedWidth = 348.16, DockedHeight = 537.6	ControlType.TitleBar	DragUndockHeaderTitleBar	DragHeader
                     Hide	ControlType.Button	Button	HideButton
                     MaximizeRestore	ControlType.Button	Button	MaximizeRestoreButton
                     Auto Hide	ControlType.Button	Button	AutoHideButton
                     Window Menu	ControlType.Button	Button	DropDownMenuButton
                     Solution Explorer	ControlType.Text	TextBlock	
                     *	ControlType.Text	TextBlock	DirtyIndicator
             	ControlType.Tab	ToolWindowTabGroup	TabGroup|ST:0:0:{3ae79031-e1bc-11d0-8f78-00a0c9110057}|ST:0:0:{131369f2-062d-44a2-8671-91ff31efb4f4}|ST:0:0:{c9c0ae26-aa77-11d2-b3f0-0000f87570ee}
                 Solution Explorer	ControlType.TabItem	TabItem	TAB_ST:0:0:{3ae79031-e1bc-11d0-8f78-00a0c9110057}
                     Solution Explorer	ControlType.TitleBar	DragUndockHeaderTitleBar	
                         	ControlType.Image	Image	ToolTitleIcon
                         Solution Explorer	ControlType.Text	TextBlock	Text
                     Solution Explorer	ControlType.Pane	ViewPresenter	ST:0:0:{3ae79031-e1bc-11d0-8f78-00a0c9110057}
                         	ControlType.Pane		
                             Explorer	ControlType.ToolBar	ToolBar	
                                 Back	ControlType.Button	Button	
                                     	ControlType.Image	Image	
                                     Back	ControlType.Text	TextBlock	
                                 Forward	ControlType.Button	Button	
                                     	ControlType.Image	Image	
                                     Forward	ControlType.Text	TextBlock	
                                 Home	ControlType.Button	Button	
                                     	ControlType.Image	Image	
                                     Home	ControlType.Text	TextBlock	
                                 Filter Solution Explorer To	ControlType.Button	Button	
                                     Filter Solution Explorer To	ControlType.Menu	Menu	
                                         Filter Solution Explorer To	ControlType.MenuItem	MenuItem	PART_FocusTarget
                                 Sync with Active Document	ControlType.Button	Button	
                                     	ControlType.Image	Image	
                                     Sync with Active Document	ControlType.Text	TextBlock	
                                 Collapse All	ControlType.Button	Button	
                                     	ControlType.Image	Image	
                                     Collapse All	ControlType.Text	TextBlock	
                                 Show All Files	ControlType.Button	Button	
                                     	ControlType.Image	Image	
                                     Sh_ow All Files	ControlType.Text	TextBlock	
                                 View Code	ControlType.Button	Button	
                                     	ControlType.Image	Image	
                                     View _Code	ControlType.Text	TextBlock	
                                 Properties	ControlType.Button	Button	
                                     	ControlType.Image	Image	
                                     P_roperties	ControlType.Text	TextBlock	
                                 Preview Selected Items	ControlType.Button	Button	
                                     	ControlType.Image	Image	
                                     Preview Selected Items	ControlType.Text	TextBlock	
                                 Toolbar Options	ControlType.Button	Button	Toolbar Options
                         Search Control	ControlType.Custom	SearchControl	SearchControl
                             Search Solution Explorer (Ctrl+;)	ControlType.Edit	TextBox	PART_SearchBox
                                 	ControlType.ScrollBar	ScrollBar	VerticalScrollBar
                                 	ControlType.ScrollBar	ScrollBar	HorizontalScrollBar
                             Search	ControlType.Button	Button	PART_SearchButton
                             Drop Down Button	ControlType.Button	Button	PART_SearchDropdownButton
                             Search Control Drop Down	ControlType.Custom	UserControl	PART_SearchPopupContent
                         Solution Explorer	ControlType.Pane	GenericPane	
                             Solution Explorer	ControlType.Tree	TreeView	SolutionExplorer
                                 Solution 'LinkedFiles' ‎(1 project)	ControlType.TreeItem	TreeViewItem	
                                     LinkedFiles	ControlType.TreeItem	TreeViewItem	
                                         npm	ControlType.TreeItem	TreeViewItem	
                                         AlreadyLinkedFolder	ControlType.TreeItem	TreeViewItem	
                                         ExplicitDir	ControlType.TreeItem	TreeViewItem	
                                         Fob (node)	ControlType.TreeItem	TreeViewItem	
                                         FolderWithAFile (node)	ControlType.TreeItem	TreeViewItem	
                                         MoveToFolder	ControlType.TreeItem	TreeViewItem	
                                         Oar	ControlType.TreeItem	TreeViewItem	
                                         DeletedLinkedFile.js	ControlType.TreeItem	TreeViewItem	
                                         FileNotInProject.js	ControlType.TreeItem	TreeViewItem	
                                         ImplicitLinkedFile.js	ControlType.TreeItem	TreeViewItem	
                                         LinkedInModule.js	ControlType.TreeItem	TreeViewItem	
                                         MovedLinkedFile.js	ControlType.TreeItem	TreeViewItem	
                                         MovedLinkedFileOpen.js	ControlType.TreeItem	TreeViewItem	
                                         MovedLinkedFileOpenEdit.js	ControlType.TreeItem	TreeViewItem	
                                         Program.js	ControlType.TreeItem	TreeViewItem	
                                         RootedIncludeIgnored.js	ControlType.TreeItem	TreeViewItem	
                                         SaveAsCreateFile.js	ControlType.TreeItem	TreeViewItem	
                                         SaveAsCreateFileNewDirectory.js	ControlType.TreeItem	TreeViewItem	
                                         SaveAsCreateLink.js	ControlType.TreeItem	TreeViewItem	
                             	ControlType.ProgressBar	ProgressBar	
                 Team Explorer - Connect	ControlType.TabItem	TabItem	TAB_ST:0:0:{131369f2-062d-44a2-8671-91ff31efb4f4}
                     Team Explorer - Connect	ControlType.TitleBar	DragUndockHeaderTitleBar	
                         	ControlType.Image	Image	ToolTitleIcon
                         Team Explorer	ControlType.Text	TextBlock	Text
                 Class View	ControlType.TabItem	TabItem	TAB_ST:0:0:{c9c0ae26-aa77-11d2-b3f0-0000f87570ee}
                     Class View	ControlType.TitleBar	DragUndockHeaderTitleBar	
                         	ControlType.Image	Image	ToolTitleIcon
                         Class View	ControlType.Text	TextBlock	Text
         	ControlType.Thumb	Thumb	SplitterGrip
         Properties	ControlType.Pane	ViewPresenter	ST:0:0:{eefa5220-e298-11d0-8f78-00a0c9110057}
             Properties	ControlType.TitleBar	ToolWindowTitleBar	
                 Properties	ControlType.TitleBar	DragUndockHeaderTitleBar	DragHeader
                     Hide	ControlType.Button	Button	HideButton
                     MaximizeRestore	ControlType.Button	Button	MaximizeRestoreButton
                     Auto Hide	ControlType.Button	Button	AutoHideButton
                     Window Menu	ControlType.Button	Button	DropDownMenuButton
                     Properties	ControlType.Text	TextBlock	
                     *	ControlType.Text	TextBlock	DirtyIndicator
             	ControlType.Pane	HwndHost	
                 Properties	ControlType.Pane	GenericPane	
                     Property Browser	ControlType.Pane	WindowsForms10.Window.8.app.0.1b2cf09_r42_ad1	988654
                         Components	ControlType.ComboBox	WindowsForms10.COMBOBOX.app.0.1b2cf09_r42_ad1	1774630
                             Components	ControlType.List	ComboLBox	ListBox
                                 FileNotInProject.js:File Properties	ControlType.ListItem		
                             Drop Down Button	ControlType.Button		DropDown
                         PropertyGrid	ControlType.Pane	WindowsForms10.Window.8.app.0.1b2cf09_r42_ad1	244060168
                             Description Pane	ControlType.Pane	WindowsForms10.Window.8.app.0.1b2cf09_r42_ad1	789280
                                 Build Action	ControlType.Text	WindowsForms10.STATIC.app.0.1b2cf09_r42_ad1	1250258
                                 How the file relates to the build and deployment process	ControlType.Text	WindowsForms10.STATIC.app.0.1b2cf09_r42_ad1	594818
                             Properties Window	ControlType.Table	WindowsForms10.Window.8.app.0.1b2cf09_r42_ad1	529250
                                 Advanced	ControlType.Custom		
                                 Build Action	ControlType.Custom		
                                 TestFramework	ControlType.Custom		
                                 Misc	ControlType.Custom		
                                 File Name	ControlType.Custom		
                                 Full Path	ControlType.Custom		
                             ToolBar	ControlType.ToolBar	WindowsForms10.Window.8.app.0.1b2cf09_r42_ad1	332640
                                 Categorized	ControlType.Button		
                                 Alphabetical	ControlType.Button		
                                 	ControlType.Separator		
                                 Property Pages	ControlType.Button		
     Server Explorer	ControlType.Button	Button	AUTOHIDE_ST:0:0:{74946827-37a0-11d2-a273-00c04f8ef4ff}
         	ControlType.Image	Image	ToolTitleIcon
         Server Explorer	ControlType.Text	TextBlock	Text
     Toolbox	ControlType.Button	Button	AUTOHIDE_ST:0:0:{b1e99781-ab81-11d0-b683-00aa00a3ee26}
         	ControlType.Image	Image	ToolTitleIcon
         Toolbox	ControlType.Text	TextBlock	Text
     ToolBarDockRight	ControlType.Pane		
     ToolBarDockBottom	ControlType.Pane		
     	ControlType.StatusBar	StatusBar	StatusBarContainer
         Node.js code analysis is up to date, analyzed 1 function(s) in 0 milliseconds	ControlType.Text	CompartmentAutomationPeer	TextCompartment
         Ln 1 Col 1 Ch 1	ControlType.Text	CompartmentAutomationPeer	LineColumnCharacterCompartment
         	ControlType.Text	CompartmentAutomationPeer	XYWidthHeightCompartment
          	ControlType.Text	CompartmentAutomationPeer	SelectionModeCompartment
         INS	ControlType.Text	CompartmentAutomationPeer	InsertionModeCompartment</StdOut>
        <ErrorInfo>
          <Message>Test method VisualStudioToolsUITests.LinkedFileTests.MoveLinkedNodeFileExistsButNotInProject threw exception: 
System.InvalidOperationException: Operation is not valid due to the current state of the object.</Message>
          <StackTrace>    at TestUtilities.UI.AutomationWrapper.CheckNullElement(ITreeNode element) in C:\src\nodejstools\Common\Tests\Utilities.UI\UI\AutomationWrapper.cs:line 230
   at TestUtilities.UI.AutomationWrapper.Select(ITreeNode selectionItem) in C:\src\nodejstools\Common\Tests\Utilities.UI\UI\AutomationWrapper.cs:line 262
   at VisualStudioToolsUITests.LinkedFileTests.MoveLinkedNodeFileExistsButNotInProject() in C:\src\nodejstools\Common\Tests\SharedProjectTests\LinkedFileTests.cs:line 348
</StackTrace>
        </ErrorInfo>
      </Output>
    </UnitTestResult>
    <UnitTestResult executionId="84cb0008-5a65-4049-b483-1b5e7a093831" testId="79ec3350-f71d-cfe1-5bf4-61a385dbc023" testName="DeleteLinkedNode" computerName="DESKTOP-RRA95A8" duration="00:00:03.5827208" startTime="2016-01-24T03:17:03.3602242-08:00" endTime="2016-01-24T03:17:07.5909725-08:00" testType="13cdc9d9-ddb5-4fa4-a97d-d965ccfc6d4b" outcome="Passed" testListId="8c84fa94-04c1-424b-9868-57a2d4851a1d" relativeResultsDirectory="84cb0008-5a65-4049-b483-1b5e7a093831">
      <Output>
        <StdOut>Opening C:\src\nodejstools\TestResults\Itani_DESKTOP-RRA95A8 2016-01-24 02_34_51\Out\Temp\gkxbw0je.vhc\LinkedFiles.sln
Executing command Edit.Delete 
Successfully executed command Edit.Delete</StdOut>
      </Output>
    </UnitTestResult>
    <UnitTestResult executionId="57df3130-9f0e-4191-8578-246f3bef1a55" testId="10d81b02-d5ab-6bcd-deee-46030e68783a" testName="LinkedFileInProjectIgnored" computerName="DESKTOP-RRA95A8" duration="00:00:02.3043868" startTime="2016-01-24T03:17:07.5948971-08:00" endTime="2016-01-24T03:17:10.5492055-08:00" testType="13cdc9d9-ddb5-4fa4-a97d-d965ccfc6d4b" outcome="Passed" testListId="8c84fa94-04c1-424b-9868-57a2d4851a1d" relativeResultsDirectory="57df3130-9f0e-4191-8578-246f3bef1a55">
      <Output>
        <StdOut>Opening C:\src\nodejstools\TestResults\Itani_DESKTOP-RRA95A8 2016-01-24 02_34_51\Out\Temp\kjpwiuwr.dut\LinkedFiles.sln</StdOut>
      </Output>
    </UnitTestResult>
    <UnitTestResult executionId="21cfac95-154f-4a40-871f-6438007d3c0c" testId="1d70172a-623a-d4ea-92be-a53184a1ee1b" testName="SaveAsCreateLink" computerName="DESKTOP-RRA95A8" duration="00:00:02.6451749" startTime="2016-01-24T03:17:10.5541115-08:00" endTime="2016-01-24T03:17:13.8177204-08:00" testType="13cdc9d9-ddb5-4fa4-a97d-d965ccfc6d4b" outcome="Passed" testListId="8c84fa94-04c1-424b-9868-57a2d4851a1d" relativeResultsDirectory="21cfac95-154f-4a40-871f-6438007d3c0c">
      <Output>
        <StdOut>Opening C:\src\nodejstools\TestResults\Itani_DESKTOP-RRA95A8 2016-01-24 02_34_51\Out\Temp\twnlsbpd.zvy\LinkedFiles.sln</StdOut>
      </Output>
    </UnitTestResult>
    <UnitTestResult executionId="e3feed85-0efb-493a-adce-be754ffb13ca" testId="6a9349de-f698-c217-9660-594351fa6ec2" testName="SaveAsCreateFile" computerName="DESKTOP-RRA95A8" duration="00:00:02.4159210" startTime="2016-01-24T03:17:13.8285150-08:00" endTime="2016-01-24T03:17:16.9543272-08:00" testType="13cdc9d9-ddb5-4fa4-a97d-d965ccfc6d4b" outcome="Passed" testListId="8c84fa94-04c1-424b-9868-57a2d4851a1d" relativeResultsDirectory="e3feed85-0efb-493a-adce-be754ffb13ca">
      <Output>
        <StdOut>Opening C:\src\nodejstools\TestResults\Itani_DESKTOP-RRA95A8 2016-01-24 02_34_51\Out\Temp\hzwx0aav.img\LinkedFiles.sln</StdOut>
      </Output>
    </UnitTestResult>
    <UnitTestResult executionId="c418d2f3-be9b-4982-981a-280e9a57e963" testId="d92ea588-f3e2-de48-dcba-628a999ecf43" testName="SaveAsCreateFileNewDirectory" computerName="DESKTOP-RRA95A8" duration="00:00:02.4285806" startTime="2016-01-24T03:17:16.9572687-08:00" endTime="2016-01-24T03:17:20.2599095-08:00" testType="13cdc9d9-ddb5-4fa4-a97d-d965ccfc6d4b" outcome="Failed" testListId="8c84fa94-04c1-424b-9868-57a2d4851a1d" relativeResultsDirectory="c418d2f3-be9b-4982-981a-280e9a57e963">
      <Output>
        <StdOut>Opening C:\src\nodejstools\TestResults\Itani_DESKTOP-RRA95A8 2016-01-24 02_34_51\Out\Temp\feyptcad.4qa\LinkedFiles.sln</StdOut>
        <ErrorInfo>
          <Message>Test method VisualStudioToolsUITests.LinkedFileTests.SaveAsCreateFileNewDirectory threw exception: 
System.ArgumentException: Failed to find item: CreatedDirectory</Message>
          <StackTrace>    at Microsoft.VisualStudioTools.Project.Automation.OANavigableProjectItems.Item(Object index)
   at VisualStudioToolsUITests.LinkedFileTests.SaveAsCreateFileNewDirectory() in C:\src\nodejstools\Common\Tests\SharedProjectTests\LinkedFileTests.cs:line 453
</StackTrace>
        </ErrorInfo>
      </Output>
    </UnitTestResult>
    <UnitTestResult executionId="c7d3f4d6-8b87-47e0-986a-086d96ad11c2" testId="541ae36e-b03c-a96a-fba7-c2388f436048" testName="AddExistingItem" computerName="DESKTOP-RRA95A8" duration="00:00:03.0949565" startTime="2016-01-24T03:17:20.2638677-08:00" endTime="2016-01-24T03:17:24.0442870-08:00" testType="13cdc9d9-ddb5-4fa4-a97d-d965ccfc6d4b" outcome="Failed" testListId="8c84fa94-04c1-424b-9868-57a2d4851a1d" relativeResultsDirectory="c7d3f4d6-8b87-47e0-986a-086d96ad11c2">
      <Output>
        <StdOut>Opening C:\src\nodejstools\TestResults\Itani_DESKTOP-RRA95A8 2016-01-24 02_34_51\Out\Temp\ljibtk5w.vv5\LinkedFiles.sln</StdOut>
        <ErrorInfo>
          <Message>Assert.IsNotNull failed. projectNode</Message>
          <StackTrace>   at VisualStudioToolsUITests.LinkedFileTests.AddExistingItem() in C:\src\nodejstools\Common\Tests\SharedProjectTests\LinkedFileTests.cs:line 468
</StackTrace>
        </ErrorInfo>
      </Output>
    </UnitTestResult>
    <UnitTestResult executionId="97d2c77d-f2c2-4754-adbb-38cdc0f7848f" testId="cd717701-9fbc-dac9-5db5-c33b62232ef9" testName="AddExistingItemAndItemIsAlreadyLinked" computerName="DESKTOP-RRA95A8" duration="00:00:06.8827506" startTime="2016-01-24T03:17:24.0477963-08:00" endTime="2016-01-24T03:17:31.8903867-08:00" testType="13cdc9d9-ddb5-4fa4-a97d-d965ccfc6d4b" outcome="Passed" testListId="8c84fa94-04c1-424b-9868-57a2d4851a1d" relativeResultsDirectory="97d2c77d-f2c2-4754-adbb-38cdc0f7848f">
      <Output>
        <StdOut>Opening C:\src\nodejstools\TestResults\Itani_DESKTOP-RRA95A8 2016-01-24 02_34_51\Out\Temp\skigzldn.qx2\LinkedFiles.sln
Ending dialog: 
Name    ClassName      ControlType    AutomationID
 Microsoft Visual Studio	ControlType.Window	#32770	
     OK	ControlType.Button	Button	2
     	ControlType.Image	Static	20
     There is already a link to 'C:\src\nodejstools\TestResults\Itani_DESKTOP-RRA95A8 2016-01-24 02_34_51\Out\Temp\skigzldn.qx2\FileNotInProject.js'. A project cannot have more than one link to the same file.

	ControlType.Text	Static	65535
     Microsoft Visual Studio	ControlType.TitleBar		TitleBar
         System Menu Bar	ControlType.MenuBar		SystemMenuBar
             System	ControlType.MenuItem		Item 1
         Close	ControlType.Button		Close
--------
Successfully executed command Project.AddExistingItem</StdOut>
      </Output>
    </UnitTestResult>
    <UnitTestResult executionId="26d84002-e990-4fa9-a58f-7a5d0ab66192" testId="088c43d8-45ae-80f9-ca07-740cb754be74" testName="AddExistingItemAndLinkAlreadyExists" computerName="DESKTOP-RRA95A8" duration="00:00:05.3352972" startTime="2016-01-24T03:17:31.8964002-08:00" endTime="2016-01-24T03:17:38.2126207-08:00" testType="13cdc9d9-ddb5-4fa4-a97d-d965ccfc6d4b" outcome="Passed" testListId="8c84fa94-04c1-424b-9868-57a2d4851a1d" relativeResultsDirectory="26d84002-e990-4fa9-a58f-7a5d0ab66192">
      <Output>
        <StdOut>Opening C:\src\nodejstools\TestResults\Itani_DESKTOP-RRA95A8 2016-01-24 02_34_51\Out\Temp\tnp3tryq.qkr\LinkedFiles.sln
Ending dialog: 
Name    ClassName      ControlType    AutomationID
 Microsoft Visual Studio	ControlType.Window	#32770	
     OK	ControlType.Button	Button	2
     	ControlType.Image	Static	20
     There is already a link to 'C:\src\nodejstools\TestResults\Itani_DESKTOP-RRA95A8 2016-01-24 02_34_51\Out\Temp\tnp3tryq.qkr\LinkedFilesDir\SomeLinkedFile.js'. A project cannot have more than one link to the same file.

	ControlType.Text	Static	65535
     Microsoft Visual Studio	ControlType.TitleBar		TitleBar
         System Menu Bar	ControlType.MenuBar		SystemMenuBar
             System	ControlType.MenuItem		Item 1
         Close	ControlType.Button		Close
--------
Successfully executed command Project.AddExistingItem</StdOut>
      </Output>
    </UnitTestResult>
    <UnitTestResult executionId="56f0e24e-2fe7-453a-9ed2-5f2987c85345" testId="85a037d7-b0e7-a0f2-565d-a21261c54b50" testName="AddExistingItemAndFileByNameExistsOnDiskButNotInProject" computerName="DESKTOP-RRA95A8" duration="00:00:03.1537949" startTime="2016-01-24T03:17:38.2166313-08:00" endTime="2016-01-24T03:17:42.7088407-08:00" testType="13cdc9d9-ddb5-4fa4-a97d-d965ccfc6d4b" outcome="Failed" testListId="8c84fa94-04c1-424b-9868-57a2d4851a1d" relativeResultsDirectory="56f0e24e-2fe7-453a-9ed2-5f2987c85345">
      <Output>
        <StdOut>Opening C:\src\nodejstools\TestResults\Itani_DESKTOP-RRA95A8 2016-01-24 02_34_51\Out\Temp\kxgslv1p.wks\LinkedFiles.sln</StdOut>
        <ErrorInfo>
          <Message>Assert.IsNotNull failed. projectNode</Message>
          <StackTrace>   at VisualStudioToolsUITests.LinkedFileTests.AddExistingItemAndFileByNameExistsOnDiskButNotInProject() in C:\src\nodejstools\Common\Tests\SharedProjectTests\LinkedFileTests.cs:line 541
</StackTrace>
        </ErrorInfo>
      </Output>
    </UnitTestResult>
    <UnitTestResult executionId="5a9e6439-de2f-403f-8855-81d40e56d4c0" testId="825180b9-7dc0-e796-ed12-2065b2d40f08" testName="AddExistingItemAndFileByNameExistsOnDiskAndInProject" computerName="DESKTOP-RRA95A8" duration="00:00:02.9880923" startTime="2016-01-24T03:17:42.7127642-08:00" endTime="2016-01-24T03:17:46.4511693-08:00" testType="13cdc9d9-ddb5-4fa4-a97d-d965ccfc6d4b" outcome="Failed" testListId="8c84fa94-04c1-424b-9868-57a2d4851a1d" relativeResultsDirectory="5a9e6439-de2f-403f-8855-81d40e56d4c0">
      <Output>
        <StdOut>Opening C:\src\nodejstools\TestResults\Itani_DESKTOP-RRA95A8 2016-01-24 02_34_51\Out\Temp\nwaq2br5.bfx\LinkedFiles.sln</StdOut>
        <ErrorInfo>
          <Message>Assert.IsNotNull failed. projectNode</Message>
          <StackTrace>   at VisualStudioToolsUITests.LinkedFileTests.AddExistingItemAndFileByNameExistsOnDiskAndInProject() in C:\src\nodejstools\Common\Tests\SharedProjectTests\LinkedFileTests.cs:line 565
</StackTrace>
        </ErrorInfo>
      </Output>
    </UnitTestResult>
    <UnitTestResult executionId="282449c1-a4ed-4dc3-8cd2-3cd07315d206" testId="0f2a0554-9b2a-3f7a-4e9e-167e1aa75866" testName="AddExistingItemAndFileByNameExistsInProjectButNotOnDisk" computerName="DESKTOP-RRA95A8" duration="00:00:02.4972804" startTime="2016-01-24T03:17:46.4550947-08:00" endTime="2016-01-24T03:17:49.7316925-08:00" testType="13cdc9d9-ddb5-4fa4-a97d-d965ccfc6d4b" outcome="Failed" testListId="8c84fa94-04c1-424b-9868-57a2d4851a1d" relativeResultsDirectory="282449c1-a4ed-4dc3-8cd2-3cd07315d206">
      <Output>
        <StdOut>Opening C:\src\nodejstools\TestResults\Itani_DESKTOP-RRA95A8 2016-01-24 02_34_51\Out\Temp\52yjwqqc.mum\LinkedFiles.sln</StdOut>
        <ErrorInfo>
          <Message>Assert.IsNotNull failed. projectNode</Message>
          <StackTrace>   at VisualStudioToolsUITests.LinkedFileTests.AddExistingItemAndFileByNameExistsInProjectButNotOnDisk() in C:\src\nodejstools\Common\Tests\SharedProjectTests\LinkedFileTests.cs:line 589
</StackTrace>
        </ErrorInfo>
      </Output>
    </UnitTestResult>
    <UnitTestResult executionId="7e78c254-cd98-43fb-ace0-6edfeb60ea85" testId="c87c1c55-f8c6-a6d4-48bd-e00afcf35b93" testName="AddExistingItemAsLinkButFileExistsInProjectDirectory" computerName="DESKTOP-RRA95A8" duration="00:00:02.5341407" startTime="2016-01-24T03:17:49.7357031-08:00" endTime="2016-01-24T03:17:53.1246757-08:00" testType="13cdc9d9-ddb5-4fa4-a97d-d965ccfc6d4b" outcome="Failed" testListId="8c84fa94-04c1-424b-9868-57a2d4851a1d" relativeResultsDirectory="7e78c254-cd98-43fb-ace0-6edfeb60ea85">
      <Output>
        <StdOut>Opening C:\src\nodejstools\TestResults\Itani_DESKTOP-RRA95A8 2016-01-24 02_34_51\Out\Temp\rhfhqopc.ysp\LinkedFiles.sln</StdOut>
        <ErrorInfo>
          <Message>Assert.IsNotNull failed. projectNode</Message>
          <StackTrace>   at VisualStudioToolsUITests.LinkedFileTests.AddExistingItemAsLinkButFileExistsInProjectDirectory() in C:\src\nodejstools\Common\Tests\SharedProjectTests\LinkedFileTests.cs:line 613
</StackTrace>
        </ErrorInfo>
      </Output>
    </UnitTestResult>
    <UnitTestResult executionId="5815cb6f-bc80-42cc-8d14-9dc2f9c7f4dd" testId="ea26882a-d58b-a512-04d3-8a28db1ed0e4" testName="RenamedLinkedFile" computerName="DESKTOP-RRA95A8" duration="00:00:02.5390930" startTime="2016-01-24T03:17:53.1305637-08:00" endTime="2016-01-24T03:17:56.7026529-08:00" testType="13cdc9d9-ddb5-4fa4-a97d-d965ccfc6d4b" outcome="Failed" testListId="8c84fa94-04c1-424b-9868-57a2d4851a1d" relativeResultsDirectory="5815cb6f-bc80-42cc-8d14-9dc2f9c7f4dd">
      <Output>
        <StdOut>Opening C:\src\nodejstools\TestResults\Itani_DESKTOP-RRA95A8 2016-01-24 02_34_51\Out\Temp\brewipo5.3i1\LinkedFiles.sln</StdOut>
        <ErrorInfo>
          <Message>Assert.IsNotNull failed. renamedLinkFile</Message>
          <StackTrace>   at VisualStudioToolsUITests.LinkedFileTests.RenamedLinkedFile() in C:\src\nodejstools\Common\Tests\SharedProjectTests\LinkedFileTests.cs:line 639
</StackTrace>
        </ErrorInfo>
      </Output>
    </UnitTestResult>
    <UnitTestResult executionId="76a602ad-bf7d-48af-95e2-4f87ef832ba8" testId="e1bb801c-ae56-d790-36a1-fccd22345a90" testName="BadLinkPath" computerName="DESKTOP-RRA95A8" duration="00:00:02.6082085" startTime="2016-01-24T03:17:56.7055955-08:00" endTime="2016-01-24T03:18:00.7964243-08:00" testType="13cdc9d9-ddb5-4fa4-a97d-d965ccfc6d4b" outcome="Passed" testListId="8c84fa94-04c1-424b-9868-57a2d4851a1d" relativeResultsDirectory="76a602ad-bf7d-48af-95e2-4f87ef832ba8">
      <Output>
        <StdOut>Opening C:\src\nodejstools\TestResults\Itani_DESKTOP-RRA95A8 2016-01-24 02_34_51\Out\Temp\kyczvp4i.p1g\LinkedFiles.sln</StdOut>
      </Output>
    </UnitTestResult>
    <UnitTestResult executionId="73446609-b7f7-4955-9ae0-d5d15ca9c662" testId="020c52cc-3a3c-a966-4edb-9721a6c4edd1" testName="RootedLinkIgnored" computerName="DESKTOP-RRA95A8" duration="00:00:02.3896982" startTime="2016-01-24T03:18:00.8003478-08:00" endTime="2016-01-24T03:18:04.0570608-08:00" testType="13cdc9d9-ddb5-4fa4-a97d-d965ccfc6d4b" outcome="Passed" testListId="8c84fa94-04c1-424b-9868-57a2d4851a1d" relativeResultsDirectory="73446609-b7f7-4955-9ae0-d5d15ca9c662">
      <Output>
        <StdOut>Opening C:\src\nodejstools\TestResults\Itani_DESKTOP-RRA95A8 2016-01-24 02_34_51\Out\Temp\jpy4y4xt.svr\LinkedFiles.sln</StdOut>
      </Output>
    </UnitTestResult>
    <UnitTestResult executionId="86f4bfd6-a301-4c4c-859e-920ef57e3586" testId="a37562d1-6dea-186e-c9c8-c2b7747a8ae7" testName="RootedIncludeIgnored" computerName="DESKTOP-RRA95A8" duration="00:00:03.0010856" startTime="2016-01-24T03:18:04.0605700-08:00" endTime="2016-01-24T03:18:08.9668712-08:00" testType="13cdc9d9-ddb5-4fa4-a97d-d965ccfc6d4b" outcome="Passed" testListId="8c84fa94-04c1-424b-9868-57a2d4851a1d" relativeResultsDirectory="86f4bfd6-a301-4c4c-859e-920ef57e3586">
      <Output>
        <StdOut>Opening C:\src\nodejstools\TestResults\Itani_DESKTOP-RRA95A8 2016-01-24 02_34_51\Out\Temp\jbeje5zh.gnn\LinkedFiles.sln</StdOut>
      </Output>
    </UnitTestResult>
    <UnitTestResult executionId="c81b9262-d800-4bf5-bf04-da7c3a35ee3a" testId="301a8cf9-726d-b5e6-75d7-c5f00e1ffb2c" testName="TestLinkedWithProjectHome" computerName="DESKTOP-RRA95A8" duration="00:00:06.1680991" startTime="2016-01-24T03:18:08.9698134-08:00" endTime="2016-01-24T03:18:16.0681439-08:00" testType="13cdc9d9-ddb5-4fa4-a97d-d965ccfc6d4b" outcome="Failed" testListId="8c84fa94-04c1-424b-9868-57a2d4851a1d" relativeResultsDirectory="c81b9262-d800-4bf5-bf04-da7c3a35ee3a">
      <Output>
        <StdOut>Opening C:\src\nodejstools\TestResults\Itani_DESKTOP-RRA95A8 2016-01-24 02_34_51\Out\Temp\5xez1emc.g3m\MultiProjectLinkedFiles.sln
Successfully executed command Project.AddExistingItem</StdOut>
        <ErrorInfo>
          <Message>Assert.Fail failed. Expected &lt;&lt;Content Include="C:\\Users\\Itani\\AppData\\Local\\Temp\\tmp4D54\.tmp"&gt;\s*&lt;Link&gt;tmp4D54\.tmp&lt;/Link&gt;\s*&lt;/Content&gt;&gt;. Actual &lt;&lt;?xml version="1.0" encoding="utf-8"?&gt;
&lt;Project ToolsVersion="14.0" xmlns="http://schemas.microsoft.com/developer/msbuild/2003"&gt;
  &lt;PropertyGroup&gt;
    &lt;ProjectTypeGuid&gt;9092aa53-fb77-4645-b42d-1ccca6bd08bd&lt;/ProjectTypeGuid&gt;
    &lt;Name&gt;TempFile&lt;/Name&gt;
    &lt;ProjectGuid&gt;{e0e6a6f7-37e6-4ad9-9fa1-6ce47a8823d5}&lt;/ProjectGuid&gt;
    &lt;SchemaVersion&gt;2.0&lt;/SchemaVersion&gt;
    &lt;ProjectTypeGuids&gt;{3AF33F2E-1136-4D97-BBB7-1795711AC8B8};{349c5851-65df-11da-9384-00065b846f21};{9092AA53-FB77-4645-B42D-1CCCA6BD08BD}&lt;/ProjectTypeGuids&gt;
    &lt;VisualStudioVersion Condition="'$(VisualStudioVersion)' == ''"&gt;11.0&lt;/VisualStudioVersion&gt;
    &lt;VSToolsPath Condition="'$(VSToolsPath)' == ''"&gt;$(MSBuildExtensionsPath32)\Microsoft\VisualStudio\v$(VisualStudioVersion)&lt;/VSToolsPath&gt;
    &lt;ProjectHome&gt;..\..\..\..\..\src\nodejstools\TestResults\Itani_DESKTOP-RRA95A8 2016-01-24 02_34_51\Out\Temp\5xez1emc.g3m\LinkedFiles1\&lt;/ProjectHome&gt;
    &lt;WorkingDirectory&gt;.&lt;/WorkingDirectory&gt;
    &lt;ProjectView&gt;ShowAllFiles&lt;/ProjectView&gt;
    &lt;OutputPath&gt;.&lt;/OutputPath&gt;
  &lt;/PropertyGroup&gt;
  &lt;PropertyGroup Condition=" '$(Configuration)' == 'Debug' "&gt;
    &lt;DebugSymbols&gt;true&lt;/DebugSymbols&gt;
  &lt;/PropertyGroup&gt;
  &lt;PropertyGroup Condition=" '$(Configuration)' == 'Release' "&gt;
    &lt;DebugSymbols&gt;false&lt;/DebugSymbols&gt;
  &lt;/PropertyGroup&gt;
  &lt;ItemGroup&gt;
    &lt;Compile Include="..\FileNotInProject1.js" /&gt;
    &lt;Compile Include="..\FileNotInProject2.js" /&gt;
  &lt;/ItemGroup&gt;
  &lt;ItemGroup&gt;
    &lt;Content Include="..\..\..\..\..\..\..\..\Users\Itani\AppData\Local\Temp\tmp4D54.tmp"&gt;
      &lt;Link&gt;tmp4D54.tmp&lt;/Link&gt;
    &lt;/Content&gt;
  &lt;/ItemGroup&gt;
  &lt;Import Project="$(MSBuildExtensionsPath)\$(MSBuildToolsVersion)\Microsoft.Common.props" Condition="Exists('$(MSBuildExtensionsPath)\$(MSBuildToolsVersion)\Microsoft.Common.props')" /&gt;
  &lt;Import Project="$(VSToolsPath)\Node.js Tools\Microsoft.NodejsTools.targets" /&gt;
  &lt;ProjectExtensions&gt;
    &lt;VisualStudio xmlns=""&gt;
      &lt;FlavorProperties GUID="{349c5851-65df-11da-9384-00065b846f21}"&gt;
        &lt;WebProjectProperties&gt;
          &lt;UseIIS&gt;False&lt;/UseIIS&gt;
          &lt;AutoAssignPort&gt;True&lt;/AutoAssignPort&gt;
          &lt;DevelopmentServerPort&gt;0&lt;/DevelopmentServerPort&gt;
          &lt;DevelopmentServerVPath&gt;/&lt;/DevelopmentServerVPath&gt;
          &lt;IISUrl&gt;http://localhost:48022/&lt;/IISUrl&gt;
          &lt;NTLMAuthentication&gt;False&lt;/NTLMAuthentication&gt;
          &lt;UseCustomServer&gt;True&lt;/UseCustomServer&gt;
          &lt;CustomServerUrl&gt;http://localhost:1337&lt;/CustomServerUrl&gt;
          &lt;SaveServerSettingsInUserFile&gt;False&lt;/SaveServerSettingsInUserFile&gt;
        &lt;/WebProjectProperties&gt;
      &lt;/FlavorProperties&gt;
      &lt;FlavorProperties GUID="{349c5851-65df-11da-9384-00065b846f21}" User=""&gt;
        &lt;WebProjectProperties&gt;
          &lt;StartPageUrl&gt;
          &lt;/StartPageUrl&gt;
          &lt;StartAction&gt;CurrentPage&lt;/StartAction&gt;
          &lt;AspNetDebugging&gt;True&lt;/AspNetDebugging&gt;
          &lt;SilverlightDebugging&gt;False&lt;/SilverlightDebugging&gt;
          &lt;NativeDebugging&gt;False&lt;/NativeDebugging&gt;
          &lt;SQLDebugging&gt;False&lt;/SQLDebugging&gt;
          &lt;ExternalProgram&gt;
          &lt;/ExternalProgram&gt;
          &lt;StartExternalURL&gt;
          &lt;/StartExternalURL&gt;
          &lt;StartCmdLineArguments&gt;
          &lt;/StartCmdLineArguments&gt;
          &lt;StartWorkingDirectory&gt;
          &lt;/StartWorkingDirectory&gt;
          &lt;EnableENC&gt;False&lt;/EnableENC&gt;
          &lt;AlwaysStartWebServerOnDebug&gt;False&lt;/AlwaysStartWebServerOnDebug&gt;
        &lt;/WebProjectProperties&gt;
      &lt;/FlavorProperties&gt;
    &lt;/VisualStudio&gt;
  &lt;/ProjectExtensions&gt;
&lt;/Project&gt;&gt;. </Message>
          <StackTrace>   at TestUtilities.AssertUtil.AreEqual(Regex expected, String actual, String message) in C:\src\nodejstools\Common\Tests\Utilities\AssertUtil.cs:line 276
   at VisualStudioToolsUITests.LinkedFileTests.TestLinkedWithProjectHome() in C:\src\nodejstools\Common\Tests\SharedProjectTests\LinkedFileTests.cs:line 726
</StackTrace>
        </ErrorInfo>
      </Output>
    </UnitTestResult>
    <UnitTestResult executionId="fba17247-136d-4b26-9623-6e5e5fff6f09" testId="5140281c-9a9c-4554-28ca-fb5c5be83ebc" testName="ProjectAddItem" computerName="DESKTOP-RRA95A8" duration="00:00:03.5189612" startTime="2016-01-24T03:18:16.0736584-08:00" endTime="2016-01-24T03:18:20.7455493-08:00" testType="13cdc9d9-ddb5-4fa4-a97d-d965ccfc6d4b" outcome="Passed" testListId="8c84fa94-04c1-424b-9868-57a2d4851a1d" relativeResultsDirectory="fba17247-136d-4b26-9623-6e5e5fff6f09">
      <Output>
        <StdOut>Opening C:\src\nodejstools\TestResults\Itani_DESKTOP-RRA95A8 2016-01-24 02_34_51\Out\Temp\pen0xyw3.2bj\HelloWorld.sln</StdOut>
      </Output>
    </UnitTestResult>
    <UnitTestResult executionId="93bb4e50-a3dc-4e73-9f29-9b22d52ddd2c" testId="c34c910f-9c18-45bf-0c7f-d96e7c32b7bc" testName="CleanSolution" computerName="DESKTOP-RRA95A8" duration="00:00:04.4106661" startTime="2016-01-24T03:18:20.7553622-08:00" endTime="2016-01-24T03:18:25.6803591-08:00" testType="13cdc9d9-ddb5-4fa4-a97d-d965ccfc6d4b" outcome="Passed" testListId="8c84fa94-04c1-424b-9868-57a2d4851a1d" relativeResultsDirectory="93bb4e50-a3dc-4e73-9f29-9b22d52ddd2c">
      <Output>
        <StdOut>Opening C:\src\nodejstools\TestResults\Itani_DESKTOP-RRA95A8 2016-01-24 02_34_51\Out\Temp\wz2wbvyz.agm\HelloWorld.sln
Executing command Build.CleanSolution 
Successfully executed command Build.CleanSolution</StdOut>
      </Output>
    </UnitTestResult>
    <UnitTestResult executionId="73e09245-c7cc-4756-b068-897f060fee30" testId="ff65c118-e175-5f2f-b24c-c3f162db2b4e" testName="BuildSolution" computerName="DESKTOP-RRA95A8" duration="00:00:03.8372888" startTime="2016-01-24T03:18:25.6862467-08:00" endTime="2016-01-24T03:18:30.5264088-08:00" testType="13cdc9d9-ddb5-4fa4-a97d-d965ccfc6d4b" outcome="Passed" testListId="8c84fa94-04c1-424b-9868-57a2d4851a1d" relativeResultsDirectory="73e09245-c7cc-4756-b068-897f060fee30">
      <Output>
        <StdOut>Opening C:\src\nodejstools\TestResults\Itani_DESKTOP-RRA95A8 2016-01-24 02_34_51\Out\Temp\w34ojcox.ajt\HelloWorld.sln
Executing command Build.RebuildSolution 
Successfully executed command Build.RebuildSolution</StdOut>
      </Output>
    </UnitTestResult>
    <UnitTestResult executionId="91c778c5-1a62-40d9-877b-46e443ce0073" testId="a599e854-4e58-7a2f-c833-c17f48dcdc14" testName="OpenCommandHere" computerName="DESKTOP-RRA95A8" duration="00:00:03.3756076" startTime="2016-01-24T03:18:30.5303341-08:00" endTime="2016-01-24T03:18:34.8809082-08:00" testType="13cdc9d9-ddb5-4fa4-a97d-d965ccfc6d4b" outcome="Failed" testListId="8c84fa94-04c1-424b-9868-57a2d4851a1d" relativeResultsDirectory="91c778c5-1a62-40d9-877b-46e443ce0073">
      <Output>
        <StdOut>Opening C:\src\nodejstools\TestResults\Itani_DESKTOP-RRA95A8 2016-01-24 02_34_51\Out\Temp\oj0mwlse.zzz\HelloWorld.sln
Executing command File.OpenCommandPromptHere 
System.Runtime.InteropServices.COMException (0x80004005): Command "File.OpenCommandPromptHere" is not available.
   at EnvDTE._DTE.ExecuteCommand(String CommandName, String CommandArgs)
   at TestUtilities.UI.VisualStudioApp.&lt;&gt;c__DisplayClass28_0.&lt;ExecuteCommand&gt;b__0() in C:\src\nodejstools\Common\Tests\Utilities.UI\UI\VisualStudioApp.cs:line 188
   at System.Threading.Tasks.Task.InnerInvoke()
   at System.Threading.Tasks.Task.Execute()</StdOut>
        <ErrorInfo>
          <Message>Test method Microsoft.VisualStudioTools.SharedProjectTests.BasicProjectTests.OpenCommandHere threw exception: 
System.Runtime.InteropServices.COMException: Command "File.OpenCommandPromptHere" is not available.</Message>
          <StackTrace>    at TestUtilities.UI.VisualStudioApp.ExecuteCommand(String commandName, String commandArgs, Int32 timeout) in C:\src\nodejstools\Common\Tests\Utilities.UI\UI\VisualStudioApp.cs:line 196
   at TestUtilities.UI.VisualStudioInstance.ExecuteCommand(String command) in C:\src\nodejstools\Common\Tests\Utilities.UI\UI\VisualStudioInstance.cs:line 130
   at Microsoft.VisualStudioTools.SharedProjectTests.BasicProjectTests.OpenCommandHere() in C:\src\nodejstools\Common\Tests\SharedProjectTests\BasicProjectTests.cs:line 1215
</StackTrace>
        </ErrorInfo>
      </Output>
    </UnitTestResult>
    <UnitTestResult executionId="288b67ab-99cc-4411-aa9b-d812f11d12b7" testId="3957ae0d-7056-87fd-257e-54a293df7738" testName="PasteFileWhileOpenInEditor" computerName="DESKTOP-RRA95A8" duration="00:00:05.2339417" startTime="2016-01-24T03:18:34.8860741-08:00" endTime="2016-01-24T03:18:40.6188728-08:00" testType="13cdc9d9-ddb5-4fa4-a97d-d965ccfc6d4b" outcome="Passed" testListId="8c84fa94-04c1-424b-9868-57a2d4851a1d" relativeResultsDirectory="288b67ab-99cc-4411-aa9b-d812f11d12b7">
      <Output>
        <StdOut>Opening C:\src\nodejstools\TestResults\Itani_DESKTOP-RRA95A8 2016-01-24 02_34_51\Out\Temp\xukc0xfh.bqe\HelloWorld.sln
Ending dialog: 
Name    ClassName      ControlType    AutomationID
 Microsoft Visual Studio	ControlType.Window	#32770	
     Yes	ControlType.Button	Button	6
     No	ControlType.Button	Button	7
     	ControlType.Image	Static	20
     A file named 'server.js' is already part of the project. Do you want to overwrite it?

	ControlType.Text	Static	65535
     Microsoft Visual Studio	ControlType.TitleBar		TitleBar
         System Menu Bar	ControlType.MenuBar		SystemMenuBar
             System	ControlType.MenuItem		Item 1
         Close	ControlType.Button		Close
--------</StdOut>
      </Output>
    </UnitTestResult>
    <UnitTestResult executionId="af945bf3-4f6e-4a65-870e-a231f67f5bd8" testId="89f8e63d-4b19-42d0-f60f-2e036b1f98ab" testName="ItemVisibility" computerName="DESKTOP-RRA95A8" duration="00:00:02.9456223" startTime="2016-01-24T03:18:40.6273956-08:00" endTime="2016-01-24T03:18:44.6337270-08:00" testType="13cdc9d9-ddb5-4fa4-a97d-d965ccfc6d4b" outcome="Passed" testListId="8c84fa94-04c1-424b-9868-57a2d4851a1d" relativeResultsDirectory="af945bf3-4f6e-4a65-870e-a231f67f5bd8">
      <Output>
        <StdOut>Opening C:\src\nodejstools\TestResults\Itani_DESKTOP-RRA95A8 2016-01-24 02_34_51\Out\Temp\tquqy1vi.gpa\HelloWorld.sln</StdOut>
      </Output>
    </UnitTestResult>
    <UnitTestResult executionId="7bfee4d9-ea08-4c2b-b360-97f82bdc585f" testId="8ed0eb5a-368a-faf4-ac1a-fce8605f8720" testName="ProjectAddExistingExcludedFolder" computerName="DESKTOP-RRA95A8" duration="00:00:04.1533547" startTime="2016-01-24T03:18:44.6376523-08:00" endTime="2016-01-24T03:18:49.2828342-08:00" testType="13cdc9d9-ddb5-4fa4-a97d-d965ccfc6d4b" outcome="Passed" testListId="8c84fa94-04c1-424b-9868-57a2d4851a1d" relativeResultsDirectory="7bfee4d9-ea08-4c2b-b360-97f82bdc585f">
      <Output>
        <StdOut>Opening C:\src\nodejstools\TestResults\Itani_DESKTOP-RRA95A8 2016-01-24 02_34_51\Out\Temp\lr2rvuo0.i4i\HelloWorld.sln
Handled System.ArgumentException: Failed to find item: Folder
   at Microsoft.VisualStudioTools.Project.Automation.OANavigableProjectItems.Item(Object index)
   at Microsoft.VisualStudioTools.SharedProjectTests.BasicProjectTests.ProjectAddExistingExcludedFolder() in C:\src\nodejstools\Common\Tests\SharedProjectTests\BasicProjectTests.cs:line 1337</StdOut>
      </Output>
    </UnitTestResult>
    <UnitTestResult executionId="91ce31c4-2001-4df3-bde0-61921baa9065" testId="9cd9d50e-c34a-813b-c302-a2b577014b74" testName="RenameFile" computerName="DESKTOP-RRA95A8" duration="00:00:02.6654788" startTime="2016-01-24T03:18:49.2908563-08:00" endTime="2016-01-24T03:18:54.1948473-08:00" testType="13cdc9d9-ddb5-4fa4-a97d-d965ccfc6d4b" outcome="Passed" testListId="8c84fa94-04c1-424b-9868-57a2d4851a1d" relativeResultsDirectory="91ce31c4-2001-4df3-bde0-61921baa9065">
      <Output>
        <StdOut>Opening C:\src\nodejstools\TestResults\Itani_DESKTOP-RRA95A8 2016-01-24 02_34_51\Out\Temp\x2xtzpq3.k1l\HelloWorld.sln
.njsproj</StdOut>
      </Output>
    </UnitTestResult>
    <UnitTestResult executionId="fd6d6b44-1dbb-4756-a35e-9c587ba98d04" testId="e5eb3283-b986-328a-d743-984fd55d5a1a" testName="IsDocumentInProject" computerName="DESKTOP-RRA95A8" duration="00:00:02.2001118" startTime="2016-01-24T03:18:54.1997536-08:00" endTime="2016-01-24T03:18:57.5262396-08:00" testType="13cdc9d9-ddb5-4fa4-a97d-d965ccfc6d4b" outcome="Passed" testListId="8c84fa94-04c1-424b-9868-57a2d4851a1d" relativeResultsDirectory="fd6d6b44-1dbb-4756-a35e-9c587ba98d04">
      <Output>
        <StdOut>Opening C:\src\nodejstools\TestResults\Itani_DESKTOP-RRA95A8 2016-01-24 02_34_51\Out\Temp\n3lavocp.soz\HelloWorld.sln
file1.js
C:\src\nodejstools\TestResults\Itani_DESKTOP-RRA95A8 2016-01-24 02_34_51\Out\Temp\n3lavocp.soz\HelloWorld\file1.js
file1.js
C:\src\nodejstools\TestResults\Itani_DESKTOP-RRA95A8 2016-01-24 02_34_51\Out\Temp\n3lavocp.soz\HelloWorld\file1.js
folder\file2.js
C:\src\nodejstools\TestResults\Itani_DESKTOP-RRA95A8 2016-01-24 02_34_51\Out\Temp\n3lavocp.soz\HelloWorld\folder\file2.js
folder/file2.js
C:\src\nodejstools\TestResults\Itani_DESKTOP-RRA95A8 2016-01-24 02_34_51\Out\Temp\n3lavocp.soz\HelloWorld\folder/file2.js</StdOut>
      </Output>
    </UnitTestResult>
    <UnitTestResult executionId="8d35d6e8-dc95-4ca0-87ea-0bcd53e2a245" testId="72400fa1-b317-e4eb-b061-27bcb3763d71" testName="DeleteFolderWithReadOnlyFile" computerName="DESKTOP-RRA95A8" duration="00:00:04.1152654" startTime="2016-01-24T03:18:57.5311437-08:00" endTime="2016-01-24T03:19:02.1137475-08:00" testType="13cdc9d9-ddb5-4fa4-a97d-d965ccfc6d4b" outcome="Failed" testListId="8c84fa94-04c1-424b-9868-57a2d4851a1d" relativeResultsDirectory="8d35d6e8-dc95-4ca0-87ea-0bcd53e2a245">
      <Output>
        <StdOut>Opening C:\src\nodejstools\TestResults\Itani_DESKTOP-RRA95A8 2016-01-24 02_34_51\Out\Temp\y3ggqcpb.p5g\HelloWorld.sln</StdOut>
        <ErrorInfo>
          <Message>Test method Microsoft.VisualStudioTools.SharedProjectTests.BasicProjectTests.DeleteFolderWithReadOnlyFile threw exception: 
System.ArgumentException: Failed to find item: folder</Message>
          <StackTrace>    at Microsoft.VisualStudioTools.Project.Automation.OANavigableProjectItems.Item(Object index)
   at Microsoft.VisualStudioTools.SharedProjectTests.BasicProjectTests.DeleteFolderWithReadOnlyFile() in C:\src\nodejstools\Common\Tests\SharedProjectTests\BasicProjectTests.cs:line 1568
</StackTrace>
        </ErrorInfo>
      </Output>
    </UnitTestResult>
    <UnitTestResult executionId="99299a02-9b2c-4d4a-99c2-fbe0d70102a0" testId="b591ddd3-4254-948c-d737-960df8a44450" testName="MultiPasteKeyboard" computerName="DESKTOP-RRA95A8" duration="00:00:16.0188203" startTime="2016-01-24T03:19:02.1255235-08:00" endTime="2016-01-24T03:19:18.7826659-08:00" testType="13cdc9d9-ddb5-4fa4-a97d-d965ccfc6d4b" outcome="Failed" testListId="8c84fa94-04c1-424b-9868-57a2d4851a1d" relativeResultsDirectory="99299a02-9b2c-4d4a-99c2-fbe0d70102a0">
      <Output>
        <StdOut>Opening C:\src\nodejstools\TestResults\Itani_DESKTOP-RRA95A8 2016-01-24 02_34_51\Out\Temp\jickxzk3.jpp\HelloWorld.sln
Failed to find Solution 'HelloWorld' (1 project)\HelloWorld\SubFolder\server.js
Name    ClassName      ControlType    AutomationID
 Solution Explorer	ControlType.Tree	TreeView	SolutionExplorer
     Solution 'HelloWorld' ‎(1 project)	ControlType.TreeItem	TreeViewItem	
         HelloWorld	ControlType.TreeItem	TreeViewItem	
             npm	ControlType.TreeItem	TreeViewItem	
             SubFolder (node)	ControlType.TreeItem	TreeViewItem	
                 server.js	ControlType.TreeItem	TreeViewItem	
                 server2.js	ControlType.TreeItem	TreeViewItem	
             server.js	ControlType.TreeItem	TreeViewItem	
             server2.js	ControlType.TreeItem	TreeViewItem</StdOut>
        <ErrorInfo>
          <Message>Assert.IsNotNull failed. </Message>
          <StackTrace>   at Microsoft.VisualStudioTools.SharedProjectTests.DragDropCopyCutPaste.MultiPaste(MoveDelegate mover) in C:\src\nodejstools\Common\Tests\SharedProjectTests\DragDropCopyCutPaste.cs:line 75
   at Microsoft.VisualStudioTools.SharedProjectTests.DragDropCopyCutPaste.MultiPasteKeyboard() in C:\src\nodejstools\Common\Tests\SharedProjectTests\DragDropCopyCutPaste.cs:line 40
</StackTrace>
        </ErrorInfo>
      </Output>
    </UnitTestResult>
    <UnitTestResult executionId="331adf99-4fbd-460b-930d-9f8a85716e53" testId="0229a08e-1d33-7143-98c4-a3b9723d6b8f" testName="MultiPasteMouse" computerName="DESKTOP-RRA95A8" duration="00:00:14.2198847" startTime="2016-01-24T03:19:18.7885539-08:00" endTime="2016-01-24T03:19:34.0695628-08:00" testType="13cdc9d9-ddb5-4fa4-a97d-d965ccfc6d4b" outcome="Failed" testListId="8c84fa94-04c1-424b-9868-57a2d4851a1d" relativeResultsDirectory="331adf99-4fbd-460b-930d-9f8a85716e53">
      <Output>
        <StdOut>Opening C:\src\nodejstools\TestResults\Itani_DESKTOP-RRA95A8 2016-01-24 02_34_51\Out\Temp\2a5kqsop.myw\HelloWorld.sln
Failed to find Solution 'HelloWorld' (1 project)\HelloWorld\SubFolder\server.js
Name    ClassName      ControlType    AutomationID
 Solution Explorer	ControlType.Tree	TreeView	SolutionExplorer
     Solution 'HelloWorld' ‎(1 project)	ControlType.TreeItem	TreeViewItem	
         HelloWorld	ControlType.TreeItem	TreeViewItem	
             npm	ControlType.TreeItem	TreeViewItem	
             SubFolder (node)	ControlType.TreeItem	TreeViewItem	
                 server.js	ControlType.TreeItem	TreeViewItem	
                 server2.js	ControlType.TreeItem	TreeViewItem	
             server.js	ControlType.TreeItem	TreeViewItem	
             server2.js	ControlType.TreeItem	TreeViewItem</StdOut>
        <ErrorInfo>
          <Message>Assert.IsNotNull failed. </Message>
          <StackTrace>   at Microsoft.VisualStudioTools.SharedProjectTests.DragDropCopyCutPaste.MultiPaste(MoveDelegate mover) in C:\src\nodejstools\Common\Tests\SharedProjectTests\DragDropCopyCutPaste.cs:line 75
   at Microsoft.VisualStudioTools.SharedProjectTests.DragDropCopyCutPaste.MultiPasteMouse() in C:\src\nodejstools\Common\Tests\SharedProjectTests\DragDropCopyCutPaste.cs:line 46
</StackTrace>
        </ErrorInfo>
      </Output>
    </UnitTestResult>
    <UnitTestResult executionId="483aa704-9803-4c83-a298-bced21baa701" testId="4b57e9fc-9339-d9d9-0abe-c49e9fa4f660" testName="CutPastePasteItem" computerName="DESKTOP-RRA95A8" duration="00:00:16.2004561" startTime="2016-01-24T03:19:34.0734867-08:00" endTime="2016-01-24T03:19:50.7721707-08:00" testType="13cdc9d9-ddb5-4fa4-a97d-d965ccfc6d4b" outcome="Failed" testListId="8c84fa94-04c1-424b-9868-57a2d4851a1d" relativeResultsDirectory="483aa704-9803-4c83-a298-bced21baa701">
      <Output>
        <StdOut>Opening C:\src\nodejstools\TestResults\Itani_DESKTOP-RRA95A8 2016-01-24 02_34_51\Out\Temp\oe4u52zy.1d5\DragDropCopyCutPaste.sln
Failed to find Solution 'DragDropCopyCutPaste' (1 project)\DragDropCopyCutPaste\PasteFolder\CutPastePasteItem.js
Name    ClassName      ControlType    AutomationID
 Solution Explorer	ControlType.Tree	TreeView	SolutionExplorer
     Solution 'DragDropCopyCutPaste' ‎(1 project)	ControlType.TreeItem	TreeViewItem	
         DragDropCopyCutPaste	ControlType.TreeItem	TreeViewItem	
             npm	ControlType.TreeItem	TreeViewItem	
             PasteFolder (node)	ControlType.TreeItem	TreeViewItem	
                 CutPastePasteItem.js	ControlType.TreeItem	TreeViewItem</StdOut>
        <ErrorInfo>
          <Message>Assert.IsNotNull failed. Item not found in solution explorer Solution 'DragDropCopyCutPaste' (1 project)\DragDropCopyCutPaste\PasteFolder\CutPastePasteItem.js
Item missing at: Solution 'DragDropCopyCutPaste' (1 project)\DragDropCopyCutPaste\PasteFolder</Message>
          <StackTrace>   at TestUtilities.UI.SolutionExplorerTree.AssertItemExistsInTree(String[] path) in C:\src\nodejstools\Common\Tests\Utilities.UI\UI\SolutionExplorerTree.cs:line 89
   at TestUtilities.UI.SolutionExplorerTree.AssertFileExists(String projectLocation, String[] path) in C:\src\nodejstools\Common\Tests\Utilities.UI\UI\SolutionExplorerTree.cs:line 28
   at TestUtilities.UI.VisualStudioInstance.AssertFileExists(String[] path) in C:\src\nodejstools\Common\Tests\Utilities.UI\UI\VisualStudioInstance.cs:line 215
   at Microsoft.VisualStudioTools.SharedProjectTests.DragDropCopyCutPaste.CutPastePasteItem() in C:\src\nodejstools\Common\Tests\SharedProjectTests\DragDropCopyCutPaste.cs:line 124
</StackTrace>
        </ErrorInfo>
      </Output>
    </UnitTestResult>
    <UnitTestResult executionId="b980be17-694c-455c-bf58-51d853c397f1" testId="5c86b1a9-57a4-4d0b-9c01-d9d714fb1b4a" testName="CutRenamePaste" computerName="DESKTOP-RRA95A8" duration="00:00:13.2156272" startTime="2016-01-24T03:19:50.7780576-08:00" endTime="2016-01-24T03:20:05.1587590-08:00" testType="13cdc9d9-ddb5-4fa4-a97d-d965ccfc6d4b" outcome="Failed" testListId="8c84fa94-04c1-424b-9868-57a2d4851a1d" relativeResultsDirectory="b980be17-694c-455c-bf58-51d853c397f1">
      <Output>
        <StdOut>Opening C:\src\nodejstools\TestResults\Itani_DESKTOP-RRA95A8 2016-01-24 02_34_51\Out\Temp\2tfmnpmw.kn5\DragDropCopyCutPaste.sln
Failed to find Solution 'DragDropCopyCutPaste' (1 project)\DragDropCopyCutPaste\CutRenamePaste\CutRenamePaste.js
Name    ClassName      ControlType    AutomationID
 Solution Explorer	ControlType.Tree	TreeView	SolutionExplorer
     Solution 'DragDropCopyCutPaste' ‎(1 project)	ControlType.TreeItem	TreeViewItem	
         DragDropCopyCutPaste	ControlType.TreeItem	TreeViewItem	
             npm	ControlType.TreeItem	TreeViewItem	
             CutRenamePaste (node)	ControlType.TreeItem	TreeViewItem	
Attempting to invoke pattern on null node
Name    ClassName      ControlType    AutomationID
 DragDropCopyCutPaste - Microsoft Visual Studio - Experimental Instance	ControlType.Window	Window	VisualStudioMainWindow
     DragDropCopyCutPaste - Microsoft Visual Studio - Experimental Instance	ControlType.TitleBar		TitleBar
         System Menu Bar	ControlType.MenuBar		SystemMenuBar
             System	ControlType.MenuItem		Item 1
         Minimize	ControlType.Button		Minimize
         Restore	ControlType.Button		Restore
         Close	ControlType.Button		Close
     DragDropCopyCutPaste - Microsoft Visual Studio - Experimental Instance	ControlType.TitleBar		TitleBar
         Minimize	ControlType.Button	Button	Minimize
         Restore	ControlType.Button	Button	Restore
         Close	ControlType.Button	Button	Close
         User Notifications Badge Control	ControlType.Custom	UserNotificationsBadge	UserNotificationsBadge
             User Notifications Badge	ControlType.Button	Button	UserNotificationsBadgeButton
                 4	ControlType.Text	Text	UserNotificationsCountLabel
                     4	ControlType.Text	TextBlock	
         	ControlType.Custom	SendASmileButton	Button_1
             Feedback	ControlType.Button	Button	Feedback
                 	ControlType.Image	Image	ButtonIcon
                 	ControlType.Image	Image	ButtonIconFeedback
         Quick Launch Control	ControlType.Custom	GlobalSearchControl	GlobalSearchControl
             Search Control	ControlType.Custom	SearchControl	SearchControl
                 Quick Launch (Ctrl+Q)	ControlType.Edit	TextBox	PART_SearchBox
                     	ControlType.ScrollBar	ScrollBar	VerticalScrollBar
                     	ControlType.ScrollBar	ScrollBar	HorizontalScrollBar
                 Search	ControlType.Button	Button	PART_SearchButton
                 Drop Down Button	ControlType.Button	Button	PART_SearchDropdownButton
     Connected User Information	ControlType.Custom	UserInformationCard	UserControl_1
         	ControlType.Image	Image	ErrorImage
         Sign in	ControlType.Text	TextBlock	TextBlock_1
             Sign in	ControlType.Hyperlink	Hyperlink	
         	ControlType.Text	TextBlock	DisplayName
         Show Connected User Information Card	ControlType.Button	Button	MoreInformationDropdown
         	ControlType.Image	Image	SignedOutImage
         	ControlType.Image	Image	UserImage
     MenuBar	ControlType.MenuBar	Menu	MenuBar
         File	ControlType.MenuItem	MenuItem	
         Edit	ControlType.MenuItem	MenuItem	
         View	ControlType.MenuItem	MenuItem	
         Project	ControlType.MenuItem	MenuItem	
         Build	ControlType.MenuItem	MenuItem	
         Debug	ControlType.MenuItem	MenuItem	
         Team	ControlType.MenuItem	MenuItem	
         Tools	ControlType.MenuItem	MenuItem	
         Architecture	ControlType.MenuItem	MenuItem	
         Test	ControlType.MenuItem	MenuItem	
         Analyze	ControlType.MenuItem	MenuItem	
         Window	ControlType.MenuItem	MenuItem	
         Help	ControlType.MenuItem	MenuItem	
     ToolBarDockTop	ControlType.Pane		
         Standard	ControlType.ToolBar	ToolBar	
             Navigate Backward	ControlType.Button	Button	
                 Navigate Backward	ControlType.Menu	Menu	
                     Navigate Backward	ControlType.MenuItem	MenuItem	PART_FocusTarget
             Navigate Forward	ControlType.Button	Button	
                 	ControlType.Image	Image	
                 Navigate _Forward	ControlType.Text	TextBlock	
             New Project	ControlType.Button	Button	
                 New Project	ControlType.Menu	Menu	
                     New Project	ControlType.MenuItem	MenuItem	PART_FocusTarget
             Open File...	ControlType.Button	Button	
                 	ControlType.Image	Image	
                 _Open File...	ControlType.Text	TextBlock	
             Save DragDropCopyCutPaste.sln	ControlType.Button	Button	
                 	ControlType.Image	Image	
                 _Save DragDropCopyCutPaste.sln	ControlType.Text	TextBlock	
             Save All	ControlType.Button	Button	
                 	ControlType.Image	Image	
                 Save A_ll	ControlType.Text	TextBlock	
             Undo	ControlType.Button	Button	
                 Undo	ControlType.Menu	Menu	
                     Undo	ControlType.SplitButton	VsSplitButton	PART_FocusTarget
                         Undo	ControlType.Button	Button	
                             	ControlType.Image	Image	
             Redo	ControlType.Button	Button	
                 Redo	ControlType.Menu	Menu	
                     Redo	ControlType.SplitButton	VsSplitButton	PART_FocusTarget
                         Redo	ControlType.Button	Button	
                             	ControlType.Image	Image	
             Solution Configurations	ControlType.Button	Button	
                 	ControlType.Button	Button	Label
                 Solution Configurations	ControlType.ComboBox	ComboBox	PART_FocusTarget
                     Debug	ControlType.ListItem	ListBoxItem	Debug
             Solution Platforms	ControlType.Button	Button	
                 	ControlType.Button	Button	Label
                 Solution Platforms	ControlType.ComboBox	ComboBox	PART_FocusTarget
                     Any CPU	ControlType.ListItem	ListBoxItem	Any CPU
             Debug Target	ControlType.Button	Button	
                 Debug Target	ControlType.Menu	Menu	
                     Debug Target	ControlType.MenuItem	MenuItem	PART_FocusTarget
             Browser Link	ControlType.Button	Button	
                 Browser Link	ControlType.Menu	Menu	
                     Browser Link	ControlType.MenuItem	MenuItem	PART_FocusTarget
             Find in Files	ControlType.Button	Button	
                 	ControlType.Image	Image	
                 F_ind in Files	ControlType.Text	TextBlock	
             Toolbar Options	ControlType.Button	Button	Toolbar Options
     ToolBarDockLeft	ControlType.Pane		
     	ControlType.Pane	DockRoot	
         	ControlType.Thumb	Thumb	SplitterGrip
         	ControlType.Thumb	Thumb	SplitterGrip
         	ControlType.Thumb	Thumb	SplitterGrip
         	ControlType.Thumb	Thumb	SplitterGrip
         	ControlType.Thumb	Thumb	SplitterGrip
         Output	ControlType.Pane	ViewPresenter	ST:0:0:{34e76e81-ee4a-11d0-ae2e-00a0c90fffc3}
             Output	ControlType.TitleBar	ToolWindowTitleBar	
                 Output	ControlType.TitleBar	DragUndockHeaderTitleBar	DragHeader
                     Hide	ControlType.Button	Button	HideButton
                     MaximizeRestore	ControlType.Button	Button	MaximizeRestoreButton
                     Auto Hide	ControlType.Button	Button	AutoHideButton
                     Window Menu	ControlType.Button	Button	DropDownMenuButton
                     Output	ControlType.Text	TextBlock	
                     *	ControlType.Text	TextBlock	DirtyIndicator
             Output	ControlType.Pane	GenericPane	
                 	ControlType.Custom		WpfTextViewHost
                     Text Editor	ControlType.Edit	WpfTextView	WpfTextView
                     Line Selection Margin	ControlType.Custom	SelectionMargin	SelectionMargin
                     	ControlType.ScrollBar	ScrollBar	WpfEditorUIVerticalScrollbar
                         M0,5 9,5 9,4 8,4  8,3 7,3 7,2 6,2 6,1 5,1 5,0 4,0 4,1 3,1 3,2 2,2 2,3 1,3, 1,4 0,4 Z	ControlType.Button	RepeatButton	LineUp
                         	ControlType.Button	RepeatButton	PageUp
                         	ControlType.Thumb	Thumb	
                         	ControlType.Button	RepeatButton	PageDown
                         M0,0 9,0 9,1 8,1 8,2 8,2 7,2 7,3 6,3 6,4 5,4 5,5 4,5 4,4 3,4 3,3 2,3 2,2 1,2 1,1 0,1 Z	ControlType.Button	RepeatButton	LineDown
                     	ControlType.ScrollBar	ScrollBar	WpfEditorUIHorizontalScrollbar
                         M5,0 5,9 4,9 4,8 3,8 3,7 2,7 2,6 1,6 1,5 0,5 0,4 1,4 1,3 2,3 2,2 3,2 3,1 4,1 4,0z	ControlType.Button	RepeatButton	LineLeft
                         	ControlType.Button	RepeatButton	PageLeft
                         	ControlType.Thumb	Thumb	
                         	ControlType.Button	RepeatButton	PageRight
                         M0,0 0,9 1,9 1,8 2,8 2,7 3,7 3,6 4,6 4,5 5,5 5,4 4,4 4,3 3,3 3,2 2,2 2,1 1,1 1,0z	ControlType.Button	RepeatButton	LineRight
             	ControlType.Pane		
                 Output Window	ControlType.ToolBar	ToolBar	
                     Show output from:	ControlType.Button	Button	
                         	ControlType.Button	Button	Label
                             _Show output from:	ControlType.Text	TextBlock	
                         Show output from:	ControlType.ComboBox	ComboBox	PART_FocusTarget
                             Build	ControlType.ListItem	ListBoxItem	Build
                     Go To Location	ControlType.Button	Button	
                         	ControlType.Image	Image	
                         _Go To Location	ControlType.Text	TextBlock	
                     Go To Previous Location	ControlType.Button	Button	
                         	ControlType.Image	Image	
                         Go To _Previous Location	ControlType.Text	TextBlock	
                     Go To Next Location	ControlType.Button	Button	
                         	ControlType.Image	Image	
                         Go To _Next Location	ControlType.Text	TextBlock	
                     Clear All	ControlType.Button	Button	
                         	ControlType.Image	Image	
                         Clear Al_l	ControlType.Text	TextBlock	
                     Toggle word wrap	ControlType.Button	Button	
                         	ControlType.Image	Image	
                         _Toggle word wrap	ControlType.Text	TextBlock	
                     Toolbar Options	ControlType.Button	Button	Toolbar Options
         	ControlType.Thumb	Thumb	SplitterGrip
         	ControlType.Thumb	Thumb	SplitterGrip
         Solution Explorer	ControlType.Pane	ToolWindowTabGroupContainer	TabGroup|ST:0:0:{3ae79031-e1bc-11d0-8f78-00a0c9110057}|ST:0:0:{131369f2-062d-44a2-8671-91ff31efb4f4}|ST:0:0:{c9c0ae26-aa77-11d2-b3f0-0000f87570ee}
             Solution Explorer	ControlType.TitleBar	ToolWindowTitleBar	PART_Header
                 TabGroup, Children = 14, VisibleChildren = 3, DockedWidth = 348.16, DockedHeight = 537.6	ControlType.TitleBar	DragUndockHeaderTitleBar	DragHeader
                     Hide	ControlType.Button	Button	HideButton
                     MaximizeRestore	ControlType.Button	Button	MaximizeRestoreButton
                     Auto Hide	ControlType.Button	Button	AutoHideButton
                     Window Menu	ControlType.Button	Button	DropDownMenuButton
                     Solution Explorer	ControlType.Text	TextBlock	
                     *	ControlType.Text	TextBlock	DirtyIndicator
             	ControlType.Tab	ToolWindowTabGroup	TabGroup|ST:0:0:{3ae79031-e1bc-11d0-8f78-00a0c9110057}|ST:0:0:{131369f2-062d-44a2-8671-91ff31efb4f4}|ST:0:0:{c9c0ae26-aa77-11d2-b3f0-0000f87570ee}
                 Solution Explorer	ControlType.TabItem	TabItem	TAB_ST:0:0:{3ae79031-e1bc-11d0-8f78-00a0c9110057}
                     Solution Explorer	ControlType.TitleBar	DragUndockHeaderTitleBar	
                         	ControlType.Image	Image	ToolTitleIcon
                         Solution Explorer	ControlType.Text	TextBlock	Text
                     Solution Explorer	ControlType.Pane	ViewPresenter	ST:0:0:{3ae79031-e1bc-11d0-8f78-00a0c9110057}
                         	ControlType.Pane		
                             Explorer	ControlType.ToolBar	ToolBar	
                                 Back	ControlType.Button	Button	
                                     	ControlType.Image	Image	
                                     Back	ControlType.Text	TextBlock	
                                 Forward	ControlType.Button	Button	
                                     	ControlType.Image	Image	
                                     Forward	ControlType.Text	TextBlock	
                                 Home	ControlType.Button	Button	
                                     	ControlType.Image	Image	
                                     Home	ControlType.Text	TextBlock	
                                 Filter Solution Explorer To	ControlType.Button	Button	
                                     Filter Solution Explorer To	ControlType.Menu	Menu	
                                         Filter Solution Explorer To	ControlType.MenuItem	MenuItem	PART_FocusTarget
                                 Sync with Active Document	ControlType.Button	Button	
                                     	ControlType.Image	Image	
                                     Sync with Active Document	ControlType.Text	TextBlock	
                                 Collapse All	ControlType.Button	Button	
                                     	ControlType.Image	Image	
                                     Collapse All	ControlType.Text	TextBlock	
                                 Properties	ControlType.Button	Button	
                                     	ControlType.Image	Image	
                                     P_roperties	ControlType.Text	TextBlock	
                                 Preview Selected Items	ControlType.Button	Button	
                                     	ControlType.Image	Image	
                                     Preview Selected Items	ControlType.Text	TextBlock	
                                 Show on Code Map	ControlType.Button	Button	
                                     	ControlType.Image	Image	
                                     Show on _Code Map	ControlType.Text	TextBlock	
                                 Toolbar Options	ControlType.Button	Button	Toolbar Options
                         Search Control	ControlType.Custom	SearchControl	SearchControl
                             Search Solution Explorer (Ctrl+;)	ControlType.Edit	TextBox	PART_SearchBox
                                 	ControlType.ScrollBar	ScrollBar	VerticalScrollBar
                                 	ControlType.ScrollBar	ScrollBar	HorizontalScrollBar
                             Search	ControlType.Button	Button	PART_SearchButton
                             Drop Down Button	ControlType.Button	Button	PART_SearchDropdownButton
                             Search Control Drop Down	ControlType.Custom	UserControl	PART_SearchPopupContent
                         Solution Explorer	ControlType.Pane	GenericPane	
                             Solution Explorer	ControlType.Tree	TreeView	SolutionExplorer
                                 Solution 'DragDropCopyCutPaste' ‎(1 project)	ControlType.TreeItem	TreeViewItem	
                                     DragDropCopyCutPaste	ControlType.TreeItem	TreeViewItem	
                                         npm	ControlType.TreeItem	TreeViewItem	
                                         CutRenamePaste (node)	ControlType.TreeItem	TreeViewItem	
                             	ControlType.ProgressBar	ProgressBar	
                 Team Explorer - Connect	ControlType.TabItem	TabItem	TAB_ST:0:0:{131369f2-062d-44a2-8671-91ff31efb4f4}
                     Team Explorer - Connect	ControlType.TitleBar	DragUndockHeaderTitleBar	
                         	ControlType.Image	Image	ToolTitleIcon
                         Team Explorer	ControlType.Text	TextBlock	Text
                 Class View	ControlType.TabItem	TabItem	TAB_ST:0:0:{c9c0ae26-aa77-11d2-b3f0-0000f87570ee}
                     Class View	ControlType.TitleBar	DragUndockHeaderTitleBar	
                         	ControlType.Image	Image	ToolTitleIcon
                         Class View	ControlType.Text	TextBlock	Text
         	ControlType.Thumb	Thumb	SplitterGrip
         Properties	ControlType.Pane	ViewPresenter	ST:0:0:{eefa5220-e298-11d0-8f78-00a0c9110057}
             Properties	ControlType.TitleBar	ToolWindowTitleBar	
                 Properties	ControlType.TitleBar	DragUndockHeaderTitleBar	DragHeader
                     Hide	ControlType.Button	Button	HideButton
                     MaximizeRestore	ControlType.Button	Button	MaximizeRestoreButton
                     Auto Hide	ControlType.Button	Button	AutoHideButton
                     Window Menu	ControlType.Button	Button	DropDownMenuButton
                     Properties	ControlType.Text	TextBlock	
                     *	ControlType.Text	TextBlock	DirtyIndicator
             	ControlType.Pane	HwndHost	
                 Properties	ControlType.Pane	GenericPane	
                     Property Browser	ControlType.Pane	WindowsForms10.Window.8.app.0.1b2cf09_r42_ad1	988654
                         Components	ControlType.ComboBox	WindowsForms10.COMBOBOX.app.0.1b2cf09_r42_ad1	1774630
                             Components	ControlType.List	ComboLBox	ListBox
                                 DragDropCopyCutPaste:Solution Properties	ControlType.ListItem		
                             Drop Down Button	ControlType.Button		DropDown
                         PropertyGrid	ControlType.Pane	WindowsForms10.Window.8.app.0.1b2cf09_r42_ad1	244060168
                             Description Pane	ControlType.Pane	WindowsForms10.Window.8.app.0.1b2cf09_r42_ad1	789280
                                 (Name)	ControlType.Text	WindowsForms10.STATIC.app.0.1b2cf09_r42_ad1	1250258
                                 The name of the solution file.	ControlType.Text	WindowsForms10.STATIC.app.0.1b2cf09_r42_ad1	594818
                             Properties Window	ControlType.Table	WindowsForms10.Window.8.app.0.1b2cf09_r42_ad1	529250
                                 Misc	ControlType.Custom		
                                 (Name)	ControlType.Custom		
                                 Active config	ControlType.Custom		
                                 Description	ControlType.Custom		
                                 Path	ControlType.Custom		
                                 Startup project	ControlType.Custom		
                             ToolBar	ControlType.ToolBar	WindowsForms10.Window.8.app.0.1b2cf09_r42_ad1	332640
                                 Categorized	ControlType.Button		
                                 Alphabetical	ControlType.Button		
                                 	ControlType.Separator		
                                 Property Pages	ControlType.Button		
     Server Explorer	ControlType.Button	Button	AUTOHIDE_ST:0:0:{74946827-37a0-11d2-a273-00c04f8ef4ff}
         	ControlType.Image	Image	ToolTitleIcon
         Server Explorer	ControlType.Text	TextBlock	Text
     Toolbox	ControlType.Button	Button	AUTOHIDE_ST:0:0:{b1e99781-ab81-11d0-b683-00aa00a3ee26}
         	ControlType.Image	Image	ToolTitleIcon
         Toolbox	ControlType.Text	TextBlock	Text
     ToolBarDockRight	ControlType.Pane		
     ToolBarDockBottom	ControlType.Pane		
     	ControlType.StatusBar	StatusBar	StatusBarContainer
         Node.js code analysis is up to date, analyzed 1 function(s) in 2 milliseconds	ControlType.Text	CompartmentAutomationPeer	TextCompartment
         	ControlType.Text	CompartmentAutomationPeer	LineColumnCharacterCompartment
         	ControlType.Text	CompartmentAutomationPeer	XYWidthHeightCompartment
         	ControlType.Text	CompartmentAutomationPeer	SelectionModeCompartment
         	ControlType.Text	CompartmentAutomationPeer	InsertionModeCompartment</StdOut>
        <ErrorInfo>
          <Message>Test method Microsoft.VisualStudioTools.SharedProjectTests.DragDropCopyCutPaste.CutRenamePaste threw exception: 
System.InvalidOperationException: Operation is not valid due to the current state of the object.</Message>
          <StackTrace>    at TestUtilities.UI.AutomationWrapper.CheckNullElement(ITreeNode element) in C:\src\nodejstools\Common\Tests\Utilities.UI\UI\AutomationWrapper.cs:line 230
   at TestUtilities.UI.AutomationWrapper.Select(ITreeNode selectionItem) in C:\src\nodejstools\Common\Tests\Utilities.UI\UI\AutomationWrapper.cs:line 262
   at Microsoft.VisualStudioTools.SharedProjectTests.DragDropCopyCutPaste.CutRenamePaste() in C:\src\nodejstools\Common\Tests\SharedProjectTests\DragDropCopyCutPaste.cs:line 153
</StackTrace>
        </ErrorInfo>
      </Output>
    </UnitTestResult>
    <UnitTestResult executionId="740832cf-4189-4123-a244-e41a344d9533" testId="4329b06d-f9b1-f48b-ad30-c1bb5d3d7da3" testName="CutDeletePaste" computerName="DESKTOP-RRA95A8" duration="00:00:13.9144264" startTime="2016-01-24T03:20:05.1687441-08:00" endTime="2016-01-24T03:20:21.6407739-08:00" testType="13cdc9d9-ddb5-4fa4-a97d-d965ccfc6d4b" outcome="Failed" testListId="8c84fa94-04c1-424b-9868-57a2d4851a1d" relativeResultsDirectory="740832cf-4189-4123-a244-e41a344d9533">
      <Output>
        <StdOut>Opening C:\src\nodejstools\TestResults\Itani_DESKTOP-RRA95A8 2016-01-24 02_34_51\Out\Temp\lnnlutuo.vyb\DragDropCopyCutPaste.sln
Failed to find Solution 'DragDropCopyCutPaste' (1 project)\DragDropCopyCutPaste\CutDeletePaste\CutDeletePaste.js
Name    ClassName      ControlType    AutomationID
 Solution Explorer	ControlType.Tree	TreeView	SolutionExplorer
     Solution 'DragDropCopyCutPaste' ‎(1 project)	ControlType.TreeItem	TreeViewItem	
         DragDropCopyCutPaste	ControlType.TreeItem	TreeViewItem	
             npm	ControlType.TreeItem	TreeViewItem	
             CutDeletePaste (node)	ControlType.TreeItem	TreeViewItem	
Attempting to invoke pattern on null node
Name    ClassName      ControlType    AutomationID
 DragDropCopyCutPaste - Microsoft Visual Studio - Experimental Instance	ControlType.Window	Window	VisualStudioMainWindow
     DragDropCopyCutPaste - Microsoft Visual Studio - Experimental Instance	ControlType.TitleBar		TitleBar
         System Menu Bar	ControlType.MenuBar		SystemMenuBar
             System	ControlType.MenuItem		Item 1
         Minimize	ControlType.Button		Minimize
         Restore	ControlType.Button		Restore
         Close	ControlType.Button		Close
     DragDropCopyCutPaste - Microsoft Visual Studio - Experimental Instance	ControlType.TitleBar		TitleBar
         Minimize	ControlType.Button	Button	Minimize
         Restore	ControlType.Button	Button	Restore
         Close	ControlType.Button	Button	Close
         User Notifications Badge Control	ControlType.Custom	UserNotificationsBadge	UserNotificationsBadge
             User Notifications Badge	ControlType.Button	Button	UserNotificationsBadgeButton
                 4	ControlType.Text	Text	UserNotificationsCountLabel
                     4	ControlType.Text	TextBlock	
         	ControlType.Custom	SendASmileButton	Button_1
             Feedback	ControlType.Button	Button	Feedback
                 	ControlType.Image	Image	ButtonIcon
                 	ControlType.Image	Image	ButtonIconFeedback
         Quick Launch Control	ControlType.Custom	GlobalSearchControl	GlobalSearchControl
             Search Control	ControlType.Custom	SearchControl	SearchControl
                 Quick Launch (Ctrl+Q)	ControlType.Edit	TextBox	PART_SearchBox
                     	ControlType.ScrollBar	ScrollBar	VerticalScrollBar
                     	ControlType.ScrollBar	ScrollBar	HorizontalScrollBar
                 Search	ControlType.Button	Button	PART_SearchButton
                 Drop Down Button	ControlType.Button	Button	PART_SearchDropdownButton
     Connected User Information	ControlType.Custom	UserInformationCard	UserControl_1
         	ControlType.Image	Image	ErrorImage
         Sign in	ControlType.Text	TextBlock	TextBlock_1
             Sign in	ControlType.Hyperlink	Hyperlink	
         	ControlType.Text	TextBlock	DisplayName
         Show Connected User Information Card	ControlType.Button	Button	MoreInformationDropdown
         	ControlType.Image	Image	SignedOutImage
         	ControlType.Image	Image	UserImage
     MenuBar	ControlType.MenuBar	Menu	MenuBar
         File	ControlType.MenuItem	MenuItem	
         Edit	ControlType.MenuItem	MenuItem	
         View	ControlType.MenuItem	MenuItem	
         Project	ControlType.MenuItem	MenuItem	
         Build	ControlType.MenuItem	MenuItem	
         Debug	ControlType.MenuItem	MenuItem	
         Team	ControlType.MenuItem	MenuItem	
         Tools	ControlType.MenuItem	MenuItem	
         Architecture	ControlType.MenuItem	MenuItem	
         Test	ControlType.MenuItem	MenuItem	
         Analyze	ControlType.MenuItem	MenuItem	
         Window	ControlType.MenuItem	MenuItem	
         Help	ControlType.MenuItem	MenuItem	
     ToolBarDockTop	ControlType.Pane		
         Standard	ControlType.ToolBar	ToolBar	
             Navigate Backward	ControlType.Button	Button	
                 Navigate Backward	ControlType.Menu	Menu	
                     Navigate Backward	ControlType.MenuItem	MenuItem	PART_FocusTarget
             Navigate Forward	ControlType.Button	Button	
                 	ControlType.Image	Image	
                 Navigate _Forward	ControlType.Text	TextBlock	
             New Project	ControlType.Button	Button	
                 New Project	ControlType.Menu	Menu	
                     New Project	ControlType.MenuItem	MenuItem	PART_FocusTarget
             Open File...	ControlType.Button	Button	
                 	ControlType.Image	Image	
                 _Open File...	ControlType.Text	TextBlock	
             Save DragDropCopyCutPaste.sln	ControlType.Button	Button	
                 	ControlType.Image	Image	
                 _Save DragDropCopyCutPaste.sln	ControlType.Text	TextBlock	
             Save All	ControlType.Button	Button	
                 	ControlType.Image	Image	
                 Save A_ll	ControlType.Text	TextBlock	
             Undo	ControlType.Button	Button	
                 Undo	ControlType.Menu	Menu	
                     Undo	ControlType.SplitButton	VsSplitButton	PART_FocusTarget
                         Undo	ControlType.Button	Button	
                             	ControlType.Image	Image	
             Redo	ControlType.Button	Button	
                 Redo	ControlType.Menu	Menu	
                     Redo	ControlType.SplitButton	VsSplitButton	PART_FocusTarget
                         Redo	ControlType.Button	Button	
                             	ControlType.Image	Image	
             Solution Configurations	ControlType.Button	Button	
                 	ControlType.Button	Button	Label
                 Solution Configurations	ControlType.ComboBox	ComboBox	PART_FocusTarget
                     Debug	ControlType.ListItem	ListBoxItem	Debug
             Solution Platforms	ControlType.Button	Button	
                 	ControlType.Button	Button	Label
                 Solution Platforms	ControlType.ComboBox	ComboBox	PART_FocusTarget
                     Any CPU	ControlType.ListItem	ListBoxItem	Any CPU
             Debug Target	ControlType.Button	Button	
                 Debug Target	ControlType.Menu	Menu	
                     Debug Target	ControlType.MenuItem	MenuItem	PART_FocusTarget
             Browser Link	ControlType.Button	Button	
                 Browser Link	ControlType.Menu	Menu	
                     Browser Link	ControlType.MenuItem	MenuItem	PART_FocusTarget
             Find in Files	ControlType.Button	Button	
                 	ControlType.Image	Image	
                 F_ind in Files	ControlType.Text	TextBlock	
             Toolbar Options	ControlType.Button	Button	Toolbar Options
     ToolBarDockLeft	ControlType.Pane		
     	ControlType.Pane	DockRoot	
         	ControlType.Thumb	Thumb	SplitterGrip
         	ControlType.Thumb	Thumb	SplitterGrip
         	ControlType.Thumb	Thumb	SplitterGrip
         	ControlType.Thumb	Thumb	SplitterGrip
         	ControlType.Thumb	Thumb	SplitterGrip
         Output	ControlType.Pane	ViewPresenter	ST:0:0:{34e76e81-ee4a-11d0-ae2e-00a0c90fffc3}
             Output	ControlType.TitleBar	ToolWindowTitleBar	
                 Output	ControlType.TitleBar	DragUndockHeaderTitleBar	DragHeader
                     Hide	ControlType.Button	Button	HideButton
                     MaximizeRestore	ControlType.Button	Button	MaximizeRestoreButton
                     Auto Hide	ControlType.Button	Button	AutoHideButton
                     Window Menu	ControlType.Button	Button	DropDownMenuButton
                     Output	ControlType.Text	TextBlock	
                     *	ControlType.Text	TextBlock	DirtyIndicator
             Output	ControlType.Pane	GenericPane	
                 	ControlType.Custom		WpfTextViewHost
                     Text Editor	ControlType.Edit	WpfTextView	WpfTextView
                     Line Selection Margin	ControlType.Custom	SelectionMargin	SelectionMargin
                     	ControlType.ScrollBar	ScrollBar	WpfEditorUIVerticalScrollbar
                         M0,5 9,5 9,4 8,4  8,3 7,3 7,2 6,2 6,1 5,1 5,0 4,0 4,1 3,1 3,2 2,2 2,3 1,3, 1,4 0,4 Z	ControlType.Button	RepeatButton	LineUp
                         	ControlType.Button	RepeatButton	PageUp
                         	ControlType.Thumb	Thumb	
                         	ControlType.Button	RepeatButton	PageDown
                         M0,0 9,0 9,1 8,1 8,2 8,2 7,2 7,3 6,3 6,4 5,4 5,5 4,5 4,4 3,4 3,3 2,3 2,2 1,2 1,1 0,1 Z	ControlType.Button	RepeatButton	LineDown
                     	ControlType.ScrollBar	ScrollBar	WpfEditorUIHorizontalScrollbar
                         M5,0 5,9 4,9 4,8 3,8 3,7 2,7 2,6 1,6 1,5 0,5 0,4 1,4 1,3 2,3 2,2 3,2 3,1 4,1 4,0z	ControlType.Button	RepeatButton	LineLeft
                         	ControlType.Button	RepeatButton	PageLeft
                         	ControlType.Thumb	Thumb	
                         	ControlType.Button	RepeatButton	PageRight
                         M0,0 0,9 1,9 1,8 2,8 2,7 3,7 3,6 4,6 4,5 5,5 5,4 4,4 4,3 3,3 3,2 2,2 2,1 1,1 1,0z	ControlType.Button	RepeatButton	LineRight
             	ControlType.Pane		
                 Output Window	ControlType.ToolBar	ToolBar	
                     Show output from:	ControlType.Button	Button	
                         	ControlType.Button	Button	Label
                             _Show output from:	ControlType.Text	TextBlock	
                         Show output from:	ControlType.ComboBox	ComboBox	PART_FocusTarget
                             Build	ControlType.ListItem	ListBoxItem	Build
                     Go To Location	ControlType.Button	Button	
                         	ControlType.Image	Image	
                         _Go To Location	ControlType.Text	TextBlock	
                     Go To Previous Location	ControlType.Button	Button	
                         	ControlType.Image	Image	
                         Go To _Previous Location	ControlType.Text	TextBlock	
                     Go To Next Location	ControlType.Button	Button	
                         	ControlType.Image	Image	
                         Go To _Next Location	ControlType.Text	TextBlock	
                     Clear All	ControlType.Button	Button	
                         	ControlType.Image	Image	
                         Clear Al_l	ControlType.Text	TextBlock	
                     Toggle word wrap	ControlType.Button	Button	
                         	ControlType.Image	Image	
                         _Toggle word wrap	ControlType.Text	TextBlock	
                     Toolbar Options	ControlType.Button	Button	Toolbar Options
         	ControlType.Thumb	Thumb	SplitterGrip
         	ControlType.Thumb	Thumb	SplitterGrip
         Solution Explorer	ControlType.Pane	ToolWindowTabGroupContainer	TabGroup|ST:0:0:{3ae79031-e1bc-11d0-8f78-00a0c9110057}|ST:0:0:{131369f2-062d-44a2-8671-91ff31efb4f4}|ST:0:0:{c9c0ae26-aa77-11d2-b3f0-0000f87570ee}
             Solution Explorer	ControlType.TitleBar	ToolWindowTitleBar	PART_Header
                 TabGroup, Children = 14, VisibleChildren = 3, DockedWidth = 348.16, DockedHeight = 537.6	ControlType.TitleBar	DragUndockHeaderTitleBar	DragHeader
                     Hide	ControlType.Button	Button	HideButton
                     MaximizeRestore	ControlType.Button	Button	MaximizeRestoreButton
                     Auto Hide	ControlType.Button	Button	AutoHideButton
                     Window Menu	ControlType.Button	Button	DropDownMenuButton
                     Solution Explorer	ControlType.Text	TextBlock	
                     *	ControlType.Text	TextBlock	DirtyIndicator
             	ControlType.Tab	ToolWindowTabGroup	TabGroup|ST:0:0:{3ae79031-e1bc-11d0-8f78-00a0c9110057}|ST:0:0:{131369f2-062d-44a2-8671-91ff31efb4f4}|ST:0:0:{c9c0ae26-aa77-11d2-b3f0-0000f87570ee}
                 Solution Explorer	ControlType.TabItem	TabItem	TAB_ST:0:0:{3ae79031-e1bc-11d0-8f78-00a0c9110057}
                     Solution Explorer	ControlType.TitleBar	DragUndockHeaderTitleBar	
                         	ControlType.Image	Image	ToolTitleIcon
                         Solution Explorer	ControlType.Text	TextBlock	Text
                     Solution Explorer	ControlType.Pane	ViewPresenter	ST:0:0:{3ae79031-e1bc-11d0-8f78-00a0c9110057}
                         	ControlType.Pane		
                             Explorer	ControlType.ToolBar	ToolBar	
                                 Back	ControlType.Button	Button	
                                     	ControlType.Image	Image	
                                     Back	ControlType.Text	TextBlock	
                                 Forward	ControlType.Button	Button	
                                     	ControlType.Image	Image	
                                     Forward	ControlType.Text	TextBlock	
                                 Home	ControlType.Button	Button	
                                     	ControlType.Image	Image	
                                     Home	ControlType.Text	TextBlock	
                                 Filter Solution Explorer To	ControlType.Button	Button	
                                     Filter Solution Explorer To	ControlType.Menu	Menu	
                                         Filter Solution Explorer To	ControlType.MenuItem	MenuItem	PART_FocusTarget
                                 Sync with Active Document	ControlType.Button	Button	
                                     	ControlType.Image	Image	
                                     Sync with Active Document	ControlType.Text	TextBlock	
                                 Collapse All	ControlType.Button	Button	
                                     	ControlType.Image	Image	
                                     Collapse All	ControlType.Text	TextBlock	
                                 Properties	ControlType.Button	Button	
                                     	ControlType.Image	Image	
                                     P_roperties	ControlType.Text	TextBlock	
                                 Preview Selected Items	ControlType.Button	Button	
                                     	ControlType.Image	Image	
                                     Preview Selected Items	ControlType.Text	TextBlock	
                                 Show on Code Map	ControlType.Button	Button	
                                     	ControlType.Image	Image	
                                     Show on _Code Map	ControlType.Text	TextBlock	
                                 Toolbar Options	ControlType.Button	Button	Toolbar Options
                         Search Control	ControlType.Custom	SearchControl	SearchControl
                             Search Solution Explorer (Ctrl+;)	ControlType.Edit	TextBox	PART_SearchBox
                                 	ControlType.ScrollBar	ScrollBar	VerticalScrollBar
                                 	ControlType.ScrollBar	ScrollBar	HorizontalScrollBar
                             Search	ControlType.Button	Button	PART_SearchButton
                             Drop Down Button	ControlType.Button	Button	PART_SearchDropdownButton
                             Search Control Drop Down	ControlType.Custom	UserControl	PART_SearchPopupContent
                         Solution Explorer	ControlType.Pane	GenericPane	
                             Solution Explorer	ControlType.Tree	TreeView	SolutionExplorer
                                 Solution 'DragDropCopyCutPaste' ‎(1 project)	ControlType.TreeItem	TreeViewItem	
                                     DragDropCopyCutPaste	ControlType.TreeItem	TreeViewItem	
                                         npm	ControlType.TreeItem	TreeViewItem	
                                         CutDeletePaste (node)	ControlType.TreeItem	TreeViewItem	
                             	ControlType.ProgressBar	ProgressBar	
                 Team Explorer - Connect	ControlType.TabItem	TabItem	TAB_ST:0:0:{131369f2-062d-44a2-8671-91ff31efb4f4}
                     Team Explorer - Connect	ControlType.TitleBar	DragUndockHeaderTitleBar	
                         	ControlType.Image	Image	ToolTitleIcon
                         Team Explorer	ControlType.Text	TextBlock	Text
                 Class View	ControlType.TabItem	TabItem	TAB_ST:0:0:{c9c0ae26-aa77-11d2-b3f0-0000f87570ee}
                     Class View	ControlType.TitleBar	DragUndockHeaderTitleBar	
                         	ControlType.Image	Image	ToolTitleIcon
                         Class View	ControlType.Text	TextBlock	Text
         	ControlType.Thumb	Thumb	SplitterGrip
         Properties	ControlType.Pane	ViewPresenter	ST:0:0:{eefa5220-e298-11d0-8f78-00a0c9110057}
             Properties	ControlType.TitleBar	ToolWindowTitleBar	
                 Properties	ControlType.TitleBar	DragUndockHeaderTitleBar	DragHeader
                     Hide	ControlType.Button	Button	HideButton
                     MaximizeRestore	ControlType.Button	Button	MaximizeRestoreButton
                     Auto Hide	ControlType.Button	Button	AutoHideButton
                     Window Menu	ControlType.Button	Button	DropDownMenuButton
                     Properties	ControlType.Text	TextBlock	
                     *	ControlType.Text	TextBlock	DirtyIndicator
             	ControlType.Pane	HwndHost	
                 Properties	ControlType.Pane	GenericPane	
                     Property Browser	ControlType.Pane	WindowsForms10.Window.8.app.0.1b2cf09_r42_ad1	988654
                         Components	ControlType.ComboBox	WindowsForms10.COMBOBOX.app.0.1b2cf09_r42_ad1	1774630
                             Components	ControlType.List	ComboLBox	ListBox
                                 DragDropCopyCutPaste:Solution Properties	ControlType.ListItem		
                             Drop Down Button	ControlType.Button		DropDown
                         PropertyGrid	ControlType.Pane	WindowsForms10.Window.8.app.0.1b2cf09_r42_ad1	244060168
                             Description Pane	ControlType.Pane	WindowsForms10.Window.8.app.0.1b2cf09_r42_ad1	789280
                                 (Name)	ControlType.Text	WindowsForms10.STATIC.app.0.1b2cf09_r42_ad1	1250258
                                 The name of the solution file.	ControlType.Text	WindowsForms10.STATIC.app.0.1b2cf09_r42_ad1	594818
                             Properties Window	ControlType.Table	WindowsForms10.Window.8.app.0.1b2cf09_r42_ad1	529250
                                 Misc	ControlType.Custom		
                                 (Name)	ControlType.Custom		
                                 Active config	ControlType.Custom		
                                 Description	ControlType.Custom		
                                 Path	ControlType.Custom		
                                 Startup project	ControlType.Custom		
                             ToolBar	ControlType.ToolBar	WindowsForms10.Window.8.app.0.1b2cf09_r42_ad1	332640
                                 Categorized	ControlType.Button		
                                 Alphabetical	ControlType.Button		
                                 	ControlType.Separator		
                                 Property Pages	ControlType.Button		
     Server Explorer	ControlType.Button	Button	AUTOHIDE_ST:0:0:{74946827-37a0-11d2-a273-00c04f8ef4ff}
         	ControlType.Image	Image	ToolTitleIcon
         Server Explorer	ControlType.Text	TextBlock	Text
     Toolbox	ControlType.Button	Button	AUTOHIDE_ST:0:0:{b1e99781-ab81-11d0-b683-00aa00a3ee26}
         	ControlType.Image	Image	ToolTitleIcon
         Toolbox	ControlType.Text	TextBlock	Text
     ToolBarDockRight	ControlType.Pane		
     ToolBarDockBottom	ControlType.Pane		
     	ControlType.StatusBar	StatusBar	StatusBarContainer
         Node.js code analysis is up to date, analyzed 1 function(s) in 4 milliseconds	ControlType.Text	CompartmentAutomationPeer	TextCompartment
         	ControlType.Text	CompartmentAutomationPeer	LineColumnCharacterCompartment
         	ControlType.Text	CompartmentAutomationPeer	XYWidthHeightCompartment
         	ControlType.Text	CompartmentAutomationPeer	SelectionModeCompartment
         	ControlType.Text	CompartmentAutomationPeer	InsertionModeCompartment</StdOut>
        <ErrorInfo>
          <Message>Test method Microsoft.VisualStudioTools.SharedProjectTests.DragDropCopyCutPaste.CutDeletePaste threw exception: 
System.InvalidOperationException: Operation is not valid due to the current state of the object.</Message>
          <StackTrace>    at TestUtilities.UI.AutomationWrapper.CheckNullElement(ITreeNode element) in C:\src\nodejstools\Common\Tests\Utilities.UI\UI\AutomationWrapper.cs:line 230
   at TestUtilities.UI.AutomationWrapper.Select(ITreeNode selectionItem) in C:\src\nodejstools\Common\Tests\Utilities.UI\UI\AutomationWrapper.cs:line 262
   at Microsoft.VisualStudioTools.SharedProjectTests.DragDropCopyCutPaste.CutDeletePaste() in C:\src\nodejstools\Common\Tests\SharedProjectTests\DragDropCopyCutPaste.cs:line 189
</StackTrace>
        </ErrorInfo>
      </Output>
    </UnitTestResult>
    <UnitTestResult executionId="e29c92a6-5987-4d1c-b1bd-c9e7c6c1b163" testId="dabd5024-1395-97c6-2d61-13289b9c3769" testName="CopyFileToFolderTooLongKeyboard" computerName="DESKTOP-RRA95A8" duration="00:00:06.8045205" startTime="2016-01-24T03:20:21.6486250-08:00" endTime="2016-01-24T03:20:28.9414470-08:00" testType="13cdc9d9-ddb5-4fa4-a97d-d965ccfc6d4b" outcome="Passed" testListId="8c84fa94-04c1-424b-9868-57a2d4851a1d" relativeResultsDirectory="e29c92a6-5987-4d1c-b1bd-c9e7c6c1b163">
      <Output>
        <StdOut>Opening C:\src\nodejstools\TestResults\Itani_DESKTOP-RRA95A8 2016-01-24 02_34_51\Out\Temp\ndsai1cs.aqtXXXXXXXXXXXXXXXXXXXXXXXXXXXXXXXXXXXXXXXXXXXXXXXXXXXXXXXXXXXXXXXXXXXXXXXXXXXXXXXXXXXXXXXXXXXXXXXXXXXXXXXXXXXXXXXXXXXXXXXXXXXXXXXXXXXXXXXXX\LongFileNames.sln
Ending dialog: 
Name    ClassName      ControlType    AutomationID
 Microsoft Visual Studio	ControlType.Window	#32770	
     OK	ControlType.Button	Button	2
     	ControlType.Image	Static	20
     The filename or extension is too long.	ControlType.Text	Static	65535
     Microsoft Visual Studio	ControlType.TitleBar		TitleBar
         System Menu Bar	ControlType.MenuBar		SystemMenuBar
             System	ControlType.MenuItem		Item 1
         Close	ControlType.Button		Close
--------</StdOut>
      </Output>
    </UnitTestResult>
    <UnitTestResult executionId="fb42ae2a-3323-42d5-a665-1073a4fe4e28" testId="3b2ff5a4-6c48-f812-7e65-c84bc219ba70" testName="CopyFileToFolderTooLongMouse" computerName="DESKTOP-RRA95A8" duration="00:00:05.2319630" startTime="2016-01-24T03:20:28.9504697-08:00" endTime="2016-01-24T03:20:35.5091080-08:00" testType="13cdc9d9-ddb5-4fa4-a97d-d965ccfc6d4b" outcome="Passed" testListId="8c84fa94-04c1-424b-9868-57a2d4851a1d" relativeResultsDirectory="fb42ae2a-3323-42d5-a665-1073a4fe4e28">
      <Output>
        <StdOut>Opening C:\src\nodejstools\TestResults\Itani_DESKTOP-RRA95A8 2016-01-24 02_34_51\Out\Temp\50gamvga.supXXXXXXXXXXXXXXXXXXXXXXXXXXXXXXXXXXXXXXXXXXXXXXXXXXXXXXXXXXXXXXXXXXXXXXXXXXXXXXXXXXXXXXXXXXXXXXXXXXXXXXXXXXXXXXXXXXXXXXXXXXXXXXXXXXXXXXXXX\LongFileNames.sln
Ending dialog: 
Name    ClassName      ControlType    AutomationID
 Microsoft Visual Studio	ControlType.Window	#32770	
     OK	ControlType.Button	Button	2
     	ControlType.Image	Static	20
     The filename or extension is too long.	ControlType.Text	Static	65535
     Microsoft Visual Studio	ControlType.TitleBar		TitleBar
         System Menu Bar	ControlType.MenuBar		SystemMenuBar
             System	ControlType.MenuItem		Item 1
         Close	ControlType.Button		Close
--------</StdOut>
      </Output>
    </UnitTestResult>
    <UnitTestResult executionId="76d8c373-11b2-45df-8188-99b008acfdbc" testId="4d9908dd-e74d-bbb3-82a4-bf3a2b8ad796" testName="CutFileToFolderTooLongKeyboard" computerName="DESKTOP-RRA95A8" duration="00:00:07.5229632" startTime="2016-01-24T03:20:35.5146223-08:00" endTime="2016-01-24T03:20:43.5265069-08:00" testType="13cdc9d9-ddb5-4fa4-a97d-d965ccfc6d4b" outcome="Passed" testListId="8c84fa94-04c1-424b-9868-57a2d4851a1d" relativeResultsDirectory="76d8c373-11b2-45df-8188-99b008acfdbc">
      <Output>
        <StdOut>Opening C:\src\nodejstools\TestResults\Itani_DESKTOP-RRA95A8 2016-01-24 02_34_51\Out\Temp\tsbx3dg5.0vnXXXXXXXXXXXXXXXXXXXXXXXXXXXXXXXXXXXXXXXXXXXXXXXXXXXXXXXXXXXXXXXXXXXXXXXXXXXXXXXXXXXXXXXXXXXXXXXXXXXXXXXXXXXXXXXXXXXXXXXXXXXXXXXXXXXXXXXXX\LongFileNames.sln
Ending dialog: 
Name    ClassName      ControlType    AutomationID
 Microsoft Visual Studio	ControlType.Window	#32770	
     OK	ControlType.Button	Button	2
     	ControlType.Image	Static	20
     The filename or extension is too long.	ControlType.Text	Static	65535
     Microsoft Visual Studio	ControlType.TitleBar		TitleBar
         System Menu Bar	ControlType.MenuBar		SystemMenuBar
             System	ControlType.MenuItem		Item 1
         Close	ControlType.Button		Close
--------</StdOut>
      </Output>
    </UnitTestResult>
    <UnitTestResult executionId="263403fc-6963-4876-9711-0f94153292dc" testId="889c4733-0b33-de07-996d-a376737ac3c7" testName="CutFileToFolderTooLongMouse" computerName="DESKTOP-RRA95A8" duration="00:00:07.5321667" startTime="2016-01-24T03:20:43.5310157-08:00" endTime="2016-01-24T03:20:51.5763328-08:00" testType="13cdc9d9-ddb5-4fa4-a97d-d965ccfc6d4b" outcome="Passed" testListId="8c84fa94-04c1-424b-9868-57a2d4851a1d" relativeResultsDirectory="263403fc-6963-4876-9711-0f94153292dc">
      <Output>
        <StdOut>Opening C:\src\nodejstools\TestResults\Itani_DESKTOP-RRA95A8 2016-01-24 02_34_51\Out\Temp\e0vy32n4.xuuXXXXXXXXXXXXXXXXXXXXXXXXXXXXXXXXXXXXXXXXXXXXXXXXXXXXXXXXXXXXXXXXXXXXXXXXXXXXXXXXXXXXXXXXXXXXXXXXXXXXXXXXXXXXXXXXXXXXXXXXXXXXXXXXXXXXXXXXX\LongFileNames.sln
Ending dialog: 
Name    ClassName      ControlType    AutomationID
 Microsoft Visual Studio	ControlType.Window	#32770	
     OK	ControlType.Button	Button	2
     	ControlType.Image	Static	20
     The filename or extension is too long.	ControlType.Text	Static	65535
     Microsoft Visual Studio	ControlType.TitleBar		TitleBar
         System Menu Bar	ControlType.MenuBar		SystemMenuBar
             System	ControlType.MenuItem		Item 1
         Close	ControlType.Button		Close
--------</StdOut>
      </Output>
    </UnitTestResult>
    <UnitTestResult executionId="a5053989-77f9-4900-ba31-384acb935367" testId="f4c5d3f2-220f-b4c7-0a3c-877864ebe76c" testName="CutRenamePasteFolder" computerName="DESKTOP-RRA95A8" duration="00:00:05.4037763" startTime="2016-01-24T03:20:51.5828494-08:00" endTime="2016-01-24T03:20:58.3092106-08:00" testType="13cdc9d9-ddb5-4fa4-a97d-d965ccfc6d4b" outcome="Passed" testListId="8c84fa94-04c1-424b-9868-57a2d4851a1d" relativeResultsDirectory="a5053989-77f9-4900-ba31-384acb935367">
      <Output>
        <StdOut>Opening C:\src\nodejstools\TestResults\Itani_DESKTOP-RRA95A8 2016-01-24 02_34_51\Out\Temp\r1sejtu2.gmf\DragDropCopyCutPaste.sln
Ending dialog: 
Name    ClassName      ControlType    AutomationID
 Microsoft Visual Studio	ControlType.Window	#32770	
     OK	ControlType.Button	Button	2
     	ControlType.Image	Static	20
     The source URL 'CutRenamePasteFolder' could not be found.	ControlType.Text	Static	65535
     Microsoft Visual Studio	ControlType.TitleBar		TitleBar
         System Menu Bar	ControlType.MenuBar		SystemMenuBar
             System	ControlType.MenuItem		Item 1
         Close	ControlType.Button		Close
--------</StdOut>
      </Output>
    </UnitTestResult>
    <UnitTestResult executionId="d5d76542-292e-411d-95bb-a3f9f89cd71e" testId="6e1382ee-e839-f8ef-b0af-40097ef6b25d" testName="CopiedBeforeDragPastedAfterDrop" computerName="DESKTOP-RRA95A8" duration="00:00:17.7744945" startTime="2016-01-24T03:20:58.3133587-08:00" endTime="2016-01-24T03:21:16.5285031-08:00" testType="13cdc9d9-ddb5-4fa4-a97d-d965ccfc6d4b" outcome="Failed" testListId="8c84fa94-04c1-424b-9868-57a2d4851a1d" relativeResultsDirectory="d5d76542-292e-411d-95bb-a3f9f89cd71e">
      <Output>
        <StdOut>Opening C:\src\nodejstools\TestResults\Itani_DESKTOP-RRA95A8 2016-01-24 02_34_51\Out\Temp\bgmih0t2.gku\DragDropCopyCutPaste.sln
Failed to find Solution 'DragDropCopyCutPaste' (1 project)\DragDropCopyCutPaste\PasteFolder\CopiedBeforeDragPastedAfterDrop.js
Name    ClassName      ControlType    AutomationID
 Solution Explorer	ControlType.Tree	TreeView	SolutionExplorer
     Solution 'DragDropCopyCutPaste' ‎(1 project)	ControlType.TreeItem	TreeViewItem	
         DragDropCopyCutPaste	ControlType.TreeItem	TreeViewItem	
             npm	ControlType.TreeItem	TreeViewItem	
             DragDuringCopyDestination (node)	ControlType.TreeItem	TreeViewItem	
                 DragAndDroppedDuringCopy.js	ControlType.TreeItem	TreeViewItem	
             PasteFolder (node)	ControlType.TreeItem	TreeViewItem	
                 CopiedBeforeDragPastedAfterDrop.js	ControlType.TreeItem	TreeViewItem	
             CopiedBeforeDragPastedAfterDrop.js	ControlType.TreeItem	TreeViewItem</StdOut>
        <ErrorInfo>
          <Message>Assert.IsNotNull failed. Item not found in solution explorer Solution 'DragDropCopyCutPaste' (1 project)\DragDropCopyCutPaste\PasteFolder\CopiedBeforeDragPastedAfterDrop.js
Item missing at: Solution 'DragDropCopyCutPaste' (1 project)\DragDropCopyCutPaste\PasteFolder</Message>
          <StackTrace>   at TestUtilities.UI.SolutionExplorerTree.AssertItemExistsInTree(String[] path) in C:\src\nodejstools\Common\Tests\Utilities.UI\UI\SolutionExplorerTree.cs:line 89
   at TestUtilities.UI.SolutionExplorerTree.AssertFileExists(String projectLocation, String[] path) in C:\src\nodejstools\Common\Tests\Utilities.UI\UI\SolutionExplorerTree.cs:line 28
   at TestUtilities.UI.VisualStudioInstance.AssertFileExists(String[] path) in C:\src\nodejstools\Common\Tests\Utilities.UI\UI\VisualStudioInstance.cs:line 215
   at Microsoft.VisualStudioTools.SharedProjectTests.DragDropCopyCutPaste.CopiedBeforeDragPastedAfterDrop() in C:\src\nodejstools\Common\Tests\SharedProjectTests\DragDropCopyCutPaste.cs:line 394
</StackTrace>
        </ErrorInfo>
      </Output>
    </UnitTestResult>
    <UnitTestResult executionId="ae729f3d-4a6c-473b-adae-d259428ac57a" testId="8fa87d9c-39f7-61a1-5547-38f77964b684" testName="DragToAnotherProjectKeyboard" computerName="DESKTOP-RRA95A8" duration="00:00:16.6821610" startTime="2016-01-24T03:21:16.5334029-08:00" endTime="2016-01-24T03:21:33.7560011-08:00" testType="13cdc9d9-ddb5-4fa4-a97d-d965ccfc6d4b" outcome="Failed" testListId="8c84fa94-04c1-424b-9868-57a2d4851a1d" relativeResultsDirectory="ae729f3d-4a6c-473b-adae-d259428ac57a">
      <Output>
        <StdOut>Opening C:\src\nodejstools\TestResults\Itani_DESKTOP-RRA95A8 2016-01-24 02_34_51\Out\Temp\yhn31xmc.s4w\DragDropCopyCutPaste.sln
Failed to find Solution 'DragDropCopyCutPaste' (2 projects)\DragDropCopyCutPaste\!Source\DraggedToOtherProject.js
Name    ClassName      ControlType    AutomationID
 Solution Explorer	ControlType.Tree	TreeView	SolutionExplorer
     Solution 'DragDropCopyCutPaste' ‎(2 projects)	ControlType.TreeItem	TreeViewItem	
         ConsoleApplication1	ControlType.TreeItem	TreeViewItem	
             References	ControlType.TreeItem	TreeViewItem	
             DraggedToOtherProject	ControlType.TreeItem	TreeViewItem	
         DragDropCopyCutPaste	ControlType.TreeItem	TreeViewItem	
             npm	ControlType.TreeItem	TreeViewItem	
             !Source (node)	ControlType.TreeItem	TreeViewItem	
Attempting to invoke pattern on null node
Name    ClassName      ControlType    AutomationID
 DragDropCopyCutPaste - Microsoft Visual Studio - Experimental Instance	ControlType.Window	Window	VisualStudioMainWindow
     DragDropCopyCutPaste - Microsoft Visual Studio - Experimental Instance	ControlType.TitleBar		TitleBar
         System Menu Bar	ControlType.MenuBar		SystemMenuBar
             System	ControlType.MenuItem		Item 1
         Minimize	ControlType.Button		Minimize
         Restore	ControlType.Button		Restore
         Close	ControlType.Button		Close
     DragDropCopyCutPaste - Microsoft Visual Studio - Experimental Instance	ControlType.TitleBar		TitleBar
         Minimize	ControlType.Button	Button	Minimize
         Restore	ControlType.Button	Button	Restore
         Close	ControlType.Button	Button	Close
         User Notifications Badge Control	ControlType.Custom	UserNotificationsBadge	UserNotificationsBadge
             User Notifications Badge	ControlType.Button	Button	UserNotificationsBadgeButton
                 4	ControlType.Text	Text	UserNotificationsCountLabel
                     4	ControlType.Text	TextBlock	
         	ControlType.Custom	SendASmileButton	Button_1
             Feedback	ControlType.Button	Button	Feedback
                 	ControlType.Image	Image	ButtonIcon
                 	ControlType.Image	Image	ButtonIconFeedback
         Quick Launch Control	ControlType.Custom	GlobalSearchControl	GlobalSearchControl
             Search Control	ControlType.Custom	SearchControl	SearchControl
                 Quick Launch (Ctrl+Q)	ControlType.Edit	TextBox	PART_SearchBox
                     	ControlType.ScrollBar	ScrollBar	VerticalScrollBar
                     	ControlType.ScrollBar	ScrollBar	HorizontalScrollBar
                 Search	ControlType.Button	Button	PART_SearchButton
                 Drop Down Button	ControlType.Button	Button	PART_SearchDropdownButton
     Connected User Information	ControlType.Custom	UserInformationCard	UserControl_1
         	ControlType.Image	Image	ErrorImage
         Sign in	ControlType.Text	TextBlock	TextBlock_1
             Sign in	ControlType.Hyperlink	Hyperlink	
         	ControlType.Text	TextBlock	DisplayName
         Show Connected User Information Card	ControlType.Button	Button	MoreInformationDropdown
         	ControlType.Image	Image	SignedOutImage
         	ControlType.Image	Image	UserImage
     MenuBar	ControlType.MenuBar	Menu	MenuBar
         File	ControlType.MenuItem	MenuItem	
         Edit	ControlType.MenuItem	MenuItem	
         View	ControlType.MenuItem	MenuItem	
         Project	ControlType.MenuItem	MenuItem	
         Build	ControlType.MenuItem	MenuItem	
         Debug	ControlType.MenuItem	MenuItem	
         Team	ControlType.MenuItem	MenuItem	
         Tools	ControlType.MenuItem	MenuItem	
         Architecture	ControlType.MenuItem	MenuItem	
         Test	ControlType.MenuItem	MenuItem	
         Analyze	ControlType.MenuItem	MenuItem	
         Window	ControlType.MenuItem	MenuItem	
         Help	ControlType.MenuItem	MenuItem	
     ToolBarDockTop	ControlType.Pane		
         Standard	ControlType.ToolBar	ToolBar	
             Navigate Backward	ControlType.Button	Button	
                 Navigate Backward	ControlType.Menu	Menu	
                     Navigate Backward	ControlType.MenuItem	MenuItem	PART_FocusTarget
             Navigate Forward	ControlType.Button	Button	
                 	ControlType.Image	Image	
                 Navigate _Forward	ControlType.Text	TextBlock	
             New Project	ControlType.Button	Button	
                 New Project	ControlType.Menu	Menu	
                     New Project	ControlType.MenuItem	MenuItem	PART_FocusTarget
             Open File...	ControlType.Button	Button	
                 	ControlType.Image	Image	
                 _Open File...	ControlType.Text	TextBlock	
             Save DragDropCopyCutPaste.sln	ControlType.Button	Button	
                 	ControlType.Image	Image	
                 _Save DragDropCopyCutPaste.sln	ControlType.Text	TextBlock	
             Save All	ControlType.Button	Button	
                 	ControlType.Image	Image	
                 Save A_ll	ControlType.Text	TextBlock	
             Undo	ControlType.Button	Button	
                 Undo	ControlType.Menu	Menu	
                     Undo	ControlType.SplitButton	VsSplitButton	PART_FocusTarget
                         Undo	ControlType.Button	Button	
                             	ControlType.Image	Image	
             Redo	ControlType.Button	Button	
                 Redo	ControlType.Menu	Menu	
                     Redo	ControlType.SplitButton	VsSplitButton	PART_FocusTarget
                         Redo	ControlType.Button	Button	
                             	ControlType.Image	Image	
             Solution Configurations	ControlType.Button	Button	
                 	ControlType.Button	Button	Label
                 Solution Configurations	ControlType.ComboBox	ComboBox	PART_FocusTarget
                     Debug	ControlType.ListItem	ListBoxItem	Debug
             Solution Platforms	ControlType.Button	Button	
                 	ControlType.Button	Button	Label
                 Solution Platforms	ControlType.ComboBox	ComboBox	PART_FocusTarget
                     Any CPU	ControlType.ListItem	ListBoxItem	Any CPU
             Debug Target	ControlType.Button	Button	
                 Debug Target	ControlType.Menu	Menu	
                     Debug Target	ControlType.MenuItem	MenuItem	PART_FocusTarget
             Browser Link	ControlType.Button	Button	
                 Browser Link	ControlType.Menu	Menu	
                     Browser Link	ControlType.MenuItem	MenuItem	PART_FocusTarget
             Find in Files	ControlType.Button	Button	
                 	ControlType.Image	Image	
                 F_ind in Files	ControlType.Text	TextBlock	
             Toolbar Options	ControlType.Button	Button	Toolbar Options
     ToolBarDockLeft	ControlType.Pane		
     	ControlType.Pane	DockRoot	
         	ControlType.Thumb	Thumb	SplitterGrip
         	ControlType.Thumb	Thumb	SplitterGrip
         	ControlType.Thumb	Thumb	SplitterGrip
         	ControlType.Thumb	Thumb	SplitterGrip
         	ControlType.Thumb	Thumb	SplitterGrip
         Output	ControlType.Pane	ViewPresenter	ST:0:0:{34e76e81-ee4a-11d0-ae2e-00a0c90fffc3}
             Output	ControlType.TitleBar	ToolWindowTitleBar	
                 Output	ControlType.TitleBar	DragUndockHeaderTitleBar	DragHeader
                     Hide	ControlType.Button	Button	HideButton
                     MaximizeRestore	ControlType.Button	Button	MaximizeRestoreButton
                     Auto Hide	ControlType.Button	Button	AutoHideButton
                     Window Menu	ControlType.Button	Button	DropDownMenuButton
                     Output	ControlType.Text	TextBlock	
                     *	ControlType.Text	TextBlock	DirtyIndicator
             Output	ControlType.Pane	GenericPane	
                 	ControlType.Custom		WpfTextViewHost
                     Text Editor	ControlType.Edit	WpfTextView	WpfTextView
                     Line Selection Margin	ControlType.Custom	SelectionMargin	SelectionMargin
                     	ControlType.ScrollBar	ScrollBar	WpfEditorUIVerticalScrollbar
                         M0,5 9,5 9,4 8,4  8,3 7,3 7,2 6,2 6,1 5,1 5,0 4,0 4,1 3,1 3,2 2,2 2,3 1,3, 1,4 0,4 Z	ControlType.Button	RepeatButton	LineUp
                         	ControlType.Button	RepeatButton	PageUp
                         	ControlType.Thumb	Thumb	
                         	ControlType.Button	RepeatButton	PageDown
                         M0,0 9,0 9,1 8,1 8,2 8,2 7,2 7,3 6,3 6,4 5,4 5,5 4,5 4,4 3,4 3,3 2,3 2,2 1,2 1,1 0,1 Z	ControlType.Button	RepeatButton	LineDown
                     	ControlType.ScrollBar	ScrollBar	WpfEditorUIHorizontalScrollbar
                         M5,0 5,9 4,9 4,8 3,8 3,7 2,7 2,6 1,6 1,5 0,5 0,4 1,4 1,3 2,3 2,2 3,2 3,1 4,1 4,0z	ControlType.Button	RepeatButton	LineLeft
                         	ControlType.Button	RepeatButton	PageLeft
                         	ControlType.Thumb	Thumb	
                         	ControlType.Button	RepeatButton	PageRight
                         M0,0 0,9 1,9 1,8 2,8 2,7 3,7 3,6 4,6 4,5 5,5 5,4 4,4 4,3 3,3 3,2 2,2 2,1 1,1 1,0z	ControlType.Button	RepeatButton	LineRight
             	ControlType.Pane		
                 Output Window	ControlType.ToolBar	ToolBar	
                     Show output from:	ControlType.Button	Button	
                         	ControlType.Button	Button	Label
                             _Show output from:	ControlType.Text	TextBlock	
                         Show output from:	ControlType.ComboBox	ComboBox	PART_FocusTarget
                             Build	ControlType.ListItem	ListBoxItem	Build
                     Go To Location	ControlType.Button	Button	
                         	ControlType.Image	Image	
                         _Go To Location	ControlType.Text	TextBlock	
                     Go To Previous Location	ControlType.Button	Button	
                         	ControlType.Image	Image	
                         Go To _Previous Location	ControlType.Text	TextBlock	
                     Go To Next Location	ControlType.Button	Button	
                         	ControlType.Image	Image	
                         Go To _Next Location	ControlType.Text	TextBlock	
                     Clear All	ControlType.Button	Button	
                         	ControlType.Image	Image	
                         Clear Al_l	ControlType.Text	TextBlock	
                     Toggle word wrap	ControlType.Button	Button	
                         	ControlType.Image	Image	
                         _Toggle word wrap	ControlType.Text	TextBlock	
                     Toolbar Options	ControlType.Button	Button	Toolbar Options
         	ControlType.Thumb	Thumb	SplitterGrip
         	ControlType.Thumb	Thumb	SplitterGrip
         Solution Explorer	ControlType.Pane	ToolWindowTabGroupContainer	TabGroup|ST:0:0:{3ae79031-e1bc-11d0-8f78-00a0c9110057}|ST:0:0:{131369f2-062d-44a2-8671-91ff31efb4f4}|ST:0:0:{c9c0ae26-aa77-11d2-b3f0-0000f87570ee}
             Solution Explorer	ControlType.TitleBar	ToolWindowTitleBar	PART_Header
                 TabGroup, Children = 14, VisibleChildren = 3, DockedWidth = 348.16, DockedHeight = 537.6	ControlType.TitleBar	DragUndockHeaderTitleBar	DragHeader
                     Hide	ControlType.Button	Button	HideButton
                     MaximizeRestore	ControlType.Button	Button	MaximizeRestoreButton
                     Auto Hide	ControlType.Button	Button	AutoHideButton
                     Window Menu	ControlType.Button	Button	DropDownMenuButton
                     Solution Explorer	ControlType.Text	TextBlock	
                     *	ControlType.Text	TextBlock	DirtyIndicator
             	ControlType.Tab	ToolWindowTabGroup	TabGroup|ST:0:0:{3ae79031-e1bc-11d0-8f78-00a0c9110057}|ST:0:0:{131369f2-062d-44a2-8671-91ff31efb4f4}|ST:0:0:{c9c0ae26-aa77-11d2-b3f0-0000f87570ee}
                 Solution Explorer	ControlType.TabItem	TabItem	TAB_ST:0:0:{3ae79031-e1bc-11d0-8f78-00a0c9110057}
                     Solution Explorer	ControlType.TitleBar	DragUndockHeaderTitleBar	
                         	ControlType.Image	Image	ToolTitleIcon
                         Solution Explorer	ControlType.Text	TextBlock	Text
                     Solution Explorer	ControlType.Pane	ViewPresenter	ST:0:0:{3ae79031-e1bc-11d0-8f78-00a0c9110057}
                         	ControlType.Pane		
                             Explorer	ControlType.ToolBar	ToolBar	
                                 Back	ControlType.Button	Button	
                                     	ControlType.Image	Image	
                                     Back	ControlType.Text	TextBlock	
                                 Forward	ControlType.Button	Button	
                                     	ControlType.Image	Image	
                                     Forward	ControlType.Text	TextBlock	
                                 Home	ControlType.Button	Button	
                                     	ControlType.Image	Image	
                                     Home	ControlType.Text	TextBlock	
                                 Filter Solution Explorer To	ControlType.Button	Button	
                                     Filter Solution Explorer To	ControlType.Menu	Menu	
                                         Filter Solution Explorer To	ControlType.MenuItem	MenuItem	PART_FocusTarget
                                 Sync with Active Document	ControlType.Button	Button	
                                     	ControlType.Image	Image	
                                     Sync with Active Document	ControlType.Text	TextBlock	
                                 Collapse All	ControlType.Button	Button	
                                     	ControlType.Image	Image	
                                     Collapse All	ControlType.Text	TextBlock	
                                 Properties	ControlType.Button	Button	
                                     	ControlType.Image	Image	
                                     P_roperties	ControlType.Text	TextBlock	
                                 Preview Selected Items	ControlType.Button	Button	
                                     	ControlType.Image	Image	
                                     Preview Selected Items	ControlType.Text	TextBlock	
                                 Show on Code Map	ControlType.Button	Button	
                                     	ControlType.Image	Image	
                                     Show on _Code Map	ControlType.Text	TextBlock	
                                 Toolbar Options	ControlType.Button	Button	Toolbar Options
                         Search Control	ControlType.Custom	SearchControl	SearchControl
                             Search Solution Explorer (Ctrl+;)	ControlType.Edit	TextBox	PART_SearchBox
                                 	ControlType.ScrollBar	ScrollBar	VerticalScrollBar
                                 	ControlType.ScrollBar	ScrollBar	HorizontalScrollBar
                             Search	ControlType.Button	Button	PART_SearchButton
                             Drop Down Button	ControlType.Button	Button	PART_SearchDropdownButton
                             Search Control Drop Down	ControlType.Custom	UserControl	PART_SearchPopupContent
                         Solution Explorer	ControlType.Pane	GenericPane	
                             Solution Explorer	ControlType.Tree	TreeView	SolutionExplorer
                                 Solution 'DragDropCopyCutPaste' ‎(2 projects)	ControlType.TreeItem	TreeViewItem	
                                     ConsoleApplication1	ControlType.TreeItem	TreeViewItem	
                                         References	ControlType.TreeItem	TreeViewItem	
                                         DraggedToOtherProject	ControlType.TreeItem	TreeViewItem	
                                     DragDropCopyCutPaste	ControlType.TreeItem	TreeViewItem	
                                         npm	ControlType.TreeItem	TreeViewItem	
                                         !Source (node)	ControlType.TreeItem	TreeViewItem	
                             	ControlType.ProgressBar	ProgressBar	
                 Team Explorer - Connect	ControlType.TabItem	TabItem	TAB_ST:0:0:{131369f2-062d-44a2-8671-91ff31efb4f4}
                     Team Explorer - Connect	ControlType.TitleBar	DragUndockHeaderTitleBar	
                         	ControlType.Image	Image	ToolTitleIcon
                         Team Explorer	ControlType.Text	TextBlock	Text
                 Class View	ControlType.TabItem	TabItem	TAB_ST:0:0:{c9c0ae26-aa77-11d2-b3f0-0000f87570ee}
                     Class View	ControlType.TitleBar	DragUndockHeaderTitleBar	
                         	ControlType.Image	Image	ToolTitleIcon
                         Class View	ControlType.Text	TextBlock	Text
         	ControlType.Thumb	Thumb	SplitterGrip
         Properties	ControlType.Pane	ViewPresenter	ST:0:0:{eefa5220-e298-11d0-8f78-00a0c9110057}
             Properties	ControlType.TitleBar	ToolWindowTitleBar	
                 Properties	ControlType.TitleBar	DragUndockHeaderTitleBar	DragHeader
                     Hide	ControlType.Button	Button	HideButton
                     MaximizeRestore	ControlType.Button	Button	MaximizeRestoreButton
                     Auto Hide	ControlType.Button	Button	AutoHideButton
                     Window Menu	ControlType.Button	Button	DropDownMenuButton
                     Properties	ControlType.Text	TextBlock	
                     *	ControlType.Text	TextBlock	DirtyIndicator
             	ControlType.Pane	HwndHost	
                 Properties	ControlType.Pane	GenericPane	
                     Property Browser	ControlType.Pane	WindowsForms10.Window.8.app.0.1b2cf09_r42_ad1	988654
                         Components	ControlType.ComboBox	WindowsForms10.COMBOBOX.app.0.1b2cf09_r42_ad1	1774630
                             Components	ControlType.List	ComboLBox	ListBox
                                 DragDropCopyCutPaste:Solution Properties	ControlType.ListItem		
                             Drop Down Button	ControlType.Button		DropDown
                         PropertyGrid	ControlType.Pane	WindowsForms10.Window.8.app.0.1b2cf09_r42_ad1	244060168
                             Description Pane	ControlType.Pane	WindowsForms10.Window.8.app.0.1b2cf09_r42_ad1	789280
                                 (Name)	ControlType.Text	WindowsForms10.STATIC.app.0.1b2cf09_r42_ad1	1250258
                                 The name of the solution file.	ControlType.Text	WindowsForms10.STATIC.app.0.1b2cf09_r42_ad1	594818
                             Properties Window	ControlType.Table	WindowsForms10.Window.8.app.0.1b2cf09_r42_ad1	529250
                                 Misc	ControlType.Custom		
                                 (Name)	ControlType.Custom		
                                 Active config	ControlType.Custom		
                                 Description	ControlType.Custom		
                                 Path	ControlType.Custom		
                                 Startup project	ControlType.Custom		
                             ToolBar	ControlType.ToolBar	WindowsForms10.Window.8.app.0.1b2cf09_r42_ad1	332640
                                 Categorized	ControlType.Button		
                                 Alphabetical	ControlType.Button		
                                 	ControlType.Separator		
                                 Property Pages	ControlType.Button		
     Server Explorer	ControlType.Button	Button	AUTOHIDE_ST:0:0:{74946827-37a0-11d2-a273-00c04f8ef4ff}
         	ControlType.Image	Image	ToolTitleIcon
         Server Explorer	ControlType.Text	TextBlock	Text
     Toolbox	ControlType.Button	Button	AUTOHIDE_ST:0:0:{b1e99781-ab81-11d0-b683-00aa00a3ee26}
         	ControlType.Image	Image	ToolTitleIcon
         Toolbox	ControlType.Text	TextBlock	Text
     ToolBarDockRight	ControlType.Pane		
     ToolBarDockBottom	ControlType.Pane		
     	ControlType.StatusBar	StatusBar	StatusBarContainer
         Ready	ControlType.Text	CompartmentAutomationPeer	TextCompartment
         	ControlType.Text	CompartmentAutomationPeer	LineColumnCharacterCompartment
         	ControlType.Text	CompartmentAutomationPeer	XYWidthHeightCompartment
         	ControlType.Text	CompartmentAutomationPeer	SelectionModeCompartment
         	ControlType.Text	CompartmentAutomationPeer	InsertionModeCompartment</StdOut>
        <ErrorInfo>
          <Message>Test method Microsoft.VisualStudioTools.SharedProjectTests.DragDropCopyCutPaste.DragToAnotherProjectKeyboard threw exception: 
System.InvalidOperationException: Operation is not valid due to the current state of the object.</Message>
          <StackTrace>    at TestUtilities.UI.AutomationWrapper.CheckNullElement(ITreeNode element) in C:\src\nodejstools\Common\Tests\Utilities.UI\UI\AutomationWrapper.cs:line 230
   at TestUtilities.UI.AutomationWrapper.Select(ITreeNode selectionItem) in C:\src\nodejstools\Common\Tests\Utilities.UI\UI\AutomationWrapper.cs:line 262
   at Microsoft.VisualStudioTools.SharedProjectTests.DragDropCopyCutPaste.CopyByKeyboard(IVisualStudioInstance vs, ITreeNode destination, ITreeNode[] source) in C:\src\nodejstools\Common\Tests\SharedProjectTests\DragDropCopyCutPaste.cs:line 1731
   at Microsoft.VisualStudioTools.SharedProjectTests.DragDropCopyCutPaste.DragToAnotherProject(MoveDelegate mover) in C:\src\nodejstools\Common\Tests\SharedProjectTests\DragDropCopyCutPaste.cs:line 436
   at Microsoft.VisualStudioTools.SharedProjectTests.DragDropCopyCutPaste.DragToAnotherProjectKeyboard() in C:\src\nodejstools\Common\Tests\SharedProjectTests\DragDropCopyCutPaste.cs:line 403
</StackTrace>
        </ErrorInfo>
      </Output>
    </UnitTestResult>
    <UnitTestResult executionId="8217a7db-9188-477a-ab5d-58b8e198bb51" testId="d2221777-e75d-05b6-7abb-31607fedcd13" testName="DragToAnotherProjectMouse" computerName="DESKTOP-RRA95A8" duration="00:00:15.1203807" startTime="2016-01-24T03:21:33.7638518-08:00" endTime="2016-01-24T03:21:49.3625880-08:00" testType="13cdc9d9-ddb5-4fa4-a97d-d965ccfc6d4b" outcome="Failed" testListId="8c84fa94-04c1-424b-9868-57a2d4851a1d" relativeResultsDirectory="8217a7db-9188-477a-ab5d-58b8e198bb51">
      <Output>
        <StdOut>Opening C:\src\nodejstools\TestResults\Itani_DESKTOP-RRA95A8 2016-01-24 02_34_51\Out\Temp\hhyu0wh0.mks\DragDropCopyCutPaste.sln
Failed to find Solution 'DragDropCopyCutPaste' (2 projects)\DragDropCopyCutPaste\!Source\DraggedToOtherProject.js
Name    ClassName      ControlType    AutomationID
 Solution Explorer	ControlType.Tree	TreeView	SolutionExplorer
     Solution 'DragDropCopyCutPaste' ‎(2 projects)	ControlType.TreeItem	TreeViewItem	
         ConsoleApplication1	ControlType.TreeItem	TreeViewItem	
             References	ControlType.TreeItem	TreeViewItem	
             DraggedToOtherProject	ControlType.TreeItem	TreeViewItem	
         DragDropCopyCutPaste	ControlType.TreeItem	TreeViewItem	
             npm	ControlType.TreeItem	TreeViewItem	
             !Source (node)	ControlType.TreeItem	TreeViewItem</StdOut>
        <ErrorInfo>
          <Message>Test method Microsoft.VisualStudioTools.SharedProjectTests.DragDropCopyCutPaste.DragToAnotherProjectMouse threw exception: 
System.NullReferenceException: Object reference not set to an instance of an object.</Message>
          <StackTrace>    at TestUtilities.UI.TreeNode.SelectItemsForDragAndDrop(ITreeNode[] source) in C:\src\nodejstools\Common\Tests\Utilities.UI\UI\TreeNode.cs:line 166
   at TestUtilities.UI.TreeNode.DragOntoThis(Key modifier, ITreeNode[] source) in C:\src\nodejstools\Common\Tests\Utilities.UI\UI\TreeNode.cs:line 181
   at TestUtilities.UI.TreeNode.DragOntoThis(ITreeNode[] source) in C:\src\nodejstools\Common\Tests\Utilities.UI\UI\TreeNode.cs:line 177
   at Microsoft.VisualStudioTools.SharedProjectTests.DragDropCopyCutPaste.DragAndDrop(IVisualStudioInstance vs, ITreeNode destination, ITreeNode[] source) in C:\src\nodejstools\Common\Tests\SharedProjectTests\DragDropCopyCutPaste.cs:line 1698
   at Microsoft.VisualStudioTools.SharedProjectTests.DragDropCopyCutPaste.DragToAnotherProject(MoveDelegate mover) in C:\src\nodejstools\Common\Tests\SharedProjectTests\DragDropCopyCutPaste.cs:line 436
   at Microsoft.VisualStudioTools.SharedProjectTests.DragDropCopyCutPaste.DragToAnotherProjectMouse() in C:\src\nodejstools\Common\Tests\SharedProjectTests\DragDropCopyCutPaste.cs:line 409
</StackTrace>
        </ErrorInfo>
      </Output>
    </UnitTestResult>
    <UnitTestResult executionId="0542e2f4-c405-422a-b53c-b588aa1456df" testId="52a81218-d3f9-ccd1-9f24-990c581c13f5" testName="CutFolderPasteOnSelf" computerName="DESKTOP-RRA95A8" duration="00:00:05.5164209" startTime="2016-01-24T03:21:49.3675825-08:00" endTime="2016-01-24T03:21:55.3258272-08:00" testType="13cdc9d9-ddb5-4fa4-a97d-d965ccfc6d4b" outcome="Passed" testListId="8c84fa94-04c1-424b-9868-57a2d4851a1d" relativeResultsDirectory="0542e2f4-c405-422a-b53c-b588aa1456df">
      <Output>
        <StdOut>Opening C:\src\nodejstools\TestResults\Itani_DESKTOP-RRA95A8 2016-01-24 02_34_51\Out\Temp\ojgrjesf.xws\DragDropCopyCutPaste.sln
Ending dialog: 
Name    ClassName      ControlType    AutomationID
 Microsoft Visual Studio	ControlType.Window	#32770	
     OK	ControlType.Button	Button	2
     	ControlType.Image	Static	20
     Cannot move 'CutFolderPasteOnSelf'. The destination folder is the same as the source folder.	ControlType.Text	Static	65535
     Microsoft Visual Studio	ControlType.TitleBar		TitleBar
         System Menu Bar	ControlType.MenuBar		SystemMenuBar
             System	ControlType.MenuItem		Item 1
         Close	ControlType.Button		Close
--------</StdOut>
      </Output>
    </UnitTestResult>
    <UnitTestResult executionId="131f2f54-90b7-427c-b8d4-801e98a03c65" testId="56c7c6f1-1389-4801-243d-8b5d4bbe6a19" testName="DragFolderOntoSelf" computerName="DESKTOP-RRA95A8" duration="00:00:13.5282294" startTime="2016-01-24T03:21:55.3323446-08:00" endTime="2016-01-24T03:22:11.8600964-08:00" testType="13cdc9d9-ddb5-4fa4-a97d-d965ccfc6d4b" outcome="Failed" testListId="8c84fa94-04c1-424b-9868-57a2d4851a1d" relativeResultsDirectory="131f2f54-90b7-427c-b8d4-801e98a03c65">
      <Output>
        <StdOut>Opening C:\src\nodejstools\TestResults\Itani_DESKTOP-RRA95A8 2016-01-24 02_34_51\Out\Temp\kz2ard0a.0ly\DragDropCopyCutPaste.sln
Failed to find Solution 'DragDropCopyCutPaste' (1 project)\DragDropCopyCutPaste\DragFolderOntoSelf
Name    ClassName      ControlType    AutomationID
 Solution Explorer	ControlType.Tree	TreeView	SolutionExplorer
     Solution 'DragDropCopyCutPaste' ‎(1 project)	ControlType.TreeItem	TreeViewItem	
         DragDropCopyCutPaste	ControlType.TreeItem	TreeViewItem	
             npm	ControlType.TreeItem	TreeViewItem	
             DragFolderOntoSelf (node)	ControlType.TreeItem	TreeViewItem	
Attempting to invoke pattern on null node
Name    ClassName      ControlType    AutomationID
 DragDropCopyCutPaste - Microsoft Visual Studio - Experimental Instance	ControlType.Window	Window	VisualStudioMainWindow
     DragDropCopyCutPaste - Microsoft Visual Studio - Experimental Instance	ControlType.TitleBar		TitleBar
         System Menu Bar	ControlType.MenuBar		SystemMenuBar
             System	ControlType.MenuItem		Item 1
         Minimize	ControlType.Button		Minimize
         Restore	ControlType.Button		Restore
         Close	ControlType.Button		Close
     DragDropCopyCutPaste - Microsoft Visual Studio - Experimental Instance	ControlType.TitleBar		TitleBar
         Minimize	ControlType.Button	Button	Minimize
         Restore	ControlType.Button	Button	Restore
         Close	ControlType.Button	Button	Close
         User Notifications Badge Control	ControlType.Custom	UserNotificationsBadge	UserNotificationsBadge
             User Notifications Badge	ControlType.Button	Button	UserNotificationsBadgeButton
                 4	ControlType.Text	Text	UserNotificationsCountLabel
                     4	ControlType.Text	TextBlock	
         	ControlType.Custom	SendASmileButton	Button_1
             Feedback	ControlType.Button	Button	Feedback
                 	ControlType.Image	Image	ButtonIcon
                 	ControlType.Image	Image	ButtonIconFeedback
         Quick Launch Control	ControlType.Custom	GlobalSearchControl	GlobalSearchControl
             Search Control	ControlType.Custom	SearchControl	SearchControl
                 Quick Launch (Ctrl+Q)	ControlType.Edit	TextBox	PART_SearchBox
                     	ControlType.ScrollBar	ScrollBar	VerticalScrollBar
                     	ControlType.ScrollBar	ScrollBar	HorizontalScrollBar
                 Search	ControlType.Button	Button	PART_SearchButton
                 Drop Down Button	ControlType.Button	Button	PART_SearchDropdownButton
     Connected User Information	ControlType.Custom	UserInformationCard	UserControl_1
         	ControlType.Image	Image	ErrorImage
         Sign in	ControlType.Text	TextBlock	TextBlock_1
             Sign in	ControlType.Hyperlink	Hyperlink	
         	ControlType.Text	TextBlock	DisplayName
         Show Connected User Information Card	ControlType.Button	Button	MoreInformationDropdown
         	ControlType.Image	Image	SignedOutImage
         	ControlType.Image	Image	UserImage
     MenuBar	ControlType.MenuBar	Menu	MenuBar
         File	ControlType.MenuItem	MenuItem	
         Edit	ControlType.MenuItem	MenuItem	
         View	ControlType.MenuItem	MenuItem	
         Project	ControlType.MenuItem	MenuItem	
         Build	ControlType.MenuItem	MenuItem	
         Debug	ControlType.MenuItem	MenuItem	
         Team	ControlType.MenuItem	MenuItem	
         Tools	ControlType.MenuItem	MenuItem	
         Architecture	ControlType.MenuItem	MenuItem	
         Test	ControlType.MenuItem	MenuItem	
         Analyze	ControlType.MenuItem	MenuItem	
         Window	ControlType.MenuItem	MenuItem	
         Help	ControlType.MenuItem	MenuItem	
     ToolBarDockTop	ControlType.Pane		
         Standard	ControlType.ToolBar	ToolBar	
             Navigate Backward	ControlType.Button	Button	
                 Navigate Backward	ControlType.Menu	Menu	
                     Navigate Backward	ControlType.MenuItem	MenuItem	PART_FocusTarget
             Navigate Forward	ControlType.Button	Button	
                 	ControlType.Image	Image	
                 Navigate _Forward	ControlType.Text	TextBlock	
             New Project	ControlType.Button	Button	
                 New Project	ControlType.Menu	Menu	
                     New Project	ControlType.MenuItem	MenuItem	PART_FocusTarget
             Open File...	ControlType.Button	Button	
                 	ControlType.Image	Image	
                 _Open File...	ControlType.Text	TextBlock	
             Save DragDropCopyCutPaste.sln	ControlType.Button	Button	
                 	ControlType.Image	Image	
                 _Save DragDropCopyCutPaste.sln	ControlType.Text	TextBlock	
             Save All	ControlType.Button	Button	
                 	ControlType.Image	Image	
                 Save A_ll	ControlType.Text	TextBlock	
             Undo	ControlType.Button	Button	
                 Undo	ControlType.Menu	Menu	
                     Undo	ControlType.SplitButton	VsSplitButton	PART_FocusTarget
                         Undo	ControlType.Button	Button	
                             	ControlType.Image	Image	
             Redo	ControlType.Button	Button	
                 Redo	ControlType.Menu	Menu	
                     Redo	ControlType.SplitButton	VsSplitButton	PART_FocusTarget
                         Redo	ControlType.Button	Button	
                             	ControlType.Image	Image	
             Solution Configurations	ControlType.Button	Button	
                 	ControlType.Button	Button	Label
                 Solution Configurations	ControlType.ComboBox	ComboBox	PART_FocusTarget
                     Debug	ControlType.ListItem	ListBoxItem	Debug
             Solution Platforms	ControlType.Button	Button	
                 	ControlType.Button	Button	Label
                 Solution Platforms	ControlType.ComboBox	ComboBox	PART_FocusTarget
                     Any CPU	ControlType.ListItem	ListBoxItem	Any CPU
             Debug Target	ControlType.Button	Button	
                 Debug Target	ControlType.Menu	Menu	
                     Debug Target	ControlType.MenuItem	MenuItem	PART_FocusTarget
             Browser Link	ControlType.Button	Button	
                 Browser Link	ControlType.Menu	Menu	
                     Browser Link	ControlType.MenuItem	MenuItem	PART_FocusTarget
             Find in Files	ControlType.Button	Button	
                 	ControlType.Image	Image	
                 F_ind in Files	ControlType.Text	TextBlock	
             Toolbar Options	ControlType.Button	Button	Toolbar Options
     ToolBarDockLeft	ControlType.Pane		
     	ControlType.Pane	DockRoot	
         	ControlType.Thumb	Thumb	SplitterGrip
         	ControlType.Thumb	Thumb	SplitterGrip
         	ControlType.Thumb	Thumb	SplitterGrip
         	ControlType.Thumb	Thumb	SplitterGrip
         	ControlType.Thumb	Thumb	SplitterGrip
         Output	ControlType.Pane	ViewPresenter	ST:0:0:{34e76e81-ee4a-11d0-ae2e-00a0c90fffc3}
             Output	ControlType.TitleBar	ToolWindowTitleBar	
                 Output	ControlType.TitleBar	DragUndockHeaderTitleBar	DragHeader
                     Hide	ControlType.Button	Button	HideButton
                     MaximizeRestore	ControlType.Button	Button	MaximizeRestoreButton
                     Auto Hide	ControlType.Button	Button	AutoHideButton
                     Window Menu	ControlType.Button	Button	DropDownMenuButton
                     Output	ControlType.Text	TextBlock	
                     *	ControlType.Text	TextBlock	DirtyIndicator
             Output	ControlType.Pane	GenericPane	
                 	ControlType.Custom		WpfTextViewHost
                     Text Editor	ControlType.Edit	WpfTextView	WpfTextView
                     Line Selection Margin	ControlType.Custom	SelectionMargin	SelectionMargin
                     	ControlType.ScrollBar	ScrollBar	WpfEditorUIVerticalScrollbar
                         M0,5 9,5 9,4 8,4  8,3 7,3 7,2 6,2 6,1 5,1 5,0 4,0 4,1 3,1 3,2 2,2 2,3 1,3, 1,4 0,4 Z	ControlType.Button	RepeatButton	LineUp
                         	ControlType.Button	RepeatButton	PageUp
                         	ControlType.Thumb	Thumb	
                         	ControlType.Button	RepeatButton	PageDown
                         M0,0 9,0 9,1 8,1 8,2 8,2 7,2 7,3 6,3 6,4 5,4 5,5 4,5 4,4 3,4 3,3 2,3 2,2 1,2 1,1 0,1 Z	ControlType.Button	RepeatButton	LineDown
                     	ControlType.ScrollBar	ScrollBar	WpfEditorUIHorizontalScrollbar
                         M5,0 5,9 4,9 4,8 3,8 3,7 2,7 2,6 1,6 1,5 0,5 0,4 1,4 1,3 2,3 2,2 3,2 3,1 4,1 4,0z	ControlType.Button	RepeatButton	LineLeft
                         	ControlType.Button	RepeatButton	PageLeft
                         	ControlType.Thumb	Thumb	
                         	ControlType.Button	RepeatButton	PageRight
                         M0,0 0,9 1,9 1,8 2,8 2,7 3,7 3,6 4,6 4,5 5,5 5,4 4,4 4,3 3,3 3,2 2,2 2,1 1,1 1,0z	ControlType.Button	RepeatButton	LineRight
             	ControlType.Pane		
                 Output Window	ControlType.ToolBar	ToolBar	
                     Show output from:	ControlType.Button	Button	
                         	ControlType.Button	Button	Label
                             _Show output from:	ControlType.Text	TextBlock	
                         Show output from:	ControlType.ComboBox	ComboBox	PART_FocusTarget
                             Build	ControlType.ListItem	ListBoxItem	Build
                     Go To Location	ControlType.Button	Button	
                         	ControlType.Image	Image	
                         _Go To Location	ControlType.Text	TextBlock	
                     Go To Previous Location	ControlType.Button	Button	
                         	ControlType.Image	Image	
                         Go To _Previous Location	ControlType.Text	TextBlock	
                     Go To Next Location	ControlType.Button	Button	
                         	ControlType.Image	Image	
                         Go To _Next Location	ControlType.Text	TextBlock	
                     Clear All	ControlType.Button	Button	
                         	ControlType.Image	Image	
                         Clear Al_l	ControlType.Text	TextBlock	
                     Toggle word wrap	ControlType.Button	Button	
                         	ControlType.Image	Image	
                         _Toggle word wrap	ControlType.Text	TextBlock	
                     Toolbar Options	ControlType.Button	Button	Toolbar Options
         	ControlType.Thumb	Thumb	SplitterGrip
         	ControlType.Thumb	Thumb	SplitterGrip
         Solution Explorer	ControlType.Pane	ToolWindowTabGroupContainer	TabGroup|ST:0:0:{3ae79031-e1bc-11d0-8f78-00a0c9110057}|ST:0:0:{131369f2-062d-44a2-8671-91ff31efb4f4}|ST:0:0:{c9c0ae26-aa77-11d2-b3f0-0000f87570ee}
             Solution Explorer	ControlType.TitleBar	ToolWindowTitleBar	PART_Header
                 TabGroup, Children = 14, VisibleChildren = 3, DockedWidth = 348.16, DockedHeight = 537.6	ControlType.TitleBar	DragUndockHeaderTitleBar	DragHeader
                     Hide	ControlType.Button	Button	HideButton
                     MaximizeRestore	ControlType.Button	Button	MaximizeRestoreButton
                     Auto Hide	ControlType.Button	Button	AutoHideButton
                     Window Menu	ControlType.Button	Button	DropDownMenuButton
                     Solution Explorer	ControlType.Text	TextBlock	
                     *	ControlType.Text	TextBlock	DirtyIndicator
             	ControlType.Tab	ToolWindowTabGroup	TabGroup|ST:0:0:{3ae79031-e1bc-11d0-8f78-00a0c9110057}|ST:0:0:{131369f2-062d-44a2-8671-91ff31efb4f4}|ST:0:0:{c9c0ae26-aa77-11d2-b3f0-0000f87570ee}
                 Solution Explorer	ControlType.TabItem	TabItem	TAB_ST:0:0:{3ae79031-e1bc-11d0-8f78-00a0c9110057}
                     Solution Explorer	ControlType.TitleBar	DragUndockHeaderTitleBar	
                         	ControlType.Image	Image	ToolTitleIcon
                         Solution Explorer	ControlType.Text	TextBlock	Text
                     Solution Explorer	ControlType.Pane	ViewPresenter	ST:0:0:{3ae79031-e1bc-11d0-8f78-00a0c9110057}
                         	ControlType.Pane		
                             Explorer	ControlType.ToolBar	ToolBar	
                                 Back	ControlType.Button	Button	
                                     	ControlType.Image	Image	
                                     Back	ControlType.Text	TextBlock	
                                 Forward	ControlType.Button	Button	
                                     	ControlType.Image	Image	
                                     Forward	ControlType.Text	TextBlock	
                                 Home	ControlType.Button	Button	
                                     	ControlType.Image	Image	
                                     Home	ControlType.Text	TextBlock	
                                 Filter Solution Explorer To	ControlType.Button	Button	
                                     Filter Solution Explorer To	ControlType.Menu	Menu	
                                         Filter Solution Explorer To	ControlType.MenuItem	MenuItem	PART_FocusTarget
                                 Sync with Active Document	ControlType.Button	Button	
                                     	ControlType.Image	Image	
                                     Sync with Active Document	ControlType.Text	TextBlock	
                                 Collapse All	ControlType.Button	Button	
                                     	ControlType.Image	Image	
                                     Collapse All	ControlType.Text	TextBlock	
                                 Properties	ControlType.Button	Button	
                                     	ControlType.Image	Image	
                                     P_roperties	ControlType.Text	TextBlock	
                                 Preview Selected Items	ControlType.Button	Button	
                                     	ControlType.Image	Image	
                                     Preview Selected Items	ControlType.Text	TextBlock	
                                 Show on Code Map	ControlType.Button	Button	
                                     	ControlType.Image	Image	
                                     Show on _Code Map	ControlType.Text	TextBlock	
                                 Toolbar Options	ControlType.Button	Button	Toolbar Options
                         Search Control	ControlType.Custom	SearchControl	SearchControl
                             Search Solution Explorer (Ctrl+;)	ControlType.Edit	TextBox	PART_SearchBox
                                 	ControlType.ScrollBar	ScrollBar	VerticalScrollBar
                                 	ControlType.ScrollBar	ScrollBar	HorizontalScrollBar
                             Search	ControlType.Button	Button	PART_SearchButton
                             Drop Down Button	ControlType.Button	Button	PART_SearchDropdownButton
                             Search Control Drop Down	ControlType.Custom	UserControl	PART_SearchPopupContent
                         Solution Explorer	ControlType.Pane	GenericPane	
                             Solution Explorer	ControlType.Tree	TreeView	SolutionExplorer
                                 Solution 'DragDropCopyCutPaste' ‎(1 project)	ControlType.TreeItem	TreeViewItem	
                                     DragDropCopyCutPaste	ControlType.TreeItem	TreeViewItem	
                                         npm	ControlType.TreeItem	TreeViewItem	
                                         DragFolderOntoSelf (node)	ControlType.TreeItem	TreeViewItem	
                             	ControlType.ProgressBar	ProgressBar	
                 Team Explorer - Connect	ControlType.TabItem	TabItem	TAB_ST:0:0:{131369f2-062d-44a2-8671-91ff31efb4f4}
                     Team Explorer - Connect	ControlType.TitleBar	DragUndockHeaderTitleBar	
                         	ControlType.Image	Image	ToolTitleIcon
                         Team Explorer	ControlType.Text	TextBlock	Text
                 Class View	ControlType.TabItem	TabItem	TAB_ST:0:0:{c9c0ae26-aa77-11d2-b3f0-0000f87570ee}
                     Class View	ControlType.TitleBar	DragUndockHeaderTitleBar	
                         	ControlType.Image	Image	ToolTitleIcon
                         Class View	ControlType.Text	TextBlock	Text
         	ControlType.Thumb	Thumb	SplitterGrip
         Properties	ControlType.Pane	ViewPresenter	ST:0:0:{eefa5220-e298-11d0-8f78-00a0c9110057}
             Properties	ControlType.TitleBar	ToolWindowTitleBar	
                 Properties	ControlType.TitleBar	DragUndockHeaderTitleBar	DragHeader
                     Hide	ControlType.Button	Button	HideButton
                     MaximizeRestore	ControlType.Button	Button	MaximizeRestoreButton
                     Auto Hide	ControlType.Button	Button	AutoHideButton
                     Window Menu	ControlType.Button	Button	DropDownMenuButton
                     Properties	ControlType.Text	TextBlock	
                     *	ControlType.Text	TextBlock	DirtyIndicator
             	ControlType.Pane	HwndHost	
                 Properties	ControlType.Pane	GenericPane	
                     Property Browser	ControlType.Pane	WindowsForms10.Window.8.app.0.1b2cf09_r42_ad1	988654
                         Components	ControlType.ComboBox	WindowsForms10.COMBOBOX.app.0.1b2cf09_r42_ad1	1774630
                             Components	ControlType.List	ComboLBox	ListBox
                                 DragDropCopyCutPaste:Solution Properties	ControlType.ListItem		
                             Drop Down Button	ControlType.Button		DropDown
                         PropertyGrid	ControlType.Pane	WindowsForms10.Window.8.app.0.1b2cf09_r42_ad1	244060168
                             Description Pane	ControlType.Pane	WindowsForms10.Window.8.app.0.1b2cf09_r42_ad1	789280
                                 (Name)	ControlType.Text	WindowsForms10.STATIC.app.0.1b2cf09_r42_ad1	1250258
                                 The name of the solution file.	ControlType.Text	WindowsForms10.STATIC.app.0.1b2cf09_r42_ad1	594818
                             Properties Window	ControlType.Table	WindowsForms10.Window.8.app.0.1b2cf09_r42_ad1	529250
                                 Misc	ControlType.Custom		
                                 (Name)	ControlType.Custom		
                                 Active config	ControlType.Custom		
                                 Description	ControlType.Custom		
                                 Path	ControlType.Custom		
                                 Startup project	ControlType.Custom		
                             ToolBar	ControlType.ToolBar	WindowsForms10.Window.8.app.0.1b2cf09_r42_ad1	332640
                                 Categorized	ControlType.Button		
                                 Alphabetical	ControlType.Button		
                                 	ControlType.Separator		
                                 Property Pages	ControlType.Button		
     Server Explorer	ControlType.Button	Button	AUTOHIDE_ST:0:0:{74946827-37a0-11d2-a273-00c04f8ef4ff}
         	ControlType.Image	Image	ToolTitleIcon
         Server Explorer	ControlType.Text	TextBlock	Text
     Toolbox	ControlType.Button	Button	AUTOHIDE_ST:0:0:{b1e99781-ab81-11d0-b683-00aa00a3ee26}
         	ControlType.Image	Image	ToolTitleIcon
         Toolbox	ControlType.Text	TextBlock	Text
     ToolBarDockRight	ControlType.Pane		
     ToolBarDockBottom	ControlType.Pane		
     	ControlType.StatusBar	StatusBar	StatusBarContainer
         Node.js code analysis is up to date, analyzed 1 function(s) in 0 milliseconds	ControlType.Text	CompartmentAutomationPeer	TextCompartment
         	ControlType.Text	CompartmentAutomationPeer	LineColumnCharacterCompartment
         	ControlType.Text	CompartmentAutomationPeer	XYWidthHeightCompartment
         	ControlType.Text	CompartmentAutomationPeer	SelectionModeCompartment
         	ControlType.Text	CompartmentAutomationPeer	InsertionModeCompartment</StdOut>
        <ErrorInfo>
          <Message>Test method Microsoft.VisualStudioTools.SharedProjectTests.DragDropCopyCutPaste.DragFolderOntoSelf threw exception: 
System.InvalidOperationException: Operation is not valid due to the current state of the object.</Message>
          <StackTrace>    at TestUtilities.UI.AutomationWrapper.CheckNullElement(ITreeNode element) in C:\src\nodejstools\Common\Tests\Utilities.UI\UI\AutomationWrapper.cs:line 230
   at TestUtilities.UI.AutomationWrapper.Select(ITreeNode selectionItem) in C:\src\nodejstools\Common\Tests\Utilities.UI\UI\AutomationWrapper.cs:line 262
   at Microsoft.VisualStudioTools.SharedProjectTests.DragDropCopyCutPaste.DragFolderOntoSelf() in C:\src\nodejstools\Common\Tests\SharedProjectTests\DragDropCopyCutPaste.cs:line 495
</StackTrace>
        </ErrorInfo>
      </Output>
    </UnitTestResult>
    <UnitTestResult executionId="512623c0-4d5f-4e70-bf6e-c1e24ccd488f" testId="52b2f30e-29c8-0d11-877b-9c80c7469a66" testName="DragFolderOntoChild" computerName="DESKTOP-RRA95A8" duration="00:00:03.6499820" startTime="2016-01-24T03:22:11.8659844-08:00" endTime="2016-01-24T03:22:18.2502672-08:00" testType="13cdc9d9-ddb5-4fa4-a97d-d965ccfc6d4b" outcome="Passed" testListId="8c84fa94-04c1-424b-9868-57a2d4851a1d" relativeResultsDirectory="512623c0-4d5f-4e70-bf6e-c1e24ccd488f">
      <Output>
        <StdOut>Opening C:\src\nodejstools\TestResults\Itani_DESKTOP-RRA95A8 2016-01-24 02_34_51\Out\Temp\xrnllfpy.eh1\DragDropCopyCutPaste.sln
Ending dialog: 
Name    ClassName      ControlType    AutomationID
 Microsoft Visual Studio	ControlType.Window	#32770	
     OK	ControlType.Button	Button	2
     	ControlType.Image	Static	20
     Cannot move 'ParentFolder'. The destination folder is a subfolder of the source folder.	ControlType.Text	Static	65535
     Microsoft Visual Studio	ControlType.TitleBar		TitleBar
         System Menu Bar	ControlType.MenuBar		SystemMenuBar
             System	ControlType.MenuItem		Item 1
         Close	ControlType.Button		Close
--------</StdOut>
      </Output>
    </UnitTestResult>
    <UnitTestResult executionId="a12793aa-5693-4bc4-89ca-452551ea845b" testId="fd46f344-da8f-2b46-40ce-e6ebf149eee2" testName="CutFileReplace" computerName="DESKTOP-RRA95A8" duration="00:00:27.2567147" startTime="2016-01-24T03:22:18.2542739-08:00" endTime="2016-01-24T03:22:46.0217813-08:00" testType="13cdc9d9-ddb5-4fa4-a97d-d965ccfc6d4b" outcome="Failed" testListId="8c84fa94-04c1-424b-9868-57a2d4851a1d" relativeResultsDirectory="a12793aa-5693-4bc4-89ca-452551ea845b">
      <Output>
        <StdOut>Opening C:\src\nodejstools\TestResults\Itani_DESKTOP-RRA95A8 2016-01-24 02_34_51\Out\Temp\dumbqry0.h3i\DragDropCopyCutPaste.sln
Failed to find Solution 'DragDropCopyCutPaste' (1 project)\DragDropCopyCutPaste\MoveDupFilename
Name    ClassName      ControlType    AutomationID
 Solution Explorer	ControlType.Tree	TreeView	SolutionExplorer
     Solution 'DragDropCopyCutPaste' ‎(1 project)	ControlType.TreeItem	TreeViewItem	
         DragDropCopyCutPaste	ControlType.TreeItem	TreeViewItem	
             npm	ControlType.TreeItem	TreeViewItem	
             MoveDupFilename (node)	ControlType.TreeItem	TreeViewItem	
Failed to find Solution 'DragDropCopyCutPaste' (1 project)\DragDropCopyCutPaste\MoveDupFilename\Fob\server.js
Name    ClassName      ControlType    AutomationID
 Solution Explorer	ControlType.Tree	TreeView	SolutionExplorer
     Solution 'DragDropCopyCutPaste' ‎(1 project)	ControlType.TreeItem	TreeViewItem	
         DragDropCopyCutPaste	ControlType.TreeItem	TreeViewItem	
             npm	ControlType.TreeItem	TreeViewItem	
             MoveDupFilename (node)	ControlType.TreeItem	TreeViewItem	
Attempting to invoke pattern on null node
Name    ClassName      ControlType    AutomationID
 DragDropCopyCutPaste - Microsoft Visual Studio - Experimental Instance	ControlType.Window	Window	VisualStudioMainWindow
     DragDropCopyCutPaste - Microsoft Visual Studio - Experimental Instance	ControlType.TitleBar		TitleBar
         System Menu Bar	ControlType.MenuBar		SystemMenuBar
             System	ControlType.MenuItem		Item 1
         Minimize	ControlType.Button		Minimize
         Restore	ControlType.Button		Restore
         Close	ControlType.Button		Close
     DragDropCopyCutPaste - Microsoft Visual Studio - Experimental Instance	ControlType.TitleBar		TitleBar
         Minimize	ControlType.Button	Button	Minimize
         Restore	ControlType.Button	Button	Restore
         Close	ControlType.Button	Button	Close
         User Notifications Badge Control	ControlType.Custom	UserNotificationsBadge	UserNotificationsBadge
             User Notifications Badge	ControlType.Button	Button	UserNotificationsBadgeButton
                 4	ControlType.Text	Text	UserNotificationsCountLabel
                     4	ControlType.Text	TextBlock	
         	ControlType.Custom	SendASmileButton	Button_1
             Feedback	ControlType.Button	Button	Feedback
                 	ControlType.Image	Image	ButtonIcon
                 	ControlType.Image	Image	ButtonIconFeedback
         Quick Launch Control	ControlType.Custom	GlobalSearchControl	GlobalSearchControl
             Search Control	ControlType.Custom	SearchControl	SearchControl
                 Quick Launch (Ctrl+Q)	ControlType.Edit	TextBox	PART_SearchBox
                     	ControlType.ScrollBar	ScrollBar	VerticalScrollBar
                     	ControlType.ScrollBar	ScrollBar	HorizontalScrollBar
                 Search	ControlType.Button	Button	PART_SearchButton
                 Drop Down Button	ControlType.Button	Button	PART_SearchDropdownButton
     Connected User Information	ControlType.Custom	UserInformationCard	UserControl_1
         	ControlType.Image	Image	ErrorImage
         Sign in	ControlType.Text	TextBlock	TextBlock_1
             Sign in	ControlType.Hyperlink	Hyperlink	
         	ControlType.Text	TextBlock	DisplayName
         Show Connected User Information Card	ControlType.Button	Button	MoreInformationDropdown
         	ControlType.Image	Image	SignedOutImage
         	ControlType.Image	Image	UserImage
     MenuBar	ControlType.MenuBar	Menu	MenuBar
         File	ControlType.MenuItem	MenuItem	
         Edit	ControlType.MenuItem	MenuItem	
         View	ControlType.MenuItem	MenuItem	
         Project	ControlType.MenuItem	MenuItem	
         Build	ControlType.MenuItem	MenuItem	
         Debug	ControlType.MenuItem	MenuItem	
         Team	ControlType.MenuItem	MenuItem	
         Tools	ControlType.MenuItem	MenuItem	
         Architecture	ControlType.MenuItem	MenuItem	
         Test	ControlType.MenuItem	MenuItem	
         Analyze	ControlType.MenuItem	MenuItem	
         Window	ControlType.MenuItem	MenuItem	
         Help	ControlType.MenuItem	MenuItem	
     ToolBarDockTop	ControlType.Pane		
         Standard	ControlType.ToolBar	ToolBar	
             Navigate Backward	ControlType.Button	Button	
                 Navigate Backward	ControlType.Menu	Menu	
                     Navigate Backward	ControlType.MenuItem	MenuItem	PART_FocusTarget
             Navigate Forward	ControlType.Button	Button	
                 	ControlType.Image	Image	
                 Navigate _Forward	ControlType.Text	TextBlock	
             New Project	ControlType.Button	Button	
                 New Project	ControlType.Menu	Menu	
                     New Project	ControlType.MenuItem	MenuItem	PART_FocusTarget
             Open File...	ControlType.Button	Button	
                 	ControlType.Image	Image	
                 _Open File...	ControlType.Text	TextBlock	
             Save DragDropCopyCutPaste.sln	ControlType.Button	Button	
                 	ControlType.Image	Image	
                 _Save DragDropCopyCutPaste.sln	ControlType.Text	TextBlock	
             Save All	ControlType.Button	Button	
                 	ControlType.Image	Image	
                 Save A_ll	ControlType.Text	TextBlock	
             Undo	ControlType.Button	Button	
                 Undo	ControlType.Menu	Menu	
                     Undo	ControlType.SplitButton	VsSplitButton	PART_FocusTarget
                         Undo	ControlType.Button	Button	
                             	ControlType.Image	Image	
             Redo	ControlType.Button	Button	
                 Redo	ControlType.Menu	Menu	
                     Redo	ControlType.SplitButton	VsSplitButton	PART_FocusTarget
                         Redo	ControlType.Button	Button	
                             	ControlType.Image	Image	
             Solution Configurations	ControlType.Button	Button	
                 	ControlType.Button	Button	Label
                 Solution Configurations	ControlType.ComboBox	ComboBox	PART_FocusTarget
                     Debug	ControlType.ListItem	ListBoxItem	Debug
             Solution Platforms	ControlType.Button	Button	
                 	ControlType.Button	Button	Label
                 Solution Platforms	ControlType.ComboBox	ComboBox	PART_FocusTarget
                     Any CPU	ControlType.ListItem	ListBoxItem	Any CPU
             Debug Target	ControlType.Button	Button	
                 Debug Target	ControlType.Menu	Menu	
                     Debug Target	ControlType.MenuItem	MenuItem	PART_FocusTarget
             Browser Link	ControlType.Button	Button	
                 Browser Link	ControlType.Menu	Menu	
                     Browser Link	ControlType.MenuItem	MenuItem	PART_FocusTarget
             Find in Files	ControlType.Button	Button	
                 	ControlType.Image	Image	
                 F_ind in Files	ControlType.Text	TextBlock	
             Toolbar Options	ControlType.Button	Button	Toolbar Options
     ToolBarDockLeft	ControlType.Pane		
     	ControlType.Pane	DockRoot	
         	ControlType.Thumb	Thumb	SplitterGrip
         	ControlType.Thumb	Thumb	SplitterGrip
         	ControlType.Thumb	Thumb	SplitterGrip
         	ControlType.Thumb	Thumb	SplitterGrip
         	ControlType.Thumb	Thumb	SplitterGrip
         Output	ControlType.Pane	ViewPresenter	ST:0:0:{34e76e81-ee4a-11d0-ae2e-00a0c90fffc3}
             Output	ControlType.TitleBar	ToolWindowTitleBar	
                 Output	ControlType.TitleBar	DragUndockHeaderTitleBar	DragHeader
                     Hide	ControlType.Button	Button	HideButton
                     MaximizeRestore	ControlType.Button	Button	MaximizeRestoreButton
                     Auto Hide	ControlType.Button	Button	AutoHideButton
                     Window Menu	ControlType.Button	Button	DropDownMenuButton
                     Output	ControlType.Text	TextBlock	
                     *	ControlType.Text	TextBlock	DirtyIndicator
             Output	ControlType.Pane	GenericPane	
                 	ControlType.Custom		WpfTextViewHost
                     Text Editor	ControlType.Edit	WpfTextView	WpfTextView
                     Line Selection Margin	ControlType.Custom	SelectionMargin	SelectionMargin
                     	ControlType.ScrollBar	ScrollBar	WpfEditorUIVerticalScrollbar
                         M0,5 9,5 9,4 8,4  8,3 7,3 7,2 6,2 6,1 5,1 5,0 4,0 4,1 3,1 3,2 2,2 2,3 1,3, 1,4 0,4 Z	ControlType.Button	RepeatButton	LineUp
                         	ControlType.Button	RepeatButton	PageUp
                         	ControlType.Thumb	Thumb	
                         	ControlType.Button	RepeatButton	PageDown
                         M0,0 9,0 9,1 8,1 8,2 8,2 7,2 7,3 6,3 6,4 5,4 5,5 4,5 4,4 3,4 3,3 2,3 2,2 1,2 1,1 0,1 Z	ControlType.Button	RepeatButton	LineDown
                     	ControlType.ScrollBar	ScrollBar	WpfEditorUIHorizontalScrollbar
                         M5,0 5,9 4,9 4,8 3,8 3,7 2,7 2,6 1,6 1,5 0,5 0,4 1,4 1,3 2,3 2,2 3,2 3,1 4,1 4,0z	ControlType.Button	RepeatButton	LineLeft
                         	ControlType.Button	RepeatButton	PageLeft
                         	ControlType.Thumb	Thumb	
                         	ControlType.Button	RepeatButton	PageRight
                         M0,0 0,9 1,9 1,8 2,8 2,7 3,7 3,6 4,6 4,5 5,5 5,4 4,4 4,3 3,3 3,2 2,2 2,1 1,1 1,0z	ControlType.Button	RepeatButton	LineRight
             	ControlType.Pane		
                 Output Window	ControlType.ToolBar	ToolBar	
                     Show output from:	ControlType.Button	Button	
                         	ControlType.Button	Button	Label
                             _Show output from:	ControlType.Text	TextBlock	
                         Show output from:	ControlType.ComboBox	ComboBox	PART_FocusTarget
                             Build	ControlType.ListItem	ListBoxItem	Build
                     Go To Location	ControlType.Button	Button	
                         	ControlType.Image	Image	
                         _Go To Location	ControlType.Text	TextBlock	
                     Go To Previous Location	ControlType.Button	Button	
                         	ControlType.Image	Image	
                         Go To _Previous Location	ControlType.Text	TextBlock	
                     Go To Next Location	ControlType.Button	Button	
                         	ControlType.Image	Image	
                         Go To _Next Location	ControlType.Text	TextBlock	
                     Clear All	ControlType.Button	Button	
                         	ControlType.Image	Image	
                         Clear Al_l	ControlType.Text	TextBlock	
                     Toggle word wrap	ControlType.Button	Button	
                         	ControlType.Image	Image	
                         _Toggle word wrap	ControlType.Text	TextBlock	
                     Toolbar Options	ControlType.Button	Button	Toolbar Options
         	ControlType.Thumb	Thumb	SplitterGrip
         	ControlType.Thumb	Thumb	SplitterGrip
         Solution Explorer	ControlType.Pane	ToolWindowTabGroupContainer	TabGroup|ST:0:0:{3ae79031-e1bc-11d0-8f78-00a0c9110057}|ST:0:0:{131369f2-062d-44a2-8671-91ff31efb4f4}|ST:0:0:{c9c0ae26-aa77-11d2-b3f0-0000f87570ee}
             Solution Explorer	ControlType.TitleBar	ToolWindowTitleBar	PART_Header
                 TabGroup, Children = 14, VisibleChildren = 3, DockedWidth = 348.16, DockedHeight = 537.6	ControlType.TitleBar	DragUndockHeaderTitleBar	DragHeader
                     Hide	ControlType.Button	Button	HideButton
                     MaximizeRestore	ControlType.Button	Button	MaximizeRestoreButton
                     Auto Hide	ControlType.Button	Button	AutoHideButton
                     Window Menu	ControlType.Button	Button	DropDownMenuButton
                     Solution Explorer	ControlType.Text	TextBlock	
                     *	ControlType.Text	TextBlock	DirtyIndicator
             	ControlType.Tab	ToolWindowTabGroup	TabGroup|ST:0:0:{3ae79031-e1bc-11d0-8f78-00a0c9110057}|ST:0:0:{131369f2-062d-44a2-8671-91ff31efb4f4}|ST:0:0:{c9c0ae26-aa77-11d2-b3f0-0000f87570ee}
                 Solution Explorer	ControlType.TabItem	TabItem	TAB_ST:0:0:{3ae79031-e1bc-11d0-8f78-00a0c9110057}
                     Solution Explorer	ControlType.TitleBar	DragUndockHeaderTitleBar	
                         	ControlType.Image	Image	ToolTitleIcon
                         Solution Explorer	ControlType.Text	TextBlock	Text
                     Solution Explorer	ControlType.Pane	ViewPresenter	ST:0:0:{3ae79031-e1bc-11d0-8f78-00a0c9110057}
                         	ControlType.Pane		
                             Explorer	ControlType.ToolBar	ToolBar	
                                 Back	ControlType.Button	Button	
                                     	ControlType.Image	Image	
                                     Back	ControlType.Text	TextBlock	
                                 Forward	ControlType.Button	Button	
                                     	ControlType.Image	Image	
                                     Forward	ControlType.Text	TextBlock	
                                 Home	ControlType.Button	Button	
                                     	ControlType.Image	Image	
                                     Home	ControlType.Text	TextBlock	
                                 Filter Solution Explorer To	ControlType.Button	Button	
                                     Filter Solution Explorer To	ControlType.Menu	Menu	
                                         Filter Solution Explorer To	ControlType.MenuItem	MenuItem	PART_FocusTarget
                                 Sync with Active Document	ControlType.Button	Button	
                                     	ControlType.Image	Image	
                                     Sync with Active Document	ControlType.Text	TextBlock	
                                 Collapse All	ControlType.Button	Button	
                                     	ControlType.Image	Image	
                                     Collapse All	ControlType.Text	TextBlock	
                                 Properties	ControlType.Button	Button	
                                     	ControlType.Image	Image	
                                     P_roperties	ControlType.Text	TextBlock	
                                 Preview Selected Items	ControlType.Button	Button	
                                     	ControlType.Image	Image	
                                     Preview Selected Items	ControlType.Text	TextBlock	
                                 Show on Code Map	ControlType.Button	Button	
                                     	ControlType.Image	Image	
                                     Show on _Code Map	ControlType.Text	TextBlock	
                                 Toolbar Options	ControlType.Button	Button	Toolbar Options
                         Search Control	ControlType.Custom	SearchControl	SearchControl
                             Search Solution Explorer (Ctrl+;)	ControlType.Edit	TextBox	PART_SearchBox
                                 	ControlType.ScrollBar	ScrollBar	VerticalScrollBar
                                 	ControlType.ScrollBar	ScrollBar	HorizontalScrollBar
                             Search	ControlType.Button	Button	PART_SearchButton
                             Drop Down Button	ControlType.Button	Button	PART_SearchDropdownButton
                             Search Control Drop Down	ControlType.Custom	UserControl	PART_SearchPopupContent
                         Solution Explorer	ControlType.Pane	GenericPane	
                             Solution Explorer	ControlType.Tree	TreeView	SolutionExplorer
                                 Solution 'DragDropCopyCutPaste' ‎(1 project)	ControlType.TreeItem	TreeViewItem	
                                     DragDropCopyCutPaste	ControlType.TreeItem	TreeViewItem	
                                         npm	ControlType.TreeItem	TreeViewItem	
                                         MoveDupFilename (node)	ControlType.TreeItem	TreeViewItem	
                             	ControlType.ProgressBar	ProgressBar	
                 Team Explorer - Connect	ControlType.TabItem	TabItem	TAB_ST:0:0:{131369f2-062d-44a2-8671-91ff31efb4f4}
                     Team Explorer - Connect	ControlType.TitleBar	DragUndockHeaderTitleBar	
                         	ControlType.Image	Image	ToolTitleIcon
                         Team Explorer	ControlType.Text	TextBlock	Text
                 Class View	ControlType.TabItem	TabItem	TAB_ST:0:0:{c9c0ae26-aa77-11d2-b3f0-0000f87570ee}
                     Class View	ControlType.TitleBar	DragUndockHeaderTitleBar	
                         	ControlType.Image	Image	ToolTitleIcon
                         Class View	ControlType.Text	TextBlock	Text
         	ControlType.Thumb	Thumb	SplitterGrip
         Properties	ControlType.Pane	ViewPresenter	ST:0:0:{eefa5220-e298-11d0-8f78-00a0c9110057}
             Properties	ControlType.TitleBar	ToolWindowTitleBar	
                 Properties	ControlType.TitleBar	DragUndockHeaderTitleBar	DragHeader
                     Hide	ControlType.Button	Button	HideButton
                     MaximizeRestore	ControlType.Button	Button	MaximizeRestoreButton
                     Auto Hide	ControlType.Button	Button	AutoHideButton
                     Window Menu	ControlType.Button	Button	DropDownMenuButton
                     Properties	ControlType.Text	TextBlock	
                     *	ControlType.Text	TextBlock	DirtyIndicator
             	ControlType.Pane	HwndHost	
                 Properties	ControlType.Pane	GenericPane	
                     Property Browser	ControlType.Pane	WindowsForms10.Window.8.app.0.1b2cf09_r42_ad1	988654
                         Components	ControlType.ComboBox	WindowsForms10.COMBOBOX.app.0.1b2cf09_r42_ad1	1774630
                             Components	ControlType.List	ComboLBox	ListBox
                                 DragDropCopyCutPaste:Solution Properties	ControlType.ListItem		
                             Drop Down Button	ControlType.Button		DropDown
                         PropertyGrid	ControlType.Pane	WindowsForms10.Window.8.app.0.1b2cf09_r42_ad1	244060168
                             Description Pane	ControlType.Pane	WindowsForms10.Window.8.app.0.1b2cf09_r42_ad1	789280
                                 (Name)	ControlType.Text	WindowsForms10.STATIC.app.0.1b2cf09_r42_ad1	1250258
                                 The name of the solution file.	ControlType.Text	WindowsForms10.STATIC.app.0.1b2cf09_r42_ad1	594818
                             Properties Window	ControlType.Table	WindowsForms10.Window.8.app.0.1b2cf09_r42_ad1	529250
                                 Misc	ControlType.Custom		
                                 (Name)	ControlType.Custom		
                                 Active config	ControlType.Custom		
                                 Description	ControlType.Custom		
                                 Path	ControlType.Custom		
                                 Startup project	ControlType.Custom		
                             ToolBar	ControlType.ToolBar	WindowsForms10.Window.8.app.0.1b2cf09_r42_ad1	332640
                                 Categorized	ControlType.Button		
                                 Alphabetical	ControlType.Button		
                                 	ControlType.Separator		
                                 Property Pages	ControlType.Button		
     Server Explorer	ControlType.Button	Button	AUTOHIDE_ST:0:0:{74946827-37a0-11d2-a273-00c04f8ef4ff}
         	ControlType.Image	Image	ToolTitleIcon
         Server Explorer	ControlType.Text	TextBlock	Text
     Toolbox	ControlType.Button	Button	AUTOHIDE_ST:0:0:{b1e99781-ab81-11d0-b683-00aa00a3ee26}
         	ControlType.Image	Image	ToolTitleIcon
         Toolbox	ControlType.Text	TextBlock	Text
     ToolBarDockRight	ControlType.Pane		
     ToolBarDockBottom	ControlType.Pane		
     	ControlType.StatusBar	StatusBar	StatusBarContainer
         Node.js code analysis is up to date, analyzed 1 function(s) in 0 milliseconds	ControlType.Text	CompartmentAutomationPeer	TextCompartment
         	ControlType.Text	CompartmentAutomationPeer	LineColumnCharacterCompartment
         	ControlType.Text	CompartmentAutomationPeer	XYWidthHeightCompartment
         	ControlType.Text	CompartmentAutomationPeer	SelectionModeCompartment
         	ControlType.Text	CompartmentAutomationPeer	InsertionModeCompartment</StdOut>
        <ErrorInfo>
          <Message>Test method Microsoft.VisualStudioTools.SharedProjectTests.DragDropCopyCutPaste.CutFileReplace threw exception: 
System.InvalidOperationException: Operation is not valid due to the current state of the object.</Message>
          <StackTrace>    at TestUtilities.UI.AutomationWrapper.CheckNullElement(ITreeNode element) in C:\src\nodejstools\Common\Tests\Utilities.UI\UI\AutomationWrapper.cs:line 230
   at TestUtilities.UI.AutomationWrapper.Select(ITreeNode selectionItem) in C:\src\nodejstools\Common\Tests\Utilities.UI\UI\AutomationWrapper.cs:line 262
   at Microsoft.VisualStudioTools.SharedProjectTests.DragDropCopyCutPaste.MoveByKeyboard(IVisualStudioInstance vs, ITreeNode destination, ITreeNode[] source) in C:\src\nodejstools\Common\Tests\SharedProjectTests\DragDropCopyCutPaste.cs:line 1714
   at Microsoft.VisualStudioTools.SharedProjectTests.DragDropCopyCutPaste.CutFileReplace() in C:\src\nodejstools\Common\Tests\SharedProjectTests\DragDropCopyCutPaste.cs:line 561
</StackTrace>
        </ErrorInfo>
      </Output>
    </UnitTestResult>
    <UnitTestResult executionId="67796f0b-478d-4144-b69c-f90a55d9cbba" testId="5b3a0ca2-eaee-34a8-8221-8914c2961a90" testName="CutFolderAndFile" computerName="DESKTOP-RRA95A8" duration="00:00:24.4267073" startTime="2016-01-24T03:22:46.0276689-08:00" endTime="2016-01-24T03:23:11.8177973-08:00" testType="13cdc9d9-ddb5-4fa4-a97d-d965ccfc6d4b" outcome="Failed" testListId="8c84fa94-04c1-424b-9868-57a2d4851a1d" relativeResultsDirectory="67796f0b-478d-4144-b69c-f90a55d9cbba">
      <Output>
        <StdOut>Opening C:\src\nodejstools\TestResults\Itani_DESKTOP-RRA95A8 2016-01-24 02_34_51\Out\Temp\0lnridp1.ltn\DragDropCopyCutPaste.sln
Failed to find Solution 'DragDropCopyCutPaste' (1 project)\DragDropCopyCutPaste\CutFolderAndFile\CutFolder
Name    ClassName      ControlType    AutomationID
 Solution Explorer	ControlType.Tree	TreeView	SolutionExplorer
     Solution 'DragDropCopyCutPaste' ‎(1 project)	ControlType.TreeItem	TreeViewItem	
         DragDropCopyCutPaste	ControlType.TreeItem	TreeViewItem	
             npm	ControlType.TreeItem	TreeViewItem	
             CutFolderAndFile (node)	ControlType.TreeItem	TreeViewItem	
Failed to find Solution 'DragDropCopyCutPaste' (1 project)\DragDropCopyCutPaste\CutFolderAndFile\CutFolder\CutFolderAndFile.js
Name    ClassName      ControlType    AutomationID
 Solution Explorer	ControlType.Tree	TreeView	SolutionExplorer
     Solution 'DragDropCopyCutPaste' ‎(1 project)	ControlType.TreeItem	TreeViewItem	
         DragDropCopyCutPaste	ControlType.TreeItem	TreeViewItem	
             npm	ControlType.TreeItem	TreeViewItem	
             CutFolderAndFile (node)	ControlType.TreeItem	TreeViewItem	
Attempting to invoke pattern on null node
Name    ClassName      ControlType    AutomationID
 DragDropCopyCutPaste - Microsoft Visual Studio - Experimental Instance	ControlType.Window	Window	VisualStudioMainWindow
     DragDropCopyCutPaste - Microsoft Visual Studio - Experimental Instance	ControlType.TitleBar		TitleBar
         System Menu Bar	ControlType.MenuBar		SystemMenuBar
             System	ControlType.MenuItem		Item 1
         Minimize	ControlType.Button		Minimize
         Restore	ControlType.Button		Restore
         Close	ControlType.Button		Close
     DragDropCopyCutPaste - Microsoft Visual Studio - Experimental Instance	ControlType.TitleBar		TitleBar
         Minimize	ControlType.Button	Button	Minimize
         Restore	ControlType.Button	Button	Restore
         Close	ControlType.Button	Button	Close
         User Notifications Badge Control	ControlType.Custom	UserNotificationsBadge	UserNotificationsBadge
             User Notifications Badge	ControlType.Button	Button	UserNotificationsBadgeButton
                 4	ControlType.Text	Text	UserNotificationsCountLabel
                     4	ControlType.Text	TextBlock	
         	ControlType.Custom	SendASmileButton	Button_1
             Feedback	ControlType.Button	Button	Feedback
                 	ControlType.Image	Image	ButtonIcon
                 	ControlType.Image	Image	ButtonIconFeedback
         Quick Launch Control	ControlType.Custom	GlobalSearchControl	GlobalSearchControl
             Search Control	ControlType.Custom	SearchControl	SearchControl
                 Quick Launch (Ctrl+Q)	ControlType.Edit	TextBox	PART_SearchBox
                     	ControlType.ScrollBar	ScrollBar	VerticalScrollBar
                     	ControlType.ScrollBar	ScrollBar	HorizontalScrollBar
                 Search	ControlType.Button	Button	PART_SearchButton
                 Drop Down Button	ControlType.Button	Button	PART_SearchDropdownButton
     Connected User Information	ControlType.Custom	UserInformationCard	UserControl_1
         	ControlType.Image	Image	ErrorImage
         Sign in	ControlType.Text	TextBlock	TextBlock_1
             Sign in	ControlType.Hyperlink	Hyperlink	
         	ControlType.Text	TextBlock	DisplayName
         Show Connected User Information Card	ControlType.Button	Button	MoreInformationDropdown
         	ControlType.Image	Image	SignedOutImage
         	ControlType.Image	Image	UserImage
     MenuBar	ControlType.MenuBar	Menu	MenuBar
         File	ControlType.MenuItem	MenuItem	
         Edit	ControlType.MenuItem	MenuItem	
         View	ControlType.MenuItem	MenuItem	
         Project	ControlType.MenuItem	MenuItem	
         Build	ControlType.MenuItem	MenuItem	
         Debug	ControlType.MenuItem	MenuItem	
         Team	ControlType.MenuItem	MenuItem	
         Tools	ControlType.MenuItem	MenuItem	
         Architecture	ControlType.MenuItem	MenuItem	
         Test	ControlType.MenuItem	MenuItem	
         Analyze	ControlType.MenuItem	MenuItem	
         Window	ControlType.MenuItem	MenuItem	
         Help	ControlType.MenuItem	MenuItem	
     ToolBarDockTop	ControlType.Pane		
         Standard	ControlType.ToolBar	ToolBar	
             Navigate Backward	ControlType.Button	Button	
                 Navigate Backward	ControlType.Menu	Menu	
                     Navigate Backward	ControlType.MenuItem	MenuItem	PART_FocusTarget
             Navigate Forward	ControlType.Button	Button	
                 	ControlType.Image	Image	
                 Navigate _Forward	ControlType.Text	TextBlock	
             New Project	ControlType.Button	Button	
                 New Project	ControlType.Menu	Menu	
                     New Project	ControlType.MenuItem	MenuItem	PART_FocusTarget
             Open File...	ControlType.Button	Button	
                 	ControlType.Image	Image	
                 _Open File...	ControlType.Text	TextBlock	
             Save DragDropCopyCutPaste.sln	ControlType.Button	Button	
                 	ControlType.Image	Image	
                 _Save DragDropCopyCutPaste.sln	ControlType.Text	TextBlock	
             Save All	ControlType.Button	Button	
                 	ControlType.Image	Image	
                 Save A_ll	ControlType.Text	TextBlock	
             Undo	ControlType.Button	Button	
                 Undo	ControlType.Menu	Menu	
                     Undo	ControlType.SplitButton	VsSplitButton	PART_FocusTarget
                         Undo	ControlType.Button	Button	
                             	ControlType.Image	Image	
             Redo	ControlType.Button	Button	
                 Redo	ControlType.Menu	Menu	
                     Redo	ControlType.SplitButton	VsSplitButton	PART_FocusTarget
                         Redo	ControlType.Button	Button	
                             	ControlType.Image	Image	
             Solution Configurations	ControlType.Button	Button	
                 	ControlType.Button	Button	Label
                 Solution Configurations	ControlType.ComboBox	ComboBox	PART_FocusTarget
                     Debug	ControlType.ListItem	ListBoxItem	Debug
             Solution Platforms	ControlType.Button	Button	
                 	ControlType.Button	Button	Label
                 Solution Platforms	ControlType.ComboBox	ComboBox	PART_FocusTarget
                     Any CPU	ControlType.ListItem	ListBoxItem	Any CPU
             Debug Target	ControlType.Button	Button	
                 Debug Target	ControlType.Menu	Menu	
                     Debug Target	ControlType.MenuItem	MenuItem	PART_FocusTarget
             Browser Link	ControlType.Button	Button	
                 Browser Link	ControlType.Menu	Menu	
                     Browser Link	ControlType.MenuItem	MenuItem	PART_FocusTarget
             Find in Files	ControlType.Button	Button	
                 	ControlType.Image	Image	
                 F_ind in Files	ControlType.Text	TextBlock	
             Toolbar Options	ControlType.Button	Button	Toolbar Options
     ToolBarDockLeft	ControlType.Pane		
     	ControlType.Pane	DockRoot	
         	ControlType.Thumb	Thumb	SplitterGrip
         	ControlType.Thumb	Thumb	SplitterGrip
         	ControlType.Thumb	Thumb	SplitterGrip
         	ControlType.Thumb	Thumb	SplitterGrip
         	ControlType.Thumb	Thumb	SplitterGrip
         Output	ControlType.Pane	ViewPresenter	ST:0:0:{34e76e81-ee4a-11d0-ae2e-00a0c90fffc3}
             Output	ControlType.TitleBar	ToolWindowTitleBar	
                 Output	ControlType.TitleBar	DragUndockHeaderTitleBar	DragHeader
                     Hide	ControlType.Button	Button	HideButton
                     MaximizeRestore	ControlType.Button	Button	MaximizeRestoreButton
                     Auto Hide	ControlType.Button	Button	AutoHideButton
                     Window Menu	ControlType.Button	Button	DropDownMenuButton
                     Output	ControlType.Text	TextBlock	
                     *	ControlType.Text	TextBlock	DirtyIndicator
             Output	ControlType.Pane	GenericPane	
                 	ControlType.Custom		WpfTextViewHost
                     Text Editor	ControlType.Edit	WpfTextView	WpfTextView
                     Line Selection Margin	ControlType.Custom	SelectionMargin	SelectionMargin
                     	ControlType.ScrollBar	ScrollBar	WpfEditorUIVerticalScrollbar
                         M0,5 9,5 9,4 8,4  8,3 7,3 7,2 6,2 6,1 5,1 5,0 4,0 4,1 3,1 3,2 2,2 2,3 1,3, 1,4 0,4 Z	ControlType.Button	RepeatButton	LineUp
                         	ControlType.Button	RepeatButton	PageUp
                         	ControlType.Thumb	Thumb	
                         	ControlType.Button	RepeatButton	PageDown
                         M0,0 9,0 9,1 8,1 8,2 8,2 7,2 7,3 6,3 6,4 5,4 5,5 4,5 4,4 3,4 3,3 2,3 2,2 1,2 1,1 0,1 Z	ControlType.Button	RepeatButton	LineDown
                     	ControlType.ScrollBar	ScrollBar	WpfEditorUIHorizontalScrollbar
                         M5,0 5,9 4,9 4,8 3,8 3,7 2,7 2,6 1,6 1,5 0,5 0,4 1,4 1,3 2,3 2,2 3,2 3,1 4,1 4,0z	ControlType.Button	RepeatButton	LineLeft
                         	ControlType.Button	RepeatButton	PageLeft
                         	ControlType.Thumb	Thumb	
                         	ControlType.Button	RepeatButton	PageRight
                         M0,0 0,9 1,9 1,8 2,8 2,7 3,7 3,6 4,6 4,5 5,5 5,4 4,4 4,3 3,3 3,2 2,2 2,1 1,1 1,0z	ControlType.Button	RepeatButton	LineRight
             	ControlType.Pane		
                 Output Window	ControlType.ToolBar	ToolBar	
                     Show output from:	ControlType.Button	Button	
                         	ControlType.Button	Button	Label
                             _Show output from:	ControlType.Text	TextBlock	
                         Show output from:	ControlType.ComboBox	ComboBox	PART_FocusTarget
                             Build	ControlType.ListItem	ListBoxItem	Build
                     Go To Location	ControlType.Button	Button	
                         	ControlType.Image	Image	
                         _Go To Location	ControlType.Text	TextBlock	
                     Go To Previous Location	ControlType.Button	Button	
                         	ControlType.Image	Image	
                         Go To _Previous Location	ControlType.Text	TextBlock	
                     Go To Next Location	ControlType.Button	Button	
                         	ControlType.Image	Image	
                         Go To _Next Location	ControlType.Text	TextBlock	
                     Clear All	ControlType.Button	Button	
                         	ControlType.Image	Image	
                         Clear Al_l	ControlType.Text	TextBlock	
                     Toggle word wrap	ControlType.Button	Button	
                         	ControlType.Image	Image	
                         _Toggle word wrap	ControlType.Text	TextBlock	
                     Toolbar Options	ControlType.Button	Button	Toolbar Options
         	ControlType.Thumb	Thumb	SplitterGrip
         	ControlType.Thumb	Thumb	SplitterGrip
         Solution Explorer	ControlType.Pane	ToolWindowTabGroupContainer	TabGroup|ST:0:0:{3ae79031-e1bc-11d0-8f78-00a0c9110057}|ST:0:0:{131369f2-062d-44a2-8671-91ff31efb4f4}|ST:0:0:{c9c0ae26-aa77-11d2-b3f0-0000f87570ee}
             Solution Explorer	ControlType.TitleBar	ToolWindowTitleBar	PART_Header
                 TabGroup, Children = 14, VisibleChildren = 3, DockedWidth = 348.16, DockedHeight = 537.6	ControlType.TitleBar	DragUndockHeaderTitleBar	DragHeader
                     Hide	ControlType.Button	Button	HideButton
                     MaximizeRestore	ControlType.Button	Button	MaximizeRestoreButton
                     Auto Hide	ControlType.Button	Button	AutoHideButton
                     Window Menu	ControlType.Button	Button	DropDownMenuButton
                     Solution Explorer	ControlType.Text	TextBlock	
                     *	ControlType.Text	TextBlock	DirtyIndicator
             	ControlType.Tab	ToolWindowTabGroup	TabGroup|ST:0:0:{3ae79031-e1bc-11d0-8f78-00a0c9110057}|ST:0:0:{131369f2-062d-44a2-8671-91ff31efb4f4}|ST:0:0:{c9c0ae26-aa77-11d2-b3f0-0000f87570ee}
                 Solution Explorer	ControlType.TabItem	TabItem	TAB_ST:0:0:{3ae79031-e1bc-11d0-8f78-00a0c9110057}
                     Solution Explorer	ControlType.TitleBar	DragUndockHeaderTitleBar	
                         	ControlType.Image	Image	ToolTitleIcon
                         Solution Explorer	ControlType.Text	TextBlock	Text
                     Solution Explorer	ControlType.Pane	ViewPresenter	ST:0:0:{3ae79031-e1bc-11d0-8f78-00a0c9110057}
                         	ControlType.Pane		
                             Explorer	ControlType.ToolBar	ToolBar	
                                 Back	ControlType.Button	Button	
                                     	ControlType.Image	Image	
                                     Back	ControlType.Text	TextBlock	
                                 Forward	ControlType.Button	Button	
                                     	ControlType.Image	Image	
                                     Forward	ControlType.Text	TextBlock	
                                 Home	ControlType.Button	Button	
                                     	ControlType.Image	Image	
                                     Home	ControlType.Text	TextBlock	
                                 Filter Solution Explorer To	ControlType.Button	Button	
                                     Filter Solution Explorer To	ControlType.Menu	Menu	
                                         Filter Solution Explorer To	ControlType.MenuItem	MenuItem	PART_FocusTarget
                                 Sync with Active Document	ControlType.Button	Button	
                                     	ControlType.Image	Image	
                                     Sync with Active Document	ControlType.Text	TextBlock	
                                 Collapse All	ControlType.Button	Button	
                                     	ControlType.Image	Image	
                                     Collapse All	ControlType.Text	TextBlock	
                                 Properties	ControlType.Button	Button	
                                     	ControlType.Image	Image	
                                     P_roperties	ControlType.Text	TextBlock	
                                 Preview Selected Items	ControlType.Button	Button	
                                     	ControlType.Image	Image	
                                     Preview Selected Items	ControlType.Text	TextBlock	
                                 Show on Code Map	ControlType.Button	Button	
                                     	ControlType.Image	Image	
                                     Show on _Code Map	ControlType.Text	TextBlock	
                                 Toolbar Options	ControlType.Button	Button	Toolbar Options
                         Search Control	ControlType.Custom	SearchControl	SearchControl
                             Search Solution Explorer (Ctrl+;)	ControlType.Edit	TextBox	PART_SearchBox
                                 	ControlType.ScrollBar	ScrollBar	VerticalScrollBar
                                 	ControlType.ScrollBar	ScrollBar	HorizontalScrollBar
                             Search	ControlType.Button	Button	PART_SearchButton
                             Drop Down Button	ControlType.Button	Button	PART_SearchDropdownButton
                             Search Control Drop Down	ControlType.Custom	UserControl	PART_SearchPopupContent
                         Solution Explorer	ControlType.Pane	GenericPane	
                             Solution Explorer	ControlType.Tree	TreeView	SolutionExplorer
                                 Solution 'DragDropCopyCutPaste' ‎(1 project)	ControlType.TreeItem	TreeViewItem	
                                     DragDropCopyCutPaste	ControlType.TreeItem	TreeViewItem	
                                         npm	ControlType.TreeItem	TreeViewItem	
                                         CutFolderAndFile (node)	ControlType.TreeItem	TreeViewItem	
                             	ControlType.ProgressBar	ProgressBar	
                 Team Explorer - Connect	ControlType.TabItem	TabItem	TAB_ST:0:0:{131369f2-062d-44a2-8671-91ff31efb4f4}
                     Team Explorer - Connect	ControlType.TitleBar	DragUndockHeaderTitleBar	
                         	ControlType.Image	Image	ToolTitleIcon
                         Team Explorer	ControlType.Text	TextBlock	Text
                 Class View	ControlType.TabItem	TabItem	TAB_ST:0:0:{c9c0ae26-aa77-11d2-b3f0-0000f87570ee}
                     Class View	ControlType.TitleBar	DragUndockHeaderTitleBar	
                         	ControlType.Image	Image	ToolTitleIcon
                         Class View	ControlType.Text	TextBlock	Text
         	ControlType.Thumb	Thumb	SplitterGrip
         Properties	ControlType.Pane	ViewPresenter	ST:0:0:{eefa5220-e298-11d0-8f78-00a0c9110057}
             Properties	ControlType.TitleBar	ToolWindowTitleBar	
                 Properties	ControlType.TitleBar	DragUndockHeaderTitleBar	DragHeader
                     Hide	ControlType.Button	Button	HideButton
                     MaximizeRestore	ControlType.Button	Button	MaximizeRestoreButton
                     Auto Hide	ControlType.Button	Button	AutoHideButton
                     Window Menu	ControlType.Button	Button	DropDownMenuButton
                     Properties	ControlType.Text	TextBlock	
                     *	ControlType.Text	TextBlock	DirtyIndicator
             	ControlType.Pane	HwndHost	
                 Properties	ControlType.Pane	GenericPane	
                     Property Browser	ControlType.Pane	WindowsForms10.Window.8.app.0.1b2cf09_r42_ad1	988654
                         Components	ControlType.ComboBox	WindowsForms10.COMBOBOX.app.0.1b2cf09_r42_ad1	1774630
                             Components	ControlType.List	ComboLBox	ListBox
                                 DragDropCopyCutPaste:Solution Properties	ControlType.ListItem		
                             Drop Down Button	ControlType.Button		DropDown
                         PropertyGrid	ControlType.Pane	WindowsForms10.Window.8.app.0.1b2cf09_r42_ad1	244060168
                             Description Pane	ControlType.Pane	WindowsForms10.Window.8.app.0.1b2cf09_r42_ad1	789280
                                 (Name)	ControlType.Text	WindowsForms10.STATIC.app.0.1b2cf09_r42_ad1	1250258
                                 The name of the solution file.	ControlType.Text	WindowsForms10.STATIC.app.0.1b2cf09_r42_ad1	594818
                             Properties Window	ControlType.Table	WindowsForms10.Window.8.app.0.1b2cf09_r42_ad1	529250
                                 Misc	ControlType.Custom		
                                 (Name)	ControlType.Custom		
                                 Active config	ControlType.Custom		
                                 Description	ControlType.Custom		
                                 Path	ControlType.Custom		
                                 Startup project	ControlType.Custom		
                             ToolBar	ControlType.ToolBar	WindowsForms10.Window.8.app.0.1b2cf09_r42_ad1	332640
                                 Categorized	ControlType.Button		
                                 Alphabetical	ControlType.Button		
                                 	ControlType.Separator		
                                 Property Pages	ControlType.Button		
     Server Explorer	ControlType.Button	Button	AUTOHIDE_ST:0:0:{74946827-37a0-11d2-a273-00c04f8ef4ff}
         	ControlType.Image	Image	ToolTitleIcon
         Server Explorer	ControlType.Text	TextBlock	Text
     Toolbox	ControlType.Button	Button	AUTOHIDE_ST:0:0:{b1e99781-ab81-11d0-b683-00aa00a3ee26}
         	ControlType.Image	Image	ToolTitleIcon
         Toolbox	ControlType.Text	TextBlock	Text
     ToolBarDockRight	ControlType.Pane		
     ToolBarDockBottom	ControlType.Pane		
     	ControlType.StatusBar	StatusBar	StatusBarContainer
         Node.js code analysis is up to date, analyzed 1 function(s) in 0 milliseconds	ControlType.Text	CompartmentAutomationPeer	TextCompartment
         	ControlType.Text	CompartmentAutomationPeer	LineColumnCharacterCompartment
         	ControlType.Text	CompartmentAutomationPeer	XYWidthHeightCompartment
         	ControlType.Text	CompartmentAutomationPeer	SelectionModeCompartment
         	ControlType.Text	CompartmentAutomationPeer	InsertionModeCompartment</StdOut>
        <ErrorInfo>
          <Message>Test method Microsoft.VisualStudioTools.SharedProjectTests.DragDropCopyCutPaste.CutFolderAndFile threw exception: 
System.InvalidOperationException: Operation is not valid due to the current state of the object.</Message>
          <StackTrace>    at TestUtilities.UI.AutomationWrapper.CheckNullElement(ITreeNode element) in C:\src\nodejstools\Common\Tests\Utilities.UI\UI\AutomationWrapper.cs:line 230
   at TestUtilities.UI.AutomationWrapper.Select(ITreeNode selectionItem) in C:\src\nodejstools\Common\Tests\Utilities.UI\UI\AutomationWrapper.cs:line 262
   at Microsoft.VisualStudioTools.SharedProjectTests.DragDropCopyCutPaste.CutFolderAndFile() in C:\src\nodejstools\Common\Tests\SharedProjectTests\DragDropCopyCutPaste.cs:line 593
</StackTrace>
        </ErrorInfo>
      </Output>
    </UnitTestResult>
    <UnitTestResult executionId="88f1349a-bb74-479b-862d-5c93544f5456" testId="d219f9af-1e3e-7af1-2f4a-a1b377702767" testName="CutFilePasteSameLocation" computerName="DESKTOP-RRA95A8" duration="00:00:06.8668130" startTime="2016-01-24T03:23:11.8276993-08:00" endTime="2016-01-24T03:23:19.2564491-08:00" testType="13cdc9d9-ddb5-4fa4-a97d-d965ccfc6d4b" outcome="Passed" testListId="8c84fa94-04c1-424b-9868-57a2d4851a1d" relativeResultsDirectory="88f1349a-bb74-479b-862d-5c93544f5456">
      <Output>
        <StdOut>Opening C:\src\nodejstools\TestResults\Itani_DESKTOP-RRA95A8 2016-01-24 02_34_51\Out\Temp\acy03aoa.k5y\DragDropCopyCutPaste.sln
Ending dialog: 
Name    ClassName      ControlType    AutomationID
 Microsoft Visual Studio	ControlType.Window	#32770	
     OK	ControlType.Button	Button	2
     	ControlType.Image	Static	20
     Cannot move 'CutFilePasteSameLocation.js'. The destination folder is the same as the source folder.	ControlType.Text	Static	65535
     Microsoft Visual Studio	ControlType.TitleBar		TitleBar
         System Menu Bar	ControlType.MenuBar		SystemMenuBar
             System	ControlType.MenuItem		Item 1
         Close	ControlType.Button		Close
--------</StdOut>
      </Output>
    </UnitTestResult>
    <UnitTestResult executionId="fb0e1231-3203-4425-ae2e-f6afe38955bb" testId="396bbf1d-63b5-3f6a-5a44-58b2b60a2904" testName="DragFolderAndFileOntoSelf" computerName="DESKTOP-RRA95A8" duration="00:00:23.2826958" startTime="2016-01-24T03:23:19.2704879-08:00" endTime="2016-01-24T03:23:44.3168238-08:00" testType="13cdc9d9-ddb5-4fa4-a97d-d965ccfc6d4b" outcome="Failed" testListId="8c84fa94-04c1-424b-9868-57a2d4851a1d" relativeResultsDirectory="fb0e1231-3203-4425-ae2e-f6afe38955bb">
      <Output>
        <StdOut>Opening C:\src\nodejstools\TestResults\Itani_DESKTOP-RRA95A8 2016-01-24 02_34_51\Out\Temp\kyce04ns.jwr\DragDropCopyCutPaste.sln
Failed to find Solution 'DragDropCopyCutPaste' (1 project)\DragDropCopyCutPaste\DragFolderAndFileOntoSelf
Name    ClassName      ControlType    AutomationID
 Solution Explorer	ControlType.Tree	TreeView	SolutionExplorer
     Solution 'DragDropCopyCutPaste' ‎(1 project)	ControlType.TreeItem	TreeViewItem	
         DragDropCopyCutPaste	ControlType.TreeItem	TreeViewItem	
             npm	ControlType.TreeItem	TreeViewItem	
             DragFolderAndFileOntoSelf (node)	ControlType.TreeItem	TreeViewItem	
Failed to find Solution 'DragDropCopyCutPaste' (1 project)\DragDropCopyCutPaste\DragFolderAndFileOntoSelf\File.js
Name    ClassName      ControlType    AutomationID
 Solution Explorer	ControlType.Tree	TreeView	SolutionExplorer
     Solution 'DragDropCopyCutPaste' ‎(1 project)	ControlType.TreeItem	TreeViewItem	
         DragDropCopyCutPaste	ControlType.TreeItem	TreeViewItem	
             npm	ControlType.TreeItem	TreeViewItem	
             DragFolderAndFileOntoSelf (node)	ControlType.TreeItem	TreeViewItem</StdOut>
        <ErrorInfo>
          <Message>Test method Microsoft.VisualStudioTools.SharedProjectTests.DragDropCopyCutPaste.DragFolderAndFileOntoSelf threw exception: 
System.NullReferenceException: Object reference not set to an instance of an object.</Message>
          <StackTrace>    at Microsoft.VisualStudioTools.SharedProjectTests.DragDropCopyCutPaste.DragFolderAndFileOntoSelf() in C:\src\nodejstools\Common\Tests\SharedProjectTests\DragDropCopyCutPaste.cs:line 656
</StackTrace>
        </ErrorInfo>
      </Output>
    </UnitTestResult>
    <UnitTestResult executionId="15b7e96e-c247-453c-a58b-fa93c3234a69" testId="01341187-53f4-6622-71cc-fd94772d4812" testName="CopyFolderFromAnotherHierarchy" computerName="DESKTOP-RRA95A8" duration="00:00:03.7812409" startTime="2016-01-24T03:23:44.3217294-08:00" endTime="2016-01-24T03:23:49.5576608-08:00" testType="13cdc9d9-ddb5-4fa4-a97d-d965ccfc6d4b" outcome="Passed" testListId="8c84fa94-04c1-424b-9868-57a2d4851a1d" relativeResultsDirectory="15b7e96e-c247-453c-a58b-fa93c3234a69">
      <Output>
        <StdOut>Opening C:\src\nodejstools\TestResults\Itani_DESKTOP-RRA95A8 2016-01-24 02_34_51\Out\Temp\0d35gf0v.erf\DragDropCopyCutPaste.sln</StdOut>
      </Output>
    </UnitTestResult>
    <UnitTestResult executionId="01526fd2-953e-4ba9-a032-d38ac90bdfd6" testId="33d025c9-c719-30ac-2fa6-01636ea3b186" testName="CopyDeletePaste" computerName="DESKTOP-RRA95A8" duration="00:00:13.4864690" startTime="2016-01-24T03:23:49.5704174-08:00" endTime="2016-01-24T03:24:04.9778719-08:00" testType="13cdc9d9-ddb5-4fa4-a97d-d965ccfc6d4b" outcome="Failed" testListId="8c84fa94-04c1-424b-9868-57a2d4851a1d" relativeResultsDirectory="01526fd2-953e-4ba9-a032-d38ac90bdfd6">
      <Output>
        <StdOut>Opening C:\src\nodejstools\TestResults\Itani_DESKTOP-RRA95A8 2016-01-24 02_34_51\Out\Temp\1izuwep4.rta\DragDropCopyCutPaste.sln
Failed to find Solution 'DragDropCopyCutPaste' (1 project)\DragDropCopyCutPaste\CopyDeletePaste\CopyDeletePaste.js
Name    ClassName      ControlType    AutomationID
 Solution Explorer	ControlType.Tree	TreeView	SolutionExplorer
     Solution 'DragDropCopyCutPaste' ‎(1 project)	ControlType.TreeItem	TreeViewItem	
         DragDropCopyCutPaste	ControlType.TreeItem	TreeViewItem	
             npm	ControlType.TreeItem	TreeViewItem	
             CopyDeletePaste (node)	ControlType.TreeItem	TreeViewItem	
Attempting to invoke pattern on null node
Name    ClassName      ControlType    AutomationID
 DragDropCopyCutPaste - Microsoft Visual Studio - Experimental Instance	ControlType.Window	Window	VisualStudioMainWindow
     DragDropCopyCutPaste - Microsoft Visual Studio - Experimental Instance	ControlType.TitleBar		TitleBar
         System Menu Bar	ControlType.MenuBar		SystemMenuBar
             System	ControlType.MenuItem		Item 1
         Minimize	ControlType.Button		Minimize
         Restore	ControlType.Button		Restore
         Close	ControlType.Button		Close
     DragDropCopyCutPaste - Microsoft Visual Studio - Experimental Instance	ControlType.TitleBar		TitleBar
         Minimize	ControlType.Button	Button	Minimize
         Restore	ControlType.Button	Button	Restore
         Close	ControlType.Button	Button	Close
         User Notifications Badge Control	ControlType.Custom	UserNotificationsBadge	UserNotificationsBadge
             User Notifications Badge	ControlType.Button	Button	UserNotificationsBadgeButton
                 4	ControlType.Text	Text	UserNotificationsCountLabel
                     4	ControlType.Text	TextBlock	
         	ControlType.Custom	SendASmileButton	Button_1
             Feedback	ControlType.Button	Button	Feedback
                 	ControlType.Image	Image	ButtonIcon
                 	ControlType.Image	Image	ButtonIconFeedback
         Quick Launch Control	ControlType.Custom	GlobalSearchControl	GlobalSearchControl
             Search Control	ControlType.Custom	SearchControl	SearchControl
                 Quick Launch (Ctrl+Q)	ControlType.Edit	TextBox	PART_SearchBox
                     	ControlType.ScrollBar	ScrollBar	VerticalScrollBar
                     	ControlType.ScrollBar	ScrollBar	HorizontalScrollBar
                 Search	ControlType.Button	Button	PART_SearchButton
                 Drop Down Button	ControlType.Button	Button	PART_SearchDropdownButton
     Connected User Information	ControlType.Custom	UserInformationCard	UserControl_1
         	ControlType.Image	Image	ErrorImage
         Sign in	ControlType.Text	TextBlock	TextBlock_1
             Sign in	ControlType.Hyperlink	Hyperlink	
         	ControlType.Text	TextBlock	DisplayName
         Show Connected User Information Card	ControlType.Button	Button	MoreInformationDropdown
         	ControlType.Image	Image	SignedOutImage
         	ControlType.Image	Image	UserImage
     MenuBar	ControlType.MenuBar	Menu	MenuBar
         File	ControlType.MenuItem	MenuItem	
         Edit	ControlType.MenuItem	MenuItem	
         View	ControlType.MenuItem	MenuItem	
         Project	ControlType.MenuItem	MenuItem	
         Build	ControlType.MenuItem	MenuItem	
         Debug	ControlType.MenuItem	MenuItem	
         Team	ControlType.MenuItem	MenuItem	
         Tools	ControlType.MenuItem	MenuItem	
         Architecture	ControlType.MenuItem	MenuItem	
         Test	ControlType.MenuItem	MenuItem	
         Analyze	ControlType.MenuItem	MenuItem	
         Window	ControlType.MenuItem	MenuItem	
         Help	ControlType.MenuItem	MenuItem	
     ToolBarDockTop	ControlType.Pane		
         Standard	ControlType.ToolBar	ToolBar	
             Navigate Backward	ControlType.Button	Button	
                 Navigate Backward	ControlType.Menu	Menu	
                     Navigate Backward	ControlType.MenuItem	MenuItem	PART_FocusTarget
             Navigate Forward	ControlType.Button	Button	
                 	ControlType.Image	Image	
                 Navigate _Forward	ControlType.Text	TextBlock	
             New Project	ControlType.Button	Button	
                 New Project	ControlType.Menu	Menu	
                     New Project	ControlType.MenuItem	MenuItem	PART_FocusTarget
             Open File...	ControlType.Button	Button	
                 	ControlType.Image	Image	
                 _Open File...	ControlType.Text	TextBlock	
             Save DragDropCopyCutPaste.sln	ControlType.Button	Button	
                 	ControlType.Image	Image	
                 _Save DragDropCopyCutPaste.sln	ControlType.Text	TextBlock	
             Save All	ControlType.Button	Button	
                 	ControlType.Image	Image	
                 Save A_ll	ControlType.Text	TextBlock	
             Undo	ControlType.Button	Button	
                 Undo	ControlType.Menu	Menu	
                     Undo	ControlType.SplitButton	VsSplitButton	PART_FocusTarget
                         Undo	ControlType.Button	Button	
                             	ControlType.Image	Image	
             Redo	ControlType.Button	Button	
                 Redo	ControlType.Menu	Menu	
                     Redo	ControlType.SplitButton	VsSplitButton	PART_FocusTarget
                         Redo	ControlType.Button	Button	
                             	ControlType.Image	Image	
             Solution Configurations	ControlType.Button	Button	
                 	ControlType.Button	Button	Label
                 Solution Configurations	ControlType.ComboBox	ComboBox	PART_FocusTarget
                     Debug	ControlType.ListItem	ListBoxItem	Debug
             Solution Platforms	ControlType.Button	Button	
                 	ControlType.Button	Button	Label
                 Solution Platforms	ControlType.ComboBox	ComboBox	PART_FocusTarget
                     Any CPU	ControlType.ListItem	ListBoxItem	Any CPU
             Debug Target	ControlType.Button	Button	
                 Debug Target	ControlType.Menu	Menu	
                     Debug Target	ControlType.MenuItem	MenuItem	PART_FocusTarget
             Browser Link	ControlType.Button	Button	
                 Browser Link	ControlType.Menu	Menu	
                     Browser Link	ControlType.MenuItem	MenuItem	PART_FocusTarget
             Find in Files	ControlType.Button	Button	
                 	ControlType.Image	Image	
                 F_ind in Files	ControlType.Text	TextBlock	
             Toolbar Options	ControlType.Button	Button	Toolbar Options
     ToolBarDockLeft	ControlType.Pane		
     	ControlType.Pane	DockRoot	
         	ControlType.Thumb	Thumb	SplitterGrip
         	ControlType.Thumb	Thumb	SplitterGrip
         	ControlType.Thumb	Thumb	SplitterGrip
         	ControlType.Thumb	Thumb	SplitterGrip
         	ControlType.Thumb	Thumb	SplitterGrip
         Output	ControlType.Pane	ViewPresenter	ST:0:0:{34e76e81-ee4a-11d0-ae2e-00a0c90fffc3}
             Output	ControlType.TitleBar	ToolWindowTitleBar	
                 Output	ControlType.TitleBar	DragUndockHeaderTitleBar	DragHeader
                     Hide	ControlType.Button	Button	HideButton
                     MaximizeRestore	ControlType.Button	Button	MaximizeRestoreButton
                     Auto Hide	ControlType.Button	Button	AutoHideButton
                     Window Menu	ControlType.Button	Button	DropDownMenuButton
                     Output	ControlType.Text	TextBlock	
                     *	ControlType.Text	TextBlock	DirtyIndicator
             Output	ControlType.Pane	GenericPane	
                 	ControlType.Custom		WpfTextViewHost
                     Text Editor	ControlType.Edit	WpfTextView	WpfTextView
                     Line Selection Margin	ControlType.Custom	SelectionMargin	SelectionMargin
                     	ControlType.ScrollBar	ScrollBar	WpfEditorUIVerticalScrollbar
                         M0,5 9,5 9,4 8,4  8,3 7,3 7,2 6,2 6,1 5,1 5,0 4,0 4,1 3,1 3,2 2,2 2,3 1,3, 1,4 0,4 Z	ControlType.Button	RepeatButton	LineUp
                         	ControlType.Button	RepeatButton	PageUp
                         	ControlType.Thumb	Thumb	
                         	ControlType.Button	RepeatButton	PageDown
                         M0,0 9,0 9,1 8,1 8,2 8,2 7,2 7,3 6,3 6,4 5,4 5,5 4,5 4,4 3,4 3,3 2,3 2,2 1,2 1,1 0,1 Z	ControlType.Button	RepeatButton	LineDown
                     	ControlType.ScrollBar	ScrollBar	WpfEditorUIHorizontalScrollbar
                         M5,0 5,9 4,9 4,8 3,8 3,7 2,7 2,6 1,6 1,5 0,5 0,4 1,4 1,3 2,3 2,2 3,2 3,1 4,1 4,0z	ControlType.Button	RepeatButton	LineLeft
                         	ControlType.Button	RepeatButton	PageLeft
                         	ControlType.Thumb	Thumb	
                         	ControlType.Button	RepeatButton	PageRight
                         M0,0 0,9 1,9 1,8 2,8 2,7 3,7 3,6 4,6 4,5 5,5 5,4 4,4 4,3 3,3 3,2 2,2 2,1 1,1 1,0z	ControlType.Button	RepeatButton	LineRight
             	ControlType.Pane		
                 Output Window	ControlType.ToolBar	ToolBar	
                     Show output from:	ControlType.Button	Button	
                         	ControlType.Button	Button	Label
                             _Show output from:	ControlType.Text	TextBlock	
                         Show output from:	ControlType.ComboBox	ComboBox	PART_FocusTarget
                             Build	ControlType.ListItem	ListBoxItem	Build
                     Go To Location	ControlType.Button	Button	
                         	ControlType.Image	Image	
                         _Go To Location	ControlType.Text	TextBlock	
                     Go To Previous Location	ControlType.Button	Button	
                         	ControlType.Image	Image	
                         Go To _Previous Location	ControlType.Text	TextBlock	
                     Go To Next Location	ControlType.Button	Button	
                         	ControlType.Image	Image	
                         Go To _Next Location	ControlType.Text	TextBlock	
                     Clear All	ControlType.Button	Button	
                         	ControlType.Image	Image	
                         Clear Al_l	ControlType.Text	TextBlock	
                     Toggle word wrap	ControlType.Button	Button	
                         	ControlType.Image	Image	
                         _Toggle word wrap	ControlType.Text	TextBlock	
                     Toolbar Options	ControlType.Button	Button	Toolbar Options
         	ControlType.Thumb	Thumb	SplitterGrip
         	ControlType.Thumb	Thumb	SplitterGrip
         Solution Explorer	ControlType.Pane	ToolWindowTabGroupContainer	TabGroup|ST:0:0:{3ae79031-e1bc-11d0-8f78-00a0c9110057}|ST:0:0:{131369f2-062d-44a2-8671-91ff31efb4f4}|ST:0:0:{c9c0ae26-aa77-11d2-b3f0-0000f87570ee}
             Solution Explorer	ControlType.TitleBar	ToolWindowTitleBar	PART_Header
                 TabGroup, Children = 14, VisibleChildren = 3, DockedWidth = 348.16, DockedHeight = 537.6	ControlType.TitleBar	DragUndockHeaderTitleBar	DragHeader
                     Hide	ControlType.Button	Button	HideButton
                     MaximizeRestore	ControlType.Button	Button	MaximizeRestoreButton
                     Auto Hide	ControlType.Button	Button	AutoHideButton
                     Window Menu	ControlType.Button	Button	DropDownMenuButton
                     Solution Explorer	ControlType.Text	TextBlock	
                     *	ControlType.Text	TextBlock	DirtyIndicator
             	ControlType.Tab	ToolWindowTabGroup	TabGroup|ST:0:0:{3ae79031-e1bc-11d0-8f78-00a0c9110057}|ST:0:0:{131369f2-062d-44a2-8671-91ff31efb4f4}|ST:0:0:{c9c0ae26-aa77-11d2-b3f0-0000f87570ee}
                 Solution Explorer	ControlType.TabItem	TabItem	TAB_ST:0:0:{3ae79031-e1bc-11d0-8f78-00a0c9110057}
                     Solution Explorer	ControlType.TitleBar	DragUndockHeaderTitleBar	
                         	ControlType.Image	Image	ToolTitleIcon
                         Solution Explorer	ControlType.Text	TextBlock	Text
                     Solution Explorer	ControlType.Pane	ViewPresenter	ST:0:0:{3ae79031-e1bc-11d0-8f78-00a0c9110057}
                         	ControlType.Pane		
                             Explorer	ControlType.ToolBar	ToolBar	
                                 Back	ControlType.Button	Button	
                                     	ControlType.Image	Image	
                                     Back	ControlType.Text	TextBlock	
                                 Forward	ControlType.Button	Button	
                                     	ControlType.Image	Image	
                                     Forward	ControlType.Text	TextBlock	
                                 Home	ControlType.Button	Button	
                                     	ControlType.Image	Image	
                                     Home	ControlType.Text	TextBlock	
                                 Filter Solution Explorer To	ControlType.Button	Button	
                                     Filter Solution Explorer To	ControlType.Menu	Menu	
                                         Filter Solution Explorer To	ControlType.MenuItem	MenuItem	PART_FocusTarget
                                 Sync with Active Document	ControlType.Button	Button	
                                     	ControlType.Image	Image	
                                     Sync with Active Document	ControlType.Text	TextBlock	
                                 Collapse All	ControlType.Button	Button	
                                     	ControlType.Image	Image	
                                     Collapse All	ControlType.Text	TextBlock	
                                 Properties	ControlType.Button	Button	
                                     	ControlType.Image	Image	
                                     P_roperties	ControlType.Text	TextBlock	
                                 Preview Selected Items	ControlType.Button	Button	
                                     	ControlType.Image	Image	
                                     Preview Selected Items	ControlType.Text	TextBlock	
                                 Show on Code Map	ControlType.Button	Button	
                                     	ControlType.Image	Image	
                                     Show on _Code Map	ControlType.Text	TextBlock	
                                 Toolbar Options	ControlType.Button	Button	Toolbar Options
                         Search Control	ControlType.Custom	SearchControl	SearchControl
                             Search Solution Explorer (Ctrl+;)	ControlType.Edit	TextBox	PART_SearchBox
                                 	ControlType.ScrollBar	ScrollBar	VerticalScrollBar
                                 	ControlType.ScrollBar	ScrollBar	HorizontalScrollBar
                             Search	ControlType.Button	Button	PART_SearchButton
                             Drop Down Button	ControlType.Button	Button	PART_SearchDropdownButton
                             Search Control Drop Down	ControlType.Custom	UserControl	PART_SearchPopupContent
                         Solution Explorer	ControlType.Pane	GenericPane	
                             Solution Explorer	ControlType.Tree	TreeView	SolutionExplorer
                                 Solution 'DragDropCopyCutPaste' ‎(1 project)	ControlType.TreeItem	TreeViewItem	
                                     DragDropCopyCutPaste	ControlType.TreeItem	TreeViewItem	
                                         npm	ControlType.TreeItem	TreeViewItem	
                                         CopyDeletePaste (node)	ControlType.TreeItem	TreeViewItem	
                             	ControlType.ProgressBar	ProgressBar	
                 Team Explorer - Connect	ControlType.TabItem	TabItem	TAB_ST:0:0:{131369f2-062d-44a2-8671-91ff31efb4f4}
                     Team Explorer - Connect	ControlType.TitleBar	DragUndockHeaderTitleBar	
                         	ControlType.Image	Image	ToolTitleIcon
                         Team Explorer	ControlType.Text	TextBlock	Text
                 Class View	ControlType.TabItem	TabItem	TAB_ST:0:0:{c9c0ae26-aa77-11d2-b3f0-0000f87570ee}
                     Class View	ControlType.TitleBar	DragUndockHeaderTitleBar	
                         	ControlType.Image	Image	ToolTitleIcon
                         Class View	ControlType.Text	TextBlock	Text
         	ControlType.Thumb	Thumb	SplitterGrip
         Properties	ControlType.Pane	ViewPresenter	ST:0:0:{eefa5220-e298-11d0-8f78-00a0c9110057}
             Properties	ControlType.TitleBar	ToolWindowTitleBar	
                 Properties	ControlType.TitleBar	DragUndockHeaderTitleBar	DragHeader
                     Hide	ControlType.Button	Button	HideButton
                     MaximizeRestore	ControlType.Button	Button	MaximizeRestoreButton
                     Auto Hide	ControlType.Button	Button	AutoHideButton
                     Window Menu	ControlType.Button	Button	DropDownMenuButton
                     Properties	ControlType.Text	TextBlock	
                     *	ControlType.Text	TextBlock	DirtyIndicator
             	ControlType.Pane	HwndHost	
                 Properties	ControlType.Pane	GenericPane	
                     Property Browser	ControlType.Pane	WindowsForms10.Window.8.app.0.1b2cf09_r42_ad1	988654
                         Components	ControlType.ComboBox	WindowsForms10.COMBOBOX.app.0.1b2cf09_r42_ad1	1774630
                             Components	ControlType.List	ComboLBox	ListBox
                                 DragDropCopyCutPaste:Solution Properties	ControlType.ListItem		
                             Drop Down Button	ControlType.Button		DropDown
                         PropertyGrid	ControlType.Pane	WindowsForms10.Window.8.app.0.1b2cf09_r42_ad1	244060168
                             Description Pane	ControlType.Pane	WindowsForms10.Window.8.app.0.1b2cf09_r42_ad1	789280
                                 (Name)	ControlType.Text	WindowsForms10.STATIC.app.0.1b2cf09_r42_ad1	1250258
                                 The name of the solution file.	ControlType.Text	WindowsForms10.STATIC.app.0.1b2cf09_r42_ad1	594818
                             Properties Window	ControlType.Table	WindowsForms10.Window.8.app.0.1b2cf09_r42_ad1	529250
                                 Misc	ControlType.Custom		
                                 (Name)	ControlType.Custom		
                                 Active config	ControlType.Custom		
                                 Description	ControlType.Custom		
                                 Path	ControlType.Custom		
                                 Startup project	ControlType.Custom		
                             ToolBar	ControlType.ToolBar	WindowsForms10.Window.8.app.0.1b2cf09_r42_ad1	332640
                                 Categorized	ControlType.Button		
                                 Alphabetical	ControlType.Button		
                                 	ControlType.Separator		
                                 Property Pages	ControlType.Button		
     Server Explorer	ControlType.Button	Button	AUTOHIDE_ST:0:0:{74946827-37a0-11d2-a273-00c04f8ef4ff}
         	ControlType.Image	Image	ToolTitleIcon
         Server Explorer	ControlType.Text	TextBlock	Text
     Toolbox	ControlType.Button	Button	AUTOHIDE_ST:0:0:{b1e99781-ab81-11d0-b683-00aa00a3ee26}
         	ControlType.Image	Image	ToolTitleIcon
         Toolbox	ControlType.Text	TextBlock	Text
     ToolBarDockRight	ControlType.Pane		
     ToolBarDockBottom	ControlType.Pane		
     	ControlType.StatusBar	StatusBar	StatusBarContainer
         Node.js code analysis is up to date, analyzed 1 function(s) in 2 milliseconds	ControlType.Text	CompartmentAutomationPeer	TextCompartment
         	ControlType.Text	CompartmentAutomationPeer	LineColumnCharacterCompartment
         	ControlType.Text	CompartmentAutomationPeer	XYWidthHeightCompartment
         	ControlType.Text	CompartmentAutomationPeer	SelectionModeCompartment
         	ControlType.Text	CompartmentAutomationPeer	InsertionModeCompartment</StdOut>
        <ErrorInfo>
          <Message>Test method Microsoft.VisualStudioTools.SharedProjectTests.DragDropCopyCutPaste.CopyDeletePaste threw exception: 
System.InvalidOperationException: Operation is not valid due to the current state of the object.</Message>
          <StackTrace>    at TestUtilities.UI.AutomationWrapper.CheckNullElement(ITreeNode element) in C:\src\nodejstools\Common\Tests\Utilities.UI\UI\AutomationWrapper.cs:line 230
   at TestUtilities.UI.AutomationWrapper.Select(ITreeNode selectionItem) in C:\src\nodejstools\Common\Tests\Utilities.UI\UI\AutomationWrapper.cs:line 262
   at Microsoft.VisualStudioTools.SharedProjectTests.DragDropCopyCutPaste.CopyDeletePaste() in C:\src\nodejstools\Common\Tests\SharedProjectTests\DragDropCopyCutPaste.cs:line 727
</StackTrace>
        </ErrorInfo>
      </Output>
    </UnitTestResult>
    <UnitTestResult executionId="9ef67ace-4b7c-45bb-9587-a1f587478844" testId="ee95aa6e-7e45-2108-0f80-281e5e37ba14" testName="CrossHierarchyFileDragAndDropKeyboard" computerName="DESKTOP-RRA95A8" duration="00:00:06.1931958" startTime="2016-01-24T03:24:04.9847412-08:00" endTime="2016-01-24T03:24:11.6777112-08:00" testType="13cdc9d9-ddb5-4fa4-a97d-d965ccfc6d4b" outcome="Passed" testListId="8c84fa94-04c1-424b-9868-57a2d4851a1d" relativeResultsDirectory="9ef67ace-4b7c-45bb-9587-a1f587478844">
      <Output>
        <StdOut>Opening C:\src\nodejstools\TestResults\Itani_DESKTOP-RRA95A8 2016-01-24 02_34_51\Out\Temp\fptxqim5.uf4\DragDropCopyCutPaste.sln</StdOut>
      </Output>
    </UnitTestResult>
    <UnitTestResult executionId="07a65fe9-d825-4e45-bd1a-24e828f02af8" testId="6ee034c2-4658-6903-eb5d-c7abd20e430b" testName="CrossHierarchyFileDragAndDropMouse" computerName="DESKTOP-RRA95A8" duration="00:00:05.5909325" startTime="2016-01-24T03:24:11.6934107-08:00" endTime="2016-01-24T03:24:17.7885729-08:00" testType="13cdc9d9-ddb5-4fa4-a97d-d965ccfc6d4b" outcome="Passed" testListId="8c84fa94-04c1-424b-9868-57a2d4851a1d" relativeResultsDirectory="07a65fe9-d825-4e45-bd1a-24e828f02af8">
      <Output>
        <StdOut>Opening C:\src\nodejstools\TestResults\Itani_DESKTOP-RRA95A8 2016-01-24 02_34_51\Out\Temp\zjmiefir.h1o\DragDropCopyCutPaste.sln</StdOut>
      </Output>
    </UnitTestResult>
    <UnitTestResult executionId="28ad42b6-4207-47d2-955b-f835e8e6de84" testId="014f7d16-ce2b-a95e-cb6f-11db69a3a738" testName="MoveDuplicateFolderNameKeyboard" computerName="DESKTOP-RRA95A8" duration="00:00:06.7844650" startTime="2016-01-24T03:24:17.7954316-08:00" endTime="2016-01-24T03:24:25.0464215-08:00" testType="13cdc9d9-ddb5-4fa4-a97d-d965ccfc6d4b" outcome="Passed" testListId="8c84fa94-04c1-424b-9868-57a2d4851a1d" relativeResultsDirectory="28ad42b6-4207-47d2-955b-f835e8e6de84">
      <Output>
        <StdOut>Opening C:\src\nodejstools\TestResults\Itani_DESKTOP-RRA95A8 2016-01-24 02_34_51\Out\Temp\aqf4istn.ebd\DragDropCopyCutPaste.sln
Ending dialog: 
Name    ClassName      ControlType    AutomationID
 Microsoft Visual Studio	ControlType.Window	#32770	
     OK	ControlType.Button	Button	2
     	ControlType.Image	Static	20
     Cannot move the folder 'DuplicateFolderName'. A folder with that name already exists in the destination directory.	ControlType.Text	Static	65535
     Microsoft Visual Studio	ControlType.TitleBar		TitleBar
         System Menu Bar	ControlType.MenuBar		SystemMenuBar
             System	ControlType.MenuItem		Item 1
         Close	ControlType.Button		Close
--------</StdOut>
      </Output>
    </UnitTestResult>
    <UnitTestResult executionId="cccfc6c6-1f02-4abe-a7d6-0e7447ecd193" testId="932a21a9-4bc7-e149-1a36-5bdef40a3816" testName="MoveDuplicateFolderNameMouse" computerName="DESKTOP-RRA95A8" duration="00:00:05.3558052" startTime="2016-01-24T03:24:25.0634659-08:00" endTime="2016-01-24T03:24:30.9577023-08:00" testType="13cdc9d9-ddb5-4fa4-a97d-d965ccfc6d4b" outcome="Passed" testListId="8c84fa94-04c1-424b-9868-57a2d4851a1d" relativeResultsDirectory="cccfc6c6-1f02-4abe-a7d6-0e7447ecd193">
      <Output>
        <StdOut>Opening C:\src\nodejstools\TestResults\Itani_DESKTOP-RRA95A8 2016-01-24 02_34_51\Out\Temp\foxkddqs.td3\DragDropCopyCutPaste.sln
Ending dialog: 
Name    ClassName      ControlType    AutomationID
 Microsoft Visual Studio	ControlType.Window	#32770	
     OK	ControlType.Button	Button	2
     	ControlType.Image	Static	20
     Cannot move the folder 'DuplicateFolderName'. A folder with that name already exists in the destination directory.	ControlType.Text	Static	65535
     Microsoft Visual Studio	ControlType.TitleBar		TitleBar
         System Menu Bar	ControlType.MenuBar		SystemMenuBar
             System	ControlType.MenuItem		Item 1
         Close	ControlType.Button		Close
--------</StdOut>
      </Output>
    </UnitTestResult>
    <UnitTestResult executionId="4359359b-74a9-4f62-b59b-2ccbb0fc7d37" testId="0c920c9d-6fef-f920-d3fc-b469ce22ece8" testName="CopyDuplicateFolderNameKeyboard" computerName="DESKTOP-RRA95A8" duration="00:00:13.5786478" startTime="2016-01-24T03:24:30.9657236-08:00" endTime="2016-01-24T03:24:46.6640116-08:00" testType="13cdc9d9-ddb5-4fa4-a97d-d965ccfc6d4b" outcome="Failed" testListId="8c84fa94-04c1-424b-9868-57a2d4851a1d" relativeResultsDirectory="4359359b-74a9-4f62-b59b-2ccbb0fc7d37">
      <Output>
        <StdOut>Opening C:\src\nodejstools\TestResults\Itani_DESKTOP-RRA95A8 2016-01-24 02_34_51\Out\Temp\440xrmoa.dod\DragDropCopyCutPaste.sln
Failed to find Solution 'DragDropCopyCutPaste' (1 project)\DragDropCopyCutPaste\CopyDuplicateFolderName
Name    ClassName      ControlType    AutomationID
 Solution Explorer	ControlType.Tree	TreeView	SolutionExplorer
     Solution 'DragDropCopyCutPaste' ‎(1 project)	ControlType.TreeItem	TreeViewItem	
         DragDropCopyCutPaste	ControlType.TreeItem	TreeViewItem	
             npm	ControlType.TreeItem	TreeViewItem	
             CopyDuplicateFolderName (node)	ControlType.TreeItem	TreeViewItem	
             CopyDuplicateFolderNameTarget	ControlType.TreeItem	TreeViewItem	
Attempting to invoke pattern on null node
Name    ClassName      ControlType    AutomationID
 DragDropCopyCutPaste - Microsoft Visual Studio - Experimental Instance	ControlType.Window	Window	VisualStudioMainWindow
     DragDropCopyCutPaste - Microsoft Visual Studio - Experimental Instance	ControlType.TitleBar		TitleBar
         System Menu Bar	ControlType.MenuBar		SystemMenuBar
             System	ControlType.MenuItem		Item 1
         Minimize	ControlType.Button		Minimize
         Restore	ControlType.Button		Restore
         Close	ControlType.Button		Close
     DragDropCopyCutPaste - Microsoft Visual Studio - Experimental Instance	ControlType.TitleBar		TitleBar
         Minimize	ControlType.Button	Button	Minimize
         Restore	ControlType.Button	Button	Restore
         Close	ControlType.Button	Button	Close
         User Notifications Badge Control	ControlType.Custom	UserNotificationsBadge	UserNotificationsBadge
             User Notifications Badge	ControlType.Button	Button	UserNotificationsBadgeButton
                 4	ControlType.Text	Text	UserNotificationsCountLabel
                     4	ControlType.Text	TextBlock	
         	ControlType.Custom	SendASmileButton	Button_1
             Feedback	ControlType.Button	Button	Feedback
                 	ControlType.Image	Image	ButtonIcon
                 	ControlType.Image	Image	ButtonIconFeedback
         Quick Launch Control	ControlType.Custom	GlobalSearchControl	GlobalSearchControl
             Search Control	ControlType.Custom	SearchControl	SearchControl
                 Quick Launch (Ctrl+Q)	ControlType.Edit	TextBox	PART_SearchBox
                     	ControlType.ScrollBar	ScrollBar	VerticalScrollBar
                     	ControlType.ScrollBar	ScrollBar	HorizontalScrollBar
                 Search	ControlType.Button	Button	PART_SearchButton
                 Drop Down Button	ControlType.Button	Button	PART_SearchDropdownButton
     Connected User Information	ControlType.Custom	UserInformationCard	UserControl_1
         	ControlType.Image	Image	ErrorImage
         Sign in	ControlType.Text	TextBlock	TextBlock_1
             Sign in	ControlType.Hyperlink	Hyperlink	
         	ControlType.Text	TextBlock	DisplayName
         Show Connected User Information Card	ControlType.Button	Button	MoreInformationDropdown
         	ControlType.Image	Image	SignedOutImage
         	ControlType.Image	Image	UserImage
     MenuBar	ControlType.MenuBar	Menu	MenuBar
         File	ControlType.MenuItem	MenuItem	
         Edit	ControlType.MenuItem	MenuItem	
         View	ControlType.MenuItem	MenuItem	
         Project	ControlType.MenuItem	MenuItem	
         Build	ControlType.MenuItem	MenuItem	
         Debug	ControlType.MenuItem	MenuItem	
         Team	ControlType.MenuItem	MenuItem	
         Tools	ControlType.MenuItem	MenuItem	
         Architecture	ControlType.MenuItem	MenuItem	
         Test	ControlType.MenuItem	MenuItem	
         Analyze	ControlType.MenuItem	MenuItem	
         Window	ControlType.MenuItem	MenuItem	
         Help	ControlType.MenuItem	MenuItem	
     ToolBarDockTop	ControlType.Pane		
         Standard	ControlType.ToolBar	ToolBar	
             Navigate Backward	ControlType.Button	Button	
                 Navigate Backward	ControlType.Menu	Menu	
                     Navigate Backward	ControlType.MenuItem	MenuItem	PART_FocusTarget
             Navigate Forward	ControlType.Button	Button	
                 	ControlType.Image	Image	
                 Navigate _Forward	ControlType.Text	TextBlock	
             New Project	ControlType.Button	Button	
                 New Project	ControlType.Menu	Menu	
                     New Project	ControlType.MenuItem	MenuItem	PART_FocusTarget
             Open File...	ControlType.Button	Button	
                 	ControlType.Image	Image	
                 _Open File...	ControlType.Text	TextBlock	
             Save DragDropCopyCutPaste.sln	ControlType.Button	Button	
                 	ControlType.Image	Image	
                 _Save DragDropCopyCutPaste.sln	ControlType.Text	TextBlock	
             Save All	ControlType.Button	Button	
                 	ControlType.Image	Image	
                 Save A_ll	ControlType.Text	TextBlock	
             Undo	ControlType.Button	Button	
                 Undo	ControlType.Menu	Menu	
                     Undo	ControlType.SplitButton	VsSplitButton	PART_FocusTarget
                         Undo	ControlType.Button	Button	
                             	ControlType.Image	Image	
             Redo	ControlType.Button	Button	
                 Redo	ControlType.Menu	Menu	
                     Redo	ControlType.SplitButton	VsSplitButton	PART_FocusTarget
                         Redo	ControlType.Button	Button	
                             	ControlType.Image	Image	
             Solution Configurations	ControlType.Button	Button	
                 	ControlType.Button	Button	Label
                 Solution Configurations	ControlType.ComboBox	ComboBox	PART_FocusTarget
                     Debug	ControlType.ListItem	ListBoxItem	Debug
             Solution Platforms	ControlType.Button	Button	
                 	ControlType.Button	Button	Label
                 Solution Platforms	ControlType.ComboBox	ComboBox	PART_FocusTarget
                     Any CPU	ControlType.ListItem	ListBoxItem	Any CPU
             Debug Target	ControlType.Button	Button	
                 Debug Target	ControlType.Menu	Menu	
                     Debug Target	ControlType.MenuItem	MenuItem	PART_FocusTarget
             Browser Link	ControlType.Button	Button	
                 Browser Link	ControlType.Menu	Menu	
                     Browser Link	ControlType.MenuItem	MenuItem	PART_FocusTarget
             Find in Files	ControlType.Button	Button	
                 	ControlType.Image	Image	
                 F_ind in Files	ControlType.Text	TextBlock	
             Toolbar Options	ControlType.Button	Button	Toolbar Options
     ToolBarDockLeft	ControlType.Pane		
     	ControlType.Pane	DockRoot	
         	ControlType.Thumb	Thumb	SplitterGrip
         	ControlType.Thumb	Thumb	SplitterGrip
         	ControlType.Thumb	Thumb	SplitterGrip
         	ControlType.Thumb	Thumb	SplitterGrip
         	ControlType.Thumb	Thumb	SplitterGrip
         Output	ControlType.Pane	ViewPresenter	ST:0:0:{34e76e81-ee4a-11d0-ae2e-00a0c90fffc3}
             Output	ControlType.TitleBar	ToolWindowTitleBar	
                 Output	ControlType.TitleBar	DragUndockHeaderTitleBar	DragHeader
                     Hide	ControlType.Button	Button	HideButton
                     MaximizeRestore	ControlType.Button	Button	MaximizeRestoreButton
                     Auto Hide	ControlType.Button	Button	AutoHideButton
                     Window Menu	ControlType.Button	Button	DropDownMenuButton
                     Output	ControlType.Text	TextBlock	
                     *	ControlType.Text	TextBlock	DirtyIndicator
             Output	ControlType.Pane	GenericPane	
                 	ControlType.Custom		WpfTextViewHost
                     Text Editor	ControlType.Edit	WpfTextView	WpfTextView
                     Line Selection Margin	ControlType.Custom	SelectionMargin	SelectionMargin
                     	ControlType.ScrollBar	ScrollBar	WpfEditorUIVerticalScrollbar
                         M0,5 9,5 9,4 8,4  8,3 7,3 7,2 6,2 6,1 5,1 5,0 4,0 4,1 3,1 3,2 2,2 2,3 1,3, 1,4 0,4 Z	ControlType.Button	RepeatButton	LineUp
                         	ControlType.Button	RepeatButton	PageUp
                         	ControlType.Thumb	Thumb	
                         	ControlType.Button	RepeatButton	PageDown
                         M0,0 9,0 9,1 8,1 8,2 8,2 7,2 7,3 6,3 6,4 5,4 5,5 4,5 4,4 3,4 3,3 2,3 2,2 1,2 1,1 0,1 Z	ControlType.Button	RepeatButton	LineDown
                     	ControlType.ScrollBar	ScrollBar	WpfEditorUIHorizontalScrollbar
                         M5,0 5,9 4,9 4,8 3,8 3,7 2,7 2,6 1,6 1,5 0,5 0,4 1,4 1,3 2,3 2,2 3,2 3,1 4,1 4,0z	ControlType.Button	RepeatButton	LineLeft
                         	ControlType.Button	RepeatButton	PageLeft
                         	ControlType.Thumb	Thumb	
                         	ControlType.Button	RepeatButton	PageRight
                         M0,0 0,9 1,9 1,8 2,8 2,7 3,7 3,6 4,6 4,5 5,5 5,4 4,4 4,3 3,3 3,2 2,2 2,1 1,1 1,0z	ControlType.Button	RepeatButton	LineRight
             	ControlType.Pane		
                 Output Window	ControlType.ToolBar	ToolBar	
                     Show output from:	ControlType.Button	Button	
                         	ControlType.Button	Button	Label
                             _Show output from:	ControlType.Text	TextBlock	
                         Show output from:	ControlType.ComboBox	ComboBox	PART_FocusTarget
                             Build	ControlType.ListItem	ListBoxItem	Build
                     Go To Location	ControlType.Button	Button	
                         	ControlType.Image	Image	
                         _Go To Location	ControlType.Text	TextBlock	
                     Go To Previous Location	ControlType.Button	Button	
                         	ControlType.Image	Image	
                         Go To _Previous Location	ControlType.Text	TextBlock	
                     Go To Next Location	ControlType.Button	Button	
                         	ControlType.Image	Image	
                         Go To _Next Location	ControlType.Text	TextBlock	
                     Clear All	ControlType.Button	Button	
                         	ControlType.Image	Image	
                         Clear Al_l	ControlType.Text	TextBlock	
                     Toggle word wrap	ControlType.Button	Button	
                         	ControlType.Image	Image	
                         _Toggle word wrap	ControlType.Text	TextBlock	
                     Toolbar Options	ControlType.Button	Button	Toolbar Options
         	ControlType.Thumb	Thumb	SplitterGrip
         	ControlType.Thumb	Thumb	SplitterGrip
         Solution Explorer	ControlType.Pane	ToolWindowTabGroupContainer	TabGroup|ST:0:0:{3ae79031-e1bc-11d0-8f78-00a0c9110057}|ST:0:0:{131369f2-062d-44a2-8671-91ff31efb4f4}|ST:0:0:{c9c0ae26-aa77-11d2-b3f0-0000f87570ee}
             Solution Explorer	ControlType.TitleBar	ToolWindowTitleBar	PART_Header
                 TabGroup, Children = 14, VisibleChildren = 3, DockedWidth = 348.16, DockedHeight = 537.6	ControlType.TitleBar	DragUndockHeaderTitleBar	DragHeader
                     Hide	ControlType.Button	Button	HideButton
                     MaximizeRestore	ControlType.Button	Button	MaximizeRestoreButton
                     Auto Hide	ControlType.Button	Button	AutoHideButton
                     Window Menu	ControlType.Button	Button	DropDownMenuButton
                     Solution Explorer	ControlType.Text	TextBlock	
                     *	ControlType.Text	TextBlock	DirtyIndicator
             	ControlType.Tab	ToolWindowTabGroup	TabGroup|ST:0:0:{3ae79031-e1bc-11d0-8f78-00a0c9110057}|ST:0:0:{131369f2-062d-44a2-8671-91ff31efb4f4}|ST:0:0:{c9c0ae26-aa77-11d2-b3f0-0000f87570ee}
                 Solution Explorer	ControlType.TabItem	TabItem	TAB_ST:0:0:{3ae79031-e1bc-11d0-8f78-00a0c9110057}
                     Solution Explorer	ControlType.TitleBar	DragUndockHeaderTitleBar	
                         	ControlType.Image	Image	ToolTitleIcon
                         Solution Explorer	ControlType.Text	TextBlock	Text
                     Solution Explorer	ControlType.Pane	ViewPresenter	ST:0:0:{3ae79031-e1bc-11d0-8f78-00a0c9110057}
                         	ControlType.Pane		
                             Explorer	ControlType.ToolBar	ToolBar	
                                 Back	ControlType.Button	Button	
                                     	ControlType.Image	Image	
                                     Back	ControlType.Text	TextBlock	
                                 Forward	ControlType.Button	Button	
                                     	ControlType.Image	Image	
                                     Forward	ControlType.Text	TextBlock	
                                 Home	ControlType.Button	Button	
                                     	ControlType.Image	Image	
                                     Home	ControlType.Text	TextBlock	
                                 Filter Solution Explorer To	ControlType.Button	Button	
                                     Filter Solution Explorer To	ControlType.Menu	Menu	
                                         Filter Solution Explorer To	ControlType.MenuItem	MenuItem	PART_FocusTarget
                                 Sync with Active Document	ControlType.Button	Button	
                                     	ControlType.Image	Image	
                                     Sync with Active Document	ControlType.Text	TextBlock	
                                 Collapse All	ControlType.Button	Button	
                                     	ControlType.Image	Image	
                                     Collapse All	ControlType.Text	TextBlock	
                                 Properties	ControlType.Button	Button	
                                     	ControlType.Image	Image	
                                     P_roperties	ControlType.Text	TextBlock	
                                 Preview Selected Items	ControlType.Button	Button	
                                     	ControlType.Image	Image	
                                     Preview Selected Items	ControlType.Text	TextBlock	
                                 Show on Code Map	ControlType.Button	Button	
                                     	ControlType.Image	Image	
                                     Show on _Code Map	ControlType.Text	TextBlock	
                                 Toolbar Options	ControlType.Button	Button	Toolbar Options
                         Search Control	ControlType.Custom	SearchControl	SearchControl
                             Search Solution Explorer (Ctrl+;)	ControlType.Edit	TextBox	PART_SearchBox
                                 	ControlType.ScrollBar	ScrollBar	VerticalScrollBar
                                 	ControlType.ScrollBar	ScrollBar	HorizontalScrollBar
                             Search	ControlType.Button	Button	PART_SearchButton
                             Drop Down Button	ControlType.Button	Button	PART_SearchDropdownButton
                             Search Control Drop Down	ControlType.Custom	UserControl	PART_SearchPopupContent
                         Solution Explorer	ControlType.Pane	GenericPane	
                             Solution Explorer	ControlType.Tree	TreeView	SolutionExplorer
                                 Solution 'DragDropCopyCutPaste' ‎(1 project)	ControlType.TreeItem	TreeViewItem	
                                     DragDropCopyCutPaste	ControlType.TreeItem	TreeViewItem	
                                         npm	ControlType.TreeItem	TreeViewItem	
                                         CopyDuplicateFolderName (node)	ControlType.TreeItem	TreeViewItem	
                                         CopyDuplicateFolderNameTarget	ControlType.TreeItem	TreeViewItem	
                             	ControlType.ProgressBar	ProgressBar	
                 Team Explorer - Connect	ControlType.TabItem	TabItem	TAB_ST:0:0:{131369f2-062d-44a2-8671-91ff31efb4f4}
                     Team Explorer - Connect	ControlType.TitleBar	DragUndockHeaderTitleBar	
                         	ControlType.Image	Image	ToolTitleIcon
                         Team Explorer	ControlType.Text	TextBlock	Text
                 Class View	ControlType.TabItem	TabItem	TAB_ST:0:0:{c9c0ae26-aa77-11d2-b3f0-0000f87570ee}
                     Class View	ControlType.TitleBar	DragUndockHeaderTitleBar	
                         	ControlType.Image	Image	ToolTitleIcon
                         Class View	ControlType.Text	TextBlock	Text
         	ControlType.Thumb	Thumb	SplitterGrip
         Properties	ControlType.Pane	ViewPresenter	ST:0:0:{eefa5220-e298-11d0-8f78-00a0c9110057}
             Properties	ControlType.TitleBar	ToolWindowTitleBar	
                 Properties	ControlType.TitleBar	DragUndockHeaderTitleBar	DragHeader
                     Hide	ControlType.Button	Button	HideButton
                     MaximizeRestore	ControlType.Button	Button	MaximizeRestoreButton
                     Auto Hide	ControlType.Button	Button	AutoHideButton
                     Window Menu	ControlType.Button	Button	DropDownMenuButton
                     Properties	ControlType.Text	TextBlock	
                     *	ControlType.Text	TextBlock	DirtyIndicator
             	ControlType.Pane	HwndHost	
                 Properties	ControlType.Pane	GenericPane	
                     Property Browser	ControlType.Pane	WindowsForms10.Window.8.app.0.1b2cf09_r42_ad1	988654
                         Components	ControlType.ComboBox	WindowsForms10.COMBOBOX.app.0.1b2cf09_r42_ad1	1774630
                             Components	ControlType.List	ComboLBox	ListBox
                                 DragDropCopyCutPaste:Solution Properties	ControlType.ListItem		
                             Drop Down Button	ControlType.Button		DropDown
                         PropertyGrid	ControlType.Pane	WindowsForms10.Window.8.app.0.1b2cf09_r42_ad1	244060168
                             Description Pane	ControlType.Pane	WindowsForms10.Window.8.app.0.1b2cf09_r42_ad1	789280
                                 (Name)	ControlType.Text	WindowsForms10.STATIC.app.0.1b2cf09_r42_ad1	1250258
                                 The name of the solution file.	ControlType.Text	WindowsForms10.STATIC.app.0.1b2cf09_r42_ad1	594818
                             Properties Window	ControlType.Table	WindowsForms10.Window.8.app.0.1b2cf09_r42_ad1	529250
                                 Misc	ControlType.Custom		
                                 (Name)	ControlType.Custom		
                                 Active config	ControlType.Custom		
                                 Description	ControlType.Custom		
                                 Path	ControlType.Custom		
                                 Startup project	ControlType.Custom		
                             ToolBar	ControlType.ToolBar	WindowsForms10.Window.8.app.0.1b2cf09_r42_ad1	332640
                                 Categorized	ControlType.Button		
                                 Alphabetical	ControlType.Button		
                                 	ControlType.Separator		
                                 Property Pages	ControlType.Button		
     Server Explorer	ControlType.Button	Button	AUTOHIDE_ST:0:0:{74946827-37a0-11d2-a273-00c04f8ef4ff}
         	ControlType.Image	Image	ToolTitleIcon
         Server Explorer	ControlType.Text	TextBlock	Text
     Toolbox	ControlType.Button	Button	AUTOHIDE_ST:0:0:{b1e99781-ab81-11d0-b683-00aa00a3ee26}
         	ControlType.Image	Image	ToolTitleIcon
         Toolbox	ControlType.Text	TextBlock	Text
     ToolBarDockRight	ControlType.Pane		
     ToolBarDockBottom	ControlType.Pane		
     	ControlType.StatusBar	StatusBar	StatusBarContainer
         Node.js code analysis is up to date, analyzed 2 function(s) in 0 milliseconds	ControlType.Text	CompartmentAutomationPeer	TextCompartment
         	ControlType.Text	CompartmentAutomationPeer	LineColumnCharacterCompartment
         	ControlType.Text	CompartmentAutomationPeer	XYWidthHeightCompartment
         	ControlType.Text	CompartmentAutomationPeer	SelectionModeCompartment
         	ControlType.Text	CompartmentAutomationPeer	InsertionModeCompartment</StdOut>
        <ErrorInfo>
          <Message>Test method Microsoft.VisualStudioTools.SharedProjectTests.DragDropCopyCutPaste.CopyDuplicateFolderNameKeyboard threw exception: 
System.InvalidOperationException: Operation is not valid due to the current state of the object.</Message>
          <StackTrace>    at TestUtilities.UI.AutomationWrapper.CheckNullElement(ITreeNode element) in C:\src\nodejstools\Common\Tests\Utilities.UI\UI\AutomationWrapper.cs:line 230
   at TestUtilities.UI.AutomationWrapper.Select(ITreeNode selectionItem) in C:\src\nodejstools\Common\Tests\Utilities.UI\UI\AutomationWrapper.cs:line 262
   at Microsoft.VisualStudioTools.SharedProjectTests.DragDropCopyCutPaste.CopyByKeyboard(IVisualStudioInstance vs, ITreeNode destination, ITreeNode[] source) in C:\src\nodejstools\Common\Tests\SharedProjectTests\DragDropCopyCutPaste.cs:line 1731
   at Microsoft.VisualStudioTools.SharedProjectTests.DragDropCopyCutPaste.CopyDuplicateFolderName(MoveDelegate mover) in C:\src\nodejstools\Common\Tests\SharedProjectTests\DragDropCopyCutPaste.cs:line 861
   at Microsoft.VisualStudioTools.SharedProjectTests.DragDropCopyCutPaste.CopyDuplicateFolderNameKeyboard() in C:\src\nodejstools\Common\Tests\SharedProjectTests\DragDropCopyCutPaste.cs:line 836
</StackTrace>
        </ErrorInfo>
      </Output>
    </UnitTestResult>
    <UnitTestResult executionId="ac40e006-b74a-4485-a8c4-5e551b981fdf" testId="7c6992aa-69b0-033e-e868-f5b12e993abd" testName="CopyDuplicateFolderNameMouse" computerName="DESKTOP-RRA95A8" duration="00:00:14.1694364" startTime="2016-01-24T03:24:46.6689182-08:00" endTime="2016-01-24T03:25:04.3536021-08:00" testType="13cdc9d9-ddb5-4fa4-a97d-d965ccfc6d4b" outcome="Failed" testListId="8c84fa94-04c1-424b-9868-57a2d4851a1d" relativeResultsDirectory="ac40e006-b74a-4485-a8c4-5e551b981fdf">
      <Output>
        <StdOut>Opening C:\src\nodejstools\TestResults\Itani_DESKTOP-RRA95A8 2016-01-24 02_34_51\Out\Temp\5uskx4nq.3xa\DragDropCopyCutPaste.sln
Failed to find Solution 'DragDropCopyCutPaste' (1 project)\DragDropCopyCutPaste\CopyDuplicateFolderName
Name    ClassName      ControlType    AutomationID
 Solution Explorer	ControlType.Tree	TreeView	SolutionExplorer
     Solution 'DragDropCopyCutPaste' ‎(1 project)	ControlType.TreeItem	TreeViewItem	
         DragDropCopyCutPaste	ControlType.TreeItem	TreeViewItem	
             npm	ControlType.TreeItem	TreeViewItem	
             CopyDuplicateFolderName (node)	ControlType.TreeItem	TreeViewItem	
             CopyDuplicateFolderNameTarget	ControlType.TreeItem	TreeViewItem</StdOut>
        <ErrorInfo>
          <Message>Test method Microsoft.VisualStudioTools.SharedProjectTests.DragDropCopyCutPaste.CopyDuplicateFolderNameMouse threw exception: 
System.NullReferenceException: Object reference not set to an instance of an object.</Message>
          <StackTrace>    at TestUtilities.UI.TreeNode.SelectItemsForDragAndDrop(ITreeNode[] source) in C:\src\nodejstools\Common\Tests\Utilities.UI\UI\TreeNode.cs:line 166
   at TestUtilities.UI.TreeNode.DragOntoThis(Key modifier, ITreeNode[] source) in C:\src\nodejstools\Common\Tests\Utilities.UI\UI\TreeNode.cs:line 181
   at Microsoft.VisualStudioTools.SharedProjectTests.DragDropCopyCutPaste.CopyByMouse(IVisualStudioInstance vs, ITreeNode destination, ITreeNode[] source) in C:\src\nodejstools\Common\Tests\SharedProjectTests\DragDropCopyCutPaste.cs:line 1705
   at Microsoft.VisualStudioTools.SharedProjectTests.DragDropCopyCutPaste.CopyDuplicateFolderName(MoveDelegate mover) in C:\src\nodejstools\Common\Tests\SharedProjectTests\DragDropCopyCutPaste.cs:line 861
   at Microsoft.VisualStudioTools.SharedProjectTests.DragDropCopyCutPaste.CopyDuplicateFolderNameMouse() in C:\src\nodejstools\Common\Tests\SharedProjectTests\DragDropCopyCutPaste.cs:line 842
</StackTrace>
        </ErrorInfo>
      </Output>
    </UnitTestResult>
    <UnitTestResult executionId="59db4862-84ea-42e8-97a2-ccf97e7c29fc" testId="9df5379a-a672-9454-4187-a5dc4c6ff134" testName="MoveCrossHierarchyKeyboard" computerName="DESKTOP-RRA95A8" duration="00:00:08.1856894" startTime="2016-01-24T03:25:04.3575274-08:00" endTime="2016-01-24T03:25:13.0692269-08:00" testType="13cdc9d9-ddb5-4fa4-a97d-d965ccfc6d4b" outcome="Passed" testListId="8c84fa94-04c1-424b-9868-57a2d4851a1d" relativeResultsDirectory="59db4862-84ea-42e8-97a2-ccf97e7c29fc">
      <Output>
        <StdOut>Opening C:\src\nodejstools\TestResults\Itani_DESKTOP-RRA95A8 2016-01-24 02_34_51\Out\Temp\usb3bikq.c1g\DragDropCopyCutPaste.sln</StdOut>
      </Output>
    </UnitTestResult>
    <UnitTestResult executionId="59d5cc57-7725-4eec-8070-ed9e746e014f" testId="5194718c-017d-e2d7-4070-9a8a2c57f883" testName="MoveCrossHierarchyMouse" computerName="DESKTOP-RRA95A8" duration="00:00:03.3622559" startTime="2016-01-24T03:25:13.0829587-08:00" endTime="2016-01-24T03:25:18.3752126-08:00" testType="13cdc9d9-ddb5-4fa4-a97d-d965ccfc6d4b" outcome="Passed" testListId="8c84fa94-04c1-424b-9868-57a2d4851a1d" relativeResultsDirectory="59d5cc57-7725-4eec-8070-ed9e746e014f">
      <Output>
        <StdOut>Opening C:\src\nodejstools\TestResults\Itani_DESKTOP-RRA95A8 2016-01-24 02_34_51\Out\Temp\vpuec5f3.gaf\DragDropCopyCutPaste.sln</StdOut>
      </Output>
    </UnitTestResult>
    <UnitTestResult executionId="7867252b-73a1-41dc-8f36-1e2c8ca90026" testId="dc94ee52-1e77-7a75-4149-57bae95a85ef" testName="MoveReverseCrossHierarchyKeyboard" computerName="DESKTOP-RRA95A8" duration="00:00:03.7411712" startTime="2016-01-24T03:25:18.3801196-08:00" endTime="2016-01-24T03:25:25.4688494-08:00" testType="13cdc9d9-ddb5-4fa4-a97d-d965ccfc6d4b" outcome="Failed" testListId="8c84fa94-04c1-424b-9868-57a2d4851a1d" relativeResultsDirectory="7867252b-73a1-41dc-8f36-1e2c8ca90026">
      <Output>
        <StdOut>Opening C:\src\nodejstools\TestResults\Itani_DESKTOP-RRA95A8 2016-01-24 02_34_51\Out\Temp\l1bhzahx.lma\DragDropCopyCutPaste.sln</StdOut>
        <ErrorInfo>
          <Message>Assert.IsNull failed. Item exists in solution explorer: Solution 'DragDropCopyCutPaste' (2 projects)\DragDropCopyCutPaste\CrossHierarchyCut.js</Message>
          <StackTrace>   at TestUtilities.UI.SolutionExplorerTree.AssertFileDoesntExist(String projectLocation, String[] path) in C:\src\nodejstools\Common\Tests\Utilities.UI\UI\SolutionExplorerTree.cs:line 49
   at TestUtilities.UI.VisualStudioInstance.AssertFileDoesntExist(String[] path) in C:\src\nodejstools\Common\Tests\Utilities.UI\UI\VisualStudioInstance.cs:line 219
   at Microsoft.VisualStudioTools.SharedProjectTests.DragDropCopyCutPaste.MoveReverseCrossHierarchy(MoveDelegate mover) in C:\src\nodejstools\Common\Tests\SharedProjectTests\DragDropCopyCutPaste.cs:line 1326
   at Microsoft.VisualStudioTools.SharedProjectTests.DragDropCopyCutPaste.MoveReverseCrossHierarchyKeyboard() in C:\src\nodejstools\Common\Tests\SharedProjectTests\DragDropCopyCutPaste.cs:line 928
</StackTrace>
        </ErrorInfo>
      </Output>
    </UnitTestResult>
    <UnitTestResult executionId="1de5b7f5-51eb-4300-b4c8-f0e218e9eb7c" testId="f7876b17-8d7d-441b-0791-ec2cf3f72ec7" testName="MoveReverseCrossHierarchyMouse" computerName="DESKTOP-RRA95A8" duration="00:00:03.7218107" startTime="2016-01-24T03:25:25.4776810-08:00" endTime="2016-01-24T03:25:31.3824477-08:00" testType="13cdc9d9-ddb5-4fa4-a97d-d965ccfc6d4b" outcome="Passed" testListId="8c84fa94-04c1-424b-9868-57a2d4851a1d" relativeResultsDirectory="1de5b7f5-51eb-4300-b4c8-f0e218e9eb7c">
      <Output>
        <StdOut>Opening C:\src\nodejstools\TestResults\Itani_DESKTOP-RRA95A8 2016-01-24 02_34_51\Out\Temp\vqk503kq.vkf\DragDropCopyCutPaste.sln</StdOut>
      </Output>
    </UnitTestResult>
    <UnitTestResult executionId="37ff2d2d-b572-4355-ad4d-23cacb12d1dd" testId="715d3176-65e5-f50c-b360-f234738c719c" testName="MoveDuplicateFileNameOverwriteKeyboard" computerName="DESKTOP-RRA95A8" duration="00:00:05.2231430" startTime="2016-01-24T03:25:31.3863712-08:00" endTime="2016-01-24T03:25:38.3929451-08:00" testType="13cdc9d9-ddb5-4fa4-a97d-d965ccfc6d4b" outcome="Passed" testListId="8c84fa94-04c1-424b-9868-57a2d4851a1d" relativeResultsDirectory="37ff2d2d-b572-4355-ad4d-23cacb12d1dd">
      <Output>
        <StdOut>Opening C:\src\nodejstools\TestResults\Itani_DESKTOP-RRA95A8 2016-01-24 02_34_51\Out\Temp\ip35w5wl.fkf\DragDropCopyCutPaste.sln</StdOut>
      </Output>
    </UnitTestResult>
    <UnitTestResult executionId="71680887-9087-4def-8cc2-6cd951cc0330" testId="0cfacedb-5b8e-5c3d-586d-f525b66eaf5e" testName="MoveDuplicateFileNameOverwriteMouse" computerName="DESKTOP-RRA95A8" duration="00:00:03.8049377" startTime="2016-01-24T03:25:38.4017771-08:00" endTime="2016-01-24T03:25:44.4683253-08:00" testType="13cdc9d9-ddb5-4fa4-a97d-d965ccfc6d4b" outcome="Passed" testListId="8c84fa94-04c1-424b-9868-57a2d4851a1d" relativeResultsDirectory="71680887-9087-4def-8cc2-6cd951cc0330">
      <Output>
        <StdOut>Opening C:\src\nodejstools\TestResults\Itani_DESKTOP-RRA95A8 2016-01-24 02_34_51\Out\Temp\w1zf5xto.zob\DragDropCopyCutPaste.sln</StdOut>
      </Output>
    </UnitTestResult>
    <UnitTestResult executionId="d8aff758-83bd-41ef-9dc0-5d3afedaa190" testId="626fd657-6f69-ed1b-0f1d-06f6c621f882" testName="MoveDuplicateFileNameOverwriteAllItemsKeyboard" computerName="DESKTOP-RRA95A8" duration="00:00:06.7578465" startTime="2016-01-24T03:25:44.4747600-08:00" endTime="2016-01-24T03:25:51.8285198-08:00" testType="13cdc9d9-ddb5-4fa4-a97d-d965ccfc6d4b" outcome="Passed" testListId="8c84fa94-04c1-424b-9868-57a2d4851a1d" relativeResultsDirectory="d8aff758-83bd-41ef-9dc0-5d3afedaa190">
      <Output>
        <StdOut>Opening C:\src\nodejstools\TestResults\Itani_DESKTOP-RRA95A8 2016-01-24 02_34_51\Out\Temp\aalbzyn3.g2i\DragDropCopyCutPaste.sln</StdOut>
      </Output>
    </UnitTestResult>
    <UnitTestResult executionId="e6eea264-4aea-48f3-a8b9-6f1100e44ef1" testId="3b8510f7-1181-e71b-684b-67dec64a3d62" testName="MoveDuplicateFileNameOverwriteAllItemsMouse" computerName="DESKTOP-RRA95A8" duration="00:00:03.9196412" startTime="2016-01-24T03:25:51.8334261-08:00" endTime="2016-01-24T03:25:57.5053658-08:00" testType="13cdc9d9-ddb5-4fa4-a97d-d965ccfc6d4b" outcome="Passed" testListId="8c84fa94-04c1-424b-9868-57a2d4851a1d" relativeResultsDirectory="e6eea264-4aea-48f3-a8b9-6f1100e44ef1">
      <Output>
        <StdOut>Opening C:\src\nodejstools\TestResults\Itani_DESKTOP-RRA95A8 2016-01-24 02_34_51\Out\Temp\zj2jqkcu.1td\DragDropCopyCutPaste.sln</StdOut>
      </Output>
    </UnitTestResult>
    <UnitTestResult executionId="04fdd724-01c5-4686-ba78-94c71dfe5de9" testId="77c01400-ec78-b33b-9fb0-17175603a62c" testName="MoveDuplicateFileNameDontOverwriteKeyboard" computerName="DESKTOP-RRA95A8" duration="00:00:05.1904203" startTime="2016-01-24T03:25:57.5088334-08:00" endTime="2016-01-24T03:26:04.5648554-08:00" testType="13cdc9d9-ddb5-4fa4-a97d-d965ccfc6d4b" outcome="Passed" testListId="8c84fa94-04c1-424b-9868-57a2d4851a1d" relativeResultsDirectory="04fdd724-01c5-4686-ba78-94c71dfe5de9">
      <Output>
        <StdOut>Opening C:\src\nodejstools\TestResults\Itani_DESKTOP-RRA95A8 2016-01-24 02_34_51\Out\Temp\ai2as32p.1u3\DragDropCopyCutPaste.sln</StdOut>
      </Output>
    </UnitTestResult>
    <UnitTestResult executionId="a48d6670-8981-4e4b-a76b-96f10ecc50ff" testId="85d794a2-164f-4d9f-0058-f4b4a7b3b81a" testName="MoveDuplicateFileNameDontOverwriteMouse" computerName="DESKTOP-RRA95A8" duration="00:00:03.9542416" startTime="2016-01-24T03:26:04.5697581-08:00" endTime="2016-01-24T03:26:10.2742674-08:00" testType="13cdc9d9-ddb5-4fa4-a97d-d965ccfc6d4b" outcome="Passed" testListId="8c84fa94-04c1-424b-9868-57a2d4851a1d" relativeResultsDirectory="a48d6670-8981-4e4b-a76b-96f10ecc50ff">
      <Output>
        <StdOut>Opening C:\src\nodejstools\TestResults\Itani_DESKTOP-RRA95A8 2016-01-24 02_34_51\Out\Temp\1n22ajnj.gjq\DragDropCopyCutPaste.sln</StdOut>
      </Output>
    </UnitTestResult>
    <UnitTestResult executionId="88f1644a-484f-4cc0-9552-d1cf306647ba" testId="eb6f0eb1-3c4d-2507-1158-e360edc86bb3" testName="MoveDuplicateFileNameDontOverwrite2Keyboard" computerName="DESKTOP-RRA95A8" duration="00:00:06.6363652" startTime="2016-01-24T03:26:10.2772110-08:00" endTime="2016-01-24T03:26:18.8341988-08:00" testType="13cdc9d9-ddb5-4fa4-a97d-d965ccfc6d4b" outcome="Passed" testListId="8c84fa94-04c1-424b-9868-57a2d4851a1d" relativeResultsDirectory="88f1644a-484f-4cc0-9552-d1cf306647ba">
      <Output>
        <StdOut>Opening C:\src\nodejstools\TestResults\Itani_DESKTOP-RRA95A8 2016-01-24 02_34_51\Out\Temp\y1cgbxbm.4om\DragDropCopyCutPaste.sln</StdOut>
      </Output>
    </UnitTestResult>
    <UnitTestResult executionId="665f7fd8-ff36-4ba1-96c4-07a3f8622687" testId="fba529f2-f173-8ffc-39b8-c7da5de40fb0" testName="MoveDuplicateFileNameDontOverwrite2Mouse" computerName="DESKTOP-RRA95A8" duration="00:00:07.3313897" startTime="2016-01-24T03:26:18.8400894-08:00" endTime="2016-01-24T03:26:26.7394370-08:00" testType="13cdc9d9-ddb5-4fa4-a97d-d965ccfc6d4b" outcome="Passed" testListId="8c84fa94-04c1-424b-9868-57a2d4851a1d" relativeResultsDirectory="665f7fd8-ff36-4ba1-96c4-07a3f8622687">
      <Output>
        <StdOut>Opening C:\src\nodejstools\TestResults\Itani_DESKTOP-RRA95A8 2016-01-24 02_34_51\Out\Temp\apimgbok.eif\DragDropCopyCutPaste.sln</StdOut>
      </Output>
    </UnitTestResult>
    <UnitTestResult executionId="33ecafed-55df-4668-a17b-4b13fd3f9879" testId="9794d1aa-ace4-f377-b4ea-ed520f2307ee" testName="MoveDuplicateFileNameDontOverwriteAllItemsKeyboard" computerName="DESKTOP-RRA95A8" duration="00:00:07.2198595" startTime="2016-01-24T03:26:26.7472873-08:00" endTime="2016-01-24T03:26:34.4333562-08:00" testType="13cdc9d9-ddb5-4fa4-a97d-d965ccfc6d4b" outcome="Passed" testListId="8c84fa94-04c1-424b-9868-57a2d4851a1d" relativeResultsDirectory="33ecafed-55df-4668-a17b-4b13fd3f9879">
      <Output>
        <StdOut>Opening C:\src\nodejstools\TestResults\Itani_DESKTOP-RRA95A8 2016-01-24 02_34_51\Out\Temp\ylrobgyk.die\DragDropCopyCutPaste.sln</StdOut>
      </Output>
    </UnitTestResult>
    <UnitTestResult executionId="e7859f62-dda4-4dcd-9ed0-48060dfc3576" testId="0326ea24-a45b-6518-dd89-dad42caa28f7" testName="MoveDuplicateFileNameDontOverwriteAllItemsMouse" computerName="DESKTOP-RRA95A8" duration="00:00:06.8908617" startTime="2016-01-24T03:26:34.4412065-08:00" endTime="2016-01-24T03:26:41.8705562-08:00" testType="13cdc9d9-ddb5-4fa4-a97d-d965ccfc6d4b" outcome="Passed" testListId="8c84fa94-04c1-424b-9868-57a2d4851a1d" relativeResultsDirectory="e7859f62-dda4-4dcd-9ed0-48060dfc3576">
      <Output>
        <StdOut>Opening C:\src\nodejstools\TestResults\Itani_DESKTOP-RRA95A8 2016-01-24 02_34_51\Out\Temp\rej1vyxf.ug3\DragDropCopyCutPaste.sln</StdOut>
      </Output>
    </UnitTestResult>
    <UnitTestResult executionId="c03457f3-fa4b-4a94-a42e-1f5e78b0ce1c" testId="0ab7ed36-1133-b9dc-0b56-d0ca651484c5" testName="MoveDuplicateFileNameCancelKeyboard" computerName="DESKTOP-RRA95A8" duration="00:00:04.0883953" startTime="2016-01-24T03:26:41.8784036-08:00" endTime="2016-01-24T03:26:48.1815029-08:00" testType="13cdc9d9-ddb5-4fa4-a97d-d965ccfc6d4b" outcome="Passed" testListId="8c84fa94-04c1-424b-9868-57a2d4851a1d" relativeResultsDirectory="c03457f3-fa4b-4a94-a42e-1f5e78b0ce1c">
      <Output>
        <StdOut>Opening C:\src\nodejstools\TestResults\Itani_DESKTOP-RRA95A8 2016-01-24 02_34_51\Out\Temp\mbf25jee.ikg\DragDropCopyCutPaste.sln</StdOut>
      </Output>
    </UnitTestResult>
    <UnitTestResult executionId="60e95b1a-da9a-4905-af26-ca96a8e06892" testId="60551f37-647e-6671-d64b-3f619af0b3fa" testName="MoveDuplicateFileNameCancelMouse" computerName="DESKTOP-RRA95A8" duration="00:00:06.6856480" startTime="2016-01-24T03:26:48.1883725-08:00" endTime="2016-01-24T03:26:55.4315040-08:00" testType="13cdc9d9-ddb5-4fa4-a97d-d965ccfc6d4b" outcome="Passed" testListId="8c84fa94-04c1-424b-9868-57a2d4851a1d" relativeResultsDirectory="60e95b1a-da9a-4905-af26-ca96a8e06892">
      <Output>
        <StdOut>Opening C:\src\nodejstools\TestResults\Itani_DESKTOP-RRA95A8 2016-01-24 02_34_51\Out\Temp\aemqljsx.m3q\DragDropCopyCutPaste.sln</StdOut>
      </Output>
    </UnitTestResult>
    <UnitTestResult executionId="54a4aa0d-7bab-4a31-b51f-4efa923b230d" testId="6ea411d3-56ef-928e-986c-9c7f199aa4e8" testName="MoveDoubleCrossHierarchy" computerName="DESKTOP-RRA95A8" duration="00:00:16.1806861" startTime="2016-01-24T03:26:55.4393543-08:00" endTime="2016-01-24T03:27:12.0668329-08:00" testType="13cdc9d9-ddb5-4fa4-a97d-d965ccfc6d4b" outcome="Failed" testListId="8c84fa94-04c1-424b-9868-57a2d4851a1d" relativeResultsDirectory="54a4aa0d-7bab-4a31-b51f-4efa923b230d">
      <Output>
        <StdOut>Opening C:\src\nodejstools\TestResults\Itani_DESKTOP-RRA95A8 2016-01-24 02_34_51\Out\Temp\tajcobyp.fbk\DragDropCopyCutPaste.sln
Failed to find Solution 'DragDropCopyCutPaste' (2 projects)\DragDropCopyCutPaste\!Source\DoubleCrossHierarchy.js
Name    ClassName      ControlType    AutomationID
 Solution Explorer	ControlType.Tree	TreeView	SolutionExplorer
     Solution 'DragDropCopyCutPaste' ‎(2 projects)	ControlType.TreeItem	TreeViewItem	
         ConsoleApplication1	ControlType.TreeItem	TreeViewItem	
             References	ControlType.TreeItem	TreeViewItem	
             DoubleCrossHierarchy.cs	ControlType.TreeItem	TreeViewItem	
         DragDropCopyCutPaste	ControlType.TreeItem	TreeViewItem	
             npm	ControlType.TreeItem	TreeViewItem	
             !Source (node)	ControlType.TreeItem	TreeViewItem</StdOut>
        <ErrorInfo>
          <Message>Test method Microsoft.VisualStudioTools.SharedProjectTests.DragDropCopyCutPaste.MoveDoubleCrossHierarchy threw exception: 
System.NullReferenceException: Object reference not set to an instance of an object.</Message>
          <StackTrace>    at TestUtilities.UI.TreeNode.SelectItemsForDragAndDrop(ITreeNode[] source) in C:\src\nodejstools\Common\Tests\Utilities.UI\UI\TreeNode.cs:line 166
   at TestUtilities.UI.TreeNode.DragOntoThis(Key modifier, ITreeNode[] source) in C:\src\nodejstools\Common\Tests\Utilities.UI\UI\TreeNode.cs:line 181
   at TestUtilities.UI.TreeNode.DragOntoThis(ITreeNode[] source) in C:\src\nodejstools\Common\Tests\Utilities.UI\UI\TreeNode.cs:line 177
   at Microsoft.VisualStudioTools.SharedProjectTests.DragDropCopyCutPaste.MoveDoubleCrossHierarchy() in C:\src\nodejstools\Common\Tests\SharedProjectTests\DragDropCopyCutPaste.cs:line 1358
</StackTrace>
        </ErrorInfo>
      </Output>
    </UnitTestResult>
    <UnitTestResult executionId="1fc26171-9e0d-4617-a2e0-428baf7c57cc" testId="890fd3d2-c32c-6fa0-ae54-d15fe21ce333" testName="DragTwiceAndOverwrite" computerName="DESKTOP-RRA95A8" duration="00:00:07.3102238" startTime="2016-01-24T03:27:12.0727205-08:00" endTime="2016-01-24T03:27:19.9357855-08:00" testType="13cdc9d9-ddb5-4fa4-a97d-d965ccfc6d4b" outcome="Passed" testListId="8c84fa94-04c1-424b-9868-57a2d4851a1d" relativeResultsDirectory="1fc26171-9e0d-4617-a2e0-428baf7c57cc">
      <Output>
        <StdOut>Opening C:\src\nodejstools\TestResults\Itani_DESKTOP-RRA95A8 2016-01-24 02_34_51\Out\Temp\4clxzf20.2xk\DragDropCopyCutPaste.sln</StdOut>
      </Output>
    </UnitTestResult>
    <UnitTestResult executionId="30bc8aec-9524-4057-90f8-81c71c1edf2b" testId="1f57b0f5-391e-3872-4876-2191d047fd6b" testName="CopyFolderMissingItem" computerName="DESKTOP-RRA95A8" duration="00:00:13.6972628" startTime="2016-01-24T03:27:19.9397961-08:00" endTime="2016-01-24T03:27:35.5668218-08:00" testType="13cdc9d9-ddb5-4fa4-a97d-d965ccfc6d4b" outcome="Failed" testListId="8c84fa94-04c1-424b-9868-57a2d4851a1d" relativeResultsDirectory="30bc8aec-9524-4057-90f8-81c71c1edf2b">
      <Output>
        <StdOut>Opening C:\src\nodejstools\TestResults\Itani_DESKTOP-RRA95A8 2016-01-24 02_34_51\Out\Temp\eqey55he.a4k\DragDropCopyCutPaste.sln
Failed to find Solution 'DragDropCopyCutPaste' (1 project)\DragDropCopyCutPaste\CopyFolderMissingItem
Name    ClassName      ControlType    AutomationID
 Solution Explorer	ControlType.Tree	TreeView	SolutionExplorer
     Solution 'DragDropCopyCutPaste' ‎(1 project)	ControlType.TreeItem	TreeViewItem	
         DragDropCopyCutPaste	ControlType.TreeItem	TreeViewItem	
             npm	ControlType.TreeItem	TreeViewItem	
             CopyFolderMissingItem (node)	ControlType.TreeItem	TreeViewItem	
             PasteFolder	ControlType.TreeItem	TreeViewItem	
Attempting to invoke pattern on null node
Name    ClassName      ControlType    AutomationID
 DragDropCopyCutPaste - Microsoft Visual Studio - Experimental Instance	ControlType.Window	Window	VisualStudioMainWindow
     DragDropCopyCutPaste - Microsoft Visual Studio - Experimental Instance	ControlType.TitleBar		TitleBar
         System Menu Bar	ControlType.MenuBar		SystemMenuBar
             System	ControlType.MenuItem		Item 1
         Minimize	ControlType.Button		Minimize
         Restore	ControlType.Button		Restore
         Close	ControlType.Button		Close
     DragDropCopyCutPaste - Microsoft Visual Studio - Experimental Instance	ControlType.TitleBar		TitleBar
         Minimize	ControlType.Button	Button	Minimize
         Restore	ControlType.Button	Button	Restore
         Close	ControlType.Button	Button	Close
         User Notifications Badge Control	ControlType.Custom	UserNotificationsBadge	UserNotificationsBadge
             User Notifications Badge	ControlType.Button	Button	UserNotificationsBadgeButton
                 4	ControlType.Text	Text	UserNotificationsCountLabel
                     4	ControlType.Text	TextBlock	
         	ControlType.Custom	SendASmileButton	Button_1
             Feedback	ControlType.Button	Button	Feedback
                 	ControlType.Image	Image	ButtonIcon
                 	ControlType.Image	Image	ButtonIconFeedback
         Quick Launch Control	ControlType.Custom	GlobalSearchControl	GlobalSearchControl
             Search Control	ControlType.Custom	SearchControl	SearchControl
                 Quick Launch (Ctrl+Q)	ControlType.Edit	TextBox	PART_SearchBox
                     	ControlType.ScrollBar	ScrollBar	VerticalScrollBar
                     	ControlType.ScrollBar	ScrollBar	HorizontalScrollBar
                 Search	ControlType.Button	Button	PART_SearchButton
                 Drop Down Button	ControlType.Button	Button	PART_SearchDropdownButton
     Connected User Information	ControlType.Custom	UserInformationCard	UserControl_1
         	ControlType.Image	Image	ErrorImage
         Sign in	ControlType.Text	TextBlock	TextBlock_1
             Sign in	ControlType.Hyperlink	Hyperlink	
         	ControlType.Text	TextBlock	DisplayName
         Show Connected User Information Card	ControlType.Button	Button	MoreInformationDropdown
         	ControlType.Image	Image	SignedOutImage
         	ControlType.Image	Image	UserImage
     MenuBar	ControlType.MenuBar	Menu	MenuBar
         File	ControlType.MenuItem	MenuItem	
         Edit	ControlType.MenuItem	MenuItem	
         View	ControlType.MenuItem	MenuItem	
         Project	ControlType.MenuItem	MenuItem	
         Build	ControlType.MenuItem	MenuItem	
         Debug	ControlType.MenuItem	MenuItem	
         Team	ControlType.MenuItem	MenuItem	
         Tools	ControlType.MenuItem	MenuItem	
         Architecture	ControlType.MenuItem	MenuItem	
         Test	ControlType.MenuItem	MenuItem	
         Analyze	ControlType.MenuItem	MenuItem	
         Window	ControlType.MenuItem	MenuItem	
         Help	ControlType.MenuItem	MenuItem	
     ToolBarDockTop	ControlType.Pane		
         Standard	ControlType.ToolBar	ToolBar	
             Navigate Backward	ControlType.Button	Button	
                 Navigate Backward	ControlType.Menu	Menu	
                     Navigate Backward	ControlType.MenuItem	MenuItem	PART_FocusTarget
             Navigate Forward	ControlType.Button	Button	
                 	ControlType.Image	Image	
                 Navigate _Forward	ControlType.Text	TextBlock	
             New Project	ControlType.Button	Button	
                 New Project	ControlType.Menu	Menu	
                     New Project	ControlType.MenuItem	MenuItem	PART_FocusTarget
             Open File...	ControlType.Button	Button	
                 	ControlType.Image	Image	
                 _Open File...	ControlType.Text	TextBlock	
             Save DragDropCopyCutPaste.sln	ControlType.Button	Button	
                 	ControlType.Image	Image	
                 _Save DragDropCopyCutPaste.sln	ControlType.Text	TextBlock	
             Save All	ControlType.Button	Button	
                 	ControlType.Image	Image	
                 Save A_ll	ControlType.Text	TextBlock	
             Undo	ControlType.Button	Button	
                 Undo	ControlType.Menu	Menu	
                     Undo	ControlType.SplitButton	VsSplitButton	PART_FocusTarget
                         Undo	ControlType.Button	Button	
                             	ControlType.Image	Image	
             Redo	ControlType.Button	Button	
                 Redo	ControlType.Menu	Menu	
                     Redo	ControlType.SplitButton	VsSplitButton	PART_FocusTarget
                         Redo	ControlType.Button	Button	
                             	ControlType.Image	Image	
             Solution Configurations	ControlType.Button	Button	
                 	ControlType.Button	Button	Label
                 Solution Configurations	ControlType.ComboBox	ComboBox	PART_FocusTarget
                     Debug	ControlType.ListItem	ListBoxItem	Debug
             Solution Platforms	ControlType.Button	Button	
                 	ControlType.Button	Button	Label
                 Solution Platforms	ControlType.ComboBox	ComboBox	PART_FocusTarget
                     Any CPU	ControlType.ListItem	ListBoxItem	Any CPU
             Debug Target	ControlType.Button	Button	
                 Debug Target	ControlType.Menu	Menu	
                     Debug Target	ControlType.MenuItem	MenuItem	PART_FocusTarget
             Browser Link	ControlType.Button	Button	
                 Browser Link	ControlType.Menu	Menu	
                     Browser Link	ControlType.MenuItem	MenuItem	PART_FocusTarget
             Find in Files	ControlType.Button	Button	
                 	ControlType.Image	Image	
                 F_ind in Files	ControlType.Text	TextBlock	
             Toolbar Options	ControlType.Button	Button	Toolbar Options
     ToolBarDockLeft	ControlType.Pane		
     	ControlType.Pane	DockRoot	
         	ControlType.Thumb	Thumb	SplitterGrip
         	ControlType.Thumb	Thumb	SplitterGrip
         	ControlType.Thumb	Thumb	SplitterGrip
         	ControlType.Thumb	Thumb	SplitterGrip
         	ControlType.Thumb	Thumb	SplitterGrip
         Output	ControlType.Pane	ViewPresenter	ST:0:0:{34e76e81-ee4a-11d0-ae2e-00a0c90fffc3}
             Output	ControlType.TitleBar	ToolWindowTitleBar	
                 Output	ControlType.TitleBar	DragUndockHeaderTitleBar	DragHeader
                     Hide	ControlType.Button	Button	HideButton
                     MaximizeRestore	ControlType.Button	Button	MaximizeRestoreButton
                     Auto Hide	ControlType.Button	Button	AutoHideButton
                     Window Menu	ControlType.Button	Button	DropDownMenuButton
                     Output	ControlType.Text	TextBlock	
                     *	ControlType.Text	TextBlock	DirtyIndicator
             Output	ControlType.Pane	GenericPane	
                 	ControlType.Custom		WpfTextViewHost
                     Text Editor	ControlType.Edit	WpfTextView	WpfTextView
                     Line Selection Margin	ControlType.Custom	SelectionMargin	SelectionMargin
                     	ControlType.ScrollBar	ScrollBar	WpfEditorUIVerticalScrollbar
                         M0,5 9,5 9,4 8,4  8,3 7,3 7,2 6,2 6,1 5,1 5,0 4,0 4,1 3,1 3,2 2,2 2,3 1,3, 1,4 0,4 Z	ControlType.Button	RepeatButton	LineUp
                         	ControlType.Button	RepeatButton	PageUp
                         	ControlType.Thumb	Thumb	
                         	ControlType.Button	RepeatButton	PageDown
                         M0,0 9,0 9,1 8,1 8,2 8,2 7,2 7,3 6,3 6,4 5,4 5,5 4,5 4,4 3,4 3,3 2,3 2,2 1,2 1,1 0,1 Z	ControlType.Button	RepeatButton	LineDown
                     	ControlType.ScrollBar	ScrollBar	WpfEditorUIHorizontalScrollbar
                         M5,0 5,9 4,9 4,8 3,8 3,7 2,7 2,6 1,6 1,5 0,5 0,4 1,4 1,3 2,3 2,2 3,2 3,1 4,1 4,0z	ControlType.Button	RepeatButton	LineLeft
                         	ControlType.Button	RepeatButton	PageLeft
                         	ControlType.Thumb	Thumb	
                         	ControlType.Button	RepeatButton	PageRight
                         M0,0 0,9 1,9 1,8 2,8 2,7 3,7 3,6 4,6 4,5 5,5 5,4 4,4 4,3 3,3 3,2 2,2 2,1 1,1 1,0z	ControlType.Button	RepeatButton	LineRight
             	ControlType.Pane		
                 Output Window	ControlType.ToolBar	ToolBar	
                     Show output from:	ControlType.Button	Button	
                         	ControlType.Button	Button	Label
                             _Show output from:	ControlType.Text	TextBlock	
                         Show output from:	ControlType.ComboBox	ComboBox	PART_FocusTarget
                             Build	ControlType.ListItem	ListBoxItem	Build
                     Go To Location	ControlType.Button	Button	
                         	ControlType.Image	Image	
                         _Go To Location	ControlType.Text	TextBlock	
                     Go To Previous Location	ControlType.Button	Button	
                         	ControlType.Image	Image	
                         Go To _Previous Location	ControlType.Text	TextBlock	
                     Go To Next Location	ControlType.Button	Button	
                         	ControlType.Image	Image	
                         Go To _Next Location	ControlType.Text	TextBlock	
                     Clear All	ControlType.Button	Button	
                         	ControlType.Image	Image	
                         Clear Al_l	ControlType.Text	TextBlock	
                     Toggle word wrap	ControlType.Button	Button	
                         	ControlType.Image	Image	
                         _Toggle word wrap	ControlType.Text	TextBlock	
                     Toolbar Options	ControlType.Button	Button	Toolbar Options
         	ControlType.Thumb	Thumb	SplitterGrip
         	ControlType.Thumb	Thumb	SplitterGrip
         Solution Explorer	ControlType.Pane	ToolWindowTabGroupContainer	TabGroup|ST:0:0:{3ae79031-e1bc-11d0-8f78-00a0c9110057}|ST:0:0:{131369f2-062d-44a2-8671-91ff31efb4f4}|ST:0:0:{c9c0ae26-aa77-11d2-b3f0-0000f87570ee}
             Solution Explorer	ControlType.TitleBar	ToolWindowTitleBar	PART_Header
                 TabGroup, Children = 14, VisibleChildren = 3, DockedWidth = 348.16, DockedHeight = 537.6	ControlType.TitleBar	DragUndockHeaderTitleBar	DragHeader
                     Hide	ControlType.Button	Button	HideButton
                     MaximizeRestore	ControlType.Button	Button	MaximizeRestoreButton
                     Auto Hide	ControlType.Button	Button	AutoHideButton
                     Window Menu	ControlType.Button	Button	DropDownMenuButton
                     Solution Explorer	ControlType.Text	TextBlock	
                     *	ControlType.Text	TextBlock	DirtyIndicator
             	ControlType.Tab	ToolWindowTabGroup	TabGroup|ST:0:0:{3ae79031-e1bc-11d0-8f78-00a0c9110057}|ST:0:0:{131369f2-062d-44a2-8671-91ff31efb4f4}|ST:0:0:{c9c0ae26-aa77-11d2-b3f0-0000f87570ee}
                 Solution Explorer	ControlType.TabItem	TabItem	TAB_ST:0:0:{3ae79031-e1bc-11d0-8f78-00a0c9110057}
                     Solution Explorer	ControlType.TitleBar	DragUndockHeaderTitleBar	
                         	ControlType.Image	Image	ToolTitleIcon
                         Solution Explorer	ControlType.Text	TextBlock	Text
                     Solution Explorer	ControlType.Pane	ViewPresenter	ST:0:0:{3ae79031-e1bc-11d0-8f78-00a0c9110057}
                         	ControlType.Pane		
                             Explorer	ControlType.ToolBar	ToolBar	
                                 Back	ControlType.Button	Button	
                                     	ControlType.Image	Image	
                                     Back	ControlType.Text	TextBlock	
                                 Forward	ControlType.Button	Button	
                                     	ControlType.Image	Image	
                                     Forward	ControlType.Text	TextBlock	
                                 Home	ControlType.Button	Button	
                                     	ControlType.Image	Image	
                                     Home	ControlType.Text	TextBlock	
                                 Filter Solution Explorer To	ControlType.Button	Button	
                                     Filter Solution Explorer To	ControlType.Menu	Menu	
                                         Filter Solution Explorer To	ControlType.MenuItem	MenuItem	PART_FocusTarget
                                 Sync with Active Document	ControlType.Button	Button	
                                     	ControlType.Image	Image	
                                     Sync with Active Document	ControlType.Text	TextBlock	
                                 Collapse All	ControlType.Button	Button	
                                     	ControlType.Image	Image	
                                     Collapse All	ControlType.Text	TextBlock	
                                 Properties	ControlType.Button	Button	
                                     	ControlType.Image	Image	
                                     P_roperties	ControlType.Text	TextBlock	
                                 Preview Selected Items	ControlType.Button	Button	
                                     	ControlType.Image	Image	
                                     Preview Selected Items	ControlType.Text	TextBlock	
                                 Show on Code Map	ControlType.Button	Button	
                                     	ControlType.Image	Image	
                                     Show on _Code Map	ControlType.Text	TextBlock	
                                 Toolbar Options	ControlType.Button	Button	Toolbar Options
                         Search Control	ControlType.Custom	SearchControl	SearchControl
                             Search Solution Explorer (Ctrl+;)	ControlType.Edit	TextBox	PART_SearchBox
                                 	ControlType.ScrollBar	ScrollBar	VerticalScrollBar
                                 	ControlType.ScrollBar	ScrollBar	HorizontalScrollBar
                             Search	ControlType.Button	Button	PART_SearchButton
                             Drop Down Button	ControlType.Button	Button	PART_SearchDropdownButton
                             Search Control Drop Down	ControlType.Custom	UserControl	PART_SearchPopupContent
                         Solution Explorer	ControlType.Pane	GenericPane	
                             Solution Explorer	ControlType.Tree	TreeView	SolutionExplorer
                                 Solution 'DragDropCopyCutPaste' ‎(1 project)	ControlType.TreeItem	TreeViewItem	
                                     DragDropCopyCutPaste	ControlType.TreeItem	TreeViewItem	
                                         npm	ControlType.TreeItem	TreeViewItem	
                                         CopyFolderMissingItem (node)	ControlType.TreeItem	TreeViewItem	
                                         PasteFolder	ControlType.TreeItem	TreeViewItem	
                             	ControlType.ProgressBar	ProgressBar	
                 Team Explorer - Connect	ControlType.TabItem	TabItem	TAB_ST:0:0:{131369f2-062d-44a2-8671-91ff31efb4f4}
                     Team Explorer - Connect	ControlType.TitleBar	DragUndockHeaderTitleBar	
                         	ControlType.Image	Image	ToolTitleIcon
                         Team Explorer	ControlType.Text	TextBlock	Text
                 Class View	ControlType.TabItem	TabItem	TAB_ST:0:0:{c9c0ae26-aa77-11d2-b3f0-0000f87570ee}
                     Class View	ControlType.TitleBar	DragUndockHeaderTitleBar	
                         	ControlType.Image	Image	ToolTitleIcon
                         Class View	ControlType.Text	TextBlock	Text
         	ControlType.Thumb	Thumb	SplitterGrip
         Properties	ControlType.Pane	ViewPresenter	ST:0:0:{eefa5220-e298-11d0-8f78-00a0c9110057}
             Properties	ControlType.TitleBar	ToolWindowTitleBar	
                 Properties	ControlType.TitleBar	DragUndockHeaderTitleBar	DragHeader
                     Hide	ControlType.Button	Button	HideButton
                     MaximizeRestore	ControlType.Button	Button	MaximizeRestoreButton
                     Auto Hide	ControlType.Button	Button	AutoHideButton
                     Window Menu	ControlType.Button	Button	DropDownMenuButton
                     Properties	ControlType.Text	TextBlock	
                     *	ControlType.Text	TextBlock	DirtyIndicator
             	ControlType.Pane	HwndHost	
                 Properties	ControlType.Pane	GenericPane	
                     Property Browser	ControlType.Pane	WindowsForms10.Window.8.app.0.1b2cf09_r42_ad1	988654
                         Components	ControlType.ComboBox	WindowsForms10.COMBOBOX.app.0.1b2cf09_r42_ad1	1774630
                             Components	ControlType.List	ComboLBox	ListBox
                                 DragDropCopyCutPaste:Solution Properties	ControlType.ListItem		
                             Drop Down Button	ControlType.Button		DropDown
                         PropertyGrid	ControlType.Pane	WindowsForms10.Window.8.app.0.1b2cf09_r42_ad1	244060168
                             Description Pane	ControlType.Pane	WindowsForms10.Window.8.app.0.1b2cf09_r42_ad1	789280
                                 (Name)	ControlType.Text	WindowsForms10.STATIC.app.0.1b2cf09_r42_ad1	1250258
                                 The name of the solution file.	ControlType.Text	WindowsForms10.STATIC.app.0.1b2cf09_r42_ad1	594818
                             Properties Window	ControlType.Table	WindowsForms10.Window.8.app.0.1b2cf09_r42_ad1	529250
                                 Misc	ControlType.Custom		
                                 (Name)	ControlType.Custom		
                                 Active config	ControlType.Custom		
                                 Description	ControlType.Custom		
                                 Path	ControlType.Custom		
                                 Startup project	ControlType.Custom		
                             ToolBar	ControlType.ToolBar	WindowsForms10.Window.8.app.0.1b2cf09_r42_ad1	332640
                                 Categorized	ControlType.Button		
                                 Alphabetical	ControlType.Button		
                                 	ControlType.Separator		
                                 Property Pages	ControlType.Button		
     Server Explorer	ControlType.Button	Button	AUTOHIDE_ST:0:0:{74946827-37a0-11d2-a273-00c04f8ef4ff}
         	ControlType.Image	Image	ToolTitleIcon
         Server Explorer	ControlType.Text	TextBlock	Text
     Toolbox	ControlType.Button	Button	AUTOHIDE_ST:0:0:{b1e99781-ab81-11d0-b683-00aa00a3ee26}
         	ControlType.Image	Image	ToolTitleIcon
         Toolbox	ControlType.Text	TextBlock	Text
     ToolBarDockRight	ControlType.Pane		
     ToolBarDockBottom	ControlType.Pane		
     	ControlType.StatusBar	StatusBar	StatusBarContainer
         Ready	ControlType.Text	CompartmentAutomationPeer	TextCompartment
         	ControlType.Text	CompartmentAutomationPeer	LineColumnCharacterCompartment
         	ControlType.Text	CompartmentAutomationPeer	XYWidthHeightCompartment
         	ControlType.Text	CompartmentAutomationPeer	SelectionModeCompartment
         	ControlType.Text	CompartmentAutomationPeer	InsertionModeCompartment</StdOut>
        <ErrorInfo>
          <Message>Test method Microsoft.VisualStudioTools.SharedProjectTests.DragDropCopyCutPaste.CopyFolderMissingItem threw exception: 
System.InvalidOperationException: Operation is not valid due to the current state of the object.</Message>
          <StackTrace>    at TestUtilities.UI.AutomationWrapper.CheckNullElement(ITreeNode element) in C:\src\nodejstools\Common\Tests\Utilities.UI\UI\AutomationWrapper.cs:line 230
   at TestUtilities.UI.AutomationWrapper.Select(ITreeNode selectionItem) in C:\src\nodejstools\Common\Tests\Utilities.UI\UI\AutomationWrapper.cs:line 262
   at Microsoft.VisualStudioTools.SharedProjectTests.DragDropCopyCutPaste.CopyByKeyboard(IVisualStudioInstance vs, ITreeNode destination, ITreeNode[] source) in C:\src\nodejstools\Common\Tests\SharedProjectTests\DragDropCopyCutPaste.cs:line 1731
   at Microsoft.VisualStudioTools.SharedProjectTests.DragDropCopyCutPaste.CopyFolderMissingItem() in C:\src\nodejstools\Common\Tests\SharedProjectTests\DragDropCopyCutPaste.cs:line 1438
</StackTrace>
        </ErrorInfo>
      </Output>
    </UnitTestResult>
    <UnitTestResult executionId="76912b55-f149-45c7-aaa4-8d4914f77ecd" testId="e661b1ad-4451-30d6-51a5-d1bdd3c3efda" testName="CopyPasteMissingFile" computerName="DESKTOP-RRA95A8" duration="00:00:03.8476229" startTime="2016-01-24T03:27:35.5766354-08:00" endTime="2016-01-24T03:27:41.5621817-08:00" testType="13cdc9d9-ddb5-4fa4-a97d-d965ccfc6d4b" outcome="Passed" testListId="8c84fa94-04c1-424b-9868-57a2d4851a1d" relativeResultsDirectory="76912b55-f149-45c7-aaa4-8d4914f77ecd">
      <Output>
        <StdOut>Opening C:\src\nodejstools\TestResults\Itani_DESKTOP-RRA95A8 2016-01-24 02_34_51\Out\Temp\1ldwgy1t.slf\DragDropCopyCutPaste.sln
Ending dialog: 
Name    ClassName      ControlType    AutomationID
 Microsoft Visual Studio	ControlType.Window	#32770	
     OK	ControlType.Button	Button	2
     	ControlType.Image	Static	20
     The item 'MissingFile.js' does not exist in the project directory. It may have been moved, renamed or deleted.	ControlType.Text	Static	65535
     Microsoft Visual Studio	ControlType.TitleBar		TitleBar
         System Menu Bar	ControlType.MenuBar		SystemMenuBar
             System	ControlType.MenuItem		Item 1
         Close	ControlType.Button		Close
--------</StdOut>
      </Output>
    </UnitTestResult>
    <UnitTestResult executionId="42e5bacb-0545-43db-af64-6aa02f139044" testId="32e03154-b9f9-bb91-4824-dff2ce7af16e" testName="MoveFolderExistingFile" computerName="DESKTOP-RRA95A8" duration="00:00:08.4342644" startTime="2016-01-24T03:27:41.5666930-08:00" endTime="2016-01-24T03:27:50.4583512-08:00" testType="13cdc9d9-ddb5-4fa4-a97d-d965ccfc6d4b" outcome="Passed" testListId="8c84fa94-04c1-424b-9868-57a2d4851a1d" relativeResultsDirectory="42e5bacb-0545-43db-af64-6aa02f139044">
      <Output>
        <StdOut>Opening C:\src\nodejstools\TestResults\Itani_DESKTOP-RRA95A8 2016-01-24 02_34_51\Out\Temp\a3bitqeb.fn0\DragDropCopyCutPaste.sln
Ending dialog: 
Name    ClassName      ControlType    AutomationID
 Microsoft Visual Studio	ControlType.Window	#32770	
     OK	ControlType.Button	Button	2
     	ControlType.Image	Static	20
     Unable to add 'FolderCollision'. A file with that name already exists.	ControlType.Text	Static	65535
     Microsoft Visual Studio	ControlType.TitleBar		TitleBar
         System Menu Bar	ControlType.MenuBar		SystemMenuBar
             System	ControlType.MenuItem		Item 1
         Close	ControlType.Button		Close
--------</StdOut>
      </Output>
    </UnitTestResult>
    <UnitTestResult executionId="b9b3a7cf-c64e-4f85-81a3-bd0413c5c8d1" testId="a49f09e3-8e58-a427-c32b-0428dbe90abf" testName="MoveFolderWithContents" computerName="DESKTOP-RRA95A8" duration="00:00:03.5182935" startTime="2016-01-24T03:27:50.4643577-08:00" endTime="2016-01-24T03:27:55.9879080-08:00" testType="13cdc9d9-ddb5-4fa4-a97d-d965ccfc6d4b" outcome="Failed" testListId="8c84fa94-04c1-424b-9868-57a2d4851a1d" relativeResultsDirectory="b9b3a7cf-c64e-4f85-81a3-bd0413c5c8d1">
      <Output>
        <StdOut>Opening C:\src\nodejstools\TestResults\Itani_DESKTOP-RRA95A8 2016-01-24 02_34_51\Out\Temp\yxnaldp4.nwy\FolderWithContentsProj.sln
Attempting to invoke pattern on null node
Name    ClassName      ControlType    AutomationID
 FolderWithContentsProj - Microsoft Visual Studio - Experimental Instance	ControlType.Window	Window	VisualStudioMainWindow
     FolderWithContentsProj - Microsoft Visual Studio - Experimental Instance	ControlType.TitleBar		TitleBar
         System Menu Bar	ControlType.MenuBar		SystemMenuBar
             System	ControlType.MenuItem		Item 1
         Minimize	ControlType.Button		Minimize
         Restore	ControlType.Button		Restore
         Close	ControlType.Button		Close
     FolderWithContentsProj - Microsoft Visual Studio - Experimental Instance	ControlType.TitleBar		TitleBar
         Minimize	ControlType.Button	Button	Minimize
         Restore	ControlType.Button	Button	Restore
         Close	ControlType.Button	Button	Close
         User Notifications Badge Control	ControlType.Custom	UserNotificationsBadge	UserNotificationsBadge
             User Notifications Badge	ControlType.Button	Button	UserNotificationsBadgeButton
                 4	ControlType.Text	Text	UserNotificationsCountLabel
                     4	ControlType.Text	TextBlock	
         	ControlType.Custom	SendASmileButton	Button_1
             Feedback	ControlType.Button	Button	Feedback
                 	ControlType.Image	Image	ButtonIcon
                 	ControlType.Image	Image	ButtonIconFeedback
         Quick Launch Control	ControlType.Custom	GlobalSearchControl	GlobalSearchControl
             Search Control	ControlType.Custom	SearchControl	SearchControl
                 Quick Launch (Ctrl+Q)	ControlType.Edit	TextBox	PART_SearchBox
                     	ControlType.ScrollBar	ScrollBar	VerticalScrollBar
                     	ControlType.ScrollBar	ScrollBar	HorizontalScrollBar
                 Search	ControlType.Button	Button	PART_SearchButton
                 Drop Down Button	ControlType.Button	Button	PART_SearchDropdownButton
     Connected User Information	ControlType.Custom	UserInformationCard	UserControl_1
         	ControlType.Image	Image	ErrorImage
         Sign in	ControlType.Text	TextBlock	TextBlock_1
             Sign in	ControlType.Hyperlink	Hyperlink	
         	ControlType.Text	TextBlock	DisplayName
         Show Connected User Information Card	ControlType.Button	Button	MoreInformationDropdown
         	ControlType.Image	Image	SignedOutImage
         	ControlType.Image	Image	UserImage
     MenuBar	ControlType.MenuBar	Menu	MenuBar
         File	ControlType.MenuItem	MenuItem	
         Edit	ControlType.MenuItem	MenuItem	
         View	ControlType.MenuItem	MenuItem	
         Project	ControlType.MenuItem	MenuItem	
         Build	ControlType.MenuItem	MenuItem	
         Debug	ControlType.MenuItem	MenuItem	
         Team	ControlType.MenuItem	MenuItem	
         Tools	ControlType.MenuItem	MenuItem	
         Architecture	ControlType.MenuItem	MenuItem	
         Test	ControlType.MenuItem	MenuItem	
         Analyze	ControlType.MenuItem	MenuItem	
         Window	ControlType.MenuItem	MenuItem	
         Help	ControlType.MenuItem	MenuItem	
     ToolBarDockTop	ControlType.Pane		
         Standard	ControlType.ToolBar	ToolBar	
             Navigate Backward	ControlType.Button	Button	
                 Navigate Backward	ControlType.Menu	Menu	
                     Navigate Backward	ControlType.MenuItem	MenuItem	PART_FocusTarget
             Navigate Forward	ControlType.Button	Button	
                 	ControlType.Image	Image	
                 Navigate _Forward	ControlType.Text	TextBlock	
             New Project	ControlType.Button	Button	
                 New Project	ControlType.Menu	Menu	
                     New Project	ControlType.MenuItem	MenuItem	PART_FocusTarget
             Open File...	ControlType.Button	Button	
                 	ControlType.Image	Image	
                 _Open File...	ControlType.Text	TextBlock	
             Save FolderWithContentsProj.njsproj	ControlType.Button	Button	
                 	ControlType.Image	Image	
                 _Save FolderWithContentsProj.njsproj	ControlType.Text	TextBlock	
             Save All	ControlType.Button	Button	
                 	ControlType.Image	Image	
                 Save A_ll	ControlType.Text	TextBlock	
             Undo	ControlType.Button	Button	
                 Undo	ControlType.Menu	Menu	
                     Undo	ControlType.SplitButton	VsSplitButton	PART_FocusTarget
                         Undo	ControlType.Button	Button	
                             	ControlType.Image	Image	
             Redo	ControlType.Button	Button	
                 Redo	ControlType.Menu	Menu	
                     Redo	ControlType.SplitButton	VsSplitButton	PART_FocusTarget
                         Redo	ControlType.Button	Button	
                             	ControlType.Image	Image	
             Solution Configurations	ControlType.Button	Button	
                 	ControlType.Button	Button	Label
                 Solution Configurations	ControlType.ComboBox	ComboBox	PART_FocusTarget
                     Debug	ControlType.ListItem	ListBoxItem	Debug
             Solution Platforms	ControlType.Button	Button	
                 	ControlType.Button	Button	Label
                 Solution Platforms	ControlType.ComboBox	ComboBox	PART_FocusTarget
                     Any CPU	ControlType.ListItem	ListBoxItem	Any CPU
             Debug Target	ControlType.Button	Button	
                 Debug Target	ControlType.Menu	Menu	
                     Debug Target	ControlType.MenuItem	MenuItem	PART_FocusTarget
             Browser Link	ControlType.Button	Button	
                 Browser Link	ControlType.Menu	Menu	
                     Browser Link	ControlType.MenuItem	MenuItem	PART_FocusTarget
             Find in Files	ControlType.Button	Button	
                 	ControlType.Image	Image	
                 F_ind in Files	ControlType.Text	TextBlock	
             Toolbar Options	ControlType.Button	Button	Toolbar Options
     ToolBarDockLeft	ControlType.Pane		
     	ControlType.Pane	DockRoot	
         	ControlType.Thumb	Thumb	SplitterGrip
         	ControlType.Thumb	Thumb	SplitterGrip
         	ControlType.Thumb	Thumb	SplitterGrip
         	ControlType.Thumb	Thumb	SplitterGrip
         	ControlType.Thumb	Thumb	SplitterGrip
         Output	ControlType.Pane	ViewPresenter	ST:0:0:{34e76e81-ee4a-11d0-ae2e-00a0c90fffc3}
             Output	ControlType.TitleBar	ToolWindowTitleBar	
                 Output	ControlType.TitleBar	DragUndockHeaderTitleBar	DragHeader
                     Hide	ControlType.Button	Button	HideButton
                     MaximizeRestore	ControlType.Button	Button	MaximizeRestoreButton
                     Auto Hide	ControlType.Button	Button	AutoHideButton
                     Window Menu	ControlType.Button	Button	DropDownMenuButton
                     Output	ControlType.Text	TextBlock	
                     *	ControlType.Text	TextBlock	DirtyIndicator
             Output	ControlType.Pane	GenericPane	
                 	ControlType.Custom		WpfTextViewHost
                     Text Editor	ControlType.Edit	WpfTextView	WpfTextView
                     Line Selection Margin	ControlType.Custom	SelectionMargin	SelectionMargin
                     	ControlType.ScrollBar	ScrollBar	WpfEditorUIVerticalScrollbar
                         M0,5 9,5 9,4 8,4  8,3 7,3 7,2 6,2 6,1 5,1 5,0 4,0 4,1 3,1 3,2 2,2 2,3 1,3, 1,4 0,4 Z	ControlType.Button	RepeatButton	LineUp
                         	ControlType.Button	RepeatButton	PageUp
                         	ControlType.Thumb	Thumb	
                         	ControlType.Button	RepeatButton	PageDown
                         M0,0 9,0 9,1 8,1 8,2 8,2 7,2 7,3 6,3 6,4 5,4 5,5 4,5 4,4 3,4 3,3 2,3 2,2 1,2 1,1 0,1 Z	ControlType.Button	RepeatButton	LineDown
                     	ControlType.ScrollBar	ScrollBar	WpfEditorUIHorizontalScrollbar
                         M5,0 5,9 4,9 4,8 3,8 3,7 2,7 2,6 1,6 1,5 0,5 0,4 1,4 1,3 2,3 2,2 3,2 3,1 4,1 4,0z	ControlType.Button	RepeatButton	LineLeft
                         	ControlType.Button	RepeatButton	PageLeft
                         	ControlType.Thumb	Thumb	
                         	ControlType.Button	RepeatButton	PageRight
                         M0,0 0,9 1,9 1,8 2,8 2,7 3,7 3,6 4,6 4,5 5,5 5,4 4,4 4,3 3,3 3,2 2,2 2,1 1,1 1,0z	ControlType.Button	RepeatButton	LineRight
             	ControlType.Pane		
                 Output Window	ControlType.ToolBar	ToolBar	
                     Show output from:	ControlType.Button	Button	
                         	ControlType.Button	Button	Label
                             _Show output from:	ControlType.Text	TextBlock	
                         Show output from:	ControlType.ComboBox	ComboBox	PART_FocusTarget
                             Build	ControlType.ListItem	ListBoxItem	Build
                     Go To Location	ControlType.Button	Button	
                         	ControlType.Image	Image	
                         _Go To Location	ControlType.Text	TextBlock	
                     Go To Previous Location	ControlType.Button	Button	
                         	ControlType.Image	Image	
                         Go To _Previous Location	ControlType.Text	TextBlock	
                     Go To Next Location	ControlType.Button	Button	
                         	ControlType.Image	Image	
                         Go To _Next Location	ControlType.Text	TextBlock	
                     Clear All	ControlType.Button	Button	
                         	ControlType.Image	Image	
                         Clear Al_l	ControlType.Text	TextBlock	
                     Toggle word wrap	ControlType.Button	Button	
                         	ControlType.Image	Image	
                         _Toggle word wrap	ControlType.Text	TextBlock	
                     Toolbar Options	ControlType.Button	Button	Toolbar Options
         	ControlType.Thumb	Thumb	SplitterGrip
         	ControlType.Thumb	Thumb	SplitterGrip
         Solution Explorer	ControlType.Pane	ToolWindowTabGroupContainer	TabGroup|ST:0:0:{3ae79031-e1bc-11d0-8f78-00a0c9110057}|ST:0:0:{131369f2-062d-44a2-8671-91ff31efb4f4}|ST:0:0:{c9c0ae26-aa77-11d2-b3f0-0000f87570ee}
             Solution Explorer	ControlType.TitleBar	ToolWindowTitleBar	PART_Header
                 TabGroup, Children = 14, VisibleChildren = 3, DockedWidth = 348.16, DockedHeight = 537.6	ControlType.TitleBar	DragUndockHeaderTitleBar	DragHeader
                     Hide	ControlType.Button	Button	HideButton
                     MaximizeRestore	ControlType.Button	Button	MaximizeRestoreButton
                     Auto Hide	ControlType.Button	Button	AutoHideButton
                     Window Menu	ControlType.Button	Button	DropDownMenuButton
                     Solution Explorer	ControlType.Text	TextBlock	
                     *	ControlType.Text	TextBlock	DirtyIndicator
             	ControlType.Tab	ToolWindowTabGroup	TabGroup|ST:0:0:{3ae79031-e1bc-11d0-8f78-00a0c9110057}|ST:0:0:{131369f2-062d-44a2-8671-91ff31efb4f4}|ST:0:0:{c9c0ae26-aa77-11d2-b3f0-0000f87570ee}
                 Solution Explorer	ControlType.TabItem	TabItem	TAB_ST:0:0:{3ae79031-e1bc-11d0-8f78-00a0c9110057}
                     Solution Explorer	ControlType.TitleBar	DragUndockHeaderTitleBar	
                         	ControlType.Image	Image	ToolTitleIcon
                         Solution Explorer	ControlType.Text	TextBlock	Text
                     Solution Explorer	ControlType.Pane	ViewPresenter	ST:0:0:{3ae79031-e1bc-11d0-8f78-00a0c9110057}
                         	ControlType.Pane		
                             Explorer	ControlType.ToolBar	ToolBar	
                                 Back	ControlType.Button	Button	
                                     	ControlType.Image	Image	
                                     Back	ControlType.Text	TextBlock	
                                 Forward	ControlType.Button	Button	
                                     	ControlType.Image	Image	
                                     Forward	ControlType.Text	TextBlock	
                                 Home	ControlType.Button	Button	
                                     	ControlType.Image	Image	
                                     Home	ControlType.Text	TextBlock	
                                 Filter Solution Explorer To	ControlType.Button	Button	
                                     Filter Solution Explorer To	ControlType.Menu	Menu	
                                         Filter Solution Explorer To	ControlType.MenuItem	MenuItem	PART_FocusTarget
                                 Sync with Active Document	ControlType.Button	Button	
                                     	ControlType.Image	Image	
                                     Sync with Active Document	ControlType.Text	TextBlock	
                                 Collapse All	ControlType.Button	Button	
                                     	ControlType.Image	Image	
                                     Collapse All	ControlType.Text	TextBlock	
                                 Show All Files	ControlType.Button	Button	
                                     	ControlType.Image	Image	
                                     Sh_ow All Files	ControlType.Text	TextBlock	
                                 Properties	ControlType.Button	Button	
                                     	ControlType.Image	Image	
                                     P_roperties	ControlType.Text	TextBlock	
                                 Preview Selected Items	ControlType.Button	Button	
                                     	ControlType.Image	Image	
                                     Preview Selected Items	ControlType.Text	TextBlock	
                                 Show on Code Map	ControlType.Button	Button	
                                     	ControlType.Image	Image	
                                     Show on _Code Map	ControlType.Text	TextBlock	
                                 Toolbar Options	ControlType.Button	Button	Toolbar Options
                         Search Control	ControlType.Custom	SearchControl	SearchControl
                             Search Solution Explorer (Ctrl+;)	ControlType.Edit	TextBox	PART_SearchBox
                                 	ControlType.ScrollBar	ScrollBar	VerticalScrollBar
                                 	ControlType.ScrollBar	ScrollBar	HorizontalScrollBar
                             Search	ControlType.Button	Button	PART_SearchButton
                             Drop Down Button	ControlType.Button	Button	PART_SearchDropdownButton
                             Search Control Drop Down	ControlType.Custom	UserControl	PART_SearchPopupContent
                         Solution Explorer	ControlType.Pane	GenericPane	
                             Solution Explorer	ControlType.Tree	TreeView	SolutionExplorer
                                 Solution 'FolderWithContentsProj' ‎(1 project)	ControlType.TreeItem	TreeViewItem	
                                     FolderWithContentsProj	ControlType.TreeItem	TreeViewItem	
                                         npm	ControlType.TreeItem	TreeViewItem	
                                         A	ControlType.TreeItem	TreeViewItem	
                                             B	ControlType.TreeItem	TreeViewItem	
                                         C	ControlType.TreeItem	TreeViewItem	
                             	ControlType.ProgressBar	ProgressBar	
                 Team Explorer - Connect	ControlType.TabItem	TabItem	TAB_ST:0:0:{131369f2-062d-44a2-8671-91ff31efb4f4}
                     Team Explorer - Connect	ControlType.TitleBar	DragUndockHeaderTitleBar	
                         	ControlType.Image	Image	ToolTitleIcon
                         Team Explorer	ControlType.Text	TextBlock	Text
                 Class View	ControlType.TabItem	TabItem	TAB_ST:0:0:{c9c0ae26-aa77-11d2-b3f0-0000f87570ee}
                     Class View	ControlType.TitleBar	DragUndockHeaderTitleBar	
                         	ControlType.Image	Image	ToolTitleIcon
                         Class View	ControlType.Text	TextBlock	Text
         	ControlType.Thumb	Thumb	SplitterGrip
         Properties	ControlType.Pane	ViewPresenter	ST:0:0:{eefa5220-e298-11d0-8f78-00a0c9110057}
             Properties	ControlType.TitleBar	ToolWindowTitleBar	
                 Properties	ControlType.TitleBar	DragUndockHeaderTitleBar	DragHeader
                     Hide	ControlType.Button	Button	HideButton
                     MaximizeRestore	ControlType.Button	Button	MaximizeRestoreButton
                     Auto Hide	ControlType.Button	Button	AutoHideButton
                     Window Menu	ControlType.Button	Button	DropDownMenuButton
                     Properties	ControlType.Text	TextBlock	
                     *	ControlType.Text	TextBlock	DirtyIndicator
             	ControlType.Pane	HwndHost	
                 Properties	ControlType.Pane	GenericPane	
                     Property Browser	ControlType.Pane	WindowsForms10.Window.8.app.0.1b2cf09_r42_ad1	988654
                         Components	ControlType.ComboBox	WindowsForms10.COMBOBOX.app.0.1b2cf09_r42_ad1	1774630
                             Components	ControlType.List	ComboLBox	ListBox
                                 FolderWithContentsProj:Solution Properties	ControlType.ListItem		
                             Drop Down Button	ControlType.Button		DropDown
                         PropertyGrid	ControlType.Pane	WindowsForms10.Window.8.app.0.1b2cf09_r42_ad1	244060168
                             Description Pane	ControlType.Pane	WindowsForms10.Window.8.app.0.1b2cf09_r42_ad1	789280
                                 (Name)	ControlType.Text	WindowsForms10.STATIC.app.0.1b2cf09_r42_ad1	1250258
                                 The name of the solution file.	ControlType.Text	WindowsForms10.STATIC.app.0.1b2cf09_r42_ad1	594818
                             Properties Window	ControlType.Table	WindowsForms10.Window.8.app.0.1b2cf09_r42_ad1	529250
                                 Misc	ControlType.Custom		
                                 (Name)	ControlType.Custom		
                                 Active config	ControlType.Custom		
                                 Description	ControlType.Custom		
                                 Path	ControlType.Custom		
                                 Startup project	ControlType.Custom		
                             ToolBar	ControlType.ToolBar	WindowsForms10.Window.8.app.0.1b2cf09_r42_ad1	332640
                                 Categorized	ControlType.Button		
                                 Alphabetical	ControlType.Button		
                                 	ControlType.Separator		
                                 Property Pages	ControlType.Button		
     Server Explorer	ControlType.Button	Button	AUTOHIDE_ST:0:0:{74946827-37a0-11d2-a273-00c04f8ef4ff}
         	ControlType.Image	Image	ToolTitleIcon
         Server Explorer	ControlType.Text	TextBlock	Text
     Toolbox	ControlType.Button	Button	AUTOHIDE_ST:0:0:{b1e99781-ab81-11d0-b683-00aa00a3ee26}
         	ControlType.Image	Image	ToolTitleIcon
         Toolbox	ControlType.Text	TextBlock	Text
     ToolBarDockRight	ControlType.Pane		
     ToolBarDockBottom	ControlType.Pane		
     	ControlType.StatusBar	StatusBar	StatusBarContainer
         Ready	ControlType.Text	CompartmentAutomationPeer	TextCompartment
         	ControlType.Text	CompartmentAutomationPeer	LineColumnCharacterCompartment
         	ControlType.Text	CompartmentAutomationPeer	XYWidthHeightCompartment
         	ControlType.Text	CompartmentAutomationPeer	SelectionModeCompartment
         	ControlType.Text	CompartmentAutomationPeer	InsertionModeCompartment</StdOut>
        <ErrorInfo>
          <Message>Test method Microsoft.VisualStudioTools.SharedProjectTests.DragDropCopyCutPaste.MoveFolderWithContents threw exception: 
System.InvalidOperationException: Operation is not valid due to the current state of the object.</Message>
          <StackTrace>    at TestUtilities.UI.AutomationWrapper.CheckNullElement(ITreeNode element) in C:\src\nodejstools\Common\Tests\Utilities.UI\UI\AutomationWrapper.cs:line 230
   at TestUtilities.UI.AutomationWrapper.Select(ITreeNode selectionItem) in C:\src\nodejstools\Common\Tests\Utilities.UI\UI\AutomationWrapper.cs:line 262
   at Microsoft.VisualStudioTools.SharedProjectTests.DragDropCopyCutPaste.MoveByKeyboard(IVisualStudioInstance vs, ITreeNode destination, ITreeNode[] source) in C:\src\nodejstools\Common\Tests\SharedProjectTests\DragDropCopyCutPaste.cs:line 1714
   at Microsoft.VisualStudioTools.SharedProjectTests.DragDropCopyCutPaste.MoveFolderWithContents() in C:\src\nodejstools\Common\Tests\SharedProjectTests\DragDropCopyCutPaste.cs:line 1533
</StackTrace>
        </ErrorInfo>
      </Output>
    </UnitTestResult>
    <UnitTestResult executionId="79c76e52-4e2a-426d-9620-4157fd1f03bd" testId="c60b2d6b-f1e2-3b17-9d0c-5c977453485a" testName="MoveProjectToSolutionFolderKeyboard" computerName="DESKTOP-RRA95A8" duration="00:00:04.1453078" startTime="2016-01-24T03:27:55.9957587-08:00" endTime="2016-01-24T03:28:02.3447665-08:00" testType="13cdc9d9-ddb5-4fa4-a97d-d965ccfc6d4b" outcome="Passed" testListId="8c84fa94-04c1-424b-9868-57a2d4851a1d" relativeResultsDirectory="79c76e52-4e2a-426d-9620-4157fd1f03bd">
      <Output>
        <StdOut>Opening C:\src\nodejstools\TestResults\Itani_DESKTOP-RRA95A8 2016-01-24 02_34_51\Out\Temp\4yrfmhue.j10\DragDropCopyCutPaste.sln</StdOut>
      </Output>
    </UnitTestResult>
    <UnitTestResult executionId="1d76adde-0a4c-4710-a300-3cb5f6f1b90c" testId="e2fab5e1-48af-c715-310e-d2cef60fb5f7" testName="MoveProjectToSolutionFolderMouse" computerName="DESKTOP-RRA95A8" duration="00:00:03.6084156" startTime="2016-01-24T03:28:02.3496728-08:00" endTime="2016-01-24T03:28:07.9647922-08:00" testType="13cdc9d9-ddb5-4fa4-a97d-d965ccfc6d4b" outcome="Passed" testListId="8c84fa94-04c1-424b-9868-57a2d4851a1d" relativeResultsDirectory="1d76adde-0a4c-4710-a300-3cb5f6f1b90c">
      <Output>
        <StdOut>Opening C:\src\nodejstools\TestResults\Itani_DESKTOP-RRA95A8 2016-01-24 02_34_51\Out\Temp\2cbd2rch.q1t\DragDropCopyCutPaste.sln</StdOut>
      </Output>
    </UnitTestResult>
    <UnitTestResult executionId="1ccb7ac1-d5cc-4ee9-95fe-f8af5e7d2c3d" testId="b44ad854-797c-6455-2cdd-805237f53829" testName="CopyReadOnlyFileByKeyboard" computerName="DESKTOP-RRA95A8" duration="00:00:03.9398400" startTime="2016-01-24T03:28:07.9703068-08:00" endTime="2016-01-24T03:28:16.0908804-08:00" testType="13cdc9d9-ddb5-4fa4-a97d-d965ccfc6d4b" outcome="Passed" testListId="8c84fa94-04c1-424b-9868-57a2d4851a1d" relativeResultsDirectory="1ccb7ac1-d5cc-4ee9-95fe-f8af5e7d2c3d">
      <Output>
        <StdOut>Opening C:\src\nodejstools\TestResults\Itani_DESKTOP-RRA95A8 2016-01-24 02_34_51\Out\Temp\wgze1brh.pii\CopyReadOnlyFile.sln</StdOut>
      </Output>
    </UnitTestResult>
    <UnitTestResult executionId="09d893cc-7caa-4916-a9ee-d5c883b6f384" testId="67a7c829-17a5-6f9a-953e-8720509d8b56" testName="CopyReadOnlyFileByMouse" computerName="DESKTOP-RRA95A8" duration="00:00:03.6770943" startTime="2016-01-24T03:28:16.1016740-08:00" endTime="2016-01-24T03:28:22.5543325-08:00" testType="13cdc9d9-ddb5-4fa4-a97d-d965ccfc6d4b" outcome="Passed" testListId="8c84fa94-04c1-424b-9868-57a2d4851a1d" relativeResultsDirectory="09d893cc-7caa-4916-a9ee-d5c883b6f384">
      <Output>
        <StdOut>Opening C:\src\nodejstools\TestResults\Itani_DESKTOP-RRA95A8 2016-01-24 02_34_51\Out\Temp\crrxmpw3.5id\CopyReadOnlyFile.sln</StdOut>
      </Output>
    </UnitTestResult>
    <UnitTestResult executionId="493848e8-d393-4339-9696-58846bb3205d" testId="2e11e0ac-e33e-6520-4aed-7d8338635396" testName="CopyFileFromFolderToLinkedFolderKeyboard" computerName="DESKTOP-RRA95A8" duration="00:00:00.0448892" startTime="2016-01-24T03:28:22.5582593-08:00" endTime="2016-01-24T03:28:24.7802161-08:00" testType="13cdc9d9-ddb5-4fa4-a97d-d965ccfc6d4b" outcome="Failed" testListId="8c84fa94-04c1-424b-9868-57a2d4851a1d" relativeResultsDirectory="493848e8-d393-4339-9696-58846bb3205d">
      <Output>
        <ErrorInfo>
          <Message>Test method Microsoft.VisualStudioTools.SharedProjectTests.DragDropCopyCutPaste.CopyFileFromFolderToLinkedFolderKeyboard threw exception: 
System.UnauthorizedAccessException: Process must be run in elevated permissions in order to create symbolic link.</Message>
          <StackTrace>    at TestUtilities.NativeMethods.CreateSymbolicLink(String symlinkPath, String targetPath) in C:\src\nodejstools\Common\Tests\Utilities\NativeMethods.cs:line 375
   at TestUtilities.SharedProject.SymbolicLinkItem.Generate(ProjectType projectType, Project project) in C:\src\nodejstools\Common\Tests\Utilities\SharedProject\SymbolicLinkItem.cs:line 39
   at TestUtilities.SharedProject.ProjectContentGroup.Generate(ProjectType projectType, Project project) in C:\src\nodejstools\Common\Tests\Utilities\SharedProject\ProjectContentGroup.cs:line 35
   at TestUtilities.SharedProject.ProjectDefinition.Save(ProjectCollection collection, String location) in C:\src\nodejstools\Common\Tests\Utilities\SharedProject\ProjectDefinition.cs:line 97
   at TestUtilities.SharedProject.SolutionFile.Generate(String solutionName, Int32 pathSpaceRemaining, ISolutionElement[] toGenerate) in C:\src\nodejstools\Common\Tests\Utilities\SharedProject\SolutionFile.cs:line 66
   at Microsoft.VisualStudioTools.SharedProjectTests.DragDropCopyCutPaste.CopyFileFromFolderToLinkedFolder(MoveDelegate copier) in C:\src\nodejstools\Common\Tests\SharedProjectTests\DragDropCopyCutPaste.cs:line 1656
   at Microsoft.VisualStudioTools.SharedProjectTests.DragDropCopyCutPaste.CopyFileFromFolderToLinkedFolderKeyboard() in C:\src\nodejstools\Common\Tests\SharedProjectTests\DragDropCopyCutPaste.cs:line 1641
</StackTrace>
        </ErrorInfo>
      </Output>
    </UnitTestResult>
    <UnitTestResult executionId="32489bf3-4760-430e-8004-729e41b194ab" testId="186867f0-ba06-5180-3309-1849c5e5323e" testName="CopyFileFromFolderToLinkedFolderMouse" computerName="DESKTOP-RRA95A8" duration="00:00:00.0388645" startTime="2016-01-24T03:28:24.7841399-08:00" endTime="2016-01-24T03:28:25.2740300-08:00" testType="13cdc9d9-ddb5-4fa4-a97d-d965ccfc6d4b" outcome="Failed" testListId="8c84fa94-04c1-424b-9868-57a2d4851a1d" relativeResultsDirectory="32489bf3-4760-430e-8004-729e41b194ab">
      <Output>
        <ErrorInfo>
          <Message>Test method Microsoft.VisualStudioTools.SharedProjectTests.DragDropCopyCutPaste.CopyFileFromFolderToLinkedFolderMouse threw exception: 
System.UnauthorizedAccessException: Process must be run in elevated permissions in order to create symbolic link.</Message>
          <StackTrace>    at TestUtilities.NativeMethods.CreateSymbolicLink(String symlinkPath, String targetPath) in C:\src\nodejstools\Common\Tests\Utilities\NativeMethods.cs:line 375
   at TestUtilities.SharedProject.SymbolicLinkItem.Generate(ProjectType projectType, Project project) in C:\src\nodejstools\Common\Tests\Utilities\SharedProject\SymbolicLinkItem.cs:line 39
   at TestUtilities.SharedProject.ProjectContentGroup.Generate(ProjectType projectType, Project project) in C:\src\nodejstools\Common\Tests\Utilities\SharedProject\ProjectContentGroup.cs:line 35
   at TestUtilities.SharedProject.ProjectDefinition.Save(ProjectCollection collection, String location) in C:\src\nodejstools\Common\Tests\Utilities\SharedProject\ProjectDefinition.cs:line 97
   at TestUtilities.SharedProject.SolutionFile.Generate(String solutionName, Int32 pathSpaceRemaining, ISolutionElement[] toGenerate) in C:\src\nodejstools\Common\Tests\Utilities\SharedProject\SolutionFile.cs:line 66
   at Microsoft.VisualStudioTools.SharedProjectTests.DragDropCopyCutPaste.CopyFileFromFolderToLinkedFolder(MoveDelegate copier) in C:\src\nodejstools\Common\Tests\SharedProjectTests\DragDropCopyCutPaste.cs:line 1656
   at Microsoft.VisualStudioTools.SharedProjectTests.DragDropCopyCutPaste.CopyFileFromFolderToLinkedFolderMouse() in C:\src\nodejstools\Common\Tests\SharedProjectTests\DragDropCopyCutPaste.cs:line 1647
</StackTrace>
        </ErrorInfo>
      </Output>
    </UnitTestResult>
    <UnitTestResult executionId="27205b94-c58b-4d77-b460-eeb304d20e24" testId="81890310-c300-d916-5feb-56e30d2ecd41" testName="RunWithoutStartupFile" computerName="DESKTOP-RRA95A8" duration="00:00:04.5577153" startTime="2016-01-24T03:28:25.2769736-08:00" endTime="2016-01-24T03:28:30.3313101-08:00" testType="13cdc9d9-ddb5-4fa4-a97d-d965ccfc6d4b" outcome="Passed" testListId="8c84fa94-04c1-424b-9868-57a2d4851a1d" relativeResultsDirectory="27205b94-c58b-4d77-b460-eeb304d20e24">
      <Output>
        <StdOut>Opening C:\src\nodejstools\TestResults\Itani_DESKTOP-RRA95A8 2016-01-24 02_34_51\Out\Temp\3kah331c.r44\RunWithoutStartupFile.sln
Successfully executed command Debug.Start 
Ending dialog: 
Name    ClassName      ControlType    AutomationID
 Microsoft Visual Studio	ControlType.Window	#32770	
     OK	ControlType.Button	Button	2
     	ControlType.Image	Static	20
     Please select a startup file to launch by right-clicking the file in Solution Explorer and selecting 'Set as Node.js Startup File' or by modifying your configuration in project properties.	ControlType.Text	Static	65535
     Microsoft Visual Studio	ControlType.TitleBar		TitleBar
         System Menu Bar	ControlType.MenuBar		SystemMenuBar
             System	ControlType.MenuItem		Item 1
         Close	ControlType.Button		Close
--------
Successfully executed command Debug.StartWithoutDebugging 
Ending dialog: 
Name    ClassName      ControlType    AutomationID
 Microsoft Visual Studio	ControlType.Window	#32770	
     OK	ControlType.Button	Button	2
     	ControlType.Image	Static	20
     Please select a startup file to launch by right-clicking the file in Solution Explorer and selecting 'Set as Node.js Startup File' or by modifying your configuration in project properties.	ControlType.Text	Static	65535
     Microsoft Visual Studio	ControlType.TitleBar		TitleBar
         System Menu Bar	ControlType.MenuBar		SystemMenuBar
             System	ControlType.MenuItem		Item 1
         Close	ControlType.Button		Close
--------</StdOut>
      </Output>
    </UnitTestResult>
    <UnitTestResult executionId="eb13d735-54cd-4514-a0af-b793df8c8a66" testId="9819661d-290f-ca40-e620-505759418589" testName="RenameStartupFileFolder" computerName="DESKTOP-RRA95A8" duration="00:00:07.8555786" startTime="2016-01-24T03:28:30.3373261-08:00" endTime="2016-01-24T03:28:38.6631797-08:00" testType="13cdc9d9-ddb5-4fa4-a97d-d965ccfc6d4b" outcome="Failed" testListId="8c84fa94-04c1-424b-9868-57a2d4851a1d" relativeResultsDirectory="eb13d735-54cd-4514-a0af-b793df8c8a66">
      <Output>
        <StdOut>Opening C:\src\nodejstools\TestResults\Itani_DESKTOP-RRA95A8 2016-01-24 02_34_51\Out\Temp\no0bshuw.gmm\RenameStartupFileFolder.sln</StdOut>
        <ErrorInfo>
          <Message>Test method Microsoft.VisualStudioTools.SharedProjectTests.ScriptProjectTests.RenameStartupFileFolder threw exception: 
System.ArgumentException: Failed to find item: Folder</Message>
          <StackTrace>    at Microsoft.VisualStudioTools.Project.Automation.OANavigableProjectItems.Item(Object index)
   at Microsoft.VisualStudioTools.SharedProjectTests.ScriptProjectTests.RenameStartupFileFolder() in C:\src\nodejstools\Common\Tests\SharedProjectTests\ScriptProjectTests.cs:line 60
</StackTrace>
        </ErrorInfo>
      </Output>
    </UnitTestResult>
    <UnitTestResult executionId="b3594cd4-9a36-4743-9a0d-8c23b44106ae" testId="dfa52e24-64a7-46f0-1a55-6991e2cf4a30" testName="RenameStartupFile" computerName="DESKTOP-RRA95A8" duration="00:00:02.6508204" startTime="2016-01-24T03:28:38.6690674-08:00" endTime="2016-01-24T03:28:44.0351064-08:00" testType="13cdc9d9-ddb5-4fa4-a97d-d965ccfc6d4b" outcome="Failed" testListId="8c84fa94-04c1-424b-9868-57a2d4851a1d" relativeResultsDirectory="b3594cd4-9a36-4743-9a0d-8c23b44106ae">
      <Output>
        <StdOut>Opening C:\src\nodejstools\TestResults\Itani_DESKTOP-RRA95A8 2016-01-24 02_34_51\Out\Temp\taplfapa.cgm\RenameStartupFileFolder.sln</StdOut>
        <ErrorInfo>
          <Message>Test method Microsoft.VisualStudioTools.SharedProjectTests.ScriptProjectTests.RenameStartupFile threw exception: 
System.ArgumentException: Failed to find item: Folder</Message>
          <StackTrace>    at Microsoft.VisualStudioTools.Project.Automation.OANavigableProjectItems.Item(Object index)
   at Microsoft.VisualStudioTools.SharedProjectTests.ScriptProjectTests.RenameStartupFile() in C:\src\nodejstools\Common\Tests\SharedProjectTests\ScriptProjectTests.cs:line 86
</StackTrace>
        </ErrorInfo>
      </Output>
    </UnitTestResult>
    <UnitTestResult executionId="9e701076-7f9e-4a04-abcf-4999db4a3bb2" testId="a28fc48e-fe69-eaa4-4759-17098165f4d1" testName="MoveToMissingFolderKeyboard" computerName="DESKTOP-RRA95A8" duration="00:00:17.4994553" startTime="2016-01-24T03:28:44.0400138-08:00" endTime="2016-01-24T03:29:02.0259739-08:00" testType="13cdc9d9-ddb5-4fa4-a97d-d965ccfc6d4b" outcome="Failed" testListId="8c84fa94-04c1-424b-9868-57a2d4851a1d" relativeResultsDirectory="9e701076-7f9e-4a04-abcf-4999db4a3bb2">
      <Output>
        <StdOut>Opening C:\src\nodejstools\TestResults\Itani_DESKTOP-RRA95A8 2016-01-24 02_34_51\Out\Temp\jvvxflhl.rkm\MoveToMissingFolder.sln
Failed to find Solution 'MoveToMissingFolder' (1 project)\MoveToMissingFolder\Fob\codefile.js
Name    ClassName      ControlType    AutomationID
 Solution Explorer	ControlType.Tree	TreeView	SolutionExplorer
     Solution 'MoveToMissingFolder' ‎(1 project)	ControlType.TreeItem	TreeViewItem	
         MoveToMissingFolder	ControlType.TreeItem	TreeViewItem	
             npm	ControlType.TreeItem	TreeViewItem	
             Fob (node)	ControlType.TreeItem	TreeViewItem	
                 codefile.js	ControlType.TreeItem	TreeViewItem</StdOut>
        <ErrorInfo>
          <Message>Assert.IsNotNull failed. Item not found in solution explorer Solution 'MoveToMissingFolder' (1 project)\MoveToMissingFolder\Fob\codefile.js
Item missing at: Solution 'MoveToMissingFolder' (1 project)\MoveToMissingFolder\Fob</Message>
          <StackTrace>   at TestUtilities.UI.SolutionExplorerTree.AssertItemExistsInTree(String[] path) in C:\src\nodejstools\Common\Tests\Utilities.UI\UI\SolutionExplorerTree.cs:line 89
   at TestUtilities.UI.SolutionExplorerTree.AssertFileExists(String projectLocation, String[] path) in C:\src\nodejstools\Common\Tests\Utilities.UI\UI\SolutionExplorerTree.cs:line 28
   at TestUtilities.UI.VisualStudioInstance.AssertFileExists(String[] path) in C:\src\nodejstools\Common\Tests\Utilities.UI\UI\VisualStudioInstance.cs:line 215
   at Microsoft.VisualStudioTools.SharedProjectTests.NewDragDropCopyCutPaste.MoveToMissingFolder(MoveDelegate mover) in C:\src\nodejstools\Common\Tests\SharedProjectTests\NewDragDropCopyCutPaste.cs:line 63
   at Microsoft.VisualStudioTools.SharedProjectTests.NewDragDropCopyCutPaste.MoveToMissingFolderKeyboard() in C:\src\nodejstools\Common\Tests\SharedProjectTests\NewDragDropCopyCutPaste.cs:line 33
</StackTrace>
        </ErrorInfo>
      </Output>
    </UnitTestResult>
    <UnitTestResult executionId="a5a4b09e-a93f-4717-bfcb-e324dd7e0901" testId="56d0a630-15e4-db7f-c684-d2022f11b104" testName="MoveToMissingFolderMouse" computerName="DESKTOP-RRA95A8" duration="00:00:19.6030440" startTime="2016-01-24T03:29:02.0308795-08:00" endTime="2016-01-24T03:29:22.1065373-08:00" testType="13cdc9d9-ddb5-4fa4-a97d-d965ccfc6d4b" outcome="Failed" testListId="8c84fa94-04c1-424b-9868-57a2d4851a1d" relativeResultsDirectory="a5a4b09e-a93f-4717-bfcb-e324dd7e0901">
      <Output>
        <StdOut>Opening C:\src\nodejstools\TestResults\Itani_DESKTOP-RRA95A8 2016-01-24 02_34_51\Out\Temp\3btgbjnk.gnr\MoveToMissingFolder.sln
Failed to find Solution 'MoveToMissingFolder' (1 project)\MoveToMissingFolder\Fob\codefile.js
Name    ClassName      ControlType    AutomationID
 Solution Explorer	ControlType.Tree	TreeView	SolutionExplorer
     Solution 'MoveToMissingFolder' ‎(1 project)	ControlType.TreeItem	TreeViewItem	
         MoveToMissingFolder	ControlType.TreeItem	TreeViewItem	
             npm	ControlType.TreeItem	TreeViewItem	
             Fob (node)	ControlType.TreeItem	TreeViewItem	
                 codefile.js	ControlType.TreeItem	TreeViewItem</StdOut>
        <ErrorInfo>
          <Message>Assert.IsNotNull failed. Item not found in solution explorer Solution 'MoveToMissingFolder' (1 project)\MoveToMissingFolder\Fob\codefile.js
Item missing at: Solution 'MoveToMissingFolder' (1 project)\MoveToMissingFolder\Fob</Message>
          <StackTrace>   at TestUtilities.UI.SolutionExplorerTree.AssertItemExistsInTree(String[] path) in C:\src\nodejstools\Common\Tests\Utilities.UI\UI\SolutionExplorerTree.cs:line 89
   at TestUtilities.UI.SolutionExplorerTree.AssertFileExists(String projectLocation, String[] path) in C:\src\nodejstools\Common\Tests\Utilities.UI\UI\SolutionExplorerTree.cs:line 28
   at TestUtilities.UI.VisualStudioInstance.AssertFileExists(String[] path) in C:\src\nodejstools\Common\Tests\Utilities.UI\UI\VisualStudioInstance.cs:line 215
   at Microsoft.VisualStudioTools.SharedProjectTests.NewDragDropCopyCutPaste.MoveToMissingFolder(MoveDelegate mover) in C:\src\nodejstools\Common\Tests\SharedProjectTests\NewDragDropCopyCutPaste.cs:line 63
   at Microsoft.VisualStudioTools.SharedProjectTests.NewDragDropCopyCutPaste.MoveToMissingFolderMouse() in C:\src\nodejstools\Common\Tests\SharedProjectTests\NewDragDropCopyCutPaste.cs:line 39
</StackTrace>
        </ErrorInfo>
      </Output>
    </UnitTestResult>
    <UnitTestResult executionId="dec88db8-81bb-4cda-b2fa-241b82700a30" testId="a038a712-5aed-c0d3-3c6f-1a740a728c7b" testName="MoveExcludedFolderKeyboard" computerName="DESKTOP-RRA95A8" duration="00:00:06.9641345" startTime="2016-01-24T03:29:22.1153937-08:00" endTime="2016-01-24T03:29:29.6334907-08:00" testType="13cdc9d9-ddb5-4fa4-a97d-d965ccfc6d4b" outcome="Passed" testListId="8c84fa94-04c1-424b-9868-57a2d4851a1d" relativeResultsDirectory="dec88db8-81bb-4cda-b2fa-241b82700a30">
      <Output>
        <StdOut>Opening C:\src\nodejstools\TestResults\Itani_DESKTOP-RRA95A8 2016-01-24 02_34_51\Out\Temp\ku1y1yok.xwg\MoveExcludedFolder.sln</StdOut>
      </Output>
    </UnitTestResult>
    <UnitTestResult executionId="6cffbccd-c07c-4285-970c-42e9a1a55d71" testId="49b9ccaf-4ff3-1948-d92c-648169671705" testName="MoveExcludedFolderMouse" computerName="DESKTOP-RRA95A8" duration="00:00:09.1898959" startTime="2016-01-24T03:29:29.6364340-08:00" endTime="2016-01-24T03:29:39.2908483-08:00" testType="13cdc9d9-ddb5-4fa4-a97d-d965ccfc6d4b" outcome="Passed" testListId="8c84fa94-04c1-424b-9868-57a2d4851a1d" relativeResultsDirectory="6cffbccd-c07c-4285-970c-42e9a1a55d71">
      <Output>
        <StdOut>Opening C:\src\nodejstools\TestResults\Itani_DESKTOP-RRA95A8 2016-01-24 02_34_51\Out\Temp\10ulhgdc.dpj\MoveExcludedFolder.sln</StdOut>
      </Output>
    </UnitTestResult>
    <UnitTestResult executionId="fbcb038d-ed58-48fc-915d-c0f8af826780" testId="dbb2834c-9357-1e4a-21c3-d57e4ea4d454" testName="MoveExcludedItemToFolderKeyboard" computerName="DESKTOP-RRA95A8" duration="00:00:05.0703834" startTime="2016-01-24T03:29:39.2947729-08:00" endTime="2016-01-24T03:29:46.6453083-08:00" testType="13cdc9d9-ddb5-4fa4-a97d-d965ccfc6d4b" outcome="Passed" testListId="8c84fa94-04c1-424b-9868-57a2d4851a1d" relativeResultsDirectory="fbcb038d-ed58-48fc-915d-c0f8af826780">
      <Output>
        <StdOut>Opening C:\src\nodejstools\TestResults\Itani_DESKTOP-RRA95A8 2016-01-24 02_34_51\Out\Temp\mrudi0ou.3qt\MoveExcludedItemToFolder.sln</StdOut>
      </Output>
    </UnitTestResult>
    <UnitTestResult executionId="f78b35dd-1052-486a-b1bc-0cb4d1a5c3b0" testId="f076cce0-6b1d-4b27-c0d7-a604d09a87d6" testName="MoveExcludedItemToFolderMouse" computerName="DESKTOP-RRA95A8" duration="00:00:06.9441570" startTime="2016-01-24T03:29:46.6531611-08:00" endTime="2016-01-24T03:29:54.1887062-08:00" testType="13cdc9d9-ddb5-4fa4-a97d-d965ccfc6d4b" outcome="Passed" testListId="8c84fa94-04c1-424b-9868-57a2d4851a1d" relativeResultsDirectory="f78b35dd-1052-486a-b1bc-0cb4d1a5c3b0">
      <Output>
        <StdOut>Opening C:\src\nodejstools\TestResults\Itani_DESKTOP-RRA95A8 2016-01-24 02_34_51\Out\Temp\orkonejf.1hb\MoveExcludedItemToFolder.sln</StdOut>
      </Output>
    </UnitTestResult>
    <UnitTestResult executionId="5f323363-cbb4-43b5-ba9c-fc18f43d256f" testId="55e5809e-3c3c-aca6-5fe8-fda33f113bd8" testName="MoveDuplicateFileNameSkipMoveKeyboard" computerName="DESKTOP-RRA95A8" duration="00:00:04.6226717" startTime="2016-01-24T03:29:54.1937197-08:00" endTime="2016-01-24T03:30:01.2251796-08:00" testType="13cdc9d9-ddb5-4fa4-a97d-d965ccfc6d4b" outcome="Passed" testListId="8c84fa94-04c1-424b-9868-57a2d4851a1d" relativeResultsDirectory="5f323363-cbb4-43b5-ba9c-fc18f43d256f">
      <Output>
        <StdOut>Opening C:\src\nodejstools\TestResults\Itani_DESKTOP-RRA95A8 2016-01-24 02_34_51\Out\Temp\0my3hrhy.wpq\MoveDuplicateFileName.sln</StdOut>
      </Output>
    </UnitTestResult>
    <UnitTestResult executionId="b42b3ce0-ee51-40a9-918e-6ffb5201e527" testId="62299f6e-9680-a913-d037-41d11a828196" testName="MoveDuplicateFileNameSkipMoveMouse" computerName="DESKTOP-RRA95A8" duration="00:00:04.1291842" startTime="2016-01-24T03:30:01.2340047-08:00" endTime="2016-01-24T03:30:10.6349552-08:00" testType="13cdc9d9-ddb5-4fa4-a97d-d965ccfc6d4b" outcome="Passed" testListId="8c84fa94-04c1-424b-9868-57a2d4851a1d" relativeResultsDirectory="b42b3ce0-ee51-40a9-918e-6ffb5201e527">
      <Output>
        <StdOut>Opening C:\src\nodejstools\TestResults\Itani_DESKTOP-RRA95A8 2016-01-24 02_34_51\Out\Temp\5voj4cs1.0yo\MoveDuplicateFileName.sln</StdOut>
      </Output>
    </UnitTestResult>
    <UnitTestResult executionId="e154aa80-8ce5-49bc-8868-09bd4b5c559b" testId="d7b5e322-fd61-f8ee-c6a7-1a1a19b93d2a" testName="MoveDuplicateFileNamesSkipOneKeyboard" computerName="DESKTOP-RRA95A8" duration="00:00:10.6555349" startTime="2016-01-24T03:30:10.6424350-08:00" endTime="2016-01-24T03:30:21.7525572-08:00" testType="13cdc9d9-ddb5-4fa4-a97d-d965ccfc6d4b" outcome="Passed" testListId="8c84fa94-04c1-424b-9868-57a2d4851a1d" relativeResultsDirectory="e154aa80-8ce5-49bc-8868-09bd4b5c559b">
      <Output>
        <StdOut>Opening C:\src\nodejstools\TestResults\Itani_DESKTOP-RRA95A8 2016-01-24 02_34_51\Out\Temp\ibuziejd.aw4\MoveDuplicateFileName.sln</StdOut>
      </Output>
    </UnitTestResult>
    <UnitTestResult executionId="846fec3b-88bb-4038-87b8-a73bcfcad711" testId="0e091b0e-1fb4-c560-665e-d5470620772d" testName="MoveDuplicateFileNamesSkipOneMouse" computerName="DESKTOP-RRA95A8" duration="00:00:05.7369121" startTime="2016-01-24T03:30:21.7565277-08:00" endTime="2016-01-24T03:30:29.9826247-08:00" testType="13cdc9d9-ddb5-4fa4-a97d-d965ccfc6d4b" outcome="Passed" testListId="8c84fa94-04c1-424b-9868-57a2d4851a1d" relativeResultsDirectory="846fec3b-88bb-4038-87b8-a73bcfcad711">
      <Output>
        <StdOut>Opening C:\src\nodejstools\TestResults\Itani_DESKTOP-RRA95A8 2016-01-24 02_34_51\Out\Temp\dlr5lwpl.3aw\MoveDuplicateFileName.sln</StdOut>
      </Output>
    </UnitTestResult>
    <UnitTestResult executionId="a42f83b5-817a-46a1-92ef-07e24ad7a5d8" testId="e9264dd6-d7f2-2eb8-f07e-81350986dfd5" testName="MoveDuplicateFileNamesFoldersSkipOneKeyboard" computerName="DESKTOP-RRA95A8" duration="00:00:06.6872847" startTime="2016-01-24T03:30:29.9885108-08:00" endTime="2016-01-24T03:30:37.1733065-08:00" testType="13cdc9d9-ddb5-4fa4-a97d-d965ccfc6d4b" outcome="Failed" testListId="8c84fa94-04c1-424b-9868-57a2d4851a1d" relativeResultsDirectory="a42f83b5-817a-46a1-92ef-07e24ad7a5d8">
      <Output>
        <StdOut>Opening C:\src\nodejstools\TestResults\Itani_DESKTOP-RRA95A8 2016-01-24 02_34_51\Out\Temp\kp1oens5.hiq\MoveDuplicateFileName.sln
Attempting to invoke pattern on null node
Name    ClassName      ControlType    AutomationID
 MoveDuplicateFileName - Microsoft Visual Studio - Experimental Instance	ControlType.Window	Window	VisualStudioMainWindow
     MoveDuplicateFileName - Microsoft Visual Studio - Experimental Instance	ControlType.TitleBar		TitleBar
         System Menu Bar	ControlType.MenuBar		SystemMenuBar
             System	ControlType.MenuItem		Item 1
         Minimize	ControlType.Button		Minimize
         Restore	ControlType.Button		Restore
         Close	ControlType.Button		Close
     MoveDuplicateFileName - Microsoft Visual Studio - Experimental Instance	ControlType.TitleBar		TitleBar
         Minimize	ControlType.Button	Button	Minimize
         Restore	ControlType.Button	Button	Restore
         Close	ControlType.Button	Button	Close
         User Notifications Badge Control	ControlType.Custom	UserNotificationsBadge	UserNotificationsBadge
             User Notifications Badge	ControlType.Button	Button	UserNotificationsBadgeButton
                 4	ControlType.Text	Text	UserNotificationsCountLabel
                     4	ControlType.Text	TextBlock	
         	ControlType.Custom	SendASmileButton	Button_1
             Feedback	ControlType.Button	Button	Feedback
                 	ControlType.Image	Image	ButtonIcon
                 	ControlType.Image	Image	ButtonIconFeedback
         Quick Launch Control	ControlType.Custom	GlobalSearchControl	GlobalSearchControl
             Search Control	ControlType.Custom	SearchControl	SearchControl
                 Quick Launch (Ctrl+Q)	ControlType.Edit	TextBox	PART_SearchBox
                     	ControlType.ScrollBar	ScrollBar	VerticalScrollBar
                     	ControlType.ScrollBar	ScrollBar	HorizontalScrollBar
                 Search	ControlType.Button	Button	PART_SearchButton
                 Drop Down Button	ControlType.Button	Button	PART_SearchDropdownButton
     Connected User Information	ControlType.Custom	UserInformationCard	UserControl_1
         	ControlType.Image	Image	ErrorImage
         Sign in	ControlType.Text	TextBlock	TextBlock_1
             Sign in	ControlType.Hyperlink	Hyperlink	
         	ControlType.Text	TextBlock	DisplayName
         Show Connected User Information Card	ControlType.Button	Button	MoreInformationDropdown
         	ControlType.Image	Image	SignedOutImage
         	ControlType.Image	Image	UserImage
     MenuBar	ControlType.MenuBar	Menu	MenuBar
         File	ControlType.MenuItem	MenuItem	
         Edit	ControlType.MenuItem	MenuItem	
         View	ControlType.MenuItem	MenuItem	
         Project	ControlType.MenuItem	MenuItem	
         Build	ControlType.MenuItem	MenuItem	
         Debug	ControlType.MenuItem	MenuItem	
         Team	ControlType.MenuItem	MenuItem	
         Tools	ControlType.MenuItem	MenuItem	
         Architecture	ControlType.MenuItem	MenuItem	
         Test	ControlType.MenuItem	MenuItem	
         Analyze	ControlType.MenuItem	MenuItem	
         Window	ControlType.MenuItem	MenuItem	
         Help	ControlType.MenuItem	MenuItem	
     ToolBarDockTop	ControlType.Pane		
         Standard	ControlType.ToolBar	ToolBar	
             Navigate Backward	ControlType.Button	Button	
                 Navigate Backward	ControlType.Menu	Menu	
                     Navigate Backward	ControlType.MenuItem	MenuItem	PART_FocusTarget
             Navigate Forward	ControlType.Button	Button	
                 	ControlType.Image	Image	
                 Navigate _Forward	ControlType.Text	TextBlock	
             New Project	ControlType.Button	Button	
                 New Project	ControlType.Menu	Menu	
                     New Project	ControlType.MenuItem	MenuItem	PART_FocusTarget
             Open File...	ControlType.Button	Button	
                 	ControlType.Image	Image	
                 _Open File...	ControlType.Text	TextBlock	
             Save MoveDuplicateFileName.sln	ControlType.Button	Button	
                 	ControlType.Image	Image	
                 _Save MoveDuplicateFileName.sln	ControlType.Text	TextBlock	
             Save All	ControlType.Button	Button	
                 	ControlType.Image	Image	
                 Save A_ll	ControlType.Text	TextBlock	
             Undo	ControlType.Button	Button	
                 Undo	ControlType.Menu	Menu	
                     Undo	ControlType.SplitButton	VsSplitButton	PART_FocusTarget
                         Undo	ControlType.Button	Button	
                             	ControlType.Image	Image	
             Redo	ControlType.Button	Button	
                 Redo	ControlType.Menu	Menu	
                     Redo	ControlType.SplitButton	VsSplitButton	PART_FocusTarget
                         Redo	ControlType.Button	Button	
                             	ControlType.Image	Image	
             Solution Configurations	ControlType.Button	Button	
                 	ControlType.Button	Button	Label
                 Solution Configurations	ControlType.ComboBox	ComboBox	PART_FocusTarget
                     Debug	ControlType.ListItem	ListBoxItem	Debug
             Solution Platforms	ControlType.Button	Button	
                 	ControlType.Button	Button	Label
                 Solution Platforms	ControlType.ComboBox	ComboBox	PART_FocusTarget
                     Any CPU	ControlType.ListItem	ListBoxItem	Any CPU
             Debug Target	ControlType.Button	Button	
                 Debug Target	ControlType.Menu	Menu	
                     Debug Target	ControlType.MenuItem	MenuItem	PART_FocusTarget
             Browser Link	ControlType.Button	Button	
                 Browser Link	ControlType.Menu	Menu	
                     Browser Link	ControlType.MenuItem	MenuItem	PART_FocusTarget
             Find in Files	ControlType.Button	Button	
                 	ControlType.Image	Image	
                 F_ind in Files	ControlType.Text	TextBlock	
             Toolbar Options	ControlType.Button	Button	Toolbar Options
     ToolBarDockLeft	ControlType.Pane		
     	ControlType.Pane	DockRoot	
         	ControlType.Thumb	Thumb	SplitterGrip
         	ControlType.Thumb	Thumb	SplitterGrip
         	ControlType.Thumb	Thumb	SplitterGrip
         	ControlType.Thumb	Thumb	SplitterGrip
         	ControlType.Thumb	Thumb	SplitterGrip
         Output	ControlType.Pane	ViewPresenter	ST:0:0:{34e76e81-ee4a-11d0-ae2e-00a0c90fffc3}
             Output	ControlType.TitleBar	ToolWindowTitleBar	
                 Output	ControlType.TitleBar	DragUndockHeaderTitleBar	DragHeader
                     Hide	ControlType.Button	Button	HideButton
                     MaximizeRestore	ControlType.Button	Button	MaximizeRestoreButton
                     Auto Hide	ControlType.Button	Button	AutoHideButton
                     Window Menu	ControlType.Button	Button	DropDownMenuButton
                     Output	ControlType.Text	TextBlock	
                     *	ControlType.Text	TextBlock	DirtyIndicator
             Output	ControlType.Pane	GenericPane	
                 	ControlType.Custom		WpfTextViewHost
                     Text Editor	ControlType.Edit	WpfTextView	WpfTextView
                     Line Selection Margin	ControlType.Custom	SelectionMargin	SelectionMargin
                     	ControlType.ScrollBar	ScrollBar	WpfEditorUIVerticalScrollbar
                         M0,5 9,5 9,4 8,4  8,3 7,3 7,2 6,2 6,1 5,1 5,0 4,0 4,1 3,1 3,2 2,2 2,3 1,3, 1,4 0,4 Z	ControlType.Button	RepeatButton	LineUp
                         	ControlType.Button	RepeatButton	PageUp
                         	ControlType.Thumb	Thumb	
                         	ControlType.Button	RepeatButton	PageDown
                         M0,0 9,0 9,1 8,1 8,2 8,2 7,2 7,3 6,3 6,4 5,4 5,5 4,5 4,4 3,4 3,3 2,3 2,2 1,2 1,1 0,1 Z	ControlType.Button	RepeatButton	LineDown
                     	ControlType.ScrollBar	ScrollBar	WpfEditorUIHorizontalScrollbar
                         M5,0 5,9 4,9 4,8 3,8 3,7 2,7 2,6 1,6 1,5 0,5 0,4 1,4 1,3 2,3 2,2 3,2 3,1 4,1 4,0z	ControlType.Button	RepeatButton	LineLeft
                         	ControlType.Button	RepeatButton	PageLeft
                         	ControlType.Thumb	Thumb	
                         	ControlType.Button	RepeatButton	PageRight
                         M0,0 0,9 1,9 1,8 2,8 2,7 3,7 3,6 4,6 4,5 5,5 5,4 4,4 4,3 3,3 3,2 2,2 2,1 1,1 1,0z	ControlType.Button	RepeatButton	LineRight
             	ControlType.Pane		
                 Output Window	ControlType.ToolBar	ToolBar	
                     Show output from:	ControlType.Button	Button	
                         	ControlType.Button	Button	Label
                             _Show output from:	ControlType.Text	TextBlock	
                         Show output from:	ControlType.ComboBox	ComboBox	PART_FocusTarget
                             Build	ControlType.ListItem	ListBoxItem	Build
                     Go To Location	ControlType.Button	Button	
                         	ControlType.Image	Image	
                         _Go To Location	ControlType.Text	TextBlock	
                     Go To Previous Location	ControlType.Button	Button	
                         	ControlType.Image	Image	
                         Go To _Previous Location	ControlType.Text	TextBlock	
                     Go To Next Location	ControlType.Button	Button	
                         	ControlType.Image	Image	
                         Go To _Next Location	ControlType.Text	TextBlock	
                     Clear All	ControlType.Button	Button	
                         	ControlType.Image	Image	
                         Clear Al_l	ControlType.Text	TextBlock	
                     Toggle word wrap	ControlType.Button	Button	
                         	ControlType.Image	Image	
                         _Toggle word wrap	ControlType.Text	TextBlock	
                     Toolbar Options	ControlType.Button	Button	Toolbar Options
         	ControlType.Thumb	Thumb	SplitterGrip
         	ControlType.Thumb	Thumb	SplitterGrip
         Solution Explorer	ControlType.Pane	ToolWindowTabGroupContainer	TabGroup|ST:0:0:{3ae79031-e1bc-11d0-8f78-00a0c9110057}|ST:0:0:{131369f2-062d-44a2-8671-91ff31efb4f4}|ST:0:0:{c9c0ae26-aa77-11d2-b3f0-0000f87570ee}
             Solution Explorer	ControlType.TitleBar	ToolWindowTitleBar	PART_Header
                 TabGroup, Children = 14, VisibleChildren = 3, DockedWidth = 348.16, DockedHeight = 537.6	ControlType.TitleBar	DragUndockHeaderTitleBar	DragHeader
                     Hide	ControlType.Button	Button	HideButton
                     MaximizeRestore	ControlType.Button	Button	MaximizeRestoreButton
                     Auto Hide	ControlType.Button	Button	AutoHideButton
                     Window Menu	ControlType.Button	Button	DropDownMenuButton
                     Solution Explorer	ControlType.Text	TextBlock	
                     *	ControlType.Text	TextBlock	DirtyIndicator
             	ControlType.Tab	ToolWindowTabGroup	TabGroup|ST:0:0:{3ae79031-e1bc-11d0-8f78-00a0c9110057}|ST:0:0:{131369f2-062d-44a2-8671-91ff31efb4f4}|ST:0:0:{c9c0ae26-aa77-11d2-b3f0-0000f87570ee}
                 Solution Explorer	ControlType.TabItem	TabItem	TAB_ST:0:0:{3ae79031-e1bc-11d0-8f78-00a0c9110057}
                     Solution Explorer	ControlType.TitleBar	DragUndockHeaderTitleBar	
                         	ControlType.Image	Image	ToolTitleIcon
                         Solution Explorer	ControlType.Text	TextBlock	Text
                     Solution Explorer	ControlType.Pane	ViewPresenter	ST:0:0:{3ae79031-e1bc-11d0-8f78-00a0c9110057}
                         	ControlType.Pane		
                             Explorer	ControlType.ToolBar	ToolBar	
                                 Back	ControlType.Button	Button	
                                     	ControlType.Image	Image	
                                     Back	ControlType.Text	TextBlock	
                                 Forward	ControlType.Button	Button	
                                     	ControlType.Image	Image	
                                     Forward	ControlType.Text	TextBlock	
                                 Home	ControlType.Button	Button	
                                     	ControlType.Image	Image	
                                     Home	ControlType.Text	TextBlock	
                                 Filter Solution Explorer To	ControlType.Button	Button	
                                     Filter Solution Explorer To	ControlType.Menu	Menu	
                                         Filter Solution Explorer To	ControlType.MenuItem	MenuItem	PART_FocusTarget
                                 Sync with Active Document	ControlType.Button	Button	
                                     	ControlType.Image	Image	
                                     Sync with Active Document	ControlType.Text	TextBlock	
                                 Collapse All	ControlType.Button	Button	
                                     	ControlType.Image	Image	
                                     Collapse All	ControlType.Text	TextBlock	
                                 Properties	ControlType.Button	Button	
                                     	ControlType.Image	Image	
                                     P_roperties	ControlType.Text	TextBlock	
                                 Preview Selected Items	ControlType.Button	Button	
                                     	ControlType.Image	Image	
                                     Preview Selected Items	ControlType.Text	TextBlock	
                                 Show on Code Map	ControlType.Button	Button	
                                     	ControlType.Image	Image	
                                     Show on _Code Map	ControlType.Text	TextBlock	
                                 Toolbar Options	ControlType.Button	Button	Toolbar Options
                         Search Control	ControlType.Custom	SearchControl	SearchControl
                             Search Solution Explorer (Ctrl+;)	ControlType.Edit	TextBox	PART_SearchBox
                                 	ControlType.ScrollBar	ScrollBar	VerticalScrollBar
                                 	ControlType.ScrollBar	ScrollBar	HorizontalScrollBar
                             Search	ControlType.Button	Button	PART_SearchButton
                             Drop Down Button	ControlType.Button	Button	PART_SearchDropdownButton
                             Search Control Drop Down	ControlType.Custom	UserControl	PART_SearchPopupContent
                         Solution Explorer	ControlType.Pane	GenericPane	
                             Solution Explorer	ControlType.Tree	TreeView	SolutionExplorer
                                 Solution 'MoveDuplicateFileName' ‎(1 project)	ControlType.TreeItem	TreeViewItem	
                                     MoveDuplicateFileName	ControlType.TreeItem	TreeViewItem	
                                         npm	ControlType.TreeItem	TreeViewItem	
                                         Source	ControlType.TreeItem	TreeViewItem	
                                             textfile1.txt	ControlType.TreeItem	TreeViewItem	
                                             textfile2.txt	ControlType.TreeItem	TreeViewItem	
                                         Target	ControlType.TreeItem	TreeViewItem	
                             	ControlType.ProgressBar	ProgressBar	
                 Team Explorer - Connect	ControlType.TabItem	TabItem	TAB_ST:0:0:{131369f2-062d-44a2-8671-91ff31efb4f4}
                     Team Explorer - Connect	ControlType.TitleBar	DragUndockHeaderTitleBar	
                         	ControlType.Image	Image	ToolTitleIcon
                         Team Explorer	ControlType.Text	TextBlock	Text
                 Class View	ControlType.TabItem	TabItem	TAB_ST:0:0:{c9c0ae26-aa77-11d2-b3f0-0000f87570ee}
                     Class View	ControlType.TitleBar	DragUndockHeaderTitleBar	
                         	ControlType.Image	Image	ToolTitleIcon
                         Class View	ControlType.Text	TextBlock	Text
         	ControlType.Thumb	Thumb	SplitterGrip
         Properties	ControlType.Pane	ViewPresenter	ST:0:0:{eefa5220-e298-11d0-8f78-00a0c9110057}
             Properties	ControlType.TitleBar	ToolWindowTitleBar	
                 Properties	ControlType.TitleBar	DragUndockHeaderTitleBar	DragHeader
                     Hide	ControlType.Button	Button	HideButton
                     MaximizeRestore	ControlType.Button	Button	MaximizeRestoreButton
                     Auto Hide	ControlType.Button	Button	AutoHideButton
                     Window Menu	ControlType.Button	Button	DropDownMenuButton
                     Properties	ControlType.Text	TextBlock	
                     *	ControlType.Text	TextBlock	DirtyIndicator
             	ControlType.Pane	HwndHost	
                 Properties	ControlType.Pane	GenericPane	
                     Property Browser	ControlType.Pane	WindowsForms10.Window.8.app.0.1b2cf09_r42_ad1	988654
                         Components	ControlType.ComboBox	WindowsForms10.COMBOBOX.app.0.1b2cf09_r42_ad1	1774630
                             Components	ControlType.List	ComboLBox	ListBox
                                 MoveDuplicateFileName:Solution Properties	ControlType.ListItem		
                             Drop Down Button	ControlType.Button		DropDown
                         PropertyGrid	ControlType.Pane	WindowsForms10.Window.8.app.0.1b2cf09_r42_ad1	244060168
                             Description Pane	ControlType.Pane	WindowsForms10.Window.8.app.0.1b2cf09_r42_ad1	789280
                                 (Name)	ControlType.Text	WindowsForms10.STATIC.app.0.1b2cf09_r42_ad1	1250258
                                 The name of the solution file.	ControlType.Text	WindowsForms10.STATIC.app.0.1b2cf09_r42_ad1	594818
                             Properties Window	ControlType.Table	WindowsForms10.Window.8.app.0.1b2cf09_r42_ad1	529250
                                 Misc	ControlType.Custom		
                                 (Name)	ControlType.Custom		
                                 Active config	ControlType.Custom		
                                 Description	ControlType.Custom		
                                 Path	ControlType.Custom		
                                 Startup project	ControlType.Custom		
                             ToolBar	ControlType.ToolBar	WindowsForms10.Window.8.app.0.1b2cf09_r42_ad1	332640
                                 Categorized	ControlType.Button		
                                 Alphabetical	ControlType.Button		
                                 	ControlType.Separator		
                                 Property Pages	ControlType.Button		
     Server Explorer	ControlType.Button	Button	AUTOHIDE_ST:0:0:{74946827-37a0-11d2-a273-00c04f8ef4ff}
         	ControlType.Image	Image	ToolTitleIcon
         Server Explorer	ControlType.Text	TextBlock	Text
     Toolbox	ControlType.Button	Button	AUTOHIDE_ST:0:0:{b1e99781-ab81-11d0-b683-00aa00a3ee26}
         	ControlType.Image	Image	ToolTitleIcon
         Toolbox	ControlType.Text	TextBlock	Text
     ToolBarDockRight	ControlType.Pane		
     ToolBarDockBottom	ControlType.Pane		
     	ControlType.StatusBar	StatusBar	StatusBarContainer
         Ready	ControlType.Text	CompartmentAutomationPeer	TextCompartment
         	ControlType.Text	CompartmentAutomationPeer	LineColumnCharacterCompartment
         	ControlType.Text	CompartmentAutomationPeer	XYWidthHeightCompartment
         	ControlType.Text	CompartmentAutomationPeer	SelectionModeCompartment
         	ControlType.Text	CompartmentAutomationPeer	InsertionModeCompartment</StdOut>
        <ErrorInfo>
          <Message>Test method Microsoft.VisualStudioTools.SharedProjectTests.NewDragDropCopyCutPaste.MoveDuplicateFileNamesFoldersSkipOneKeyboard threw exception: 
System.InvalidOperationException: Operation is not valid due to the current state of the object.</Message>
          <StackTrace>    at TestUtilities.UI.AutomationWrapper.CheckNullElement(ITreeNode element) in C:\src\nodejstools\Common\Tests\Utilities.UI\UI\AutomationWrapper.cs:line 230
   at TestUtilities.UI.AutomationWrapper.Select(ITreeNode selectionItem) in C:\src\nodejstools\Common\Tests\Utilities.UI\UI\AutomationWrapper.cs:line 262
   at Microsoft.VisualStudioTools.SharedProjectTests.NewDragDropCopyCutPaste.MoveByKeyboard(IVisualStudioInstance vs, ITreeNode destination, ITreeNode[] source) in C:\src\nodejstools\Common\Tests\SharedProjectTests\NewDragDropCopyCutPaste.cs:line 560
   at Microsoft.VisualStudioTools.SharedProjectTests.NewDragDropCopyCutPaste.MoveDuplicateFileNamesFoldersSkipOne(MoveDelegate mover) in C:\src\nodejstools\Common\Tests\SharedProjectTests\NewDragDropCopyCutPaste.cs:line 284
   at Microsoft.VisualStudioTools.SharedProjectTests.NewDragDropCopyCutPaste.MoveDuplicateFileNamesFoldersSkipOneKeyboard() in C:\src\nodejstools\Common\Tests\SharedProjectTests\NewDragDropCopyCutPaste.cs:line 254
</StackTrace>
        </ErrorInfo>
      </Output>
    </UnitTestResult>
    <UnitTestResult executionId="18344634-452e-42b9-ba7f-b54f4f5c4bd3" testId="a7033c5c-bcff-8ec8-4e64-bc6446870276" testName="MoveDuplicateFileNamesFoldersSkipOneMouse" computerName="DESKTOP-RRA95A8" duration="00:00:08.4152008" startTime="2016-01-24T03:30:37.1880257-08:00" endTime="2016-01-24T03:30:46.0560309-08:00" testType="13cdc9d9-ddb5-4fa4-a97d-d965ccfc6d4b" outcome="Failed" testListId="8c84fa94-04c1-424b-9868-57a2d4851a1d" relativeResultsDirectory="18344634-452e-42b9-ba7f-b54f4f5c4bd3">
      <Output>
        <StdOut>Opening C:\src\nodejstools\TestResults\Itani_DESKTOP-RRA95A8 2016-01-24 02_34_51\Out\Temp\1ou5ldce.x4o\MoveDuplicateFileName.sln</StdOut>
        <ErrorInfo>
          <Message>Test method Microsoft.VisualStudioTools.SharedProjectTests.NewDragDropCopyCutPaste.MoveDuplicateFileNamesFoldersSkipOneMouse threw exception: 
System.NullReferenceException: Object reference not set to an instance of an object.</Message>
          <StackTrace>    at TestUtilities.UI.TreeNode.SelectItemsForDragAndDrop(ITreeNode[] source) in C:\src\nodejstools\Common\Tests\Utilities.UI\UI\TreeNode.cs:line 166
   at TestUtilities.UI.TreeNode.DragOntoThis(Key modifier, ITreeNode[] source) in C:\src\nodejstools\Common\Tests\Utilities.UI\UI\TreeNode.cs:line 181
   at Microsoft.VisualStudioTools.SharedProjectTests.NewDragDropCopyCutPaste.MoveByMouse(IVisualStudioInstance vs, ITreeNode destination, ITreeNode[] source) in C:\src\nodejstools\Common\Tests\SharedProjectTests\NewDragDropCopyCutPaste.cs:line 551
   at Microsoft.VisualStudioTools.SharedProjectTests.NewDragDropCopyCutPaste.MoveDuplicateFileNamesFoldersSkipOne(MoveDelegate mover) in C:\src\nodejstools\Common\Tests\SharedProjectTests\NewDragDropCopyCutPaste.cs:line 284
   at Microsoft.VisualStudioTools.SharedProjectTests.NewDragDropCopyCutPaste.MoveDuplicateFileNamesFoldersSkipOneMouse() in C:\src\nodejstools\Common\Tests\SharedProjectTests\NewDragDropCopyCutPaste.cs:line 260
</StackTrace>
        </ErrorInfo>
      </Output>
    </UnitTestResult>
    <UnitTestResult executionId="e6b925a6-9bca-417b-ad64-79f3561f6fd9" testId="b4135d24-cdf9-de07-73f4-be06b06866ee" testName="MoveDuplicateFileNamesCrossProjectSkipOneKeyboard" computerName="DESKTOP-RRA95A8" duration="00:00:07.9661103" startTime="2016-01-24T03:30:46.0609372-08:00" endTime="2016-01-24T03:30:56.5747782-08:00" testType="13cdc9d9-ddb5-4fa4-a97d-d965ccfc6d4b" outcome="Passed" testListId="8c84fa94-04c1-424b-9868-57a2d4851a1d" relativeResultsDirectory="e6b925a6-9bca-417b-ad64-79f3561f6fd9">
      <Output>
        <StdOut>Opening C:\src\nodejstools\TestResults\Itani_DESKTOP-RRA95A8 2016-01-24 02_34_51\Out\Temp\cjkmgtrp.hgx\MoveDuplicateFileName.sln</StdOut>
      </Output>
    </UnitTestResult>
    <UnitTestResult executionId="61f3fd18-f305-4f8f-b40b-8479fdcaeb3a" testId="141cc242-01f0-091c-c86c-37ab54cc484b" testName="MoveDuplicateFileNamesCrossProjectSkipOneMouse" computerName="DESKTOP-RRA95A8" duration="00:00:12.5506881" startTime="2016-01-24T03:30:56.5796841-08:00" endTime="2016-01-24T03:31:09.7385403-08:00" testType="13cdc9d9-ddb5-4fa4-a97d-d965ccfc6d4b" outcome="Passed" testListId="8c84fa94-04c1-424b-9868-57a2d4851a1d" relativeResultsDirectory="61f3fd18-f305-4f8f-b40b-8479fdcaeb3a">
      <Output>
        <StdOut>Opening C:\src\nodejstools\TestResults\Itani_DESKTOP-RRA95A8 2016-01-24 02_34_51\Out\Temp\e4zxwc5a.thr\MoveDuplicateFileName.sln</StdOut>
      </Output>
    </UnitTestResult>
    <UnitTestResult executionId="b8399533-021b-4208-b075-8327d1c84266" testId="c20ffcb8-9292-d367-004b-6be4d48d34db" testName="MoveDuplicateFileNameCrossProjectSkipMoveKeyboard" computerName="DESKTOP-RRA95A8" duration="00:00:11.5286637" startTime="2016-01-24T03:31:09.7459562-08:00" endTime="2016-01-24T03:31:21.7504909-08:00" testType="13cdc9d9-ddb5-4fa4-a97d-d965ccfc6d4b" outcome="Passed" testListId="8c84fa94-04c1-424b-9868-57a2d4851a1d" relativeResultsDirectory="b8399533-021b-4208-b075-8327d1c84266">
      <Output>
        <StdOut>Opening C:\src\nodejstools\TestResults\Itani_DESKTOP-RRA95A8 2016-01-24 02_34_51\Out\Temp\fz3z14tz.fpl\MoveDuplicateFileName.sln</StdOut>
      </Output>
    </UnitTestResult>
    <UnitTestResult executionId="4a81812f-de84-43c9-be5f-7a1efe688b67" testId="abfa4746-44d6-c045-5576-b55f5179ef26" testName="MoveDuplicateFileNameCrossProjectSkipMoveMouse" computerName="DESKTOP-RRA95A8" duration="00:00:07.0648933" startTime="2016-01-24T03:31:21.7583409-08:00" endTime="2016-01-24T03:31:31.5096762-08:00" testType="13cdc9d9-ddb5-4fa4-a97d-d965ccfc6d4b" outcome="Passed" testListId="8c84fa94-04c1-424b-9868-57a2d4851a1d" relativeResultsDirectory="4a81812f-de84-43c9-be5f-7a1efe688b67">
      <Output>
        <StdOut>Opening C:\src\nodejstools\TestResults\Itani_DESKTOP-RRA95A8 2016-01-24 02_34_51\Out\Temp\moaalaku.4gb\MoveDuplicateFileName.sln</StdOut>
      </Output>
    </UnitTestResult>
    <UnitTestResult executionId="28799762-191a-46f1-9571-2bd01a137475" testId="f6acd5a5-88c8-dea2-2858-8eac9573ef80" testName="MoveDuplicateFileNameCrossProjectCSharpSkipMoveKeyboard" computerName="DESKTOP-RRA95A8" duration="00:00:07.9818911" startTime="2016-01-24T03:31:31.5186180-08:00" endTime="2016-01-24T03:31:40.0247486-08:00" testType="13cdc9d9-ddb5-4fa4-a97d-d965ccfc6d4b" outcome="Passed" testListId="8c84fa94-04c1-424b-9868-57a2d4851a1d" relativeResultsDirectory="28799762-191a-46f1-9571-2bd01a137475">
      <Output>
        <StdOut>Opening C:\src\nodejstools\TestResults\Itani_DESKTOP-RRA95A8 2016-01-24 02_34_51\Out\Temp\2f5ikb1y.g3l\MoveDuplicateFileName.sln</StdOut>
      </Output>
    </UnitTestResult>
    <UnitTestResult executionId="b4df783c-b57e-4edf-8a9b-2db921442bae" testId="85e7d789-0bde-ee05-ff69-17e4f81c4d8a" testName="MoveDuplicateFileNameCrossProjectCSharpSkipMoveMouse" computerName="DESKTOP-RRA95A8" duration="00:00:07.9605082" startTime="2016-01-24T03:31:40.0276945-08:00" endTime="2016-01-24T03:31:48.4939935-08:00" testType="13cdc9d9-ddb5-4fa4-a97d-d965ccfc6d4b" outcome="Passed" testListId="8c84fa94-04c1-424b-9868-57a2d4851a1d" relativeResultsDirectory="b4df783c-b57e-4edf-8a9b-2db921442bae">
      <Output>
        <StdOut>Opening C:\src\nodejstools\TestResults\Itani_DESKTOP-RRA95A8 2016-01-24 02_34_51\Out\Temp\i3akwir3.gwb\MoveDuplicateFileName.sln</StdOut>
      </Output>
    </UnitTestResult>
    <UnitTestResult executionId="f1664630-2406-47ca-bdde-4587d6f02533" testId="f8b4a741-32f0-6a4d-0500-2621f53eef5c" testName="MoveFileFromFolderToLinkedFolderKeyboard" computerName="DESKTOP-RRA95A8" duration="00:00:00.0430425" startTime="2016-01-24T03:31:48.5225819-08:00" endTime="2016-01-24T03:31:49.0886330-08:00" testType="13cdc9d9-ddb5-4fa4-a97d-d965ccfc6d4b" outcome="Failed" testListId="8c84fa94-04c1-424b-9868-57a2d4851a1d" relativeResultsDirectory="f1664630-2406-47ca-bdde-4587d6f02533">
      <Output>
        <ErrorInfo>
          <Message>Test method Microsoft.VisualStudioTools.SharedProjectTests.NewDragDropCopyCutPaste.MoveFileFromFolderToLinkedFolderKeyboard threw exception: 
System.UnauthorizedAccessException: Process must be run in elevated permissions in order to create symbolic link.</Message>
          <StackTrace>    at TestUtilities.NativeMethods.CreateSymbolicLink(String symlinkPath, String targetPath) in C:\src\nodejstools\Common\Tests\Utilities\NativeMethods.cs:line 375
   at TestUtilities.SharedProject.SymbolicLinkItem.Generate(ProjectType projectType, Project project) in C:\src\nodejstools\Common\Tests\Utilities\SharedProject\SymbolicLinkItem.cs:line 39
   at TestUtilities.SharedProject.ProjectContentGroup.Generate(ProjectType projectType, Project project) in C:\src\nodejstools\Common\Tests\Utilities\SharedProject\ProjectContentGroup.cs:line 35
   at TestUtilities.SharedProject.ProjectDefinition.Save(ProjectCollection collection, String location) in C:\src\nodejstools\Common\Tests\Utilities\SharedProject\ProjectDefinition.cs:line 97
   at TestUtilities.SharedProject.SolutionFile.Generate(String solutionName, Int32 pathSpaceRemaining, ISolutionElement[] toGenerate) in C:\src\nodejstools\Common\Tests\Utilities\SharedProject\SolutionFile.cs:line 66
   at Microsoft.VisualStudioTools.SharedProjectTests.NewDragDropCopyCutPaste.MoveFileFromFolderToLinkedFolder(MoveDelegate mover) in C:\src\nodejstools\Common\Tests\SharedProjectTests\NewDragDropCopyCutPaste.cs:line 505
   at Microsoft.VisualStudioTools.SharedProjectTests.NewDragDropCopyCutPaste.MoveFileFromFolderToLinkedFolderKeyboard() in C:\src\nodejstools\Common\Tests\SharedProjectTests\NewDragDropCopyCutPaste.cs:line 489
</StackTrace>
        </ErrorInfo>
      </Output>
    </UnitTestResult>
    <UnitTestResult executionId="7f97bdad-7881-4bc9-96ad-33165af6b723" testId="b04dc41f-6f69-d831-13de-572f36081806" testName="MoveFileFromFolderToLinkedFolderMouse" computerName="DESKTOP-RRA95A8" duration="00:00:00.0082215" startTime="2016-01-24T03:31:49.0926411-08:00" endTime="2016-01-24T03:31:49.5558021-08:00" testType="13cdc9d9-ddb5-4fa4-a97d-d965ccfc6d4b" outcome="Failed" testListId="8c84fa94-04c1-424b-9868-57a2d4851a1d" relativeResultsDirectory="7f97bdad-7881-4bc9-96ad-33165af6b723">
      <Output>
        <ErrorInfo>
          <Message>Test method Microsoft.VisualStudioTools.SharedProjectTests.NewDragDropCopyCutPaste.MoveFileFromFolderToLinkedFolderMouse threw exception: 
System.UnauthorizedAccessException: Process must be run in elevated permissions in order to create symbolic link.</Message>
          <StackTrace>    at TestUtilities.NativeMethods.CreateSymbolicLink(String symlinkPath, String targetPath) in C:\src\nodejstools\Common\Tests\Utilities\NativeMethods.cs:line 375
   at TestUtilities.SharedProject.SymbolicLinkItem.Generate(ProjectType projectType, Project project) in C:\src\nodejstools\Common\Tests\Utilities\SharedProject\SymbolicLinkItem.cs:line 39
   at TestUtilities.SharedProject.ProjectContentGroup.Generate(ProjectType projectType, Project project) in C:\src\nodejstools\Common\Tests\Utilities\SharedProject\ProjectContentGroup.cs:line 35
   at TestUtilities.SharedProject.ProjectDefinition.Save(ProjectCollection collection, String location) in C:\src\nodejstools\Common\Tests\Utilities\SharedProject\ProjectDefinition.cs:line 97
   at TestUtilities.SharedProject.SolutionFile.Generate(String solutionName, Int32 pathSpaceRemaining, ISolutionElement[] toGenerate) in C:\src\nodejstools\Common\Tests\Utilities\SharedProject\SolutionFile.cs:line 66
   at Microsoft.VisualStudioTools.SharedProjectTests.NewDragDropCopyCutPaste.MoveFileFromFolderToLinkedFolder(MoveDelegate mover) in C:\src\nodejstools\Common\Tests\SharedProjectTests\NewDragDropCopyCutPaste.cs:line 505
   at Microsoft.VisualStudioTools.SharedProjectTests.NewDragDropCopyCutPaste.MoveFileFromFolderToLinkedFolderMouse() in C:\src\nodejstools\Common\Tests\SharedProjectTests\NewDragDropCopyCutPaste.cs:line 495
</StackTrace>
        </ErrorInfo>
      </Output>
    </UnitTestResult>
    <UnitTestResult executionId="23fe7caa-00dd-4563-a686-7b3717a44630" testId="1753b52a-341a-8488-900e-60781cc57b90" testName="ShowAllFilesToggle" computerName="DESKTOP-RRA95A8" duration="00:00:17.0381198" startTime="2016-01-24T03:31:49.5597278-08:00" endTime="2016-01-24T03:32:07.0380439-08:00" testType="13cdc9d9-ddb5-4fa4-a97d-d965ccfc6d4b" outcome="Failed" testListId="8c84fa94-04c1-424b-9868-57a2d4851a1d" relativeResultsDirectory="23fe7caa-00dd-4563-a686-7b3717a44630">
      <Output>
        <StdOut>Opening C:\src\nodejstools\TestResults\Itani_DESKTOP-RRA95A8 2016-01-24 02_34_51\Out\Temp\hpieh30j.zr3\ShowAllFiles.sln
Failed to find Solution 'ShowAllFiles' (1 project)\ShowAllFiles\SubFolder\server.js
Name    ClassName      ControlType    AutomationID
 Solution Explorer	ControlType.Tree	TreeView	SolutionExplorer
     Solution 'ShowAllFiles' ‎(1 project)	ControlType.TreeItem	TreeViewItem	
         ShowAllFiles	ControlType.TreeItem	TreeViewItem	
             npm	ControlType.TreeItem	TreeViewItem	
             SubFolder (node)	ControlType.TreeItem	TreeViewItem	
Attempting to invoke pattern on null node
Name    ClassName      ControlType    AutomationID
 ShowAllFiles - Microsoft Visual Studio - Experimental Instance	ControlType.Window	Window	VisualStudioMainWindow
     ShowAllFiles - Microsoft Visual Studio - Experimental Instance	ControlType.TitleBar		TitleBar
         System Menu Bar	ControlType.MenuBar		SystemMenuBar
             System	ControlType.MenuItem		Item 1
         Minimize	ControlType.Button		Minimize
         Restore	ControlType.Button		Restore
         Close	ControlType.Button		Close
     ShowAllFiles - Microsoft Visual Studio - Experimental Instance	ControlType.TitleBar		TitleBar
         Minimize	ControlType.Button	Button	Minimize
         Restore	ControlType.Button	Button	Restore
         Close	ControlType.Button	Button	Close
         User Notifications Badge Control	ControlType.Custom	UserNotificationsBadge	UserNotificationsBadge
             User Notifications Badge	ControlType.Button	Button	UserNotificationsBadgeButton
                 4	ControlType.Text	Text	UserNotificationsCountLabel
                     4	ControlType.Text	TextBlock	
         	ControlType.Custom	SendASmileButton	Button_1
             Feedback	ControlType.Button	Button	Feedback
                 	ControlType.Image	Image	ButtonIcon
                 	ControlType.Image	Image	ButtonIconFeedback
         Quick Launch Control	ControlType.Custom	GlobalSearchControl	GlobalSearchControl
             Search Control	ControlType.Custom	SearchControl	SearchControl
                 Quick Launch (Ctrl+Q)	ControlType.Edit	TextBox	PART_SearchBox
                     	ControlType.ScrollBar	ScrollBar	VerticalScrollBar
                     	ControlType.ScrollBar	ScrollBar	HorizontalScrollBar
                 Search	ControlType.Button	Button	PART_SearchButton
                 Drop Down Button	ControlType.Button	Button	PART_SearchDropdownButton
     Connected User Information	ControlType.Custom	UserInformationCard	UserControl_1
         	ControlType.Image	Image	ErrorImage
         Sign in	ControlType.Text	TextBlock	TextBlock_1
             Sign in	ControlType.Hyperlink	Hyperlink	
         	ControlType.Text	TextBlock	DisplayName
         Show Connected User Information Card	ControlType.Button	Button	MoreInformationDropdown
         	ControlType.Image	Image	SignedOutImage
         	ControlType.Image	Image	UserImage
     MenuBar	ControlType.MenuBar	Menu	MenuBar
         File	ControlType.MenuItem	MenuItem	
         Edit	ControlType.MenuItem	MenuItem	
         View	ControlType.MenuItem	MenuItem	
         Project	ControlType.MenuItem	MenuItem	
         Build	ControlType.MenuItem	MenuItem	
         Debug	ControlType.MenuItem	MenuItem	
         Team	ControlType.MenuItem	MenuItem	
         Tools	ControlType.MenuItem	MenuItem	
         Architecture	ControlType.MenuItem	MenuItem	
         Test	ControlType.MenuItem	MenuItem	
         Analyze	ControlType.MenuItem	MenuItem	
         Window	ControlType.MenuItem	MenuItem	
         Help	ControlType.MenuItem	MenuItem	
     ToolBarDockTop	ControlType.Pane		
         Standard	ControlType.ToolBar	ToolBar	
             Navigate Backward	ControlType.Button	Button	
                 Navigate Backward	ControlType.Menu	Menu	
                     Navigate Backward	ControlType.MenuItem	MenuItem	PART_FocusTarget
             Navigate Forward	ControlType.Button	Button	
                 	ControlType.Image	Image	
                 Navigate _Forward	ControlType.Text	TextBlock	
             New Project	ControlType.Button	Button	
                 New Project	ControlType.Menu	Menu	
                     New Project	ControlType.MenuItem	MenuItem	PART_FocusTarget
             Open File...	ControlType.Button	Button	
                 	ControlType.Image	Image	
                 _Open File...	ControlType.Text	TextBlock	
             Save ShowAllFiles.sln	ControlType.Button	Button	
                 	ControlType.Image	Image	
                 _Save ShowAllFiles.sln	ControlType.Text	TextBlock	
             Save All	ControlType.Button	Button	
                 	ControlType.Image	Image	
                 Save A_ll	ControlType.Text	TextBlock	
             Undo	ControlType.Button	Button	
                 Undo	ControlType.Menu	Menu	
                     Undo	ControlType.SplitButton	VsSplitButton	PART_FocusTarget
                         Undo	ControlType.Button	Button	
                             	ControlType.Image	Image	
             Redo	ControlType.Button	Button	
                 Redo	ControlType.Menu	Menu	
                     Redo	ControlType.SplitButton	VsSplitButton	PART_FocusTarget
                         Redo	ControlType.Button	Button	
                             	ControlType.Image	Image	
             Solution Configurations	ControlType.Button	Button	
                 	ControlType.Button	Button	Label
                 Solution Configurations	ControlType.ComboBox	ComboBox	PART_FocusTarget
                     Debug	ControlType.ListItem	ListBoxItem	Debug
             Solution Platforms	ControlType.Button	Button	
                 	ControlType.Button	Button	Label
                 Solution Platforms	ControlType.ComboBox	ComboBox	PART_FocusTarget
                     Any CPU	ControlType.ListItem	ListBoxItem	Any CPU
             Debug Target	ControlType.Button	Button	
                 Debug Target	ControlType.Menu	Menu	
                     Debug Target	ControlType.MenuItem	MenuItem	PART_FocusTarget
             Browser Link	ControlType.Button	Button	
                 Browser Link	ControlType.Menu	Menu	
                     Browser Link	ControlType.MenuItem	MenuItem	PART_FocusTarget
             Find in Files	ControlType.Button	Button	
                 	ControlType.Image	Image	
                 F_ind in Files	ControlType.Text	TextBlock	
             Toolbar Options	ControlType.Button	Button	Toolbar Options
     ToolBarDockLeft	ControlType.Pane		
     	ControlType.Pane	DockRoot	
         	ControlType.Thumb	Thumb	SplitterGrip
         	ControlType.Thumb	Thumb	SplitterGrip
         	ControlType.Thumb	Thumb	SplitterGrip
         	ControlType.Thumb	Thumb	SplitterGrip
         	ControlType.Thumb	Thumb	SplitterGrip
         Output	ControlType.Pane	ViewPresenter	ST:0:0:{34e76e81-ee4a-11d0-ae2e-00a0c90fffc3}
             Output	ControlType.TitleBar	ToolWindowTitleBar	
                 Output	ControlType.TitleBar	DragUndockHeaderTitleBar	DragHeader
                     Hide	ControlType.Button	Button	HideButton
                     MaximizeRestore	ControlType.Button	Button	MaximizeRestoreButton
                     Auto Hide	ControlType.Button	Button	AutoHideButton
                     Window Menu	ControlType.Button	Button	DropDownMenuButton
                     Output	ControlType.Text	TextBlock	
                     *	ControlType.Text	TextBlock	DirtyIndicator
             Output	ControlType.Pane	GenericPane	
                 	ControlType.Custom		WpfTextViewHost
                     Text Editor	ControlType.Edit	WpfTextView	WpfTextView
                     Line Selection Margin	ControlType.Custom	SelectionMargin	SelectionMargin
                     	ControlType.ScrollBar	ScrollBar	WpfEditorUIVerticalScrollbar
                         M0,5 9,5 9,4 8,4  8,3 7,3 7,2 6,2 6,1 5,1 5,0 4,0 4,1 3,1 3,2 2,2 2,3 1,3, 1,4 0,4 Z	ControlType.Button	RepeatButton	LineUp
                         	ControlType.Button	RepeatButton	PageUp
                         	ControlType.Thumb	Thumb	
                         	ControlType.Button	RepeatButton	PageDown
                         M0,0 9,0 9,1 8,1 8,2 8,2 7,2 7,3 6,3 6,4 5,4 5,5 4,5 4,4 3,4 3,3 2,3 2,2 1,2 1,1 0,1 Z	ControlType.Button	RepeatButton	LineDown
                     	ControlType.ScrollBar	ScrollBar	WpfEditorUIHorizontalScrollbar
                         M5,0 5,9 4,9 4,8 3,8 3,7 2,7 2,6 1,6 1,5 0,5 0,4 1,4 1,3 2,3 2,2 3,2 3,1 4,1 4,0z	ControlType.Button	RepeatButton	LineLeft
                         	ControlType.Button	RepeatButton	PageLeft
                         	ControlType.Thumb	Thumb	
                         	ControlType.Button	RepeatButton	PageRight
                         M0,0 0,9 1,9 1,8 2,8 2,7 3,7 3,6 4,6 4,5 5,5 5,4 4,4 4,3 3,3 3,2 2,2 2,1 1,1 1,0z	ControlType.Button	RepeatButton	LineRight
             	ControlType.Pane		
                 Output Window	ControlType.ToolBar	ToolBar	
                     Show output from:	ControlType.Button	Button	
                         	ControlType.Button	Button	Label
                             _Show output from:	ControlType.Text	TextBlock	
                         Show output from:	ControlType.ComboBox	ComboBox	PART_FocusTarget
                             Build	ControlType.ListItem	ListBoxItem	Build
                     Go To Location	ControlType.Button	Button	
                         	ControlType.Image	Image	
                         _Go To Location	ControlType.Text	TextBlock	
                     Go To Previous Location	ControlType.Button	Button	
                         	ControlType.Image	Image	
                         Go To _Previous Location	ControlType.Text	TextBlock	
                     Go To Next Location	ControlType.Button	Button	
                         	ControlType.Image	Image	
                         Go To _Next Location	ControlType.Text	TextBlock	
                     Clear All	ControlType.Button	Button	
                         	ControlType.Image	Image	
                         Clear Al_l	ControlType.Text	TextBlock	
                     Toggle word wrap	ControlType.Button	Button	
                         	ControlType.Image	Image	
                         _Toggle word wrap	ControlType.Text	TextBlock	
                     Toolbar Options	ControlType.Button	Button	Toolbar Options
         	ControlType.Thumb	Thumb	SplitterGrip
         	ControlType.Thumb	Thumb	SplitterGrip
         Solution Explorer	ControlType.Pane	ToolWindowTabGroupContainer	TabGroup|ST:0:0:{3ae79031-e1bc-11d0-8f78-00a0c9110057}|ST:0:0:{131369f2-062d-44a2-8671-91ff31efb4f4}|ST:0:0:{c9c0ae26-aa77-11d2-b3f0-0000f87570ee}
             Solution Explorer	ControlType.TitleBar	ToolWindowTitleBar	PART_Header
                 TabGroup, Children = 14, VisibleChildren = 3, DockedWidth = 348.16, DockedHeight = 537.6	ControlType.TitleBar	DragUndockHeaderTitleBar	DragHeader
                     Hide	ControlType.Button	Button	HideButton
                     MaximizeRestore	ControlType.Button	Button	MaximizeRestoreButton
                     Auto Hide	ControlType.Button	Button	AutoHideButton
                     Window Menu	ControlType.Button	Button	DropDownMenuButton
                     Solution Explorer	ControlType.Text	TextBlock	
                     *	ControlType.Text	TextBlock	DirtyIndicator
             	ControlType.Tab	ToolWindowTabGroup	TabGroup|ST:0:0:{3ae79031-e1bc-11d0-8f78-00a0c9110057}|ST:0:0:{131369f2-062d-44a2-8671-91ff31efb4f4}|ST:0:0:{c9c0ae26-aa77-11d2-b3f0-0000f87570ee}
                 Solution Explorer	ControlType.TabItem	TabItem	TAB_ST:0:0:{3ae79031-e1bc-11d0-8f78-00a0c9110057}
                     Solution Explorer	ControlType.TitleBar	DragUndockHeaderTitleBar	
                         	ControlType.Image	Image	ToolTitleIcon
                         Solution Explorer	ControlType.Text	TextBlock	Text
                     Solution Explorer	ControlType.Pane	ViewPresenter	ST:0:0:{3ae79031-e1bc-11d0-8f78-00a0c9110057}
                         	ControlType.Pane		
                             Explorer	ControlType.ToolBar	ToolBar	
                                 Back	ControlType.Button	Button	
                                     	ControlType.Image	Image	
                                     Back	ControlType.Text	TextBlock	
                                 Forward	ControlType.Button	Button	
                                     	ControlType.Image	Image	
                                     Forward	ControlType.Text	TextBlock	
                                 Home	ControlType.Button	Button	
                                     	ControlType.Image	Image	
                                     Home	ControlType.Text	TextBlock	
                                 Filter Solution Explorer To	ControlType.Button	Button	
                                     Filter Solution Explorer To	ControlType.Menu	Menu	
                                         Filter Solution Explorer To	ControlType.MenuItem	MenuItem	PART_FocusTarget
                                 Sync with Active Document	ControlType.Button	Button	
                                     	ControlType.Image	Image	
                                     Sync with Active Document	ControlType.Text	TextBlock	
                                 Collapse All	ControlType.Button	Button	
                                     	ControlType.Image	Image	
                                     Collapse All	ControlType.Text	TextBlock	
                                 Properties	ControlType.Button	Button	
                                     	ControlType.Image	Image	
                                     P_roperties	ControlType.Text	TextBlock	
                                 Preview Selected Items	ControlType.Button	Button	
                                     	ControlType.Image	Image	
                                     Preview Selected Items	ControlType.Text	TextBlock	
                                 Show on Code Map	ControlType.Button	Button	
                                     	ControlType.Image	Image	
                                     Show on _Code Map	ControlType.Text	TextBlock	
                                 Toolbar Options	ControlType.Button	Button	Toolbar Options
                         Search Control	ControlType.Custom	SearchControl	SearchControl
                             Search Solution Explorer (Ctrl+;)	ControlType.Edit	TextBox	PART_SearchBox
                                 	ControlType.ScrollBar	ScrollBar	VerticalScrollBar
                                 	ControlType.ScrollBar	ScrollBar	HorizontalScrollBar
                             Search	ControlType.Button	Button	PART_SearchButton
                             Drop Down Button	ControlType.Button	Button	PART_SearchDropdownButton
                             Search Control Drop Down	ControlType.Custom	UserControl	PART_SearchPopupContent
                         Solution Explorer	ControlType.Pane	GenericPane	
                             Solution Explorer	ControlType.Tree	TreeView	SolutionExplorer
                                 Solution 'ShowAllFiles' ‎(1 project)	ControlType.TreeItem	TreeViewItem	
                                     ShowAllFiles	ControlType.TreeItem	TreeViewItem	
                                         npm	ControlType.TreeItem	TreeViewItem	
                                         SubFolder (node)	ControlType.TreeItem	TreeViewItem	
                             	ControlType.ProgressBar	ProgressBar	
                 Team Explorer - Connect	ControlType.TabItem	TabItem	TAB_ST:0:0:{131369f2-062d-44a2-8671-91ff31efb4f4}
                     Team Explorer - Connect	ControlType.TitleBar	DragUndockHeaderTitleBar	
                         	ControlType.Image	Image	ToolTitleIcon
                         Team Explorer	ControlType.Text	TextBlock	Text
                 Class View	ControlType.TabItem	TabItem	TAB_ST:0:0:{c9c0ae26-aa77-11d2-b3f0-0000f87570ee}
                     Class View	ControlType.TitleBar	DragUndockHeaderTitleBar	
                         	ControlType.Image	Image	ToolTitleIcon
                         Class View	ControlType.Text	TextBlock	Text
         	ControlType.Thumb	Thumb	SplitterGrip
         Properties	ControlType.Pane	ViewPresenter	ST:0:0:{eefa5220-e298-11d0-8f78-00a0c9110057}
             Properties	ControlType.TitleBar	ToolWindowTitleBar	
                 Properties	ControlType.TitleBar	DragUndockHeaderTitleBar	DragHeader
                     Hide	ControlType.Button	Button	HideButton
                     MaximizeRestore	ControlType.Button	Button	MaximizeRestoreButton
                     Auto Hide	ControlType.Button	Button	AutoHideButton
                     Window Menu	ControlType.Button	Button	DropDownMenuButton
                     Properties	ControlType.Text	TextBlock	
                     *	ControlType.Text	TextBlock	DirtyIndicator
             	ControlType.Pane	HwndHost	
                 Properties	ControlType.Pane	GenericPane	
                     Property Browser	ControlType.Pane	WindowsForms10.Window.8.app.0.1b2cf09_r42_ad1	988654
                         Components	ControlType.ComboBox	WindowsForms10.COMBOBOX.app.0.1b2cf09_r42_ad1	1774630
                             Components	ControlType.List	ComboLBox	ListBox
                                 ShowAllFiles:Solution Properties	ControlType.ListItem		
                             Drop Down Button	ControlType.Button		DropDown
                         PropertyGrid	ControlType.Pane	WindowsForms10.Window.8.app.0.1b2cf09_r42_ad1	244060168
                             Description Pane	ControlType.Pane	WindowsForms10.Window.8.app.0.1b2cf09_r42_ad1	789280
                                 (Name)	ControlType.Text	WindowsForms10.STATIC.app.0.1b2cf09_r42_ad1	1250258
                                 The name of the solution file.	ControlType.Text	WindowsForms10.STATIC.app.0.1b2cf09_r42_ad1	594818
                             Properties Window	ControlType.Table	WindowsForms10.Window.8.app.0.1b2cf09_r42_ad1	529250
                                 Misc	ControlType.Custom		
                                 (Name)	ControlType.Custom		
                                 Active config	ControlType.Custom		
                                 Description	ControlType.Custom		
                                 Path	ControlType.Custom		
                                 Startup project	ControlType.Custom		
                             ToolBar	ControlType.ToolBar	WindowsForms10.Window.8.app.0.1b2cf09_r42_ad1	332640
                                 Categorized	ControlType.Button		
                                 Alphabetical	ControlType.Button		
                                 	ControlType.Separator		
                                 Property Pages	ControlType.Button		
     Server Explorer	ControlType.Button	Button	AUTOHIDE_ST:0:0:{74946827-37a0-11d2-a273-00c04f8ef4ff}
         	ControlType.Image	Image	ToolTitleIcon
         Server Explorer	ControlType.Text	TextBlock	Text
     Toolbox	ControlType.Button	Button	AUTOHIDE_ST:0:0:{b1e99781-ab81-11d0-b683-00aa00a3ee26}
         	ControlType.Image	Image	ToolTitleIcon
         Toolbox	ControlType.Text	TextBlock	Text
     ToolBarDockRight	ControlType.Pane		
     ToolBarDockBottom	ControlType.Pane		
     	ControlType.StatusBar	StatusBar	StatusBarContainer
         Node.js code analysis is up to date, analyzed 2 function(s) in 0 milliseconds	ControlType.Text	CompartmentAutomationPeer	TextCompartment
         	ControlType.Text	CompartmentAutomationPeer	LineColumnCharacterCompartment
         	ControlType.Text	CompartmentAutomationPeer	XYWidthHeightCompartment
         	ControlType.Text	CompartmentAutomationPeer	SelectionModeCompartment
         	ControlType.Text	CompartmentAutomationPeer	InsertionModeCompartment</StdOut>
        <ErrorInfo>
          <Message>Test method Microsoft.VisualStudioTools.SharedProjectTests.ShowAllFiles.ShowAllFilesToggle threw exception: 
System.InvalidOperationException: Operation is not valid due to the current state of the object.</Message>
          <StackTrace>    at TestUtilities.UI.AutomationWrapper.CheckNullElement(ITreeNode element) in C:\src\nodejstools\Common\Tests\Utilities.UI\UI\AutomationWrapper.cs:line 230
   at TestUtilities.UI.AutomationWrapper.Select(ITreeNode selectionItem) in C:\src\nodejstools\Common\Tests\Utilities.UI\UI\AutomationWrapper.cs:line 262
   at Microsoft.VisualStudioTools.SharedProjectTests.ShowAllFiles.ShowAllFilesToggle() in C:\src\nodejstools\Common\Tests\SharedProjectTests\ShowAllFiles.cs:line 50
</StackTrace>
        </ErrorInfo>
      </Output>
    </UnitTestResult>
    <UnitTestResult executionId="f9d022c4-b19e-4ed8-a1be-3d317b5d5ae9" testId="65102e80-cb8e-fd27-bfb2-47574032508c" testName="ShowAllFilesFilesAlwaysHidden" computerName="DESKTOP-RRA95A8" duration="00:00:06.5752053" startTime="2016-01-24T03:32:07.0851478-08:00" endTime="2016-01-24T03:32:14.2411132-08:00" testType="13cdc9d9-ddb5-4fa4-a97d-d965ccfc6d4b" outcome="Passed" testListId="8c84fa94-04c1-424b-9868-57a2d4851a1d" relativeResultsDirectory="f9d022c4-b19e-4ed8-a1be-3d317b5d5ae9">
      <Output>
        <StdOut>Opening C:\src\nodejstools\TestResults\Itani_DESKTOP-RRA95A8 2016-01-24 02_34_51\Out\Temp\db3r1xan.0wh\ShowAllFiles.sln</StdOut>
      </Output>
    </UnitTestResult>
    <UnitTestResult executionId="adf0851c-4603-4656-a4ef-417e7bb8d6c6" testId="3e986002-b6ec-aef2-2fa4-16a2731a2614" testName="ShowAllFilesSymLinks" computerName="DESKTOP-RRA95A8" duration="00:00:03.8664939" startTime="2016-01-24T03:32:14.2456249-08:00" endTime="2016-01-24T03:32:20.9681785-08:00" testType="13cdc9d9-ddb5-4fa4-a97d-d965ccfc6d4b" outcome="Passed" testListId="8c84fa94-04c1-424b-9868-57a2d4851a1d" relativeResultsDirectory="adf0851c-4603-4656-a4ef-417e7bb8d6c6">
      <Output>
        <StdOut>Opening C:\src\nodejstools\TestResults\Itani_DESKTOP-RRA95A8 2016-01-24 02_34_51\Out\Temp\cgyurp1m.5mc\ShowAllFilesSymLink.sln</StdOut>
      </Output>
    </UnitTestResult>
    <UnitTestResult executionId="8125367b-a6da-46dd-be51-8b3d569815cd" testId="0fb2ad63-0bc1-79c8-72e8-aff65528cdc1" testName="ShowAllFilesLinked" computerName="DESKTOP-RRA95A8" duration="00:00:09.0086252" startTime="2016-01-24T03:32:20.9809359-08:00" endTime="2016-01-24T03:32:30.5539273-08:00" testType="13cdc9d9-ddb5-4fa4-a97d-d965ccfc6d4b" outcome="Passed" testListId="8c84fa94-04c1-424b-9868-57a2d4851a1d" relativeResultsDirectory="8125367b-a6da-46dd-be51-8b3d569815cd">
      <Output>
        <StdOut>Opening C:\src\nodejstools\TestResults\Itani_DESKTOP-RRA95A8 2016-01-24 02_34_51\Out\Temp\e5seaplv.znb\ShowAllFilesLinked.sln
Ending dialog: 
Name    ClassName      ControlType    AutomationID
 Microsoft Visual Studio	ControlType.Window	#32770	
     OK	ControlType.Button	Button	2
     	ControlType.Image	Static	20
     Cannot copy linked files within the same project. You cannot have more than one link to the same file in a project.	ControlType.Text	Static	65535
     Microsoft Visual Studio	ControlType.TitleBar		TitleBar
         System Menu Bar	ControlType.MenuBar		SystemMenuBar
             System	ControlType.MenuItem		Item 1
         Close	ControlType.Button		Close
--------</StdOut>
      </Output>
    </UnitTestResult>
    <UnitTestResult executionId="b817aad1-d645-4c85-933f-9e5e40ae69f8" testId="2f7287a0-a879-5a83-c002-fc12b3210e98" testName="ShowAllFilesIncludeExclude" computerName="DESKTOP-RRA95A8" duration="00:00:19.6346319" startTime="2016-01-24T03:32:30.5614472-08:00" endTime="2016-01-24T03:32:53.3530741-08:00" testType="13cdc9d9-ddb5-4fa4-a97d-d965ccfc6d4b" outcome="Failed" testListId="8c84fa94-04c1-424b-9868-57a2d4851a1d" relativeResultsDirectory="b817aad1-d645-4c85-933f-9e5e40ae69f8">
      <Output>
        <StdOut>Opening C:\src\nodejstools\TestResults\Itani_DESKTOP-RRA95A8 2016-01-24 02_34_51\Out\Temp\3anrw0ea.q44\ShowAllFilesIncludeExclude.sln
Executing command Project.ExcludeFromProject 
Successfully executed command Project.ExcludeFromProject 
Executing command Project.ShowAllFiles 
Successfully executed command Project.ShowAllFiles 
Executing command Project.ShowAllFiles 
Successfully executed command Project.ShowAllFiles 
Executing command Project.ExcludeFromProject 
Successfully executed command Project.ExcludeFromProject 
Executing command Project.ExcludeFromProject 
Successfully executed command Project.ExcludeFromProject 
Executing command Project.ShowAllFiles 
Successfully executed command Project.ShowAllFiles 
Executing command Project.ShowAllFiles 
Successfully executed command Project.ShowAllFiles 
Executing command Project.AddNewItem 
System.Runtime.InteropServices.COMException (0x80004005): Command "Project.AddNewItem" is not available.
   at EnvDTE._DTE.ExecuteCommand(String CommandName, String CommandArgs)
   at TestUtilities.UI.VisualStudioApp.&lt;&gt;c__DisplayClass28_0.&lt;ExecuteCommand&gt;b__0() in C:\src\nodejstools\Common\Tests\Utilities.UI\UI\VisualStudioApp.cs:line 188
   at System.Threading.Tasks.Task.InnerInvoke()
   at System.Threading.Tasks.Task.Execute()
Executing command Project.NewFolder 
System.Runtime.InteropServices.COMException (0x80004005): Command "Project.NewFolder" is not available.
   at EnvDTE._DTE.ExecuteCommand(String CommandName, String CommandArgs)
   at TestUtilities.UI.VisualStudioApp.&lt;&gt;c__DisplayClass28_0.&lt;ExecuteCommand&gt;b__0() in C:\src\nodejstools\Common\Tests\Utilities.UI\UI\VisualStudioApp.cs:line 188
   at System.Threading.Tasks.Task.InnerInvoke()
   at System.Threading.Tasks.Task.Execute()
Executing command Project.IncludeInProject 
Successfully executed command Project.IncludeInProject 
Executing command Project.ShowAllFiles 
Successfully executed command Project.ShowAllFiles 
Executing command Project.ExcludeFromProject 
Successfully executed command Project.ExcludeFromProject 
Executing command Project.ShowAllFiles 
Successfully executed command Project.ShowAllFiles 
Executing command Project.IncludeInProject 
Successfully executed command Project.IncludeInProject 
Executing command Project.ShowAllFiles 
Successfully executed command Project.ShowAllFiles 
Executing command Project.ShowAllFiles 
Successfully executed command Project.ShowAllFiles 
Executing command Project.ExcludeFromProject 
Successfully executed command Project.ExcludeFromProject 
Executing command Project.ExcludeFromProject 
Successfully executed command Project.ExcludeFromProject 
Executing command Project.ShowAllFiles 
Successfully executed command Project.ShowAllFiles 
Failed to find Solution 'ShowAllFilesIncludeExclude' (1 project)\ShowAllFilesIncludeExclude\IncludeFolder3
Name    ClassName      ControlType    AutomationID
 Solution Explorer	ControlType.Tree	TreeView	SolutionExplorer
     Solution 'ShowAllFilesIncludeExclude' ‎(1 project)	ControlType.TreeItem	TreeViewItem	
         ShowAllFilesIncludeExclude	ControlType.TreeItem	TreeViewItem	
             npm	ControlType.TreeItem	TreeViewItem	
             ExcludeFolder2	ControlType.TreeItem	TreeViewItem	
             IncludeFolder1	ControlType.TreeItem	TreeViewItem	
             IncludeFolder2	ControlType.TreeItem	TreeViewItem	
                 Item.txt	ControlType.TreeItem	TreeViewItem	
             IncludeFolder3 (node)	ControlType.TreeItem	TreeViewItem	
                 server.js	ControlType.TreeItem	TreeViewItem	
             server.js	ControlType.TreeItem	TreeViewItem</StdOut>
        <ErrorInfo>
          <Message>Assert.IsNotNull failed. </Message>
          <StackTrace>   at Microsoft.VisualStudioTools.SharedProjectTests.ShowAllFiles.ShowAllFilesIncludeExclude() in C:\src\nodejstools\Common\Tests\SharedProjectTests\ShowAllFiles.cs:line 351
</StackTrace>
        </ErrorInfo>
      </Output>
    </UnitTestResult>
    <UnitTestResult executionId="58562d69-25a2-426a-bda7-05c914e877b1" testId="a206d53f-8e38-c202-5742-39608f3ccfae" testName="ShowAllFilesChanges" computerName="DESKTOP-RRA95A8" duration="00:00:34.2787314" startTime="2016-01-24T03:32:53.3648497-08:00" endTime="2016-01-24T03:33:28.1269355-08:00" testType="13cdc9d9-ddb5-4fa4-a97d-d965ccfc6d4b" outcome="Passed" testListId="8c84fa94-04c1-424b-9868-57a2d4851a1d" relativeResultsDirectory="58562d69-25a2-426a-bda7-05c914e877b1">
      <Output>
        <StdOut>Opening C:\src\nodejstools\TestResults\Itani_DESKTOP-RRA95A8 2016-01-24 02_34_51\Out\Temp\rxirvz0t.l3s\ShowAllFiles.sln</StdOut>
      </Output>
    </UnitTestResult>
    <UnitTestResult executionId="2c4d903b-f355-4551-8d39-43fca9cb79dc" testId="0e0a3c22-42e8-8e21-dd10-d3426e6c54e7" testName="ShowAllFilesHiddenFiles" computerName="DESKTOP-RRA95A8" duration="00:00:11.4056705" startTime="2016-01-24T03:33:28.1318415-08:00" endTime="2016-01-24T03:33:40.0589308-08:00" testType="13cdc9d9-ddb5-4fa4-a97d-d965ccfc6d4b" outcome="Passed" testListId="8c84fa94-04c1-424b-9868-57a2d4851a1d" relativeResultsDirectory="2c4d903b-f355-4551-8d39-43fca9cb79dc">
      <Output>
        <StdOut>Opening C:\src\nodejstools\TestResults\Itani_DESKTOP-RRA95A8 2016-01-24 02_34_51\Out\Temp\v3yopym3.a2f\ShowAllFilesHiddenFiles.sln</StdOut>
      </Output>
    </UnitTestResult>
    <UnitTestResult executionId="08fb1ac1-8201-416a-a87e-bf4d5e91178e" testId="edf59550-4a9e-e5d7-2372-9e4a3be1e05b" testName="ShowAllFilesOnPerUser" computerName="DESKTOP-RRA95A8" duration="00:00:06.8722368" startTime="2016-01-24T03:33:40.0667815-08:00" endTime="2016-01-24T03:33:47.4147080-08:00" testType="13cdc9d9-ddb5-4fa4-a97d-d965ccfc6d4b" outcome="Passed" testListId="8c84fa94-04c1-424b-9868-57a2d4851a1d" relativeResultsDirectory="08fb1ac1-8201-416a-a87e-bf4d5e91178e">
      <Output>
        <StdOut>Opening C:\src\nodejstools\TestResults\Itani_DESKTOP-RRA95A8 2016-01-24 02_34_51\Out\Temp\qhwn553z.ufz\ShowAllFilesOnPerUser.sln
Executing command Project.ShowAllFiles 
Successfully executed command Project.ShowAllFiles</StdOut>
      </Output>
    </UnitTestResult>
    <UnitTestResult executionId="7485af16-6393-49f4-85a7-e21e51e7fc94" testId="62dfc3c7-e135-78cc-17dd-c6ed1cd0a867" testName="ShowAllFilesOnPerProject" computerName="DESKTOP-RRA95A8" duration="00:00:02.6927318" startTime="2016-01-24T03:33:47.4217261-08:00" endTime="2016-01-24T03:33:52.9433531-08:00" testType="13cdc9d9-ddb5-4fa4-a97d-d965ccfc6d4b" outcome="Passed" testListId="8c84fa94-04c1-424b-9868-57a2d4851a1d" relativeResultsDirectory="7485af16-6393-49f4-85a7-e21e51e7fc94">
      <Output>
        <StdOut>Opening C:\src\nodejstools\TestResults\Itani_DESKTOP-RRA95A8 2016-01-24 02_34_51\Out\Temp\503v22qt.0hw\ShowAllFilesOnPerProject.sln
Executing command Project.ShowAllFiles 
Successfully executed command Project.ShowAllFiles</StdOut>
      </Output>
    </UnitTestResult>
    <UnitTestResult executionId="473c2588-29cd-4b16-a0fd-f99fc1782d2f" testId="69125170-5ae4-fa87-a5b7-830a1454b939" testName="ShowAllFilesOffPerUser" computerName="DESKTOP-RRA95A8" duration="00:00:02.7807836" startTime="2016-01-24T03:33:52.9512020-08:00" endTime="2016-01-24T03:33:58.6823888-08:00" testType="13cdc9d9-ddb5-4fa4-a97d-d965ccfc6d4b" outcome="Passed" testListId="8c84fa94-04c1-424b-9868-57a2d4851a1d" relativeResultsDirectory="473c2588-29cd-4b16-a0fd-f99fc1782d2f">
      <Output>
        <StdOut>Opening C:\src\nodejstools\TestResults\Itani_DESKTOP-RRA95A8 2016-01-24 02_34_51\Out\Temp\jrvakzqx.iqn\ShowAllFilesOffPerUser.sln
Executing command Project.ShowAllFiles 
Successfully executed command Project.ShowAllFiles</StdOut>
      </Output>
    </UnitTestResult>
    <UnitTestResult executionId="de120597-0c9a-4cdb-b207-43a1698c4a08" testId="487b105c-1d14-d246-19d6-4fffaeeb99a7" testName="ShowAllFilesOffPerProject" computerName="DESKTOP-RRA95A8" duration="00:00:02.8839201" startTime="2016-01-24T03:33:58.6878830-08:00" endTime="2016-01-24T03:34:04.4962822-08:00" testType="13cdc9d9-ddb5-4fa4-a97d-d965ccfc6d4b" outcome="Passed" testListId="8c84fa94-04c1-424b-9868-57a2d4851a1d" relativeResultsDirectory="de120597-0c9a-4cdb-b207-43a1698c4a08">
      <Output>
        <StdOut>Opening C:\src\nodejstools\TestResults\Itani_DESKTOP-RRA95A8 2016-01-24 02_34_51\Out\Temp\1eswto1p.qih\ShowAllFilesOffPerProject.sln
Executing command Project.ShowAllFiles 
Successfully executed command Project.ShowAllFiles</StdOut>
      </Output>
    </UnitTestResult>
    <UnitTestResult executionId="6b5e9022-9a9f-4e99-a1b6-1696c21ef892" testId="646a546a-c3fe-8912-79c2-293dcb0a772d" testName="ShowAllFilesDefault" computerName="DESKTOP-RRA95A8" duration="00:00:02.8122515" startTime="2016-01-24T03:34:04.5021713-08:00" endTime="2016-01-24T03:34:12.9722972-08:00" testType="13cdc9d9-ddb5-4fa4-a97d-d965ccfc6d4b" outcome="Passed" testListId="8c84fa94-04c1-424b-9868-57a2d4851a1d" relativeResultsDirectory="6b5e9022-9a9f-4e99-a1b6-1696c21ef892">
      <Output>
        <StdOut>Opening C:\src\nodejstools\TestResults\Itani_DESKTOP-RRA95A8 2016-01-24 02_34_51\Out\Temp\vb4nut0q.vzf\ShowAllFilesDefault.sln
Executing command Project.ShowAllFiles 
Successfully executed command Project.ShowAllFiles</StdOut>
      </Output>
    </UnitTestResult>
    <UnitTestResult executionId="998ac611-32fd-42bd-a6a6-2b583dba66a8" testId="fc640824-b5b7-4ad3-91a1-64cfa49bea5c" testName="ShowAllMoveNotInProject" computerName="DESKTOP-RRA95A8" duration="00:00:25.8982029" startTime="2016-01-24T03:34:12.9772031-08:00" endTime="2016-01-24T03:34:47.1944487-08:00" testType="13cdc9d9-ddb5-4fa4-a97d-d965ccfc6d4b" outcome="Passed" testListId="8c84fa94-04c1-424b-9868-57a2d4851a1d" relativeResultsDirectory="998ac611-32fd-42bd-a6a6-2b583dba66a8">
      <Output>
        <StdOut>Opening C:\src\nodejstools\TestResults\Itani_DESKTOP-RRA95A8 2016-01-24 02_34_51\Out\Temp\4q5nx3yx.bcr\ShowAllMoveNotInProject.sln
Executing command Project.ShowAllFiles 
Successfully executed command Project.ShowAllFiles 
Executing command Project.ShowAllFiles 
Successfully executed command Project.ShowAllFiles 
Executing command Project.ShowAllFiles 
Successfully executed command Project.ShowAllFiles</StdOut>
      </Output>
    </UnitTestResult>
    <UnitTestResult executionId="a3ab1a38-def0-4696-a0a0-87aeb2032b2c" testId="3bc35a66-1092-0890-38f4-cd47f81e621b" testName="ShowAllExcludeSelected" computerName="DESKTOP-RRA95A8" startTime="2016-01-24T03:34:47.2022990-08:00" endTime="2016-01-24T03:35:02.4565639-08:00" testType="13cdc9d9-ddb5-4fa4-a97d-d965ccfc6d4b" outcome="Failed" testListId="8c84fa94-04c1-424b-9868-57a2d4851a1d" relativeResultsDirectory="a3ab1a38-def0-4696-a0a0-87aeb2032b2c">
      <Output>
        <ErrorInfo>
          <Message>Unit Test Adapter threw exception: 
Exception of type 'System.OutOfMemoryException' was thrown..</Message>
        </ErrorInfo>
      </Output>
    </UnitTestResult>
    <UnitTestResult executionId="44e5496d-a002-48b3-8ae7-462fb05791ed" testId="1e01fee1-2be9-2258-f801-9b0b64ee9b69" testName="ShowAllFilesRapidChanges" computerName="DESKTOP-RRA95A8" duration="00:00:37.5641572" startTime="2016-01-24T03:35:02.4634344-08:00" endTime="2016-01-24T03:36:07.6705738-08:00" testType="13cdc9d9-ddb5-4fa4-a97d-d965ccfc6d4b" outcome="Failed" testListId="8c84fa94-04c1-424b-9868-57a2d4851a1d" relativeResultsDirectory="44e5496d-a002-48b3-8ae7-462fb05791ed">
      <Output>
        <StdOut>Opening C:\src\nodejstools\TestResults\Itani_DESKTOP-RRA95A8 2016-01-24 02_34_51\Out\Temp\gl2bqrts.2ct\ShowAllFilesRapidChanges.sln



Debug Trace:
devenv.exe Warning: 0 : Waiting for project.Properties to become non-null
devenv.exe Warning: 0 : Waiting for project.Properties to become non-null
devenv.exe Warning: 0 : Waiting for project.Properties to become non-null
devenv.exe Warning: 0 : Waiting for project.Properties to become non-null
devenv.exe Warning: 0 : Waiting for project.Properties to become non-null
devenv.exe Warning: 0 : Waiting for project.Properties to become non-null
devenv.exe Warning: 0 : Waiting for project.Properties to become non-null
devenv.exe Warning: 0 : Waiting for project.Properties to become non-null
devenv.exe Warning: 0 : Waiting for project.Properties to become non-null
devenv.exe Warning: 0 : Waiting for project.Properties to become non-null</StdOut>
        <ErrorInfo>
          <Message>Assert.IsNotNull failed. No project properties: (unable to get Solution output)</Message>
          <StackTrace>   at TestUtilities.UI.VisualStudioApp.OpenProject(String projName, String startItem, Nullable`1 expectedProjects, String projectName, Boolean setStartupItem) in C:\src\nodejstools\Common\Tests\Utilities.UI\UI\VisualStudioApp.cs:line 818
   at TestUtilities.UI.VisualStudioInstance..ctor(SolutionFile solution) in C:\src\nodejstools\Common\Tests\Utilities.UI\UI\VisualStudioInstance.cs:line 45
   at TestUtilities.UI.TestExtensions.ToVs(SolutionFile self) in C:\src\nodejstools\Common\Tests\Utilities.UI\UI\TestExtensions.cs:line 33
   at Microsoft.VisualStudioTools.SharedProjectTests.ShowAllFiles.ShowAllFilesRapidChanges() in C:\src\nodejstools\Common\Tests\SharedProjectTests\ShowAllFiles.cs:line 849
</StackTrace>
        </ErrorInfo>
      </Output>
    </UnitTestResult>
    <UnitTestResult executionId="d698ab1b-8d72-4c3a-ad2e-28ba32079bc0" testId="b8548e67-fef3-2ded-6c77-c055b9f74dfe" testName="ShowAllFilesRapidChanges2" computerName="DESKTOP-RRA95A8" startTime="2016-01-24T03:36:07.6784230-08:00" endTime="2016-01-24T03:36:22.8632088-08:00" testType="13cdc9d9-ddb5-4fa4-a97d-d965ccfc6d4b" outcome="Failed" testListId="8c84fa94-04c1-424b-9868-57a2d4851a1d" relativeResultsDirectory="d698ab1b-8d72-4c3a-ad2e-28ba32079bc0">
      <Output>
        <ErrorInfo>
          <Message>Unit Test Adapter threw exception: 
Exception of type 'System.OutOfMemoryException' was thrown..</Message>
        </ErrorInfo>
      </Output>
    </UnitTestResult>
    <UnitTestResult executionId="cf5b751f-2640-4df6-8026-b9cc2fc5513f" testId="cb1464ad-17ac-e4f5-5ec4-8f42e7ad4547" testName="ShowAllFilesCopyExcludedFolderWithItemByKeyboard" computerName="DESKTOP-RRA95A8" startTime="2016-01-24T03:36:22.8700442-08:00" endTime="2016-01-24T03:36:35.3748475-08:00" testType="13cdc9d9-ddb5-4fa4-a97d-d965ccfc6d4b" outcome="Failed" testListId="8c84fa94-04c1-424b-9868-57a2d4851a1d" relativeResultsDirectory="cf5b751f-2640-4df6-8026-b9cc2fc5513f">
      <Output>
        <ErrorInfo>
          <Message>Unit Test Adapter threw exception: 
Exception of type 'System.OutOfMemoryException' was thrown..</Message>
        </ErrorInfo>
      </Output>
    </UnitTestResult>
    <UnitTestResult executionId="351c08bb-fcd4-4533-be56-685c98e8655b" testId="802ac854-aa6a-f487-cff6-1817c2b39a7e" testName="ShowAllFilesCopyExcludedFolderWithItemByMouse" computerName="DESKTOP-RRA95A8" startTime="2016-01-24T03:36:35.3826978-08:00" endTime="2016-01-24T03:36:52.7271425-08:00" testType="13cdc9d9-ddb5-4fa4-a97d-d965ccfc6d4b" outcome="Failed" testListId="8c84fa94-04c1-424b-9868-57a2d4851a1d" relativeResultsDirectory="351c08bb-fcd4-4533-be56-685c98e8655b">
      <Output>
        <ErrorInfo>
          <Message>Unit Test Adapter threw exception: 
Exception of type 'System.OutOfMemoryException' was thrown..</Message>
        </ErrorInfo>
      </Output>
    </UnitTestResult>
    <UnitTestResult executionId="f69567ea-38de-4865-96d1-4e439927e5a3" testId="73637a0b-bc89-fbb8-0284-c8c802d4edb6" testName="ShowAllFilesMoveExcludedItemToExcludedFolderByKeyboard" computerName="DESKTOP-RRA95A8" startTime="2016-01-24T03:36:52.7379400-08:00" endTime="2016-01-24T03:37:00.2890975-08:00" testType="13cdc9d9-ddb5-4fa4-a97d-d965ccfc6d4b" outcome="Failed" testListId="8c84fa94-04c1-424b-9868-57a2d4851a1d" relativeResultsDirectory="f69567ea-38de-4865-96d1-4e439927e5a3">
      <Output>
        <ErrorInfo>
          <Message>Unit Test Adapter threw exception: 
Exception of type 'System.OutOfMemoryException' was thrown..</Message>
        </ErrorInfo>
      </Output>
    </UnitTestResult>
    <UnitTestResult executionId="d6f13826-f0b8-4f42-bd76-7ea27f972f97" testId="54f5f76a-e69e-bc93-983c-247e0859f223" testName="ShowAllFilesMoveExcludedItemToExcludedFolderByMouse" computerName="DESKTOP-RRA95A8" startTime="2016-01-24T03:37:00.3018548-08:00" endTime="2016-01-24T03:37:12.7937305-08:00" testType="13cdc9d9-ddb5-4fa4-a97d-d965ccfc6d4b" outcome="Failed" testListId="8c84fa94-04c1-424b-9868-57a2d4851a1d" relativeResultsDirectory="d6f13826-f0b8-4f42-bd76-7ea27f972f97">
      <Output>
        <ErrorInfo>
          <Message>Unit Test Adapter threw exception: 
Exception of type 'System.OutOfMemoryException' was thrown..</Message>
        </ErrorInfo>
      </Output>
    </UnitTestResult>
    <UnitTestResult executionId="b738878f-4ba4-4bf5-bfc3-24c9d3eaecd9" testId="eb89ca48-740f-0401-a5ab-41fd2759b55c" testName="MoveFolderWithItem" computerName="DESKTOP-RRA95A8" startTime="2016-01-24T03:37:12.8045251-08:00" endTime="2016-01-24T03:37:25.3330102-08:00" testType="13cdc9d9-ddb5-4fa4-a97d-d965ccfc6d4b" outcome="Failed" testListId="8c84fa94-04c1-424b-9868-57a2d4851a1d" relativeResultsDirectory="b738878f-4ba4-4bf5-bfc3-24c9d3eaecd9">
      <Output>
        <ErrorInfo>
          <Message>Unit Test Adapter threw exception: 
Exception of type 'System.OutOfMemoryException' was thrown..</Message>
        </ErrorInfo>
      </Output>
    </UnitTestResult>
    <UnitTestResult executionId="21a1dcdc-8de8-4f23-8cfa-d21ef2ba1ade" testId="f12e51f4-d075-4bb6-bfbc-a0e43a3bef16" testName="AddNewItem" computerName="DESKTOP-RRA95A8" startTime="2016-01-24T03:37:25.3394021-08:00" endTime="2016-01-24T03:37:37.7714895-08:00" testType="13cdc9d9-ddb5-4fa4-a97d-d965ccfc6d4b" outcome="Failed" testListId="8c84fa94-04c1-424b-9868-57a2d4851a1d" relativeResultsDirectory="21a1dcdc-8de8-4f23-8cfa-d21ef2ba1ade">
      <Output>
        <ErrorInfo>
          <Message>Unit Test Adapter threw exception: 
Exception of type 'System.OutOfMemoryException' was thrown..</Message>
        </ErrorInfo>
      </Output>
    </UnitTestResult>
    <UnitTestResult executionId="815bc894-bd14-4d92-9b4a-caeb45cfd0f7" testId="080cc77b-ddf5-9ba4-f91a-ef49b1efc195" testName="IncludeInProject" computerName="DESKTOP-RRA95A8" startTime="2016-01-24T03:37:37.7773767-08:00" endTime="2016-01-24T03:37:50.2657479-08:00" testType="13cdc9d9-ddb5-4fa4-a97d-d965ccfc6d4b" outcome="Failed" testListId="8c84fa94-04c1-424b-9868-57a2d4851a1d" relativeResultsDirectory="815bc894-bd14-4d92-9b4a-caeb45cfd0f7">
      <Output>
        <ErrorInfo>
          <Message>Unit Test Adapter threw exception: 
Exception of type 'System.OutOfMemoryException' was thrown..</Message>
        </ErrorInfo>
      </Output>
    </UnitTestResult>
    <UnitTestResult executionId="0facfb19-89b0-403f-bc70-770b0e5110b3" testId="a93c48d4-080b-92d2-cfea-f395bbca3bdb" testName="RemoveItem" computerName="DESKTOP-RRA95A8" startTime="2016-01-24T03:37:50.2706480-08:00" endTime="2016-01-24T03:38:02.7293808-08:00" testType="13cdc9d9-ddb5-4fa4-a97d-d965ccfc6d4b" outcome="Failed" testListId="8c84fa94-04c1-424b-9868-57a2d4851a1d" relativeResultsDirectory="0facfb19-89b0-403f-bc70-770b0e5110b3">
      <Output>
        <ErrorInfo>
          <Message>Unit Test Adapter threw exception: 
Exception of type 'System.OutOfMemoryException' was thrown..</Message>
        </ErrorInfo>
      </Output>
    </UnitTestResult>
    <UnitTestResult executionId="8502e43d-a431-48f5-9b61-f0791880b9d0" testId="2a606526-5ee8-e7a1-27fb-612fc0ced76b" testName="BasicSourceControl" computerName="DESKTOP-RRA95A8" startTime="2016-01-24T03:38:02.7342867-08:00" endTime="2016-01-24T03:38:15.3088379-08:00" testType="13cdc9d9-ddb5-4fa4-a97d-d965ccfc6d4b" outcome="Failed" testListId="8c84fa94-04c1-424b-9868-57a2d4851a1d" relativeResultsDirectory="8502e43d-a431-48f5-9b61-f0791880b9d0">
      <Output>
        <ErrorInfo>
          <Message>Unit Test Adapter threw exception: 
Exception of type 'System.OutOfMemoryException' was thrown..</Message>
        </ErrorInfo>
      </Output>
    </UnitTestResult>
    <UnitTestResult executionId="df622b3a-d90b-4783-a579-eab5dd2d3f09" testId="dd480cc8-970b-7c18-4089-0a5af7700cfe" testName="SourceControlGlyphChanged" computerName="DESKTOP-RRA95A8" startTime="2016-01-24T03:38:15.3197653-08:00" endTime="2016-01-24T03:38:27.7597795-08:00" testType="13cdc9d9-ddb5-4fa4-a97d-d965ccfc6d4b" outcome="Failed" testListId="8c84fa94-04c1-424b-9868-57a2d4851a1d" relativeResultsDirectory="df622b3a-d90b-4783-a579-eab5dd2d3f09">
      <Output>
        <ErrorInfo>
          <Message>Unit Test Adapter threw exception: 
Exception of type 'System.OutOfMemoryException' was thrown..</Message>
        </ErrorInfo>
      </Output>
    </UnitTestResult>
    <UnitTestResult executionId="59475e0b-85b4-4aea-9bce-400e4d6a9328" testId="5ef2b545-cbb6-e6cd-8152-b332cd55067f" testName="SourceControlNoControl" computerName="DESKTOP-RRA95A8" startTime="2016-01-24T03:38:27.7682833-08:00" endTime="2016-01-24T03:38:40.1797670-08:00" testType="13cdc9d9-ddb5-4fa4-a97d-d965ccfc6d4b" outcome="Failed" testListId="8c84fa94-04c1-424b-9868-57a2d4851a1d" relativeResultsDirectory="59475e0b-85b4-4aea-9bce-400e4d6a9328">
      <Output>
        <ErrorInfo>
          <Message>Unit Test Adapter threw exception: 
Exception of type 'System.OutOfMemoryException' was thrown..</Message>
        </ErrorInfo>
      </Output>
    </UnitTestResult>
    <UnitTestResult executionId="ed87eb5e-8f9f-49bb-8943-6589d2380701" testId="d643d55d-f6c9-5eb2-fc99-40416cd8330d" testName="SourceControlExcludedFilesNotPresent" computerName="DESKTOP-RRA95A8" startTime="2016-01-24T03:38:40.1925240-08:00" endTime="2016-01-24T03:38:52.5571142-08:00" testType="13cdc9d9-ddb5-4fa4-a97d-d965ccfc6d4b" outcome="Failed" testListId="8c84fa94-04c1-424b-9868-57a2d4851a1d" relativeResultsDirectory="ed87eb5e-8f9f-49bb-8943-6589d2380701">
      <Output>
        <ErrorInfo>
          <Message>Unit Test Adapter threw exception: 
Exception of type 'System.OutOfMemoryException' was thrown..</Message>
        </ErrorInfo>
      </Output>
    </UnitTestResult>
    <UnitTestResult executionId="14e7fd7a-bede-49de-96eb-5ce95d4409ec" testId="bcb7e706-9352-d85c-6d0e-15e5e42abdbb" testName="SourceControlRenameFolder" computerName="DESKTOP-RRA95A8" startTime="2016-01-24T03:38:52.5621266-08:00" endTime="2016-01-24T03:39:05.1596638-08:00" testType="13cdc9d9-ddb5-4fa4-a97d-d965ccfc6d4b" outcome="Failed" testListId="8c84fa94-04c1-424b-9868-57a2d4851a1d" relativeResultsDirectory="14e7fd7a-bede-49de-96eb-5ce95d4409ec">
      <Output>
        <ErrorInfo>
          <Message>Unit Test Adapter threw exception: 
Exception of type 'System.OutOfMemoryException' was thrown..</Message>
        </ErrorInfo>
      </Output>
    </UnitTestResult>
  </Results>
  <TestDefinitions>
    <UnitTest name="InitializeAllFrameworks" storage="c:\src\nodejstools\buildoutput\release14.0\tests\testadaptertests.dll" priority="0" id="8825c85e-7403-46e3-1534-9a829298d3f6">
      <Execution id="25fdb2c9-dd82-4a8f-aec4-1f451a501eae" />
      <TestMethod codeBase="C:\src\nodejstools\BuildOutput\Release14.0\Tests\TestAdapterTests.dll" adapterTypeName="Microsoft.VisualStudio.TestTools.TestTypes.Unit.UnitTestAdapter" className="TestAdapterTests.FrameworkDiscoverTest" name="InitializeAllFrameworks" />
    </UnitTest>
    <UnitTest name="DefaultFramework_HasCorrectFolderInformation" storage="c:\src\nodejstools\buildoutput\release14.0\tests\testadaptertests.dll" priority="0" id="bbf6da93-cf7c-8154-f158-2baaf9c4aa41">
      <Execution id="2cdd5359-7cc7-434f-863a-af037448d81d" />
      <TestMethod codeBase="C:\src\nodejstools\BuildOutput\Release14.0\Tests\TestAdapterTests.dll" adapterTypeName="Microsoft.VisualStudio.TestTools.TestTypes.Unit.UnitTestAdapter" className="TestAdapterTests.FrameworkDiscoverTest" name="DefaultFramework_HasCorrectFolderInformation" />
    </UnitTest>
    <UnitTest name="ConstructFullyQualifiedName_ValidInput" storage="c:\src\nodejstools\buildoutput\release14.0\tests\testadaptertests.dll" priority="0" id="537d5b4b-dbd6-849c-f58f-155f52fc59ea">
      <Execution id="2663d5c2-4d9e-424a-8871-2960a9162652" />
      <TestMethod codeBase="C:\src\nodejstools\BuildOutput\Release14.0\Tests\TestAdapterTests.dll" adapterTypeName="Microsoft.VisualStudio.TestTools.TestTypes.Unit.UnitTestAdapter" className="TestAdapterTests.NodejsTestInfoTests" name="ConstructFullyQualifiedName_ValidInput" />
    </UnitTest>
    <UnitTest name="ConstructFromQualifiedName_ThrowOnInValidInput" storage="c:\src\nodejstools\buildoutput\release14.0\tests\testadaptertests.dll" priority="0" id="34cb1ce9-fefb-80c4-f27b-8b039b562b66">
      <Execution id="1beb8897-0405-482e-847d-616c66d33f79" />
      <TestMethod codeBase="C:\src\nodejstools\BuildOutput\Release14.0\Tests\TestAdapterTests.dll" adapterTypeName="Microsoft.VisualStudio.TestTools.TestTypes.Unit.UnitTestAdapter" className="TestAdapterTests.NodejsTestInfoTests" name="ConstructFromQualifiedName_ThrowOnInValidInput" />
    </UnitTest>
    <UnitTest name="TestRun" storage="c:\src\nodejstools\buildoutput\release14.0\tests\testadaptertests.dll" priority="0" id="57931d80-9593-3260-39cf-302528acb932">
      <Execution id="7fe3e231-0c6b-44a9-aa8c-5c74e2955aa1" />
      <TestMethod codeBase="C:\src\nodejstools\BuildOutput\Release14.0\Tests\TestAdapterTests.dll" adapterTypeName="Microsoft.VisualStudio.TestTools.TestTypes.Unit.UnitTestAdapter" className="TestAdapterTests.TestExecutorTests" name="TestRun" />
    </UnitTest>
    <UnitTest name="TestRunAll" storage="c:\src\nodejstools\buildoutput\release14.0\tests\testadaptertests.dll" priority="0" id="ed84e9b1-f1a0-2b02-2ae8-f39a4866fc94">
      <Execution id="6ce3d6ab-ec5f-4caf-b609-4cb79ff01a06" />
      <TestMethod codeBase="C:\src\nodejstools\BuildOutput\Release14.0\Tests\TestAdapterTests.dll" adapterTypeName="Microsoft.VisualStudio.TestTools.TestTypes.Unit.UnitTestAdapter" className="TestAdapterTests.TestExecutorTests" name="TestRunAll" />
    </UnitTest>
    <UnitTest name="TestCancel" storage="c:\src\nodejstools\buildoutput\release14.0\tests\testadaptertests.dll" priority="0" id="0302687b-d793-95b7-2001-5a89f27839a1">
      <Execution id="842bba48-3a18-405b-8e4b-354fc98303c5" />
      <TestMethod codeBase="C:\src\nodejstools\BuildOutput\Release14.0\Tests\TestAdapterTests.dll" adapterTypeName="Microsoft.VisualStudio.TestTools.TestTypes.Unit.UnitTestAdapter" className="TestAdapterTests.TestExecutorTests" name="TestCancel" />
    </UnitTest>
    <UnitTest name="SplitRecord" storage="c:\src\nodejstools\buildoutput\release14.0\tests\profilertests.dll" priority="0" id="c9db5c42-a89f-42df-ea86-db1f43b9b662">
      <Execution id="74400910-cdd5-4a12-b8a9-980b51f849b6" />
      <TestMethod codeBase="C:\src\nodejstools\BuildOutput\Release14.0\Tests\ProfilerTests.dll" adapterTypeName="Microsoft.VisualStudio.TestTools.TestTypes.Unit.UnitTestAdapter" className="ProfilerTests.LogParserTests" name="SplitRecord" />
    </UnitTest>
    <UnitTest name="TestFilenameParsing" storage="c:\src\nodejstools\buildoutput\release14.0\tests\profilertests.dll" priority="0" id="968fcba9-5476-6797-4f5d-2a6bbcd810f9">
      <Execution id="6b68054f-1e21-4e74-80af-3da0ec082d36" />
      <TestMethod codeBase="C:\src\nodejstools\BuildOutput\Release14.0\Tests\ProfilerTests.dll" adapterTypeName="Microsoft.VisualStudio.TestTools.TestTypes.Unit.UnitTestAdapter" className="ProfilerTests.LogParserTests" name="TestFilenameParsing" />
    </UnitTest>
    <UnitTest name="TestAddPackageToSimplePackageJsonThenUninstall" storage="c:\src\nodejstools\buildoutput\release14.0\tests\npmtests.dll" priority="0" id="209b6bb0-3db5-b606-c91c-4165313a306a">
      <Execution id="c3a27b2e-abb6-4937-bbc6-faa740643061" />
      <TestMethod codeBase="C:\src\nodejstools\BuildOutput\Release14.0\Tests\NpmTests.dll" adapterTypeName="Microsoft.VisualStudio.TestTools.TestTypes.Unit.UnitTestAdapter" className="NpmTests.InstallUninstallPackageTests" name="TestAddPackageToSimplePackageJsonThenUninstall" />
    </UnitTest>
    <UnitTest name="TestAddPackageNoPackageJsonThenUninstall" storage="c:\src\nodejstools\buildoutput\release14.0\tests\npmtests.dll" priority="0" id="f1424f10-9188-3036-5e7c-6f32fbcff6ac">
      <Execution id="f5153201-9c2a-4062-902f-6eb8f06b5496" />
      <TestMethod codeBase="C:\src\nodejstools\BuildOutput\Release14.0\Tests\NpmTests.dll" adapterTypeName="Microsoft.VisualStudio.TestTools.TestTypes.Unit.UnitTestAdapter" className="NpmTests.InstallUninstallPackageTests" name="TestAddPackageNoPackageJsonThenUninstall" />
    </UnitTest>
    <UnitTest name="TestAddPackageNoSavePackageJsonThenUninstall" storage="c:\src\nodejstools\buildoutput\release14.0\tests\npmtests.dll" priority="0" id="62587143-2547-dc75-f46b-dfdc73f2e3ae">
      <Execution id="566aff29-c45b-4f5d-b6d1-a0b1e93e6fbc" />
      <TestMethod codeBase="C:\src\nodejstools\BuildOutput\Release14.0\Tests\NpmTests.dll" adapterTypeName="Microsoft.VisualStudio.TestTools.TestTypes.Unit.UnitTestAdapter" className="NpmTests.InstallUninstallPackageTests" name="TestAddPackageNoSavePackageJsonThenUninstall" />
    </UnitTest>
    <UnitTest name="TestReadFromFile" storage="c:\src\nodejstools\buildoutput\release14.0\tests\npmtests.dll" priority="0" id="2e429ef0-bf3f-2e0e-8dd9-990923c31815">
      <Execution id="a3929859-4a5c-49b1-b7d2-9c12ca30ee10" />
      <TestMethod codeBase="C:\src\nodejstools\BuildOutput\Release14.0\Tests\NpmTests.dll" adapterTypeName="Microsoft.VisualStudio.TestTools.TestTypes.Unit.UnitTestAdapter" className="NpmTests.FileSystemPackageJsonTests" name="TestReadFromFile" />
    </UnitTest>
    <UnitTest name="TestReadFromDirectory" storage="c:\src\nodejstools\buildoutput\release14.0\tests\npmtests.dll" priority="0" id="de99a4df-deb7-27ab-72a2-82c5756cc3cd">
      <Execution id="59331bc7-14a3-44a8-ad36-a3ecfa97628b" />
      <TestMethod codeBase="C:\src\nodejstools\BuildOutput\Release14.0\Tests\NpmTests.dll" adapterTypeName="Microsoft.VisualStudio.TestTools.TestTypes.Unit.UnitTestAdapter" className="NpmTests.FileSystemPackageJsonTests" name="TestReadFromDirectory" />
    </UnitTest>
    <UnitTest name="TestAngularFullstackScaffoldedProject" storage="c:\src\nodejstools\buildoutput\release14.0\tests\npmtests.dll" priority="0" id="3b65457a-fe05-4827-1747-0910e399f778">
      <Execution id="1ce8cbd8-3b8a-402c-bc8d-a04aa668dfd1" />
      <TestMethod codeBase="C:\src\nodejstools\BuildOutput\Release14.0\Tests\NpmTests.dll" adapterTypeName="Microsoft.VisualStudio.TestTools.TestTypes.Unit.UnitTestAdapter" className="NpmTests.MaxPathTests" name="TestAngularFullstackScaffoldedProject" />
    </UnitTest>
    <UnitTest name="TestInstallUninstallMaxPathGlobalModule" storage="c:\src\nodejstools\buildoutput\release14.0\tests\npmtests.dll" priority="0" id="62d33145-29f4-560b-9d05-24e4cbeb4ccb">
      <Execution id="c419b9d0-23d9-4816-8c52-b9959b87b2f4" />
      <TestMethod codeBase="C:\src\nodejstools\BuildOutput\Release14.0\Tests\NpmTests.dll" adapterTypeName="Microsoft.VisualStudio.TestTools.TestTypes.Unit.UnitTestAdapter" className="NpmTests.MaxPathTests" name="TestInstallUninstallMaxPathGlobalModule" />
    </UnitTest>
    <UnitTest name="TestReadRootPackageNoDependencies" storage="c:\src\nodejstools\buildoutput\release14.0\tests\npmtests.dll" priority="0" id="2a83b434-8c29-7f82-4070-79a9a6dad203">
      <Execution id="cc12c5e3-8722-4d24-93a7-acc3c45f603f" />
      <TestMethod codeBase="C:\src\nodejstools\BuildOutput\Release14.0\Tests\NpmTests.dll" adapterTypeName="Microsoft.VisualStudio.TestTools.TestTypes.Unit.UnitTestAdapter" className="NpmTests.ModuleHierarchyTests" name="TestReadRootPackageNoDependencies" />
    </UnitTest>
    <UnitTest name="TestReadRootPackageOneDependency" storage="c:\src\nodejstools\buildoutput\release14.0\tests\npmtests.dll" priority="0" id="11156a69-4288-03a3-0824-b2b3daf244bf">
      <Execution id="2c38add0-7ade-45c7-ad7c-14bbd0505431" />
      <TestMethod codeBase="C:\src\nodejstools\BuildOutput\Release14.0\Tests\NpmTests.dll" adapterTypeName="Microsoft.VisualStudio.TestTools.TestTypes.Unit.UnitTestAdapter" className="NpmTests.ModuleHierarchyTests" name="TestReadRootPackageOneDependency" />
    </UnitTest>
    <UnitTest name="TestReadRootPackageMissingDependency" storage="c:\src\nodejstools\buildoutput\release14.0\tests\npmtests.dll" priority="0" id="2d9ff43b-de2d-08ce-ef55-ecf50fdb671c">
      <Execution id="35688601-9575-4f7d-a926-2014af8ca252" />
      <TestMethod codeBase="C:\src\nodejstools\BuildOutput\Release14.0\Tests\NpmTests.dll" adapterTypeName="Microsoft.VisualStudio.TestTools.TestTypes.Unit.UnitTestAdapter" className="NpmTests.ModuleHierarchyTests" name="TestReadRootPackageMissingDependency" />
    </UnitTest>
    <UnitTest name="TestReadRootDependencyRecursive" storage="c:\src\nodejstools\buildoutput\release14.0\tests\npmtests.dll" priority="0" id="cdd50f6d-7cd9-1147-05a5-7eac297b4ad9">
      <Execution id="fa60b35a-abbf-4521-a502-09739c3a43f7" />
      <TestMethod codeBase="C:\src\nodejstools\BuildOutput\Release14.0\Tests\NpmTests.dll" adapterTypeName="Microsoft.VisualStudio.TestTools.TestTypes.Unit.UnitTestAdapter" className="NpmTests.ModuleHierarchyTests" name="TestReadRootDependencyRecursive" />
    </UnitTest>
    <UnitTest name="TestNpmCommandProcessExitSucceeds" storage="c:\src\nodejstools\buildoutput\release14.0\tests\npmtests.dll" priority="0" id="4ef1c2f6-de6b-4af6-68cb-ef2f103633fe">
      <Execution id="d661ffb7-00d1-431e-92f4-a96a639aa3fc" />
      <TestMethod codeBase="C:\src\nodejstools\BuildOutput\Release14.0\Tests\NpmTests.dll" adapterTypeName="Microsoft.VisualStudio.TestTools.TestTypes.Unit.UnitTestAdapter" className="NpmTests.NpmExecuteCommandTests" name="TestNpmCommandProcessExitSucceeds" />
    </UnitTest>
    <UnitTest name="CheckDatabaseCreation" storage="c:\src\nodejstools\buildoutput\release14.0\tests\npmtests.dll" priority="0" id="bb31866e-0838-a86c-ba4c-d4fe6d92d0f6">
      <Execution id="581c4b03-7785-4e23-ba18-9c1c23ca271b" />
      <TestMethod codeBase="C:\src\nodejstools\BuildOutput\Release14.0\Tests\NpmTests.dll" adapterTypeName="Microsoft.VisualStudio.TestTools.TestTypes.Unit.UnitTestAdapter" className="NpmTests.NpmSearchTests" name="CheckDatabaseCreation" />
    </UnitTest>
    <UnitTest name="CheckDatabaseUpdate" storage="c:\src\nodejstools\buildoutput\release14.0\tests\npmtests.dll" priority="0" id="78f34f45-d218-25c0-edbb-02550db7061c">
      <Execution id="e26f67a7-8ab2-4885-a512-5ced51141828" />
      <TestMethod codeBase="C:\src\nodejstools\BuildOutput\Release14.0\Tests\NpmTests.dll" adapterTypeName="Microsoft.VisualStudio.TestTools.TestTypes.Unit.UnitTestAdapter" className="NpmTests.NpmSearchTests" name="CheckDatabaseUpdate" />
    </UnitTest>
    <UnitTest name="CheckDatabaseUpdateArray" storage="c:\src\nodejstools\buildoutput\release14.0\tests\npmtests.dll" priority="0" id="0c63dea7-03fd-cfbc-74ba-211253c22517">
      <Execution id="d851e3f6-217c-4b15-a0bc-a76059be47a0" />
      <TestMethod codeBase="C:\src\nodejstools\BuildOutput\Release14.0\Tests\NpmTests.dll" adapterTypeName="Microsoft.VisualStudio.TestTools.TestTypes.Unit.UnitTestAdapter" className="NpmTests.NpmSearchTests" name="CheckDatabaseUpdateArray" />
    </UnitTest>
    <UnitTest name="CheckPackageWithBuildPreReleaseInfo" storage="c:\src\nodejstools\buildoutput\release14.0\tests\npmtests.dll" priority="0" id="e3d70b37-6c59-ff28-166b-1da270464c13">
      <Execution id="a6b91f56-1a54-4d81-975f-65daf3aaa28b" />
      <TestMethod codeBase="C:\src\nodejstools\BuildOutput\Release14.0\Tests\NpmTests.dll" adapterTypeName="Microsoft.VisualStudio.TestTools.TestTypes.Unit.UnitTestAdapter" className="NpmTests.NpmSearchTests" name="CheckPackageWithBuildPreReleaseInfo" />
    </UnitTest>
    <UnitTest name="CheckNonZeroPackageVersionsExist" storage="c:\src\nodejstools\buildoutput\release14.0\tests\npmtests.dll" priority="0" id="8ac70d86-0a17-3982-3651-411e58da6833">
      <Execution id="f7e7b946-b962-4cc8-856d-44b263997968" />
      <TestMethod codeBase="C:\src\nodejstools\BuildOutput\Release14.0\Tests\NpmTests.dll" adapterTypeName="Microsoft.VisualStudio.TestTools.TestTypes.Unit.UnitTestAdapter" className="NpmTests.NpmSearchTests" name="CheckNonZeroPackageVersionsExist" />
    </UnitTest>
    <UnitTest name="CheckCorrectPackageCount" storage="c:\src\nodejstools\buildoutput\release14.0\tests\npmtests.dll" priority="0" id="94bc426f-64b0-6f95-a8ec-00b508cf3a37">
      <Execution id="a133a358-1a61-4dab-84fc-0559f02c3fd2" />
      <TestMethod codeBase="C:\src\nodejstools\BuildOutput\Release14.0\Tests\NpmTests.dll" adapterTypeName="Microsoft.VisualStudio.TestTools.TestTypes.Unit.UnitTestAdapter" className="NpmTests.NpmSearchTests" name="CheckCorrectPackageCount" />
    </UnitTest>
    <UnitTest name="CheckNoDuplicatePackages" storage="c:\src\nodejstools\buildoutput\release14.0\tests\npmtests.dll" priority="0" id="1478c837-21c7-ce13-dedb-7697546310b6">
      <Execution id="f4996242-a1af-4aad-a47c-69ce3b75f225" />
      <TestMethod codeBase="C:\src\nodejstools\BuildOutput\Release14.0\Tests\NpmTests.dll" adapterTypeName="Microsoft.VisualStudio.TestTools.TestTypes.Unit.UnitTestAdapter" className="NpmTests.NpmSearchTests" name="CheckNoDuplicatePackages" />
    </UnitTest>
    <UnitTest name="CheckListAndDictByNameSameSize" storage="c:\src\nodejstools\buildoutput\release14.0\tests\npmtests.dll" priority="0" id="4600a77d-f35e-7736-79d3-6205f9c2a419">
      <Execution id="96c2607e-00d9-4c1c-a922-7e31fb28fe09" />
      <TestMethod codeBase="C:\src\nodejstools\BuildOutput\Release14.0\Tests\NpmTests.dll" adapterTypeName="Microsoft.VisualStudio.TestTools.TestTypes.Unit.UnitTestAdapter" className="NpmTests.NpmSearchTests" name="CheckListAndDictByNameSameSize" />
    </UnitTest>
    <UnitTest name="CheckFirstPackageInCatalog" storage="c:\src\nodejstools\buildoutput\release14.0\tests\npmtests.dll" priority="0" id="52d883f9-9d3c-165d-0202-25c579b4469f">
      <Execution id="11539546-6cc6-4926-8079-2304480c45c7" />
      <TestMethod codeBase="C:\src\nodejstools\BuildOutput\Release14.0\Tests\NpmTests.dll" adapterTypeName="Microsoft.VisualStudio.TestTools.TestTypes.Unit.UnitTestAdapter" className="NpmTests.NpmSearchTests" name="CheckFirstPackageInCatalog" />
    </UnitTest>
    <UnitTest name="CheckLastPackageInCatalog_zzz" storage="c:\src\nodejstools\buildoutput\release14.0\tests\npmtests.dll" priority="0" id="0d2f2710-ae06-5e5e-ca6a-c70dac8cc9ed">
      <Execution id="40a6d04f-0d8f-4428-933d-4259bd3f84ee" />
      <TestMethod codeBase="C:\src\nodejstools\BuildOutput\Release14.0\Tests\NpmTests.dll" adapterTypeName="Microsoft.VisualStudio.TestTools.TestTypes.Unit.UnitTestAdapter" className="NpmTests.NpmSearchTests" name="CheckLastPackageInCatalog_zzz" />
    </UnitTest>
    <UnitTest name="CheckPackageEqualsInDescription" storage="c:\src\nodejstools\buildoutput\release14.0\tests\npmtests.dll" priority="0" id="f3d47fa3-669c-675b-0ea6-a07bacac405e">
      <Execution id="6b258015-1ebb-4427-86b6-c02cc1fe4e3f" />
      <TestMethod codeBase="C:\src\nodejstools\BuildOutput\Release14.0\Tests\NpmTests.dll" adapterTypeName="Microsoft.VisualStudio.TestTools.TestTypes.Unit.UnitTestAdapter" className="NpmTests.NpmSearchTests" name="CheckPackageEqualsInDescription" />
    </UnitTest>
    <UnitTest name="CheckPackageNoDescriptionAuthorVersion" storage="c:\src\nodejstools\buildoutput\release14.0\tests\npmtests.dll" priority="0" id="caab6c5d-bd4b-0ea7-0abe-bb73740d9420">
      <Execution id="0695c254-f5e3-4fdd-8492-38d66c0335e0" />
      <TestMethod codeBase="C:\src\nodejstools\BuildOutput\Release14.0\Tests\NpmTests.dll" adapterTypeName="Microsoft.VisualStudio.TestTools.TestTypes.Unit.UnitTestAdapter" className="NpmTests.NpmSearchTests" name="CheckPackageNoDescriptionAuthorVersion" />
    </UnitTest>
    <UnitTest name="CheckPackageNoDescription" storage="c:\src\nodejstools\buildoutput\release14.0\tests\npmtests.dll" priority="0" id="0d51abf0-f57a-8b00-3787-34539e0f9638">
      <Execution id="d483c486-8ce3-48e1-86d8-29df13923908" />
      <TestMethod codeBase="C:\src\nodejstools\BuildOutput\Release14.0\Tests\NpmTests.dll" adapterTypeName="Microsoft.VisualStudio.TestTools.TestTypes.Unit.UnitTestAdapter" className="NpmTests.NpmSearchTests" name="CheckPackageNoDescription" />
    </UnitTest>
    <UnitTest name="TestFilterString" storage="c:\src\nodejstools\buildoutput\release14.0\tests\npmtests.dll" priority="0" id="d082e58f-b1b6-1391-ef13-b7886a5eff2a">
      <Execution id="777e71d4-4935-492f-9eeb-b13133b44ed4" />
      <TestMethod codeBase="C:\src\nodejstools\BuildOutput\Release14.0\Tests\NpmTests.dll" adapterTypeName="Microsoft.VisualStudio.TestTools.TestTypes.Unit.UnitTestAdapter" className="NpmTests.NpmSearchTests" name="TestFilterString" />
    </UnitTest>
    <UnitTest name="TestFilterStringWithHyphens" storage="c:\src\nodejstools\buildoutput\release14.0\tests\npmtests.dll" priority="0" id="61ca962d-c626-73c0-7272-6a193a18d9a7">
      <Execution id="94ae5445-37fc-4c52-b556-eed84153f619" />
      <TestMethod codeBase="C:\src\nodejstools\BuildOutput\Release14.0\Tests\NpmTests.dll" adapterTypeName="Microsoft.VisualStudio.TestTools.TestTypes.Unit.UnitTestAdapter" className="NpmTests.NpmSearchTests" name="TestFilterStringWithHyphens" />
    </UnitTest>
    <UnitTest name="TestFilterRegex" storage="c:\src\nodejstools\buildoutput\release14.0\tests\npmtests.dll" priority="0" id="4abb6539-628d-4007-db61-c4c02c1a9c79">
      <Execution id="6600cda4-34bc-4413-bee5-40e864bab46b" />
      <TestMethod codeBase="C:\src\nodejstools\BuildOutput\Release14.0\Tests\NpmTests.dll" adapterTypeName="Microsoft.VisualStudio.TestTools.TestTypes.Unit.UnitTestAdapter" className="NpmTests.NpmSearchTests" name="TestFilterRegex" />
    </UnitTest>
    <UnitTest name="TestFilterRegexTrailingSlash" storage="c:\src\nodejstools\buildoutput\release14.0\tests\npmtests.dll" priority="0" id="9bd3114e-f50c-70d7-9bee-a4d2d1e0d727">
      <Execution id="ce44a7d4-56f2-4c83-923e-7cc8d2dc6013" />
      <TestMethod codeBase="C:\src\nodejstools\BuildOutput\Release14.0\Tests\NpmTests.dll" adapterTypeName="Microsoft.VisualStudio.TestTools.TestTypes.Unit.UnitTestAdapter" className="NpmTests.NpmSearchTests" name="TestFilterRegexTrailingSlash" />
    </UnitTest>
    <UnitTest name="TestReadEmptyDependenciesNotNull" storage="c:\src\nodejstools\buildoutput\release14.0\tests\npmtests.dll" priority="0" id="cee43c78-1ab9-d85c-39bb-3eb91ed8eddb">
      <Execution id="ff7996c2-3780-4af6-83f6-6abc1d3d4b32" />
      <TestMethod codeBase="C:\src\nodejstools\BuildOutput\Release14.0\Tests\NpmTests.dll" adapterTypeName="Microsoft.VisualStudio.TestTools.TestTypes.Unit.UnitTestAdapter" className="NpmTests.PackageJsonDependencyTests" name="TestReadEmptyDependenciesNotNull" />
    </UnitTest>
    <UnitTest name="TestReadEmptyDevDependenciesNotNull" storage="c:\src\nodejstools\buildoutput\release14.0\tests\npmtests.dll" priority="0" id="2fb99a04-f019-124d-7f3c-059fc1be05aa">
      <Execution id="eb68fdde-e6d3-4eb8-9dc8-6759d521b764" />
      <TestMethod codeBase="C:\src\nodejstools\BuildOutput\Release14.0\Tests\NpmTests.dll" adapterTypeName="Microsoft.VisualStudio.TestTools.TestTypes.Unit.UnitTestAdapter" className="NpmTests.PackageJsonDependencyTests" name="TestReadEmptyDevDependenciesNotNull" />
    </UnitTest>
    <UnitTest name="TestReadEmptyOptionalDependenciesNotNull" storage="c:\src\nodejstools\buildoutput\release14.0\tests\npmtests.dll" priority="0" id="4da5a06c-3a2f-4d52-452b-761f4cfa73d9">
      <Execution id="3c324830-8f18-4770-acad-8fab7c5e6cc4" />
      <TestMethod codeBase="C:\src\nodejstools\BuildOutput\Release14.0\Tests\NpmTests.dll" adapterTypeName="Microsoft.VisualStudio.TestTools.TestTypes.Unit.UnitTestAdapter" className="NpmTests.PackageJsonDependencyTests" name="TestReadEmptyOptionalDependenciesNotNull" />
    </UnitTest>
    <UnitTest name="TestReadDependenciesWithVersionRange" storage="c:\src\nodejstools\buildoutput\release14.0\tests\npmtests.dll" priority="0" id="96aef9d8-2aa3-bd9d-997a-38c0e1db10d2">
      <Execution id="898a847d-5529-49e6-9c0f-3db2548d93ed" />
      <TestMethod codeBase="C:\src\nodejstools\BuildOutput\Release14.0\Tests\NpmTests.dll" adapterTypeName="Microsoft.VisualStudio.TestTools.TestTypes.Unit.UnitTestAdapter" className="NpmTests.PackageJsonDependencyTests" name="TestReadDependenciesWithVersionRange" />
    </UnitTest>
    <UnitTest name="TestReadDependenciesWithUrls" storage="c:\src\nodejstools\buildoutput\release14.0\tests\npmtests.dll" priority="0" id="e615e1ef-b19d-1210-a305-5445ef62a83e">
      <Execution id="ea0e9001-41c2-45fe-9f41-eec76245b3e1" />
      <TestMethod codeBase="C:\src\nodejstools\BuildOutput\Release14.0\Tests\NpmTests.dll" adapterTypeName="Microsoft.VisualStudio.TestTools.TestTypes.Unit.UnitTestAdapter" className="NpmTests.PackageJsonDependencyTests" name="TestReadDependenciesWithUrls" />
    </UnitTest>
    <UnitTest name="TestReadDevDependenciesWithVersionRange" storage="c:\src\nodejstools\buildoutput\release14.0\tests\npmtests.dll" priority="0" id="5a856549-392c-0795-3b15-9468f7026c12">
      <Execution id="2483c2e3-c1c4-43df-805e-20df31692af6" />
      <TestMethod codeBase="C:\src\nodejstools\BuildOutput\Release14.0\Tests\NpmTests.dll" adapterTypeName="Microsoft.VisualStudio.TestTools.TestTypes.Unit.UnitTestAdapter" className="NpmTests.PackageJsonDependencyTests" name="TestReadDevDependenciesWithVersionRange" />
    </UnitTest>
    <UnitTest name="TestReadDevDependenciesWithUrls" storage="c:\src\nodejstools\buildoutput\release14.0\tests\npmtests.dll" priority="0" id="3d364d6a-d9bd-bfd4-38eb-e181ff36dddb">
      <Execution id="12bc6983-3d1e-4565-9375-37e9019330d5" />
      <TestMethod codeBase="C:\src\nodejstools\BuildOutput\Release14.0\Tests\NpmTests.dll" adapterTypeName="Microsoft.VisualStudio.TestTools.TestTypes.Unit.UnitTestAdapter" className="NpmTests.PackageJsonDependencyTests" name="TestReadDevDependenciesWithUrls" />
    </UnitTest>
    <UnitTest name="TestReadBundledDependencies" storage="c:\src\nodejstools\buildoutput\release14.0\tests\npmtests.dll" priority="0" id="b3641b2c-7761-acc5-3e13-8a20867b3b29">
      <Execution id="a4192d03-c665-430b-9f05-c0739057df96" />
      <TestMethod codeBase="C:\src\nodejstools\BuildOutput\Release14.0\Tests\NpmTests.dll" adapterTypeName="Microsoft.VisualStudio.TestTools.TestTypes.Unit.UnitTestAdapter" className="NpmTests.PackageJsonDependencyTests" name="TestReadBundledDependencies" />
    </UnitTest>
    <UnitTest name="TestReadBundleDependencies" storage="c:\src\nodejstools\buildoutput\release14.0\tests\npmtests.dll" priority="0" id="6dfd7718-5902-b5d9-e5d6-3a3fc650d808">
      <Execution id="e4d8e560-3129-41ab-9213-1eb648fa95e7" />
      <TestMethod codeBase="C:\src\nodejstools\BuildOutput\Release14.0\Tests\NpmTests.dll" adapterTypeName="Microsoft.VisualStudio.TestTools.TestTypes.Unit.UnitTestAdapter" className="NpmTests.PackageJsonDependencyTests" name="TestReadBundleDependencies" />
    </UnitTest>
    <UnitTest name="TestReadOptionalDependenciesWithVersionRange" storage="c:\src\nodejstools\buildoutput\release14.0\tests\npmtests.dll" priority="0" id="93f5d90e-e6be-10a9-c4e7-01e4aab1e002">
      <Execution id="4046c1f4-0e2b-4555-89a4-800f6db1065e" />
      <TestMethod codeBase="C:\src\nodejstools\BuildOutput\Release14.0\Tests\NpmTests.dll" adapterTypeName="Microsoft.VisualStudio.TestTools.TestTypes.Unit.UnitTestAdapter" className="NpmTests.PackageJsonDependencyTests" name="TestReadOptionalDependenciesWithVersionRange" />
    </UnitTest>
    <UnitTest name="TestReadOptionalDependenciesWithUrls" storage="c:\src\nodejstools\buildoutput\release14.0\tests\npmtests.dll" priority="0" id="e01f72dd-ea12-fa35-6033-525181b4b201">
      <Execution id="6079c0af-1d13-453b-b6c2-095812bf4dac" />
      <TestMethod codeBase="C:\src\nodejstools\BuildOutput\Release14.0\Tests\NpmTests.dll" adapterTypeName="Microsoft.VisualStudio.TestTools.TestTypes.Unit.UnitTestAdapter" className="NpmTests.PackageJsonDependencyTests" name="TestReadOptionalDependenciesWithUrls" />
    </UnitTest>
    <UnitTest name="TestReadAllDependencies" storage="c:\src\nodejstools\buildoutput\release14.0\tests\npmtests.dll" priority="0" id="1f9dd5b0-dc93-2f26-f82d-4a687c5e882b">
      <Execution id="a493598f-a4be-485e-876d-65129f011834" />
      <TestMethod codeBase="C:\src\nodejstools\BuildOutput\Release14.0\Tests\NpmTests.dll" adapterTypeName="Microsoft.VisualStudio.TestTools.TestTypes.Unit.UnitTestAdapter" className="NpmTests.PackageJsonDependencyTests" name="TestReadAllDependencies" />
    </UnitTest>
    <UnitTest name="TestReadNoNameNull" storage="c:\src\nodejstools\buildoutput\release14.0\tests\npmtests.dll" priority="0" id="612a9c5a-a79a-2680-681e-0b0ff9a1182a">
      <Execution id="cf086e82-7d6f-49dc-a569-b15a9b61c237" />
      <TestMethod codeBase="C:\src\nodejstools\BuildOutput\Release14.0\Tests\NpmTests.dll" adapterTypeName="Microsoft.VisualStudio.TestTools.TestTypes.Unit.UnitTestAdapter" className="NpmTests.PackageJsonTests" name="TestReadNoNameNull" />
    </UnitTest>
    <UnitTest name="TestReadNoVersionIsZeroed" storage="c:\src\nodejstools\buildoutput\release14.0\tests\npmtests.dll" priority="0" id="aee7d651-4231-31ea-4e82-568cf635c2f1">
      <Execution id="9eeb3017-8536-4840-88c9-e52ade3a3072" />
      <TestMethod codeBase="C:\src\nodejstools\BuildOutput\Release14.0\Tests\NpmTests.dll" adapterTypeName="Microsoft.VisualStudio.TestTools.TestTypes.Unit.UnitTestAdapter" className="NpmTests.PackageJsonTests" name="TestReadNoVersionIsZeroed" />
    </UnitTest>
    <UnitTest name="TestReadNameAndVersion" storage="c:\src\nodejstools\buildoutput\release14.0\tests\npmtests.dll" priority="0" id="2316a902-0561-db05-3d10-135a8509f7e1">
      <Execution id="5b6202aa-69ef-4ff6-8d08-9d58b5f6fa05" />
      <TestMethod codeBase="C:\src\nodejstools\BuildOutput\Release14.0\Tests\NpmTests.dll" adapterTypeName="Microsoft.VisualStudio.TestTools.TestTypes.Unit.UnitTestAdapter" className="NpmTests.PackageJsonTests" name="TestReadNameAndVersion" />
    </UnitTest>
    <UnitTest name="TestGetEmptyScripts" storage="c:\src\nodejstools\buildoutput\release14.0\tests\npmtests.dll" priority="0" id="2df4a4c5-c76a-aae2-ff4a-b66dac4bb652">
      <Execution id="f14ceea4-00cb-4837-9113-55fba573a0a8" />
      <TestMethod codeBase="C:\src\nodejstools\BuildOutput\Release14.0\Tests\NpmTests.dll" adapterTypeName="Microsoft.VisualStudio.TestTools.TestTypes.Unit.UnitTestAdapter" className="NpmTests.PackageJsonTests" name="TestGetEmptyScripts" />
    </UnitTest>
    <UnitTest name="TestReadSingleStartScript" storage="c:\src\nodejstools\buildoutput\release14.0\tests\npmtests.dll" priority="0" id="4c266ab8-ed0e-27b9-8283-b4ab7c00f89d">
      <Execution id="9d35e732-e552-494b-8abe-1babf0bd317f" />
      <TestMethod codeBase="C:\src\nodejstools\BuildOutput\Release14.0\Tests\NpmTests.dll" adapterTypeName="Microsoft.VisualStudio.TestTools.TestTypes.Unit.UnitTestAdapter" className="NpmTests.PackageJsonTests" name="TestReadSingleStartScript" />
    </UnitTest>
    <UnitTest name="TestReadNonExistentScriptsNull" storage="c:\src\nodejstools\buildoutput\release14.0\tests\npmtests.dll" priority="0" id="c915d10b-cbf5-f8ed-16f8-4f445dcee60c">
      <Execution id="5c9df653-4444-48fa-986d-df9a591e2830" />
      <TestMethod codeBase="C:\src\nodejstools\BuildOutput\Release14.0\Tests\NpmTests.dll" adapterTypeName="Microsoft.VisualStudio.TestTools.TestTypes.Unit.UnitTestAdapter" className="NpmTests.PackageJsonTests" name="TestReadNonExistentScriptsNull" />
    </UnitTest>
    <UnitTest name="TestReadNoDescriptionNull" storage="c:\src\nodejstools\buildoutput\release14.0\tests\npmtests.dll" priority="0" id="0cc481a1-adf6-a306-2201-856505c01506">
      <Execution id="17894d49-0c6e-4eb8-9b53-9cf3f5372a19" />
      <TestMethod codeBase="C:\src\nodejstools\BuildOutput\Release14.0\Tests\NpmTests.dll" adapterTypeName="Microsoft.VisualStudio.TestTools.TestTypes.Unit.UnitTestAdapter" className="NpmTests.PackageJsonTests" name="TestReadNoDescriptionNull" />
    </UnitTest>
    <UnitTest name="TestReadDescription" storage="c:\src\nodejstools\buildoutput\release14.0\tests\npmtests.dll" priority="0" id="b649100e-ef2c-efc0-44d7-0815ac43ff31">
      <Execution id="5738518d-a402-400e-a79f-d61847079869" />
      <TestMethod codeBase="C:\src\nodejstools\BuildOutput\Release14.0\Tests\NpmTests.dll" adapterTypeName="Microsoft.VisualStudio.TestTools.TestTypes.Unit.UnitTestAdapter" className="NpmTests.PackageJsonTests" name="TestReadDescription" />
    </UnitTest>
    <UnitTest name="TestReadEmptyKeywordsCountZero" storage="c:\src\nodejstools\buildoutput\release14.0\tests\npmtests.dll" priority="0" id="f8be625b-22ad-382c-8ac6-5941ab38c1d1">
      <Execution id="bf64663e-2a5e-4c13-a088-0fb4824abd90" />
      <TestMethod codeBase="C:\src\nodejstools\BuildOutput\Release14.0\Tests\NpmTests.dll" adapterTypeName="Microsoft.VisualStudio.TestTools.TestTypes.Unit.UnitTestAdapter" className="NpmTests.PackageJsonTests" name="TestReadEmptyKeywordsCountZero" />
    </UnitTest>
    <UnitTest name="TestEnumerationOverKeywords" storage="c:\src\nodejstools\buildoutput\release14.0\tests\npmtests.dll" priority="0" id="8e831d1f-e948-c86c-9afd-ec34394df259">
      <Execution id="db6a7b9c-0bd2-4a98-9e29-460e43884f03" />
      <TestMethod codeBase="C:\src\nodejstools\BuildOutput\Release14.0\Tests\NpmTests.dll" adapterTypeName="Microsoft.VisualStudio.TestTools.TestTypes.Unit.UnitTestAdapter" className="NpmTests.PackageJsonTests" name="TestEnumerationOverKeywords" />
    </UnitTest>
    <UnitTest name="TestReadNoHomepageEmpty" storage="c:\src\nodejstools\buildoutput\release14.0\tests\npmtests.dll" priority="0" id="6d887583-4787-f787-0206-5c5999d3a1f3">
      <Execution id="2958e99f-79a6-44da-90a6-f7de271d7be7" />
      <TestMethod codeBase="C:\src\nodejstools\BuildOutput\Release14.0\Tests\NpmTests.dll" adapterTypeName="Microsoft.VisualStudio.TestTools.TestTypes.Unit.UnitTestAdapter" className="NpmTests.PackageJsonTests" name="TestReadNoHomepageEmpty" />
    </UnitTest>
    <UnitTest name="TestReadHomepageCompliant" storage="c:\src\nodejstools\buildoutput\release14.0\tests\npmtests.dll" priority="0" id="c3625320-86e0-2c4f-d59a-cdc3e9358b5e">
      <Execution id="d8b0edfb-b039-4ad3-a4dd-3137211191c6" />
      <TestMethod codeBase="C:\src\nodejstools\BuildOutput\Release14.0\Tests\NpmTests.dll" adapterTypeName="Microsoft.VisualStudio.TestTools.TestTypes.Unit.UnitTestAdapter" className="NpmTests.PackageJsonTests" name="TestReadHomepageCompliant" />
    </UnitTest>
    <UnitTest name="TestReadHomepageNonCompliant" storage="c:\src\nodejstools\buildoutput\release14.0\tests\npmtests.dll" priority="0" id="08bd0d41-f625-aa4b-e583-c45aafe14071">
      <Execution id="30e720f5-7482-495a-9861-91eb8316d4a2" />
      <TestMethod codeBase="C:\src\nodejstools\BuildOutput\Release14.0\Tests\NpmTests.dll" adapterTypeName="Microsoft.VisualStudio.TestTools.TestTypes.Unit.UnitTestAdapter" className="NpmTests.PackageJsonTests" name="TestReadHomepageNonCompliant" />
    </UnitTest>
    <UnitTest name="TestReadNoBugsNull" storage="c:\src\nodejstools\buildoutput\release14.0\tests\npmtests.dll" priority="0" id="0dca7304-8de1-2960-ff84-f8d5222012b3">
      <Execution id="421b925f-9d6d-4bb1-beba-aede1875fd25" />
      <TestMethod codeBase="C:\src\nodejstools\BuildOutput\Release14.0\Tests\NpmTests.dll" adapterTypeName="Microsoft.VisualStudio.TestTools.TestTypes.Unit.UnitTestAdapter" className="NpmTests.PackageJsonTests" name="TestReadNoBugsNull" />
    </UnitTest>
    <UnitTest name="TestReadBugsUrlOnly" storage="c:\src\nodejstools\buildoutput\release14.0\tests\npmtests.dll" priority="0" id="d8fe9e0f-b132-514d-d5f1-12d63b5abbc8">
      <Execution id="1c89f6da-121d-4c44-b946-51dbe0e6868c" />
      <TestMethod codeBase="C:\src\nodejstools\BuildOutput\Release14.0\Tests\NpmTests.dll" adapterTypeName="Microsoft.VisualStudio.TestTools.TestTypes.Unit.UnitTestAdapter" className="NpmTests.PackageJsonTests" name="TestReadBugsUrlOnly" />
    </UnitTest>
    <UnitTest name="TestReadBugsUrlAndEmailCompliant" storage="c:\src\nodejstools\buildoutput\release14.0\tests\npmtests.dll" priority="0" id="fd10b652-13a6-1c6f-1b4c-3a1c733ea803">
      <Execution id="5a7614a5-bfdf-4758-b241-3aec1b00644c" />
      <TestMethod codeBase="C:\src\nodejstools\BuildOutput\Release14.0\Tests\NpmTests.dll" adapterTypeName="Microsoft.VisualStudio.TestTools.TestTypes.Unit.UnitTestAdapter" className="NpmTests.PackageJsonTests" name="TestReadBugsUrlAndEmailCompliant" />
    </UnitTest>
    <UnitTest name="TestReadBugsUrlAndEmailNonCompliant" storage="c:\src\nodejstools\buildoutput\release14.0\tests\npmtests.dll" priority="0" id="8b02e057-ea28-58a1-81f3-90b7cd83f52a">
      <Execution id="ff6be88f-6007-49a8-982b-ab8a460b0a12" />
      <TestMethod codeBase="C:\src\nodejstools\BuildOutput\Release14.0\Tests\NpmTests.dll" adapterTypeName="Microsoft.VisualStudio.TestTools.TestTypes.Unit.UnitTestAdapter" className="NpmTests.PackageJsonTests" name="TestReadBugsUrlAndEmailNonCompliant" />
    </UnitTest>
    <UnitTest name="TestReadNoLicensesEmpty" storage="c:\src\nodejstools\buildoutput\release14.0\tests\npmtests.dll" priority="0" id="1208b1d4-eb88-7bae-0f3c-f8de4f655efa">
      <Execution id="4d5fb57d-49c7-41ee-884e-c953ab5671b7" />
      <TestMethod codeBase="C:\src\nodejstools\BuildOutput\Release14.0\Tests\NpmTests.dll" adapterTypeName="Microsoft.VisualStudio.TestTools.TestTypes.Unit.UnitTestAdapter" className="NpmTests.PackageJsonTests" name="TestReadNoLicensesEmpty" />
    </UnitTest>
    <UnitTest name="TestReadLicensesTypeOnly" storage="c:\src\nodejstools\buildoutput\release14.0\tests\npmtests.dll" priority="0" id="99102c86-5ca8-439f-4614-a42a58bba986">
      <Execution id="135dd826-eec9-4d94-a6a1-9df65406d2fb" />
      <TestMethod codeBase="C:\src\nodejstools\BuildOutput\Release14.0\Tests\NpmTests.dll" adapterTypeName="Microsoft.VisualStudio.TestTools.TestTypes.Unit.UnitTestAdapter" className="NpmTests.PackageJsonTests" name="TestReadLicensesTypeOnly" />
    </UnitTest>
    <UnitTest name="ReadLicensesTypeAndUrl" storage="c:\src\nodejstools\buildoutput\release14.0\tests\npmtests.dll" priority="0" id="847e7a8b-4eb7-770a-6539-d054e70a297d">
      <Execution id="cc63bc7a-629e-4b7a-a2f7-7a3659633c32" />
      <TestMethod codeBase="C:\src\nodejstools\BuildOutput\Release14.0\Tests\NpmTests.dll" adapterTypeName="Microsoft.VisualStudio.TestTools.TestTypes.Unit.UnitTestAdapter" className="NpmTests.PackageJsonTests" name="ReadLicensesTypeAndUrl" />
    </UnitTest>
    <UnitTest name="TestReadEmptyFilesEmpty" storage="c:\src\nodejstools\buildoutput\release14.0\tests\npmtests.dll" priority="0" id="5398bb5d-6cec-7ec8-c50a-d027059fecde">
      <Execution id="e4152e7c-d72f-4f02-8147-6f65d3747422" />
      <TestMethod codeBase="C:\src\nodejstools\BuildOutput\Release14.0\Tests\NpmTests.dll" adapterTypeName="Microsoft.VisualStudio.TestTools.TestTypes.Unit.UnitTestAdapter" className="NpmTests.PackageJsonTests" name="TestReadEmptyFilesEmpty" />
    </UnitTest>
    <UnitTest name="TestReadFiles" storage="c:\src\nodejstools\buildoutput\release14.0\tests\npmtests.dll" priority="0" id="96a5a966-9a6b-79ca-dd86-a1cdc6c02546">
      <Execution id="65de08d9-9d05-4492-bc16-2c4752677231" />
      <TestMethod codeBase="C:\src\nodejstools\BuildOutput\Release14.0\Tests\NpmTests.dll" adapterTypeName="Microsoft.VisualStudio.TestTools.TestTypes.Unit.UnitTestAdapter" className="NpmTests.PackageJsonTests" name="TestReadFiles" />
    </UnitTest>
    <UnitTest name="TestReadEmptyManEmpty" storage="c:\src\nodejstools\buildoutput\release14.0\tests\npmtests.dll" priority="0" id="52182bae-8318-2d3e-a3ec-4811e32ccbef">
      <Execution id="9198df12-7ef1-423d-af60-7bcb7b122351" />
      <TestMethod codeBase="C:\src\nodejstools\BuildOutput\Release14.0\Tests\NpmTests.dll" adapterTypeName="Microsoft.VisualStudio.TestTools.TestTypes.Unit.UnitTestAdapter" className="NpmTests.PackageJsonTests" name="TestReadEmptyManEmpty" />
    </UnitTest>
    <UnitTest name="TestReadSingleMan" storage="c:\src\nodejstools\buildoutput\release14.0\tests\npmtests.dll" priority="0" id="e452d9c3-4fac-d387-8bff-164e08e448c5">
      <Execution id="e8b085c0-4e93-404a-a306-6298f7d2a9d3" />
      <TestMethod codeBase="C:\src\nodejstools\BuildOutput\Release14.0\Tests\NpmTests.dll" adapterTypeName="Microsoft.VisualStudio.TestTools.TestTypes.Unit.UnitTestAdapter" className="NpmTests.PackageJsonTests" name="TestReadSingleMan" />
    </UnitTest>
    <UnitTest name="TestReadMultiMan" storage="c:\src\nodejstools\buildoutput\release14.0\tests\npmtests.dll" priority="0" id="a15ad1d2-9655-4c73-8864-506152640e1c">
      <Execution id="d7a65707-b138-4b56-a4ff-c37bbd6f191a" />
      <TestMethod codeBase="C:\src\nodejstools\BuildOutput\Release14.0\Tests\NpmTests.dll" adapterTypeName="Microsoft.VisualStudio.TestTools.TestTypes.Unit.UnitTestAdapter" className="NpmTests.PackageJsonTests" name="TestReadMultiMan" />
    </UnitTest>
    <UnitTest name="TestReadEmptyAuthor" storage="c:\src\nodejstools\buildoutput\release14.0\tests\npmtests.dll" priority="0" id="3ba9c7e9-2f6d-f353-523c-ae71ae500f97">
      <Execution id="70f24303-64c8-432e-97a3-d1429cca5460" />
      <TestMethod codeBase="C:\src\nodejstools\BuildOutput\Release14.0\Tests\NpmTests.dll" adapterTypeName="Microsoft.VisualStudio.TestTools.TestTypes.Unit.UnitTestAdapter" className="NpmTests.PackageJsonTests" name="TestReadEmptyAuthor" />
    </UnitTest>
    <UnitTest name="TestReadMisspelledAuthor" storage="c:\src\nodejstools\buildoutput\release14.0\tests\npmtests.dll" priority="0" id="c46fcdf7-96c1-4b42-799a-f2aa80a9b8e1">
      <Execution id="e715e508-d663-4727-9302-da7fa2b1f95d" />
      <TestMethod codeBase="C:\src\nodejstools\BuildOutput\Release14.0\Tests\NpmTests.dll" adapterTypeName="Microsoft.VisualStudio.TestTools.TestTypes.Unit.UnitTestAdapter" className="NpmTests.PackageJsonTests" name="TestReadMisspelledAuthor" />
    </UnitTest>
    <UnitTest name="TestReadSingleAuthorField" storage="c:\src\nodejstools\buildoutput\release14.0\tests\npmtests.dll" priority="0" id="1b057198-87c5-7bab-8f9b-6283f73cf978">
      <Execution id="01f11e2a-91d0-4b9b-891e-22ca8dd2e972" />
      <TestMethod codeBase="C:\src\nodejstools\BuildOutput\Release14.0\Tests\NpmTests.dll" adapterTypeName="Microsoft.VisualStudio.TestTools.TestTypes.Unit.UnitTestAdapter" className="NpmTests.PackageJsonTests" name="TestReadSingleAuthorField" />
    </UnitTest>
    <UnitTest name="TestReadAuthorCompliant" storage="c:\src\nodejstools\buildoutput\release14.0\tests\npmtests.dll" priority="0" id="c7a6d8ab-6ba0-c88a-8e01-c0a004a42dd6">
      <Execution id="b3d291b3-b78d-45bc-84e9-7bda14d3df80" />
      <TestMethod codeBase="C:\src\nodejstools\BuildOutput\Release14.0\Tests\NpmTests.dll" adapterTypeName="Microsoft.VisualStudio.TestTools.TestTypes.Unit.UnitTestAdapter" className="NpmTests.PackageJsonTests" name="TestReadAuthorCompliant" />
    </UnitTest>
    <UnitTest name="TestReadAuthorNonCompliant" storage="c:\src\nodejstools\buildoutput\release14.0\tests\npmtests.dll" priority="0" id="c6c24dde-9337-bc40-ca39-2316fdc9cd58">
      <Execution id="a1e3d2f8-a86e-46f4-8805-c9628a060028" />
      <TestMethod codeBase="C:\src\nodejstools\BuildOutput\Release14.0\Tests\NpmTests.dll" adapterTypeName="Microsoft.VisualStudio.TestTools.TestTypes.Unit.UnitTestAdapter" className="NpmTests.PackageJsonTests" name="TestReadAuthorNonCompliant" />
    </UnitTest>
    <UnitTest name="TestFreshPackageJsonParseFromResource" storage="c:\src\nodejstools\buildoutput\release14.0\tests\npmtests.dll" priority="0" id="9a2e1a77-821b-c2ba-a010-af51a5b0cd9a">
      <Execution id="38f3e7ad-06c5-4ab3-af0e-5b9e4ec6b1ea" />
      <TestMethod codeBase="C:\src\nodejstools\BuildOutput\Release14.0\Tests\NpmTests.dll" adapterTypeName="Microsoft.VisualStudio.TestTools.TestTypes.Unit.UnitTestAdapter" className="NpmTests.ProblematicPackageJsonTests" name="TestFreshPackageJsonParseFromResource" />
    </UnitTest>
    <UnitTest name="TestFreshPackageParseFromFile" storage="c:\src\nodejstools\buildoutput\release14.0\tests\npmtests.dll" priority="0" id="bb27d5b9-4e56-c5e1-74f6-236f92784c70">
      <Execution id="633b7739-15b4-4106-b63c-a5b832fdb1d1" />
      <TestMethod codeBase="C:\src\nodejstools\BuildOutput\Release14.0\Tests\NpmTests.dll" adapterTypeName="Microsoft.VisualStudio.TestTools.TestTypes.Unit.UnitTestAdapter" className="NpmTests.ProblematicPackageJsonTests" name="TestFreshPackageParseFromFile" />
    </UnitTest>
    <UnitTest name="TestParseDoubleColon" storage="c:\src\nodejstools\buildoutput\release14.0\tests\npmtests.dll" priority="0" id="11f1b741-e871-7c90-f4d3-ecfcedfda3cb">
      <Execution id="d09f4b5e-6562-495f-9a1e-da5f32692404" />
      <TestMethod codeBase="C:\src\nodejstools\BuildOutput\Release14.0\Tests\NpmTests.dll" adapterTypeName="Microsoft.VisualStudio.TestTools.TestTypes.Unit.UnitTestAdapter" className="NpmTests.ProblematicPackageJsonTests" name="TestParseDoubleColon" />
    </UnitTest>
    <UnitTest name="TestParseDoubleComma" storage="c:\src\nodejstools\buildoutput\release14.0\tests\npmtests.dll" priority="0" id="73bdc766-4617-4c64-2405-71fbcc2e4d8d">
      <Execution id="a5dd24b9-b5cb-4063-a1f5-c78bbefbea9f" />
      <TestMethod codeBase="C:\src\nodejstools\BuildOutput\Release14.0\Tests\NpmTests.dll" adapterTypeName="Microsoft.VisualStudio.TestTools.TestTypes.Unit.UnitTestAdapter" className="NpmTests.ProblematicPackageJsonTests" name="TestParseDoubleComma" />
    </UnitTest>
    <UnitTest name="TestParseDuplicateProperty" storage="c:\src\nodejstools\buildoutput\release14.0\tests\npmtests.dll" priority="0" id="9803970c-5983-c010-fed9-c88a185b5eaa">
      <Execution id="1a4e2d16-d2b5-4d8b-9fda-ecc31717fe5b" />
      <TestMethod codeBase="C:\src\nodejstools\BuildOutput\Release14.0\Tests\NpmTests.dll" adapterTypeName="Microsoft.VisualStudio.TestTools.TestTypes.Unit.UnitTestAdapter" className="NpmTests.ProblematicPackageJsonTests" name="TestParseDuplicateProperty" />
    </UnitTest>
    <UnitTest name="TestParseLeadingBrace" storage="c:\src\nodejstools\buildoutput\release14.0\tests\npmtests.dll" priority="0" id="08350966-d1ba-a24c-fb8d-35c788c71021">
      <Execution id="1e9c4e96-8f44-4d59-88fd-823cdde0b8ef" />
      <TestMethod codeBase="C:\src\nodejstools\BuildOutput\Release14.0\Tests\NpmTests.dll" adapterTypeName="Microsoft.VisualStudio.TestTools.TestTypes.Unit.UnitTestAdapter" className="NpmTests.ProblematicPackageJsonTests" name="TestParseLeadingBrace" />
    </UnitTest>
    <UnitTest name="TestParseLeadingLetter" storage="c:\src\nodejstools\buildoutput\release14.0\tests\npmtests.dll" priority="0" id="7d18a086-ba1d-61e7-71c6-8cfec5d4766b">
      <Execution id="c7298623-de50-41ae-bf5f-f13f912c1218" />
      <TestMethod codeBase="C:\src\nodejstools\BuildOutput\Release14.0\Tests\NpmTests.dll" adapterTypeName="Microsoft.VisualStudio.TestTools.TestTypes.Unit.UnitTestAdapter" className="NpmTests.ProblematicPackageJsonTests" name="TestParseLeadingLetter" />
    </UnitTest>
    <UnitTest name="TestParseLeadingSquareBrace" storage="c:\src\nodejstools\buildoutput\release14.0\tests\npmtests.dll" priority="0" id="31e71473-ceba-aaa7-99af-8c53e14fcfa3">
      <Execution id="cc2a7946-bddb-460d-b3e4-6d1eaaf62a7d" />
      <TestMethod codeBase="C:\src\nodejstools\BuildOutput\Release14.0\Tests\NpmTests.dll" adapterTypeName="Microsoft.VisualStudio.TestTools.TestTypes.Unit.UnitTestAdapter" className="NpmTests.ProblematicPackageJsonTests" name="TestParseLeadingSquareBrace" />
    </UnitTest>
    <UnitTest name="TestParseMissingColon" storage="c:\src\nodejstools\buildoutput\release14.0\tests\npmtests.dll" priority="0" id="7a408984-97eb-1d15-98a6-50c774498209">
      <Execution id="c38dd8a1-09ec-4e2f-98a7-73c2791e59dc" />
      <TestMethod codeBase="C:\src\nodejstools\BuildOutput\Release14.0\Tests\NpmTests.dll" adapterTypeName="Microsoft.VisualStudio.TestTools.TestTypes.Unit.UnitTestAdapter" className="NpmTests.ProblematicPackageJsonTests" name="TestParseMissingColon" />
    </UnitTest>
    <UnitTest name="TestParseMissingComma" storage="c:\src\nodejstools\buildoutput\release14.0\tests\npmtests.dll" priority="0" id="3d84b318-e41f-b5ae-8259-50e0b5006c57">
      <Execution id="3ec18038-0e48-408c-a198-c5b638c02839" />
      <TestMethod codeBase="C:\src\nodejstools\BuildOutput\Release14.0\Tests\NpmTests.dll" adapterTypeName="Microsoft.VisualStudio.TestTools.TestTypes.Unit.UnitTestAdapter" className="NpmTests.ProblematicPackageJsonTests" name="TestParseMissingComma" />
    </UnitTest>
    <UnitTest name="TestParseMissingLeadingBrace" storage="c:\src\nodejstools\buildoutput\release14.0\tests\npmtests.dll" priority="0" id="af1f6268-92c2-05ff-fc09-0d07feebb2b4">
      <Execution id="af69ba3d-ee66-45a6-8dbb-6ab67e20dce0" />
      <TestMethod codeBase="C:\src\nodejstools\BuildOutput\Release14.0\Tests\NpmTests.dll" adapterTypeName="Microsoft.VisualStudio.TestTools.TestTypes.Unit.UnitTestAdapter" className="NpmTests.ProblematicPackageJsonTests" name="TestParseMissingLeadingBrace" />
    </UnitTest>
    <UnitTest name="TestParseMissingLeadingListBrace" storage="c:\src\nodejstools\buildoutput\release14.0\tests\npmtests.dll" priority="0" id="ddefb7bf-518f-c469-a303-09e9f6980668">
      <Execution id="81f1d7ee-8218-449f-ab51-414a2d2a9d08" />
      <TestMethod codeBase="C:\src\nodejstools\BuildOutput\Release14.0\Tests\NpmTests.dll" adapterTypeName="Microsoft.VisualStudio.TestTools.TestTypes.Unit.UnitTestAdapter" className="NpmTests.ProblematicPackageJsonTests" name="TestParseMissingLeadingListBrace" />
    </UnitTest>
    <UnitTest name="TestParseMissingLeadingPropNameQuote" storage="c:\src\nodejstools\buildoutput\release14.0\tests\npmtests.dll" priority="0" id="40243725-2f8d-ba09-a442-192d1e6ae173">
      <Execution id="ac3882a2-ee57-4e3e-90fd-c7200aae1cf1" />
      <TestMethod codeBase="C:\src\nodejstools\BuildOutput\Release14.0\Tests\NpmTests.dll" adapterTypeName="Microsoft.VisualStudio.TestTools.TestTypes.Unit.UnitTestAdapter" className="NpmTests.ProblematicPackageJsonTests" name="TestParseMissingLeadingPropNameQuote" />
    </UnitTest>
    <UnitTest name="TestParseMissingOnePropNameQuote" storage="c:\src\nodejstools\buildoutput\release14.0\tests\npmtests.dll" priority="0" id="910a85b6-b866-b40b-af66-7bbf7e1d238a">
      <Execution id="f195176f-817f-4517-bf76-ff2469a5a1b9" />
      <TestMethod codeBase="C:\src\nodejstools\BuildOutput\Release14.0\Tests\NpmTests.dll" adapterTypeName="Microsoft.VisualStudio.TestTools.TestTypes.Unit.UnitTestAdapter" className="NpmTests.ProblematicPackageJsonTests" name="TestParseMissingOnePropNameQuote" />
    </UnitTest>
    <UnitTest name="TestParseMissingPropNameQuotes" storage="c:\src\nodejstools\buildoutput\release14.0\tests\npmtests.dll" priority="0" id="10bac0d7-3d7d-994a-b097-f8df16017c50">
      <Execution id="1206ba0a-610e-447f-9ad2-326dc3edfa40" />
      <TestMethod codeBase="C:\src\nodejstools\BuildOutput\Release14.0\Tests\NpmTests.dll" adapterTypeName="Microsoft.VisualStudio.TestTools.TestTypes.Unit.UnitTestAdapter" className="NpmTests.ProblematicPackageJsonTests" name="TestParseMissingPropNameQuotes" />
    </UnitTest>
    <UnitTest name="TestParseMissingTrailingBrace" storage="c:\src\nodejstools\buildoutput\release14.0\tests\npmtests.dll" priority="0" id="970472ec-ea9b-ff60-f4d4-bfc3ed02d343">
      <Execution id="0be2a368-a513-4651-9bb6-4b773a2f777f" />
      <TestMethod codeBase="C:\src\nodejstools\BuildOutput\Release14.0\Tests\NpmTests.dll" adapterTypeName="Microsoft.VisualStudio.TestTools.TestTypes.Unit.UnitTestAdapter" className="NpmTests.ProblematicPackageJsonTests" name="TestParseMissingTrailingBrace" />
    </UnitTest>
    <UnitTest name="TestParseMissingTrailingListBrace" storage="c:\src\nodejstools\buildoutput\release14.0\tests\npmtests.dll" priority="0" id="36faaf9f-e571-58d2-5e8f-553ec99e6043">
      <Execution id="e346d8c2-5656-4dd1-8b9b-5dca9e8fabfc" />
      <TestMethod codeBase="C:\src\nodejstools\BuildOutput\Release14.0\Tests\NpmTests.dll" adapterTypeName="Microsoft.VisualStudio.TestTools.TestTypes.Unit.UnitTestAdapter" className="NpmTests.ProblematicPackageJsonTests" name="TestParseMissingTrailingListBrace" />
    </UnitTest>
    <UnitTest name="TestParseUnescapedQuote" storage="c:\src\nodejstools\buildoutput\release14.0\tests\npmtests.dll" priority="0" id="151408db-bfb9-188e-1f4e-394cf16a8ffc">
      <Execution id="a1300b17-0f44-4dae-b629-99feecbef7ae" />
      <TestMethod codeBase="C:\src\nodejstools\BuildOutput\Release14.0\Tests\NpmTests.dll" adapterTypeName="Microsoft.VisualStudio.TestTools.TestTypes.Unit.UnitTestAdapter" className="NpmTests.ProblematicPackageJsonTests" name="TestParseUnescapedQuote" />
    </UnitTest>
    <UnitTest name="TestParseCppStyleComment_WorkItem563" storage="c:\src\nodejstools\buildoutput\release14.0\tests\npmtests.dll" priority="0" id="d28dcb1e-d821-f39a-d2eb-3734eca44c7d">
      <Execution id="2975d037-c2c6-46c7-bb2c-d94cdbe02603" />
      <TestMethod codeBase="C:\src\nodejstools\BuildOutput\Release14.0\Tests\NpmTests.dll" adapterTypeName="Microsoft.VisualStudio.TestTools.TestTypes.Unit.UnitTestAdapter" className="NpmTests.ProblematicPackageJsonTests" name="TestParseCppStyleComment_WorkItem563" />
    </UnitTest>
    <UnitTest name="TestParseFromEveryCharValue" storage="c:\src\nodejstools\buildoutput\release14.0\tests\npmtests.dll" priority="0" id="f70dfc68-2357-a302-29c1-fb22c760ce6d">
      <Execution id="0718367e-c712-4bfc-9f8e-75ee98bdc7e9" />
      <TestMethod codeBase="C:\src\nodejstools\BuildOutput\Release14.0\Tests\NpmTests.dll" adapterTypeName="Microsoft.VisualStudio.TestTools.TestTypes.Unit.UnitTestAdapter" className="NpmTests.ProblematicPackageJsonTests" name="TestParseFromEveryCharValue" />
    </UnitTest>
    <UnitTest name="VeryEvilRandom1CharCorruptionTest" storage="c:\src\nodejstools\buildoutput\release14.0\tests\npmtests.dll" priority="0" id="003c64c8-4a86-0276-8750-0a42d21f0ace">
      <Execution id="9a931188-c63c-45e1-b5fc-60f5a506049a" />
      <TestMethod codeBase="C:\src\nodejstools\BuildOutput\Release14.0\Tests\NpmTests.dll" adapterTypeName="Microsoft.VisualStudio.TestTools.TestTypes.Unit.UnitTestAdapter" className="NpmTests.ProblematicPackageJsonTests" name="VeryEvilRandom1CharCorruptionTest" />
    </UnitTest>
    <UnitTest name="VeryEvilRandom1CharInsertionTest" storage="c:\src\nodejstools\buildoutput\release14.0\tests\npmtests.dll" priority="0" id="11488d0f-449b-9c31-fe94-50d4efa3bf59">
      <Execution id="d3ee4f1e-b873-4193-be01-89e92f091864" />
      <TestMethod codeBase="C:\src\nodejstools\BuildOutput\Release14.0\Tests\NpmTests.dll" adapterTypeName="Microsoft.VisualStudio.TestTools.TestTypes.Unit.UnitTestAdapter" className="NpmTests.ProblematicPackageJsonTests" name="VeryEvilRandom1CharInsertionTest" />
    </UnitTest>
    <UnitTest name="TestBasicMajorMinorPatchVersion" storage="c:\src\nodejstools\buildoutput\release14.0\tests\npmtests.dll" priority="0" id="2c869f34-4318-af79-faa5-9b54b43dcc4c">
      <Execution id="4447e313-6469-4fff-a55f-44b237c60c0d" />
      <TestMethod codeBase="C:\src\nodejstools\BuildOutput\Release14.0\Tests\NpmTests.dll" adapterTypeName="Microsoft.VisualStudio.TestTools.TestTypes.Unit.UnitTestAdapter" className="NpmTests.SemverVersionTests" name="TestBasicMajorMinorPatchVersion" />
    </UnitTest>
    <UnitTest name="TestNegativeMajorVersionFails" storage="c:\src\nodejstools\buildoutput\release14.0\tests\npmtests.dll" priority="0" id="b46ff703-3873-e0c8-0a82-158d90372b0d">
      <Execution id="0d48c4a9-a01b-4d07-a060-21ccf23053c2" />
      <TestMethod codeBase="C:\src\nodejstools\BuildOutput\Release14.0\Tests\NpmTests.dll" adapterTypeName="Microsoft.VisualStudio.TestTools.TestTypes.Unit.UnitTestAdapter" className="NpmTests.SemverVersionTests" name="TestNegativeMajorVersionFails" />
    </UnitTest>
    <UnitTest name="TestNegativeMinorVersionFails" storage="c:\src\nodejstools\buildoutput\release14.0\tests\npmtests.dll" priority="0" id="1e17b633-d46d-7c5b-1a51-489946f340c9">
      <Execution id="878dd5ea-9bbd-4a97-9fa8-fe1b853c3fea" />
      <TestMethod codeBase="C:\src\nodejstools\BuildOutput\Release14.0\Tests\NpmTests.dll" adapterTypeName="Microsoft.VisualStudio.TestTools.TestTypes.Unit.UnitTestAdapter" className="NpmTests.SemverVersionTests" name="TestNegativeMinorVersionFails" />
    </UnitTest>
    <UnitTest name="TestNegativePatchVersionFails" storage="c:\src\nodejstools\buildoutput\release14.0\tests\npmtests.dll" priority="0" id="e12063d4-6699-bcf4-224b-2217971f75b3">
      <Execution id="84830cff-15f9-4229-bc28-5c5fcc2dc5ae" />
      <TestMethod codeBase="C:\src\nodejstools\BuildOutput\Release14.0\Tests\NpmTests.dll" adapterTypeName="Microsoft.VisualStudio.TestTools.TestTypes.Unit.UnitTestAdapter" className="NpmTests.SemverVersionTests" name="TestNegativePatchVersionFails" />
    </UnitTest>
    <UnitTest name="TestNonNumericMajorVersionFails" storage="c:\src\nodejstools\buildoutput\release14.0\tests\npmtests.dll" priority="0" id="0a65a0bf-d30d-50fa-f95e-6135820f9f1a">
      <Execution id="15098d35-134f-43fa-a82d-8a8d6b452082" />
      <TestMethod codeBase="C:\src\nodejstools\BuildOutput\Release14.0\Tests\NpmTests.dll" adapterTypeName="Microsoft.VisualStudio.TestTools.TestTypes.Unit.UnitTestAdapter" className="NpmTests.SemverVersionTests" name="TestNonNumericMajorVersionFails" />
    </UnitTest>
    <UnitTest name="TestNonNumericMinorVersionFails" storage="c:\src\nodejstools\buildoutput\release14.0\tests\npmtests.dll" priority="0" id="b3338a60-f811-3a94-fd8a-d0e401935d51">
      <Execution id="4197eee0-ead1-4356-bffa-e8d670580803" />
      <TestMethod codeBase="C:\src\nodejstools\BuildOutput\Release14.0\Tests\NpmTests.dll" adapterTypeName="Microsoft.VisualStudio.TestTools.TestTypes.Unit.UnitTestAdapter" className="NpmTests.SemverVersionTests" name="TestNonNumericMinorVersionFails" />
    </UnitTest>
    <UnitTest name="TestNonNumericPatchVersionFails" storage="c:\src\nodejstools\buildoutput\release14.0\tests\npmtests.dll" priority="0" id="bbe92c24-4cc1-c504-4716-b4cd468f2bef">
      <Execution id="971e301e-0aa2-4820-8dbd-698ceab4876c" />
      <TestMethod codeBase="C:\src\nodejstools\BuildOutput\Release14.0\Tests\NpmTests.dll" adapterTypeName="Microsoft.VisualStudio.TestTools.TestTypes.Unit.UnitTestAdapter" className="NpmTests.SemverVersionTests" name="TestNonNumericPatchVersionFails" />
    </UnitTest>
    <UnitTest name="TestAlphaPreRelease" storage="c:\src\nodejstools\buildoutput\release14.0\tests\npmtests.dll" priority="0" id="8dec194b-9e62-4893-54fd-16f609ca0d66">
      <Execution id="19ae424e-6a1a-4282-bb19-a67f862d562e" />
      <TestMethod codeBase="C:\src\nodejstools\BuildOutput\Release14.0\Tests\NpmTests.dll" adapterTypeName="Microsoft.VisualStudio.TestTools.TestTypes.Unit.UnitTestAdapter" className="NpmTests.SemverVersionTests" name="TestAlphaPreRelease" />
    </UnitTest>
    <UnitTest name="TestNumericPreRelease" storage="c:\src\nodejstools\buildoutput\release14.0\tests\npmtests.dll" priority="0" id="d069fe4a-af4a-a344-edaf-992c43119212">
      <Execution id="b843790f-8f22-46ee-bb01-21533ae4ef06" />
      <TestMethod codeBase="C:\src\nodejstools\BuildOutput\Release14.0\Tests\NpmTests.dll" adapterTypeName="Microsoft.VisualStudio.TestTools.TestTypes.Unit.UnitTestAdapter" className="NpmTests.SemverVersionTests" name="TestNumericPreRelease" />
    </UnitTest>
    <UnitTest name="TestPreReleaseHyphenatedIdentifier" storage="c:\src\nodejstools\buildoutput\release14.0\tests\npmtests.dll" priority="0" id="b8b20976-fcf8-aa4a-f9e3-c2966050d18c">
      <Execution id="7aafae59-a5fe-49b3-bf02-8a70da28114e" />
      <TestMethod codeBase="C:\src\nodejstools\BuildOutput\Release14.0\Tests\NpmTests.dll" adapterTypeName="Microsoft.VisualStudio.TestTools.TestTypes.Unit.UnitTestAdapter" className="NpmTests.SemverVersionTests" name="TestPreReleaseHyphenatedIdentifier" />
    </UnitTest>
    <UnitTest name="TestPreReleaseHyphenatedIdentifierWithoutVersion" storage="c:\src\nodejstools\buildoutput\release14.0\tests\npmtests.dll" priority="0" id="f115463b-6e94-e2d1-7771-08f6267565d7">
      <Execution id="1ec663ac-0af7-4e84-badb-c7eeae69ab82" />
      <TestMethod codeBase="C:\src\nodejstools\BuildOutput\Release14.0\Tests\NpmTests.dll" adapterTypeName="Microsoft.VisualStudio.TestTools.TestTypes.Unit.UnitTestAdapter" className="NpmTests.SemverVersionTests" name="TestPreReleaseHyphenatedIdentifierWithoutVersion" />
    </UnitTest>
    <UnitTest name="TestPreReleaseAndBuildMetadata" storage="c:\src\nodejstools\buildoutput\release14.0\tests\npmtests.dll" priority="0" id="e7fa4b72-03ea-300a-6421-bd4543624ee5">
      <Execution id="42c194a5-a746-4763-afe2-801afa7c343f" />
      <TestMethod codeBase="C:\src\nodejstools\BuildOutput\Release14.0\Tests\NpmTests.dll" adapterTypeName="Microsoft.VisualStudio.TestTools.TestTypes.Unit.UnitTestAdapter" className="NpmTests.SemverVersionTests" name="TestPreReleaseAndBuildMetadata" />
    </UnitTest>
    <UnitTest name="TestBuildMetadataOnly" storage="c:\src\nodejstools\buildoutput\release14.0\tests\npmtests.dll" priority="0" id="df70ad9d-18a0-9408-48d1-0c092e7b4036">
      <Execution id="083c4205-1b57-4163-8143-d98c19a448cf" />
      <TestMethod codeBase="C:\src\nodejstools\BuildOutput\Release14.0\Tests\NpmTests.dll" adapterTypeName="Microsoft.VisualStudio.TestTools.TestTypes.Unit.UnitTestAdapter" className="NpmTests.SemverVersionTests" name="TestBuildMetadataOnly" />
    </UnitTest>
    <UnitTest name="NewProfilingSession" storage="c:\src\nodejstools\buildoutput\release14.0\tests\nodejsprofilinguitests.dll" priority="0" id="2c5a31cc-0b19-38a8-7ac0-3ba3604d198b">
      <Execution id="041c8306-f3a9-4ead-b371-ea4f3ed50bc8" />
      <TestMethod codeBase="C:\src\nodejstools\BuildOutput\Release14.0\Tests\NodejsProfilingUITests.dll" adapterTypeName="Microsoft.VisualStudio.TestTools.TestTypes.Unit.UnitTestAdapter" className="ProfilingUITests.ProfilingTests" name="NewProfilingSession" />
    </UnitTest>
    <UnitTest name="TestStartAnalysisDebugMenu" storage="c:\src\nodejstools\buildoutput\release14.0\tests\nodejsprofilinguitests.dll" priority="0" id="eb8e744e-b877-b982-6451-f22819f58eb1">
      <Execution id="b75f0ba1-a4fd-494a-a9df-de60aaccc015" />
      <TestMethod codeBase="C:\src\nodejstools\BuildOutput\Release14.0\Tests\NodejsProfilingUITests.dll" adapterTypeName="Microsoft.VisualStudio.TestTools.TestTypes.Unit.UnitTestAdapter" className="ProfilingUITests.ProfilingTests" name="TestStartAnalysisDebugMenu" />
    </UnitTest>
    <UnitTest name="TestStartAnalysisDebugMenuNoProject" storage="c:\src\nodejstools\buildoutput\release14.0\tests\nodejsprofilinguitests.dll" priority="0" id="f8b0b4c1-8d0a-e14e-c049-36cba8cbaa34">
      <Execution id="7a153d20-aa74-48ea-a0ed-c7204dd58182" />
      <TestMethod codeBase="C:\src\nodejstools\BuildOutput\Release14.0\Tests\NodejsProfilingUITests.dll" adapterTypeName="Microsoft.VisualStudio.TestTools.TestTypes.Unit.UnitTestAdapter" className="ProfilingUITests.ProfilingTests" name="TestStartAnalysisDebugMenuNoProject" />
    </UnitTest>
    <UnitTest name="LaunchNewProfilingSession" storage="c:\src\nodejstools\buildoutput\release14.0\tests\nodejsprofilinguitests.dll" priority="0" id="2d39e397-748d-e4b3-ea2c-770c654017b2">
      <Execution id="613c848d-9e37-48aa-b03b-76f8463cbf55" />
      <TestMethod codeBase="C:\src\nodejstools\BuildOutput\Release14.0\Tests\NodejsProfilingUITests.dll" adapterTypeName="Microsoft.VisualStudio.TestTools.TestTypes.Unit.UnitTestAdapter" className="ProfilingUITests.ProfilingTests" name="LaunchNewProfilingSession" />
    </UnitTest>
    <UnitTest name="TestMultipleSessions" storage="c:\src\nodejstools\buildoutput\release14.0\tests\nodejsprofilinguitests.dll" priority="0" id="dbf38a5b-eb06-0f9e-5343-b2fa38e50b82">
      <Execution id="e8140825-fe21-485e-8757-6a140e30279f" />
      <TestMethod codeBase="C:\src\nodejstools\BuildOutput\Release14.0\Tests\NodejsProfilingUITests.dll" adapterTypeName="Microsoft.VisualStudio.TestTools.TestTypes.Unit.UnitTestAdapter" className="ProfilingUITests.ProfilingTests" name="TestMultipleSessions" />
    </UnitTest>
    <UnitTest name="TestMultipleSessions2" storage="c:\src\nodejstools\buildoutput\release14.0\tests\nodejsprofilinguitests.dll" priority="0" id="c53b4648-fee0-b980-9e86-bce3ab08b5c5">
      <Execution id="c7fce297-fa06-403a-b753-b7a07caec01c" />
      <TestMethod codeBase="C:\src\nodejstools\BuildOutput\Release14.0\Tests\NodejsProfilingUITests.dll" adapterTypeName="Microsoft.VisualStudio.TestTools.TestTypes.Unit.UnitTestAdapter" className="ProfilingUITests.ProfilingTests" name="TestMultipleSessions2" />
    </UnitTest>
    <UnitTest name="NewProfilingSessionOpenSolution" storage="c:\src\nodejstools\buildoutput\release14.0\tests\nodejsprofilinguitests.dll" priority="0" id="72393cfa-d098-2c01-102a-4198f5b33d37">
      <Execution id="3496c5ab-e54b-4660-a739-85dc81bef4db" />
      <TestMethod codeBase="C:\src\nodejstools\BuildOutput\Release14.0\Tests\NodejsProfilingUITests.dll" adapterTypeName="Microsoft.VisualStudio.TestTools.TestTypes.Unit.UnitTestAdapter" className="ProfilingUITests.ProfilingTests" name="NewProfilingSessionOpenSolution" />
    </UnitTest>
    <UnitTest name="LaunchNodejsProfilingWizard" storage="c:\src\nodejstools\buildoutput\release14.0\tests\nodejsprofilinguitests.dll" priority="0" id="f0ea267b-b8c7-573f-4c8a-a9954e5529e8">
      <Execution id="53a99845-41b1-4363-817e-f67dc55b67a2" />
      <TestMethod codeBase="C:\src\nodejstools\BuildOutput\Release14.0\Tests\NodejsProfilingUITests.dll" adapterTypeName="Microsoft.VisualStudio.TestTools.TestTypes.Unit.UnitTestAdapter" className="ProfilingUITests.ProfilingTests" name="LaunchNodejsProfilingWizard" />
    </UnitTest>
    <UnitTest name="LaunchProject" storage="c:\src\nodejstools\buildoutput\release14.0\tests\nodejsprofilinguitests.dll" priority="0" id="c2a5f3be-cac0-e31f-a956-16031d76302d">
      <Execution id="ae5c933b-2ea2-4d48-b151-0dd854b7712f" />
      <TestMethod codeBase="C:\src\nodejstools\BuildOutput\Release14.0\Tests\NodejsProfilingUITests.dll" adapterTypeName="Microsoft.VisualStudio.TestTools.TestTypes.Unit.UnitTestAdapter" className="ProfilingUITests.ProfilingTests" name="LaunchProject" />
    </UnitTest>
    <UnitTest name="LaunchMappedProject" storage="c:\src\nodejstools\buildoutput\release14.0\tests\nodejsprofilinguitests.dll" priority="0" id="944d81f0-b7c1-c8f9-9059-67f805b05aed">
      <Execution id="6f89e10c-abbb-4b4e-ad49-c813bab2bbaa" />
      <TestMethod codeBase="C:\src\nodejstools\BuildOutput\Release14.0\Tests\NodejsProfilingUITests.dll" adapterTypeName="Microsoft.VisualStudio.TestTools.TestTypes.Unit.UnitTestAdapter" className="ProfilingUITests.ProfilingTests" name="LaunchMappedProject" />
    </UnitTest>
    <UnitTest name="LaunchMappedProjectNeedsBuild" storage="c:\src\nodejstools\buildoutput\release14.0\tests\nodejsprofilinguitests.dll" priority="0" id="d144914a-1912-09ae-330a-1f9a77f14caa">
      <Execution id="f8712051-c42f-4ad7-b18b-e7376ea177f5" />
      <TestMethod codeBase="C:\src\nodejstools\BuildOutput\Release14.0\Tests\NodejsProfilingUITests.dll" adapterTypeName="Microsoft.VisualStudio.TestTools.TestTypes.Unit.UnitTestAdapter" className="ProfilingUITests.ProfilingTests" name="LaunchMappedProjectNeedsBuild" />
    </UnitTest>
    <UnitTest name="LaunchMappedProjectNeedsBuildWithErrors" storage="c:\src\nodejstools\buildoutput\release14.0\tests\nodejsprofilinguitests.dll" priority="0" id="cc8345f8-0dd4-ba54-e719-afef66d1f409">
      <Execution id="0dbe32bf-500d-4c3c-b007-36f649d1afe5" />
      <TestMethod codeBase="C:\src\nodejstools\BuildOutput\Release14.0\Tests\NodejsProfilingUITests.dll" adapterTypeName="Microsoft.VisualStudio.TestTools.TestTypes.Unit.UnitTestAdapter" className="ProfilingUITests.ProfilingTests" name="LaunchMappedProjectNeedsBuildWithErrors" />
    </UnitTest>
    <UnitTest name="TestSaveDirtySession" storage="c:\src\nodejstools\buildoutput\release14.0\tests\nodejsprofilinguitests.dll" priority="0" id="f246502f-942a-0833-7a2a-823b05a231bd">
      <Execution id="9a4f8b86-6671-4fca-a3e9-dbecc3ed46c3" />
      <TestMethod codeBase="C:\src\nodejstools\BuildOutput\Release14.0\Tests\NodejsProfilingUITests.dll" adapterTypeName="Microsoft.VisualStudio.TestTools.TestTypes.Unit.UnitTestAdapter" className="ProfilingUITests.ProfilingTests" name="TestSaveDirtySession" />
    </UnitTest>
    <UnitTest name="TestDeleteReport" storage="c:\src\nodejstools\buildoutput\release14.0\tests\nodejsprofilinguitests.dll" priority="0" id="16f2ff03-cc34-32f4-f1a7-7424fc439607">
      <Execution id="d986d5b3-195f-48b1-8b38-92454c1c1fb1" />
      <TestMethod codeBase="C:\src\nodejstools\BuildOutput\Release14.0\Tests\NodejsProfilingUITests.dll" adapterTypeName="Microsoft.VisualStudio.TestTools.TestTypes.Unit.UnitTestAdapter" className="ProfilingUITests.ProfilingTests" name="TestDeleteReport" />
    </UnitTest>
    <UnitTest name="TestCompareReports" storage="c:\src\nodejstools\buildoutput\release14.0\tests\nodejsprofilinguitests.dll" priority="0" id="d946dfe6-b622-998a-f976-75e9d61be387">
      <Execution id="fad18b59-f498-413e-b338-0e46af2e0799" />
      <TestMethod codeBase="C:\src\nodejstools\BuildOutput\Release14.0\Tests\NodejsProfilingUITests.dll" adapterTypeName="Microsoft.VisualStudio.TestTools.TestTypes.Unit.UnitTestAdapter" className="ProfilingUITests.ProfilingTests" name="TestCompareReports" />
    </UnitTest>
    <UnitTest name="TestRemoveReport" storage="c:\src\nodejstools\buildoutput\release14.0\tests\nodejsprofilinguitests.dll" priority="0" id="add9e8cc-6ae8-2ae7-32b3-0782b1b8beeb">
      <Execution id="03624211-5ffd-4861-b992-a8905103cf65" />
      <TestMethod codeBase="C:\src\nodejstools\BuildOutput\Release14.0\Tests\NodejsProfilingUITests.dll" adapterTypeName="Microsoft.VisualStudio.TestTools.TestTypes.Unit.UnitTestAdapter" className="ProfilingUITests.ProfilingTests" name="TestRemoveReport" />
    </UnitTest>
    <UnitTest name="TestOpenReport" storage="c:\src\nodejstools\buildoutput\release14.0\tests\nodejsprofilinguitests.dll" priority="0" id="7a3073a9-cdf6-e3a0-21e6-fde194430900">
      <Execution id="9674fbc0-9b90-4c9e-9506-9161b48299f4" />
      <TestMethod codeBase="C:\src\nodejstools\BuildOutput\Release14.0\Tests\NodejsProfilingUITests.dll" adapterTypeName="Microsoft.VisualStudio.TestTools.TestTypes.Unit.UnitTestAdapter" className="ProfilingUITests.ProfilingTests" name="TestOpenReport" />
    </UnitTest>
    <UnitTest name="TestOpenReportCtxMenu" storage="c:\src\nodejstools\buildoutput\release14.0\tests\nodejsprofilinguitests.dll" priority="0" id="6a85b7f4-913a-466f-4dda-f1d43fb534a6">
      <Execution id="aef74502-8b24-4de2-ac86-baee6e2e705f" />
      <TestMethod codeBase="C:\src\nodejstools\BuildOutput\Release14.0\Tests\NodejsProfilingUITests.dll" adapterTypeName="Microsoft.VisualStudio.TestTools.TestTypes.Unit.UnitTestAdapter" className="ProfilingUITests.ProfilingTests" name="TestOpenReportCtxMenu" />
    </UnitTest>
    <UnitTest name="TestTargetPropertiesForProject" storage="c:\src\nodejstools\buildoutput\release14.0\tests\nodejsprofilinguitests.dll" priority="0" id="2e06d026-a7d1-43a5-89f1-96c282244167">
      <Execution id="fcffa096-546f-4ec9-b5f2-bd45a940bea4" />
      <TestMethod codeBase="C:\src\nodejstools\BuildOutput\Release14.0\Tests\NodejsProfilingUITests.dll" adapterTypeName="Microsoft.VisualStudio.TestTools.TestTypes.Unit.UnitTestAdapter" className="ProfilingUITests.ProfilingTests" name="TestTargetPropertiesForProject" />
    </UnitTest>
    <UnitTest name="TestTargetPropertiesForExecutable" storage="c:\src\nodejstools\buildoutput\release14.0\tests\nodejsprofilinguitests.dll" priority="0" id="12320801-442f-8a81-2f02-ed8c78eeb661">
      <Execution id="3640e169-8717-4665-be71-3967528eea8e" />
      <TestMethod codeBase="C:\src\nodejstools\BuildOutput\Release14.0\Tests\NodejsProfilingUITests.dll" adapterTypeName="Microsoft.VisualStudio.TestTools.TestTypes.Unit.UnitTestAdapter" className="ProfilingUITests.ProfilingTests" name="TestTargetPropertiesForExecutable" />
    </UnitTest>
    <UnitTest name="TestStopProfiling" storage="c:\src\nodejstools\buildoutput\release14.0\tests\nodejsprofilinguitests.dll" priority="0" id="0da930c6-efb0-31e0-ecc1-f8aad2ef0e55">
      <Execution id="b9940474-8dc9-48d2-ad4f-281ae4486a65" />
      <TestMethod codeBase="C:\src\nodejstools\BuildOutput\Release14.0\Tests\NodejsProfilingUITests.dll" adapterTypeName="Microsoft.VisualStudio.TestTools.TestTypes.Unit.UnitTestAdapter" className="ProfilingUITests.ProfilingTests" name="TestStopProfiling" />
    </UnitTest>
    <UnitTest name="TestTwoProfilesAtTheSameTime" storage="c:\src\nodejstools\buildoutput\release14.0\tests\nodejsprofilinguitests.dll" priority="0" id="ea05d7c0-c789-4379-caf4-bf2bf7511cf0">
      <Execution id="53815046-9e54-4b2a-8e01-97da24fa35e0" />
      <TestMethod codeBase="C:\src\nodejstools\BuildOutput\Release14.0\Tests\NodejsProfilingUITests.dll" adapterTypeName="Microsoft.VisualStudio.TestTools.TestTypes.Unit.UnitTestAdapter" className="ProfilingUITests.ProfilingTests" name="TestTwoProfilesAtTheSameTime" />
    </UnitTest>
    <UnitTest name="MultipleTargets" storage="c:\src\nodejstools\buildoutput\release14.0\tests\nodejsprofilinguitests.dll" priority="0" id="7a30adba-4f18-1a26-3919-3f32ce4fb7fc">
      <Execution id="56511c84-1dc3-4852-9e4a-7db88f393c28" />
      <TestMethod codeBase="C:\src\nodejstools\BuildOutput\Release14.0\Tests\NodejsProfilingUITests.dll" adapterTypeName="Microsoft.VisualStudio.TestTools.TestTypes.Unit.UnitTestAdapter" className="ProfilingUITests.ProfilingTests" name="MultipleTargets" />
    </UnitTest>
    <UnitTest name="MultipleTargetsWithProjectHome" storage="c:\src\nodejstools\buildoutput\release14.0\tests\nodejsprofilinguitests.dll" priority="0" id="9bd4135c-3dbf-ecc2-eaf2-a3416122658b">
      <Execution id="6cc86ead-16d3-4637-9f32-88b837a2850d" />
      <TestMethod codeBase="C:\src\nodejstools\BuildOutput\Release14.0\Tests\NodejsProfilingUITests.dll" adapterTypeName="Microsoft.VisualStudio.TestTools.TestTypes.Unit.UnitTestAdapter" className="ProfilingUITests.ProfilingTests" name="MultipleTargetsWithProjectHome" />
    </UnitTest>
    <UnitTest name="MultipleReports" storage="c:\src\nodejstools\buildoutput\release14.0\tests\nodejsprofilinguitests.dll" priority="0" id="8a1989dd-efd3-b098-f100-151983cdb010">
      <Execution id="7cde6dba-e40e-4873-82fe-52ecb1e72c3e" />
      <TestMethod codeBase="C:\src\nodejstools\BuildOutput\Release14.0\Tests\NodejsProfilingUITests.dll" adapterTypeName="Microsoft.VisualStudio.TestTools.TestTypes.Unit.UnitTestAdapter" className="ProfilingUITests.ProfilingTests" name="MultipleReports" />
    </UnitTest>
    <UnitTest name="LaunchExecutable" storage="c:\src\nodejstools\buildoutput\release14.0\tests\nodejsprofilinguitests.dll" priority="0" id="f829f137-073b-7172-3c57-c6cb2536f437">
      <Execution id="10d779f3-c9ae-4df0-8a7b-71b9cbf1aefe" />
      <TestMethod codeBase="C:\src\nodejstools\BuildOutput\Release14.0\Tests\NodejsProfilingUITests.dll" adapterTypeName="Microsoft.VisualStudio.TestTools.TestTypes.Unit.UnitTestAdapter" className="ProfilingUITests.ProfilingTests" name="LaunchExecutable" />
    </UnitTest>
    <UnitTest name="TestJustMyCode" storage="c:\src\nodejstools\buildoutput\release14.0\tests\nodejsprofilinguitests.dll" priority="0" id="457c4681-ba1b-e232-c6df-13871bd45077">
      <Execution id="4394bc09-9688-49dc-ae2e-4e36623f01cc" />
      <TestMethod codeBase="C:\src\nodejstools\BuildOutput\Release14.0\Tests\NodejsProfilingUITests.dll" adapterTypeName="Microsoft.VisualStudio.TestTools.TestTypes.Unit.UnitTestAdapter" className="ProfilingUITests.ProfilingTests" name="TestJustMyCode" />
    </UnitTest>
    <UnitTest name="TestJustMyCodeOff" storage="c:\src\nodejstools\buildoutput\release14.0\tests\nodejsprofilinguitests.dll" priority="0" id="2db4df56-59ac-ff62-6619-958e6299dea2">
      <Execution id="51fdc0e7-f0d4-4891-a9da-bc001b5cb456" />
      <TestMethod codeBase="C:\src\nodejstools\BuildOutput\Release14.0\Tests\NodejsProfilingUITests.dll" adapterTypeName="Microsoft.VisualStudio.TestTools.TestTypes.Unit.UnitTestAdapter" className="ProfilingUITests.ProfilingTests" name="TestJustMyCodeOff" />
    </UnitTest>
    <UnitTest name="TestProjectProperties" storage="c:\src\nodejstools\buildoutput\release14.0\tests\nodejsprofilinguitests.dll" priority="0" id="6388c4f5-2257-c27b-5f33-207f37e60a91">
      <Execution id="43c5f1c6-107b-42cd-a05a-af03cc2fa144" />
      <TestMethod codeBase="C:\src\nodejstools\BuildOutput\Release14.0\Tests\NodejsProfilingUITests.dll" adapterTypeName="Microsoft.VisualStudio.TestTools.TestTypes.Unit.UnitTestAdapter" className="ProfilingUITests.ProfilingTests" name="TestProjectProperties" />
    </UnitTest>
    <UnitTest name="TestBrowserLaunch" storage="c:\src\nodejstools\buildoutput\release14.0\tests\nodejsprofilinguitests.dll" priority="0" id="42b77325-2a93-5b25-3110-653047c2672f">
      <Execution id="3a884e22-1dcf-4b09-b04f-07418c73d58b" />
      <TestMethod codeBase="C:\src\nodejstools\BuildOutput\Release14.0\Tests\NodejsProfilingUITests.dll" adapterTypeName="Microsoft.VisualStudio.TestTools.TestTypes.Unit.UnitTestAdapter" className="ProfilingUITests.ProfilingTests" name="TestBrowserLaunch" />
    </UnitTest>
    <UnitTest name="OutliningToplevelFunctionDefinitions" storage="c:\src\nodejstools\buildoutput\release14.0\tests\nodejs.tests.ui.dll" priority="0" id="80f16799-5f3f-8ba6-4444-2869b6c67fc9">
      <Execution id="fdae3465-f58b-4da1-9e83-2d8923633a30" />
      <TestMethod codeBase="C:\src\nodejstools\BuildOutput\Release14.0\Tests\Nodejs.Tests.UI.dll" adapterTypeName="Microsoft.VisualStudio.TestTools.TestTypes.Unit.UnitTestAdapter" className="NodejsTests.OutliningTests" name="OutliningToplevelFunctionDefinitions" />
    </UnitTest>
    <UnitTest name="OutliningNestedFunctionDefinitions" storage="c:\src\nodejstools\buildoutput\release14.0\tests\nodejs.tests.ui.dll" priority="0" id="e835fedc-ccbc-7d28-19e5-3fa0182c3056">
      <Execution id="c4fcc708-858d-47f1-8b9a-4cc94eedc30f" />
      <TestMethod codeBase="C:\src\nodejstools\BuildOutput\Release14.0\Tests\Nodejs.Tests.UI.dll" adapterTypeName="Microsoft.VisualStudio.TestTools.TestTypes.Unit.UnitTestAdapter" className="NodejsTests.OutliningTests" name="OutliningNestedFunctionDefinitions" />
    </UnitTest>
    <UnitTest name="OutliningBadInput" storage="c:\src\nodejstools\buildoutput\release14.0\tests\nodejs.tests.ui.dll" priority="0" id="ff1991eb-aab7-2f63-e2c2-9e2d50746f00">
      <Execution id="6b190ded-f0d2-462b-aeff-d27e0005ecd0" />
      <TestMethod codeBase="C:\src\nodejstools\BuildOutput\Release14.0\Tests\Nodejs.Tests.UI.dll" adapterTypeName="Microsoft.VisualStudio.TestTools.TestTypes.Unit.UnitTestAdapter" className="NodejsTests.OutliningTests" name="OutliningBadInput" />
    </UnitTest>
    <UnitTest name="UpdateWebRoleServiceDefinitionInVS" storage="c:\src\nodejstools\buildoutput\release14.0\tests\nodejs.tests.ui.dll" priority="0" id="22821a0c-aea3-85b2-7c06-cc5c05d86ada">
      <Execution id="2d4ab8af-38b4-4619-98f7-ef1ee563b008" />
      <TestMethod codeBase="C:\src\nodejstools\BuildOutput\Release14.0\Tests\Nodejs.Tests.UI.dll" adapterTypeName="Microsoft.VisualStudio.TestTools.TestTypes.Unit.UnitTestAdapter" className="Microsoft.Nodejs.Tests.UI.AzureProjectTests" name="UpdateWebRoleServiceDefinitionInVS" />
    </UnitTest>
    <UnitTest name="UpdateWorkerRoleServiceDefinitionInVS" storage="c:\src\nodejstools\buildoutput\release14.0\tests\nodejs.tests.ui.dll" priority="0" id="24f14941-93f5-89a1-6bda-083f1896bf2e">
      <Execution id="37379159-c90a-4f83-8bcd-d269707ee87a" />
      <TestMethod codeBase="C:\src\nodejstools\BuildOutput\Release14.0\Tests\Nodejs.Tests.UI.dll" adapterTypeName="Microsoft.VisualStudio.TestTools.TestTypes.Unit.UnitTestAdapter" className="Microsoft.Nodejs.Tests.UI.AzureProjectTests" name="UpdateWorkerRoleServiceDefinitionInVS" />
    </UnitTest>
    <UnitTest name="UpdateWebRoleServiceDefinitionInVSDocumentOpen" storage="c:\src\nodejstools\buildoutput\release14.0\tests\nodejs.tests.ui.dll" priority="0" id="be8bd2db-c8ae-646a-52b3-07eecce9ab5f">
      <Execution id="317059c9-b892-4170-9aa6-2c678dd80fee" />
      <TestMethod codeBase="C:\src\nodejstools\BuildOutput\Release14.0\Tests\Nodejs.Tests.UI.dll" adapterTypeName="Microsoft.VisualStudio.TestTools.TestTypes.Unit.UnitTestAdapter" className="Microsoft.Nodejs.Tests.UI.AzureProjectTests" name="UpdateWebRoleServiceDefinitionInVSDocumentOpen" />
    </UnitTest>
    <UnitTest name="UpdateWorkerRoleServiceDefinitionInVSDocumentOpen" storage="c:\src\nodejstools\buildoutput\release14.0\tests\nodejs.tests.ui.dll" priority="0" id="c06c250b-2339-1237-6e9a-c2f9c67c7a5d">
      <Execution id="84af3a5a-4287-47df-8d42-df2931abb8f9" />
      <TestMethod codeBase="C:\src\nodejstools\BuildOutput\Release14.0\Tests\Nodejs.Tests.UI.dll" adapterTypeName="Microsoft.VisualStudio.TestTools.TestTypes.Unit.UnitTestAdapter" className="Microsoft.Nodejs.Tests.UI.AzureProjectTests" name="UpdateWorkerRoleServiceDefinitionInVSDocumentOpen" />
    </UnitTest>
    <UnitTest name="CtrlSpace" storage="c:\src\nodejstools\buildoutput\release14.0\tests\nodejs.tests.ui.dll" priority="0" id="bc0b8b14-9c83-b3f1-bc3b-4e83358045b8">
      <Execution id="b501b667-4eb0-4935-9eec-51b07ca00c70" />
      <TestMethod codeBase="C:\src\nodejstools\BuildOutput\Release14.0\Tests\Nodejs.Tests.UI.dll" adapterTypeName="Microsoft.VisualStudio.TestTools.TestTypes.Unit.UnitTestAdapter" className="Microsoft.Nodejs.Tests.UI.BasicIntellisense" name="CtrlSpace" />
    </UnitTest>
    <UnitTest name="ProcessStdinIntellisense" storage="c:\src\nodejstools\buildoutput\release14.0\tests\nodejs.tests.ui.dll" priority="0" id="8cf09ca7-891b-299f-4326-cee9d6eb8384">
      <Execution id="96811a99-f6b4-4b9b-86d8-f5b203034004" />
      <TestMethod codeBase="C:\src\nodejstools\BuildOutput\Release14.0\Tests\Nodejs.Tests.UI.dll" adapterTypeName="Microsoft.VisualStudio.TestTools.TestTypes.Unit.UnitTestAdapter" className="Microsoft.Nodejs.Tests.UI.BasicIntellisense" name="ProcessStdinIntellisense" />
    </UnitTest>
    <UnitTest name="ReferenceIntellisense" storage="c:\src\nodejstools\buildoutput\release14.0\tests\nodejs.tests.ui.dll" priority="0" id="9d48d609-21ef-ad0d-11b4-2fd1413353c8">
      <Execution id="f89d2c32-6909-4d58-83ba-b4630db1ba28" />
      <TestMethod codeBase="C:\src\nodejstools\BuildOutput\Release14.0\Tests\Nodejs.Tests.UI.dll" adapterTypeName="Microsoft.VisualStudio.TestTools.TestTypes.Unit.UnitTestAdapter" className="Microsoft.Nodejs.Tests.UI.BasicIntellisense" name="ReferenceIntellisense" />
    </UnitTest>
    <UnitTest name="NodeModulesPackageJsonFolder" storage="c:\src\nodejstools\buildoutput\release14.0\tests\nodejs.tests.ui.dll" priority="0" id="ff3b4e0c-ca93-e6f9-196b-1d1552719510">
      <Execution id="b93c8d0d-2fa8-4540-bc79-6e6a23bb1346" />
      <TestMethod codeBase="C:\src\nodejstools\BuildOutput\Release14.0\Tests\Nodejs.Tests.UI.dll" adapterTypeName="Microsoft.VisualStudio.TestTools.TestTypes.Unit.UnitTestAdapter" className="Microsoft.Nodejs.Tests.UI.BasicIntellisense" name="NodeModulesPackageJsonFolder" />
    </UnitTest>
    <UnitTest name="SignaturesTest" storage="c:\src\nodejstools\buildoutput\release14.0\tests\nodejs.tests.ui.dll" priority="0" id="4bf86921-9817-489b-af6e-71146a5a4d1c">
      <Execution id="839c2692-d3ff-41ef-80dd-e7411759cedc" />
      <TestMethod codeBase="C:\src\nodejstools\BuildOutput\Release14.0\Tests\Nodejs.Tests.UI.dll" adapterTypeName="Microsoft.VisualStudio.TestTools.TestTypes.Unit.UnitTestAdapter" className="Microsoft.Nodejs.Tests.UI.BasicIntellisense" name="SignaturesTest" />
    </UnitTest>
    <UnitTest name="IntellisenseAfterNewLine" storage="c:\src\nodejstools\buildoutput\release14.0\tests\nodejs.tests.ui.dll" priority="0" id="7f8f5bd2-401f-4508-9d19-0ad25042b943">
      <Execution id="fc1ddea9-bf6a-4c83-beaa-984b5153bcdf" />
      <TestMethod codeBase="C:\src\nodejstools\BuildOutput\Release14.0\Tests\Nodejs.Tests.UI.dll" adapterTypeName="Microsoft.VisualStudio.TestTools.TestTypes.Unit.UnitTestAdapter" className="Microsoft.Nodejs.Tests.UI.BasicIntellisense" name="IntellisenseAfterNewLine" />
    </UnitTest>
    <UnitTest name="IntellisenseAfterNewLine2" storage="c:\src\nodejstools\buildoutput\release14.0\tests\nodejs.tests.ui.dll" priority="0" id="0ac06de9-18a0-1e7d-757f-6655ca54200a">
      <Execution id="da71c1d4-4c92-48c9-a94d-8778ce1c754a" />
      <TestMethod codeBase="C:\src\nodejstools\BuildOutput\Release14.0\Tests\Nodejs.Tests.UI.dll" adapterTypeName="Microsoft.VisualStudio.TestTools.TestTypes.Unit.UnitTestAdapter" className="Microsoft.Nodejs.Tests.UI.BasicIntellisense" name="IntellisenseAfterNewLine2" />
    </UnitTest>
    <UnitTest name="IntellisenseAfterSingleLineComment" storage="c:\src\nodejstools\buildoutput\release14.0\tests\nodejs.tests.ui.dll" priority="0" id="b7d832b4-5239-78f3-3d2a-416fd6659442">
      <Execution id="4f73362b-aa4c-4214-a4e8-d3ab4d618cd3" />
      <TestMethod codeBase="C:\src\nodejstools\BuildOutput\Release14.0\Tests\Nodejs.Tests.UI.dll" adapterTypeName="Microsoft.VisualStudio.TestTools.TestTypes.Unit.UnitTestAdapter" className="Microsoft.Nodejs.Tests.UI.BasicIntellisense" name="IntellisenseAfterSingleLineComment" />
    </UnitTest>
    <UnitTest name="IntellisenseAfterMultiLineComment" storage="c:\src\nodejstools\buildoutput\release14.0\tests\nodejs.tests.ui.dll" priority="0" id="d880b54d-03bf-19e5-1b1c-04006779550a">
      <Execution id="20ef9ad2-29ee-478a-b9a0-cda41af01b75" />
      <TestMethod codeBase="C:\src\nodejstools\BuildOutput\Release14.0\Tests\Nodejs.Tests.UI.dll" adapterTypeName="Microsoft.VisualStudio.TestTools.TestTypes.Unit.UnitTestAdapter" className="Microsoft.Nodejs.Tests.UI.BasicIntellisense" name="IntellisenseAfterMultiLineComment" />
    </UnitTest>
    <UnitTest name="IntellisenseAfterEmptyCompletionContextKeywords" storage="c:\src\nodejstools\buildoutput\release14.0\tests\nodejs.tests.ui.dll" priority="0" id="404e0b79-4da7-ebda-080e-c960964c39c6">
      <Execution id="5b95a646-03ea-4189-b276-5ff29cda2102" />
      <TestMethod codeBase="C:\src\nodejstools\BuildOutput\Release14.0\Tests\Nodejs.Tests.UI.dll" adapterTypeName="Microsoft.VisualStudio.TestTools.TestTypes.Unit.UnitTestAdapter" className="Microsoft.Nodejs.Tests.UI.BasicIntellisense" name="IntellisenseAfterEmptyCompletionContextKeywords" />
    </UnitTest>
    <UnitTest name="JSDocTest" storage="c:\src\nodejstools\buildoutput\release14.0\tests\nodejs.tests.ui.dll" priority="0" id="aa396939-f44e-6f15-2420-0a49f3f9128a">
      <Execution id="6f613923-40ba-4861-b8fc-ddc476de1473" />
      <TestMethod codeBase="C:\src\nodejstools\BuildOutput\Release14.0\Tests\Nodejs.Tests.UI.dll" adapterTypeName="Microsoft.VisualStudio.TestTools.TestTypes.Unit.UnitTestAdapter" className="Microsoft.Nodejs.Tests.UI.BasicIntellisense" name="JSDocTest" />
    </UnitTest>
    <UnitTest name="TestInsertSnippet" storage="c:\src\nodejstools\buildoutput\release14.0\tests\nodejs.tests.ui.dll" priority="0" id="4811bb22-2a2a-f8c9-8ff2-d697eb32f455">
      <Execution id="f4cb2d53-eb68-488a-b455-6cfa11c5d017" />
      <TestMethod codeBase="C:\src\nodejstools\BuildOutput\Release14.0\Tests\Nodejs.Tests.UI.dll" adapterTypeName="Microsoft.VisualStudio.TestTools.TestTypes.Unit.UnitTestAdapter" className="Microsoft.Nodejs.Tests.UI.SnippetsTests" name="TestInsertSnippet" />
    </UnitTest>
    <UnitTest name="TestSelectedIndented" storage="c:\src\nodejstools\buildoutput\release14.0\tests\nodejs.tests.ui.dll" priority="0" id="feb96467-d00d-95e8-1b20-95e6c499ccb7">
      <Execution id="1f2c815e-fbe8-4a8e-8d0a-d673cf7b6978" />
      <TestMethod codeBase="C:\src\nodejstools\BuildOutput\Release14.0\Tests\Nodejs.Tests.UI.dll" adapterTypeName="Microsoft.VisualStudio.TestTools.TestTypes.Unit.UnitTestAdapter" className="Microsoft.Nodejs.Tests.UI.SnippetsTests" name="TestSelectedIndented" />
    </UnitTest>
    <UnitTest name="TestSurroundWithSnippet" storage="c:\src\nodejstools\buildoutput\release14.0\tests\nodejs.tests.ui.dll" priority="0" id="43eae130-c007-bb1f-23df-0772320e32d0">
      <Execution id="c30dab13-a6f1-4893-ab85-2a8190607d8b" />
      <TestMethod codeBase="C:\src\nodejstools\BuildOutput\Release14.0\Tests\Nodejs.Tests.UI.dll" adapterTypeName="Microsoft.VisualStudio.TestTools.TestTypes.Unit.UnitTestAdapter" className="Microsoft.Nodejs.Tests.UI.SnippetsTests" name="TestSurroundWithSnippet" />
    </UnitTest>
    <UnitTest name="TestSelected" storage="c:\src\nodejstools\buildoutput\release14.0\tests\nodejs.tests.ui.dll" priority="0" id="b9a0a2c4-fe0c-9457-d327-6efe121e4a3a">
      <Execution id="ac06127a-86d1-4b9d-95d2-3bd0ee6ddad5" />
      <TestMethod codeBase="C:\src\nodejstools\BuildOutput\Release14.0\Tests\Nodejs.Tests.UI.dll" adapterTypeName="Microsoft.VisualStudio.TestTools.TestTypes.Unit.UnitTestAdapter" className="Microsoft.Nodejs.Tests.UI.SnippetsTests" name="TestSelected" />
    </UnitTest>
    <UnitTest name="TestBasicSnippetsTab" storage="c:\src\nodejstools\buildoutput\release14.0\tests\nodejs.tests.ui.dll" priority="0" id="f179dc77-17b7-1acf-ba37-3265226ff44d">
      <Execution id="b5190ff8-a7a5-4fdb-b2ef-536bac085ad7" />
      <TestMethod codeBase="C:\src\nodejstools\BuildOutput\Release14.0\Tests\Nodejs.Tests.UI.dll" adapterTypeName="Microsoft.VisualStudio.TestTools.TestTypes.Unit.UnitTestAdapter" className="Microsoft.Nodejs.Tests.UI.SnippetsTests" name="TestBasicSnippetsTab" />
    </UnitTest>
    <UnitTest name="TestSurroundWithMultiline" storage="c:\src\nodejstools\buildoutput\release14.0\tests\nodejs.tests.ui.dll" priority="0" id="97042951-1f4b-4b6d-ac8e-63c3cccd8ec6">
      <Execution id="2228d0b9-2d8e-471a-b6d2-4ef2733ec0a3" />
      <TestMethod codeBase="C:\src\nodejstools\BuildOutput\Release14.0\Tests\Nodejs.Tests.UI.dll" adapterTypeName="Microsoft.VisualStudio.TestTools.TestTypes.Unit.UnitTestAdapter" className="Microsoft.Nodejs.Tests.UI.SnippetsTests" name="TestSurroundWithMultiline" />
    </UnitTest>
    <UnitTest name="ClassificationTest" storage="c:\src\nodejstools\buildoutput\release14.0\tests\nodejs.tests.ui.dll" priority="0" id="2c9c1ca5-13a8-ec3e-4e27-11f830e732d7">
      <Execution id="d324578c-c249-45c8-89e9-b6f62c43e36a" />
      <TestMethod codeBase="C:\src\nodejstools\BuildOutput\Release14.0\Tests\Nodejs.Tests.UI.dll" adapterTypeName="Microsoft.VisualStudio.TestTools.TestTypes.Unit.UnitTestAdapter" className="Microsoft.Nodejs.Tests.UI.ClassificationTests" name="ClassificationTest" />
    </UnitTest>
    <UnitTest name="IdentifierKeywords" storage="c:\src\nodejstools\buildoutput\release14.0\tests\nodejs.tests.ui.dll" priority="0" id="00059936-363b-79b0-195e-4759152a6110">
      <Execution id="cc265872-bf68-4c32-a2a9-894297a8c11e" />
      <TestMethod codeBase="C:\src\nodejstools\BuildOutput\Release14.0\Tests\Nodejs.Tests.UI.dll" adapterTypeName="Microsoft.VisualStudio.TestTools.TestTypes.Unit.UnitTestAdapter" className="Microsoft.Nodejs.Tests.UI.ClassificationTests" name="IdentifierKeywords" />
    </UnitTest>
    <UnitTest name="ClassificationTest1661" storage="c:\src\nodejstools\buildoutput\release14.0\tests\nodejs.tests.ui.dll" priority="0" id="b65be1ff-9cab-a72d-df82-22eea01d90ce">
      <Execution id="809a2ee0-1d7a-44c9-9340-a48ddef2cd90" />
      <TestMethod codeBase="C:\src\nodejstools\BuildOutput\Release14.0\Tests\Nodejs.Tests.UI.dll" adapterTypeName="Microsoft.VisualStudio.TestTools.TestTypes.Unit.UnitTestAdapter" className="Microsoft.Nodejs.Tests.UI.ClassificationTests" name="ClassificationTest1661" />
    </UnitTest>
    <UnitTest name="TestWaitOnExit" storage="c:\src\nodejstools\buildoutput\release14.0\tests\nodejs.tests.ui.dll" priority="0" id="82ee0c35-2ae6-4e6d-2f42-c95684a665d1">
      <Execution id="c8376e42-58a5-4872-bfda-d658a614ea5f" />
      <TestMethod codeBase="C:\src\nodejstools\BuildOutput\Release14.0\Tests\Nodejs.Tests.UI.dll" adapterTypeName="Microsoft.VisualStudio.TestTools.TestTypes.Unit.UnitTestAdapter" className="Microsoft.Nodejs.Tests.UI.DebuggerUITests" name="TestWaitOnExit" />
    </UnitTest>
    <UnitTest name="TestNoDebugging" storage="c:\src\nodejstools\buildoutput\release14.0\tests\nodejs.tests.ui.dll" priority="0" id="a5885518-0334-3426-a19d-615932444f06">
      <Execution id="0aa61e43-caea-4313-a339-15d42074c7a9" />
      <TestMethod codeBase="C:\src\nodejstools\BuildOutput\Release14.0\Tests\Nodejs.Tests.UI.dll" adapterTypeName="Microsoft.VisualStudio.TestTools.TestTypes.Unit.UnitTestAdapter" className="Microsoft.Nodejs.Tests.UI.DebuggerUITests" name="TestNoDebugging" />
    </UnitTest>
    <UnitTest name="InsertTabs" storage="c:\src\nodejstools\buildoutput\release14.0\tests\nodejs.tests.ui.dll" priority="0" id="0d3bf4e4-1270-cc9d-0baa-e433478cabc0">
      <Execution id="75c01386-61a2-4326-80ca-43b27919c1cd" />
      <TestMethod codeBase="C:\src\nodejstools\BuildOutput\Release14.0\Tests\Nodejs.Tests.UI.dll" adapterTypeName="Microsoft.VisualStudio.TestTools.TestTypes.Unit.UnitTestAdapter" className="Microsoft.Nodejs.Tests.UI.JadeUITests" name="InsertTabs" />
    </UnitTest>
    <UnitTest name="InsertSpaces" storage="c:\src\nodejstools\buildoutput\release14.0\tests\nodejs.tests.ui.dll" priority="0" id="c255cd0d-e34e-61db-62ce-6b498f5fafed">
      <Execution id="d7776cdb-f26d-4546-9158-f2382f085f2a" />
      <TestMethod codeBase="C:\src\nodejstools\BuildOutput\Release14.0\Tests\Nodejs.Tests.UI.dll" adapterTypeName="Microsoft.VisualStudio.TestTools.TestTypes.Unit.UnitTestAdapter" className="Microsoft.Nodejs.Tests.UI.JadeUITests" name="InsertSpaces" />
    </UnitTest>
    <UnitTest name="AddNewTypeScriptItem" storage="c:\src\nodejstools\buildoutput\release14.0\tests\nodejs.tests.ui.dll" priority="0" id="76007e5f-5e1a-00b2-8664-bc3508ffcf0f">
      <Execution id="18c6d129-727c-4af6-8cc7-ca3629e4ebb4" />
      <TestMethod codeBase="C:\src\nodejstools\BuildOutput\Release14.0\Tests\Nodejs.Tests.UI.dll" adapterTypeName="Microsoft.VisualStudio.TestTools.TestTypes.Unit.UnitTestAdapter" className="Microsoft.Nodejs.Tests.UI.NodejsBasicProjectTests" name="AddNewTypeScriptItem" />
    </UnitTest>
    <UnitTest name="TestExcludedErrors" storage="c:\src\nodejstools\buildoutput\release14.0\tests\nodejs.tests.ui.dll" priority="0" id="0567bb10-1365-78ad-585e-6ab1d35b69db">
      <Execution id="29a11eeb-391a-4fc9-bd43-bba5093fc517" />
      <TestMethod codeBase="C:\src\nodejstools\BuildOutput\Release14.0\Tests\Nodejs.Tests.UI.dll" adapterTypeName="Microsoft.VisualStudio.TestTools.TestTypes.Unit.UnitTestAdapter" className="Microsoft.Nodejs.Tests.UI.NodejsBasicProjectTests" name="TestExcludedErrors" />
    </UnitTest>
    <UnitTest name="TestDebuggerPort" storage="c:\src\nodejstools\buildoutput\release14.0\tests\nodejs.tests.ui.dll" priority="0" id="3d357150-fe02-ea3e-02a3-73ede4218d02">
      <Execution id="51377def-f52b-4a2f-84d4-f7c2bb62f7d8" />
      <TestMethod codeBase="C:\src\nodejstools\BuildOutput\Release14.0\Tests\Nodejs.Tests.UI.dll" adapterTypeName="Microsoft.VisualStudio.TestTools.TestTypes.Unit.UnitTestAdapter" className="Microsoft.Nodejs.Tests.UI.NodejsBasicProjectTests" name="TestDebuggerPort" />
    </UnitTest>
    <UnitTest name="TestEnvironmentVariables" storage="c:\src\nodejstools\buildoutput\release14.0\tests\nodejs.tests.ui.dll" priority="0" id="f94ff43a-dd9b-9f3a-6c4b-908934c4c49b">
      <Execution id="f130df68-a6d2-435f-b1c0-d3946fa516c7" />
      <TestMethod codeBase="C:\src\nodejstools\BuildOutput\Release14.0\Tests\Nodejs.Tests.UI.dll" adapterTypeName="Microsoft.VisualStudio.TestTools.TestTypes.Unit.UnitTestAdapter" className="Microsoft.Nodejs.Tests.UI.NodejsBasicProjectTests" name="TestEnvironmentVariables" />
    </UnitTest>
    <UnitTest name="TestEnvironmentVariablesNoDebugging" storage="c:\src\nodejstools\buildoutput\release14.0\tests\nodejs.tests.ui.dll" priority="0" id="22d3252d-1029-7f5e-cb1f-139fc21c89dd">
      <Execution id="a954a88b-02d2-4842-9fcf-a55e6ce60da9" />
      <TestMethod codeBase="C:\src\nodejstools\BuildOutput\Release14.0\Tests\Nodejs.Tests.UI.dll" adapterTypeName="Microsoft.VisualStudio.TestTools.TestTypes.Unit.UnitTestAdapter" className="Microsoft.Nodejs.Tests.UI.NodejsBasicProjectTests" name="TestEnvironmentVariablesNoDebugging" />
    </UnitTest>
    <UnitTest name="TestProjectProperties" storage="c:\src\nodejstools\buildoutput\release14.0\tests\nodejs.tests.ui.dll" priority="0" id="c4bd7d78-4dab-b053-441c-0b57b8a0b77a">
      <Execution id="47759315-f6e1-45ac-a9c2-174510706148" />
      <TestMethod codeBase="C:\src\nodejstools\BuildOutput\Release14.0\Tests\Nodejs.Tests.UI.dll" adapterTypeName="Microsoft.VisualStudio.TestTools.TestTypes.Unit.UnitTestAdapter" className="Microsoft.Nodejs.Tests.UI.NodejsBasicProjectTests" name="TestProjectProperties" />
    </UnitTest>
    <UnitTest name="TestClientServerIntelliSenseModes" storage="c:\src\nodejstools\buildoutput\release14.0\tests\nodejs.tests.ui.dll" priority="0" id="8399c59b-eb88-6f86-dc83-db192a4de3c1">
      <Execution id="09104ac6-3976-4f9e-8fda-49e1f1695dd6" />
      <TestMethod codeBase="C:\src\nodejstools\BuildOutput\Release14.0\Tests\Nodejs.Tests.UI.dll" adapterTypeName="Microsoft.VisualStudio.TestTools.TestTypes.Unit.UnitTestAdapter" className="Microsoft.Nodejs.Tests.UI.NodejsBasicProjectTests" name="TestClientServerIntelliSenseModes" />
    </UnitTest>
    <UnitTest name="TestNpmUIInitialization" storage="c:\src\nodejstools\buildoutput\release14.0\tests\nodejs.tests.ui.dll" priority="0" id="a0534fc7-2793-c734-0bb8-bd03aae9d99a">
      <Execution id="47a6d270-c24b-46af-aad1-dbb9dc353d24" />
      <TestMethod codeBase="C:\src\nodejstools\BuildOutput\Release14.0\Tests\Nodejs.Tests.UI.dll" adapterTypeName="Microsoft.VisualStudio.TestTools.TestTypes.Unit.UnitTestAdapter" className="Microsoft.Nodejs.Tests.UI.NpmUITests" name="TestNpmUIInitialization" />
    </UnitTest>
    <UnitTest name="TestNpmUIArrowKeyBehavior" storage="c:\src\nodejstools\buildoutput\release14.0\tests\nodejs.tests.ui.dll" priority="0" id="10bcfa9b-fe25-df79-44c3-ebe9a4087292">
      <Execution id="a8250f32-3f1a-435b-9b2f-7a84d15404e3" />
      <TestMethod codeBase="C:\src\nodejstools\BuildOutput\Release14.0\Tests\Nodejs.Tests.UI.dll" adapterTypeName="Microsoft.VisualStudio.TestTools.TestTypes.Unit.UnitTestAdapter" className="Microsoft.Nodejs.Tests.UI.NpmUITests" name="TestNpmUIArrowKeyBehavior" />
    </UnitTest>
    <UnitTest name="TestNpmUITabKeyBehavior" storage="c:\src\nodejstools\buildoutput\release14.0\tests\nodejs.tests.ui.dll" priority="0" id="ea55028d-7adc-479d-016a-fd928d5847ac">
      <Execution id="cb3520bc-7522-4eb1-a0d9-77aee42e233e" />
      <TestMethod codeBase="C:\src\nodejstools\BuildOutput\Release14.0\Tests\Nodejs.Tests.UI.dll" adapterTypeName="Microsoft.VisualStudio.TestTools.TestTypes.Unit.UnitTestAdapter" className="Microsoft.Nodejs.Tests.UI.NpmUITests" name="TestNpmUITabKeyBehavior" />
    </UnitTest>
    <UnitTest name="DirtyProperties" storage="c:\src\nodejstools\buildoutput\release14.0\tests\nodejs.tests.ui.dll" priority="0" id="64668a95-9058-b8c9-bcbb-655d0fff9233">
      <Execution id="e577f639-7a5d-4c27-a6bb-8fd76efcfed8" />
      <TestMethod codeBase="C:\src\nodejstools\BuildOutput\Release14.0\Tests\Nodejs.Tests.UI.dll" adapterTypeName="Microsoft.VisualStudio.TestTools.TestTypes.Unit.UnitTestAdapter" className="Microsoft.Nodejs.Tests.UI.ProjectPropertiesTests" name="DirtyProperties" />
    </UnitTest>
    <UnitTest name="BraceCompletionsBasic" storage="c:\src\nodejstools\buildoutput\release14.0\tests\nodejs.tests.ui.dll" priority="0" id="cd80a4ea-502a-6ef1-d912-6005d7860f42">
      <Execution id="9cf4ff31-adf2-492f-b172-0cce392631c9" />
      <TestMethod codeBase="C:\src\nodejstools\BuildOutput\Release14.0\Tests\Nodejs.Tests.UI.dll" adapterTypeName="Microsoft.VisualStudio.TestTools.TestTypes.Unit.UnitTestAdapter" className="Microsoft.Nodejs.Tests.UI.BraceCompletion" name="BraceCompletionsBasic" />
    </UnitTest>
    <UnitTest name="BraceCompletionsE2E" storage="c:\src\nodejstools\buildoutput\release14.0\tests\nodejs.tests.ui.dll" priority="0" id="a22ed468-ab4d-7c46-3734-fd6b6cffce4e">
      <Execution id="bd78db54-d1e3-4b43-a104-caddad856dba" />
      <TestMethod codeBase="C:\src\nodejstools\BuildOutput\Release14.0\Tests\Nodejs.Tests.UI.dll" adapterTypeName="Microsoft.VisualStudio.TestTools.TestTypes.Unit.UnitTestAdapter" className="Microsoft.Nodejs.Tests.UI.BraceCompletion" name="BraceCompletionsE2E" />
    </UnitTest>
    <UnitTest name="BraceCompletionDoesNotOccurInCommentsOrLiterals" storage="c:\src\nodejstools\buildoutput\release14.0\tests\nodejs.tests.ui.dll" priority="0" id="dca8e9c3-d30b-edd1-86b4-ebaae651ad62">
      <Execution id="cf1d16b9-28b7-4077-88bf-ce8178537f99" />
      <TestMethod codeBase="C:\src\nodejstools\BuildOutput\Release14.0\Tests\Nodejs.Tests.UI.dll" adapterTypeName="Microsoft.VisualStudio.TestTools.TestTypes.Unit.UnitTestAdapter" className="Microsoft.Nodejs.Tests.UI.BraceCompletion" name="BraceCompletionDoesNotOccurInCommentsOrLiterals" />
    </UnitTest>
    <UnitTest name="BraceCompletionTerminatesOnEscapedQuoteInLiteralAndDoesntStartAgain" storage="c:\src\nodejstools\buildoutput\release14.0\tests\nodejs.tests.ui.dll" priority="0" id="73d526cc-0300-51d9-eaf9-bee469e1820d">
      <Execution id="da8829ba-55da-4fe7-a9ce-3992f91fa55b" />
      <TestMethod codeBase="C:\src\nodejstools\BuildOutput\Release14.0\Tests\Nodejs.Tests.UI.dll" adapterTypeName="Microsoft.VisualStudio.TestTools.TestTypes.Unit.UnitTestAdapter" className="Microsoft.Nodejs.Tests.UI.BraceCompletion" name="BraceCompletionTerminatesOnEscapedQuoteInLiteralAndDoesntStartAgain" />
    </UnitTest>
    <UnitTest name="SmartIndentBug1198" storage="c:\src\nodejstools\buildoutput\release14.0\tests\nodejs.tests.ui.dll" priority="0" id="a89f2e69-7381-bc9d-2671-a7d842604706">
      <Execution id="593ba0b1-ed4f-4fb7-b868-d2e4e96a20da" />
      <TestMethod codeBase="C:\src\nodejstools\BuildOutput\Release14.0\Tests\Nodejs.Tests.UI.dll" adapterTypeName="Microsoft.VisualStudio.TestTools.TestTypes.Unit.UnitTestAdapter" className="Microsoft.Nodejs.Tests.UI.SmartIndent" name="SmartIndentBug1198" />
    </UnitTest>
    <UnitTest name="SmartIndentBug384" storage="c:\src\nodejstools\buildoutput\release14.0\tests\nodejs.tests.ui.dll" priority="0" id="4e51f778-0f13-c089-ce75-abd1b08ba0df">
      <Execution id="540496d1-2240-4295-9474-528413992bc5" />
      <TestMethod codeBase="C:\src\nodejstools\BuildOutput\Release14.0\Tests\Nodejs.Tests.UI.dll" adapterTypeName="Microsoft.VisualStudio.TestTools.TestTypes.Unit.UnitTestAdapter" className="Microsoft.Nodejs.Tests.UI.SmartIndent" name="SmartIndentBug384" />
    </UnitTest>
    <UnitTest name="SmartIndentBug3" storage="c:\src\nodejstools\buildoutput\release14.0\tests\nodejs.tests.ui.dll" priority="0" id="64ef341b-d0f8-5184-c1b0-49e661109a90">
      <Execution id="1f5e2c2b-bf2e-41e8-bba1-81063c88a6df" />
      <TestMethod codeBase="C:\src\nodejstools\BuildOutput\Release14.0\Tests\Nodejs.Tests.UI.dll" adapterTypeName="Microsoft.VisualStudio.TestTools.TestTypes.Unit.UnitTestAdapter" className="Microsoft.Nodejs.Tests.UI.SmartIndent" name="SmartIndentBug3" />
    </UnitTest>
    <UnitTest name="SmartIndentBasic" storage="c:\src\nodejstools\buildoutput\release14.0\tests\nodejs.tests.ui.dll" priority="0" id="29a4181f-c49d-5b24-950b-977a1ace3dea">
      <Execution id="ed111ee9-58e8-4700-86cc-05684b00c78b" />
      <TestMethod codeBase="C:\src\nodejstools\BuildOutput\Release14.0\Tests\Nodejs.Tests.UI.dll" adapterTypeName="Microsoft.VisualStudio.TestTools.TestTypes.Unit.UnitTestAdapter" className="Microsoft.Nodejs.Tests.UI.SmartIndent" name="SmartIndentBasic" />
    </UnitTest>
    <UnitTest name="BraceCompletion_BasicTests" storage="c:\src\nodejstools\buildoutput\release14.0\tests\nodejs.tests.ui.dll" priority="0" id="a58bb6fa-b78d-0a9e-e990-2585a628e30a">
      <Execution id="4178a84e-b83b-4729-b0ce-7962969f6b5f" />
      <TestMethod codeBase="C:\src\nodejstools\BuildOutput\Release14.0\Tests\Nodejs.Tests.UI.dll" adapterTypeName="Microsoft.VisualStudio.TestTools.TestTypes.Unit.UnitTestAdapter" className="Microsoft.Nodejs.Tests.UI.SmartIndent" name="BraceCompletion_BasicTests" />
    </UnitTest>
    <UnitTest name="LoadNodejsProject" storage="c:\src\nodejstools\buildoutput\release14.0\tests\nodejs.tests.ui.dll" priority="0" id="b3cb16ec-f77b-6e7c-51d3-45496a88761e">
      <Execution id="1ba5cdc9-bb68-464a-a35d-c211ccab765c" />
      <TestMethod codeBase="C:\src\nodejstools\BuildOutput\Release14.0\Tests\Nodejs.Tests.UI.dll" adapterTypeName="Microsoft.VisualStudio.TestTools.TestTypes.Unit.UnitTestAdapter" className="Microsoft.Nodejs.Tests.UI.BasicProjectTests" name="LoadNodejsProject" />
    </UnitTest>
    <UnitTest name="SaveProjectAs" storage="c:\src\nodejstools\buildoutput\release14.0\tests\nodejs.tests.ui.dll" priority="0" id="9ed90030-aea3-f5d1-0e11-488f0ce7d9e0">
      <Execution id="0638e7f0-b4ef-4adb-b9c6-5ac87aba3902" />
      <TestMethod codeBase="C:\src\nodejstools\BuildOutput\Release14.0\Tests\Nodejs.Tests.UI.dll" adapterTypeName="Microsoft.VisualStudio.TestTools.TestTypes.Unit.UnitTestAdapter" className="Microsoft.Nodejs.Tests.UI.BasicProjectTests" name="SaveProjectAs" />
    </UnitTest>
    <UnitTest name="RenameProjectTest" storage="c:\src\nodejstools\buildoutput\release14.0\tests\nodejs.tests.ui.dll" priority="0" id="25395d14-c668-80fb-f678-e41779e372fd">
      <Execution id="b0f548e7-aa65-4aa1-bb41-ef774df6b55b" />
      <TestMethod codeBase="C:\src\nodejstools\BuildOutput\Release14.0\Tests\Nodejs.Tests.UI.dll" adapterTypeName="Microsoft.VisualStudio.TestTools.TestTypes.Unit.UnitTestAdapter" className="Microsoft.Nodejs.Tests.UI.BasicProjectTests" name="RenameProjectTest" />
    </UnitTest>
    <UnitTest name="ProjectAddFolder" storage="c:\src\nodejstools\buildoutput\release14.0\tests\nodejs.tests.ui.dll" priority="0" id="64301a20-d931-a9a1-9854-30cb42af63ae">
      <Execution id="11e8a1c0-5857-4238-9856-57982b80c6ab" />
      <TestMethod codeBase="C:\src\nodejstools\BuildOutput\Release14.0\Tests\Nodejs.Tests.UI.dll" adapterTypeName="Microsoft.VisualStudio.TestTools.TestTypes.Unit.UnitTestAdapter" className="Microsoft.Nodejs.Tests.UI.BasicProjectTests" name="ProjectAddFolder" />
    </UnitTest>
    <UnitTest name="ProjectAddFolderThroughUI" storage="c:\src\nodejstools\buildoutput\release14.0\tests\nodejs.tests.ui.dll" priority="0" id="609344de-34e0-dd5b-f106-5dd180c0c587">
      <Execution id="bef34996-2332-41f5-86c4-9088945e341b" />
      <TestMethod codeBase="C:\src\nodejstools\BuildOutput\Release14.0\Tests\Nodejs.Tests.UI.dll" adapterTypeName="Microsoft.VisualStudio.TestTools.TestTypes.Unit.UnitTestAdapter" className="Microsoft.Nodejs.Tests.UI.BasicProjectTests" name="ProjectAddFolderThroughUI" />
    </UnitTest>
    <UnitTest name="TestAddExistingFolder" storage="c:\src\nodejstools\buildoutput\release14.0\tests\nodejs.tests.ui.dll" priority="0" id="a9c25a8a-cb6a-6abc-c970-43e88688f5de">
      <Execution id="389cb3a9-87fa-4c6d-9697-f020a4d374ce" />
      <TestMethod codeBase="C:\src\nodejstools\BuildOutput\Release14.0\Tests\Nodejs.Tests.UI.dll" adapterTypeName="Microsoft.VisualStudio.TestTools.TestTypes.Unit.UnitTestAdapter" className="Microsoft.Nodejs.Tests.UI.BasicProjectTests" name="TestAddExistingFolder" />
    </UnitTest>
    <UnitTest name="TestAddExistingFolderProject" storage="c:\src\nodejstools\buildoutput\release14.0\tests\nodejs.tests.ui.dll" priority="0" id="786d3e2f-3725-fcdd-02a3-141087c0e39f">
      <Execution id="ca8d37ae-b973-4850-a4a5-9f79047fdec9" />
      <TestMethod codeBase="C:\src\nodejstools\BuildOutput\Release14.0\Tests\Nodejs.Tests.UI.dll" adapterTypeName="Microsoft.VisualStudio.TestTools.TestTypes.Unit.UnitTestAdapter" className="Microsoft.Nodejs.Tests.UI.BasicProjectTests" name="TestAddExistingFolderProject" />
    </UnitTest>
    <UnitTest name="TestAddExistingFolderDebugging" storage="c:\src\nodejstools\buildoutput\release14.0\tests\nodejs.tests.ui.dll" priority="0" id="611f6f13-9c59-bfcd-8aff-542c3c591e46">
      <Execution id="c955811b-6878-4fed-b2ab-43f836d2b0ce" />
      <TestMethod codeBase="C:\src\nodejstools\BuildOutput\Release14.0\Tests\Nodejs.Tests.UI.dll" adapterTypeName="Microsoft.VisualStudio.TestTools.TestTypes.Unit.UnitTestAdapter" className="Microsoft.Nodejs.Tests.UI.BasicProjectTests" name="TestAddExistingFolderDebugging" />
    </UnitTest>
    <UnitTest name="ProjectAddAndRenameFolder" storage="c:\src\nodejstools\buildoutput\release14.0\tests\nodejs.tests.ui.dll" priority="0" id="16b4e48f-624d-5c68-901a-05116fdb3361">
      <Execution id="20a04c1c-0310-41a2-9663-1a4059286ce7" />
      <TestMethod codeBase="C:\src\nodejstools\BuildOutput\Release14.0\Tests\Nodejs.Tests.UI.dll" adapterTypeName="Microsoft.VisualStudio.TestTools.TestTypes.Unit.UnitTestAdapter" className="Microsoft.Nodejs.Tests.UI.BasicProjectTests" name="ProjectAddAndRenameFolder" />
    </UnitTest>
    <UnitTest name="ProjectAddAndMoveRenamedFolder" storage="c:\src\nodejstools\buildoutput\release14.0\tests\nodejs.tests.ui.dll" priority="0" id="d003db23-f3fc-698d-131b-854217d882b6">
      <Execution id="bf5572d7-ca04-4d38-a804-95ebc475d7c9" />
      <TestMethod codeBase="C:\src\nodejstools\BuildOutput\Release14.0\Tests\Nodejs.Tests.UI.dll" adapterTypeName="Microsoft.VisualStudio.TestTools.TestTypes.Unit.UnitTestAdapter" className="Microsoft.Nodejs.Tests.UI.BasicProjectTests" name="ProjectAddAndMoveRenamedFolder" />
    </UnitTest>
    <UnitTest name="ProjectBuild" storage="c:\src\nodejstools\buildoutput\release14.0\tests\nodejs.tests.ui.dll" priority="0" id="87b2f31c-99fe-20b1-ea27-3dc704301046">
      <Execution id="3816c6af-fbd4-4e26-8240-81d06f87ad08" />
      <TestMethod codeBase="C:\src\nodejstools\BuildOutput\Release14.0\Tests\Nodejs.Tests.UI.dll" adapterTypeName="Microsoft.VisualStudio.TestTools.TestTypes.Unit.UnitTestAdapter" className="Microsoft.Nodejs.Tests.UI.BasicProjectTests" name="ProjectBuild" />
    </UnitTest>
    <UnitTest name="ProjectBuildWithProjFileSeparateFromSources" storage="c:\src\nodejstools\buildoutput\release14.0\tests\nodejs.tests.ui.dll" priority="0" id="62997360-e337-524c-3f21-fb2d77563b87">
      <Execution id="cd5a1d6a-ee9f-47bb-97af-0263f3c24725" />
      <TestMethod codeBase="C:\src\nodejstools\BuildOutput\Release14.0\Tests\Nodejs.Tests.UI.dll" adapterTypeName="Microsoft.VisualStudio.TestTools.TestTypes.Unit.UnitTestAdapter" className="Microsoft.Nodejs.Tests.UI.BasicProjectTests" name="ProjectBuildWithProjFileSeparateFromSources" />
    </UnitTest>
    <UnitTest name="ProjectRenameAndDeleteItem" storage="c:\src\nodejstools\buildoutput\release14.0\tests\nodejs.tests.ui.dll" priority="0" id="9f7e2a90-de57-51c6-46f7-766573674a05">
      <Execution id="d757dd3a-ad8f-43b3-94b1-9d13900cde54" />
      <TestMethod codeBase="C:\src\nodejstools\BuildOutput\Release14.0\Tests\Nodejs.Tests.UI.dll" adapterTypeName="Microsoft.VisualStudio.TestTools.TestTypes.Unit.UnitTestAdapter" className="Microsoft.Nodejs.Tests.UI.BasicProjectTests" name="ProjectRenameAndDeleteItem" />
    </UnitTest>
    <UnitTest name="TestAutomationProperties" storage="c:\src\nodejstools\buildoutput\release14.0\tests\nodejs.tests.ui.dll" priority="0" id="d5df0b5a-feb8-aae9-dfea-7924cae79783">
      <Execution id="6ba1735e-86af-4fc5-9cfe-5f8982d25017" />
      <TestMethod codeBase="C:\src\nodejstools\BuildOutput\Release14.0\Tests\Nodejs.Tests.UI.dll" adapterTypeName="Microsoft.VisualStudio.TestTools.TestTypes.Unit.UnitTestAdapter" className="Microsoft.Nodejs.Tests.UI.BasicProjectTests" name="TestAutomationProperties" />
    </UnitTest>
    <UnitTest name="TestAutomationProject" storage="c:\src\nodejstools\buildoutput\release14.0\tests\nodejs.tests.ui.dll" priority="0" id="1394d99a-0c17-74ba-b557-b5846ebd049f">
      <Execution id="0d801c1d-d30b-4ffd-91f9-739073e6e645" />
      <TestMethod codeBase="C:\src\nodejstools\BuildOutput\Release14.0\Tests\Nodejs.Tests.UI.dll" adapterTypeName="Microsoft.VisualStudio.TestTools.TestTypes.Unit.UnitTestAdapter" className="Microsoft.Nodejs.Tests.UI.BasicProjectTests" name="TestAutomationProject" />
    </UnitTest>
    <UnitTest name="TestProjectItemAutomation" storage="c:\src\nodejstools\buildoutput\release14.0\tests\nodejs.tests.ui.dll" priority="0" id="1b7d0269-c79a-a34a-5826-4aadb2b53651">
      <Execution id="3da4c552-41f1-4f9e-b4db-97b6776a82e9" />
      <TestMethod codeBase="C:\src\nodejstools\BuildOutput\Release14.0\Tests\Nodejs.Tests.UI.dll" adapterTypeName="Microsoft.VisualStudio.TestTools.TestTypes.Unit.UnitTestAdapter" className="Microsoft.Nodejs.Tests.UI.BasicProjectTests" name="TestProjectItemAutomation" />
    </UnitTest>
    <UnitTest name="TestRelativePaths" storage="c:\src\nodejstools\buildoutput\release14.0\tests\nodejs.tests.ui.dll" priority="0" id="6abec6b3-31ed-3b76-6048-be0488d2e6c1">
      <Execution id="7858291e-0ee7-4c85-8890-973ecf6495ff" />
      <TestMethod codeBase="C:\src\nodejstools\BuildOutput\Release14.0\Tests\Nodejs.Tests.UI.dll" adapterTypeName="Microsoft.VisualStudio.TestTools.TestTypes.Unit.UnitTestAdapter" className="Microsoft.Nodejs.Tests.UI.BasicProjectTests" name="TestRelativePaths" />
    </UnitTest>
    <UnitTest name="ProjectConfiguration" storage="c:\src\nodejstools\buildoutput\release14.0\tests\nodejs.tests.ui.dll" priority="0" id="7bf7c611-2157-9e87-c12b-da470185d424">
      <Execution id="a0926a98-f710-42e0-8d40-9f242f15a920" />
      <TestMethod codeBase="C:\src\nodejstools\BuildOutput\Release14.0\Tests\Nodejs.Tests.UI.dll" adapterTypeName="Microsoft.VisualStudio.TestTools.TestTypes.Unit.UnitTestAdapter" className="Microsoft.Nodejs.Tests.UI.BasicProjectTests" name="ProjectConfiguration" />
    </UnitTest>
    <UnitTest name="AddFolderExists" storage="c:\src\nodejstools\buildoutput\release14.0\tests\nodejs.tests.ui.dll" priority="0" id="302b20b0-4bce-6f00-c724-afbf6e2492a2">
      <Execution id="cabf2b3c-2a90-439b-893b-3d25ccc54ff0" />
      <TestMethod codeBase="C:\src\nodejstools\BuildOutput\Release14.0\Tests\Nodejs.Tests.UI.dll" adapterTypeName="Microsoft.VisualStudio.TestTools.TestTypes.Unit.UnitTestAdapter" className="Microsoft.Nodejs.Tests.UI.BasicProjectTests" name="AddFolderExists" />
    </UnitTest>
    <UnitTest name="AddFolderCopyAndPasteFile" storage="c:\src\nodejstools\buildoutput\release14.0\tests\nodejs.tests.ui.dll" priority="0" id="cd4a1eae-ed4a-5d50-3368-fe280ac9f0cb">
      <Execution id="5b24cead-5008-4065-8682-1fdbe558727c" />
      <TestMethod codeBase="C:\src\nodejstools\BuildOutput\Release14.0\Tests\Nodejs.Tests.UI.dll" adapterTypeName="Microsoft.VisualStudio.TestTools.TestTypes.Unit.UnitTestAdapter" className="Microsoft.Nodejs.Tests.UI.BasicProjectTests" name="AddFolderCopyAndPasteFile" />
    </UnitTest>
    <UnitTest name="CopyAndPasteFolder" storage="c:\src\nodejstools\buildoutput\release14.0\tests\nodejs.tests.ui.dll" priority="0" id="153d43a5-c027-8c73-7625-1b8f219793c7">
      <Execution id="a4038cfe-0fa8-47cc-9605-c0d1e365e376" />
      <TestMethod codeBase="C:\src\nodejstools\BuildOutput\Release14.0\Tests\Nodejs.Tests.UI.dll" adapterTypeName="Microsoft.VisualStudio.TestTools.TestTypes.Unit.UnitTestAdapter" className="Microsoft.Nodejs.Tests.UI.BasicProjectTests" name="CopyAndPasteFolder" />
    </UnitTest>
    <UnitTest name="CopyAndPasteEmptyFolder" storage="c:\src\nodejstools\buildoutput\release14.0\tests\nodejs.tests.ui.dll" priority="0" id="f37722c0-cba4-a181-3c66-7fd646ef8afb">
      <Execution id="e6ffe6b1-03d3-4d25-b088-c0b1510e8621" />
      <TestMethod codeBase="C:\src\nodejstools\BuildOutput\Release14.0\Tests\Nodejs.Tests.UI.dll" adapterTypeName="Microsoft.VisualStudio.TestTools.TestTypes.Unit.UnitTestAdapter" className="Microsoft.Nodejs.Tests.UI.BasicProjectTests" name="CopyAndPasteEmptyFolder" />
    </UnitTest>
    <UnitTest name="CopyFolderWithMultipleItems" storage="c:\src\nodejstools\buildoutput\release14.0\tests\nodejs.tests.ui.dll" priority="0" id="acc10b6d-c653-4f61-06e0-0786a6d58cfd">
      <Execution id="5f1e9aa9-4732-41b1-aba0-627d4bcbfab8" />
      <TestMethod codeBase="C:\src\nodejstools\BuildOutput\Release14.0\Tests\Nodejs.Tests.UI.dll" adapterTypeName="Microsoft.VisualStudio.TestTools.TestTypes.Unit.UnitTestAdapter" className="Microsoft.Nodejs.Tests.UI.BasicProjectTests" name="CopyFolderWithMultipleItems" />
    </UnitTest>
    <UnitTest name="LoadProjectWithDuplicateItems" storage="c:\src\nodejstools\buildoutput\release14.0\tests\nodejs.tests.ui.dll" priority="0" id="796d65f3-6385-2234-4fcd-2c6d9de42360">
      <Execution id="cd78e303-4e53-4f0f-9548-edc7d7f00493" />
      <TestMethod codeBase="C:\src\nodejstools\BuildOutput\Release14.0\Tests\Nodejs.Tests.UI.dll" adapterTypeName="Microsoft.VisualStudio.TestTools.TestTypes.Unit.UnitTestAdapter" className="Microsoft.Nodejs.Tests.UI.BasicProjectTests" name="LoadProjectWithDuplicateItems" />
    </UnitTest>
    <UnitTest name="CopyFullPath" storage="c:\src\nodejstools\buildoutput\release14.0\tests\nodejs.tests.ui.dll" priority="0" id="5fb038b1-4b0f-de7a-9303-985f492982ce">
      <Execution id="320b9b93-4103-4343-9a1e-7da128c63792" />
      <TestMethod codeBase="C:\src\nodejstools\BuildOutput\Release14.0\Tests\Nodejs.Tests.UI.dll" adapterTypeName="Microsoft.VisualStudio.TestTools.TestTypes.Unit.UnitTestAdapter" className="Microsoft.Nodejs.Tests.UI.BasicProjectTests" name="CopyFullPath" />
    </UnitTest>
    <UnitTest name="TestSnippetsDisabled" storage="c:\src\nodejstools\buildoutput\release14.0\tests\nodejs.tests.ui.dll" priority="0" id="64df13f2-952a-027f-1982-7f8c877e7f80">
      <Execution id="20873153-55ce-473f-b194-3dbe367ebef1" />
      <TestMethod codeBase="C:\src\nodejstools\BuildOutput\Release14.0\Tests\Nodejs.Tests.UI.dll" adapterTypeName="Microsoft.VisualStudio.TestTools.TestTypes.Unit.UnitTestAdapter" className="Microsoft.Nodejs.Tests.UI.ProjectTests" name="TestSnippetsDisabled" />
    </UnitTest>
    <UnitTest name="TestNoAutoFormattingEnter" storage="c:\src\nodejstools\buildoutput\release14.0\tests\nodejs.tests.ui.dll" priority="0" id="9b58ee1d-60cc-536f-6e10-7efe9ae1ee01">
      <Execution id="4c8b7618-f9f7-4546-8a66-ee309fb3e717" />
      <TestMethod codeBase="C:\src\nodejstools\BuildOutput\Release14.0\Tests\Nodejs.Tests.UI.dll" adapterTypeName="Microsoft.VisualStudio.TestTools.TestTypes.Unit.UnitTestAdapter" className="Microsoft.Nodejs.Tests.UI.ProjectTests" name="TestNoAutoFormattingEnter" />
    </UnitTest>
    <UnitTest name="TestNoAutoFormattingCloseFunction" storage="c:\src\nodejstools\buildoutput\release14.0\tests\nodejs.tests.ui.dll" priority="0" id="3f26fe26-29a7-af73-1327-44877f5a28fe">
      <Execution id="7dc1e48c-0be2-494b-ab01-ea9b7bbb6172" />
      <TestMethod codeBase="C:\src\nodejstools\BuildOutput\Release14.0\Tests\Nodejs.Tests.UI.dll" adapterTypeName="Microsoft.VisualStudio.TestTools.TestTypes.Unit.UnitTestAdapter" className="Microsoft.Nodejs.Tests.UI.ProjectTests" name="TestNoAutoFormattingCloseFunction" />
    </UnitTest>
    <UnitTest name="TestNoAutoFormattingPaste" storage="c:\src\nodejstools\buildoutput\release14.0\tests\nodejs.tests.ui.dll" priority="0" id="ee74e052-1f4c-ef11-6f80-bec34daaf772">
      <Execution id="f421af50-470e-4d97-8370-2686058afef9" />
      <TestMethod codeBase="C:\src\nodejstools\BuildOutput\Release14.0\Tests\Nodejs.Tests.UI.dll" adapterTypeName="Microsoft.VisualStudio.TestTools.TestTypes.Unit.UnitTestAdapter" className="Microsoft.Nodejs.Tests.UI.ProjectTests" name="TestNoAutoFormattingPaste" />
    </UnitTest>
    <UnitTest name="TestNoReferences" storage="c:\src\nodejstools\buildoutput\release14.0\tests\nodejs.tests.ui.dll" priority="0" id="03d0b36e-6c2b-7332-d161-de7b9a7aa9a3">
      <Execution id="465e7fe1-0e40-43ef-9de3-3ad866468595" />
      <TestMethod codeBase="C:\src\nodejstools\BuildOutput\Release14.0\Tests\Nodejs.Tests.UI.dll" adapterTypeName="Microsoft.VisualStudio.TestTools.TestTypes.Unit.UnitTestAdapter" className="Microsoft.Nodejs.Tests.UI.ProjectTests" name="TestNoReferences" />
    </UnitTest>
    <UnitTest name="GlobalIntellisense" storage="c:\src\nodejstools\buildoutput\release14.0\tests\nodejs.tests.ui.dll" priority="0" id="c7e8ccb7-6a44-71c4-8909-d22056eddb2f">
      <Execution id="bdc09a57-e215-4939-9e65-62753e83a499" />
      <TestMethod codeBase="C:\src\nodejstools\BuildOutput\Release14.0\Tests\Nodejs.Tests.UI.dll" adapterTypeName="Microsoft.VisualStudio.TestTools.TestTypes.Unit.UnitTestAdapter" className="Microsoft.Nodejs.Tests.UI.ProjectTests" name="GlobalIntellisense" />
    </UnitTest>
    <UnitTest name="RequireIntellisenseExpanded" storage="c:\src\nodejstools\buildoutput\release14.0\tests\nodejs.tests.ui.dll" priority="0" id="cda87972-b1e7-2980-b287-aed41c645cb8">
      <Execution id="cf52503b-133c-496e-a4db-9a89e7cc49a7" />
      <TestMethod codeBase="C:\src\nodejstools\BuildOutput\Release14.0\Tests\Nodejs.Tests.UI.dll" adapterTypeName="Microsoft.VisualStudio.TestTools.TestTypes.Unit.UnitTestAdapter" className="Microsoft.Nodejs.Tests.UI.ProjectTests" name="RequireIntellisenseExpanded" />
    </UnitTest>
    <UnitTest name="GlobalIntellisenseProjectReload" storage="c:\src\nodejstools\buildoutput\release14.0\tests\nodejs.tests.ui.dll" priority="0" id="1f49193f-1f0d-37bf-7544-764d51a3dd6e">
      <Execution id="4619ac72-dd7e-488d-b81a-a5423ca43813" />
      <TestMethod codeBase="C:\src\nodejstools\BuildOutput\Release14.0\Tests\Nodejs.Tests.UI.dll" adapterTypeName="Microsoft.VisualStudio.TestTools.TestTypes.Unit.UnitTestAdapter" className="Microsoft.Nodejs.Tests.UI.ProjectTests" name="GlobalIntellisenseProjectReload" />
    </UnitTest>
    <UnitTest name="UserModule" storage="c:\src\nodejstools\buildoutput\release14.0\tests\nodejs.tests.ui.dll" priority="0" id="5e01af3d-cff9-26cf-d6c9-8d757ea1f640">
      <Execution id="f701339b-cbee-4029-bc3c-f24104e3f6bc" />
      <TestMethod codeBase="C:\src\nodejstools\BuildOutput\Release14.0\Tests\Nodejs.Tests.UI.dll" adapterTypeName="Microsoft.VisualStudio.TestTools.TestTypes.Unit.UnitTestAdapter" className="Microsoft.Nodejs.Tests.UI.ProjectTests" name="UserModule" />
    </UnitTest>
    <UnitTest name="AddNewItem" storage="c:\src\nodejstools\buildoutput\release14.0\tests\nodejs.tests.ui.dll" priority="0" id="2490085f-9077-bac3-b3b0-a4a347b0f56e">
      <Execution id="2462a877-669e-4d5e-b716-bc91f7aa1506" />
      <TestMethod codeBase="C:\src\nodejstools\BuildOutput\Release14.0\Tests\Nodejs.Tests.UI.dll" adapterTypeName="Microsoft.VisualStudio.TestTools.TestTypes.Unit.UnitTestAdapter" className="Microsoft.Nodejs.Tests.UI.ProjectTests" name="AddNewItem" />
    </UnitTest>
    <UnitTest name="EnterCompletion" storage="c:\src\nodejstools\buildoutput\release14.0\tests\nodejs.tests.ui.dll" priority="0" id="70c85cb8-44f9-b3d1-707c-ce28ae5256c0">
      <Execution id="dabd0457-56a0-4e1d-9959-6999f2c7c23e" />
      <TestMethod codeBase="C:\src\nodejstools\BuildOutput\Release14.0\Tests\Nodejs.Tests.UI.dll" adapterTypeName="Microsoft.VisualStudio.TestTools.TestTypes.Unit.UnitTestAdapter" className="Microsoft.Nodejs.Tests.UI.ProjectTests" name="EnterCompletion" />
    </UnitTest>
    <UnitTest name="ModuleCompletions" storage="c:\src\nodejstools\buildoutput\release14.0\tests\nodejs.tests.ui.dll" priority="0" id="c8428b82-73a8-1ad8-2405-55e719029c64">
      <Execution id="ea0cc8ab-2880-475a-8a4c-b1f5f532b3d9" />
      <TestMethod codeBase="C:\src\nodejstools\BuildOutput\Release14.0\Tests\Nodejs.Tests.UI.dll" adapterTypeName="Microsoft.VisualStudio.TestTools.TestTypes.Unit.UnitTestAdapter" className="Microsoft.Nodejs.Tests.UI.ProjectTests" name="ModuleCompletions" />
    </UnitTest>
    <UnitTest name="TestNewProject" storage="c:\src\nodejstools\buildoutput\release14.0\tests\nodejs.tests.ui.dll" priority="0" id="99f196c1-a4c2-a1c2-6e27-cb6ebfad1158">
      <Execution id="a8265443-f018-4674-bd86-745bc924dc6b" />
      <TestMethod codeBase="C:\src\nodejstools\BuildOutput\Release14.0\Tests\Nodejs.Tests.UI.dll" adapterTypeName="Microsoft.VisualStudio.TestTools.TestTypes.Unit.UnitTestAdapter" className="Microsoft.Nodejs.Tests.UI.ProjectTests" name="TestNewProject" />
    </UnitTest>
    <UnitTest name="TestNewAzureProject" storage="c:\src\nodejstools\buildoutput\release14.0\tests\nodejs.tests.ui.dll" priority="0" id="9e3c698e-4e9c-b706-3e02-36c59eb20f10">
      <Execution id="fd7d4f7c-96a8-4581-b349-8bed744f72a8" />
      <TestMethod codeBase="C:\src\nodejstools\BuildOutput\Release14.0\Tests\Nodejs.Tests.UI.dll" adapterTypeName="Microsoft.VisualStudio.TestTools.TestTypes.Unit.UnitTestAdapter" className="Microsoft.Nodejs.Tests.UI.ProjectTests" name="TestNewAzureProject" />
    </UnitTest>
    <UnitTest name="TestAutomationProject" storage="c:\src\nodejstools\buildoutput\release14.0\tests\nodejs.tests.ui.dll" priority="0" id="6217340c-a4d0-8196-f0f9-71f26ccd5911">
      <Execution id="afdabed9-0717-4c84-9b44-9c9c50e67c5f" />
      <TestMethod codeBase="C:\src\nodejstools\BuildOutput\Release14.0\Tests\Nodejs.Tests.UI.dll" adapterTypeName="Microsoft.VisualStudio.TestTools.TestTypes.Unit.UnitTestAdapter" className="Microsoft.Nodejs.Tests.UI.ProjectTests" name="TestAutomationProject" />
    </UnitTest>
    <UnitTest name="SetAsStartupFile" storage="c:\src\nodejstools\buildoutput\release14.0\tests\nodejs.tests.ui.dll" priority="0" id="847a1b2f-54a2-03c5-73e5-2c261da2b7f8">
      <Execution id="aaa69851-f8c8-48fb-a982-e97243c2a4c7" />
      <TestMethod codeBase="C:\src\nodejstools\BuildOutput\Release14.0\Tests\Nodejs.Tests.UI.dll" adapterTypeName="Microsoft.VisualStudio.TestTools.TestTypes.Unit.UnitTestAdapter" className="Microsoft.Nodejs.Tests.UI.ProjectTests" name="SetAsStartupFile" />
    </UnitTest>
    <UnitTest name="TestProjectProperties" storage="c:\src\nodejstools\buildoutput\release14.0\tests\nodejs.tests.ui.dll" priority="0" id="db8f8428-d50a-bb0e-eeb8-026f76b42650">
      <Execution id="3b8a5261-ac2f-4815-b204-e7babd5c5149" />
      <TestMethod codeBase="C:\src\nodejstools\BuildOutput\Release14.0\Tests\Nodejs.Tests.UI.dll" adapterTypeName="Microsoft.VisualStudio.TestTools.TestTypes.Unit.UnitTestAdapter" className="Microsoft.Nodejs.Tests.UI.ProjectTests" name="TestProjectProperties" />
    </UnitTest>
    <UnitTest name="TestBrowserLaunch" storage="c:\src\nodejstools\buildoutput\release14.0\tests\nodejs.tests.ui.dll" priority="0" id="ae61b3ca-7da3-ec4c-6123-f951736ddf80">
      <Execution id="e994897c-a015-4354-8327-b45b809d0b53" />
      <TestMethod codeBase="C:\src\nodejstools\BuildOutput\Release14.0\Tests\Nodejs.Tests.UI.dll" adapterTypeName="Microsoft.VisualStudio.TestTools.TestTypes.Unit.UnitTestAdapter" className="Microsoft.Nodejs.Tests.UI.ProjectTests" name="TestBrowserLaunch" />
    </UnitTest>
    <UnitTest name="GetLongSubPaths" storage="c:\src\nodejstools\buildoutput\release14.0\tests\nodejs.tests.ui.dll" priority="0" id="713651df-0c00-0249-38a3-17bcdceae65b">
      <Execution id="6b5122d3-21c0-4cc0-b69d-5cd7e3faf666" />
      <TestMethod codeBase="C:\src\nodejstools\BuildOutput\Release14.0\Tests\Nodejs.Tests.UI.dll" adapterTypeName="Microsoft.VisualStudio.TestTools.TestTypes.Unit.UnitTestAdapter" className="Microsoft.Nodejs.Tests.UI.ProjectTests" name="GetLongSubPaths" />
    </UnitTest>
    <UnitTest name="TestLongPathCheck" storage="c:\src\nodejstools\buildoutput\release14.0\tests\nodejs.tests.ui.dll" priority="0" id="9d769d40-0b34-a0a2-e91a-cf6353a158c2">
      <Execution id="54aa0eef-11a4-485d-9ffc-5b92c2baae2a" />
      <TestMethod codeBase="C:\src\nodejstools\BuildOutput\Release14.0\Tests\Nodejs.Tests.UI.dll" adapterTypeName="Microsoft.VisualStudio.TestTools.TestTypes.Unit.UnitTestAdapter" className="Microsoft.Nodejs.Tests.UI.ProjectTests" name="TestLongPathCheck" />
    </UnitTest>
    <UnitTest name="TestErrorNewLine" storage="c:\src\nodejstools\buildoutput\release14.0\tests\nodejs.tests.ui.dll" priority="0" id="02440702-0838-59ef-2157-35e57cd6cd3a">
      <Execution id="79c8bbe3-b8b3-4e2f-ac0e-e40efdb29bf2" />
      <TestMethod codeBase="C:\src\nodejstools\BuildOutput\Release14.0\Tests\Nodejs.Tests.UI.dll" adapterTypeName="Microsoft.VisualStudio.TestTools.TestTypes.Unit.UnitTestAdapter" className="Microsoft.Nodejs.Tests.UI.ReplWindowTests" name="TestErrorNewLine" />
    </UnitTest>
    <UnitTest name="TestColorOutput" storage="c:\src\nodejstools\buildoutput\release14.0\tests\nodejs.tests.ui.dll" priority="0" id="6da208a2-1aeb-9972-a10e-6c71ff73a412">
      <Execution id="b777f19b-ddad-4c0f-a5be-8513044e5460" />
      <TestMethod codeBase="C:\src\nodejstools\BuildOutput\Release14.0\Tests\Nodejs.Tests.UI.dll" adapterTypeName="Microsoft.VisualStudio.TestTools.TestTypes.Unit.UnitTestAdapter" className="Microsoft.Nodejs.Tests.UI.ReplWindowTests" name="TestColorOutput" />
    </UnitTest>
    <UnitTest name="TestStdErrIsRed" storage="c:\src\nodejstools\buildoutput\release14.0\tests\nodejs.tests.ui.dll" priority="0" id="02750296-9ab6-1b34-1a9a-a7341313daef">
      <Execution id="3a318441-775f-4ad8-9ca3-623f40edb63b" />
      <TestMethod codeBase="C:\src\nodejstools\BuildOutput\Release14.0\Tests\Nodejs.Tests.UI.dll" adapterTypeName="Microsoft.VisualStudio.TestTools.TestTypes.Unit.UnitTestAdapter" className="Microsoft.Nodejs.Tests.UI.ReplWindowTests" name="TestStdErrIsRed" />
    </UnitTest>
    <UnitTest name="TestCompletion" storage="c:\src\nodejstools\buildoutput\release14.0\tests\nodejs.tests.ui.dll" priority="0" id="82e70685-1a0e-7dcb-d643-495fb1500157">
      <Execution id="40d6f14c-477a-465b-80bf-df14414c8e93" />
      <TestMethod codeBase="C:\src\nodejstools\BuildOutput\Release14.0\Tests\Nodejs.Tests.UI.dll" adapterTypeName="Microsoft.VisualStudio.TestTools.TestTypes.Unit.UnitTestAdapter" className="Microsoft.Nodejs.Tests.UI.ReplWindowTests" name="TestCompletion" />
    </UnitTest>
    <UnitTest name="TestNoSpecialCommandCompletion" storage="c:\src\nodejstools\buildoutput\release14.0\tests\nodejs.tests.ui.dll" priority="0" id="dd658bdc-0a0f-738d-0b31-6802e84bfe78">
      <Execution id="a62e7640-979c-4d03-af4b-0ef720d80f87" />
      <TestMethod codeBase="C:\src\nodejstools\BuildOutput\Release14.0\Tests\Nodejs.Tests.UI.dll" adapterTypeName="Microsoft.VisualStudio.TestTools.TestTypes.Unit.UnitTestAdapter" className="Microsoft.Nodejs.Tests.UI.ReplWindowTests" name="TestNoSpecialCommandCompletion" />
    </UnitTest>
    <UnitTest name="InSubFolder" storage="c:\src\nodejstools\buildoutput\release14.0\tests\nodejs.tests.ui.dll" priority="0" id="571fe45d-291a-eac1-a19d-7c592aeb6883">
      <Execution id="3b99d699-9ea9-4adb-b33c-c2a39ae20c65" />
      <TestMethod codeBase="C:\src\nodejstools\BuildOutput\Release14.0\Tests\Nodejs.Tests.UI.dll" adapterTypeName="Microsoft.VisualStudio.TestTools.TestTypes.Unit.UnitTestAdapter" className="Microsoft.Nodejs.Tests.UI.RequireIntellisense" name="InSubFolder" />
    </UnitTest>
    <UnitTest name="BasicRequireCompletions" storage="c:\src\nodejstools\buildoutput\release14.0\tests\nodejs.tests.ui.dll" priority="0" id="f4998356-3789-ffcb-88bf-58caaf010f3d">
      <Execution id="2f45a0db-9b62-458f-b356-0f7293f33251" />
      <TestMethod codeBase="C:\src\nodejstools\BuildOutput\Release14.0\Tests\Nodejs.Tests.UI.dll" adapterTypeName="Microsoft.VisualStudio.TestTools.TestTypes.Unit.UnitTestAdapter" className="Microsoft.Nodejs.Tests.UI.RequireIntellisense" name="BasicRequireCompletions" />
    </UnitTest>
    <UnitTest name="BasicRequireCompletionsQuotes" storage="c:\src\nodejstools\buildoutput\release14.0\tests\nodejs.tests.ui.dll" priority="0" id="ae9e1cfd-1fdc-a51e-b037-136d16aa3542">
      <Execution id="23e81373-dd22-4181-9b3a-23e28e9f8fcd" />
      <TestMethod codeBase="C:\src\nodejstools\BuildOutput\Release14.0\Tests\Nodejs.Tests.UI.dll" adapterTypeName="Microsoft.VisualStudio.TestTools.TestTypes.Unit.UnitTestAdapter" className="Microsoft.Nodejs.Tests.UI.RequireIntellisense" name="BasicRequireCompletionsQuotes" />
    </UnitTest>
    <UnitTest name="BasicRequireCompletionsDoubleQuotes" storage="c:\src\nodejstools\buildoutput\release14.0\tests\nodejs.tests.ui.dll" priority="0" id="9028e951-e76d-1b1f-5089-d95e2fd583bc">
      <Execution id="091bdf63-c0d0-4f38-b763-a4c3c87494dd" />
      <TestMethod codeBase="C:\src\nodejstools\BuildOutput\Release14.0\Tests\Nodejs.Tests.UI.dll" adapterTypeName="Microsoft.VisualStudio.TestTools.TestTypes.Unit.UnitTestAdapter" className="Microsoft.Nodejs.Tests.UI.RequireIntellisense" name="BasicRequireCompletionsDoubleQuotes" />
    </UnitTest>
    <UnitTest name="RequireKeyboardCompletionBraceCompletionOff" storage="c:\src\nodejstools\buildoutput\release14.0\tests\nodejs.tests.ui.dll" priority="0" id="98e6d492-e86d-ce1e-9ea3-901b8c849921">
      <Execution id="b107557c-d797-4c19-8954-0ccb1b0e4e8e" />
      <TestMethod codeBase="C:\src\nodejstools\BuildOutput\Release14.0\Tests\Nodejs.Tests.UI.dll" adapterTypeName="Microsoft.VisualStudio.TestTools.TestTypes.Unit.UnitTestAdapter" className="Microsoft.Nodejs.Tests.UI.RequireIntellisense" name="RequireKeyboardCompletionBraceCompletionOff" />
    </UnitTest>
    <UnitTest name="RequireKeyboardCompletionBraceCompletionOn" storage="c:\src\nodejstools\buildoutput\release14.0\tests\nodejs.tests.ui.dll" priority="0" id="123835ba-2836-c4bc-a7af-5d9717234bcf">
      <Execution id="e0025841-789f-4773-900d-8dd215c73d6a" />
      <TestMethod codeBase="C:\src\nodejstools\BuildOutput\Release14.0\Tests\Nodejs.Tests.UI.dll" adapterTypeName="Microsoft.VisualStudio.TestTools.TestTypes.Unit.UnitTestAdapter" className="Microsoft.Nodejs.Tests.UI.RequireIntellisense" name="RequireKeyboardCompletionBraceCompletionOn" />
    </UnitTest>
    <UnitTest name="RequireBuiltinModules" storage="c:\src\nodejstools\buildoutput\release14.0\tests\nodejs.tests.ui.dll" priority="0" id="a413889d-ecad-f487-1a33-4ded704046a4">
      <Execution id="9671336e-09ba-452c-b3c4-4457392e5381" />
      <TestMethod codeBase="C:\src\nodejstools\BuildOutput\Release14.0\Tests\Nodejs.Tests.UI.dll" adapterTypeName="Microsoft.VisualStudio.TestTools.TestTypes.Unit.UnitTestAdapter" className="Microsoft.Nodejs.Tests.UI.RequireIntellisense" name="RequireBuiltinModules" />
    </UnitTest>
    <UnitTest name="CloseParenCommits" storage="c:\src\nodejstools\buildoutput\release14.0\tests\nodejs.tests.ui.dll" priority="0" id="f71ffb80-45d7-0c60-d671-e156ce7abb1d">
      <Execution id="9dd0e979-73ed-4e1c-966b-721d79b3e040" />
      <TestMethod codeBase="C:\src\nodejstools\BuildOutput\Release14.0\Tests\Nodejs.Tests.UI.dll" adapterTypeName="Microsoft.VisualStudio.TestTools.TestTypes.Unit.UnitTestAdapter" className="Microsoft.Nodejs.Tests.UI.RequireIntellisense" name="CloseParenCommits" />
    </UnitTest>
    <UnitTest name="UserModule" storage="c:\src\nodejstools\buildoutput\release14.0\tests\nodejs.tests.ui.dll" priority="0" id="2f69bae9-0100-13ff-8395-bc56d22237cf">
      <Execution id="898fed03-fdde-4db6-bcf9-ee5d8a1e0118" />
      <TestMethod codeBase="C:\src\nodejstools\BuildOutput\Release14.0\Tests\Nodejs.Tests.UI.dll" adapterTypeName="Microsoft.VisualStudio.TestTools.TestTypes.Unit.UnitTestAdapter" className="Microsoft.Nodejs.Tests.UI.RequireIntellisense" name="UserModule" />
    </UnitTest>
    <UnitTest name="UserModuleInFolder" storage="c:\src\nodejstools\buildoutput\release14.0\tests\nodejs.tests.ui.dll" priority="0" id="e6a56bec-7a78-6af0-486b-8b4d2e4c03d3">
      <Execution id="df178c4a-7dbd-493c-b677-44c2b8d7ea4a" />
      <TestMethod codeBase="C:\src\nodejstools\BuildOutput\Release14.0\Tests\Nodejs.Tests.UI.dll" adapterTypeName="Microsoft.VisualStudio.TestTools.TestTypes.Unit.UnitTestAdapter" className="Microsoft.Nodejs.Tests.UI.RequireIntellisense" name="UserModuleInFolder" />
    </UnitTest>
    <UnitTest name="CloseQuoteDoesntCommit" storage="c:\src\nodejstools\buildoutput\release14.0\tests\nodejs.tests.ui.dll" priority="0" id="bae92005-e3ca-ccaa-0f2e-81683ec798f5">
      <Execution id="fb3f8224-9faa-4c10-9a2b-7d753bd947cd" />
      <TestMethod codeBase="C:\src\nodejstools\BuildOutput\Release14.0\Tests\Nodejs.Tests.UI.dll" adapterTypeName="Microsoft.VisualStudio.TestTools.TestTypes.Unit.UnitTestAdapter" className="Microsoft.Nodejs.Tests.UI.RequireIntellisense" name="CloseQuoteDoesntCommit" />
    </UnitTest>
    <UnitTest name="RequireAfterOperator" storage="c:\src\nodejstools\buildoutput\release14.0\tests\nodejs.tests.ui.dll" priority="0" id="4b7fe055-86ef-b023-f832-f18a451d8f44">
      <Execution id="a17cd225-e107-4035-a962-f51aafd6c0e2" />
      <TestMethod codeBase="C:\src\nodejstools\BuildOutput\Release14.0\Tests\Nodejs.Tests.UI.dll" adapterTypeName="Microsoft.VisualStudio.TestTools.TestTypes.Unit.UnitTestAdapter" className="Microsoft.Nodejs.Tests.UI.RequireIntellisense" name="RequireAfterOperator" />
    </UnitTest>
    <UnitTest name="RequireAfterOpenParen" storage="c:\src\nodejstools\buildoutput\release14.0\tests\nodejs.tests.ui.dll" priority="0" id="bb695e89-89bf-acd9-db9f-48aed8b1cdbd">
      <Execution id="63c94eed-b3e8-42ed-95bb-7e8e8583293e" />
      <TestMethod codeBase="C:\src\nodejstools\BuildOutput\Release14.0\Tests\Nodejs.Tests.UI.dll" adapterTypeName="Microsoft.VisualStudio.TestTools.TestTypes.Unit.UnitTestAdapter" className="Microsoft.Nodejs.Tests.UI.RequireIntellisense" name="RequireAfterOpenParen" />
    </UnitTest>
    <UnitTest name="RequireAfterComma" storage="c:\src\nodejstools\buildoutput\release14.0\tests\nodejs.tests.ui.dll" priority="0" id="0a70292c-fe6f-7838-ba00-9cce84d4f3ee">
      <Execution id="51c892ca-d4f4-4d70-bac7-60e131dae853" />
      <TestMethod codeBase="C:\src\nodejstools\BuildOutput\Release14.0\Tests\Nodejs.Tests.UI.dll" adapterTypeName="Microsoft.VisualStudio.TestTools.TestTypes.Unit.UnitTestAdapter" className="Microsoft.Nodejs.Tests.UI.RequireIntellisense" name="RequireAfterComma" />
    </UnitTest>
    <UnitTest name="RequireAfterAssignment" storage="c:\src\nodejstools\buildoutput\release14.0\tests\nodejs.tests.ui.dll" priority="0" id="350e8c4c-03a8-e223-4d82-cc36d67ea795">
      <Execution id="6e7ef573-0536-47d5-ab5d-7d71e8a8063a" />
      <TestMethod codeBase="C:\src\nodejstools\BuildOutput\Release14.0\Tests\Nodejs.Tests.UI.dll" adapterTypeName="Microsoft.VisualStudio.TestTools.TestTypes.Unit.UnitTestAdapter" className="Microsoft.Nodejs.Tests.UI.RequireIntellisense" name="RequireAfterAssignment" />
    </UnitTest>
    <UnitTest name="RequireAfterReturn" storage="c:\src\nodejstools\buildoutput\release14.0\tests\nodejs.tests.ui.dll" priority="0" id="b9be05ed-104f-77c2-efb9-cc50f4e9f643">
      <Execution id="3b3f6d67-8ac9-4f95-b83c-f0e44f78945a" />
      <TestMethod codeBase="C:\src\nodejstools\BuildOutput\Release14.0\Tests\Nodejs.Tests.UI.dll" adapterTypeName="Microsoft.VisualStudio.TestTools.TestTypes.Unit.UnitTestAdapter" className="Microsoft.Nodejs.Tests.UI.RequireIntellisense" name="RequireAfterReturn" />
    </UnitTest>
    <UnitTest name="RequireAfterSemiColon" storage="c:\src\nodejstools\buildoutput\release14.0\tests\nodejs.tests.ui.dll" priority="0" id="8a415a5c-3095-9c9e-4885-69cb4befbc50">
      <Execution id="0a2fa76d-3a43-481c-887d-9a690bde9e16" />
      <TestMethod codeBase="C:\src\nodejstools\BuildOutput\Release14.0\Tests\Nodejs.Tests.UI.dll" adapterTypeName="Microsoft.VisualStudio.TestTools.TestTypes.Unit.UnitTestAdapter" className="Microsoft.Nodejs.Tests.UI.RequireIntellisense" name="RequireAfterSemiColon" />
    </UnitTest>
    <UnitTest name="RequireAfterKeywordNoCompletions" storage="c:\src\nodejstools\buildoutput\release14.0\tests\nodejs.tests.ui.dll" priority="0" id="f082bdab-135e-84af-30cc-49e28bd22080">
      <Execution id="a4cfbc83-e836-4609-8b8e-c07f8cbe431f" />
      <TestMethod codeBase="C:\src\nodejstools\BuildOutput\Release14.0\Tests\Nodejs.Tests.UI.dll" adapterTypeName="Microsoft.VisualStudio.TestTools.TestTypes.Unit.UnitTestAdapter" className="Microsoft.Nodejs.Tests.UI.RequireIntellisense" name="RequireAfterKeywordNoCompletions" />
    </UnitTest>
    <UnitTest name="RequireAfterDotNoCompletions" storage="c:\src\nodejstools\buildoutput\release14.0\tests\nodejs.tests.ui.dll" priority="0" id="ecc8f73f-f680-c419-a197-1f756e24bab7">
      <Execution id="e64050cd-3fa8-473a-b2e2-d5c6562a0d94" />
      <TestMethod codeBase="C:\src\nodejstools\BuildOutput\Release14.0\Tests\Nodejs.Tests.UI.dll" adapterTypeName="Microsoft.VisualStudio.TestTools.TestTypes.Unit.UnitTestAdapter" className="Microsoft.Nodejs.Tests.UI.RequireIntellisense" name="RequireAfterDotNoCompletions" />
    </UnitTest>
    <UnitTest name="RequireAfterContinuedMultiLineStringNoCompletions" storage="c:\src\nodejstools\buildoutput\release14.0\tests\nodejs.tests.ui.dll" priority="0" id="0b5dd265-7a70-bf03-2b1e-a2f6fe9bc01b">
      <Execution id="7768e453-b2ba-4e5f-8054-7cba4bfc4339" />
      <TestMethod codeBase="C:\src\nodejstools\BuildOutput\Release14.0\Tests\Nodejs.Tests.UI.dll" adapterTypeName="Microsoft.VisualStudio.TestTools.TestTypes.Unit.UnitTestAdapter" className="Microsoft.Nodejs.Tests.UI.RequireIntellisense" name="RequireAfterContinuedMultiLineStringNoCompletions" />
    </UnitTest>
    <UnitTest name="AddModuleExternally" storage="c:\src\nodejstools\buildoutput\release14.0\tests\nodejs.tests.ui.dll" priority="0" id="1ca2d617-84f7-4ded-7557-f80335559020">
      <Execution id="e8f01637-f0a6-44ae-8b9a-872a77ecf772" />
      <TestMethod codeBase="C:\src\nodejstools\BuildOutput\Release14.0\Tests\Nodejs.Tests.UI.dll" adapterTypeName="Microsoft.VisualStudio.TestTools.TestTypes.Unit.UnitTestAdapter" className="Microsoft.Nodejs.Tests.UI.RequireIntellisense" name="AddModuleExternally" />
    </UnitTest>
    <UnitTest name="SubmodulesFiles" storage="c:\src\nodejstools\buildoutput\release14.0\tests\nodejs.tests.ui.dll" priority="0" id="6696e834-3827-cfe8-18e3-a072b0d3f1f6">
      <Execution id="c13321c3-3d9e-4bf8-bc4b-8dc113a67c3d" />
      <TestMethod codeBase="C:\src\nodejstools\BuildOutput\Release14.0\Tests\Nodejs.Tests.UI.dll" adapterTypeName="Microsoft.VisualStudio.TestTools.TestTypes.Unit.UnitTestAdapter" className="Microsoft.Nodejs.Tests.UI.RequireIntellisense" name="SubmodulesFiles" />
    </UnitTest>
    <UnitTest name="SubmodulesFiles2" storage="c:\src\nodejstools\buildoutput\release14.0\tests\nodejs.tests.ui.dll" priority="0" id="8f23a4d0-4060-619a-3c87-21c077106a72">
      <Execution id="62723456-7753-4749-a048-417e8243a571" />
      <TestMethod codeBase="C:\src\nodejstools\BuildOutput\Release14.0\Tests\Nodejs.Tests.UI.dll" adapterTypeName="Microsoft.VisualStudio.TestTools.TestTypes.Unit.UnitTestAdapter" className="Microsoft.Nodejs.Tests.UI.RequireIntellisense" name="SubmodulesFiles2" />
    </UnitTest>
    <UnitTest name="AbsolutePaths" storage="c:\src\nodejstools\buildoutput\release14.0\tests\nodejs.tests.ui.dll" priority="0" id="a843ac7d-2594-8044-a20a-394e013f101b">
      <Execution id="60fd1091-485f-4971-9c5c-a50c31bb8de9" />
      <TestMethod codeBase="C:\src\nodejstools\BuildOutput\Release14.0\Tests\Nodejs.Tests.UI.dll" adapterTypeName="Microsoft.VisualStudio.TestTools.TestTypes.Unit.UnitTestAdapter" className="Microsoft.Nodejs.Tests.UI.UITests" name="AbsolutePaths" />
    </UnitTest>
    <UnitTest name="MoveStartupFile" storage="c:\src\nodejstools\buildoutput\release14.0\tests\nodejs.tests.ui.dll" priority="0" id="4102d688-f6d1-81ad-76b0-26b2cc28cacb">
      <Execution id="8b2a27ab-ddc1-4dff-8f84-b1f977ea25ca" />
      <TestMethod codeBase="C:\src\nodejstools\BuildOutput\Release14.0\Tests\Nodejs.Tests.UI.dll" adapterTypeName="Microsoft.VisualStudio.TestTools.TestTypes.Unit.UnitTestAdapter" className="Microsoft.Nodejs.Tests.UI.UITests" name="MoveStartupFile" />
    </UnitTest>
    <UnitTest name="CopyPasteFile" storage="c:\src\nodejstools\buildoutput\release14.0\tests\nodejs.tests.ui.dll" priority="0" id="65068448-f7bc-c0d5-3e60-962cce56ea67">
      <Execution id="7fe32b24-2fe3-4e25-a04f-0547b2e9363d" />
      <TestMethod codeBase="C:\src\nodejstools\BuildOutput\Release14.0\Tests\Nodejs.Tests.UI.dll" adapterTypeName="Microsoft.VisualStudio.TestTools.TestTypes.Unit.UnitTestAdapter" className="Microsoft.Nodejs.Tests.UI.UITests" name="CopyPasteFile" />
    </UnitTest>
    <UnitTest name="CopyPasteRenameFile" storage="c:\src\nodejstools\buildoutput\release14.0\tests\nodejs.tests.ui.dll" priority="0" id="0b7aeda8-082a-ef79-547d-eb8172ab04d8">
      <Execution id="966664a8-2d47-4784-a32d-3471454d3b9f" />
      <TestMethod codeBase="C:\src\nodejstools\BuildOutput\Release14.0\Tests\Nodejs.Tests.UI.dll" adapterTypeName="Microsoft.VisualStudio.TestTools.TestTypes.Unit.UnitTestAdapter" className="Microsoft.Nodejs.Tests.UI.UITests" name="CopyPasteRenameFile" />
    </UnitTest>
    <UnitTest name="DeleteFile" storage="c:\src\nodejstools\buildoutput\release14.0\tests\nodejs.tests.ui.dll" priority="0" id="eeaa9f4b-908a-18d1-af2f-ae5ff9d6bbdd">
      <Execution id="0479cf5a-c0e2-4d50-a09e-db9f0d4f4855" />
      <TestMethod codeBase="C:\src\nodejstools\BuildOutput\Release14.0\Tests\Nodejs.Tests.UI.dll" adapterTypeName="Microsoft.VisualStudio.TestTools.TestTypes.Unit.UnitTestAdapter" className="Microsoft.Nodejs.Tests.UI.UITests" name="DeleteFile" />
    </UnitTest>
    <UnitTest name="AddNewFolder" storage="c:\src\nodejstools\buildoutput\release14.0\tests\nodejs.tests.ui.dll" priority="0" id="b80cd144-8190-5e61-b787-b448839990d8">
      <Execution id="3b2fc79b-f820-4380-ac2d-d2b59884427d" />
      <TestMethod codeBase="C:\src\nodejstools\BuildOutput\Release14.0\Tests\Nodejs.Tests.UI.dll" adapterTypeName="Microsoft.VisualStudio.TestTools.TestTypes.Unit.UnitTestAdapter" className="Microsoft.Nodejs.Tests.UI.UITests" name="AddNewFolder" />
    </UnitTest>
    <UnitTest name="AddNewFolderLongPathBoundary" storage="c:\src\nodejstools\buildoutput\release14.0\tests\nodejs.tests.ui.dll" priority="0" id="8311dd0e-214f-3e56-ac97-44e011e16a50">
      <Execution id="dd43d0a6-15f6-4cbc-8556-cb4d08fd6f42" />
      <TestMethod codeBase="C:\src\nodejstools\BuildOutput\Release14.0\Tests\Nodejs.Tests.UI.dll" adapterTypeName="Microsoft.VisualStudio.TestTools.TestTypes.Unit.UnitTestAdapter" className="Microsoft.Nodejs.Tests.UI.UITests" name="AddNewFolderLongPathBoundary" />
    </UnitTest>
    <UnitTest name="AddNewFolderLongPathTooLong" storage="c:\src\nodejstools\buildoutput\release14.0\tests\nodejs.tests.ui.dll" priority="0" id="924a5432-849e-750f-605f-6ea6b83e67ea">
      <Execution id="c7329308-d704-4139-bf45-319fcb3ba36c" />
      <TestMethod codeBase="C:\src\nodejstools\BuildOutput\Release14.0\Tests\Nodejs.Tests.UI.dll" adapterTypeName="Microsoft.VisualStudio.TestTools.TestTypes.Unit.UnitTestAdapter" className="Microsoft.Nodejs.Tests.UI.UITests" name="AddNewFolderLongPathTooLong" />
    </UnitTest>
    <UnitTest name="AddNewFolderLongPathTooLongCancelEdit" storage="c:\src\nodejstools\buildoutput\release14.0\tests\nodejs.tests.ui.dll" priority="0" id="b7887fd2-b8c3-2f5a-71a7-b92bcc7c443f">
      <Execution id="969b3bb8-b2ee-4fcd-a797-f7bcb39c0553" />
      <TestMethod codeBase="C:\src\nodejstools\BuildOutput\Release14.0\Tests\Nodejs.Tests.UI.dll" adapterTypeName="Microsoft.VisualStudio.TestTools.TestTypes.Unit.UnitTestAdapter" className="Microsoft.Nodejs.Tests.UI.UITests" name="AddNewFolderLongPathTooLongCancelEdit" />
    </UnitTest>
    <UnitTest name="AddNewItemLongPathBoundary" storage="c:\src\nodejstools\buildoutput\release14.0\tests\nodejs.tests.ui.dll" priority="0" id="c666a23b-cf8c-d511-0343-bd68f3a2bfbe">
      <Execution id="f390f605-89b1-43ba-971b-e1e0488405ae" />
      <TestMethod codeBase="C:\src\nodejstools\BuildOutput\Release14.0\Tests\Nodejs.Tests.UI.dll" adapterTypeName="Microsoft.VisualStudio.TestTools.TestTypes.Unit.UnitTestAdapter" className="Microsoft.Nodejs.Tests.UI.UITests" name="AddNewItemLongPathBoundary" />
    </UnitTest>
    <UnitTest name="AddNewItemLongPathTooLong" storage="c:\src\nodejstools\buildoutput\release14.0\tests\nodejs.tests.ui.dll" priority="0" id="6b979c6f-c2b5-1a09-a08e-4d2121b2613f">
      <Execution id="770840d1-ac41-4fa8-90cf-c1a2114fed38" />
      <TestMethod codeBase="C:\src\nodejstools\BuildOutput\Release14.0\Tests\Nodejs.Tests.UI.dll" adapterTypeName="Microsoft.VisualStudio.TestTools.TestTypes.Unit.UnitTestAdapter" className="Microsoft.Nodejs.Tests.UI.UITests" name="AddNewItemLongPathTooLong" />
    </UnitTest>
    <UnitTest name="DeleteLockedFolder" storage="c:\src\nodejstools\buildoutput\release14.0\tests\nodejs.tests.ui.dll" priority="0" id="798e1c3d-2f38-60ef-d8be-a7f957766e31">
      <Execution id="d56c21be-4af9-45d9-bf0a-cab2cf72494b" />
      <TestMethod codeBase="C:\src\nodejstools\BuildOutput\Release14.0\Tests\Nodejs.Tests.UI.dll" adapterTypeName="Microsoft.VisualStudio.TestTools.TestTypes.Unit.UnitTestAdapter" className="Microsoft.Nodejs.Tests.UI.UITests" name="DeleteLockedFolder" />
    </UnitTest>
    <UnitTest name="AddNewFolderNested" storage="c:\src\nodejstools\buildoutput\release14.0\tests\nodejs.tests.ui.dll" priority="0" id="6c692cfa-8ee2-a7b8-171d-02bfc1f7d307">
      <Execution id="66a9710c-c76c-4e1a-87a4-bc08d558c1fe" />
      <TestMethod codeBase="C:\src\nodejstools\BuildOutput\Release14.0\Tests\Nodejs.Tests.UI.dll" adapterTypeName="Microsoft.VisualStudio.TestTools.TestTypes.Unit.UnitTestAdapter" className="Microsoft.Nodejs.Tests.UI.UITests" name="AddNewFolderNested" />
    </UnitTest>
    <UnitTest name="RenameProjectToExisting" storage="c:\src\nodejstools\buildoutput\release14.0\tests\nodejs.tests.ui.dll" priority="0" id="8e9be2ad-c8e6-e22c-7ecd-5bd0234a8acc">
      <Execution id="13b85716-dd5e-473e-a7d6-130dba850a2b" />
      <TestMethod codeBase="C:\src\nodejstools\BuildOutput\Release14.0\Tests\Nodejs.Tests.UI.dll" adapterTypeName="Microsoft.VisualStudio.TestTools.TestTypes.Unit.UnitTestAdapter" className="Microsoft.Nodejs.Tests.UI.UITests" name="RenameProjectToExisting" />
    </UnitTest>
    <UnitTest name="RenameItemsTest" storage="c:\src\nodejstools\buildoutput\release14.0\tests\nodejs.tests.ui.dll" priority="0" id="0dcb1a5c-ec72-0659-9967-5c929d915fe5">
      <Execution id="ef5e4356-9c3a-4cc0-adaa-d25114888d28" />
      <TestMethod codeBase="C:\src\nodejstools\BuildOutput\Release14.0\Tests\Nodejs.Tests.UI.dll" adapterTypeName="Microsoft.VisualStudio.TestTools.TestTypes.Unit.UnitTestAdapter" className="Microsoft.Nodejs.Tests.UI.UITests" name="RenameItemsTest" />
    </UnitTest>
    <UnitTest name="CrossProjectCopy" storage="c:\src\nodejstools\buildoutput\release14.0\tests\nodejs.tests.ui.dll" priority="0" id="75898650-debe-d7b0-64a7-639d56777f76">
      <Execution id="ca948e4a-b45d-4cde-be6e-99fbadcc5929" />
      <TestMethod codeBase="C:\src\nodejstools\BuildOutput\Release14.0\Tests\Nodejs.Tests.UI.dll" adapterTypeName="Microsoft.VisualStudio.TestTools.TestTypes.Unit.UnitTestAdapter" className="Microsoft.Nodejs.Tests.UI.UITests" name="CrossProjectCopy" />
    </UnitTest>
    <UnitTest name="CrossProjectCutPaste" storage="c:\src\nodejstools\buildoutput\release14.0\tests\nodejs.tests.ui.dll" priority="0" id="58add4db-9b34-84af-798c-bd885accbb28">
      <Execution id="ef7bb66f-0cd1-4ea2-8363-9874b00a9f04" />
      <TestMethod codeBase="C:\src\nodejstools\BuildOutput\Release14.0\Tests\Nodejs.Tests.UI.dll" adapterTypeName="Microsoft.VisualStudio.TestTools.TestTypes.Unit.UnitTestAdapter" className="Microsoft.Nodejs.Tests.UI.UITests" name="CrossProjectCutPaste" />
    </UnitTest>
    <UnitTest name="CutPaste" storage="c:\src\nodejstools\buildoutput\release14.0\tests\nodejs.tests.ui.dll" priority="0" id="586aaf1a-4412-5329-2b7b-265cf76a36de">
      <Execution id="2ca861ed-4e48-42ea-beb7-d6f8415a7f67" />
      <TestMethod codeBase="C:\src\nodejstools\BuildOutput\Release14.0\Tests\Nodejs.Tests.UI.dll" adapterTypeName="Microsoft.VisualStudio.TestTools.TestTypes.Unit.UnitTestAdapter" className="Microsoft.Nodejs.Tests.UI.UITests" name="CutPaste" />
    </UnitTest>
    <UnitTest name="CopyFolderOnToSelf" storage="c:\src\nodejstools\buildoutput\release14.0\tests\nodejs.tests.ui.dll" priority="0" id="8f402b77-c09d-833c-1f62-77388443dfd2">
      <Execution id="5450395f-a79c-4d54-9911-86896f1853aa" />
      <TestMethod codeBase="C:\src\nodejstools\BuildOutput\Release14.0\Tests\Nodejs.Tests.UI.dll" adapterTypeName="Microsoft.VisualStudio.TestTools.TestTypes.Unit.UnitTestAdapter" className="Microsoft.Nodejs.Tests.UI.UITests" name="CopyFolderOnToSelf" />
    </UnitTest>
    <UnitTest name="DragDropTest" storage="c:\src\nodejstools\buildoutput\release14.0\tests\nodejs.tests.ui.dll" priority="0" id="bce6a182-0644-03a8-3213-c7da6a6e4846">
      <Execution id="c4a70bba-4bce-49e9-ad82-ba55f3e8abe2" />
      <TestMethod codeBase="C:\src\nodejstools\BuildOutput\Release14.0\Tests\Nodejs.Tests.UI.dll" adapterTypeName="Microsoft.VisualStudio.TestTools.TestTypes.Unit.UnitTestAdapter" className="Microsoft.Nodejs.Tests.UI.UITests" name="DragDropTest" />
    </UnitTest>
    <UnitTest name="DragDropFileToFileTest" storage="c:\src\nodejstools\buildoutput\release14.0\tests\nodejs.tests.ui.dll" priority="0" id="358d4f26-1067-e342-149f-bfd08b9f55f9">
      <Execution id="a59ea356-2441-4092-8680-5e472a8bfad8" />
      <TestMethod codeBase="C:\src\nodejstools\BuildOutput\Release14.0\Tests\Nodejs.Tests.UI.dll" adapterTypeName="Microsoft.VisualStudio.TestTools.TestTypes.Unit.UnitTestAdapter" className="Microsoft.Nodejs.Tests.UI.UITests" name="DragDropFileToFileTest" />
    </UnitTest>
    <UnitTest name="DragDropFileToContainingFolderTest" storage="c:\src\nodejstools\buildoutput\release14.0\tests\nodejs.tests.ui.dll" priority="0" id="3ca7826f-46f7-28ed-58f7-77fdf7081bde">
      <Execution id="7708231b-97da-454d-978f-d81c6763f02f" />
      <TestMethod codeBase="C:\src\nodejstools\BuildOutput\Release14.0\Tests\Nodejs.Tests.UI.dll" adapterTypeName="Microsoft.VisualStudio.TestTools.TestTypes.Unit.UnitTestAdapter" className="Microsoft.Nodejs.Tests.UI.UITests" name="DragDropFileToContainingFolderTest" />
    </UnitTest>
    <UnitTest name="DragLeaveTest" storage="c:\src\nodejstools\buildoutput\release14.0\tests\nodejs.tests.ui.dll" priority="0" id="fb5143d2-e679-3c3e-15d8-a0ca4dc4a381">
      <Execution id="6b12b695-6dc8-480a-b0e9-134398584525" />
      <TestMethod codeBase="C:\src\nodejstools\BuildOutput\Release14.0\Tests\Nodejs.Tests.UI.dll" adapterTypeName="Microsoft.VisualStudio.TestTools.TestTypes.Unit.UnitTestAdapter" className="Microsoft.Nodejs.Tests.UI.UITests" name="DragLeaveTest" />
    </UnitTest>
    <UnitTest name="DragLeaveFolderTest" storage="c:\src\nodejstools\buildoutput\release14.0\tests\nodejs.tests.ui.dll" priority="0" id="74da0f5f-dcff-bea2-f773-b3a5e468f72d">
      <Execution id="199d320d-6413-4c54-b659-5f3384c7001f" />
      <TestMethod codeBase="C:\src\nodejstools\BuildOutput\Release14.0\Tests\Nodejs.Tests.UI.dll" adapterTypeName="Microsoft.VisualStudio.TestTools.TestTypes.Unit.UnitTestAdapter" className="Microsoft.Nodejs.Tests.UI.UITests" name="DragLeaveFolderTest" />
    </UnitTest>
    <UnitTest name="MultiSelectCopyAndPaste" storage="c:\src\nodejstools\buildoutput\release14.0\tests\nodejs.tests.ui.dll" priority="0" id="074c02d6-6717-31a7-cc84-d6cb67166149">
      <Execution id="7bae55a7-b88c-4be5-8bc3-34bcedb75f7d" />
      <TestMethod codeBase="C:\src\nodejstools\BuildOutput\Release14.0\Tests\Nodejs.Tests.UI.dll" adapterTypeName="Microsoft.VisualStudio.TestTools.TestTypes.Unit.UnitTestAdapter" className="Microsoft.Nodejs.Tests.UI.UITests" name="MultiSelectCopyAndPaste" />
    </UnitTest>
    <UnitTest name="TransferItem" storage="c:\src\nodejstools\buildoutput\release14.0\tests\nodejs.tests.ui.dll" priority="0" id="19b02cff-aaab-4984-631f-f8eabd4c52ee">
      <Execution id="f36478b2-6e08-45d8-8332-220b13f4197b" />
      <TestMethod codeBase="C:\src\nodejstools\BuildOutput\Release14.0\Tests\Nodejs.Tests.UI.dll" adapterTypeName="Microsoft.VisualStudio.TestTools.TestTypes.Unit.UnitTestAdapter" className="Microsoft.Nodejs.Tests.UI.UITests" name="TransferItem" />
    </UnitTest>
    <UnitTest name="SaveAs" storage="c:\src\nodejstools\buildoutput\release14.0\tests\nodejs.tests.ui.dll" priority="0" id="58ea10f4-8150-e83a-5a96-79646046a902">
      <Execution id="c99de2a2-8072-4c96-94f9-d848bcd6dea8" />
      <TestMethod codeBase="C:\src\nodejstools\BuildOutput\Release14.0\Tests\Nodejs.Tests.UI.dll" adapterTypeName="Microsoft.VisualStudio.TestTools.TestTypes.Unit.UnitTestAdapter" className="Microsoft.Nodejs.Tests.UI.UITests" name="SaveAs" />
    </UnitTest>
    <UnitTest name="JavaScriptWebAppPublish" storage="c:\src\nodejstools\buildoutput\release14.0\tests\nodejs.azurepublishing.tests.ui.dll" priority="0" id="7f03a096-2df1-9689-af0b-e5d827ce2d58">
      <Execution id="cf1513fe-dddb-4628-a979-dab53b372fee" />
      <TestMethod codeBase="C:\src\nodejstools\BuildOutput\Release14.0\Tests\Nodejs.AzurePublishing.Tests.UI.dll" adapterTypeName="Microsoft.VisualStudio.TestTools.TestTypes.Unit.UnitTestAdapter" className="AzurePublishingUITests.AzureWebRoleTests" name="JavaScriptWebAppPublish" />
    </UnitTest>
    <UnitTest name="TypeScriptWebAppPublish" storage="c:\src\nodejstools\buildoutput\release14.0\tests\nodejs.azurepublishing.tests.ui.dll" priority="0" id="6cb6ba6a-3ef0-e27a-9b31-875e78775b63">
      <Execution id="6c0f6803-952e-4a6f-aaee-377bc121284b" />
      <TestMethod codeBase="C:\src\nodejstools\BuildOutput\Release14.0\Tests\Nodejs.AzurePublishing.Tests.UI.dll" adapterTypeName="Microsoft.VisualStudio.TestTools.TestTypes.Unit.UnitTestAdapter" className="AzurePublishingUITests.AzureWebRoleTests" name="TypeScriptWebAppPublish" />
    </UnitTest>
    <UnitTest name="JavaScriptWebAppPublish" storage="c:\src\nodejstools\buildoutput\release14.0\tests\nodejs.azurepublishing.tests.ui.dll" priority="0" id="84e4092e-9ab0-b274-75d4-1495f8c88fc4">
      <Execution id="461d315c-f950-4ccc-881f-0bffbfbcf8c3" />
      <TestMethod codeBase="C:\src\nodejstools\BuildOutput\Release14.0\Tests\Nodejs.AzurePublishing.Tests.UI.dll" adapterTypeName="Microsoft.VisualStudio.TestTools.TestTypes.Unit.UnitTestAdapter" className="AzurePublishingUITests.AzureWebSiteTests" name="JavaScriptWebAppPublish" />
    </UnitTest>
    <UnitTest name="TypeScriptWebAppPublish" storage="c:\src\nodejstools\buildoutput\release14.0\tests\nodejs.azurepublishing.tests.ui.dll" priority="0" id="e5dd00e1-dc9e-4838-3d78-875550433b79">
      <Execution id="edcf49f0-5b59-45cf-a6b1-f5fe266f73c2" />
      <TestMethod codeBase="C:\src\nodejstools\BuildOutput\Release14.0\Tests\Nodejs.AzurePublishing.Tests.UI.dll" adapterTypeName="Microsoft.VisualStudio.TestTools.TestTypes.Unit.UnitTestAdapter" className="AzurePublishingUITests.AzureWebSiteTests" name="TypeScriptWebAppPublish" />
    </UnitTest>
    <UnitTest name="TestEmpty" storage="c:\src\nodejstools\buildoutput\release14.0\tests\jsanalysistests.dll" priority="0" id="0ab5fb43-74c7-b047-6655-ed873d2949e2">
      <Execution id="917effd5-fdaf-49d9-81f9-9e711c383bad" />
      <TestMethod codeBase="C:\src\nodejstools\BuildOutput\Release14.0\Tests\JSAnalysisTests.dll" adapterTypeName="Microsoft.VisualStudio.TestTools.TestTypes.Unit.UnitTestAdapter" className="AnalysisTests.AnalysisHashSetTests" name="TestEmpty" />
    </UnitTest>
    <UnitTest name="TestWrapperSelfSet" storage="c:\src\nodejstools\buildoutput\release14.0\tests\jsanalysistests.dll" priority="0" id="19ff2163-f766-f994-4671-df52e72c205c">
      <Execution id="cbbbcaf0-9d6b-458d-bd46-9535f670355a" />
      <TestMethod codeBase="C:\src\nodejstools\BuildOutput\Release14.0\Tests\JSAnalysisTests.dll" adapterTypeName="Microsoft.VisualStudio.TestTools.TestTypes.Unit.UnitTestAdapter" className="AnalysisTests.AnalysisHashSetTests" name="TestWrapperSelfSet" />
    </UnitTest>
    <UnitTest name="TestSetOfOne" storage="c:\src\nodejstools\buildoutput\release14.0\tests\jsanalysistests.dll" priority="0" id="294b58f5-9e6b-0d50-29f1-e79f87541d46">
      <Execution id="fd7a768e-3c8a-45ac-80bd-7e13aa298dec" />
      <TestMethod codeBase="C:\src\nodejstools\BuildOutput\Release14.0\Tests\JSAnalysisTests.dll" adapterTypeName="Microsoft.VisualStudio.TestTools.TestTypes.Unit.UnitTestAdapter" className="AnalysisTests.AnalysisHashSetTests" name="TestSetOfOne" />
    </UnitTest>
    <UnitTest name="TestSetOfTwo" storage="c:\src\nodejstools\buildoutput\release14.0\tests\jsanalysistests.dll" priority="0" id="d2bfe186-382d-5c6b-1dce-0ce3ad0c4adb">
      <Execution id="91573397-f90c-48a8-951a-566d7e318e17" />
      <TestMethod codeBase="C:\src\nodejstools\BuildOutput\Release14.0\Tests\JSAnalysisTests.dll" adapterTypeName="Microsoft.VisualStudio.TestTools.TestTypes.Unit.UnitTestAdapter" className="AnalysisTests.AnalysisHashSetTests" name="TestSetOfTwo" />
    </UnitTest>
    <UnitTest name="TestHashSet" storage="c:\src\nodejstools\buildoutput\release14.0\tests\jsanalysistests.dll" priority="0" id="8461010f-2825-6a1e-8d97-835ff1808798">
      <Execution id="577f9e51-794b-45fa-b740-015c27ce1f64" />
      <TestMethod codeBase="C:\src\nodejstools\BuildOutput\Release14.0\Tests\JSAnalysisTests.dll" adapterTypeName="Microsoft.VisualStudio.TestTools.TestTypes.Unit.UnitTestAdapter" className="AnalysisTests.AnalysisHashSetTests" name="TestHashSet" />
    </UnitTest>
    <UnitTest name="TestNodejsPathMembers" storage="c:\src\nodejstools\buildoutput\release14.0\tests\jsanalysistests.dll" priority="0" id="43a65047-0b11-022f-efc6-fb55880c7f58">
      <Execution id="e846b04f-ceb3-4480-8f7b-aa81b7c362ac" />
      <TestMethod codeBase="C:\src\nodejstools\BuildOutput\Release14.0\Tests\JSAnalysisTests.dll" adapterTypeName="Microsoft.VisualStudio.TestTools.TestTypes.Unit.UnitTestAdapter" className="AnalysisTests.AnalysisTests" name="TestNodejsPathMembers" />
    </UnitTest>
    <UnitTest name="TestNodejsBufferInstanceMembers" storage="c:\src\nodejstools\buildoutput\release14.0\tests\jsanalysistests.dll" priority="0" id="08371353-e428-5613-d5dd-abb688436c98">
      <Execution id="4c953988-09b7-410c-bab8-693f26f97eca" />
      <TestMethod codeBase="C:\src\nodejstools\BuildOutput\Release14.0\Tests\JSAnalysisTests.dll" adapterTypeName="Microsoft.VisualStudio.TestTools.TestTypes.Unit.UnitTestAdapter" className="AnalysisTests.AnalysisTests" name="TestNodejsBufferInstanceMembers" />
    </UnitTest>
    <UnitTest name="TestNodejsCreateFunctions" storage="c:\src\nodejstools\buildoutput\release14.0\tests\jsanalysistests.dll" priority="0" id="03afe5d5-d408-7f8b-1788-67fce509417e">
      <Execution id="203bab6b-9fc6-4f9c-9732-fc604e614504" />
      <TestMethod codeBase="C:\src\nodejstools\BuildOutput\Release14.0\Tests\JSAnalysisTests.dll" adapterTypeName="Microsoft.VisualStudio.TestTools.TestTypes.Unit.UnitTestAdapter" className="AnalysisTests.AnalysisTests" name="TestNodejsCreateFunctions" />
    </UnitTest>
    <UnitTest name="TestSetPrototypeSpecialization" storage="c:\src\nodejstools\buildoutput\release14.0\tests\jsanalysistests.dll" priority="0" id="1f41824e-8521-1f08-a8f4-890bb5bcb2f8">
      <Execution id="06888325-1706-4c34-9b34-1a1fb08f36d6" />
      <TestMethod codeBase="C:\src\nodejstools\BuildOutput\Release14.0\Tests\JSAnalysisTests.dll" adapterTypeName="Microsoft.VisualStudio.TestTools.TestTypes.Unit.UnitTestAdapter" className="AnalysisTests.AnalysisTests" name="TestSetPrototypeSpecialization" />
    </UnitTest>
    <UnitTest name="TestCopySpecialization" storage="c:\src\nodejstools\buildoutput\release14.0\tests\jsanalysistests.dll" priority="0" id="143b1b50-b42d-b0d1-dd43-19c831c6c3c9">
      <Execution id="2be2e7ae-5821-4dcf-9033-80214df3355b" />
      <TestMethod codeBase="C:\src\nodejstools\BuildOutput\Release14.0\Tests\JSAnalysisTests.dll" adapterTypeName="Microsoft.VisualStudio.TestTools.TestTypes.Unit.UnitTestAdapter" className="AnalysisTests.AnalysisTests" name="TestCopySpecialization" />
    </UnitTest>
    <UnitTest name="TestCreateSpecialization" storage="c:\src\nodejstools\buildoutput\release14.0\tests\jsanalysistests.dll" priority="0" id="0a102ec3-cf21-90d2-84fa-4beb89acacfc">
      <Execution id="1896b446-593e-4521-80c7-a6c7bd37f51d" />
      <TestMethod codeBase="C:\src\nodejstools\BuildOutput\Release14.0\Tests\JSAnalysisTests.dll" adapterTypeName="Microsoft.VisualStudio.TestTools.TestTypes.Unit.UnitTestAdapter" className="AnalysisTests.AnalysisTests" name="TestCreateSpecialization" />
    </UnitTest>
    <UnitTest name="TestFunctionParametersMultipleCallers" storage="c:\src\nodejstools\buildoutput\release14.0\tests\jsanalysistests.dll" priority="0" id="b65d8cdf-134f-707a-d165-0e67cb55fe00">
      <Execution id="9add2589-70b5-42ee-b871-729352b8750d" />
      <TestMethod codeBase="C:\src\nodejstools\BuildOutput\Release14.0\Tests\JSAnalysisTests.dll" adapterTypeName="Microsoft.VisualStudio.TestTools.TestTypes.Unit.UnitTestAdapter" className="AnalysisTests.AnalysisTests" name="TestFunctionParametersMultipleCallers" />
    </UnitTest>
    <UnitTest name="TestFunctionParameters" storage="c:\src\nodejstools\buildoutput\release14.0\tests\jsanalysistests.dll" priority="0" id="8785c0dd-bde2-cd3a-be2a-5243a202bf7d">
      <Execution id="13c0430b-c3e5-47d9-b241-0236732ea4ab" />
      <TestMethod codeBase="C:\src\nodejstools\BuildOutput\Release14.0\Tests\JSAnalysisTests.dll" adapterTypeName="Microsoft.VisualStudio.TestTools.TestTypes.Unit.UnitTestAdapter" className="AnalysisTests.AnalysisTests" name="TestFunctionParameters" />
    </UnitTest>
    <UnitTest name="TestFunctionReturn" storage="c:\src\nodejstools\buildoutput\release14.0\tests\jsanalysistests.dll" priority="0" id="9ca28274-71d0-eb9f-d346-36a3cb735c81">
      <Execution id="62456e47-07d3-4775-b347-534b96fd48dc" />
      <TestMethod codeBase="C:\src\nodejstools\BuildOutput\Release14.0\Tests\JSAnalysisTests.dll" adapterTypeName="Microsoft.VisualStudio.TestTools.TestTypes.Unit.UnitTestAdapter" className="AnalysisTests.AnalysisTests" name="TestFunctionReturn" />
    </UnitTest>
    <UnitTest name="TestFunction" storage="c:\src\nodejstools\buildoutput\release14.0\tests\jsanalysistests.dll" priority="0" id="fafcdd62-be46-d6fc-4823-c2ca7fc324a2">
      <Execution id="cd8c68e4-fb06-44cc-a37d-a8a8277440b9" />
      <TestMethod codeBase="C:\src\nodejstools\BuildOutput\Release14.0\Tests\JSAnalysisTests.dll" adapterTypeName="Microsoft.VisualStudio.TestTools.TestTypes.Unit.UnitTestAdapter" className="AnalysisTests.AnalysisTests" name="TestFunction" />
    </UnitTest>
    <UnitTest name="TestNewFunction" storage="c:\src\nodejstools\buildoutput\release14.0\tests\jsanalysistests.dll" priority="0" id="c293bbd7-7101-c721-7e24-8abd710e7184">
      <Execution id="74ae3149-43ad-46be-962f-aa159532ae16" />
      <TestMethod codeBase="C:\src\nodejstools\BuildOutput\Release14.0\Tests\JSAnalysisTests.dll" adapterTypeName="Microsoft.VisualStudio.TestTools.TestTypes.Unit.UnitTestAdapter" className="AnalysisTests.AnalysisTests" name="TestNewFunction" />
    </UnitTest>
    <UnitTest name="TestNewFunctionInstanceVariable" storage="c:\src\nodejstools\buildoutput\release14.0\tests\jsanalysistests.dll" priority="0" id="77ed8a41-75cf-c37d-cca8-7e4c97825e19">
      <Execution id="5bb3b458-6bc6-4f22-b222-f07ebcfb427d" />
      <TestMethod codeBase="C:\src\nodejstools\BuildOutput\Release14.0\Tests\JSAnalysisTests.dll" adapterTypeName="Microsoft.VisualStudio.TestTools.TestTypes.Unit.UnitTestAdapter" className="AnalysisTests.AnalysisTests" name="TestNewFunctionInstanceVariable" />
    </UnitTest>
    <UnitTest name="TestSimplePrototype" storage="c:\src\nodejstools\buildoutput\release14.0\tests\jsanalysistests.dll" priority="0" id="8c9c4ecc-ce76-bccc-bd38-8cc4a0a296a2">
      <Execution id="f8d60763-789a-45b0-bee6-8c87ea5deb33" />
      <TestMethod codeBase="C:\src\nodejstools\BuildOutput\Release14.0\Tests\JSAnalysisTests.dll" adapterTypeName="Microsoft.VisualStudio.TestTools.TestTypes.Unit.UnitTestAdapter" className="AnalysisTests.AnalysisTests" name="TestSimplePrototype" />
    </UnitTest>
    <UnitTest name="TestTypeOf" storage="c:\src\nodejstools\buildoutput\release14.0\tests\jsanalysistests.dll" priority="0" id="de07010b-93ae-d80b-c94c-ab261f08da7c">
      <Execution id="19aeedcb-d229-4bd6-9bf7-4458a6fe2f40" />
      <TestMethod codeBase="C:\src\nodejstools\BuildOutput\Release14.0\Tests\JSAnalysisTests.dll" adapterTypeName="Microsoft.VisualStudio.TestTools.TestTypes.Unit.UnitTestAdapter" className="AnalysisTests.AnalysisTests" name="TestTypeOf" />
    </UnitTest>
    <UnitTest name="TestVariableShadowing" storage="c:\src\nodejstools\buildoutput\release14.0\tests\jsanalysistests.dll" priority="0" id="302be561-90f3-46d4-57b8-b01bf579c125">
      <Execution id="8c3cb22b-5d82-4ffc-998e-ad74ff79b960" />
      <TestMethod codeBase="C:\src\nodejstools\BuildOutput\Release14.0\Tests\JSAnalysisTests.dll" adapterTypeName="Microsoft.VisualStudio.TestTools.TestTypes.Unit.UnitTestAdapter" className="AnalysisTests.AnalysisTests" name="TestVariableShadowing" />
    </UnitTest>
    <UnitTest name="TestFunctionExpressionNameScoping" storage="c:\src\nodejstools\buildoutput\release14.0\tests\jsanalysistests.dll" priority="0" id="d8681a7d-a38c-29b3-8817-ab967c398236">
      <Execution id="f93f6a58-8b37-46ae-9c0d-6fc130b291dc" />
      <TestMethod codeBase="C:\src\nodejstools\BuildOutput\Release14.0\Tests\JSAnalysisTests.dll" adapterTypeName="Microsoft.VisualStudio.TestTools.TestTypes.Unit.UnitTestAdapter" className="AnalysisTests.AnalysisTests" name="TestFunctionExpressionNameScoping" />
    </UnitTest>
    <UnitTest name="TestFunctionExpressionNameScopingNested" storage="c:\src\nodejstools\buildoutput\release14.0\tests\jsanalysistests.dll" priority="0" id="777a399a-f58d-a55b-9177-b703814d1a17">
      <Execution id="029b0e7a-2852-495b-8ce4-abe4d681d217" />
      <TestMethod codeBase="C:\src\nodejstools\BuildOutput\Release14.0\Tests\JSAnalysisTests.dll" adapterTypeName="Microsoft.VisualStudio.TestTools.TestTypes.Unit.UnitTestAdapter" className="AnalysisTests.AnalysisTests" name="TestFunctionExpressionNameScopingNested" />
    </UnitTest>
    <UnitTest name="TestFunctionClosureCall" storage="c:\src\nodejstools\buildoutput\release14.0\tests\jsanalysistests.dll" priority="0" id="9ebd7953-fd2a-48d9-81e0-fbee314c95aa">
      <Execution id="823a788d-2cec-4346-a71f-ac610b52269e" />
      <TestMethod codeBase="C:\src\nodejstools\BuildOutput\Release14.0\Tests\JSAnalysisTests.dll" adapterTypeName="Microsoft.VisualStudio.TestTools.TestTypes.Unit.UnitTestAdapter" className="AnalysisTests.AnalysisTests" name="TestFunctionClosureCall" />
    </UnitTest>
    <UnitTest name="TestTypes" storage="c:\src\nodejstools\buildoutput\release14.0\tests\jsanalysistests.dll" priority="0" id="e3822ad4-e734-9d4f-3641-6da38c86016a">
      <Execution id="cb0cc09c-3d4f-4985-b879-27e3a2de804b" />
      <TestMethod codeBase="C:\src\nodejstools\BuildOutput\Release14.0\Tests\JSAnalysisTests.dll" adapterTypeName="Microsoft.VisualStudio.TestTools.TestTypes.Unit.UnitTestAdapter" className="AnalysisTests.AnalysisTests" name="TestTypes" />
    </UnitTest>
    <UnitTest name="TestDateTime" storage="c:\src\nodejstools\buildoutput\release14.0\tests\jsanalysistests.dll" priority="0" id="fa877a50-2288-43af-cdd1-faa95e169304">
      <Execution id="3dc192a2-d614-4ac4-b4a4-c6396ad172af" />
      <TestMethod codeBase="C:\src\nodejstools\BuildOutput\Release14.0\Tests\JSAnalysisTests.dll" adapterTypeName="Microsoft.VisualStudio.TestTools.TestTypes.Unit.UnitTestAdapter" className="AnalysisTests.AnalysisTests" name="TestDateTime" />
    </UnitTest>
    <UnitTest name="TestDescriptions" storage="c:\src\nodejstools\buildoutput\release14.0\tests\jsanalysistests.dll" priority="0" id="4f727cc3-681d-aa9e-cd82-3e02c668fd4e">
      <Execution id="c61d0e52-3446-41e5-8483-e540b8ea4c9a" />
      <TestMethod codeBase="C:\src\nodejstools\BuildOutput\Release14.0\Tests\JSAnalysisTests.dll" adapterTypeName="Microsoft.VisualStudio.TestTools.TestTypes.Unit.UnitTestAdapter" className="AnalysisTests.AnalysisTests" name="TestDescriptions" />
    </UnitTest>
    <UnitTest name="TestUtilInherits" storage="c:\src\nodejstools\buildoutput\release14.0\tests\jsanalysistests.dll" priority="0" id="d6fe359e-673d-9c4c-0177-387039ca914f">
      <Execution id="e4f2d900-1765-4bd5-8abd-a661e7219ca1" />
      <TestMethod codeBase="C:\src\nodejstools\BuildOutput\Release14.0\Tests\JSAnalysisTests.dll" adapterTypeName="Microsoft.VisualStudio.TestTools.TestTypes.Unit.UnitTestAdapter" className="AnalysisTests.AnalysisTests" name="TestUtilInherits" />
    </UnitTest>
    <UnitTest name="TestUtilInherits2" storage="c:\src\nodejstools\buildoutput\release14.0\tests\jsanalysistests.dll" priority="0" id="4cae5d0e-e8ad-196e-709c-c46acaf1b4fd">
      <Execution id="d0a520fc-e10d-4728-bd86-2d6f626035a8" />
      <TestMethod codeBase="C:\src\nodejstools\BuildOutput\Release14.0\Tests\JSAnalysisTests.dll" adapterTypeName="Microsoft.VisualStudio.TestTools.TestTypes.Unit.UnitTestAdapter" className="AnalysisTests.AnalysisTests" name="TestUtilInherits2" />
    </UnitTest>
    <UnitTest name="TestDunderProto" storage="c:\src\nodejstools\buildoutput\release14.0\tests\jsanalysistests.dll" priority="0" id="93883936-c3a9-b72e-0153-e5304f67ccd9">
      <Execution id="980381f8-3a8f-445d-8209-1bb92c2b1c2d" />
      <TestMethod codeBase="C:\src\nodejstools\BuildOutput\Release14.0\Tests\JSAnalysisTests.dll" adapterTypeName="Microsoft.VisualStudio.TestTools.TestTypes.Unit.UnitTestAdapter" className="AnalysisTests.AnalysisTests" name="TestDunderProto" />
    </UnitTest>
    <UnitTest name="TestInvalidGrouping" storage="c:\src\nodejstools\buildoutput\release14.0\tests\jsanalysistests.dll" priority="0" id="493c17c7-569e-60ed-e645-0b7b2b0b0c7d">
      <Execution id="aa116ebc-bb63-46d0-be03-381ba6d76f86" />
      <TestMethod codeBase="C:\src\nodejstools\BuildOutput\Release14.0\Tests\JSAnalysisTests.dll" adapterTypeName="Microsoft.VisualStudio.TestTools.TestTypes.Unit.UnitTestAdapter" className="AnalysisTests.AnalysisTests" name="TestInvalidGrouping" />
    </UnitTest>
    <UnitTest name="UncalledPrototypeMethod" storage="c:\src\nodejstools\buildoutput\release14.0\tests\jsanalysistests.dll" priority="0" id="63283a15-f162-7a9d-8e14-3153800448ef">
      <Execution id="9273c48a-70c6-4bbd-a20d-76814e11f70e" />
      <TestMethod codeBase="C:\src\nodejstools\BuildOutput\Release14.0\Tests\JSAnalysisTests.dll" adapterTypeName="Microsoft.VisualStudio.TestTools.TestTypes.Unit.UnitTestAdapter" className="AnalysisTests.AnalysisTests" name="UncalledPrototypeMethod" />
    </UnitTest>
    <UnitTest name="TestEventEmitter" storage="c:\src\nodejstools\buildoutput\release14.0\tests\jsanalysistests.dll" priority="0" id="32f1f717-8bdd-58d4-3206-8d4259a15575">
      <Execution id="3a48671d-b529-4a9f-a078-11b4ea994147" />
      <TestMethod codeBase="C:\src\nodejstools\BuildOutput\Release14.0\Tests\JSAnalysisTests.dll" adapterTypeName="Microsoft.VisualStudio.TestTools.TestTypes.Unit.UnitTestAdapter" className="AnalysisTests.AnalysisTests" name="TestEventEmitter" />
    </UnitTest>
    <UnitTest name="TestAnalysisWrapperLifetime" storage="c:\src\nodejstools\buildoutput\release14.0\tests\jsanalysistests.dll" priority="0" id="a679ec6a-9aa0-c081-6988-4d6e752f4db5">
      <Execution id="ad042407-b969-4e3c-b75b-8ae48d57dc43" />
      <TestMethod codeBase="C:\src\nodejstools\BuildOutput\Release14.0\Tests\JSAnalysisTests.dll" adapterTypeName="Microsoft.VisualStudio.TestTools.TestTypes.Unit.UnitTestAdapter" className="AnalysisTests.AnalysisTests" name="TestAnalysisWrapperLifetime" />
    </UnitTest>
    <UnitTest name="TestExportsLocation" storage="c:\src\nodejstools\buildoutput\release14.0\tests\jsanalysistests.dll" priority="0" id="e1ed6992-8116-84d1-5d0b-2f866960f1c7">
      <Execution id="31c8dc94-27d8-45e4-8576-de7a50ce1793" />
      <TestMethod codeBase="C:\src\nodejstools\BuildOutput\Release14.0\Tests\JSAnalysisTests.dll" adapterTypeName="Microsoft.VisualStudio.TestTools.TestTypes.Unit.UnitTestAdapter" className="AnalysisTests.AnalysisTests" name="TestExportsLocation" />
    </UnitTest>
    <UnitTest name="TestBadString" storage="c:\src\nodejstools\buildoutput\release14.0\tests\jsanalysistests.dll" priority="0" id="6d21f8d3-9715-4938-a772-b88ca342a077">
      <Execution id="eaf339fa-03cd-4a04-9b25-465ea5ea3fbc" />
      <TestMethod codeBase="C:\src\nodejstools\BuildOutput\Release14.0\Tests\JSAnalysisTests.dll" adapterTypeName="Microsoft.VisualStudio.TestTools.TestTypes.Unit.UnitTestAdapter" className="AnalysisTests.AnalysisTests" name="TestBadString" />
    </UnitTest>
    <UnitTest name="TestFunctionApply" storage="c:\src\nodejstools\buildoutput\release14.0\tests\jsanalysistests.dll" priority="0" id="525a89b3-4a7e-8cf2-be00-76fbb06ffa92">
      <Execution id="c8275eba-feca-4bc1-9871-8ba5e71ac88e" />
      <TestMethod codeBase="C:\src\nodejstools\BuildOutput\Release14.0\Tests\JSAnalysisTests.dll" adapterTypeName="Microsoft.VisualStudio.TestTools.TestTypes.Unit.UnitTestAdapter" className="AnalysisTests.AnalysisTests" name="TestFunctionApply" />
    </UnitTest>
    <UnitTest name="TestToString" storage="c:\src\nodejstools\buildoutput\release14.0\tests\jsanalysistests.dll" priority="0" id="d0e6f8f3-23b5-c057-8353-0754030fd121">
      <Execution id="bea3207d-9caa-4457-8446-da2b6bad4cd4" />
      <TestMethod codeBase="C:\src\nodejstools\BuildOutput\Release14.0\Tests\JSAnalysisTests.dll" adapterTypeName="Microsoft.VisualStudio.TestTools.TestTypes.Unit.UnitTestAdapter" className="AnalysisTests.AnalysisTests" name="TestToString" />
    </UnitTest>
    <UnitTest name="TestBuiltinDoc" storage="c:\src\nodejstools\buildoutput\release14.0\tests\jsanalysistests.dll" priority="0" id="91cc8a7c-386f-cedc-85cc-30240b58aa05">
      <Execution id="5192fb02-bd33-4bdb-9b13-37ee5a58a7b0" />
      <TestMethod codeBase="C:\src\nodejstools\BuildOutput\Release14.0\Tests\JSAnalysisTests.dll" adapterTypeName="Microsoft.VisualStudio.TestTools.TestTypes.Unit.UnitTestAdapter" className="AnalysisTests.AnalysisTests" name="TestBuiltinDoc" />
    </UnitTest>
    <UnitTest name="TestAllMembers" storage="c:\src\nodejstools\buildoutput\release14.0\tests\jsanalysistests.dll" priority="0" id="177b588f-b89f-8700-9b7f-31248f9a13f9">
      <Execution id="82c2812b-7dd3-4c89-94b9-98530c5b2f5b" />
      <TestMethod codeBase="C:\src\nodejstools\BuildOutput\Release14.0\Tests\JSAnalysisTests.dll" adapterTypeName="Microsoft.VisualStudio.TestTools.TestTypes.Unit.UnitTestAdapter" className="AnalysisTests.AnalysisTests" name="TestAllMembers" />
    </UnitTest>
    <UnitTest name="TestReturnValues" storage="c:\src\nodejstools\buildoutput\release14.0\tests\jsanalysistests.dll" priority="0" id="9f267978-d615-cacf-3967-c54b5d0f25dd">
      <Execution id="e78c6746-1082-4389-8837-8bc48a935459" />
      <TestMethod codeBase="C:\src\nodejstools\BuildOutput\Release14.0\Tests\JSAnalysisTests.dll" adapterTypeName="Microsoft.VisualStudio.TestTools.TestTypes.Unit.UnitTestAdapter" className="AnalysisTests.AnalysisTests" name="TestReturnValues" />
    </UnitTest>
    <UnitTest name="TestArguments" storage="c:\src\nodejstools\buildoutput\release14.0\tests\jsanalysistests.dll" priority="0" id="a2ed086b-c0a7-e980-185f-10a12dd9e5c3">
      <Execution id="810e8d85-4538-44d4-963f-4f2ad9b09b3a" />
      <TestMethod codeBase="C:\src\nodejstools\BuildOutput\Release14.0\Tests\JSAnalysisTests.dll" adapterTypeName="Microsoft.VisualStudio.TestTools.TestTypes.Unit.UnitTestAdapter" className="AnalysisTests.AnalysisTests" name="TestArguments" />
    </UnitTest>
    <UnitTest name="TestAssignmentScope" storage="c:\src\nodejstools\buildoutput\release14.0\tests\jsanalysistests.dll" priority="0" id="0213c9f0-dfde-14ab-a094-451719a7d457">
      <Execution id="7b337f9e-0c7d-4890-b2cc-24dee196662a" />
      <TestMethod codeBase="C:\src\nodejstools\BuildOutput\Release14.0\Tests\JSAnalysisTests.dll" adapterTypeName="Microsoft.VisualStudio.TestTools.TestTypes.Unit.UnitTestAdapter" className="AnalysisTests.AnalysisTests" name="TestAssignmentScope" />
    </UnitTest>
    <UnitTest name="TestMembersListsInvalidIdentifier" storage="c:\src\nodejstools\buildoutput\release14.0\tests\jsanalysistests.dll" priority="0" id="a09158cc-127c-e70e-3de1-a516662b695b">
      <Execution id="329f8a85-8fe4-4964-866a-82925c32fa0f" />
      <TestMethod codeBase="C:\src\nodejstools\BuildOutput\Release14.0\Tests\JSAnalysisTests.dll" adapterTypeName="Microsoft.VisualStudio.TestTools.TestTypes.Unit.UnitTestAdapter" className="AnalysisTests.AnalysisTests" name="TestMembersListsInvalidIdentifier" />
    </UnitTest>
    <UnitTest name="TestPrimitiveMembers" storage="c:\src\nodejstools\buildoutput\release14.0\tests\jsanalysistests.dll" priority="0" id="7b29bd09-d7ee-3d51-dcd5-91db1f0388b9">
      <Execution id="cb8ca4bf-b266-46b2-a4b1-bd512dc42a7e" />
      <TestMethod codeBase="C:\src\nodejstools\BuildOutput\Release14.0\Tests\JSAnalysisTests.dll" adapterTypeName="Microsoft.VisualStudio.TestTools.TestTypes.Unit.UnitTestAdapter" className="AnalysisTests.AnalysisTests" name="TestPrimitiveMembers" />
    </UnitTest>
    <UnitTest name="TestArrayForEach" storage="c:\src\nodejstools\buildoutput\release14.0\tests\jsanalysistests.dll" priority="0" id="a7659bb3-3a43-2413-bf75-9110c8c7793b">
      <Execution id="2d4f14ca-e8b3-4d5c-9588-a4033e831911" />
      <TestMethod codeBase="C:\src\nodejstools\BuildOutput\Release14.0\Tests\JSAnalysisTests.dll" adapterTypeName="Microsoft.VisualStudio.TestTools.TestTypes.Unit.UnitTestAdapter" className="AnalysisTests.AnalysisTests" name="TestArrayForEach" />
    </UnitTest>
    <UnitTest name="TestArrayPush" storage="c:\src\nodejstools\buildoutput\release14.0\tests\jsanalysistests.dll" priority="0" id="dbcbc4de-b799-036f-e6fd-abf2141bc357">
      <Execution id="0b8ee623-d22b-455d-b254-8d1a088f50b3" />
      <TestMethod codeBase="C:\src\nodejstools\BuildOutput\Release14.0\Tests\JSAnalysisTests.dll" adapterTypeName="Microsoft.VisualStudio.TestTools.TestTypes.Unit.UnitTestAdapter" className="AnalysisTests.AnalysisTests" name="TestArrayPush" />
    </UnitTest>
    <UnitTest name="TestArrayPop" storage="c:\src\nodejstools\buildoutput\release14.0\tests\jsanalysistests.dll" priority="0" id="89ccd302-31cc-ff89-787f-7c093a8440f2">
      <Execution id="0ceb0557-a598-449b-b7c4-1694e5ba7335" />
      <TestMethod codeBase="C:\src\nodejstools\BuildOutput\Release14.0\Tests\JSAnalysisTests.dll" adapterTypeName="Microsoft.VisualStudio.TestTools.TestTypes.Unit.UnitTestAdapter" className="AnalysisTests.AnalysisTests" name="TestArrayPop" />
    </UnitTest>
    <UnitTest name="TestArraySetIndex" storage="c:\src\nodejstools\buildoutput\release14.0\tests\jsanalysistests.dll" priority="0" id="eefd2add-74e8-d0be-8a3c-7a22d3c3bec7">
      <Execution id="4f69da30-7331-4472-b2ef-ad2222945b68" />
      <TestMethod codeBase="C:\src\nodejstools\BuildOutput\Release14.0\Tests\JSAnalysisTests.dll" adapterTypeName="Microsoft.VisualStudio.TestTools.TestTypes.Unit.UnitTestAdapter" className="AnalysisTests.AnalysisTests" name="TestArraySetIndex" />
    </UnitTest>
    <UnitTest name="TestArraySlice" storage="c:\src\nodejstools\buildoutput\release14.0\tests\jsanalysistests.dll" priority="0" id="d791ad28-b008-c924-cf24-f05b7d2f4ca6">
      <Execution id="5393059b-e340-48b8-96c7-17e917b87f1a" />
      <TestMethod codeBase="C:\src\nodejstools\BuildOutput\Release14.0\Tests\JSAnalysisTests.dll" adapterTypeName="Microsoft.VisualStudio.TestTools.TestTypes.Unit.UnitTestAdapter" className="AnalysisTests.AnalysisTests" name="TestArraySlice" />
    </UnitTest>
    <UnitTest name="TestArrayConcat" storage="c:\src\nodejstools\buildoutput\release14.0\tests\jsanalysistests.dll" priority="0" id="eaafe7d4-cdd8-9c6e-4978-1493da16d7bb">
      <Execution id="d2b8fd32-86b3-4610-8de9-7cd130b86b8e" />
      <TestMethod codeBase="C:\src\nodejstools\BuildOutput\Release14.0\Tests\JSAnalysisTests.dll" adapterTypeName="Microsoft.VisualStudio.TestTools.TestTypes.Unit.UnitTestAdapter" className="AnalysisTests.AnalysisTests" name="TestArrayConcat" />
    </UnitTest>
    <UnitTest name="TestPrototypeGetter" storage="c:\src\nodejstools\buildoutput\release14.0\tests\jsanalysistests.dll" priority="0" id="b992f9a3-f6c2-403b-211f-b46dab1f34b4">
      <Execution id="b015a14b-3d7b-4030-bbcf-0221743099c1" />
      <TestMethod codeBase="C:\src\nodejstools\BuildOutput\Release14.0\Tests\JSAnalysisTests.dll" adapterTypeName="Microsoft.VisualStudio.TestTools.TestTypes.Unit.UnitTestAdapter" className="AnalysisTests.AnalysisTests" name="TestPrototypeGetter" />
    </UnitTest>
    <UnitTest name="TestFunctionDefineGetter" storage="c:\src\nodejstools\buildoutput\release14.0\tests\jsanalysistests.dll" priority="0" id="08c0e81b-3c19-7879-c4f7-c3e19192b579">
      <Execution id="7bbc5c98-b3a4-4925-ac4c-a3113bbf9edd" />
      <TestMethod codeBase="C:\src\nodejstools\BuildOutput\Release14.0\Tests\JSAnalysisTests.dll" adapterTypeName="Microsoft.VisualStudio.TestTools.TestTypes.Unit.UnitTestAdapter" className="AnalysisTests.AnalysisTests" name="TestFunctionDefineGetter" />
    </UnitTest>
    <UnitTest name="TestFunctionPrototypeLookup" storage="c:\src\nodejstools\buildoutput\release14.0\tests\jsanalysistests.dll" priority="0" id="55f857dd-947c-47c8-da8b-071e769d53c5">
      <Execution id="94007623-6d26-4f27-982e-664fcf118077" />
      <TestMethod codeBase="C:\src\nodejstools\BuildOutput\Release14.0\Tests\JSAnalysisTests.dll" adapterTypeName="Microsoft.VisualStudio.TestTools.TestTypes.Unit.UnitTestAdapter" className="AnalysisTests.AnalysisTests" name="TestFunctionPrototypeLookup" />
    </UnitTest>
    <UnitTest name="TestProtoSetCorrectly" storage="c:\src\nodejstools\buildoutput\release14.0\tests\jsanalysistests.dll" priority="0" id="deac4d1e-484b-2d18-4706-f55d0e6ef837">
      <Execution id="47f68793-f139-4d6a-ab5f-1b8c376f16a9" />
      <TestMethod codeBase="C:\src\nodejstools\BuildOutput\Release14.0\Tests\JSAnalysisTests.dll" adapterTypeName="Microsoft.VisualStudio.TestTools.TestTypes.Unit.UnitTestAdapter" className="AnalysisTests.AnalysisTests" name="TestProtoSetCorrectly" />
    </UnitTest>
    <UnitTest name="TestInfiniteDescriptors" storage="c:\src\nodejstools\buildoutput\release14.0\tests\jsanalysistests.dll" priority="0" id="a183bb68-3f8d-5be3-a243-234b2006e647">
      <Execution id="483ec4e5-6559-45d1-af73-56880ac0043c" />
      <TestMethod codeBase="C:\src\nodejstools\BuildOutput\Release14.0\Tests\JSAnalysisTests.dll" adapterTypeName="Microsoft.VisualStudio.TestTools.TestTypes.Unit.UnitTestAdapter" className="AnalysisTests.AnalysisTests" name="TestInfiniteDescriptors" />
    </UnitTest>
    <UnitTest name="TestCopyDescriptor" storage="c:\src\nodejstools\buildoutput\release14.0\tests\jsanalysistests.dll" priority="0" id="2bfeb394-316e-fa9d-d893-f78476513df8">
      <Execution id="656694d3-1bb3-4b64-a6c9-398011c930db" />
      <TestMethod codeBase="C:\src\nodejstools\BuildOutput\Release14.0\Tests\JSAnalysisTests.dll" adapterTypeName="Microsoft.VisualStudio.TestTools.TestTypes.Unit.UnitTestAdapter" className="AnalysisTests.AnalysisTests" name="TestCopyDescriptor" />
    </UnitTest>
    <UnitTest name="FailingTestDefinePropertyLoop" storage="c:\src\nodejstools\buildoutput\release14.0\tests\jsanalysistests.dll" priority="0" id="2caa513e-77dc-f5f2-d6cc-3d44d1b83647">
      <Execution id="8c41ed83-b8c1-467c-8a89-131ba1de699d" />
      <TestMethod codeBase="C:\src\nodejstools\BuildOutput\Release14.0\Tests\JSAnalysisTests.dll" adapterTypeName="Microsoft.VisualStudio.TestTools.TestTypes.Unit.UnitTestAdapter" className="AnalysisTests.AnalysisTests" name="FailingTestDefinePropertyLoop" />
    </UnitTest>
    <UnitTest name="TestThisFlows" storage="c:\src\nodejstools\buildoutput\release14.0\tests\jsanalysistests.dll" priority="0" id="4b608766-1db8-375f-fee7-2dd7ef469a3d">
      <Execution id="38e1ce53-60f2-45b5-87b4-971bc312f4ca" />
      <TestMethod codeBase="C:\src\nodejstools\BuildOutput\Release14.0\Tests\JSAnalysisTests.dll" adapterTypeName="Microsoft.VisualStudio.TestTools.TestTypes.Unit.UnitTestAdapter" className="AnalysisTests.AnalysisTests" name="TestThisFlows" />
    </UnitTest>
    <UnitTest name="TestThisFlows2" storage="c:\src\nodejstools\buildoutput\release14.0\tests\jsanalysistests.dll" priority="0" id="d1415c20-13c2-7a68-e7a4-fa739ed20b75">
      <Execution id="4c262288-8d27-412d-8d78-288fc5e7b912" />
      <TestMethod codeBase="C:\src\nodejstools\BuildOutput\Release14.0\Tests\JSAnalysisTests.dll" adapterTypeName="Microsoft.VisualStudio.TestTools.TestTypes.Unit.UnitTestAdapter" className="AnalysisTests.AnalysisTests" name="TestThisFlows2" />
    </UnitTest>
    <UnitTest name="TestThisPassedAndReturned" storage="c:\src\nodejstools\buildoutput\release14.0\tests\jsanalysistests.dll" priority="0" id="b701def1-a114-36d5-9c97-24f86989e4b1">
      <Execution id="1ff20f6e-834b-4b8b-bb6c-407c2392ef1c" />
      <TestMethod codeBase="C:\src\nodejstools\BuildOutput\Release14.0\Tests\JSAnalysisTests.dll" adapterTypeName="Microsoft.VisualStudio.TestTools.TestTypes.Unit.UnitTestAdapter" className="AnalysisTests.AnalysisTests" name="TestThisPassedAndReturned" />
    </UnitTest>
    <UnitTest name="Failing_TestThis" storage="c:\src\nodejstools\buildoutput\release14.0\tests\jsanalysistests.dll" priority="2" id="5161b754-98e9-11a5-1c95-c1de186bfa62">
      <Execution id="4c7ba907-e259-4ade-9eaf-4d2099fa39e4" />
      <TestMethod codeBase="C:\src\nodejstools\BuildOutput\Release14.0\Tests\JSAnalysisTests.dll" adapterTypeName="Microsoft.VisualStudio.TestTools.TestTypes.Unit.UnitTestAdapter" className="AnalysisTests.AnalysisTests" name="Failing_TestThis" />
    </UnitTest>
    <UnitTest name="TestPropertyGotoDef" storage="c:\src\nodejstools\buildoutput\release14.0\tests\jsanalysistests.dll" priority="0" id="1d27d18b-c7f4-8d39-848b-cb650403364d">
      <Execution id="09e8a689-f0d3-4fdc-b756-b7fc66c478be" />
      <TestMethod codeBase="C:\src\nodejstools\BuildOutput\Release14.0\Tests\JSAnalysisTests.dll" adapterTypeName="Microsoft.VisualStudio.TestTools.TestTypes.Unit.UnitTestAdapter" className="AnalysisTests.AnalysisTests" name="TestPropertyGotoDef" />
    </UnitTest>
    <UnitTest name="TestAttributeGotoDef" storage="c:\src\nodejstools\buildoutput\release14.0\tests\jsanalysistests.dll" priority="0" id="f485d424-500d-ca50-524b-e9fe2977c952">
      <Execution id="a7ac1315-25c2-488f-b6ef-bc758ef903fa" />
      <TestMethod codeBase="C:\src\nodejstools\BuildOutput\Release14.0\Tests\JSAnalysisTests.dll" adapterTypeName="Microsoft.VisualStudio.TestTools.TestTypes.Unit.UnitTestAdapter" className="AnalysisTests.AnalysisTests" name="TestAttributeGotoDef" />
    </UnitTest>
    <UnitTest name="TestBuiltinRequireGotoDef" storage="c:\src\nodejstools\buildoutput\release14.0\tests\jsanalysistests.dll" priority="0" id="47792db1-bd8e-5dd8-8c0d-305bc6843ab4">
      <Execution id="b1666157-f905-477b-a0c9-c0dba46b92dd" />
      <TestMethod codeBase="C:\src\nodejstools\BuildOutput\Release14.0\Tests\JSAnalysisTests.dll" adapterTypeName="Microsoft.VisualStudio.TestTools.TestTypes.Unit.UnitTestAdapter" className="AnalysisTests.AnalysisTests" name="TestBuiltinRequireGotoDef" />
    </UnitTest>
    <UnitTest name="TestGlobals" storage="c:\src\nodejstools\buildoutput\release14.0\tests\jsanalysistests.dll" priority="0" id="510b202c-d4b5-385f-c48f-c8b88656a1ef">
      <Execution id="c7e87332-b746-481c-ab52-09245092d850" />
      <TestMethod codeBase="C:\src\nodejstools\BuildOutput\Release14.0\Tests\JSAnalysisTests.dll" adapterTypeName="Microsoft.VisualStudio.TestTools.TestTypes.Unit.UnitTestAdapter" className="AnalysisTests.AnalysisTests" name="TestGlobals" />
    </UnitTest>
    <UnitTest name="TestDefinitiveAssignmentScoping" storage="c:\src\nodejstools\buildoutput\release14.0\tests\jsanalysistests.dll" priority="0" id="9e5b3da0-224a-dbbe-2907-88b276e37413">
      <Execution id="4ac55dca-4fb2-4af1-920e-5b0cfa925949" />
      <TestMethod codeBase="C:\src\nodejstools\BuildOutput\Release14.0\Tests\JSAnalysisTests.dll" adapterTypeName="Microsoft.VisualStudio.TestTools.TestTypes.Unit.UnitTestAdapter" className="AnalysisTests.AnalysisTests" name="TestDefinitiveAssignmentScoping" />
    </UnitTest>
    <UnitTest name="TestDefinitiveAssignmentScoping2" storage="c:\src\nodejstools\buildoutput\release14.0\tests\jsanalysistests.dll" priority="0" id="04acc1be-b23f-6fbe-a1dd-f4e6e00f335f">
      <Execution id="078145ba-913d-45bc-b4ae-c04e36faba81" />
      <TestMethod codeBase="C:\src\nodejstools\BuildOutput\Release14.0\Tests\JSAnalysisTests.dll" adapterTypeName="Microsoft.VisualStudio.TestTools.TestTypes.Unit.UnitTestAdapter" className="AnalysisTests.AnalysisTests" name="TestDefinitiveAssignmentScoping2" />
    </UnitTest>
    <UnitTest name="TestSignatureHelp" storage="c:\src\nodejstools\buildoutput\release14.0\tests\jsanalysistests.dll" priority="0" id="369c5725-683e-87d6-887f-4bee8ee1a8dc">
      <Execution id="f05eb85e-ad2e-471a-b5d6-65bc41e7fbed" />
      <TestMethod codeBase="C:\src\nodejstools\BuildOutput\Release14.0\Tests\JSAnalysisTests.dll" adapterTypeName="Microsoft.VisualStudio.TestTools.TestTypes.Unit.UnitTestAdapter" className="AnalysisTests.AnalysisTests" name="TestSignatureHelp" />
    </UnitTest>
    <UnitTest name="TestJSDoc" storage="c:\src\nodejstools\buildoutput\release14.0\tests\jsanalysistests.dll" priority="0" id="3995f132-10ab-5407-b07d-2f39ed94e539">
      <Execution id="454dde3b-646b-4e67-8725-5c26f1c9d100" />
      <TestMethod codeBase="C:\src\nodejstools\BuildOutput\Release14.0\Tests\JSAnalysisTests.dll" adapterTypeName="Microsoft.VisualStudio.TestTools.TestTypes.Unit.UnitTestAdapter" className="AnalysisTests.AnalysisTests" name="TestJSDoc" />
    </UnitTest>
    <UnitTest name="TestStringMembers" storage="c:\src\nodejstools\buildoutput\release14.0\tests\jsanalysistests.dll" priority="0" id="de143572-efa1-26fa-328d-f8333abdcde7">
      <Execution id="1d587770-d574-4e74-86c6-3542d6c32114" />
      <TestMethod codeBase="C:\src\nodejstools\BuildOutput\Release14.0\Tests\JSAnalysisTests.dll" adapterTypeName="Microsoft.VisualStudio.TestTools.TestTypes.Unit.UnitTestAdapter" className="AnalysisTests.AnalysisTests" name="TestStringMembers" />
    </UnitTest>
    <UnitTest name="TestBadIndexes" storage="c:\src\nodejstools\buildoutput\release14.0\tests\jsanalysistests.dll" priority="0" id="a112a836-193c-ff31-3127-6c6f0148b5c6">
      <Execution id="2617c8a6-5e73-49b9-a3a0-767e7c58373a" />
      <TestMethod codeBase="C:\src\nodejstools\BuildOutput\Release14.0\Tests\JSAnalysisTests.dll" adapterTypeName="Microsoft.VisualStudio.TestTools.TestTypes.Unit.UnitTestAdapter" className="AnalysisTests.AnalysisTests" name="TestBadIndexes" />
    </UnitTest>
    <UnitTest name="TestDefinitiveAssignmentMerged" storage="c:\src\nodejstools\buildoutput\release14.0\tests\jsanalysistests.dll" priority="0" id="a86cba60-15cf-1018-9b60-05d0ea3511d4">
      <Execution id="0eeded98-e90e-4881-bfd5-fe9010a32f05" />
      <TestMethod codeBase="C:\src\nodejstools\BuildOutput\Release14.0\Tests\JSAnalysisTests.dll" adapterTypeName="Microsoft.VisualStudio.TestTools.TestTypes.Unit.UnitTestAdapter" className="AnalysisTests.AnalysisTests" name="TestDefinitiveAssignmentMerged" />
    </UnitTest>
    <UnitTest name="TestDefinitiveAssignment" storage="c:\src\nodejstools\buildoutput\release14.0\tests\jsanalysistests.dll" priority="0" id="9d726146-c5ab-6f13-d1f0-9cd8ea7b8494">
      <Execution id="40493843-32e6-4a67-96a2-570821d67eb8" />
      <TestMethod codeBase="C:\src\nodejstools\BuildOutput\Release14.0\Tests\JSAnalysisTests.dll" adapterTypeName="Microsoft.VisualStudio.TestTools.TestTypes.Unit.UnitTestAdapter" className="AnalysisTests.AnalysisTests" name="TestDefinitiveAssignment" />
    </UnitTest>
    <UnitTest name="TestDefinitiveAssignmentNested" storage="c:\src\nodejstools\buildoutput\release14.0\tests\jsanalysistests.dll" priority="0" id="082a71ed-ee38-af09-9287-cbd291f43c68">
      <Execution id="1f36b75a-cf86-46c6-b981-ccbefbc43e4a" />
      <TestMethod codeBase="C:\src\nodejstools\BuildOutput\Release14.0\Tests\JSAnalysisTests.dll" adapterTypeName="Microsoft.VisualStudio.TestTools.TestTypes.Unit.UnitTestAdapter" className="AnalysisTests.AnalysisTests" name="TestDefinitiveAssignmentNested" />
    </UnitTest>
    <UnitTest name="TestConstruct" storage="c:\src\nodejstools\buildoutput\release14.0\tests\jsanalysistests.dll" priority="0" id="f0f91be8-f23f-c6ac-e3f6-a88933387c0d">
      <Execution id="ed5ba5c8-8a71-46c5-a3ea-21d4521eb96f" />
      <TestMethod codeBase="C:\src\nodejstools\BuildOutput\Release14.0\Tests\JSAnalysisTests.dll" adapterTypeName="Microsoft.VisualStudio.TestTools.TestTypes.Unit.UnitTestAdapter" className="AnalysisTests.AnalysisTests" name="TestConstruct" />
    </UnitTest>
    <UnitTest name="TestConstructReturnFunction" storage="c:\src\nodejstools\buildoutput\release14.0\tests\jsanalysistests.dll" priority="0" id="cce249d3-c804-fb36-8bb1-476ea1d34cd0">
      <Execution id="fa030294-97ce-4bb0-b458-23c886b40cb9" />
      <TestMethod codeBase="C:\src\nodejstools\BuildOutput\Release14.0\Tests\JSAnalysisTests.dll" adapterTypeName="Microsoft.VisualStudio.TestTools.TestTypes.Unit.UnitTestAdapter" className="AnalysisTests.AnalysisTests" name="TestConstructReturnFunction" />
    </UnitTest>
    <UnitTest name="TestExports" storage="c:\src\nodejstools\buildoutput\release14.0\tests\jsanalysistests.dll" priority="0" id="461d8a4e-98db-9153-2f04-3909abaf0816">
      <Execution id="3d1f0085-3999-4041-9d45-f31af1e3d36b" />
      <TestMethod codeBase="C:\src\nodejstools\BuildOutput\Release14.0\Tests\JSAnalysisTests.dll" adapterTypeName="Microsoft.VisualStudio.TestTools.TestTypes.Unit.UnitTestAdapter" className="AnalysisTests.AnalysisTests" name="TestExports" />
    </UnitTest>
    <UnitTest name="TestAccessorDescriptor" storage="c:\src\nodejstools\buildoutput\release14.0\tests\jsanalysistests.dll" priority="0" id="5a73e07b-9f87-9158-d498-df05fad052a9">
      <Execution id="77ef7c00-8f08-4d60-ad15-d5d72fde7040" />
      <TestMethod codeBase="C:\src\nodejstools\BuildOutput\Release14.0\Tests\JSAnalysisTests.dll" adapterTypeName="Microsoft.VisualStudio.TestTools.TestTypes.Unit.UnitTestAdapter" className="AnalysisTests.AnalysisTests" name="TestAccessorDescriptor" />
    </UnitTest>
    <UnitTest name="TestDefineProperties" storage="c:\src\nodejstools\buildoutput\release14.0\tests\jsanalysistests.dll" priority="0" id="1560ec00-ce99-6a3d-f1eb-d6721e0ee9d1">
      <Execution id="69b7ce95-095c-4ff8-85ef-66410d5001b2" />
      <TestMethod codeBase="C:\src\nodejstools\BuildOutput\Release14.0\Tests\JSAnalysisTests.dll" adapterTypeName="Microsoft.VisualStudio.TestTools.TestTypes.Unit.UnitTestAdapter" className="AnalysisTests.AnalysisTests" name="TestDefineProperties" />
    </UnitTest>
    <UnitTest name="TestDefinePropertiesDependencies" storage="c:\src\nodejstools\buildoutput\release14.0\tests\jsanalysistests.dll" priority="0" id="f8ede7d2-2df4-e4be-0630-6462052dd2b2">
      <Execution id="6137087f-12cc-44ca-8924-e951b715f079" />
      <TestMethod codeBase="C:\src\nodejstools\BuildOutput\Release14.0\Tests\JSAnalysisTests.dll" adapterTypeName="Microsoft.VisualStudio.TestTools.TestTypes.Unit.UnitTestAdapter" className="AnalysisTests.AnalysisTests" name="TestDefinePropertiesDependencies" />
    </UnitTest>
    <UnitTest name="TestFunctionExpression" storage="c:\src\nodejstools\buildoutput\release14.0\tests\jsanalysistests.dll" priority="0" id="ac5fa8be-a353-7ae7-b0aa-590c2face86f">
      <Execution id="29a4f7cc-98f5-438a-a3a2-b449ea39d0f3" />
      <TestMethod codeBase="C:\src\nodejstools\BuildOutput\Release14.0\Tests\JSAnalysisTests.dll" adapterTypeName="Microsoft.VisualStudio.TestTools.TestTypes.Unit.UnitTestAdapter" className="AnalysisTests.AnalysisTests" name="TestFunctionExpression" />
    </UnitTest>
    <UnitTest name="TestGlobal" storage="c:\src\nodejstools\buildoutput\release14.0\tests\jsanalysistests.dll" priority="0" id="ebad15ca-5fbe-8345-d700-b4cb422bed84">
      <Execution id="2af13075-f4da-4a99-9172-f7aa06cf5fd6" />
      <TestMethod codeBase="C:\src\nodejstools\BuildOutput\Release14.0\Tests\JSAnalysisTests.dll" adapterTypeName="Microsoft.VisualStudio.TestTools.TestTypes.Unit.UnitTestAdapter" className="AnalysisTests.AnalysisTests" name="TestGlobal" />
    </UnitTest>
    <UnitTest name="TestNumberFunction" storage="c:\src\nodejstools\buildoutput\release14.0\tests\jsanalysistests.dll" priority="0" id="ecacb3bc-8f34-1340-9c56-7ed38777a49c">
      <Execution id="6b981797-75b8-430b-9dfa-8636a83b7c06" />
      <TestMethod codeBase="C:\src\nodejstools\BuildOutput\Release14.0\Tests\JSAnalysisTests.dll" adapterTypeName="Microsoft.VisualStudio.TestTools.TestTypes.Unit.UnitTestAdapter" className="AnalysisTests.AnalysisTests" name="TestNumberFunction" />
    </UnitTest>
    <UnitTest name="TestSimpleClosure" storage="c:\src\nodejstools\buildoutput\release14.0\tests\jsanalysistests.dll" priority="0" id="8ecd4e43-5e02-e99e-e7fe-53405af5dbd6">
      <Execution id="384b71ee-0e1b-48d9-af9c-89d4253f301a" />
      <TestMethod codeBase="C:\src\nodejstools\BuildOutput\Release14.0\Tests\JSAnalysisTests.dll" adapterTypeName="Microsoft.VisualStudio.TestTools.TestTypes.Unit.UnitTestAdapter" className="AnalysisTests.AnalysisTests" name="TestSimpleClosure" />
    </UnitTest>
    <UnitTest name="TestNumber" storage="c:\src\nodejstools\buildoutput\release14.0\tests\jsanalysistests.dll" priority="0" id="bc4822c1-8161-b6f1-d0c9-b99fb6d14b00">
      <Execution id="6e938e80-0abf-46af-9df2-ee313c169b87" />
      <TestMethod codeBase="C:\src\nodejstools\BuildOutput\Release14.0\Tests\JSAnalysisTests.dll" adapterTypeName="Microsoft.VisualStudio.TestTools.TestTypes.Unit.UnitTestAdapter" className="AnalysisTests.AnalysisTests" name="TestNumber" />
    </UnitTest>
    <UnitTest name="TestVariableLookup" storage="c:\src\nodejstools\buildoutput\release14.0\tests\jsanalysistests.dll" priority="0" id="ea07caec-92ed-fcea-d7a1-bef6931c942b">
      <Execution id="84ba9acc-a278-4103-ad66-dd36f9bca21a" />
      <TestMethod codeBase="C:\src\nodejstools\BuildOutput\Release14.0\Tests\JSAnalysisTests.dll" adapterTypeName="Microsoft.VisualStudio.TestTools.TestTypes.Unit.UnitTestAdapter" className="AnalysisTests.AnalysisTests" name="TestVariableLookup" />
    </UnitTest>
    <UnitTest name="TestVariableDeclaration" storage="c:\src\nodejstools\buildoutput\release14.0\tests\jsanalysistests.dll" priority="0" id="7ba8a295-472f-0b2a-2695-b5e103c01832">
      <Execution id="084aaba2-f369-490d-bb7e-d7ea49109c8c" />
      <TestMethod codeBase="C:\src\nodejstools\BuildOutput\Release14.0\Tests\JSAnalysisTests.dll" adapterTypeName="Microsoft.VisualStudio.TestTools.TestTypes.Unit.UnitTestAdapter" className="AnalysisTests.AnalysisTests" name="TestVariableDeclaration" />
    </UnitTest>
    <UnitTest name="TestStringLiteral" storage="c:\src\nodejstools\buildoutput\release14.0\tests\jsanalysistests.dll" priority="0" id="16054e70-6c94-ffe3-5e69-7026892aa440">
      <Execution id="21171aa4-22a7-4305-98dc-3c347678284c" />
      <TestMethod codeBase="C:\src\nodejstools\BuildOutput\Release14.0\Tests\JSAnalysisTests.dll" adapterTypeName="Microsoft.VisualStudio.TestTools.TestTypes.Unit.UnitTestAdapter" className="AnalysisTests.AnalysisTests" name="TestStringLiteral" />
    </UnitTest>
    <UnitTest name="TestArrayLiteral" storage="c:\src\nodejstools\buildoutput\release14.0\tests\jsanalysistests.dll" priority="0" id="7c6e9bba-7751-93e5-4e4d-8bf0a0946e79">
      <Execution id="956c4629-1c8d-4bc8-aee3-caa9718fb51e" />
      <TestMethod codeBase="C:\src\nodejstools\BuildOutput\Release14.0\Tests\JSAnalysisTests.dll" adapterTypeName="Microsoft.VisualStudio.TestTools.TestTypes.Unit.UnitTestAdapter" className="AnalysisTests.AnalysisTests" name="TestArrayLiteral" />
    </UnitTest>
    <UnitTest name="TestTrueFalse" storage="c:\src\nodejstools\buildoutput\release14.0\tests\jsanalysistests.dll" priority="0" id="d7f64176-5e71-ffd5-fd79-a89ae97cd034">
      <Execution id="e3178cb9-d9cd-4247-9ed3-1db5a823ea76" />
      <TestMethod codeBase="C:\src\nodejstools\BuildOutput\Release14.0\Tests\JSAnalysisTests.dll" adapterTypeName="Microsoft.VisualStudio.TestTools.TestTypes.Unit.UnitTestAdapter" className="AnalysisTests.AnalysisTests" name="TestTrueFalse" />
    </UnitTest>
    <UnitTest name="TestSpecializedExtend" storage="c:\src\nodejstools\buildoutput\release14.0\tests\jsanalysistests.dll" priority="0" id="67a4beeb-63e1-712c-e32e-360df0ebb2fc">
      <Execution id="ab8513bd-8262-440e-bd4f-489d908efd04" />
      <TestMethod codeBase="C:\src\nodejstools\BuildOutput\Release14.0\Tests\JSAnalysisTests.dll" adapterTypeName="Microsoft.VisualStudio.TestTools.TestTypes.Unit.UnitTestAdapter" className="AnalysisTests.AnalysisTests" name="TestSpecializedExtend" />
    </UnitTest>
    <UnitTest name="TestBackboneExtend" storage="c:\src\nodejstools\buildoutput\release14.0\tests\jsanalysistests.dll" priority="0" id="8847d348-1828-e924-3c31-fd9bdc5bdb60">
      <Execution id="1bf651ce-e7ba-4a2e-bdb2-6c0b04fb697a" />
      <TestMethod codeBase="C:\src\nodejstools\BuildOutput\Release14.0\Tests\JSAnalysisTests.dll" adapterTypeName="Microsoft.VisualStudio.TestTools.TestTypes.Unit.UnitTestAdapter" className="AnalysisTests.AnalysisTests" name="TestBackboneExtend" />
    </UnitTest>
    <UnitTest name="TestLodashAssign" storage="c:\src\nodejstools\buildoutput\release14.0\tests\jsanalysistests.dll" priority="0" id="7254f710-f146-0b75-ac72-584527afbc0b">
      <Execution id="1a8a6a92-710e-46dc-8549-9243420214f5" />
      <TestMethod codeBase="C:\src\nodejstools\BuildOutput\Release14.0\Tests\JSAnalysisTests.dll" adapterTypeName="Microsoft.VisualStudio.TestTools.TestTypes.Unit.UnitTestAdapter" className="AnalysisTests.AnalysisTests" name="TestLodashAssign" />
    </UnitTest>
    <UnitTest name="TestObjectKeys" storage="c:\src\nodejstools\buildoutput\release14.0\tests\jsanalysistests.dll" priority="0" id="ca37eea0-691e-b882-43c0-2120f81efb39">
      <Execution id="d53a1efd-2c74-41ee-9105-de971ca5a360" />
      <TestMethod codeBase="C:\src\nodejstools\BuildOutput\Release14.0\Tests\JSAnalysisTests.dll" adapterTypeName="Microsoft.VisualStudio.TestTools.TestTypes.Unit.UnitTestAdapter" className="AnalysisTests.AnalysisTests" name="TestObjectKeys" />
    </UnitTest>
    <UnitTest name="TestObjectLiteral" storage="c:\src\nodejstools\buildoutput\release14.0\tests\jsanalysistests.dll" priority="0" id="0bf872b6-7951-9e65-f054-97a568e0081e">
      <Execution id="a046dd7c-e92b-4650-ab8c-d20a3a2cbb35" />
      <TestMethod codeBase="C:\src\nodejstools\BuildOutput\Release14.0\Tests\JSAnalysisTests.dll" adapterTypeName="Microsoft.VisualStudio.TestTools.TestTypes.Unit.UnitTestAdapter" className="AnalysisTests.AnalysisTests" name="TestObjectLiteral" />
    </UnitTest>
    <UnitTest name="TestConstructor" storage="c:\src\nodejstools\buildoutput\release14.0\tests\jsanalysistests.dll" priority="1" id="9da1cc73-b6d3-9bba-2278-191749ac97ce">
      <Execution id="d8d4138c-25dc-4511-89e7-faefa10bde5a" />
      <TestMethod codeBase="C:\src\nodejstools\BuildOutput\Release14.0\Tests\JSAnalysisTests.dll" adapterTypeName="Microsoft.VisualStudio.TestTools.TestTypes.Unit.UnitTestAdapter" className="AnalysisTests.AnalysisTests" name="TestConstructor" />
    </UnitTest>
    <UnitTest name="TestForInLoop" storage="c:\src\nodejstools\buildoutput\release14.0\tests\jsanalysistests.dll" priority="2" id="8992e280-15d0-c4dd-e560-8e15d0640e6d">
      <Execution id="c66f66e4-cf41-4972-988a-92cd21a122b7" />
      <TestMethod codeBase="C:\src\nodejstools\BuildOutput\Release14.0\Tests\JSAnalysisTests.dll" adapterTypeName="Microsoft.VisualStudio.TestTools.TestTypes.Unit.UnitTestAdapter" className="AnalysisTests.AnalysisTests" name="TestForInLoop" />
    </UnitTest>
    <UnitTest name="FailingTestForInLoop2" storage="c:\src\nodejstools\buildoutput\release14.0\tests\jsanalysistests.dll" priority="2" id="5c75b775-4036-3f88-2486-9d762fca29b6">
      <Execution id="0c1a0b7c-67c9-4231-9ee2-6be70b58091e" />
      <TestMethod codeBase="C:\src\nodejstools\BuildOutput\Release14.0\Tests\JSAnalysisTests.dll" adapterTypeName="Microsoft.VisualStudio.TestTools.TestTypes.Unit.UnitTestAdapter" className="AnalysisTests.AnalysisTests" name="FailingTestForInLoop2" />
    </UnitTest>
    <UnitTest name="TestFunctionCreation" storage="c:\src\nodejstools\buildoutput\release14.0\tests\jsanalysistests.dll" priority="0" id="35f58135-9fb3-d94a-fcb0-eccf97473194">
      <Execution id="0e169334-a977-4a42-8a82-e95d322e1463" />
      <TestMethod codeBase="C:\src\nodejstools\BuildOutput\Release14.0\Tests\JSAnalysisTests.dll" adapterTypeName="Microsoft.VisualStudio.TestTools.TestTypes.Unit.UnitTestAdapter" className="AnalysisTests.AnalysisTests" name="TestFunctionCreation" />
    </UnitTest>
    <UnitTest name="TestPrototypeNoMerge" storage="c:\src\nodejstools\buildoutput\release14.0\tests\jsanalysistests.dll" priority="0" id="8196cfd8-2169-7d52-ca92-420bc4d2067d">
      <Execution id="854d1f1d-9d6b-4faa-a736-105d2f62583c" />
      <TestMethod codeBase="C:\src\nodejstools\BuildOutput\Release14.0\Tests\JSAnalysisTests.dll" adapterTypeName="Microsoft.VisualStudio.TestTools.TestTypes.Unit.UnitTestAdapter" className="AnalysisTests.AnalysisTests" name="TestPrototypeNoMerge" />
    </UnitTest>
    <UnitTest name="TestRecursiveForEach" storage="c:\src\nodejstools\buildoutput\release14.0\tests\jsanalysistests.dll" priority="0" id="72919acd-da3c-c9b6-acdd-21b2344d637c">
      <Execution id="0cb5d496-c226-4f28-997d-b7f1a1644e67" />
      <TestMethod codeBase="C:\src\nodejstools\BuildOutput\Release14.0\Tests\JSAnalysisTests.dll" adapterTypeName="Microsoft.VisualStudio.TestTools.TestTypes.Unit.UnitTestAdapter" className="AnalysisTests.AnalysisTests" name="TestRecursiveForEach" />
    </UnitTest>
    <UnitTest name="TestNewArrayUnique" storage="c:\src\nodejstools\buildoutput\release14.0\tests\jsanalysistests.dll" priority="0" id="047037cf-6a7d-2a6d-0ba4-a753bf61cb4b">
      <Execution id="5c0697fe-7229-4802-b14a-b665c0281ab6" />
      <TestMethod codeBase="C:\src\nodejstools\BuildOutput\Release14.0\Tests\JSAnalysisTests.dll" adapterTypeName="Microsoft.VisualStudio.TestTools.TestTypes.Unit.UnitTestAdapter" className="AnalysisTests.AnalysisTests" name="TestNewArrayUnique" />
    </UnitTest>
    <UnitTest name="TestNewObjectUnique" storage="c:\src\nodejstools\buildoutput\release14.0\tests\jsanalysistests.dll" priority="0" id="b224169c-63e5-3a37-b7dd-e3a452fa3e33">
      <Execution id="56372ede-342d-4523-b5ca-fb25f9a0f669" />
      <TestMethod codeBase="C:\src\nodejstools\BuildOutput\Release14.0\Tests\JSAnalysisTests.dll" adapterTypeName="Microsoft.VisualStudio.TestTools.TestTypes.Unit.UnitTestAdapter" className="AnalysisTests.AnalysisTests" name="TestNewObjectUnique" />
    </UnitTest>
    <UnitTest name="TestObjectInstanceNoPrototype" storage="c:\src\nodejstools\buildoutput\release14.0\tests\jsanalysistests.dll" priority="0" id="41f27aee-32ad-b8c8-6e58-67364ae8ea86">
      <Execution id="f0324700-efdb-4c3b-a6d7-fa05118cc4c9" />
      <TestMethod codeBase="C:\src\nodejstools\BuildOutput\Release14.0\Tests\JSAnalysisTests.dll" adapterTypeName="Microsoft.VisualStudio.TestTools.TestTypes.Unit.UnitTestAdapter" className="AnalysisTests.AnalysisTests" name="TestObjectInstanceNoPrototype" />
    </UnitTest>
    <UnitTest name="TestKeysSpecialization" storage="c:\src\nodejstools\buildoutput\release14.0\tests\jsanalysistests.dll" priority="0" id="c41f882b-2c9a-1d84-49f7-e5c611c527b8">
      <Execution id="47d65d35-a5b1-48cf-89bc-ebd228bf605a" />
      <TestMethod codeBase="C:\src\nodejstools\BuildOutput\Release14.0\Tests\JSAnalysisTests.dll" adapterTypeName="Microsoft.VisualStudio.TestTools.TestTypes.Unit.UnitTestAdapter" className="AnalysisTests.AnalysisTests" name="TestKeysSpecialization" />
    </UnitTest>
    <UnitTest name="TestMergeSpecialization" storage="c:\src\nodejstools\buildoutput\release14.0\tests\jsanalysistests.dll" priority="0" id="ea905434-2178-5e1a-37da-804a7bc8f67e">
      <Execution id="572d5169-7012-42be-a0c0-76a55727155b" />
      <TestMethod codeBase="C:\src\nodejstools\BuildOutput\Release14.0\Tests\JSAnalysisTests.dll" adapterTypeName="Microsoft.VisualStudio.TestTools.TestTypes.Unit.UnitTestAdapter" className="AnalysisTests.AnalysisTests" name="TestMergeSpecialization" />
    </UnitTest>
    <UnitTest name="TestMergeDescriptorsSpecialization" storage="c:\src\nodejstools\buildoutput\release14.0\tests\jsanalysistests.dll" priority="0" id="f1e06369-5f9b-d65e-5362-bcc9a10d65b5">
      <Execution id="07519248-1386-43e9-8769-d50e6419beb5" />
      <TestMethod codeBase="C:\src\nodejstools\BuildOutput\Release14.0\Tests\JSAnalysisTests.dll" adapterTypeName="Microsoft.VisualStudio.TestTools.TestTypes.Unit.UnitTestAdapter" className="AnalysisTests.AnalysisTests" name="TestMergeDescriptorsSpecialization" />
    </UnitTest>
    <UnitTest name="TestToObjectSpecialization" storage="c:\src\nodejstools\buildoutput\release14.0\tests\jsanalysistests.dll" priority="0" id="9337cefb-5fb0-f38c-7762-e6dff4861cf5">
      <Execution id="ac550481-c68a-4e8f-a72d-620dd0275fe7" />
      <TestMethod codeBase="C:\src\nodejstools\BuildOutput\Release14.0\Tests\JSAnalysisTests.dll" adapterTypeName="Microsoft.VisualStudio.TestTools.TestTypes.Unit.UnitTestAdapter" className="AnalysisTests.AnalysisTests" name="TestToObjectSpecialization" />
    </UnitTest>
    <UnitTest name="TestMergeSpecialization2" storage="c:\src\nodejstools\buildoutput\release14.0\tests\jsanalysistests.dll" priority="0" id="cc9eec1a-7c75-3a99-246f-873c6a852ff2">
      <Execution id="b5948b94-c3c8-46e2-b6ea-0db63f957017" />
      <TestMethod codeBase="C:\src\nodejstools\BuildOutput\Release14.0\Tests\JSAnalysisTests.dll" adapterTypeName="Microsoft.VisualStudio.TestTools.TestTypes.Unit.UnitTestAdapter" className="AnalysisTests.AnalysisTests" name="TestMergeSpecialization2" />
    </UnitTest>
    <UnitTest name="TestMergeCloneSpecialization2" storage="c:\src\nodejstools\buildoutput\release14.0\tests\jsanalysistests.dll" priority="0" id="d460a033-f477-00c5-4d27-7469c6ab6675">
      <Execution id="b63eaf9a-0ccb-41f8-b537-030271bd02ad" />
      <TestMethod codeBase="C:\src\nodejstools\BuildOutput\Release14.0\Tests\JSAnalysisTests.dll" adapterTypeName="Microsoft.VisualStudio.TestTools.TestTypes.Unit.UnitTestAdapter" className="AnalysisTests.AnalysisTests" name="TestMergeCloneSpecialization2" />
    </UnitTest>
    <UnitTest name="TestCloneSpecialization" storage="c:\src\nodejstools\buildoutput\release14.0\tests\jsanalysistests.dll" priority="0" id="aa1daf29-c6b5-bff0-38da-6ec090a413fd">
      <Execution id="4b1d21b1-318d-48e8-b38a-0d97786bd036" />
      <TestMethod codeBase="C:\src\nodejstools\BuildOutput\Release14.0\Tests\JSAnalysisTests.dll" adapterTypeName="Microsoft.VisualStudio.TestTools.TestTypes.Unit.UnitTestAdapter" className="AnalysisTests.AnalysisTests" name="TestCloneSpecialization" />
    </UnitTest>
    <UnitTest name="TestWrapFunctionSpecialization" storage="c:\src\nodejstools\buildoutput\release14.0\tests\jsanalysistests.dll" priority="0" id="2b07d06c-6186-fa98-025c-c88fd4ad5e50">
      <Execution id="552c91f7-01e3-41a2-a99e-0b8266ce613f" />
      <TestMethod codeBase="C:\src\nodejstools\BuildOutput\Release14.0\Tests\JSAnalysisTests.dll" adapterTypeName="Microsoft.VisualStudio.TestTools.TestTypes.Unit.UnitTestAdapter" className="AnalysisTests.AnalysisTests" name="TestWrapFunctionSpecialization" />
    </UnitTest>
    <UnitTest name="TestStringCasing" storage="c:\src\nodejstools\buildoutput\release14.0\tests\jsanalysistests.dll" priority="0" id="5fd70748-7feb-2d5c-3455-c4bc7bc63d37">
      <Execution id="12dcefcd-460f-4e34-b080-4cb0800cd2d6" />
      <TestMethod codeBase="C:\src\nodejstools\BuildOutput\Release14.0\Tests\JSAnalysisTests.dll" adapterTypeName="Microsoft.VisualStudio.TestTools.TestTypes.Unit.UnitTestAdapter" className="AnalysisTests.AnalysisTests" name="TestStringCasing" />
    </UnitTest>
    <UnitTest name="TestBuiltinFunctionDocumentation" storage="c:\src\nodejstools\buildoutput\release14.0\tests\jsanalysistests.dll" priority="0" id="df63d56c-6300-e78f-e34c-a762528020a1">
      <Execution id="20eb5a4c-852a-499e-b3d0-946b6daf3803" />
      <TestMethod codeBase="C:\src\nodejstools\BuildOutput\Release14.0\Tests\JSAnalysisTests.dll" adapterTypeName="Microsoft.VisualStudio.TestTools.TestTypes.Unit.UnitTestAdapter" className="AnalysisTests.AnalysisTests" name="TestBuiltinFunctionDocumentation" />
    </UnitTest>
    <UnitTest name="TestImmutableObjects" storage="c:\src\nodejstools\buildoutput\release14.0\tests\jsanalysistests.dll" priority="0" id="538afedd-ead4-4fc4-901e-e998773e04c2">
      <Execution id="f0ef9b71-6685-4302-869e-4c748ec4a019" />
      <TestMethod codeBase="C:\src\nodejstools\BuildOutput\Release14.0\Tests\JSAnalysisTests.dll" adapterTypeName="Microsoft.VisualStudio.TestTools.TestTypes.Unit.UnitTestAdapter" className="AnalysisTests.AnalysisTests" name="TestImmutableObjects" />
    </UnitTest>
    <UnitTest name="TestNodejsCallbacks" storage="c:\src\nodejstools\buildoutput\release14.0\tests\jsanalysistests.dll" priority="0" id="82146f83-c28c-8d73-9fd5-b52f083341a6">
      <Execution id="2f313a60-e9f0-460b-bf5b-d046cc5defff" />
      <TestMethod codeBase="C:\src\nodejstools\BuildOutput\Release14.0\Tests\JSAnalysisTests.dll" adapterTypeName="Microsoft.VisualStudio.TestTools.TestTypes.Unit.UnitTestAdapter" className="AnalysisTests.AnalysisTests" name="TestNodejsCallbacks" />
    </UnitTest>
    <UnitTest name="TestNodejsSpecializations" storage="c:\src\nodejstools\buildoutput\release14.0\tests\jsanalysistests.dll" priority="0" id="60e2fe88-12e1-5a98-d851-c1cdf388a7df">
      <Execution id="3e93c84d-251d-47ed-aa30-e47cd9a8ef1b" />
      <TestMethod codeBase="C:\src\nodejstools\BuildOutput\Release14.0\Tests\JSAnalysisTests.dll" adapterTypeName="Microsoft.VisualStudio.TestTools.TestTypes.Unit.UnitTestAdapter" className="AnalysisTests.AnalysisTests" name="TestNodejsSpecializations" />
    </UnitTest>
    <UnitTest name="TestAnonymousFunction" storage="c:\src\nodejstools\buildoutput\release14.0\tests\jsanalysistests.dll" priority="0" id="cdb173b9-a119-49da-cf7a-c4ab3f2eb3fb">
      <Execution id="c3d5034a-6b52-4f79-b705-0e13801e804e" />
      <TestMethod codeBase="C:\src\nodejstools\BuildOutput\Release14.0\Tests\JSAnalysisTests.dll" adapterTypeName="Microsoft.VisualStudio.TestTools.TestTypes.Unit.UnitTestAdapter" className="AnalysisTests.FormatterTests" name="TestAnonymousFunction" />
    </UnitTest>
    <UnitTest name="TestNestedFunctionAndArrayLiteral" storage="c:\src\nodejstools\buildoutput\release14.0\tests\jsanalysistests.dll" priority="0" id="fc9c1466-2889-1d27-193b-d4e4c3691ef2">
      <Execution id="d4199cd7-3eab-47a9-971a-ed8e6d9c21fd" />
      <TestMethod codeBase="C:\src\nodejstools\BuildOutput\Release14.0\Tests\JSAnalysisTests.dll" adapterTypeName="Microsoft.VisualStudio.TestTools.TestTypes.Unit.UnitTestAdapter" className="AnalysisTests.FormatterTests" name="TestNestedFunctionAndArrayLiteral" />
    </UnitTest>
    <UnitTest name="TestJsonArray" storage="c:\src\nodejstools\buildoutput\release14.0\tests\jsanalysistests.dll" priority="0" id="6ef6595b-cac9-858a-7c08-462a09f5c73e">
      <Execution id="9d1f4920-8991-4a0d-bc2b-43880a6c232f" />
      <TestMethod codeBase="C:\src\nodejstools\BuildOutput\Release14.0\Tests\JSAnalysisTests.dll" adapterTypeName="Microsoft.VisualStudio.TestTools.TestTypes.Unit.UnitTestAdapter" className="AnalysisTests.FormatterTests" name="TestJsonArray" />
    </UnitTest>
    <UnitTest name="TestFormatAfterInvalidKey" storage="c:\src\nodejstools\buildoutput\release14.0\tests\jsanalysistests.dll" priority="0" id="2751aa01-1357-8d9c-7874-6e828d4b271d">
      <Execution id="dd4e0a02-f678-44b9-a650-82183bdd9d7d" />
      <TestMethod codeBase="C:\src\nodejstools\BuildOutput\Release14.0\Tests\JSAnalysisTests.dll" adapterTypeName="Microsoft.VisualStudio.TestTools.TestTypes.Unit.UnitTestAdapter" className="AnalysisTests.FormatterTests" name="TestFormatAfterInvalidKey" />
    </UnitTest>
    <UnitTest name="TestSemicolonEndOfDocument" storage="c:\src\nodejstools\buildoutput\release14.0\tests\jsanalysistests.dll" priority="0" id="c2a9550e-df28-e65d-2632-448f062ba360">
      <Execution id="2c8b41d1-703d-43b0-990e-50b7f88bf901" />
      <TestMethod codeBase="C:\src\nodejstools\BuildOutput\Release14.0\Tests\JSAnalysisTests.dll" adapterTypeName="Microsoft.VisualStudio.TestTools.TestTypes.Unit.UnitTestAdapter" className="AnalysisTests.FormatterTests" name="TestSemicolonEndOfDocument" />
    </UnitTest>
    <UnitTest name="TestFormatAfterEnter" storage="c:\src\nodejstools\buildoutput\release14.0\tests\jsanalysistests.dll" priority="0" id="28e9602e-8df3-e461-011d-40c8fe2799a3">
      <Execution id="acfffdd9-8ff7-4a51-ba50-efe978af4d73" />
      <TestMethod codeBase="C:\src\nodejstools\BuildOutput\Release14.0\Tests\JSAnalysisTests.dll" adapterTypeName="Microsoft.VisualStudio.TestTools.TestTypes.Unit.UnitTestAdapter" className="AnalysisTests.FormatterTests" name="TestFormatAfterEnter" />
    </UnitTest>
    <UnitTest name="TestFormatAfterSemiColon" storage="c:\src\nodejstools\buildoutput\release14.0\tests\jsanalysistests.dll" priority="0" id="8312978c-7982-3722-26fd-7b0de6f2935e">
      <Execution id="267b48ec-1d01-4495-9b4f-74719f9f2a46" />
      <TestMethod codeBase="C:\src\nodejstools\BuildOutput\Release14.0\Tests\JSAnalysisTests.dll" adapterTypeName="Microsoft.VisualStudio.TestTools.TestTypes.Unit.UnitTestAdapter" className="AnalysisTests.FormatterTests" name="TestFormatAfterSemiColon" />
    </UnitTest>
    <UnitTest name="TestSemicolonOnOwnLine" storage="c:\src\nodejstools\buildoutput\release14.0\tests\jsanalysistests.dll" priority="0" id="f0d1f339-111e-1dc1-f739-a6cdc562f5e4">
      <Execution id="91bcb584-e057-4666-8bb6-6762797404ff" />
      <TestMethod codeBase="C:\src\nodejstools\BuildOutput\Release14.0\Tests\JSAnalysisTests.dll" adapterTypeName="Microsoft.VisualStudio.TestTools.TestTypes.Unit.UnitTestAdapter" className="AnalysisTests.FormatterTests" name="TestSemicolonOnOwnLine" />
    </UnitTest>
    <UnitTest name="TestFormattingFunctionAsArgumentToFunction" storage="c:\src\nodejstools\buildoutput\release14.0\tests\jsanalysistests.dll" priority="0" id="45f159f8-ba60-f02b-74d7-bbd93a581078">
      <Execution id="8c93443e-4bcc-40b4-9e13-c3a7d5d4510a" />
      <TestMethod codeBase="C:\src\nodejstools\BuildOutput\Release14.0\Tests\JSAnalysisTests.dll" adapterTypeName="Microsoft.VisualStudio.TestTools.TestTypes.Unit.UnitTestAdapter" className="AnalysisTests.FormatterTests" name="TestFormattingFunctionAsArgumentToFunction" />
    </UnitTest>
    <UnitTest name="TestArrayLiteral" storage="c:\src\nodejstools\buildoutput\release14.0\tests\jsanalysistests.dll" priority="0" id="b5c0fe72-b2b9-b8b3-e424-24e32eafc1b2">
      <Execution id="aa811ea3-45e0-4914-a033-2cf27a65b84b" />
      <TestMethod codeBase="C:\src\nodejstools\BuildOutput\Release14.0\Tests\JSAnalysisTests.dll" adapterTypeName="Microsoft.VisualStudio.TestTools.TestTypes.Unit.UnitTestAdapter" className="AnalysisTests.FormatterTests" name="TestArrayLiteral" />
    </UnitTest>
    <UnitTest name="TestFormatAfterBadFor" storage="c:\src\nodejstools\buildoutput\release14.0\tests\jsanalysistests.dll" priority="0" id="6864a3d6-89fb-a01d-7eac-bbde63d53b56">
      <Execution id="52ca2f45-48eb-47d7-8ff2-818de611e517" />
      <TestMethod codeBase="C:\src\nodejstools\BuildOutput\Release14.0\Tests\JSAnalysisTests.dll" adapterTypeName="Microsoft.VisualStudio.TestTools.TestTypes.Unit.UnitTestAdapter" className="AnalysisTests.FormatterTests" name="TestFormatAfterBadFor" />
    </UnitTest>
    <UnitTest name="TestIndexingOnFollowingLine" storage="c:\src\nodejstools\buildoutput\release14.0\tests\jsanalysistests.dll" priority="0" id="0aa067bf-8b37-c493-ee86-fe5c82e12a1f">
      <Execution id="f10cdd0b-9f8e-4ae8-af55-7b688fe8d9b5" />
      <TestMethod codeBase="C:\src\nodejstools\BuildOutput\Release14.0\Tests\JSAnalysisTests.dll" adapterTypeName="Microsoft.VisualStudio.TestTools.TestTypes.Unit.UnitTestAdapter" className="AnalysisTests.FormatterTests" name="TestIndexingOnFollowingLine" />
    </UnitTest>
    <UnitTest name="TestShebang" storage="c:\src\nodejstools\buildoutput\release14.0\tests\jsanalysistests.dll" priority="0" id="3b2d4e00-8238-5f80-defc-33ddbd58b055">
      <Execution id="26f2ea6f-8740-4d4e-b470-c33659a4c61f" />
      <TestMethod codeBase="C:\src\nodejstools\BuildOutput\Release14.0\Tests\JSAnalysisTests.dll" adapterTypeName="Microsoft.VisualStudio.TestTools.TestTypes.Unit.UnitTestAdapter" className="AnalysisTests.FormatterTests" name="TestShebang" />
    </UnitTest>
    <UnitTest name="TestInvalidTrailingQuote" storage="c:\src\nodejstools\buildoutput\release14.0\tests\jsanalysistests.dll" priority="0" id="62876a38-0913-9d17-1217-cfdc6c51b1a5">
      <Execution id="e54e2085-8add-429d-af40-ceb03239f9b1" />
      <TestMethod codeBase="C:\src\nodejstools\BuildOutput\Release14.0\Tests\JSAnalysisTests.dll" adapterTypeName="Microsoft.VisualStudio.TestTools.TestTypes.Unit.UnitTestAdapter" className="AnalysisTests.FormatterTests" name="TestInvalidTrailingQuote" />
    </UnitTest>
    <UnitTest name="TestMember" storage="c:\src\nodejstools\buildoutput\release14.0\tests\jsanalysistests.dll" priority="0" id="3430b513-15f4-7291-6273-6fff709e7bf2">
      <Execution id="6d57a0c5-db4d-4faf-9b3c-9c1b823785af" />
      <TestMethod codeBase="C:\src\nodejstools\BuildOutput\Release14.0\Tests\JSAnalysisTests.dll" adapterTypeName="Microsoft.VisualStudio.TestTools.TestTypes.Unit.UnitTestAdapter" className="AnalysisTests.FormatterTests" name="TestMember" />
    </UnitTest>
    <UnitTest name="TestInvalidMember" storage="c:\src\nodejstools\buildoutput\release14.0\tests\jsanalysistests.dll" priority="0" id="456f028c-0c1c-d8d3-88d1-80530d5d3ad6">
      <Execution id="2041dfdd-37b4-431b-af34-7cd6946cae1c" />
      <TestMethod codeBase="C:\src\nodejstools\BuildOutput\Release14.0\Tests\JSAnalysisTests.dll" adapterTypeName="Microsoft.VisualStudio.TestTools.TestTypes.Unit.UnitTestAdapter" className="AnalysisTests.FormatterTests" name="TestInvalidMember" />
    </UnitTest>
    <UnitTest name="TestCall" storage="c:\src\nodejstools\buildoutput\release14.0\tests\jsanalysistests.dll" priority="0" id="3009a18a-c60c-1039-7eb6-8bc272a06b21">
      <Execution id="739c6440-c08e-4ba3-a6e7-46739b9d75ad" />
      <TestMethod codeBase="C:\src\nodejstools\BuildOutput\Release14.0\Tests\JSAnalysisTests.dll" adapterTypeName="Microsoft.VisualStudio.TestTools.TestTypes.Unit.UnitTestAdapter" className="AnalysisTests.FormatterTests" name="TestCall" />
    </UnitTest>
    <UnitTest name="TestUnaryOperator" storage="c:\src\nodejstools\buildoutput\release14.0\tests\jsanalysistests.dll" priority="0" id="97c32f3e-a656-ca01-fafc-af1d6148f848">
      <Execution id="fc86b271-d2fc-4a50-97f1-1cb900367962" />
      <TestMethod codeBase="C:\src\nodejstools\BuildOutput\Release14.0\Tests\JSAnalysisTests.dll" adapterTypeName="Microsoft.VisualStudio.TestTools.TestTypes.Unit.UnitTestAdapter" className="AnalysisTests.FormatterTests" name="TestUnaryOperator" />
    </UnitTest>
    <UnitTest name="TestEmpty" storage="c:\src\nodejstools\buildoutput\release14.0\tests\jsanalysistests.dll" priority="0" id="27abbc19-189a-6be5-8035-383f1897afc5">
      <Execution id="bc750da5-cf39-486e-a7ed-f577b65b39a6" />
      <TestMethod codeBase="C:\src\nodejstools\BuildOutput\Release14.0\Tests\JSAnalysisTests.dll" adapterTypeName="Microsoft.VisualStudio.TestTools.TestTypes.Unit.UnitTestAdapter" className="AnalysisTests.FormatterTests" name="TestEmpty" />
    </UnitTest>
    <UnitTest name="TestNew" storage="c:\src\nodejstools\buildoutput\release14.0\tests\jsanalysistests.dll" priority="0" id="da655596-c5ac-7bfd-68c7-4b35b6d25fef">
      <Execution id="06edfd3d-9351-47fb-a433-1dc246b147a3" />
      <TestMethod codeBase="C:\src\nodejstools\BuildOutput\Release14.0\Tests\JSAnalysisTests.dll" adapterTypeName="Microsoft.VisualStudio.TestTools.TestTypes.Unit.UnitTestAdapter" className="AnalysisTests.FormatterTests" name="TestNew" />
    </UnitTest>
    <UnitTest name="TestFormatRange" storage="c:\src\nodejstools\buildoutput\release14.0\tests\jsanalysistests.dll" priority="0" id="92140c3a-2b98-77d1-135e-08893461d782">
      <Execution id="3f32e9b4-2b64-42a4-946e-949791426fb6" />
      <TestMethod codeBase="C:\src\nodejstools\BuildOutput\Release14.0\Tests\JSAnalysisTests.dll" adapterTypeName="Microsoft.VisualStudio.TestTools.TestTypes.Unit.UnitTestAdapter" className="AnalysisTests.FormatterTests" name="TestFormatRange" />
    </UnitTest>
    <UnitTest name="TestFormatAfterCloseBrace" storage="c:\src\nodejstools\buildoutput\release14.0\tests\jsanalysistests.dll" priority="0" id="2c777e65-c16b-9efc-54fd-7f1e0efc3a45">
      <Execution id="fa222eb8-efbb-41be-a99c-16996c404aec" />
      <TestMethod codeBase="C:\src\nodejstools\BuildOutput\Release14.0\Tests\JSAnalysisTests.dll" adapterTypeName="Microsoft.VisualStudio.TestTools.TestTypes.Unit.UnitTestAdapter" className="AnalysisTests.FormatterTests" name="TestFormatAfterCloseBrace" />
    </UnitTest>
    <UnitTest name="TestLabeledStatement" storage="c:\src\nodejstools\buildoutput\release14.0\tests\jsanalysistests.dll" priority="0" id="7b1d6de6-6ecb-eafa-b80a-fbf25f2ab255">
      <Execution id="d220eaa1-9572-4a49-9e21-7d7daf812f2c" />
      <TestMethod codeBase="C:\src\nodejstools\BuildOutput\Release14.0\Tests\JSAnalysisTests.dll" adapterTypeName="Microsoft.VisualStudio.TestTools.TestTypes.Unit.UnitTestAdapter" className="AnalysisTests.FormatterTests" name="TestLabeledStatement" />
    </UnitTest>
    <UnitTest name="TestContinue" storage="c:\src\nodejstools\buildoutput\release14.0\tests\jsanalysistests.dll" priority="0" id="c5fde33b-6796-8201-7791-8faeb278dcf6">
      <Execution id="6cae1056-fe99-4254-96a5-7262d2f6b980" />
      <TestMethod codeBase="C:\src\nodejstools\BuildOutput\Release14.0\Tests\JSAnalysisTests.dll" adapterTypeName="Microsoft.VisualStudio.TestTools.TestTypes.Unit.UnitTestAdapter" className="AnalysisTests.FormatterTests" name="TestContinue" />
    </UnitTest>
    <UnitTest name="TestBlock" storage="c:\src\nodejstools\buildoutput\release14.0\tests\jsanalysistests.dll" priority="0" id="25511989-e150-edbe-ce78-8a33e8764fd1">
      <Execution id="4204d2bb-b2bc-4dd4-a394-f1c7097ba443" />
      <TestMethod codeBase="C:\src\nodejstools\BuildOutput\Release14.0\Tests\JSAnalysisTests.dll" adapterTypeName="Microsoft.VisualStudio.TestTools.TestTypes.Unit.UnitTestAdapter" className="AnalysisTests.FormatterTests" name="TestBlock" />
    </UnitTest>
    <UnitTest name="TestBreak" storage="c:\src\nodejstools\buildoutput\release14.0\tests\jsanalysistests.dll" priority="0" id="7c942d80-10f9-df61-c449-6547c6df5bfc">
      <Execution id="44f47a92-e8be-4184-839c-0a75b856870f" />
      <TestMethod codeBase="C:\src\nodejstools\BuildOutput\Release14.0\Tests\JSAnalysisTests.dll" adapterTypeName="Microsoft.VisualStudio.TestTools.TestTypes.Unit.UnitTestAdapter" className="AnalysisTests.FormatterTests" name="TestBreak" />
    </UnitTest>
    <UnitTest name="TestFunction" storage="c:\src\nodejstools\buildoutput\release14.0\tests\jsanalysistests.dll" priority="0" id="79495309-77d2-b6de-0cd9-bd186127530a">
      <Execution id="031268b9-9703-44a6-a0a8-725408cb95ff" />
      <TestMethod codeBase="C:\src\nodejstools\BuildOutput\Release14.0\Tests\JSAnalysisTests.dll" adapterTypeName="Microsoft.VisualStudio.TestTools.TestTypes.Unit.UnitTestAdapter" className="AnalysisTests.FormatterTests" name="TestFunction" />
    </UnitTest>
    <UnitTest name="TestReturn" storage="c:\src\nodejstools\buildoutput\release14.0\tests\jsanalysistests.dll" priority="0" id="1e44c3d0-dbd3-a92e-eaa1-684f1c2a5ec4">
      <Execution id="4f6563ae-d2fa-423e-8ed6-379f02756ee4" />
      <TestMethod codeBase="C:\src\nodejstools\BuildOutput\Release14.0\Tests\JSAnalysisTests.dll" adapterTypeName="Microsoft.VisualStudio.TestTools.TestTypes.Unit.UnitTestAdapter" className="AnalysisTests.FormatterTests" name="TestReturn" />
    </UnitTest>
    <UnitTest name="TestYield" storage="c:\src\nodejstools\buildoutput\release14.0\tests\jsanalysistests.dll" priority="0" id="721da21e-1cfa-0652-cb34-b72ecb7c7be7">
      <Execution id="2ae92d27-f27e-427c-9327-fb935f753672" />
      <TestMethod codeBase="C:\src\nodejstools\BuildOutput\Release14.0\Tests\JSAnalysisTests.dll" adapterTypeName="Microsoft.VisualStudio.TestTools.TestTypes.Unit.UnitTestAdapter" className="AnalysisTests.FormatterTests" name="TestYield" />
    </UnitTest>
    <UnitTest name="TestThrow" storage="c:\src\nodejstools\buildoutput\release14.0\tests\jsanalysistests.dll" priority="0" id="4859310e-a4c6-45be-85ad-243d7dedaf34">
      <Execution id="87217279-3d4c-4250-8004-a6425093c591" />
      <TestMethod codeBase="C:\src\nodejstools\BuildOutput\Release14.0\Tests\JSAnalysisTests.dll" adapterTypeName="Microsoft.VisualStudio.TestTools.TestTypes.Unit.UnitTestAdapter" className="AnalysisTests.FormatterTests" name="TestThrow" />
    </UnitTest>
    <UnitTest name="TestObjectLiteral" storage="c:\src\nodejstools\buildoutput\release14.0\tests\jsanalysistests.dll" priority="0" id="a5250bce-785b-e14b-e7a9-96c4ab66eb76">
      <Execution id="4a8c9040-8527-4ef6-ab49-d57f37b9d887" />
      <TestMethod codeBase="C:\src\nodejstools\BuildOutput\Release14.0\Tests\JSAnalysisTests.dll" adapterTypeName="Microsoft.VisualStudio.TestTools.TestTypes.Unit.UnitTestAdapter" className="AnalysisTests.FormatterTests" name="TestObjectLiteral" />
    </UnitTest>
    <UnitTest name="TestIndentObjectLiteralWithoutComma" storage="c:\src\nodejstools\buildoutput\release14.0\tests\jsanalysistests.dll" priority="0" id="8782665a-bb31-1751-49ec-02f12fae4b60">
      <Execution id="233f807e-f0ef-49e2-92a7-dd3cb5d33712" />
      <TestMethod codeBase="C:\src\nodejstools\BuildOutput\Release14.0\Tests\JSAnalysisTests.dll" adapterTypeName="Microsoft.VisualStudio.TestTools.TestTypes.Unit.UnitTestAdapter" className="AnalysisTests.FormatterTests" name="TestIndentObjectLiteralWithoutComma" />
    </UnitTest>
    <UnitTest name="TestDoWhile" storage="c:\src\nodejstools\buildoutput\release14.0\tests\jsanalysistests.dll" priority="0" id="07710adf-42a6-3cd2-cfe0-30fd60d48d12">
      <Execution id="fb07e16b-1a1a-4906-86b8-c4b946e5db0f" />
      <TestMethod codeBase="C:\src\nodejstools\BuildOutput\Release14.0\Tests\JSAnalysisTests.dll" adapterTypeName="Microsoft.VisualStudio.TestTools.TestTypes.Unit.UnitTestAdapter" className="AnalysisTests.FormatterTests" name="TestDoWhile" />
    </UnitTest>
    <UnitTest name="TestControlFlowBraceCombo" storage="c:\src\nodejstools\buildoutput\release14.0\tests\jsanalysistests.dll" priority="0" id="f1fa14d9-986d-dbca-9065-40e27b8d0301">
      <Execution id="32b39b54-da0c-4a4c-a7f2-0ae90d82d36f" />
      <TestMethod codeBase="C:\src\nodejstools\BuildOutput\Release14.0\Tests\JSAnalysisTests.dll" adapterTypeName="Microsoft.VisualStudio.TestTools.TestTypes.Unit.UnitTestAdapter" className="AnalysisTests.FormatterTests" name="TestControlFlowBraceCombo" />
    </UnitTest>
    <UnitTest name="TestSpaceAfterOpeningAndBeforeClosingNonEmptyParenthesis" storage="c:\src\nodejstools\buildoutput\release14.0\tests\jsanalysistests.dll" priority="0" id="ae6f189c-1ff5-d0a9-15e5-12ae8a7237e1">
      <Execution id="5a1af04d-cd13-42e7-b40a-c3919f3537c6" />
      <TestMethod codeBase="C:\src\nodejstools\BuildOutput\Release14.0\Tests\JSAnalysisTests.dll" adapterTypeName="Microsoft.VisualStudio.TestTools.TestTypes.Unit.UnitTestAdapter" className="AnalysisTests.FormatterTests" name="TestSpaceAfterOpeningAndBeforeClosingNonEmptyParenthesis" />
    </UnitTest>
    <UnitTest name="TestSpaceAfterOpeningAndBeforeClosingNonEmptyParenthesis2" storage="c:\src\nodejstools\buildoutput\release14.0\tests\jsanalysistests.dll" priority="0" id="9c788f80-1fbe-669d-539f-b18f0f7416e9">
      <Execution id="2a928c37-13ad-4154-83b1-558cb76dad57" />
      <TestMethod codeBase="C:\src\nodejstools\BuildOutput\Release14.0\Tests\JSAnalysisTests.dll" adapterTypeName="Microsoft.VisualStudio.TestTools.TestTypes.Unit.UnitTestAdapter" className="AnalysisTests.FormatterTests" name="TestSpaceAfterOpeningAndBeforeClosingNonEmptyParenthesis2" />
    </UnitTest>
    <UnitTest name="TestArithmetic" storage="c:\src\nodejstools\buildoutput\release14.0\tests\jsanalysistests.dll" priority="0" id="1b6dab39-4da4-d4b6-7055-174d077cd492">
      <Execution id="31d7bc70-b000-404f-8e47-6f098ffc09d1" />
      <TestMethod codeBase="C:\src\nodejstools\BuildOutput\Release14.0\Tests\JSAnalysisTests.dll" adapterTypeName="Microsoft.VisualStudio.TestTools.TestTypes.Unit.UnitTestAdapter" className="AnalysisTests.FormatterTests" name="TestArithmetic" />
    </UnitTest>
    <UnitTest name="TestVariableDecl" storage="c:\src\nodejstools\buildoutput\release14.0\tests\jsanalysistests.dll" priority="0" id="1ac2609c-609b-8387-d002-be26bf32ec27">
      <Execution id="c4456700-7471-4b43-9184-89869fde8d4f" />
      <TestMethod codeBase="C:\src\nodejstools\BuildOutput\Release14.0\Tests\JSAnalysisTests.dll" adapterTypeName="Microsoft.VisualStudio.TestTools.TestTypes.Unit.UnitTestAdapter" className="AnalysisTests.FormatterTests" name="TestVariableDecl" />
    </UnitTest>
    <UnitTest name="TestLexcialDecl" storage="c:\src\nodejstools\buildoutput\release14.0\tests\jsanalysistests.dll" priority="0" id="785e71bb-41fc-3be0-cc73-dcdee581b85b">
      <Execution id="ef79ee72-298c-4586-b260-05560abb57e6" />
      <TestMethod codeBase="C:\src\nodejstools\BuildOutput\Release14.0\Tests\JSAnalysisTests.dll" adapterTypeName="Microsoft.VisualStudio.TestTools.TestTypes.Unit.UnitTestAdapter" className="AnalysisTests.FormatterTests" name="TestLexcialDecl" />
    </UnitTest>
    <UnitTest name="TestForIn" storage="c:\src\nodejstools\buildoutput\release14.0\tests\jsanalysistests.dll" priority="0" id="0717b4b5-a43c-582d-6072-e5ff5e53aa51">
      <Execution id="0bf9c635-2ce1-4d1e-afed-541dd6354a5c" />
      <TestMethod codeBase="C:\src\nodejstools\BuildOutput\Release14.0\Tests\JSAnalysisTests.dll" adapterTypeName="Microsoft.VisualStudio.TestTools.TestTypes.Unit.UnitTestAdapter" className="AnalysisTests.FormatterTests" name="TestForIn" />
    </UnitTest>
    <UnitTest name="TestFor" storage="c:\src\nodejstools\buildoutput\release14.0\tests\jsanalysistests.dll" priority="0" id="7c2a88b9-0512-d515-7c2a-fb397dd6fb50">
      <Execution id="5f940231-477f-4b71-be74-370941456b6d" />
      <TestMethod codeBase="C:\src\nodejstools\BuildOutput\Release14.0\Tests\JSAnalysisTests.dll" adapterTypeName="Microsoft.VisualStudio.TestTools.TestTypes.Unit.UnitTestAdapter" className="AnalysisTests.FormatterTests" name="TestFor" />
    </UnitTest>
    <UnitTest name="TestSpaceAfterComma" storage="c:\src\nodejstools\buildoutput\release14.0\tests\jsanalysistests.dll" priority="0" id="7b3e5880-514c-cf30-61c5-c0cd5db11e6e">
      <Execution id="ad1a38fc-756a-4b8f-9308-f16f61f96527" />
      <TestMethod codeBase="C:\src\nodejstools\BuildOutput\Release14.0\Tests\JSAnalysisTests.dll" adapterTypeName="Microsoft.VisualStudio.TestTools.TestTypes.Unit.UnitTestAdapter" className="AnalysisTests.FormatterTests" name="TestSpaceAfterComma" />
    </UnitTest>
    <UnitTest name="TestSpaceAfterFunctionInAnonymousFunctions" storage="c:\src\nodejstools\buildoutput\release14.0\tests\jsanalysistests.dll" priority="0" id="6bb4f18d-1e28-8003-f570-fa513edc0b95">
      <Execution id="09f72bee-47dd-4d8f-b2f7-f146e64dba9e" />
      <TestMethod codeBase="C:\src\nodejstools\BuildOutput\Release14.0\Tests\JSAnalysisTests.dll" adapterTypeName="Microsoft.VisualStudio.TestTools.TestTypes.Unit.UnitTestAdapter" className="AnalysisTests.FormatterTests" name="TestSpaceAfterFunctionInAnonymousFunctions" />
    </UnitTest>
    <UnitTest name="TestNestedSwitch" storage="c:\src\nodejstools\buildoutput\release14.0\tests\jsanalysistests.dll" priority="0" id="8c30ab53-5f6d-c776-6c21-ea17d5f2a40c">
      <Execution id="aa7aa2c3-fcb7-40e5-9d4f-eb8f173ec006" />
      <TestMethod codeBase="C:\src\nodejstools\BuildOutput\Release14.0\Tests\JSAnalysisTests.dll" adapterTypeName="Microsoft.VisualStudio.TestTools.TestTypes.Unit.UnitTestAdapter" className="AnalysisTests.FormatterTests" name="TestNestedSwitch" />
    </UnitTest>
    <UnitTest name="TestNestedIfs" storage="c:\src\nodejstools\buildoutput\release14.0\tests\jsanalysistests.dll" priority="0" id="70715723-7619-0e18-a8ef-3ea6745bd74e">
      <Execution id="6cd73359-cb27-4966-a4ec-73d456bc3e96" />
      <TestMethod codeBase="C:\src\nodejstools\BuildOutput\Release14.0\Tests\JSAnalysisTests.dll" adapterTypeName="Microsoft.VisualStudio.TestTools.TestTypes.Unit.UnitTestAdapter" className="AnalysisTests.FormatterTests" name="TestNestedIfs" />
    </UnitTest>
    <UnitTest name="TestSwitch" storage="c:\src\nodejstools\buildoutput\release14.0\tests\jsanalysistests.dll" priority="0" id="c14e51bd-3f7d-40d9-fee9-362fb422f40d">
      <Execution id="bdf018df-b4f3-42ae-a52f-2a83d0aa7284" />
      <TestMethod codeBase="C:\src\nodejstools\BuildOutput\Release14.0\Tests\JSAnalysisTests.dll" adapterTypeName="Microsoft.VisualStudio.TestTools.TestTypes.Unit.UnitTestAdapter" className="AnalysisTests.FormatterTests" name="TestSwitch" />
    </UnitTest>
    <UnitTest name="TestNewLineBracesForFunctions" storage="c:\src\nodejstools\buildoutput\release14.0\tests\jsanalysistests.dll" priority="0" id="d0a5db3f-bec1-3d9b-04c3-a6b4a0926780">
      <Execution id="9cf8cec9-fdff-4aae-9545-679135244d87" />
      <TestMethod codeBase="C:\src\nodejstools\BuildOutput\Release14.0\Tests\JSAnalysisTests.dll" adapterTypeName="Microsoft.VisualStudio.TestTools.TestTypes.Unit.UnitTestAdapter" className="AnalysisTests.FormatterTests" name="TestNewLineBracesForFunctions" />
    </UnitTest>
    <UnitTest name="TestInsertTabs" storage="c:\src\nodejstools\buildoutput\release14.0\tests\jsanalysistests.dll" priority="0" id="af0985ec-d131-a68a-f390-a66d92806fa2">
      <Execution id="ea1ec34b-ee4f-4f29-ade8-df4e1c2bbf5b" />
      <TestMethod codeBase="C:\src\nodejstools\BuildOutput\Release14.0\Tests\JSAnalysisTests.dll" adapterTypeName="Microsoft.VisualStudio.TestTools.TestTypes.Unit.UnitTestAdapter" className="AnalysisTests.FormatterTests" name="TestInsertTabs" />
    </UnitTest>
    <UnitTest name="TestComments" storage="c:\src\nodejstools\buildoutput\release14.0\tests\jsanalysistests.dll" priority="0" id="04fe193e-7e22-9a70-06a3-e74bceae80ba">
      <Execution id="f10677bf-8ab3-4ede-a479-fd172a8b3a9b" />
      <TestMethod codeBase="C:\src\nodejstools\BuildOutput\Release14.0\Tests\JSAnalysisTests.dll" adapterTypeName="Microsoft.VisualStudio.TestTools.TestTypes.Unit.UnitTestAdapter" className="AnalysisTests.FormatterTests" name="TestComments" />
    </UnitTest>
    <UnitTest name="TestSingleLineComments" storage="c:\src\nodejstools\buildoutput\release14.0\tests\jsanalysistests.dll" priority="0" id="2c1bc31c-d688-4a35-037f-bb430b7e7971">
      <Execution id="ef14ce90-35ec-444f-b1eb-911127bb471c" />
      <TestMethod codeBase="C:\src\nodejstools\BuildOutput\Release14.0\Tests\JSAnalysisTests.dll" adapterTypeName="Microsoft.VisualStudio.TestTools.TestTypes.Unit.UnitTestAdapter" className="AnalysisTests.FormatterTests" name="TestSingleLineComments" />
    </UnitTest>
    <UnitTest name="TestInsertSpaces" storage="c:\src\nodejstools\buildoutput\release14.0\tests\jsanalysistests.dll" priority="0" id="ad1e191e-825d-ef3c-99b8-c041d91b63c9">
      <Execution id="513e1a4a-8ad1-4fe3-adaf-295d7b4e0a67" />
      <TestMethod codeBase="C:\src\nodejstools\BuildOutput\Release14.0\Tests\JSAnalysisTests.dll" adapterTypeName="Microsoft.VisualStudio.TestTools.TestTypes.Unit.UnitTestAdapter" className="AnalysisTests.FormatterTests" name="TestInsertSpaces" />
    </UnitTest>
    <UnitTest name="TestNewLineBracesForFlowControl" storage="c:\src\nodejstools\buildoutput\release14.0\tests\jsanalysistests.dll" priority="0" id="3c694a15-a716-b4a5-dd65-f4323331743e">
      <Execution id="e44945e8-a841-4436-8fad-2735f469f0cf" />
      <TestMethod codeBase="C:\src\nodejstools\BuildOutput\Release14.0\Tests\JSAnalysisTests.dll" adapterTypeName="Microsoft.VisualStudio.TestTools.TestTypes.Unit.UnitTestAdapter" className="AnalysisTests.FormatterTests" name="TestNewLineBracesForFlowControl" />
    </UnitTest>
    <UnitTest name="TestNewLineBracesForFlowControl2" storage="c:\src\nodejstools\buildoutput\release14.0\tests\jsanalysistests.dll" priority="0" id="1497052d-c3c0-0828-43b4-5263aaa5f94f">
      <Execution id="1dbc80a9-5885-4b37-9662-60f0013becc6" />
      <TestMethod codeBase="C:\src\nodejstools\BuildOutput\Release14.0\Tests\JSAnalysisTests.dll" adapterTypeName="Microsoft.VisualStudio.TestTools.TestTypes.Unit.UnitTestAdapter" className="AnalysisTests.FormatterTests" name="TestNewLineBracesForFlowControl2" />
    </UnitTest>
    <UnitTest name="TestIf" storage="c:\src\nodejstools\buildoutput\release14.0\tests\jsanalysistests.dll" priority="0" id="666e1350-3aba-1f18-d969-f357758f661b">
      <Execution id="79e76656-a7b9-4f04-a7c4-e5dd25d4cd4e" />
      <TestMethod codeBase="C:\src\nodejstools\BuildOutput\Release14.0\Tests\JSAnalysisTests.dll" adapterTypeName="Microsoft.VisualStudio.TestTools.TestTypes.Unit.UnitTestAdapter" className="AnalysisTests.FormatterTests" name="TestIf" />
    </UnitTest>
    <UnitTest name="TestNestedBlock" storage="c:\src\nodejstools\buildoutput\release14.0\tests\jsanalysistests.dll" priority="0" id="289fd3a0-ab25-71c9-e1b4-802c4f94aa3a">
      <Execution id="33f1be48-2b85-4c03-baf4-6e65ad0e2775" />
      <TestMethod codeBase="C:\src\nodejstools\BuildOutput\Release14.0\Tests\JSAnalysisTests.dll" adapterTypeName="Microsoft.VisualStudio.TestTools.TestTypes.Unit.UnitTestAdapter" className="AnalysisTests.FormatterTests" name="TestNestedBlock" />
    </UnitTest>
    <UnitTest name="TestSpacesAroundBinaryOperator" storage="c:\src\nodejstools\buildoutput\release14.0\tests\jsanalysistests.dll" priority="0" id="ea573a37-6c08-e408-5ef0-3bd45af62b36">
      <Execution id="2a9fa375-78b7-44a2-b146-3299f29378a8" />
      <TestMethod codeBase="C:\src\nodejstools\BuildOutput\Release14.0\Tests\JSAnalysisTests.dll" adapterTypeName="Microsoft.VisualStudio.TestTools.TestTypes.Unit.UnitTestAdapter" className="AnalysisTests.FormatterTests" name="TestSpacesAroundBinaryOperator" />
    </UnitTest>
    <UnitTest name="TestSpaceAfterKeywordsInControlFlowStatements" storage="c:\src\nodejstools\buildoutput\release14.0\tests\jsanalysistests.dll" priority="0" id="cde28bd9-6a69-9a0b-4c2c-356e5e3cc9b8">
      <Execution id="4e64ec66-d7bb-432c-a6a1-8cfd44e195be" />
      <TestMethod codeBase="C:\src\nodejstools\BuildOutput\Release14.0\Tests\JSAnalysisTests.dll" adapterTypeName="Microsoft.VisualStudio.TestTools.TestTypes.Unit.UnitTestAdapter" className="AnalysisTests.FormatterTests" name="TestSpaceAfterKeywordsInControlFlowStatements" />
    </UnitTest>
    <UnitTest name="TestSimple" storage="c:\src\nodejstools\buildoutput\release14.0\tests\jsanalysistests.dll" priority="0" id="e9a43c5d-ef87-bdc2-1bdd-c303aa5708c0">
      <Execution id="4c4b91ae-03dd-4ab8-a5ac-bf4f2f83b017" />
      <TestMethod codeBase="C:\src\nodejstools\BuildOutput\Release14.0\Tests\JSAnalysisTests.dll" adapterTypeName="Microsoft.VisualStudio.TestTools.TestTypes.Unit.UnitTestAdapter" className="AnalysisTests.FormatterTests" name="TestSimple" />
    </UnitTest>
    <UnitTest name="TestFormatterNotReplacingAggressively" storage="c:\src\nodejstools\buildoutput\release14.0\tests\jsanalysistests.dll" priority="0" id="f826abce-a868-5e39-b035-19a5b1fbade0">
      <Execution id="5eabb706-b18d-4ae5-ba6d-f2ad46e5c834" />
      <TestMethod codeBase="C:\src\nodejstools\BuildOutput\Release14.0\Tests\JSAnalysisTests.dll" adapterTypeName="Microsoft.VisualStudio.TestTools.TestTypes.Unit.UnitTestAdapter" className="AnalysisTests.FormatterTests" name="TestFormatterNotReplacingAggressively" />
    </UnitTest>
    <UnitTest name="TestArrayLiteral" storage="c:\src\nodejstools\buildoutput\release14.0\tests\jsanalysistests.dll" priority="0" id="6718fd09-88dc-e369-86cd-2398d51489fd">
      <Execution id="ac593865-52ec-409a-8553-4df079fe177c" />
      <TestMethod codeBase="C:\src\nodejstools\BuildOutput\Release14.0\Tests\JSAnalysisTests.dll" adapterTypeName="Microsoft.VisualStudio.TestTools.TestTypes.Unit.UnitTestAdapter" className="AnalysisTests.ParserOffsetTests" name="TestArrayLiteral" />
    </UnitTest>
    <UnitTest name="TestBinaryOperator" storage="c:\src\nodejstools\buildoutput\release14.0\tests\jsanalysistests.dll" priority="0" id="5e9241f4-91dc-2132-e671-acf09f0fe963">
      <Execution id="f593ee02-6904-4c38-b0da-07c19ca5962d" />
      <TestMethod codeBase="C:\src\nodejstools\BuildOutput\Release14.0\Tests\JSAnalysisTests.dll" adapterTypeName="Microsoft.VisualStudio.TestTools.TestTypes.Unit.UnitTestAdapter" className="AnalysisTests.ParserOffsetTests" name="TestBinaryOperator" />
    </UnitTest>
    <UnitTest name="TestLoopBreakContinue" storage="c:\src\nodejstools\buildoutput\release14.0\tests\jsanalysistests.dll" priority="0" id="26ad7349-3dd7-0896-82e3-6ae08c0aeaad">
      <Execution id="2370b664-0dfd-4a6b-8e18-5462f0fc4682" />
      <TestMethod codeBase="C:\src\nodejstools\BuildOutput\Release14.0\Tests\JSAnalysisTests.dll" adapterTypeName="Microsoft.VisualStudio.TestTools.TestTypes.Unit.UnitTestAdapter" className="AnalysisTests.ParserOffsetTests" name="TestLoopBreakContinue" />
    </UnitTest>
    <UnitTest name="TestCommaOperator" storage="c:\src\nodejstools\buildoutput\release14.0\tests\jsanalysistests.dll" priority="0" id="1751e2ba-b080-70c1-8036-e742cd544b58">
      <Execution id="4423b1e1-baf4-4e11-9882-cb9355e046e3" />
      <TestMethod codeBase="C:\src\nodejstools\BuildOutput\Release14.0\Tests\JSAnalysisTests.dll" adapterTypeName="Microsoft.VisualStudio.TestTools.TestTypes.Unit.UnitTestAdapter" className="AnalysisTests.ParserOffsetTests" name="TestCommaOperator" />
    </UnitTest>
    <UnitTest name="TestCallNode" storage="c:\src\nodejstools\buildoutput\release14.0\tests\jsanalysistests.dll" priority="0" id="33f07877-e5f7-3d57-77b5-ca7673720a53">
      <Execution id="f4025b50-7c63-47e0-ba80-b7e7efaadd9e" />
      <TestMethod codeBase="C:\src\nodejstools\BuildOutput\Release14.0\Tests\JSAnalysisTests.dll" adapterTypeName="Microsoft.VisualStudio.TestTools.TestTypes.Unit.UnitTestAdapter" className="AnalysisTests.ParserOffsetTests" name="TestCallNode" />
    </UnitTest>
    <UnitTest name="TestConditional" storage="c:\src\nodejstools\buildoutput\release14.0\tests\jsanalysistests.dll" priority="0" id="aaf865ec-61a0-0e70-82b6-2b739ef6e3fc">
      <Execution id="06237b83-076a-427e-865a-33a2b7d7ca2c" />
      <TestMethod codeBase="C:\src\nodejstools\BuildOutput\Release14.0\Tests\JSAnalysisTests.dll" adapterTypeName="Microsoft.VisualStudio.TestTools.TestTypes.Unit.UnitTestAdapter" className="AnalysisTests.ParserOffsetTests" name="TestConditional" />
    </UnitTest>
    <UnitTest name="TestConstant" storage="c:\src\nodejstools\buildoutput\release14.0\tests\jsanalysistests.dll" priority="0" id="1a2fb27f-167a-4aa7-2bff-a1e6bb4a12f4">
      <Execution id="feb5b41c-e44b-4ef9-ad29-d6cd43dc2b3b" />
      <TestMethod codeBase="C:\src\nodejstools\BuildOutput\Release14.0\Tests\JSAnalysisTests.dll" adapterTypeName="Microsoft.VisualStudio.TestTools.TestTypes.Unit.UnitTestAdapter" className="AnalysisTests.ParserOffsetTests" name="TestConstant" />
    </UnitTest>
    <UnitTest name="TestConstStatement" storage="c:\src\nodejstools\buildoutput\release14.0\tests\jsanalysistests.dll" priority="0" id="a3f00a76-33ed-6d14-d841-1f2880fb2455">
      <Execution id="12971ee4-6889-45b3-aae8-f4fb35ba08bb" />
      <TestMethod codeBase="C:\src\nodejstools\BuildOutput\Release14.0\Tests\JSAnalysisTests.dll" adapterTypeName="Microsoft.VisualStudio.TestTools.TestTypes.Unit.UnitTestAdapter" className="AnalysisTests.ParserOffsetTests" name="TestConstStatement" />
    </UnitTest>
    <UnitTest name="TestDebuggerStatement" storage="c:\src\nodejstools\buildoutput\release14.0\tests\jsanalysistests.dll" priority="0" id="3ca2a3c0-e22e-dbaa-fa48-e66138ef6319">
      <Execution id="43aac056-664d-4be7-a386-af7194a94829" />
      <TestMethod codeBase="C:\src\nodejstools\BuildOutput\Release14.0\Tests\JSAnalysisTests.dll" adapterTypeName="Microsoft.VisualStudio.TestTools.TestTypes.Unit.UnitTestAdapter" className="AnalysisTests.ParserOffsetTests" name="TestDebuggerStatement" />
    </UnitTest>
    <UnitTest name="TestDoWhile" storage="c:\src\nodejstools\buildoutput\release14.0\tests\jsanalysistests.dll" priority="0" id="342833dc-56d6-c054-85c1-0939f59c472b">
      <Execution id="dc3bf4e5-3b1d-4f00-a16d-f95e4e410fac" />
      <TestMethod codeBase="C:\src\nodejstools\BuildOutput\Release14.0\Tests\JSAnalysisTests.dll" adapterTypeName="Microsoft.VisualStudio.TestTools.TestTypes.Unit.UnitTestAdapter" className="AnalysisTests.ParserOffsetTests" name="TestDoWhile" />
    </UnitTest>
    <UnitTest name="TestEmptyStatement" storage="c:\src\nodejstools\buildoutput\release14.0\tests\jsanalysistests.dll" priority="0" id="a7c94da1-d253-eb65-bb51-4059aa1b30a5">
      <Execution id="9b1fade2-0c4d-4f64-a221-02daaabce64e" />
      <TestMethod codeBase="C:\src\nodejstools\BuildOutput\Release14.0\Tests\JSAnalysisTests.dll" adapterTypeName="Microsoft.VisualStudio.TestTools.TestTypes.Unit.UnitTestAdapter" className="AnalysisTests.ParserOffsetTests" name="TestEmptyStatement" />
    </UnitTest>
    <UnitTest name="TestForIn" storage="c:\src\nodejstools\buildoutput\release14.0\tests\jsanalysistests.dll" priority="0" id="3a928a09-2493-1f02-a7bb-bec160a4f033">
      <Execution id="9a8158df-118a-4783-811d-7e8160d7d206" />
      <TestMethod codeBase="C:\src\nodejstools\BuildOutput\Release14.0\Tests\JSAnalysisTests.dll" adapterTypeName="Microsoft.VisualStudio.TestTools.TestTypes.Unit.UnitTestAdapter" className="AnalysisTests.ParserOffsetTests" name="TestForIn" />
    </UnitTest>
    <UnitTest name="TestFor" storage="c:\src\nodejstools\buildoutput\release14.0\tests\jsanalysistests.dll" priority="0" id="377db32e-f9b0-2ba5-2e65-71a4aa8940ce">
      <Execution id="f4a1315b-3f1a-4cef-b20e-898e90f0eaf4" />
      <TestMethod codeBase="C:\src\nodejstools\BuildOutput\Release14.0\Tests\JSAnalysisTests.dll" adapterTypeName="Microsoft.VisualStudio.TestTools.TestTypes.Unit.UnitTestAdapter" className="AnalysisTests.ParserOffsetTests" name="TestFor" />
    </UnitTest>
    <UnitTest name="TestFunction" storage="c:\src\nodejstools\buildoutput\release14.0\tests\jsanalysistests.dll" priority="0" id="dca775bb-0b9e-92fc-01cb-a87cb4093cf8">
      <Execution id="fe5c14b9-84ab-488e-89c1-30dca7bd7482" />
      <TestMethod codeBase="C:\src\nodejstools\BuildOutput\Release14.0\Tests\JSAnalysisTests.dll" adapterTypeName="Microsoft.VisualStudio.TestTools.TestTypes.Unit.UnitTestAdapter" className="AnalysisTests.ParserOffsetTests" name="TestFunction" />
    </UnitTest>
    <UnitTest name="TestGetSet" storage="c:\src\nodejstools\buildoutput\release14.0\tests\jsanalysistests.dll" priority="0" id="0c0f8d52-2ffc-348c-0db4-c8770d637394">
      <Execution id="f8330437-d0b2-4908-9eb4-cecb9bb24f06" />
      <TestMethod codeBase="C:\src\nodejstools\BuildOutput\Release14.0\Tests\JSAnalysisTests.dll" adapterTypeName="Microsoft.VisualStudio.TestTools.TestTypes.Unit.UnitTestAdapter" className="AnalysisTests.ParserOffsetTests" name="TestGetSet" />
    </UnitTest>
    <UnitTest name="TestGrouping" storage="c:\src\nodejstools\buildoutput\release14.0\tests\jsanalysistests.dll" priority="0" id="b9e984fe-28a3-b150-0152-cb8ffb3a0108">
      <Execution id="2d4dd94b-d92c-4547-9394-c8ac82c59cd7" />
      <TestMethod codeBase="C:\src\nodejstools\BuildOutput\Release14.0\Tests\JSAnalysisTests.dll" adapterTypeName="Microsoft.VisualStudio.TestTools.TestTypes.Unit.UnitTestAdapter" className="AnalysisTests.ParserOffsetTests" name="TestGrouping" />
    </UnitTest>
    <UnitTest name="TestIf" storage="c:\src\nodejstools\buildoutput\release14.0\tests\jsanalysistests.dll" priority="0" id="aab6c5df-d8ae-2072-0bb1-bf4cefc9d002">
      <Execution id="eaf21c15-5ee1-4379-b72f-54d812a9d756" />
      <TestMethod codeBase="C:\src\nodejstools\BuildOutput\Release14.0\Tests\JSAnalysisTests.dll" adapterTypeName="Microsoft.VisualStudio.TestTools.TestTypes.Unit.UnitTestAdapter" className="AnalysisTests.ParserOffsetTests" name="TestIf" />
    </UnitTest>
    <UnitTest name="TestLabeledStatement" storage="c:\src\nodejstools\buildoutput\release14.0\tests\jsanalysistests.dll" priority="0" id="25c3c003-5e4c-b707-206c-1fb8cb571fe6">
      <Execution id="affd519a-7b40-4d5c-b08f-6a645c5af157" />
      <TestMethod codeBase="C:\src\nodejstools\BuildOutput\Release14.0\Tests\JSAnalysisTests.dll" adapterTypeName="Microsoft.VisualStudio.TestTools.TestTypes.Unit.UnitTestAdapter" className="AnalysisTests.ParserOffsetTests" name="TestLabeledStatement" />
    </UnitTest>
    <UnitTest name="TestLexicalDeclaration" storage="c:\src\nodejstools\buildoutput\release14.0\tests\jsanalysistests.dll" priority="0" id="49b6ac45-0362-8a21-739d-a290f02599e5">
      <Execution id="ada0b246-1766-4a8f-a3ed-74d8b91be976" />
      <TestMethod codeBase="C:\src\nodejstools\BuildOutput\Release14.0\Tests\JSAnalysisTests.dll" adapterTypeName="Microsoft.VisualStudio.TestTools.TestTypes.Unit.UnitTestAdapter" className="AnalysisTests.ParserOffsetTests" name="TestLexicalDeclaration" />
    </UnitTest>
    <UnitTest name="TestBogusLexicalDeclaration" storage="c:\src\nodejstools\buildoutput\release14.0\tests\jsanalysistests.dll" priority="0" id="9b471562-1853-2ceb-39fe-82cc78edd523">
      <Execution id="8ba3dc7f-02e8-4719-80ca-e1d78a555975" />
      <TestMethod codeBase="C:\src\nodejstools\BuildOutput\Release14.0\Tests\JSAnalysisTests.dll" adapterTypeName="Microsoft.VisualStudio.TestTools.TestTypes.Unit.UnitTestAdapter" className="AnalysisTests.ParserOffsetTests" name="TestBogusLexicalDeclaration" />
    </UnitTest>
    <UnitTest name="TestLookup" storage="c:\src\nodejstools\buildoutput\release14.0\tests\jsanalysistests.dll" priority="0" id="5db730ed-4559-62f0-b02e-38ca1b2c6f58">
      <Execution id="17ce30b4-1574-40af-a7d7-fd6b016659fd" />
      <TestMethod codeBase="C:\src\nodejstools\BuildOutput\Release14.0\Tests\JSAnalysisTests.dll" adapterTypeName="Microsoft.VisualStudio.TestTools.TestTypes.Unit.UnitTestAdapter" className="AnalysisTests.ParserOffsetTests" name="TestLookup" />
    </UnitTest>
    <UnitTest name="TestMember" storage="c:\src\nodejstools\buildoutput\release14.0\tests\jsanalysistests.dll" priority="0" id="92a634cc-f550-fc5d-5bee-b18b185cafb7">
      <Execution id="dcd6e679-1d5b-4126-b50f-e507211f8102" />
      <TestMethod codeBase="C:\src\nodejstools\BuildOutput\Release14.0\Tests\JSAnalysisTests.dll" adapterTypeName="Microsoft.VisualStudio.TestTools.TestTypes.Unit.UnitTestAdapter" className="AnalysisTests.ParserOffsetTests" name="TestMember" />
    </UnitTest>
    <UnitTest name="TestObjectLiteral" storage="c:\src\nodejstools\buildoutput\release14.0\tests\jsanalysistests.dll" priority="0" id="7306b178-4cce-d4f0-0da8-c6f64fa15c4d">
      <Execution id="8b40d9ee-25bd-41b2-8611-69208d780589" />
      <TestMethod codeBase="C:\src\nodejstools\BuildOutput\Release14.0\Tests\JSAnalysisTests.dll" adapterTypeName="Microsoft.VisualStudio.TestTools.TestTypes.Unit.UnitTestAdapter" className="AnalysisTests.ParserOffsetTests" name="TestObjectLiteral" />
    </UnitTest>
    <UnitTest name="TestRegexpLiteral" storage="c:\src\nodejstools\buildoutput\release14.0\tests\jsanalysistests.dll" priority="0" id="c01527e9-07c2-6470-e9f4-714729c97c0f">
      <Execution id="45180691-f1f2-4309-81cd-b2f221a5211a" />
      <TestMethod codeBase="C:\src\nodejstools\BuildOutput\Release14.0\Tests\JSAnalysisTests.dll" adapterTypeName="Microsoft.VisualStudio.TestTools.TestTypes.Unit.UnitTestAdapter" className="AnalysisTests.ParserOffsetTests" name="TestRegexpLiteral" />
    </UnitTest>
    <UnitTest name="TestReturn" storage="c:\src\nodejstools\buildoutput\release14.0\tests\jsanalysistests.dll" priority="0" id="236e9d00-6a38-7501-b792-994e457933a3">
      <Execution id="632e5176-ff5c-4367-a0c9-d681ce117f29" />
      <TestMethod codeBase="C:\src\nodejstools\BuildOutput\Release14.0\Tests\JSAnalysisTests.dll" adapterTypeName="Microsoft.VisualStudio.TestTools.TestTypes.Unit.UnitTestAdapter" className="AnalysisTests.ParserOffsetTests" name="TestReturn" />
    </UnitTest>
    <UnitTest name="TestSwitch" storage="c:\src\nodejstools\buildoutput\release14.0\tests\jsanalysistests.dll" priority="0" id="85623fdf-8fa6-0f1d-dc7f-0b64c0901184">
      <Execution id="24fc7c37-4dfb-4bf9-8bb0-5ec9c8abd283" />
      <TestMethod codeBase="C:\src\nodejstools\BuildOutput\Release14.0\Tests\JSAnalysisTests.dll" adapterTypeName="Microsoft.VisualStudio.TestTools.TestTypes.Unit.UnitTestAdapter" className="AnalysisTests.ParserOffsetTests" name="TestSwitch" />
    </UnitTest>
    <UnitTest name="TestThis" storage="c:\src\nodejstools\buildoutput\release14.0\tests\jsanalysistests.dll" priority="0" id="0f3752f3-9f6e-89a6-210d-89ae4c56430a">
      <Execution id="eaa8694b-d035-4cdd-9858-3a294363d124" />
      <TestMethod codeBase="C:\src\nodejstools\BuildOutput\Release14.0\Tests\JSAnalysisTests.dll" adapterTypeName="Microsoft.VisualStudio.TestTools.TestTypes.Unit.UnitTestAdapter" className="AnalysisTests.ParserOffsetTests" name="TestThis" />
    </UnitTest>
    <UnitTest name="TestThrow" storage="c:\src\nodejstools\buildoutput\release14.0\tests\jsanalysistests.dll" priority="0" id="07073162-363d-152a-3f22-5789c4e5a212">
      <Execution id="9115459e-5d85-4dfe-a16c-680a81d006eb" />
      <TestMethod codeBase="C:\src\nodejstools\BuildOutput\Release14.0\Tests\JSAnalysisTests.dll" adapterTypeName="Microsoft.VisualStudio.TestTools.TestTypes.Unit.UnitTestAdapter" className="AnalysisTests.ParserOffsetTests" name="TestThrow" />
    </UnitTest>
    <UnitTest name="TestTryCatch" storage="c:\src\nodejstools\buildoutput\release14.0\tests\jsanalysistests.dll" priority="0" id="351bdd65-6dfb-9fc4-d0cc-529b31ffb3da">
      <Execution id="7bce2637-42d5-43e2-bad4-0807c29fcee0" />
      <TestMethod codeBase="C:\src\nodejstools\BuildOutput\Release14.0\Tests\JSAnalysisTests.dll" adapterTypeName="Microsoft.VisualStudio.TestTools.TestTypes.Unit.UnitTestAdapter" className="AnalysisTests.ParserOffsetTests" name="TestTryCatch" />
    </UnitTest>
    <UnitTest name="TestTryFinally" storage="c:\src\nodejstools\buildoutput\release14.0\tests\jsanalysistests.dll" priority="0" id="a2e45a71-7e1b-0736-76da-28c93014ba23">
      <Execution id="b123790b-7917-41de-92df-f869cd6ccdda" />
      <TestMethod codeBase="C:\src\nodejstools\BuildOutput\Release14.0\Tests\JSAnalysisTests.dll" adapterTypeName="Microsoft.VisualStudio.TestTools.TestTypes.Unit.UnitTestAdapter" className="AnalysisTests.ParserOffsetTests" name="TestTryFinally" />
    </UnitTest>
    <UnitTest name="TestTryCatchFinally" storage="c:\src\nodejstools\buildoutput\release14.0\tests\jsanalysistests.dll" priority="0" id="85f6ecef-54fd-d666-deff-b62d19cc8096">
      <Execution id="14dc721e-5cc7-4911-a099-327e264c9407" />
      <TestMethod codeBase="C:\src\nodejstools\BuildOutput\Release14.0\Tests\JSAnalysisTests.dll" adapterTypeName="Microsoft.VisualStudio.TestTools.TestTypes.Unit.UnitTestAdapter" className="AnalysisTests.ParserOffsetTests" name="TestTryCatchFinally" />
    </UnitTest>
    <UnitTest name="TestVariableDeclaration" storage="c:\src\nodejstools\buildoutput\release14.0\tests\jsanalysistests.dll" priority="0" id="4ff52ba1-71f7-4a5e-6806-e34ff836f017">
      <Execution id="fcd563eb-abed-41f9-8990-44fbcee18a5a" />
      <TestMethod codeBase="C:\src\nodejstools\BuildOutput\Release14.0\Tests\JSAnalysisTests.dll" adapterTypeName="Microsoft.VisualStudio.TestTools.TestTypes.Unit.UnitTestAdapter" className="AnalysisTests.ParserOffsetTests" name="TestVariableDeclaration" />
    </UnitTest>
    <UnitTest name="TestUnaryOperator" storage="c:\src\nodejstools\buildoutput\release14.0\tests\jsanalysistests.dll" priority="0" id="cf54665b-9ba8-f7d3-4345-1f8c84aeec98">
      <Execution id="1c71720b-f2cd-4dfd-a44a-8de2b3ebe2d6" />
      <TestMethod codeBase="C:\src\nodejstools\BuildOutput\Release14.0\Tests\JSAnalysisTests.dll" adapterTypeName="Microsoft.VisualStudio.TestTools.TestTypes.Unit.UnitTestAdapter" className="AnalysisTests.ParserOffsetTests" name="TestUnaryOperator" />
    </UnitTest>
    <UnitTest name="TestWhileNode" storage="c:\src\nodejstools\buildoutput\release14.0\tests\jsanalysistests.dll" priority="0" id="01461571-862b-499b-2988-72dd01fc1d0c">
      <Execution id="595fc5f6-4ce0-494d-b01e-948dc70a53c2" />
      <TestMethod codeBase="C:\src\nodejstools\BuildOutput\Release14.0\Tests\JSAnalysisTests.dll" adapterTypeName="Microsoft.VisualStudio.TestTools.TestTypes.Unit.UnitTestAdapter" className="AnalysisTests.ParserOffsetTests" name="TestWhileNode" />
    </UnitTest>
    <UnitTest name="TestWithNode" storage="c:\src\nodejstools\buildoutput\release14.0\tests\jsanalysistests.dll" priority="0" id="b7b7c6e9-a03b-3a62-c004-27fc97a29c4c">
      <Execution id="f9f921d5-bf8c-464c-a0f7-456cc77b218c" />
      <TestMethod codeBase="C:\src\nodejstools\BuildOutput\Release14.0\Tests\JSAnalysisTests.dll" adapterTypeName="Microsoft.VisualStudio.TestTools.TestTypes.Unit.UnitTestAdapter" className="AnalysisTests.ParserOffsetTests" name="TestWithNode" />
    </UnitTest>
    <UnitTest name="TestFunctionExpression" storage="c:\src\nodejstools\buildoutput\release14.0\tests\jsanalysistests.dll" priority="0" id="4bbb931b-5c4e-bf93-45ec-8112905fe2f7">
      <Execution id="d38e1fa6-e362-4cb6-ad38-70fa8cb628dc" />
      <TestMethod codeBase="C:\src\nodejstools\BuildOutput\Release14.0\Tests\JSAnalysisTests.dll" adapterTypeName="Microsoft.VisualStudio.TestTools.TestTypes.Unit.UnitTestAdapter" className="AnalysisTests.ParserOffsetTests" name="TestFunctionExpression" />
    </UnitTest>
    <UnitTest name="TestFunctionExpressionWithName" storage="c:\src\nodejstools\buildoutput\release14.0\tests\jsanalysistests.dll" priority="0" id="1f762df8-7047-6a3d-5aa0-6a9642a17162">
      <Execution id="8dd434f9-b98e-47be-8b31-5da83634b0df" />
      <TestMethod codeBase="C:\src\nodejstools\BuildOutput\Release14.0\Tests\JSAnalysisTests.dll" adapterTypeName="Microsoft.VisualStudio.TestTools.TestTypes.Unit.UnitTestAdapter" className="AnalysisTests.ParserOffsetTests" name="TestFunctionExpressionWithName" />
    </UnitTest>
    <UnitTest name="SimpleLiterals" storage="c:\src\nodejstools\buildoutput\release14.0\tests\jsanalysistests.dll" priority="0" id="990ee59d-5ff9-539f-63bb-dc67ba1ee3b7">
      <Execution id="0fb2b266-ad4d-4883-b339-6db67fb9903e" />
      <TestMethod codeBase="C:\src\nodejstools\BuildOutput\Release14.0\Tests\JSAnalysisTests.dll" adapterTypeName="Microsoft.VisualStudio.TestTools.TestTypes.Unit.UnitTestAdapter" className="AnalysisTests.ParserTests" name="SimpleLiterals" />
    </UnitTest>
    <UnitTest name="TestNumericLiterals" storage="c:\src\nodejstools\buildoutput\release14.0\tests\jsanalysistests.dll" priority="0" id="0a10bbc5-b9e2-2c1b-a7bc-dd760f303728">
      <Execution id="60172008-f8eb-4da4-8fef-67fc53951d9a" />
      <TestMethod codeBase="C:\src\nodejstools\BuildOutput\Release14.0\Tests\JSAnalysisTests.dll" adapterTypeName="Microsoft.VisualStudio.TestTools.TestTypes.Unit.UnitTestAdapter" className="AnalysisTests.ParserTests" name="TestNumericLiterals" />
    </UnitTest>
    <UnitTest name="TestStringLiterals" storage="c:\src\nodejstools\buildoutput\release14.0\tests\jsanalysistests.dll" priority="0" id="9a23df63-156a-4f30-6d25-17e5b513fe6f">
      <Execution id="7f8653b7-904f-4740-8393-6d2468e2d482" />
      <TestMethod codeBase="C:\src\nodejstools\BuildOutput\Release14.0\Tests\JSAnalysisTests.dll" adapterTypeName="Microsoft.VisualStudio.TestTools.TestTypes.Unit.UnitTestAdapter" className="AnalysisTests.ParserTests" name="TestStringLiterals" />
    </UnitTest>
    <UnitTest name="TestRegexLiterals" storage="c:\src\nodejstools\buildoutput\release14.0\tests\jsanalysistests.dll" priority="0" id="c3dde9e5-a106-18d7-c0e9-3a09806ad650">
      <Execution id="3e9fcc91-0356-454c-82d5-80377a738575" />
      <TestMethod codeBase="C:\src\nodejstools\BuildOutput\Release14.0\Tests\JSAnalysisTests.dll" adapterTypeName="Microsoft.VisualStudio.TestTools.TestTypes.Unit.UnitTestAdapter" className="AnalysisTests.ParserTests" name="TestRegexLiterals" />
    </UnitTest>
    <UnitTest name="TestVariableDeclaration" storage="c:\src\nodejstools\buildoutput\release14.0\tests\jsanalysistests.dll" priority="0" id="4871be04-198a-4a2c-ac62-10ca3c2f8fc7">
      <Execution id="fac91333-5a82-4a07-98e2-5ac805d35c8a" />
      <TestMethod codeBase="C:\src\nodejstools\BuildOutput\Release14.0\Tests\JSAnalysisTests.dll" adapterTypeName="Microsoft.VisualStudio.TestTools.TestTypes.Unit.UnitTestAdapter" className="AnalysisTests.ParserTests" name="TestVariableDeclaration" />
    </UnitTest>
    <UnitTest name="TestVariableDeclarationKeyword" storage="c:\src\nodejstools\buildoutput\release14.0\tests\jsanalysistests.dll" priority="0" id="89378b40-cf54-e03b-daac-188764afb8f0">
      <Execution id="b39889a7-d2a2-4918-ad77-ea5125deab9a" />
      <TestMethod codeBase="C:\src\nodejstools\BuildOutput\Release14.0\Tests\JSAnalysisTests.dll" adapterTypeName="Microsoft.VisualStudio.TestTools.TestTypes.Unit.UnitTestAdapter" className="AnalysisTests.ParserTests" name="TestVariableDeclarationKeyword" />
    </UnitTest>
    <UnitTest name="TestVariableDeclarationError" storage="c:\src\nodejstools\buildoutput\release14.0\tests\jsanalysistests.dll" priority="0" id="57b8d287-16cf-7650-c43d-8fd631d22a39">
      <Execution id="c69161fb-70d7-4df5-8ca5-919a7cee861c" />
      <TestMethod codeBase="C:\src\nodejstools\BuildOutput\Release14.0\Tests\JSAnalysisTests.dll" adapterTypeName="Microsoft.VisualStudio.TestTools.TestTypes.Unit.UnitTestAdapter" className="AnalysisTests.ParserTests" name="TestVariableDeclarationError" />
    </UnitTest>
    <UnitTest name="TestVariableDeclarationError2" storage="c:\src\nodejstools\buildoutput\release14.0\tests\jsanalysistests.dll" priority="0" id="f127398d-5e89-f8a2-cdb7-51678d36d567">
      <Execution id="4822f7a4-0dbd-49b1-bd89-722ba9bd5f56" />
      <TestMethod codeBase="C:\src\nodejstools\BuildOutput\Release14.0\Tests\JSAnalysisTests.dll" adapterTypeName="Microsoft.VisualStudio.TestTools.TestTypes.Unit.UnitTestAdapter" className="AnalysisTests.ParserTests" name="TestVariableDeclarationError2" />
    </UnitTest>
    <UnitTest name="TestEmptyStatement" storage="c:\src\nodejstools\buildoutput\release14.0\tests\jsanalysistests.dll" priority="0" id="36aa3b5b-643e-85a0-6123-fb66640c7253">
      <Execution id="f05e30be-52e0-493d-889b-5eed246333c3" />
      <TestMethod codeBase="C:\src\nodejstools\BuildOutput\Release14.0\Tests\JSAnalysisTests.dll" adapterTypeName="Microsoft.VisualStudio.TestTools.TestTypes.Unit.UnitTestAdapter" className="AnalysisTests.ParserTests" name="TestEmptyStatement" />
    </UnitTest>
    <UnitTest name="TestIfStatement" storage="c:\src\nodejstools\buildoutput\release14.0\tests\jsanalysistests.dll" priority="0" id="3d5d7dbc-d6e1-43d9-586e-22231748cf91">
      <Execution id="a81c1a06-46ec-41bf-b46f-8bafcf06594d" />
      <TestMethod codeBase="C:\src\nodejstools\BuildOutput\Release14.0\Tests\JSAnalysisTests.dll" adapterTypeName="Microsoft.VisualStudio.TestTools.TestTypes.Unit.UnitTestAdapter" className="AnalysisTests.ParserTests" name="TestIfStatement" />
    </UnitTest>
    <UnitTest name="TestForStatement" storage="c:\src\nodejstools\buildoutput\release14.0\tests\jsanalysistests.dll" priority="0" id="0f1e0c62-48e9-37ee-cec4-9aa4f67f775d">
      <Execution id="ffbaa249-2109-4143-9003-b73a30ad162f" />
      <TestMethod codeBase="C:\src\nodejstools\BuildOutput\Release14.0\Tests\JSAnalysisTests.dll" adapterTypeName="Microsoft.VisualStudio.TestTools.TestTypes.Unit.UnitTestAdapter" className="AnalysisTests.ParserTests" name="TestForStatement" />
    </UnitTest>
    <UnitTest name="TestForStatementLexical" storage="c:\src\nodejstools\buildoutput\release14.0\tests\jsanalysistests.dll" priority="0" id="1fc6f938-65f2-9361-29db-a58e2385b9f3">
      <Execution id="b2f8e3f0-2fab-4aef-84e0-f10843219efb" />
      <TestMethod codeBase="C:\src\nodejstools\BuildOutput\Release14.0\Tests\JSAnalysisTests.dll" adapterTypeName="Microsoft.VisualStudio.TestTools.TestTypes.Unit.UnitTestAdapter" className="AnalysisTests.ParserTests" name="TestForStatementLexical" />
    </UnitTest>
    <UnitTest name="TestForNoVarStatement" storage="c:\src\nodejstools\buildoutput\release14.0\tests\jsanalysistests.dll" priority="0" id="5c8e19b3-5238-ab2c-f0b7-d0fd7b73b8f9">
      <Execution id="860228e6-cae1-4158-8311-a2d27d0d5378" />
      <TestMethod codeBase="C:\src\nodejstools\BuildOutput\Release14.0\Tests\JSAnalysisTests.dll" adapterTypeName="Microsoft.VisualStudio.TestTools.TestTypes.Unit.UnitTestAdapter" className="AnalysisTests.ParserTests" name="TestForNoVarStatement" />
    </UnitTest>
    <UnitTest name="TestForInStatement" storage="c:\src\nodejstools\buildoutput\release14.0\tests\jsanalysistests.dll" priority="0" id="c125af8f-397c-45b6-6da9-cea7485ea18e">
      <Execution id="e7edc5da-1510-4218-ac98-46b987a9e99c" />
      <TestMethod codeBase="C:\src\nodejstools\BuildOutput\Release14.0\Tests\JSAnalysisTests.dll" adapterTypeName="Microsoft.VisualStudio.TestTools.TestTypes.Unit.UnitTestAdapter" className="AnalysisTests.ParserTests" name="TestForInStatement" />
    </UnitTest>
    <UnitTest name="TestForContinueStatement" storage="c:\src\nodejstools\buildoutput\release14.0\tests\jsanalysistests.dll" priority="0" id="56d7d034-2b9d-50e8-a7ca-a17ac162f351">
      <Execution id="62345573-5b0a-4f73-8439-3441a73a1376" />
      <TestMethod codeBase="C:\src\nodejstools\BuildOutput\Release14.0\Tests\JSAnalysisTests.dll" adapterTypeName="Microsoft.VisualStudio.TestTools.TestTypes.Unit.UnitTestAdapter" className="AnalysisTests.ParserTests" name="TestForContinueStatement" />
    </UnitTest>
    <UnitTest name="TestForBreakStatement" storage="c:\src\nodejstools\buildoutput\release14.0\tests\jsanalysistests.dll" priority="0" id="a13ff8f9-8999-affb-b2d3-1cfe7478840f">
      <Execution id="ecbd0f2d-877d-4762-8193-f0271d492bf5" />
      <TestMethod codeBase="C:\src\nodejstools\BuildOutput\Release14.0\Tests\JSAnalysisTests.dll" adapterTypeName="Microsoft.VisualStudio.TestTools.TestTypes.Unit.UnitTestAdapter" className="AnalysisTests.ParserTests" name="TestForBreakStatement" />
    </UnitTest>
    <UnitTest name="TestForContinueLabelStatement" storage="c:\src\nodejstools\buildoutput\release14.0\tests\jsanalysistests.dll" priority="0" id="7490b4c0-24ca-d4f3-bcdb-3e9bce2c2cf4">
      <Execution id="ac3fea27-43de-4551-9e8c-3ac2ccd9a0b6" />
      <TestMethod codeBase="C:\src\nodejstools\BuildOutput\Release14.0\Tests\JSAnalysisTests.dll" adapterTypeName="Microsoft.VisualStudio.TestTools.TestTypes.Unit.UnitTestAdapter" className="AnalysisTests.ParserTests" name="TestForContinueLabelStatement" />
    </UnitTest>
    <UnitTest name="TestForContinueLabelStatement2" storage="c:\src\nodejstools\buildoutput\release14.0\tests\jsanalysistests.dll" priority="0" id="837c40eb-85bf-b1c3-1513-fc0e48d62dc7">
      <Execution id="1f1020d2-fecf-4977-aab4-5cfee15d5aaa" />
      <TestMethod codeBase="C:\src\nodejstools\BuildOutput\Release14.0\Tests\JSAnalysisTests.dll" adapterTypeName="Microsoft.VisualStudio.TestTools.TestTypes.Unit.UnitTestAdapter" className="AnalysisTests.ParserTests" name="TestForContinueLabelStatement2" />
    </UnitTest>
    <UnitTest name="TestForContinueLabelStatement3" storage="c:\src\nodejstools\buildoutput\release14.0\tests\jsanalysistests.dll" priority="0" id="8b2526c8-194c-e78f-f320-25fa602944f8">
      <Execution id="d707bd72-fa65-4bb0-834d-6384308771fe" />
      <TestMethod codeBase="C:\src\nodejstools\BuildOutput\Release14.0\Tests\JSAnalysisTests.dll" adapterTypeName="Microsoft.VisualStudio.TestTools.TestTypes.Unit.UnitTestAdapter" className="AnalysisTests.ParserTests" name="TestForContinueLabelStatement3" />
    </UnitTest>
    <UnitTest name="TestForBreakLabelStatement" storage="c:\src\nodejstools\buildoutput\release14.0\tests\jsanalysistests.dll" priority="0" id="53b41a58-b28c-ce0b-d337-e56e817a9caa">
      <Execution id="fc4074ae-a070-44f3-b0c3-eb492895b3e2" />
      <TestMethod codeBase="C:\src\nodejstools\BuildOutput\Release14.0\Tests\JSAnalysisTests.dll" adapterTypeName="Microsoft.VisualStudio.TestTools.TestTypes.Unit.UnitTestAdapter" className="AnalysisTests.ParserTests" name="TestForBreakLabelStatement" />
    </UnitTest>
    <UnitTest name="TryStatement" storage="c:\src\nodejstools\buildoutput\release14.0\tests\jsanalysistests.dll" priority="0" id="b42500f9-8680-fc68-9584-e199ca49e876">
      <Execution id="07ed7b37-9e95-44a7-a383-46cbeede2293" />
      <TestMethod codeBase="C:\src\nodejstools\BuildOutput\Release14.0\Tests\JSAnalysisTests.dll" adapterTypeName="Microsoft.VisualStudio.TestTools.TestTypes.Unit.UnitTestAdapter" className="AnalysisTests.ParserTests" name="TryStatement" />
    </UnitTest>
    <UnitTest name="WhileStatement" storage="c:\src\nodejstools\buildoutput\release14.0\tests\jsanalysistests.dll" priority="0" id="7d773c54-bb33-3d67-034a-5b1d921d0dd9">
      <Execution id="86142440-fec6-44da-a925-af5ba2794181" />
      <TestMethod codeBase="C:\src\nodejstools\BuildOutput\Release14.0\Tests\JSAnalysisTests.dll" adapterTypeName="Microsoft.VisualStudio.TestTools.TestTypes.Unit.UnitTestAdapter" className="AnalysisTests.ParserTests" name="WhileStatement" />
    </UnitTest>
    <UnitTest name="TestUseStrictDirective" storage="c:\src\nodejstools\buildoutput\release14.0\tests\jsanalysistests.dll" priority="0" id="cc411bc9-7046-2772-0380-b889f6c46b53">
      <Execution id="9f9f5e4c-571c-42fd-a528-6878902dc55a" />
      <TestMethod codeBase="C:\src\nodejstools\BuildOutput\Release14.0\Tests\JSAnalysisTests.dll" adapterTypeName="Microsoft.VisualStudio.TestTools.TestTypes.Unit.UnitTestAdapter" className="AnalysisTests.ParserTests" name="TestUseStrictDirective" />
    </UnitTest>
    <UnitTest name="DoWhileStatement" storage="c:\src\nodejstools\buildoutput\release14.0\tests\jsanalysistests.dll" priority="0" id="65e787f8-b5d4-18d4-bba2-ae686ae1c06a">
      <Execution id="c06c5f35-22fc-4aa6-b4b4-0d27c4f2600e" />
      <TestMethod codeBase="C:\src\nodejstools\BuildOutput\Release14.0\Tests\JSAnalysisTests.dll" adapterTypeName="Microsoft.VisualStudio.TestTools.TestTypes.Unit.UnitTestAdapter" className="AnalysisTests.ParserTests" name="DoWhileStatement" />
    </UnitTest>
    <UnitTest name="VariableDeclarationBadInitializer3" storage="c:\src\nodejstools\buildoutput\release14.0\tests\jsanalysistests.dll" priority="0" id="985c250c-efff-61a3-ca76-5d250b7fde65">
      <Execution id="c2e9820e-bab9-4370-8edd-c1c20e75149e" />
      <TestMethod codeBase="C:\src\nodejstools\BuildOutput\Release14.0\Tests\JSAnalysisTests.dll" adapterTypeName="Microsoft.VisualStudio.TestTools.TestTypes.Unit.UnitTestAdapter" className="AnalysisTests.ParserTests" name="VariableDeclarationBadInitializer3" />
    </UnitTest>
    <UnitTest name="VariableDeclarationBadInitializer" storage="c:\src\nodejstools\buildoutput\release14.0\tests\jsanalysistests.dll" priority="0" id="9a5fe56d-3b4d-f83a-e346-cdaf1303b924">
      <Execution id="8e0c5639-0c41-4388-94a9-6bdb836a0221" />
      <TestMethod codeBase="C:\src\nodejstools\BuildOutput\Release14.0\Tests\JSAnalysisTests.dll" adapterTypeName="Microsoft.VisualStudio.TestTools.TestTypes.Unit.UnitTestAdapter" className="AnalysisTests.ParserTests" name="VariableDeclarationBadInitializer" />
    </UnitTest>
    <UnitTest name="VariableDeclarationEqual" storage="c:\src\nodejstools\buildoutput\release14.0\tests\jsanalysistests.dll" priority="0" id="42bd2dd8-8181-fbf3-e830-faa842f1f3b4">
      <Execution id="37c869e1-1a4a-4c51-9200-352399bb1881" />
      <TestMethod codeBase="C:\src\nodejstools\BuildOutput\Release14.0\Tests\JSAnalysisTests.dll" adapterTypeName="Microsoft.VisualStudio.TestTools.TestTypes.Unit.UnitTestAdapter" className="AnalysisTests.ParserTests" name="VariableDeclarationEqual" />
    </UnitTest>
    <UnitTest name="ErrorDebuggerMissingSemiColon" storage="c:\src\nodejstools\buildoutput\release14.0\tests\jsanalysistests.dll" priority="0" id="e5fef0f7-2e12-09a0-e0e5-0c75fc240e9e">
      <Execution id="d2aeb7f2-8af0-40b7-ae1f-a76afcd7ecb2" />
      <TestMethod codeBase="C:\src\nodejstools\BuildOutput\Release14.0\Tests\JSAnalysisTests.dll" adapterTypeName="Microsoft.VisualStudio.TestTools.TestTypes.Unit.UnitTestAdapter" className="AnalysisTests.ParserTests" name="ErrorDebuggerMissingSemiColon" />
    </UnitTest>
    <UnitTest name="WarningDebuggerMissingSemiColon" storage="c:\src\nodejstools\buildoutput\release14.0\tests\jsanalysistests.dll" priority="0" id="001e0527-dd1d-76d0-8cda-71396cdbdc6a">
      <Execution id="4f3ffc52-63b4-4c02-afaf-5de190454f45" />
      <TestMethod codeBase="C:\src\nodejstools\BuildOutput\Release14.0\Tests\JSAnalysisTests.dll" adapterTypeName="Microsoft.VisualStudio.TestTools.TestTypes.Unit.UnitTestAdapter" className="AnalysisTests.ParserTests" name="WarningDebuggerMissingSemiColon" />
    </UnitTest>
    <UnitTest name="ErrorDuplicateLabel" storage="c:\src\nodejstools\buildoutput\release14.0\tests\jsanalysistests.dll" priority="0" id="e5f2a650-cfe8-b050-4e5f-acfb996aaaf2">
      <Execution id="e931f174-ceb7-4df6-957b-be47bb8187b0" />
      <TestMethod codeBase="C:\src\nodejstools\BuildOutput\Release14.0\Tests\JSAnalysisTests.dll" adapterTypeName="Microsoft.VisualStudio.TestTools.TestTypes.Unit.UnitTestAdapter" className="AnalysisTests.ParserTests" name="ErrorDuplicateLabel" />
    </UnitTest>
    <UnitTest name="ErrorBadContinueBadLabel" storage="c:\src\nodejstools\buildoutput\release14.0\tests\jsanalysistests.dll" priority="0" id="3cc714f9-12f9-57c2-4b5f-5bf7170d9452">
      <Execution id="997512b5-d17f-4c50-92e3-2bdd9fb94653" />
      <TestMethod codeBase="C:\src\nodejstools\BuildOutput\Release14.0\Tests\JSAnalysisTests.dll" adapterTypeName="Microsoft.VisualStudio.TestTools.TestTypes.Unit.UnitTestAdapter" className="AnalysisTests.ParserTests" name="ErrorBadContinueBadLabel" />
    </UnitTest>
    <UnitTest name="WarningContinueSemicolonInsertion" storage="c:\src\nodejstools\buildoutput\release14.0\tests\jsanalysistests.dll" priority="0" id="cdfe3a83-fce6-3db7-6e52-a4d3672f65b8">
      <Execution id="079e3e90-7e63-48c2-a885-56b26c82c649" />
      <TestMethod codeBase="C:\src\nodejstools\BuildOutput\Release14.0\Tests\JSAnalysisTests.dll" adapterTypeName="Microsoft.VisualStudio.TestTools.TestTypes.Unit.UnitTestAdapter" className="AnalysisTests.ParserTests" name="WarningContinueSemicolonInsertion" />
    </UnitTest>
    <UnitTest name="WarningBreakSemicolonInsertion" storage="c:\src\nodejstools\buildoutput\release14.0\tests\jsanalysistests.dll" priority="0" id="7b0b3b34-08d7-b67d-b3be-8f3914431cf4">
      <Execution id="b7518596-5f0b-42ce-804e-3fd34dfb2ed0" />
      <TestMethod codeBase="C:\src\nodejstools\BuildOutput\Release14.0\Tests\JSAnalysisTests.dll" adapterTypeName="Microsoft.VisualStudio.TestTools.TestTypes.Unit.UnitTestAdapter" className="AnalysisTests.ParserTests" name="WarningBreakSemicolonInsertion" />
    </UnitTest>
    <UnitTest name="ErrorContinueNoSemicolon" storage="c:\src\nodejstools\buildoutput\release14.0\tests\jsanalysistests.dll" priority="0" id="01546668-9707-200e-5308-567faf88a1d5">
      <Execution id="7cb9980a-582c-4916-ad2f-826df718531f" />
      <TestMethod codeBase="C:\src\nodejstools\BuildOutput\Release14.0\Tests\JSAnalysisTests.dll" adapterTypeName="Microsoft.VisualStudio.TestTools.TestTypes.Unit.UnitTestAdapter" className="AnalysisTests.ParserTests" name="ErrorContinueNoSemicolon" />
    </UnitTest>
    <UnitTest name="ErrorBreakNoSemicolon" storage="c:\src\nodejstools\buildoutput\release14.0\tests\jsanalysistests.dll" priority="0" id="6d051f87-ad10-5ff1-cbdb-8bfc681de476">
      <Execution id="40a06b97-0206-4225-a92b-ae7477a5a71c" />
      <TestMethod codeBase="C:\src\nodejstools\BuildOutput\Release14.0\Tests\JSAnalysisTests.dll" adapterTypeName="Microsoft.VisualStudio.TestTools.TestTypes.Unit.UnitTestAdapter" className="AnalysisTests.ParserTests" name="ErrorBreakNoSemicolon" />
    </UnitTest>
    <UnitTest name="ErrorBadContinue" storage="c:\src\nodejstools\buildoutput\release14.0\tests\jsanalysistests.dll" priority="0" id="e8d7366f-a424-a603-14bf-781a9f512fda">
      <Execution id="537b2ea4-16b4-4473-998a-66a7feb3d14a" />
      <TestMethod codeBase="C:\src\nodejstools\BuildOutput\Release14.0\Tests\JSAnalysisTests.dll" adapterTypeName="Microsoft.VisualStudio.TestTools.TestTypes.Unit.UnitTestAdapter" className="AnalysisTests.ParserTests" name="ErrorBadContinue" />
    </UnitTest>
    <UnitTest name="ErrorBadBreak" storage="c:\src\nodejstools\buildoutput\release14.0\tests\jsanalysistests.dll" priority="0" id="51f707ca-81d0-8b18-8899-cd5e8c659764">
      <Execution id="8a31e9a7-d98d-4959-90ae-b0710c8f59e7" />
      <TestMethod codeBase="C:\src\nodejstools\BuildOutput\Release14.0\Tests\JSAnalysisTests.dll" adapterTypeName="Microsoft.VisualStudio.TestTools.TestTypes.Unit.UnitTestAdapter" className="AnalysisTests.ParserTests" name="ErrorBadBreak" />
    </UnitTest>
    <UnitTest name="WarningWithNoParens" storage="c:\src\nodejstools\buildoutput\release14.0\tests\jsanalysistests.dll" priority="0" id="5702e26b-e826-632c-8330-61a2ba14cfdd">
      <Execution id="c891b1b7-5982-4de3-8675-796c3e7b3f02" />
      <TestMethod codeBase="C:\src\nodejstools\BuildOutput\Release14.0\Tests\JSAnalysisTests.dll" adapterTypeName="Microsoft.VisualStudio.TestTools.TestTypes.Unit.UnitTestAdapter" className="AnalysisTests.ParserTests" name="WarningWithNoParens" />
    </UnitTest>
    <UnitTest name="WarningReturnNoSemicolon" storage="c:\src\nodejstools\buildoutput\release14.0\tests\jsanalysistests.dll" priority="0" id="a8ada55e-2697-d416-4fab-cf14393e5cc8">
      <Execution id="fe41d671-532a-47ba-964f-93245a338103" />
      <TestMethod codeBase="C:\src\nodejstools\BuildOutput\Release14.0\Tests\JSAnalysisTests.dll" adapterTypeName="Microsoft.VisualStudio.TestTools.TestTypes.Unit.UnitTestAdapter" className="AnalysisTests.ParserTests" name="WarningReturnNoSemicolon" />
    </UnitTest>
    <UnitTest name="WarningReturnSemiColonInsertion" storage="c:\src\nodejstools\buildoutput\release14.0\tests\jsanalysistests.dll" priority="0" id="6a0b07a6-5692-a08c-fed9-85842418de5f">
      <Execution id="23071f72-1124-44be-be1e-7f9f9f184fd9" />
      <TestMethod codeBase="C:\src\nodejstools\BuildOutput\Release14.0\Tests\JSAnalysisTests.dll" adapterTypeName="Microsoft.VisualStudio.TestTools.TestTypes.Unit.UnitTestAdapter" className="AnalysisTests.ParserTests" name="WarningReturnSemiColonInsertion" />
    </UnitTest>
    <UnitTest name="RecoveryReturnBadOperand" storage="c:\src\nodejstools\buildoutput\release14.0\tests\jsanalysistests.dll" priority="0" id="5156f917-3fd5-74a7-3c60-7d163e310725">
      <Execution id="7f6c2eda-2357-4ae8-aa1a-4d6c8d24463c" />
      <TestMethod codeBase="C:\src\nodejstools\BuildOutput\Release14.0\Tests\JSAnalysisTests.dll" adapterTypeName="Microsoft.VisualStudio.TestTools.TestTypes.Unit.UnitTestAdapter" className="AnalysisTests.ParserTests" name="RecoveryReturnBadOperand" />
    </UnitTest>
    <UnitTest name="RecoverReturnBadOperand2" storage="c:\src\nodejstools\buildoutput\release14.0\tests\jsanalysistests.dll" priority="0" id="87b5e219-81e4-2596-31d6-c5a89beb2a15">
      <Execution id="7ef3f8ce-440d-42cb-b5de-f5245eae2b4f" />
      <TestMethod codeBase="C:\src\nodejstools\BuildOutput\Release14.0\Tests\JSAnalysisTests.dll" adapterTypeName="Microsoft.VisualStudio.TestTools.TestTypes.Unit.UnitTestAdapter" className="AnalysisTests.ParserTests" name="RecoverReturnBadOperand2" />
    </UnitTest>
    <UnitTest name="RecoveryReturnBadOperand3" storage="c:\src\nodejstools\buildoutput\release14.0\tests\jsanalysistests.dll" priority="0" id="bc168666-7dae-4847-5327-6ecfe8596def">
      <Execution id="987b1488-a969-422e-8af1-4ab73687a6c5" />
      <TestMethod codeBase="C:\src\nodejstools\BuildOutput\Release14.0\Tests\JSAnalysisTests.dll" adapterTypeName="Microsoft.VisualStudio.TestTools.TestTypes.Unit.UnitTestAdapter" className="AnalysisTests.ParserTests" name="RecoveryReturnBadOperand3" />
    </UnitTest>
    <UnitTest name="ErrorIfMissingParens" storage="c:\src\nodejstools\buildoutput\release14.0\tests\jsanalysistests.dll" priority="0" id="37fffb1a-4927-3061-d72a-ddb546d4301b">
      <Execution id="05a44725-983e-4449-aa2a-c8dc8dd35d88" />
      <TestMethod codeBase="C:\src\nodejstools\BuildOutput\Release14.0\Tests\JSAnalysisTests.dll" adapterTypeName="Microsoft.VisualStudio.TestTools.TestTypes.Unit.UnitTestAdapter" className="AnalysisTests.ParserTests" name="ErrorIfMissingParens" />
    </UnitTest>
    <UnitTest name="WarningIfSuspectAssign" storage="c:\src\nodejstools\buildoutput\release14.0\tests\jsanalysistests.dll" priority="0" id="21d8788b-96d8-b074-f020-fe1178d8c4bf">
      <Execution id="b6177e08-24d8-4263-af0d-347324d7aa67" />
      <TestMethod codeBase="C:\src\nodejstools\BuildOutput\Release14.0\Tests\JSAnalysisTests.dll" adapterTypeName="Microsoft.VisualStudio.TestTools.TestTypes.Unit.UnitTestAdapter" className="AnalysisTests.ParserTests" name="WarningIfSuspectAssign" />
    </UnitTest>
    <UnitTest name="WarningIfSuspectSemicolon" storage="c:\src\nodejstools\buildoutput\release14.0\tests\jsanalysistests.dll" priority="0" id="a305a437-f6e1-a3fb-3be0-9f0138e11421">
      <Execution id="b9c332bc-f5c2-492e-9861-0d64b6149ce4" />
      <TestMethod codeBase="C:\src\nodejstools\BuildOutput\Release14.0\Tests\JSAnalysisTests.dll" adapterTypeName="Microsoft.VisualStudio.TestTools.TestTypes.Unit.UnitTestAdapter" className="AnalysisTests.ParserTests" name="WarningIfSuspectSemicolon" />
    </UnitTest>
    <UnitTest name="WarningIfElseSuspectSemicolon" storage="c:\src\nodejstools\buildoutput\release14.0\tests\jsanalysistests.dll" priority="0" id="c8130cce-806a-33ed-d423-49de37751848">
      <Execution id="afc3acb0-2ea5-4ba6-8c41-50eaba3a8f08" />
      <TestMethod codeBase="C:\src\nodejstools\BuildOutput\Release14.0\Tests\JSAnalysisTests.dll" adapterTypeName="Microsoft.VisualStudio.TestTools.TestTypes.Unit.UnitTestAdapter" className="AnalysisTests.ParserTests" name="WarningIfElseSuspectSemicolon" />
    </UnitTest>
    <UnitTest name="WarningIfElseStatementBlock" storage="c:\src\nodejstools\buildoutput\release14.0\tests\jsanalysistests.dll" priority="0" id="61e156e3-fcdc-3610-c3c1-13265d5c719d">
      <Execution id="8d17c61f-729f-4870-8e0b-900689d3946d" />
      <TestMethod codeBase="C:\src\nodejstools\BuildOutput\Release14.0\Tests\JSAnalysisTests.dll" adapterTypeName="Microsoft.VisualStudio.TestTools.TestTypes.Unit.UnitTestAdapter" className="AnalysisTests.ParserTests" name="WarningIfElseStatementBlock" />
    </UnitTest>
    <UnitTest name="RecoveryIfBadConditional" storage="c:\src\nodejstools\buildoutput\release14.0\tests\jsanalysistests.dll" priority="0" id="452383c7-b56d-ee15-66f9-d956f747f1c0">
      <Execution id="16458603-2f38-4a9f-a68c-a4a17f8e95af" />
      <TestMethod codeBase="C:\src\nodejstools\BuildOutput\Release14.0\Tests\JSAnalysisTests.dll" adapterTypeName="Microsoft.VisualStudio.TestTools.TestTypes.Unit.UnitTestAdapter" className="AnalysisTests.ParserTests" name="RecoveryIfBadConditional" />
    </UnitTest>
    <UnitTest name="RecoveryIfBadConditional2" storage="c:\src\nodejstools\buildoutput\release14.0\tests\jsanalysistests.dll" priority="0" id="4f95375f-64ca-eb00-7519-fbe4a6ff8d28">
      <Execution id="0fdd2206-e5a9-4f64-a7fb-c5b0137e98ee" />
      <TestMethod codeBase="C:\src\nodejstools\BuildOutput\Release14.0\Tests\JSAnalysisTests.dll" adapterTypeName="Microsoft.VisualStudio.TestTools.TestTypes.Unit.UnitTestAdapter" className="AnalysisTests.ParserTests" name="RecoveryIfBadConditional2" />
    </UnitTest>
    <UnitTest name="RecoveryIfBadConditional3" storage="c:\src\nodejstools\buildoutput\release14.0\tests\jsanalysistests.dll" priority="0" id="08cfda87-bd5a-fab2-cd44-dcc00f7f9826">
      <Execution id="f84ba390-f4c0-4c11-ac95-c87dde914541" />
      <TestMethod codeBase="C:\src\nodejstools\BuildOutput\Release14.0\Tests\JSAnalysisTests.dll" adapterTypeName="Microsoft.VisualStudio.TestTools.TestTypes.Unit.UnitTestAdapter" className="AnalysisTests.ParserTests" name="RecoveryIfBadConditional3" />
    </UnitTest>
    <UnitTest name="RecoveryIfBadBody" storage="c:\src\nodejstools\buildoutput\release14.0\tests\jsanalysistests.dll" priority="0" id="e1337a6a-6b0b-c2fc-f308-e617cc21b0ab">
      <Execution id="09a30ebe-0058-4f59-926a-780942974ec8" />
      <TestMethod codeBase="C:\src\nodejstools\BuildOutput\Release14.0\Tests\JSAnalysisTests.dll" adapterTypeName="Microsoft.VisualStudio.TestTools.TestTypes.Unit.UnitTestAdapter" className="AnalysisTests.ParserTests" name="RecoveryIfBadBody" />
    </UnitTest>
    <UnitTest name="RecoveryIfBadBody2" storage="c:\src\nodejstools\buildoutput\release14.0\tests\jsanalysistests.dll" priority="0" id="6a6b74b3-c9d4-c0c7-cd64-f6972a51291f">
      <Execution id="d31d28fb-1b17-4e08-9beb-e01ae169e33f" />
      <TestMethod codeBase="C:\src\nodejstools\BuildOutput\Release14.0\Tests\JSAnalysisTests.dll" adapterTypeName="Microsoft.VisualStudio.TestTools.TestTypes.Unit.UnitTestAdapter" className="AnalysisTests.ParserTests" name="RecoveryIfBadBody2" />
    </UnitTest>
    <UnitTest name="RecoveryIfBadBody3" storage="c:\src\nodejstools\buildoutput\release14.0\tests\jsanalysistests.dll" priority="0" id="f500cf5d-cd41-f7f2-2f89-17d4fc9233ff">
      <Execution id="28a61460-084e-465d-9f86-2e7f9b3933cd" />
      <TestMethod codeBase="C:\src\nodejstools\BuildOutput\Release14.0\Tests\JSAnalysisTests.dll" adapterTypeName="Microsoft.VisualStudio.TestTools.TestTypes.Unit.UnitTestAdapter" className="AnalysisTests.ParserTests" name="RecoveryIfBadBody3" />
    </UnitTest>
    <UnitTest name="RecoveryIfElseBadBody" storage="c:\src\nodejstools\buildoutput\release14.0\tests\jsanalysistests.dll" priority="0" id="67b4e28f-3290-b9eb-bb2b-00321c7d54d9">
      <Execution id="8cd32bfe-eb4a-4673-87cb-d7a27ec46623" />
      <TestMethod codeBase="C:\src\nodejstools\BuildOutput\Release14.0\Tests\JSAnalysisTests.dll" adapterTypeName="Microsoft.VisualStudio.TestTools.TestTypes.Unit.UnitTestAdapter" className="AnalysisTests.ParserTests" name="RecoveryIfElseBadBody" />
    </UnitTest>
    <UnitTest name="RecoveryIfElseBadBody2" storage="c:\src\nodejstools\buildoutput\release14.0\tests\jsanalysistests.dll" priority="0" id="e9b925e2-9cb6-43cd-69bd-e484b171dfa8">
      <Execution id="465abdf0-aee2-4f81-a207-26c99cafdd86" />
      <TestMethod codeBase="C:\src\nodejstools\BuildOutput\Release14.0\Tests\JSAnalysisTests.dll" adapterTypeName="Microsoft.VisualStudio.TestTools.TestTypes.Unit.UnitTestAdapter" className="AnalysisTests.ParserTests" name="RecoveryIfElseBadBody2" />
    </UnitTest>
    <UnitTest name="RecoveryIfElseBadBody3" storage="c:\src\nodejstools\buildoutput\release14.0\tests\jsanalysistests.dll" priority="0" id="a217280d-9f56-2a3f-8fd5-911115a9932a">
      <Execution id="224f8196-f0a3-4ecc-b48a-f9bd93ddbbb5" />
      <TestMethod codeBase="C:\src\nodejstools\BuildOutput\Release14.0\Tests\JSAnalysisTests.dll" adapterTypeName="Microsoft.VisualStudio.TestTools.TestTypes.Unit.UnitTestAdapter" className="AnalysisTests.ParserTests" name="RecoveryIfElseBadBody3" />
    </UnitTest>
    <UnitTest name="WarningWhileSuspectAssignment" storage="c:\src\nodejstools\buildoutput\release14.0\tests\jsanalysistests.dll" priority="0" id="2120be76-7c24-f229-9b0a-f7a7c9fb4fb3">
      <Execution id="91e2f164-be2f-4712-9c2a-27ca8158b6fc" />
      <TestMethod codeBase="C:\src\nodejstools\BuildOutput\Release14.0\Tests\JSAnalysisTests.dll" adapterTypeName="Microsoft.VisualStudio.TestTools.TestTypes.Unit.UnitTestAdapter" className="AnalysisTests.ParserTests" name="WarningWhileSuspectAssignment" />
    </UnitTest>
    <UnitTest name="RecoveryWhileBadBody" storage="c:\src\nodejstools\buildoutput\release14.0\tests\jsanalysistests.dll" priority="0" id="cdfd77bd-9007-4b06-dcd6-dd39bf46739f">
      <Execution id="37181c1b-eaa3-48ba-aa30-e0848cedac10" />
      <TestMethod codeBase="C:\src\nodejstools\BuildOutput\Release14.0\Tests\JSAnalysisTests.dll" adapterTypeName="Microsoft.VisualStudio.TestTools.TestTypes.Unit.UnitTestAdapter" className="AnalysisTests.ParserTests" name="RecoveryWhileBadBody" />
    </UnitTest>
    <UnitTest name="RecoveryWhileBadBody2" storage="c:\src\nodejstools\buildoutput\release14.0\tests\jsanalysistests.dll" priority="0" id="54115da3-c885-07f4-d603-30ba0c78787e">
      <Execution id="d108e304-681c-4bd1-85d0-212c161a43aa" />
      <TestMethod codeBase="C:\src\nodejstools\BuildOutput\Release14.0\Tests\JSAnalysisTests.dll" adapterTypeName="Microsoft.VisualStudio.TestTools.TestTypes.Unit.UnitTestAdapter" className="AnalysisTests.ParserTests" name="RecoveryWhileBadBody2" />
    </UnitTest>
    <UnitTest name="RecoveryWhileBadCondition" storage="c:\src\nodejstools\buildoutput\release14.0\tests\jsanalysistests.dll" priority="0" id="21caf000-7edd-2c34-283e-7044b2005c70">
      <Execution id="ec2a0520-09e9-4631-8f22-515c093a8b7e" />
      <TestMethod codeBase="C:\src\nodejstools\BuildOutput\Release14.0\Tests\JSAnalysisTests.dll" adapterTypeName="Microsoft.VisualStudio.TestTools.TestTypes.Unit.UnitTestAdapter" className="AnalysisTests.ParserTests" name="RecoveryWhileBadCondition" />
    </UnitTest>
    <UnitTest name="RecoveryWhileBadCondition2" storage="c:\src\nodejstools\buildoutput\release14.0\tests\jsanalysistests.dll" priority="0" id="3a459ff5-6950-8e81-c0d5-d8dea5469af8">
      <Execution id="f897cc3c-e90b-496c-888d-e52ac24f1b58" />
      <TestMethod codeBase="C:\src\nodejstools\BuildOutput\Release14.0\Tests\JSAnalysisTests.dll" adapterTypeName="Microsoft.VisualStudio.TestTools.TestTypes.Unit.UnitTestAdapter" className="AnalysisTests.ParserTests" name="RecoveryWhileBadCondition2" />
    </UnitTest>
    <UnitTest name="RecoveryWhileBadCondition3" storage="c:\src\nodejstools\buildoutput\release14.0\tests\jsanalysistests.dll" priority="0" id="d5914fb9-2061-d4f6-bba5-e760317cd7eb">
      <Execution id="15932604-4ef1-4278-b9a4-ef8110260d4e" />
      <TestMethod codeBase="C:\src\nodejstools\BuildOutput\Release14.0\Tests\JSAnalysisTests.dll" adapterTypeName="Microsoft.VisualStudio.TestTools.TestTypes.Unit.UnitTestAdapter" className="AnalysisTests.ParserTests" name="RecoveryWhileBadCondition3" />
    </UnitTest>
    <UnitTest name="ErrorWhileNoOpenParens" storage="c:\src\nodejstools\buildoutput\release14.0\tests\jsanalysistests.dll" priority="0" id="c1d374b5-2ff8-d974-66b3-08ddd8faf58b">
      <Execution id="b0f2836c-a752-4f5e-abbd-bd8d13e15746" />
      <TestMethod codeBase="C:\src\nodejstools\BuildOutput\Release14.0\Tests\JSAnalysisTests.dll" adapterTypeName="Microsoft.VisualStudio.TestTools.TestTypes.Unit.UnitTestAdapter" className="AnalysisTests.ParserTests" name="ErrorWhileNoOpenParens" />
    </UnitTest>
    <UnitTest name="RecoveryDoWhileBadCondition" storage="c:\src\nodejstools\buildoutput\release14.0\tests\jsanalysistests.dll" priority="0" id="3c7e8099-4cc5-75de-cdf3-a7d9de0b86f5">
      <Execution id="2b2b7c3a-60ac-4600-a659-0f02a89a9357" />
      <TestMethod codeBase="C:\src\nodejstools\BuildOutput\Release14.0\Tests\JSAnalysisTests.dll" adapterTypeName="Microsoft.VisualStudio.TestTools.TestTypes.Unit.UnitTestAdapter" className="AnalysisTests.ParserTests" name="RecoveryDoWhileBadCondition" />
    </UnitTest>
    <UnitTest name="RecoveryDoWhileBadCondition2" storage="c:\src\nodejstools\buildoutput\release14.0\tests\jsanalysistests.dll" priority="0" id="69020cd2-c3e8-5095-e315-cd5732fab87e">
      <Execution id="0a165636-12ca-4a98-804c-dc0361d5c0dd" />
      <TestMethod codeBase="C:\src\nodejstools\BuildOutput\Release14.0\Tests\JSAnalysisTests.dll" adapterTypeName="Microsoft.VisualStudio.TestTools.TestTypes.Unit.UnitTestAdapter" className="AnalysisTests.ParserTests" name="RecoveryDoWhileBadCondition2" />
    </UnitTest>
    <UnitTest name="ErrorDoWhileMissngParens" storage="c:\src\nodejstools\buildoutput\release14.0\tests\jsanalysistests.dll" priority="0" id="934047f8-0781-b5d8-51a9-9e26f46109e0">
      <Execution id="6b73ae33-00b5-4a36-a3bb-5e0ede7d392f" />
      <TestMethod codeBase="C:\src\nodejstools\BuildOutput\Release14.0\Tests\JSAnalysisTests.dll" adapterTypeName="Microsoft.VisualStudio.TestTools.TestTypes.Unit.UnitTestAdapter" className="AnalysisTests.ParserTests" name="ErrorDoWhileMissngParens" />
    </UnitTest>
    <UnitTest name="ErrorDoWhileNoWhile" storage="c:\src\nodejstools\buildoutput\release14.0\tests\jsanalysistests.dll" priority="0" id="fdfa64c0-2a95-e47b-3a36-e80ce07970c8">
      <Execution id="2ec94fdf-6edd-49a3-8ef8-68bb62356dac" />
      <TestMethod codeBase="C:\src\nodejstools\BuildOutput\Release14.0\Tests\JSAnalysisTests.dll" adapterTypeName="Microsoft.VisualStudio.TestTools.TestTypes.Unit.UnitTestAdapter" className="AnalysisTests.ParserTests" name="ErrorDoWhileNoWhile" />
    </UnitTest>
    <UnitTest name="WarningDoWhileMissingOpenCurly" storage="c:\src\nodejstools\buildoutput\release14.0\tests\jsanalysistests.dll" priority="0" id="7ac75c2e-7b8c-43aa-c585-2d949491e7f6">
      <Execution id="e6a7affd-4b1f-4b56-957d-c334ec61bbaa" />
      <TestMethod codeBase="C:\src\nodejstools\BuildOutput\Release14.0\Tests\JSAnalysisTests.dll" adapterTypeName="Microsoft.VisualStudio.TestTools.TestTypes.Unit.UnitTestAdapter" className="AnalysisTests.ParserTests" name="WarningDoWhileMissingOpenCurly" />
    </UnitTest>
    <UnitTest name="WarningDoWhileSuspectAssignment" storage="c:\src\nodejstools\buildoutput\release14.0\tests\jsanalysistests.dll" priority="0" id="4810bb4b-538b-b993-f795-bba65576df8a">
      <Execution id="a8c657e0-c6cf-4197-bfb9-a8615104a541" />
      <TestMethod codeBase="C:\src\nodejstools\BuildOutput\Release14.0\Tests\JSAnalysisTests.dll" adapterTypeName="Microsoft.VisualStudio.TestTools.TestTypes.Unit.UnitTestAdapter" className="AnalysisTests.ParserTests" name="WarningDoWhileSuspectAssignment" />
    </UnitTest>
    <UnitTest name="RecoveryDoWhileBadBody" storage="c:\src\nodejstools\buildoutput\release14.0\tests\jsanalysistests.dll" priority="0" id="c5ad24da-cb9e-401e-77dc-3d88c6c2f349">
      <Execution id="def9e542-1132-49b6-b0e5-a9ab4a51a5d0" />
      <TestMethod codeBase="C:\src\nodejstools\BuildOutput\Release14.0\Tests\JSAnalysisTests.dll" adapterTypeName="Microsoft.VisualStudio.TestTools.TestTypes.Unit.UnitTestAdapter" className="AnalysisTests.ParserTests" name="RecoveryDoWhileBadBody" />
    </UnitTest>
    <UnitTest name="RecoveryDoWhileBadBody2" storage="c:\src\nodejstools\buildoutput\release14.0\tests\jsanalysistests.dll" priority="0" id="2700d354-5e74-c7a9-07ae-c5bacdae5e9a">
      <Execution id="33703505-9cef-42f9-a82a-d8c544247b19" />
      <TestMethod codeBase="C:\src\nodejstools\BuildOutput\Release14.0\Tests\JSAnalysisTests.dll" adapterTypeName="Microsoft.VisualStudio.TestTools.TestTypes.Unit.UnitTestAdapter" className="AnalysisTests.ParserTests" name="RecoveryDoWhileBadBody2" />
    </UnitTest>
    <UnitTest name="RecoveryDoWhileBadBody3" storage="c:\src\nodejstools\buildoutput\release14.0\tests\jsanalysistests.dll" priority="0" id="a5073e41-aa21-62de-3cd7-65e0f856bbdb">
      <Execution id="cfda2337-d315-4a51-b681-9b2590d47297" />
      <TestMethod codeBase="C:\src\nodejstools\BuildOutput\Release14.0\Tests\JSAnalysisTests.dll" adapterTypeName="Microsoft.VisualStudio.TestTools.TestTypes.Unit.UnitTestAdapter" className="AnalysisTests.ParserTests" name="RecoveryDoWhileBadBody3" />
    </UnitTest>
    <UnitTest name="WarningForAssignment" storage="c:\src\nodejstools\buildoutput\release14.0\tests\jsanalysistests.dll" priority="0" id="47dbe201-e7ef-95f1-9463-1af7019c1a89">
      <Execution id="a275d05a-0120-400e-856a-c41ddd3d4e23" />
      <TestMethod codeBase="C:\src\nodejstools\BuildOutput\Release14.0\Tests\JSAnalysisTests.dll" adapterTypeName="Microsoft.VisualStudio.TestTools.TestTypes.Unit.UnitTestAdapter" className="AnalysisTests.ParserTests" name="WarningForAssignment" />
    </UnitTest>
    <UnitTest name="WarningForStatementBlock" storage="c:\src\nodejstools\buildoutput\release14.0\tests\jsanalysistests.dll" priority="0" id="410f2ad3-9e07-a36c-a677-f195ad52c402">
      <Execution id="24fc08cf-331d-4af6-a911-a365f86facf4" />
      <TestMethod codeBase="C:\src\nodejstools\BuildOutput\Release14.0\Tests\JSAnalysisTests.dll" adapterTypeName="Microsoft.VisualStudio.TestTools.TestTypes.Unit.UnitTestAdapter" className="AnalysisTests.ParserTests" name="WarningForStatementBlock" />
    </UnitTest>
    <UnitTest name="RecoveryForIn" storage="c:\src\nodejstools\buildoutput\release14.0\tests\jsanalysistests.dll" priority="0" id="c14554ed-ad65-bcd3-4b62-8e568d4518fe">
      <Execution id="781bfe1a-c8f9-4519-9955-1e5e0d88c7d1" />
      <TestMethod codeBase="C:\src\nodejstools\BuildOutput\Release14.0\Tests\JSAnalysisTests.dll" adapterTypeName="Microsoft.VisualStudio.TestTools.TestTypes.Unit.UnitTestAdapter" className="AnalysisTests.ParserTests" name="RecoveryForIn" />
    </UnitTest>
    <UnitTest name="RecoveryForInBadCollection" storage="c:\src\nodejstools\buildoutput\release14.0\tests\jsanalysistests.dll" priority="0" id="d9a212ca-659e-0cf4-7cfd-5cba179e67c0">
      <Execution id="88551bf4-aba9-4c23-ac42-3ae911b1f8ca" />
      <TestMethod codeBase="C:\src\nodejstools\BuildOutput\Release14.0\Tests\JSAnalysisTests.dll" adapterTypeName="Microsoft.VisualStudio.TestTools.TestTypes.Unit.UnitTestAdapter" className="AnalysisTests.ParserTests" name="RecoveryForInBadCollection" />
    </UnitTest>
    <UnitTest name="RecoveryForIn2" storage="c:\src\nodejstools\buildoutput\release14.0\tests\jsanalysistests.dll" priority="0" id="3b6faa31-6d75-d713-1831-b94875648f26">
      <Execution id="69c2f4b0-5308-4757-8a0e-89d6e2be24bc" />
      <TestMethod codeBase="C:\src\nodejstools\BuildOutput\Release14.0\Tests\JSAnalysisTests.dll" adapterTypeName="Microsoft.VisualStudio.TestTools.TestTypes.Unit.UnitTestAdapter" className="AnalysisTests.ParserTests" name="RecoveryForIn2" />
    </UnitTest>
    <UnitTest name="RecoveryForInBadBody" storage="c:\src\nodejstools\buildoutput\release14.0\tests\jsanalysistests.dll" priority="0" id="d1187187-426d-36e1-79d5-cfb760592583">
      <Execution id="1a3dc6f0-deb4-4c47-920b-6ceef9d1a982" />
      <TestMethod codeBase="C:\src\nodejstools\BuildOutput\Release14.0\Tests\JSAnalysisTests.dll" adapterTypeName="Microsoft.VisualStudio.TestTools.TestTypes.Unit.UnitTestAdapter" className="AnalysisTests.ParserTests" name="RecoveryForInBadBody" />
    </UnitTest>
    <UnitTest name="RecoveryForInBadBody2" storage="c:\src\nodejstools\buildoutput\release14.0\tests\jsanalysistests.dll" priority="0" id="a348c07d-e9b5-1dbf-32fc-d7ef2c0d175a">
      <Execution id="5efb69cc-4f10-4dcd-aca0-fcafa9db4cd6" />
      <TestMethod codeBase="C:\src\nodejstools\BuildOutput\Release14.0\Tests\JSAnalysisTests.dll" adapterTypeName="Microsoft.VisualStudio.TestTools.TestTypes.Unit.UnitTestAdapter" className="AnalysisTests.ParserTests" name="RecoveryForInBadBody2" />
    </UnitTest>
    <UnitTest name="RecoveryForNoClosingParen" storage="c:\src\nodejstools\buildoutput\release14.0\tests\jsanalysistests.dll" priority="0" id="a52620a7-98c0-41de-73eb-d57bd9b52985">
      <Execution id="dd309016-b1cf-4956-b75e-d61e32b241c8" />
      <TestMethod codeBase="C:\src\nodejstools\BuildOutput\Release14.0\Tests\JSAnalysisTests.dll" adapterTypeName="Microsoft.VisualStudio.TestTools.TestTypes.Unit.UnitTestAdapter" className="AnalysisTests.ParserTests" name="RecoveryForNoClosingParen" />
    </UnitTest>
    <UnitTest name="RecoveryForBadBody" storage="c:\src\nodejstools\buildoutput\release14.0\tests\jsanalysistests.dll" priority="0" id="b5702770-3236-94ba-cc5e-bfa3a5eb5df1">
      <Execution id="69f6f75d-988f-4954-9e36-e91565ec423a" />
      <TestMethod codeBase="C:\src\nodejstools\BuildOutput\Release14.0\Tests\JSAnalysisTests.dll" adapterTypeName="Microsoft.VisualStudio.TestTools.TestTypes.Unit.UnitTestAdapter" className="AnalysisTests.ParserTests" name="RecoveryForBadBody" />
    </UnitTest>
    <UnitTest name="RecoveryForBadBody2" storage="c:\src\nodejstools\buildoutput\release14.0\tests\jsanalysistests.dll" priority="0" id="1add5285-c943-dd96-31f9-2cb2ef910478">
      <Execution id="e76000f7-d630-45a7-b716-781d5f3b325a" />
      <TestMethod codeBase="C:\src\nodejstools\BuildOutput\Release14.0\Tests\JSAnalysisTests.dll" adapterTypeName="Microsoft.VisualStudio.TestTools.TestTypes.Unit.UnitTestAdapter" className="AnalysisTests.ParserTests" name="RecoveryForBadBody2" />
    </UnitTest>
    <UnitTest name="RecoveryForNoOpenParen" storage="c:\src\nodejstools\buildoutput\release14.0\tests\jsanalysistests.dll" priority="0" id="56c0be8c-cb0f-a9d8-248a-4bd80a5f2c78">
      <Execution id="e7c533f7-8ac1-4234-a9b7-d79f5075ff48" />
      <TestMethod codeBase="C:\src\nodejstools\BuildOutput\Release14.0\Tests\JSAnalysisTests.dll" adapterTypeName="Microsoft.VisualStudio.TestTools.TestTypes.Unit.UnitTestAdapter" className="AnalysisTests.ParserTests" name="RecoveryForNoOpenParen" />
    </UnitTest>
    <UnitTest name="RecoveryForMissingClosingParen" storage="c:\src\nodejstools\buildoutput\release14.0\tests\jsanalysistests.dll" priority="0" id="be63dbb7-45c1-9ede-5127-5ae899e450fc">
      <Execution id="5168ca17-1e79-4a34-b2e3-5cd6ee1e255a" />
      <TestMethod codeBase="C:\src\nodejstools\BuildOutput\Release14.0\Tests\JSAnalysisTests.dll" adapterTypeName="Microsoft.VisualStudio.TestTools.TestTypes.Unit.UnitTestAdapter" className="AnalysisTests.ParserTests" name="RecoveryForMissingClosingParen" />
    </UnitTest>
    <UnitTest name="RecoveryForMissingIncrement" storage="c:\src\nodejstools\buildoutput\release14.0\tests\jsanalysistests.dll" priority="0" id="7a5cbff3-abc6-73d6-a2c2-5804c19f15a9">
      <Execution id="9e2a47ea-a80f-4bab-842f-689846af482c" />
      <TestMethod codeBase="C:\src\nodejstools\BuildOutput\Release14.0\Tests\JSAnalysisTests.dll" adapterTypeName="Microsoft.VisualStudio.TestTools.TestTypes.Unit.UnitTestAdapter" className="AnalysisTests.ParserTests" name="RecoveryForMissingIncrement" />
    </UnitTest>
    <UnitTest name="RecoveryForMissingConditionColon" storage="c:\src\nodejstools\buildoutput\release14.0\tests\jsanalysistests.dll" priority="0" id="0089a2c5-f057-28d5-630a-60672c3c8622">
      <Execution id="d77c338b-1939-415e-ae9d-d1b4510349c0" />
      <TestMethod codeBase="C:\src\nodejstools\BuildOutput\Release14.0\Tests\JSAnalysisTests.dll" adapterTypeName="Microsoft.VisualStudio.TestTools.TestTypes.Unit.UnitTestAdapter" className="AnalysisTests.ParserTests" name="RecoveryForMissingConditionColon" />
    </UnitTest>
    <UnitTest name="RecoveryForMissingConditionColonSemicolon" storage="c:\src\nodejstools\buildoutput\release14.0\tests\jsanalysistests.dll" priority="0" id="e8a39a9c-620e-7cf8-de4b-6d02016a92cf">
      <Execution id="ca078476-c09d-4d9b-87c3-ba106fb49fce" />
      <TestMethod codeBase="C:\src\nodejstools\BuildOutput\Release14.0\Tests\JSAnalysisTests.dll" adapterTypeName="Microsoft.VisualStudio.TestTools.TestTypes.Unit.UnitTestAdapter" className="AnalysisTests.ParserTests" name="RecoveryForMissingConditionColonSemicolon" />
    </UnitTest>
    <UnitTest name="RecoveryForUnknownFollowingToken" storage="c:\src\nodejstools\buildoutput\release14.0\tests\jsanalysistests.dll" priority="0" id="48e9149d-9bb1-4f99-4652-932131150e99">
      <Execution id="127a0b64-a8b5-4798-b57d-20dbbd8b1f9b" />
      <TestMethod codeBase="C:\src\nodejstools\BuildOutput\Release14.0\Tests\JSAnalysisTests.dll" adapterTypeName="Microsoft.VisualStudio.TestTools.TestTypes.Unit.UnitTestAdapter" className="AnalysisTests.ParserTests" name="RecoveryForUnknownFollowingToken" />
    </UnitTest>
    <UnitTest name="RecoveryForMissingConditionMultipleVars" storage="c:\src\nodejstools\buildoutput\release14.0\tests\jsanalysistests.dll" priority="0" id="d2b87c78-f517-04f2-02e2-28875c01cf2e">
      <Execution id="283b1237-eebc-4000-bfb6-35561b5981b0" />
      <TestMethod codeBase="C:\src\nodejstools\BuildOutput\Release14.0\Tests\JSAnalysisTests.dll" adapterTypeName="Microsoft.VisualStudio.TestTools.TestTypes.Unit.UnitTestAdapter" className="AnalysisTests.ParserTests" name="RecoveryForMissingConditionMultipleVars" />
    </UnitTest>
    <UnitTest name="RecoveryForMissingCondition" storage="c:\src\nodejstools\buildoutput\release14.0\tests\jsanalysistests.dll" priority="0" id="be8b365c-3891-427e-3cb4-a558da898d1b">
      <Execution id="3eb7fe7e-e886-4a23-84e5-e2a8400eb021" />
      <TestMethod codeBase="C:\src\nodejstools\BuildOutput\Release14.0\Tests\JSAnalysisTests.dll" adapterTypeName="Microsoft.VisualStudio.TestTools.TestTypes.Unit.UnitTestAdapter" className="AnalysisTests.ParserTests" name="RecoveryForMissingCondition" />
    </UnitTest>
    <UnitTest name="ForMultipleVariables" storage="c:\src\nodejstools\buildoutput\release14.0\tests\jsanalysistests.dll" priority="0" id="bf507cf8-9e0d-6260-07cc-85872ba1a69c">
      <Execution id="fb84781a-579a-475c-84c1-0627a1b3338d" />
      <TestMethod codeBase="C:\src\nodejstools\BuildOutput\Release14.0\Tests\JSAnalysisTests.dll" adapterTypeName="Microsoft.VisualStudio.TestTools.TestTypes.Unit.UnitTestAdapter" className="AnalysisTests.ParserTests" name="ForMultipleVariables" />
    </UnitTest>
    <UnitTest name="LetNotInStrictMode" storage="c:\src\nodejstools\buildoutput\release14.0\tests\jsanalysistests.dll" priority="0" id="bd51abc4-63c7-f08f-cfd0-9d3a71e91e21">
      <Execution id="6b4d0bd7-3e5d-44c8-ac0f-05d87d94485c" />
      <TestMethod codeBase="C:\src\nodejstools\BuildOutput\Release14.0\Tests\JSAnalysisTests.dll" adapterTypeName="Microsoft.VisualStudio.TestTools.TestTypes.Unit.UnitTestAdapter" className="AnalysisTests.ParserTests" name="LetNotInStrictMode" />
    </UnitTest>
    <UnitTest name="IdentifierNames" storage="c:\src\nodejstools\buildoutput\release14.0\tests\jsanalysistests.dll" priority="0" id="771460d2-d36b-678c-cee0-0f5a6e92f323">
      <Execution id="97ae2df5-b0c7-4db5-af4e-821ab2e7e2a5" />
      <TestMethod codeBase="C:\src\nodejstools\BuildOutput\Release14.0\Tests\JSAnalysisTests.dll" adapterTypeName="Microsoft.VisualStudio.TestTools.TestTypes.Unit.UnitTestAdapter" className="AnalysisTests.ParserTests" name="IdentifierNames" />
    </UnitTest>
    <UnitTest name="TestUnicodeIdentifier" storage="c:\src\nodejstools\buildoutput\release14.0\tests\jsanalysistests.dll" priority="0" id="2e58f8ce-0995-0faa-5493-b311995b502b">
      <Execution id="48a6dc5a-6621-4278-a7b1-aa6035c99ee0" />
      <TestMethod codeBase="C:\src\nodejstools\BuildOutput\Release14.0\Tests\JSAnalysisTests.dll" adapterTypeName="Microsoft.VisualStudio.TestTools.TestTypes.Unit.UnitTestAdapter" className="AnalysisTests.ParserTests" name="TestUnicodeIdentifier" />
    </UnitTest>
    <UnitTest name="TestBlock" storage="c:\src\nodejstools\buildoutput\release14.0\tests\jsanalysistests.dll" priority="0" id="e15bb28f-3c3e-2c54-124d-f8c29108dbe2">
      <Execution id="1a13ad95-cd58-4ad3-b8a9-ed763e5877be" />
      <TestMethod codeBase="C:\src\nodejstools\BuildOutput\Release14.0\Tests\JSAnalysisTests.dll" adapterTypeName="Microsoft.VisualStudio.TestTools.TestTypes.Unit.UnitTestAdapter" className="AnalysisTests.ParserTests" name="TestBlock" />
    </UnitTest>
    <UnitTest name="TestDebugger" storage="c:\src\nodejstools\buildoutput\release14.0\tests\jsanalysistests.dll" priority="0" id="c9e20207-8133-dc6c-f7b5-755f5b4ba5b1">
      <Execution id="896da3ff-e95c-4f89-96a7-b1e7cacf7fbc" />
      <TestMethod codeBase="C:\src\nodejstools\BuildOutput\Release14.0\Tests\JSAnalysisTests.dll" adapterTypeName="Microsoft.VisualStudio.TestTools.TestTypes.Unit.UnitTestAdapter" className="AnalysisTests.ParserTests" name="TestDebugger" />
    </UnitTest>
    <UnitTest name="TestSwitch" storage="c:\src\nodejstools\buildoutput\release14.0\tests\jsanalysistests.dll" priority="0" id="f47cee87-1969-b508-00c8-3e29b4c32303">
      <Execution id="637d013b-cfce-4fad-9541-19642c8df37c" />
      <TestMethod codeBase="C:\src\nodejstools\BuildOutput\Release14.0\Tests\JSAnalysisTests.dll" adapterTypeName="Microsoft.VisualStudio.TestTools.TestTypes.Unit.UnitTestAdapter" className="AnalysisTests.ParserTests" name="TestSwitch" />
    </UnitTest>
    <UnitTest name="TestThrow" storage="c:\src\nodejstools\buildoutput\release14.0\tests\jsanalysistests.dll" priority="0" id="40c8a3e0-274c-17b9-bf19-0c1b93617723">
      <Execution id="0f09bf67-2b23-4b26-84dc-04eb44de7802" />
      <TestMethod codeBase="C:\src\nodejstools\BuildOutput\Release14.0\Tests\JSAnalysisTests.dll" adapterTypeName="Microsoft.VisualStudio.TestTools.TestTypes.Unit.UnitTestAdapter" className="AnalysisTests.ParserTests" name="TestThrow" />
    </UnitTest>
    <UnitTest name="TestWith" storage="c:\src\nodejstools\buildoutput\release14.0\tests\jsanalysistests.dll" priority="0" id="c1d85dec-eee6-b3e5-fca5-e24c7e4eb1d5">
      <Execution id="3414f0cf-5359-451f-a102-8a9be35cd958" />
      <TestMethod codeBase="C:\src\nodejstools\BuildOutput\Release14.0\Tests\JSAnalysisTests.dll" adapterTypeName="Microsoft.VisualStudio.TestTools.TestTypes.Unit.UnitTestAdapter" className="AnalysisTests.ParserTests" name="TestWith" />
    </UnitTest>
    <UnitTest name="TestConditional" storage="c:\src\nodejstools\buildoutput\release14.0\tests\jsanalysistests.dll" priority="0" id="1fc2dad7-ba4f-0bbf-2e7c-5bf8ad989622">
      <Execution id="4875db87-6eac-45b6-98d6-1054e4c9e77d" />
      <TestMethod codeBase="C:\src\nodejstools\BuildOutput\Release14.0\Tests\JSAnalysisTests.dll" adapterTypeName="Microsoft.VisualStudio.TestTools.TestTypes.Unit.UnitTestAdapter" className="AnalysisTests.ParserTests" name="TestConditional" />
    </UnitTest>
    <UnitTest name="TestVoid" storage="c:\src\nodejstools\buildoutput\release14.0\tests\jsanalysistests.dll" priority="0" id="d366e14f-5f41-ef5b-eacc-db8603a57de1">
      <Execution id="668e743f-d33c-414a-b971-f37ec1f54f4a" />
      <TestMethod codeBase="C:\src\nodejstools\BuildOutput\Release14.0\Tests\JSAnalysisTests.dll" adapterTypeName="Microsoft.VisualStudio.TestTools.TestTypes.Unit.UnitTestAdapter" className="AnalysisTests.ParserTests" name="TestVoid" />
    </UnitTest>
    <UnitTest name="TestTypeOf" storage="c:\src\nodejstools\buildoutput\release14.0\tests\jsanalysistests.dll" priority="0" id="faa725bd-510a-26c8-4c72-60e54f979ab2">
      <Execution id="edf440d2-1908-4617-8373-f4280219c423" />
      <TestMethod codeBase="C:\src\nodejstools\BuildOutput\Release14.0\Tests\JSAnalysisTests.dll" adapterTypeName="Microsoft.VisualStudio.TestTools.TestTypes.Unit.UnitTestAdapter" className="AnalysisTests.ParserTests" name="TestTypeOf" />
    </UnitTest>
    <UnitTest name="TestUnary" storage="c:\src\nodejstools\buildoutput\release14.0\tests\jsanalysistests.dll" priority="0" id="191bbd4c-6d7b-afee-964d-ffc4393b52a6">
      <Execution id="9c386528-a7d4-4824-923e-d60d967d4f3a" />
      <TestMethod codeBase="C:\src\nodejstools\BuildOutput\Release14.0\Tests\JSAnalysisTests.dll" adapterTypeName="Microsoft.VisualStudio.TestTools.TestTypes.Unit.UnitTestAdapter" className="AnalysisTests.ParserTests" name="TestUnary" />
    </UnitTest>
    <UnitTest name="TestUnaryPostFix" storage="c:\src\nodejstools\buildoutput\release14.0\tests\jsanalysistests.dll" priority="0" id="db4a9b8b-01ae-c7f1-5d4c-4d31a099adfb">
      <Execution id="a0fbfa54-2a0f-46f6-8c4b-c4964371c15e" />
      <TestMethod codeBase="C:\src\nodejstools\BuildOutput\Release14.0\Tests\JSAnalysisTests.dll" adapterTypeName="Microsoft.VisualStudio.TestTools.TestTypes.Unit.UnitTestAdapter" className="AnalysisTests.ParserTests" name="TestUnaryPostFix" />
    </UnitTest>
    <UnitTest name="TestGrouping" storage="c:\src\nodejstools\buildoutput\release14.0\tests\jsanalysistests.dll" priority="0" id="073c6bbb-25b2-d14c-610a-f1ac58077064">
      <Execution id="740000ff-bd61-4996-9cf9-cda18485e0d9" />
      <TestMethod codeBase="C:\src\nodejstools\BuildOutput\Release14.0\Tests\JSAnalysisTests.dll" adapterTypeName="Microsoft.VisualStudio.TestTools.TestTypes.Unit.UnitTestAdapter" className="AnalysisTests.ParserTests" name="TestGrouping" />
    </UnitTest>
    <UnitTest name="TestArrayLiteral" storage="c:\src\nodejstools\buildoutput\release14.0\tests\jsanalysistests.dll" priority="0" id="0081fdd8-f7bd-a57e-6827-f9092adc3c51">
      <Execution id="07abfdc7-2fc5-498d-a071-12567544b38f" />
      <TestMethod codeBase="C:\src\nodejstools\BuildOutput\Release14.0\Tests\JSAnalysisTests.dll" adapterTypeName="Microsoft.VisualStudio.TestTools.TestTypes.Unit.UnitTestAdapter" className="AnalysisTests.ParserTests" name="TestArrayLiteral" />
    </UnitTest>
    <UnitTest name="TestObjectLiteral" storage="c:\src\nodejstools\buildoutput\release14.0\tests\jsanalysistests.dll" priority="0" id="663f93a5-5b5a-f1cd-ba37-70cf4beb5716">
      <Execution id="8fbbfb6b-c9f7-4a9b-beef-5716c772d309" />
      <TestMethod codeBase="C:\src\nodejstools\BuildOutput\Release14.0\Tests\JSAnalysisTests.dll" adapterTypeName="Microsoft.VisualStudio.TestTools.TestTypes.Unit.UnitTestAdapter" className="AnalysisTests.ParserTests" name="TestObjectLiteral" />
    </UnitTest>
    <UnitTest name="TestPrecedence" storage="c:\src\nodejstools\buildoutput\release14.0\tests\jsanalysistests.dll" priority="0" id="a620e5b2-ce89-4640-d604-8c6501ea4246">
      <Execution id="baf501ad-2c18-408e-aa72-6b7520070f36" />
      <TestMethod codeBase="C:\src\nodejstools\BuildOutput\Release14.0\Tests\JSAnalysisTests.dll" adapterTypeName="Microsoft.VisualStudio.TestTools.TestTypes.Unit.UnitTestAdapter" className="AnalysisTests.ParserTests" name="TestPrecedence" />
    </UnitTest>
    <UnitTest name="TestCodeSettings" storage="c:\src\nodejstools\buildoutput\release14.0\tests\jsanalysistests.dll" priority="0" id="e663bcdc-3b7c-1637-fcb8-420503590ee6">
      <Execution id="469c1273-4ef8-4945-a1c2-bd434516eb8b" />
      <TestMethod codeBase="C:\src\nodejstools\BuildOutput\Release14.0\Tests\JSAnalysisTests.dll" adapterTypeName="Microsoft.VisualStudio.TestTools.TestTypes.Unit.UnitTestAdapter" className="AnalysisTests.ParserTests" name="TestCodeSettings" />
    </UnitTest>
    <UnitTest name="TestSourceSpan" storage="c:\src\nodejstools\buildoutput\release14.0\tests\jsanalysistests.dll" priority="0" id="a4d88eb3-ad12-709e-3695-1fa3553c8d47">
      <Execution id="06453b66-8da0-4691-9011-13c3c1236ac7" />
      <TestMethod codeBase="C:\src\nodejstools\BuildOutput\Release14.0\Tests\JSAnalysisTests.dll" adapterTypeName="Microsoft.VisualStudio.TestTools.TestTypes.Unit.UnitTestAdapter" className="AnalysisTests.ParserTests" name="TestSourceSpan" />
    </UnitTest>
    <UnitTest name="TestFunctionRecovery" storage="c:\src\nodejstools\buildoutput\release14.0\tests\jsanalysistests.dll" priority="0" id="692375b7-3965-ee11-bb1b-5542faa80826">
      <Execution id="8a3e2bd1-26d7-428e-b448-67d9c5e4dcba" />
      <TestMethod codeBase="C:\src\nodejstools\BuildOutput\Release14.0\Tests\JSAnalysisTests.dll" adapterTypeName="Microsoft.VisualStudio.TestTools.TestTypes.Unit.UnitTestAdapter" className="AnalysisTests.ParserTests" name="TestFunctionRecovery" />
    </UnitTest>
    <UnitTest name="TestParseUnterminatedFunctionInList" storage="c:\src\nodejstools\buildoutput\release14.0\tests\jsanalysistests.dll" priority="0" id="832057bd-4893-a29e-d9c6-1d88bcb8c7ca">
      <Execution id="1c590a71-0dac-47d0-8f41-5d14277e0a37" />
      <TestMethod codeBase="C:\src\nodejstools\BuildOutput\Release14.0\Tests\JSAnalysisTests.dll" adapterTypeName="Microsoft.VisualStudio.TestTools.TestTypes.Unit.UnitTestAdapter" className="AnalysisTests.ParserTests" name="TestParseUnterminatedFunctionInList" />
    </UnitTest>
    <UnitTest name="TestParseExpression" storage="c:\src\nodejstools\buildoutput\release14.0\tests\jsanalysistests.dll" priority="0" id="7c9c4b99-77f9-4eb8-e0bd-53d370056ac6">
      <Execution id="24f69d42-f15e-450d-a896-0df15a9eb551" />
      <TestMethod codeBase="C:\src\nodejstools\BuildOutput\Release14.0\Tests\JSAnalysisTests.dll" adapterTypeName="Microsoft.VisualStudio.TestTools.TestTypes.Unit.UnitTestAdapter" className="AnalysisTests.ParserTests" name="TestParseExpression" />
    </UnitTest>
    <UnitTest name="ErrorCallBadArgs" storage="c:\src\nodejstools\buildoutput\release14.0\tests\jsanalysistests.dll" priority="0" id="fb79487c-965b-439e-cb2a-5a336422bcc5">
      <Execution id="352e17c9-47be-4d54-858d-3740ae48ad5b" />
      <TestMethod codeBase="C:\src\nodejstools\BuildOutput\Release14.0\Tests\JSAnalysisTests.dll" adapterTypeName="Microsoft.VisualStudio.TestTools.TestTypes.Unit.UnitTestAdapter" className="AnalysisTests.ParserTests" name="ErrorCallBadArgs" />
    </UnitTest>
    <UnitTest name="ErrorCallBadArgs2" storage="c:\src\nodejstools\buildoutput\release14.0\tests\jsanalysistests.dll" priority="0" id="5c1659d8-beda-69f6-6875-333d9d844f38">
      <Execution id="a8db2026-0614-4f66-bd36-f8dc7f10e380" />
      <TestMethod codeBase="C:\src\nodejstools\BuildOutput\Release14.0\Tests\JSAnalysisTests.dll" adapterTypeName="Microsoft.VisualStudio.TestTools.TestTypes.Unit.UnitTestAdapter" className="AnalysisTests.ParserTests" name="ErrorCallBadArgs2" />
    </UnitTest>
    <UnitTest name="TestMemberKeyword" storage="c:\src\nodejstools\buildoutput\release14.0\tests\jsanalysistests.dll" priority="0" id="9fd2ad95-a4db-cbbe-ac8d-828d7d9b208d">
      <Execution id="672a924e-dd7e-4d2e-a6ff-8488d5a4c7ce" />
      <TestMethod codeBase="C:\src\nodejstools\BuildOutput\Release14.0\Tests\JSAnalysisTests.dll" adapterTypeName="Microsoft.VisualStudio.TestTools.TestTypes.Unit.UnitTestAdapter" className="AnalysisTests.ParserTests" name="TestMemberKeyword" />
    </UnitTest>
    <UnitTest name="ErrorGroupingNoCloseParen" storage="c:\src\nodejstools\buildoutput\release14.0\tests\jsanalysistests.dll" priority="0" id="9144852f-64be-cd4a-d689-b6d012a4e4d5">
      <Execution id="59589d13-2ca7-4618-8b8e-0a02e02cdd12" />
      <TestMethod codeBase="C:\src\nodejstools\BuildOutput\Release14.0\Tests\JSAnalysisTests.dll" adapterTypeName="Microsoft.VisualStudio.TestTools.TestTypes.Unit.UnitTestAdapter" className="AnalysisTests.ParserTests" name="ErrorGroupingNoCloseParen" />
    </UnitTest>
    <UnitTest name="ErrorGroupingNoSkipToken" storage="c:\src\nodejstools\buildoutput\release14.0\tests\jsanalysistests.dll" priority="0" id="de8656f4-21ea-fc50-f6f8-b549b6b03636">
      <Execution id="3f74ea87-a3f5-4866-8b38-e02bc1d8de40" />
      <TestMethod codeBase="C:\src\nodejstools\BuildOutput\Release14.0\Tests\JSAnalysisTests.dll" adapterTypeName="Microsoft.VisualStudio.TestTools.TestTypes.Unit.UnitTestAdapter" className="AnalysisTests.ParserTests" name="ErrorGroupingNoSkipToken" />
    </UnitTest>
    <UnitTest name="ErrorPostfixNoSkipToken" storage="c:\src\nodejstools\buildoutput\release14.0\tests\jsanalysistests.dll" priority="0" id="879f510b-1775-cce3-3351-c75c5714fac7">
      <Execution id="042d7f95-5e46-4c49-9108-93144a5a2a50" />
      <TestMethod codeBase="C:\src\nodejstools\BuildOutput\Release14.0\Tests\JSAnalysisTests.dll" adapterTypeName="Microsoft.VisualStudio.TestTools.TestTypes.Unit.UnitTestAdapter" className="AnalysisTests.ParserTests" name="ErrorPostfixNoSkipToken" />
    </UnitTest>
    <UnitTest name="ErrorDoubleOverflow" storage="c:\src\nodejstools\buildoutput\release14.0\tests\jsanalysistests.dll" priority="0" id="c93fadca-83ee-2c42-3a65-90deb57ab246">
      <Execution id="3f1dc3f1-1f22-4648-ad3f-430db83e8af6" />
      <TestMethod codeBase="C:\src\nodejstools\BuildOutput\Release14.0\Tests\JSAnalysisTests.dll" adapterTypeName="Microsoft.VisualStudio.TestTools.TestTypes.Unit.UnitTestAdapter" className="AnalysisTests.ParserTests" name="ErrorDoubleOverflow" />
    </UnitTest>
    <UnitTest name="WarningDoubleBoundaries" storage="c:\src\nodejstools\buildoutput\release14.0\tests\jsanalysistests.dll" priority="0" id="2c113a7d-79cc-5b2d-8cb8-069c1e70f071">
      <Execution id="ce572acc-5ee9-4c9d-9a54-90cea55f53d3" />
      <TestMethod codeBase="C:\src\nodejstools\BuildOutput\Release14.0\Tests\JSAnalysisTests.dll" adapterTypeName="Microsoft.VisualStudio.TestTools.TestTypes.Unit.UnitTestAdapter" className="AnalysisTests.ParserTests" name="WarningDoubleBoundaries" />
    </UnitTest>
    <UnitTest name="ErrorWithStatementBody" storage="c:\src\nodejstools\buildoutput\release14.0\tests\jsanalysistests.dll" priority="0" id="4ccaa38f-880f-f944-4a64-f5fd5e7336a4">
      <Execution id="6c84a291-d0bc-46d8-ba9f-d25dc826f59b" />
      <TestMethod codeBase="C:\src\nodejstools\BuildOutput\Release14.0\Tests\JSAnalysisTests.dll" adapterTypeName="Microsoft.VisualStudio.TestTools.TestTypes.Unit.UnitTestAdapter" className="AnalysisTests.ParserTests" name="ErrorWithStatementBody" />
    </UnitTest>
    <UnitTest name="ErrorWithStatementBody2" storage="c:\src\nodejstools\buildoutput\release14.0\tests\jsanalysistests.dll" priority="0" id="16fa8221-843b-6ae1-c570-e3d7f96b4779">
      <Execution id="427e461f-2943-440f-942f-6ee46b95bc3f" />
      <TestMethod codeBase="C:\src\nodejstools\BuildOutput\Release14.0\Tests\JSAnalysisTests.dll" adapterTypeName="Microsoft.VisualStudio.TestTools.TestTypes.Unit.UnitTestAdapter" className="AnalysisTests.ParserTests" name="ErrorWithStatementBody2" />
    </UnitTest>
    <UnitTest name="WarningWithStatementNoCurlys" storage="c:\src\nodejstools\buildoutput\release14.0\tests\jsanalysistests.dll" priority="0" id="99591859-4623-a5ea-92a7-f2a8ef1b9307">
      <Execution id="35af5f9d-edb1-415a-b836-38a72293a603" />
      <TestMethod codeBase="C:\src\nodejstools\BuildOutput\Release14.0\Tests\JSAnalysisTests.dll" adapterTypeName="Microsoft.VisualStudio.TestTools.TestTypes.Unit.UnitTestAdapter" className="AnalysisTests.ParserTests" name="WarningWithStatementNoCurlys" />
    </UnitTest>
    <UnitTest name="ErrorWithStatement" storage="c:\src\nodejstools\buildoutput\release14.0\tests\jsanalysistests.dll" priority="0" id="ee6ca1c7-3506-67a2-3438-d540c8ee1bd8">
      <Execution id="e152e8e4-764c-4f1d-a72e-de6034787d18" />
      <TestMethod codeBase="C:\src\nodejstools\BuildOutput\Release14.0\Tests\JSAnalysisTests.dll" adapterTypeName="Microsoft.VisualStudio.TestTools.TestTypes.Unit.UnitTestAdapter" className="AnalysisTests.ParserTests" name="ErrorWithStatement" />
    </UnitTest>
    <UnitTest name="ErrorWithStatement2" storage="c:\src\nodejstools\buildoutput\release14.0\tests\jsanalysistests.dll" priority="0" id="f16cdc0f-c122-5bd7-73a7-65985b8bbf97">
      <Execution id="5d512af0-0e3f-464b-824d-07004343c104" />
      <TestMethod codeBase="C:\src\nodejstools\BuildOutput\Release14.0\Tests\JSAnalysisTests.dll" adapterTypeName="Microsoft.VisualStudio.TestTools.TestTypes.Unit.UnitTestAdapter" className="AnalysisTests.ParserTests" name="ErrorWithStatement2" />
    </UnitTest>
    <UnitTest name="ErrorWithStatement3" storage="c:\src\nodejstools\buildoutput\release14.0\tests\jsanalysistests.dll" priority="0" id="1d78c415-c53d-6ed6-1f13-d13032d6f575">
      <Execution id="2014ecbd-c316-431a-9e03-a126a1b4c721" />
      <TestMethod codeBase="C:\src\nodejstools\BuildOutput\Release14.0\Tests\JSAnalysisTests.dll" adapterTypeName="Microsoft.VisualStudio.TestTools.TestTypes.Unit.UnitTestAdapter" className="AnalysisTests.ParserTests" name="ErrorWithStatement3" />
    </UnitTest>
    <UnitTest name="ErrorWithStatementNoParens" storage="c:\src\nodejstools\buildoutput\release14.0\tests\jsanalysistests.dll" priority="0" id="be1bfadd-b06e-6d37-1001-b305153d1285">
      <Execution id="c5fc2552-6029-4c13-bad3-435479eb9cad" />
      <TestMethod codeBase="C:\src\nodejstools\BuildOutput\Release14.0\Tests\JSAnalysisTests.dll" adapterTypeName="Microsoft.VisualStudio.TestTools.TestTypes.Unit.UnitTestAdapter" className="AnalysisTests.ParserTests" name="ErrorWithStatementNoParens" />
    </UnitTest>
    <UnitTest name="ErrorArrayLiteralBad" storage="c:\src\nodejstools\buildoutput\release14.0\tests\jsanalysistests.dll" priority="0" id="4b5bb9fe-3777-370d-5065-7d230647c2e6">
      <Execution id="2275d23f-c224-4b45-a9ca-5c3cd03ad3b3" />
      <TestMethod codeBase="C:\src\nodejstools\BuildOutput\Release14.0\Tests\JSAnalysisTests.dll" adapterTypeName="Microsoft.VisualStudio.TestTools.TestTypes.Unit.UnitTestAdapter" className="AnalysisTests.ParserTests" name="ErrorArrayLiteralBad" />
    </UnitTest>
    <UnitTest name="ErrorArrayLiteralBad2" storage="c:\src\nodejstools\buildoutput\release14.0\tests\jsanalysistests.dll" priority="0" id="833f871f-f977-5079-6fbe-e304387dcc88">
      <Execution id="e9c6d1e9-9d34-4352-8d06-1c3039c4de7c" />
      <TestMethod codeBase="C:\src\nodejstools\BuildOutput\Release14.0\Tests\JSAnalysisTests.dll" adapterTypeName="Microsoft.VisualStudio.TestTools.TestTypes.Unit.UnitTestAdapter" className="AnalysisTests.ParserTests" name="ErrorArrayLiteralBad2" />
    </UnitTest>
    <UnitTest name="ErrorArrayLiteralBad3" storage="c:\src\nodejstools\buildoutput\release14.0\tests\jsanalysistests.dll" priority="0" id="718f1483-de6a-ca01-8c34-93444f86cfa4">
      <Execution id="1d5f7214-02e9-4235-80a5-e963e8a80ae1" />
      <TestMethod codeBase="C:\src\nodejstools\BuildOutput\Release14.0\Tests\JSAnalysisTests.dll" adapterTypeName="Microsoft.VisualStudio.TestTools.TestTypes.Unit.UnitTestAdapter" className="AnalysisTests.ParserTests" name="ErrorArrayLiteralBad3" />
    </UnitTest>
    <UnitTest name="ArrayLiteralEmpty" storage="c:\src\nodejstools\buildoutput\release14.0\tests\jsanalysistests.dll" priority="0" id="7c8b4d6d-3499-a139-8f49-e218dcc76dfa">
      <Execution id="35120fe0-2c9e-438f-ad56-5b3222c741fe" />
      <TestMethod codeBase="C:\src\nodejstools\BuildOutput\Release14.0\Tests\JSAnalysisTests.dll" adapterTypeName="Microsoft.VisualStudio.TestTools.TestTypes.Unit.UnitTestAdapter" className="AnalysisTests.ParserTests" name="ArrayLiteralEmpty" />
    </UnitTest>
    <UnitTest name="ArrayLiteralMissing" storage="c:\src\nodejstools\buildoutput\release14.0\tests\jsanalysistests.dll" priority="0" id="036ed2d6-0037-3059-2b13-251605a6f288">
      <Execution id="165c921b-8cd9-457a-a50e-3414534d72eb" />
      <TestMethod codeBase="C:\src\nodejstools\BuildOutput\Release14.0\Tests\JSAnalysisTests.dll" adapterTypeName="Microsoft.VisualStudio.TestTools.TestTypes.Unit.UnitTestAdapter" className="AnalysisTests.ParserTests" name="ArrayLiteralMissing" />
    </UnitTest>
    <UnitTest name="ErrorFunctionBadBody3" storage="c:\src\nodejstools\buildoutput\release14.0\tests\jsanalysistests.dll" priority="0" id="f68bc42b-8a87-d808-315b-0986401206a1">
      <Execution id="a3b83d32-0237-441c-a1fc-2f21fe5834d4" />
      <TestMethod codeBase="C:\src\nodejstools\BuildOutput\Release14.0\Tests\JSAnalysisTests.dll" adapterTypeName="Microsoft.VisualStudio.TestTools.TestTypes.Unit.UnitTestAdapter" className="AnalysisTests.ParserTests" name="ErrorFunctionBadBody3" />
    </UnitTest>
    <UnitTest name="ErrorFunctionBadBody2" storage="c:\src\nodejstools\buildoutput\release14.0\tests\jsanalysistests.dll" priority="0" id="0bca4051-7283-db81-9c57-1aea0270caa6">
      <Execution id="ed28d1cb-fc3a-45d1-98d5-26a5730e12ee" />
      <TestMethod codeBase="C:\src\nodejstools\BuildOutput\Release14.0\Tests\JSAnalysisTests.dll" adapterTypeName="Microsoft.VisualStudio.TestTools.TestTypes.Unit.UnitTestAdapter" className="AnalysisTests.ParserTests" name="ErrorFunctionBadBody2" />
    </UnitTest>
    <UnitTest name="ErrorFunctionBadBody" storage="c:\src\nodejstools\buildoutput\release14.0\tests\jsanalysistests.dll" priority="0" id="8d1118d3-e0ef-0848-2fb3-cdbfe4b3dc1d">
      <Execution id="a3fec5f9-20ee-47f0-a3ad-36c1a09bee79" />
      <TestMethod codeBase="C:\src\nodejstools\BuildOutput\Release14.0\Tests\JSAnalysisTests.dll" adapterTypeName="Microsoft.VisualStudio.TestTools.TestTypes.Unit.UnitTestAdapter" className="AnalysisTests.ParserTests" name="ErrorFunctionBadBody" />
    </UnitTest>
    <UnitTest name="ErrorFunctionBadArgList2" storage="c:\src\nodejstools\buildoutput\release14.0\tests\jsanalysistests.dll" priority="0" id="86e2d76a-28d9-3889-d457-54847dc84ea3">
      <Execution id="a32e5892-d4e1-46d3-b9ee-7377020abd72" />
      <TestMethod codeBase="C:\src\nodejstools\BuildOutput\Release14.0\Tests\JSAnalysisTests.dll" adapterTypeName="Microsoft.VisualStudio.TestTools.TestTypes.Unit.UnitTestAdapter" className="AnalysisTests.ParserTests" name="ErrorFunctionBadArgList2" />
    </UnitTest>
    <UnitTest name="ErrorFunctionTypeDefinition" storage="c:\src\nodejstools\buildoutput\release14.0\tests\jsanalysistests.dll" priority="0" id="6bc67e79-1bd6-99c5-9722-6415b0a59950">
      <Execution id="8e5aef3e-51d3-4e45-aaf7-5e886e5a376a" />
      <TestMethod codeBase="C:\src\nodejstools\BuildOutput\Release14.0\Tests\JSAnalysisTests.dll" adapterTypeName="Microsoft.VisualStudio.TestTools.TestTypes.Unit.UnitTestAdapter" className="AnalysisTests.ParserTests" name="ErrorFunctionTypeDefinition" />
    </UnitTest>
    <UnitTest name="ErrorFunctionBadArgList" storage="c:\src\nodejstools\buildoutput\release14.0\tests\jsanalysistests.dll" priority="0" id="9f4fbbdc-2201-bd7b-3937-c104285b52de">
      <Execution id="fe9e10bc-3782-4c79-8421-8f221d0d3c19" />
      <TestMethod codeBase="C:\src\nodejstools\BuildOutput\Release14.0\Tests\JSAnalysisTests.dll" adapterTypeName="Microsoft.VisualStudio.TestTools.TestTypes.Unit.UnitTestAdapter" className="AnalysisTests.ParserTests" name="ErrorFunctionBadArgList" />
    </UnitTest>
    <UnitTest name="ErrorFunctionExtraComma" storage="c:\src\nodejstools\buildoutput\release14.0\tests\jsanalysistests.dll" priority="0" id="080f20f0-2c83-c7e2-1bd5-3cef3955225c">
      <Execution id="922c2edd-b3fd-4636-ac7b-8899e3a5192d" />
      <TestMethod codeBase="C:\src\nodejstools\BuildOutput\Release14.0\Tests\JSAnalysisTests.dll" adapterTypeName="Microsoft.VisualStudio.TestTools.TestTypes.Unit.UnitTestAdapter" className="AnalysisTests.ParserTests" name="ErrorFunctionExtraComma" />
    </UnitTest>
    <UnitTest name="ErrorFunctionNoRightParen" storage="c:\src\nodejstools\buildoutput\release14.0\tests\jsanalysistests.dll" priority="0" id="73d024c7-36b0-31f7-ce3c-5373e40a4c7c">
      <Execution id="19c7d015-6714-4a7e-b194-74a2a75ad5dd" />
      <TestMethod codeBase="C:\src\nodejstools\BuildOutput\Release14.0\Tests\JSAnalysisTests.dll" adapterTypeName="Microsoft.VisualStudio.TestTools.TestTypes.Unit.UnitTestAdapter" className="AnalysisTests.ParserTests" name="ErrorFunctionNoRightParen" />
    </UnitTest>
    <UnitTest name="ErrorFunctionNoRightParen2" storage="c:\src\nodejstools\buildoutput\release14.0\tests\jsanalysistests.dll" priority="0" id="6f0bd379-8640-f05f-ab01-ae1d92782bd0">
      <Execution id="dfafec3e-6797-4494-b2f8-ba5d1858da10" />
      <TestMethod codeBase="C:\src\nodejstools\BuildOutput\Release14.0\Tests\JSAnalysisTests.dll" adapterTypeName="Microsoft.VisualStudio.TestTools.TestTypes.Unit.UnitTestAdapter" className="AnalysisTests.ParserTests" name="ErrorFunctionNoRightParen2" />
    </UnitTest>
    <UnitTest name="TestFunctionStrictMode" storage="c:\src\nodejstools\buildoutput\release14.0\tests\jsanalysistests.dll" priority="0" id="b4b85f22-89c0-a519-7441-c1f0e7ffa01d">
      <Execution id="436a8bfb-b742-436c-a48a-8dd23bf9c068" />
      <TestMethod codeBase="C:\src\nodejstools\BuildOutput\Release14.0\Tests\JSAnalysisTests.dll" adapterTypeName="Microsoft.VisualStudio.TestTools.TestTypes.Unit.UnitTestAdapter" className="AnalysisTests.ParserTests" name="TestFunctionStrictMode" />
    </UnitTest>
    <UnitTest name="TestFunctionKeywordIdentifier" storage="c:\src\nodejstools\buildoutput\release14.0\tests\jsanalysistests.dll" priority="0" id="f0fc6fc0-7cee-c527-aa77-609500fb9f8c">
      <Execution id="87f517c0-a973-46f3-af3e-54faa3fcd5f3" />
      <TestMethod codeBase="C:\src\nodejstools\BuildOutput\Release14.0\Tests\JSAnalysisTests.dll" adapterTypeName="Microsoft.VisualStudio.TestTools.TestTypes.Unit.UnitTestAdapter" className="AnalysisTests.ParserTests" name="TestFunctionKeywordIdentifier" />
    </UnitTest>
    <UnitTest name="TestGenerators" storage="c:\src\nodejstools\buildoutput\release14.0\tests\jsanalysistests.dll" priority="0" id="dba1c97c-2c48-89d7-efab-b8eb5fc7cf9a">
      <Execution id="e03c595d-dea6-4227-94f9-c906e8f71f23" />
      <TestMethod codeBase="C:\src\nodejstools\BuildOutput\Release14.0\Tests\JSAnalysisTests.dll" adapterTypeName="Microsoft.VisualStudio.TestTools.TestTypes.Unit.UnitTestAdapter" className="AnalysisTests.ParserTests" name="TestGenerators" />
    </UnitTest>
    <UnitTest name="TestYieldMember" storage="c:\src\nodejstools\buildoutput\release14.0\tests\jsanalysistests.dll" priority="0" id="603fa037-8862-e263-ed12-793cca875ae9">
      <Execution id="82ba6fa6-72d4-4b99-b97b-03d83713e61a" />
      <TestMethod codeBase="C:\src\nodejstools\BuildOutput\Release14.0\Tests\JSAnalysisTests.dll" adapterTypeName="Microsoft.VisualStudio.TestTools.TestTypes.Unit.UnitTestAdapter" className="AnalysisTests.ParserTests" name="TestYieldMember" />
    </UnitTest>
    <UnitTest name="WarningYieldNoSemicolon" storage="c:\src\nodejstools\buildoutput\release14.0\tests\jsanalysistests.dll" priority="0" id="0388eddb-4173-f94a-8ca6-758e2369d2c5">
      <Execution id="beec4d04-0118-4398-8cc2-a4598d10af7d" />
      <TestMethod codeBase="C:\src\nodejstools\BuildOutput\Release14.0\Tests\JSAnalysisTests.dll" adapterTypeName="Microsoft.VisualStudio.TestTools.TestTypes.Unit.UnitTestAdapter" className="AnalysisTests.ParserTests" name="WarningYieldNoSemicolon" />
    </UnitTest>
    <UnitTest name="ErrorYieldVar" storage="c:\src\nodejstools\buildoutput\release14.0\tests\jsanalysistests.dll" priority="0" id="b161a9e3-213f-fe15-c2b8-f51c34c281d4">
      <Execution id="78b5077f-71b9-40f5-bc0e-92d548b912da" />
      <TestMethod codeBase="C:\src\nodejstools\BuildOutput\Release14.0\Tests\JSAnalysisTests.dll" adapterTypeName="Microsoft.VisualStudio.TestTools.TestTypes.Unit.UnitTestAdapter" className="AnalysisTests.ParserTests" name="ErrorYieldVar" />
    </UnitTest>
    <UnitTest name="ErrorYieldLabel" storage="c:\src\nodejstools\buildoutput\release14.0\tests\jsanalysistests.dll" priority="0" id="1e8e5a50-aac9-540b-3ef9-d47cea2236c2">
      <Execution id="2ef67ef4-2076-47f2-9a0f-47480ac3b6dc" />
      <TestMethod codeBase="C:\src\nodejstools\BuildOutput\Release14.0\Tests\JSAnalysisTests.dll" adapterTypeName="Microsoft.VisualStudio.TestTools.TestTypes.Unit.UnitTestAdapter" className="AnalysisTests.ParserTests" name="ErrorYieldLabel" />
    </UnitTest>
    <UnitTest name="WarningYieldSemiColonInsertion" storage="c:\src\nodejstools\buildoutput\release14.0\tests\jsanalysistests.dll" priority="0" id="e786a4db-b5aa-d2cc-d234-0f43c880f771">
      <Execution id="1cd49822-9719-465c-b175-070625972702" />
      <TestMethod codeBase="C:\src\nodejstools\BuildOutput\Release14.0\Tests\JSAnalysisTests.dll" adapterTypeName="Microsoft.VisualStudio.TestTools.TestTypes.Unit.UnitTestAdapter" className="AnalysisTests.ParserTests" name="WarningYieldSemiColonInsertion" />
    </UnitTest>
    <UnitTest name="RecoveryYieldBadOperand" storage="c:\src\nodejstools\buildoutput\release14.0\tests\jsanalysistests.dll" priority="0" id="87edb301-2e4b-27aa-b1a7-48cd91bfbe9a">
      <Execution id="2cc98eb1-9c8f-4b85-bbda-99c4261b378a" />
      <TestMethod codeBase="C:\src\nodejstools\BuildOutput\Release14.0\Tests\JSAnalysisTests.dll" adapterTypeName="Microsoft.VisualStudio.TestTools.TestTypes.Unit.UnitTestAdapter" className="AnalysisTests.ParserTests" name="RecoveryYieldBadOperand" />
    </UnitTest>
    <UnitTest name="RecoverYieldBadOperand2" storage="c:\src\nodejstools\buildoutput\release14.0\tests\jsanalysistests.dll" priority="0" id="b05e8aa4-4623-8ced-fcbb-b0095b2e1a92">
      <Execution id="c5a54137-d2c9-4a76-8a6b-ec640490f287" />
      <TestMethod codeBase="C:\src\nodejstools\BuildOutput\Release14.0\Tests\JSAnalysisTests.dll" adapterTypeName="Microsoft.VisualStudio.TestTools.TestTypes.Unit.UnitTestAdapter" className="AnalysisTests.ParserTests" name="RecoverYieldBadOperand2" />
    </UnitTest>
    <UnitTest name="RecoveryYieldBadOperand3" storage="c:\src\nodejstools\buildoutput\release14.0\tests\jsanalysistests.dll" priority="0" id="7f794c6c-cff2-a519-0ae7-ee80bf42bd95">
      <Execution id="5d8ebef3-3157-4252-a6aa-33d39bea2f32" />
      <TestMethod codeBase="C:\src\nodejstools\BuildOutput\Release14.0\Tests\JSAnalysisTests.dll" adapterTypeName="Microsoft.VisualStudio.TestTools.TestTypes.Unit.UnitTestAdapter" className="AnalysisTests.ParserTests" name="RecoveryYieldBadOperand3" />
    </UnitTest>
    <UnitTest name="ErrorTryCatchNoTryOrFinally" storage="c:\src\nodejstools\buildoutput\release14.0\tests\jsanalysistests.dll" priority="0" id="6286b72b-8dca-90b4-c288-b8ba1550e199">
      <Execution id="2c6aa78b-ce02-404c-a6e2-0cf23a425c1a" />
      <TestMethod codeBase="C:\src\nodejstools\BuildOutput\Release14.0\Tests\JSAnalysisTests.dll" adapterTypeName="Microsoft.VisualStudio.TestTools.TestTypes.Unit.UnitTestAdapter" className="AnalysisTests.ParserTests" name="ErrorTryCatchNoTryOrFinally" />
    </UnitTest>
    <UnitTest name="ErrorTryCatchBadCatch" storage="c:\src\nodejstools\buildoutput\release14.0\tests\jsanalysistests.dll" priority="0" id="d2c5d27a-9ca3-e9f8-569c-7ce2db736a53">
      <Execution id="da48b1db-7ab5-419e-8d6d-fe8715e9a47a" />
      <TestMethod codeBase="C:\src\nodejstools\BuildOutput\Release14.0\Tests\JSAnalysisTests.dll" adapterTypeName="Microsoft.VisualStudio.TestTools.TestTypes.Unit.UnitTestAdapter" className="AnalysisTests.ParserTests" name="ErrorTryCatchBadCatch" />
    </UnitTest>
    <UnitTest name="ErrorTryCatchBadCatch2" storage="c:\src\nodejstools\buildoutput\release14.0\tests\jsanalysistests.dll" priority="0" id="99623a40-1884-33f7-dd78-7d44c2f8e003">
      <Execution id="8093ae75-c33e-45fb-a5a4-b87dc5d8dd59" />
      <TestMethod codeBase="C:\src\nodejstools\BuildOutput\Release14.0\Tests\JSAnalysisTests.dll" adapterTypeName="Microsoft.VisualStudio.TestTools.TestTypes.Unit.UnitTestAdapter" className="AnalysisTests.ParserTests" name="ErrorTryCatchBadCatch2" />
    </UnitTest>
    <UnitTest name="ErrorTryCatchNonIdentifierKeyword" storage="c:\src\nodejstools\buildoutput\release14.0\tests\jsanalysistests.dll" priority="0" id="a8c66441-6163-3c07-3e3e-fa411ee1150c">
      <Execution id="a1479b37-ee9d-4f8c-b66c-80e0d2499a21" />
      <TestMethod codeBase="C:\src\nodejstools\BuildOutput\Release14.0\Tests\JSAnalysisTests.dll" adapterTypeName="Microsoft.VisualStudio.TestTools.TestTypes.Unit.UnitTestAdapter" className="AnalysisTests.ParserTests" name="ErrorTryCatchNonIdentifierKeyword" />
    </UnitTest>
    <UnitTest name="ErrorTryCatchIdentifierKeyword" storage="c:\src\nodejstools\buildoutput\release14.0\tests\jsanalysistests.dll" priority="0" id="671d8566-b4bb-17a9-d6d3-e0d31017700b">
      <Execution id="255ba533-cdbc-403e-bf54-4ce4dd2b46e6" />
      <TestMethod codeBase="C:\src\nodejstools\BuildOutput\Release14.0\Tests\JSAnalysisTests.dll" adapterTypeName="Microsoft.VisualStudio.TestTools.TestTypes.Unit.UnitTestAdapter" className="AnalysisTests.ParserTests" name="ErrorTryCatchIdentifierKeyword" />
    </UnitTest>
    <UnitTest name="ErrorTryCatchNoParens" storage="c:\src\nodejstools\buildoutput\release14.0\tests\jsanalysistests.dll" priority="0" id="dfefd3df-468b-0649-e459-8a7a05280b7e">
      <Execution id="09ede192-73d4-41e3-aa9a-950b38db6e37" />
      <TestMethod codeBase="C:\src\nodejstools\BuildOutput\Release14.0\Tests\JSAnalysisTests.dll" adapterTypeName="Microsoft.VisualStudio.TestTools.TestTypes.Unit.UnitTestAdapter" className="AnalysisTests.ParserTests" name="ErrorTryCatchNoParens" />
    </UnitTest>
    <UnitTest name="ErrorTryBadBody" storage="c:\src\nodejstools\buildoutput\release14.0\tests\jsanalysistests.dll" priority="0" id="6f79f054-5bb0-0314-b9d9-1a992dc672f4">
      <Execution id="b5f7c72d-0725-4f29-acf8-e5dc5dd91ad2" />
      <TestMethod codeBase="C:\src\nodejstools\BuildOutput\Release14.0\Tests\JSAnalysisTests.dll" adapterTypeName="Microsoft.VisualStudio.TestTools.TestTypes.Unit.UnitTestAdapter" className="AnalysisTests.ParserTests" name="ErrorTryBadBody" />
    </UnitTest>
    <UnitTest name="ErrorTryBadBody2" storage="c:\src\nodejstools\buildoutput\release14.0\tests\jsanalysistests.dll" priority="0" id="b4900729-4f63-5095-c8d7-d08b12db4685">
      <Execution id="99e63ee2-75b5-418d-9d6e-49bdd997238b" />
      <TestMethod codeBase="C:\src\nodejstools\BuildOutput\Release14.0\Tests\JSAnalysisTests.dll" adapterTypeName="Microsoft.VisualStudio.TestTools.TestTypes.Unit.UnitTestAdapter" className="AnalysisTests.ParserTests" name="ErrorTryBadBody2" />
    </UnitTest>
    <UnitTest name="ErrorTryMissingCurlys" storage="c:\src\nodejstools\buildoutput\release14.0\tests\jsanalysistests.dll" priority="0" id="1df41ad8-ebe4-2a99-7818-71f145f2b00d">
      <Execution id="e5625cf4-0ece-4bce-b064-683b6529672f" />
      <TestMethod codeBase="C:\src\nodejstools\BuildOutput\Release14.0\Tests\JSAnalysisTests.dll" adapterTypeName="Microsoft.VisualStudio.TestTools.TestTypes.Unit.UnitTestAdapter" className="AnalysisTests.ParserTests" name="ErrorTryMissingCurlys" />
    </UnitTest>
    <UnitTest name="WarningThrowSemicolonInsertion" storage="c:\src\nodejstools\buildoutput\release14.0\tests\jsanalysistests.dll" priority="0" id="7fd4e67b-d9ef-e2c0-64c7-c110dacd17a6">
      <Execution id="b344db40-f4c1-47ad-982b-865e255d364c" />
      <TestMethod codeBase="C:\src\nodejstools\BuildOutput\Release14.0\Tests\JSAnalysisTests.dll" adapterTypeName="Microsoft.VisualStudio.TestTools.TestTypes.Unit.UnitTestAdapter" className="AnalysisTests.ParserTests" name="WarningThrowSemicolonInsertion" />
    </UnitTest>
    <UnitTest name="ErrorThrowNoSemicolon" storage="c:\src\nodejstools\buildoutput\release14.0\tests\jsanalysistests.dll" priority="0" id="dda65f8a-7ad4-d889-b89e-fdf4defeadf1">
      <Execution id="93226e03-18e6-414a-aeb6-eb91931d446e" />
      <TestMethod codeBase="C:\src\nodejstools\BuildOutput\Release14.0\Tests\JSAnalysisTests.dll" adapterTypeName="Microsoft.VisualStudio.TestTools.TestTypes.Unit.UnitTestAdapter" className="AnalysisTests.ParserTests" name="ErrorThrowNoSemicolon" />
    </UnitTest>
    <UnitTest name="ErrorThrowBadExpression2" storage="c:\src\nodejstools\buildoutput\release14.0\tests\jsanalysistests.dll" priority="0" id="81c311d5-b622-9209-4bad-34b0747562a0">
      <Execution id="1135b1a6-163c-4245-8d26-cc027d03ecfc" />
      <TestMethod codeBase="C:\src\nodejstools\BuildOutput\Release14.0\Tests\JSAnalysisTests.dll" adapterTypeName="Microsoft.VisualStudio.TestTools.TestTypes.Unit.UnitTestAdapter" className="AnalysisTests.ParserTests" name="ErrorThrowBadExpression2" />
    </UnitTest>
    <UnitTest name="ErrorThrowBadExpression" storage="c:\src\nodejstools\buildoutput\release14.0\tests\jsanalysistests.dll" priority="0" id="2f295bea-dbb0-855d-b1ba-1cbb08fc0108">
      <Execution id="3f5bc3ab-5879-4295-a794-9d97ec4eb747" />
      <TestMethod codeBase="C:\src\nodejstools\BuildOutput\Release14.0\Tests\JSAnalysisTests.dll" adapterTypeName="Microsoft.VisualStudio.TestTools.TestTypes.Unit.UnitTestAdapter" className="AnalysisTests.ParserTests" name="ErrorThrowBadExpression" />
    </UnitTest>
    <UnitTest name="ErrorSwitchCaseBadStatement" storage="c:\src\nodejstools\buildoutput\release14.0\tests\jsanalysistests.dll" priority="0" id="227907fe-d284-61c2-6c83-3c1bdfba55c3">
      <Execution id="71acfe49-e826-4a80-bd1f-aeac934b3308" />
      <TestMethod codeBase="C:\src\nodejstools\BuildOutput\Release14.0\Tests\JSAnalysisTests.dll" adapterTypeName="Microsoft.VisualStudio.TestTools.TestTypes.Unit.UnitTestAdapter" className="AnalysisTests.ParserTests" name="ErrorSwitchCaseBadStatement" />
    </UnitTest>
    <UnitTest name="ErrorSwitchCaseBadCase2" storage="c:\src\nodejstools\buildoutput\release14.0\tests\jsanalysistests.dll" priority="0" id="657a22cf-6930-2165-c72d-c8297082fc37">
      <Execution id="a9773b35-b9e6-4f29-9b2b-f65cda972606" />
      <TestMethod codeBase="C:\src\nodejstools\BuildOutput\Release14.0\Tests\JSAnalysisTests.dll" adapterTypeName="Microsoft.VisualStudio.TestTools.TestTypes.Unit.UnitTestAdapter" className="AnalysisTests.ParserTests" name="ErrorSwitchCaseBadCase2" />
    </UnitTest>
    <UnitTest name="ErrorSwitchCaseBadCase" storage="c:\src\nodejstools\buildoutput\release14.0\tests\jsanalysistests.dll" priority="0" id="b08416eb-7768-425a-39fd-792467c00cfa">
      <Execution id="9098cfa7-18fb-4605-80bb-9c76637475d9" />
      <TestMethod codeBase="C:\src\nodejstools\BuildOutput\Release14.0\Tests\JSAnalysisTests.dll" adapterTypeName="Microsoft.VisualStudio.TestTools.TestTypes.Unit.UnitTestAdapter" className="AnalysisTests.ParserTests" name="ErrorSwitchCaseBadCase" />
    </UnitTest>
    <UnitTest name="ErrorSwitchCaseMissingColon" storage="c:\src\nodejstools\buildoutput\release14.0\tests\jsanalysistests.dll" priority="0" id="8dc74ff1-47fa-d048-211e-ff8aca7c2dd1">
      <Execution id="d33e5f97-3469-4d54-8487-27dac0d5228e" />
      <TestMethod codeBase="C:\src\nodejstools\BuildOutput\Release14.0\Tests\JSAnalysisTests.dll" adapterTypeName="Microsoft.VisualStudio.TestTools.TestTypes.Unit.UnitTestAdapter" className="AnalysisTests.ParserTests" name="ErrorSwitchCaseMissingColon" />
    </UnitTest>
    <UnitTest name="ErrorSwitchNoCasesOrDefault" storage="c:\src\nodejstools\buildoutput\release14.0\tests\jsanalysistests.dll" priority="0" id="7d591f14-93d0-9082-0b26-2be25ba3ccf7">
      <Execution id="f678b5c8-ebec-4481-a9a6-a606f2344083" />
      <TestMethod codeBase="C:\src\nodejstools\BuildOutput\Release14.0\Tests\JSAnalysisTests.dll" adapterTypeName="Microsoft.VisualStudio.TestTools.TestTypes.Unit.UnitTestAdapter" className="AnalysisTests.ParserTests" name="ErrorSwitchNoCasesOrDefault" />
    </UnitTest>
    <UnitTest name="ErrorSwitchDuplicateDefault" storage="c:\src\nodejstools\buildoutput\release14.0\tests\jsanalysistests.dll" priority="0" id="9c4acd5f-98a7-38d5-0177-213e2cc4881e">
      <Execution id="94ff312e-0a2f-4417-9b67-e5a0485b4c74" />
      <TestMethod codeBase="C:\src\nodejstools\BuildOutput\Release14.0\Tests\JSAnalysisTests.dll" adapterTypeName="Microsoft.VisualStudio.TestTools.TestTypes.Unit.UnitTestAdapter" className="AnalysisTests.ParserTests" name="ErrorSwitchDuplicateDefault" />
    </UnitTest>
    <UnitTest name="ErrorSwitchBadExpressionNoLeftCurly" storage="c:\src\nodejstools\buildoutput\release14.0\tests\jsanalysistests.dll" priority="0" id="9f3cf88c-7664-be7d-ba41-9ee937277e4c">
      <Execution id="caa81b9b-22bc-45fd-8d06-aed73d5da048" />
      <TestMethod codeBase="C:\src\nodejstools\BuildOutput\Release14.0\Tests\JSAnalysisTests.dll" adapterTypeName="Microsoft.VisualStudio.TestTools.TestTypes.Unit.UnitTestAdapter" className="AnalysisTests.ParserTests" name="ErrorSwitchBadExpressionNoLeftCurly" />
    </UnitTest>
    <UnitTest name="ErrorSwitchBadExpression" storage="c:\src\nodejstools\buildoutput\release14.0\tests\jsanalysistests.dll" priority="0" id="0afd9290-743c-e9fa-dc8c-ea0c6f01bf30">
      <Execution id="632c155c-daaa-44c8-8a97-acbd39d26a6c" />
      <TestMethod codeBase="C:\src\nodejstools\BuildOutput\Release14.0\Tests\JSAnalysisTests.dll" adapterTypeName="Microsoft.VisualStudio.TestTools.TestTypes.Unit.UnitTestAdapter" className="AnalysisTests.ParserTests" name="ErrorSwitchBadExpression" />
    </UnitTest>
    <UnitTest name="ErrorSwitchBadExpression2" storage="c:\src\nodejstools\buildoutput\release14.0\tests\jsanalysistests.dll" priority="0" id="4e214b8d-4cdf-c8da-3c8f-42e5470250d0">
      <Execution id="088d1dab-58c3-4837-babe-2548ccc8e48a" />
      <TestMethod codeBase="C:\src\nodejstools\BuildOutput\Release14.0\Tests\JSAnalysisTests.dll" adapterTypeName="Microsoft.VisualStudio.TestTools.TestTypes.Unit.UnitTestAdapter" className="AnalysisTests.ParserTests" name="ErrorSwitchBadExpression2" />
    </UnitTest>
    <UnitTest name="ErrorSwitchBadExpression3" storage="c:\src\nodejstools\buildoutput\release14.0\tests\jsanalysistests.dll" priority="0" id="099bb04d-5dc7-038a-c11f-73b5876807bd">
      <Execution id="41197b3d-fe06-4db9-8bc5-e4fd7939855e" />
      <TestMethod codeBase="C:\src\nodejstools\BuildOutput\Release14.0\Tests\JSAnalysisTests.dll" adapterTypeName="Microsoft.VisualStudio.TestTools.TestTypes.Unit.UnitTestAdapter" className="AnalysisTests.ParserTests" name="ErrorSwitchBadExpression3" />
    </UnitTest>
    <UnitTest name="ErrorSwitchNoLeftCurly" storage="c:\src\nodejstools\buildoutput\release14.0\tests\jsanalysistests.dll" priority="0" id="089c30fa-d641-1d55-a56a-c4481da3dddd">
      <Execution id="544e381c-f8ce-49cb-be7f-12b8d1b512e8" />
      <TestMethod codeBase="C:\src\nodejstools\BuildOutput\Release14.0\Tests\JSAnalysisTests.dll" adapterTypeName="Microsoft.VisualStudio.TestTools.TestTypes.Unit.UnitTestAdapter" className="AnalysisTests.ParserTests" name="ErrorSwitchNoLeftCurly" />
    </UnitTest>
    <UnitTest name="ErrorSwitchNoParens" storage="c:\src\nodejstools\buildoutput\release14.0\tests\jsanalysistests.dll" priority="0" id="2e725b44-79a4-1c97-00c2-5c79e9a10aab">
      <Execution id="e2142ad1-f2a9-4b2d-a4d0-19ba30717abb" />
      <TestMethod codeBase="C:\src\nodejstools\BuildOutput\Release14.0\Tests\JSAnalysisTests.dll" adapterTypeName="Microsoft.VisualStudio.TestTools.TestTypes.Unit.UnitTestAdapter" className="AnalysisTests.ParserTests" name="ErrorSwitchNoParens" />
    </UnitTest>
    <UnitTest name="ErrorBracketInvalidExpression" storage="c:\src\nodejstools\buildoutput\release14.0\tests\jsanalysistests.dll" priority="0" id="b75acb68-d468-cef8-8e30-7611725a0939">
      <Execution id="d906456b-e048-4544-8f76-46d29c1b1ad8" />
      <TestMethod codeBase="C:\src\nodejstools\BuildOutput\Release14.0\Tests\JSAnalysisTests.dll" adapterTypeName="Microsoft.VisualStudio.TestTools.TestTypes.Unit.UnitTestAdapter" className="AnalysisTests.ParserTests" name="ErrorBracketInvalidExpression" />
    </UnitTest>
    <UnitTest name="ErrorBracketInvalidExpression2" storage="c:\src\nodejstools\buildoutput\release14.0\tests\jsanalysistests.dll" priority="0" id="0aa4b8d5-d487-003f-68cc-7ebd8428592e">
      <Execution id="3082b21c-c3dd-4a42-8b5b-dd59f3cdfed1" />
      <TestMethod codeBase="C:\src\nodejstools\BuildOutput\Release14.0\Tests\JSAnalysisTests.dll" adapterTypeName="Microsoft.VisualStudio.TestTools.TestTypes.Unit.UnitTestAdapter" className="AnalysisTests.ParserTests" name="ErrorBracketInvalidExpression2" />
    </UnitTest>
    <UnitTest name="ErrorBracketInvalidExpression3" storage="c:\src\nodejstools\buildoutput\release14.0\tests\jsanalysistests.dll" priority="0" id="e4719e6f-fd91-1ce5-a76f-b346241221d7">
      <Execution id="87614df3-816d-4836-9adb-cc8db0e21bc7" />
      <TestMethod codeBase="C:\src\nodejstools\BuildOutput\Release14.0\Tests\JSAnalysisTests.dll" adapterTypeName="Microsoft.VisualStudio.TestTools.TestTypes.Unit.UnitTestAdapter" className="AnalysisTests.ParserTests" name="ErrorBracketInvalidExpression3" />
    </UnitTest>
    <UnitTest name="ErrorBracketInvalidExpression4" storage="c:\src\nodejstools\buildoutput\release14.0\tests\jsanalysistests.dll" priority="0" id="b06b74f0-1376-abbe-c20c-d154e1796800">
      <Execution id="42740076-27b7-44fb-8c17-63ed4b1e07d3" />
      <TestMethod codeBase="C:\src\nodejstools\BuildOutput\Release14.0\Tests\JSAnalysisTests.dll" adapterTypeName="Microsoft.VisualStudio.TestTools.TestTypes.Unit.UnitTestAdapter" className="AnalysisTests.ParserTests" name="ErrorBracketInvalidExpression4" />
    </UnitTest>
    <UnitTest name="WarningOctalLiteral" storage="c:\src\nodejstools\buildoutput\release14.0\tests\jsanalysistests.dll" priority="0" id="0fd04822-9cf0-cf55-caa0-3dd43d9b23aa">
      <Execution id="030096d6-a07c-46f1-9527-bb261985967c" />
      <TestMethod codeBase="C:\src\nodejstools\BuildOutput\Release14.0\Tests\JSAnalysisTests.dll" adapterTypeName="Microsoft.VisualStudio.TestTools.TestTypes.Unit.UnitTestAdapter" className="AnalysisTests.ParserTests" name="WarningOctalLiteral" />
    </UnitTest>
    <UnitTest name="ErrorObjectLiteralNoColon" storage="c:\src\nodejstools\buildoutput\release14.0\tests\jsanalysistests.dll" priority="0" id="98423ebd-41d7-f0ea-7581-8ffcbd77057f">
      <Execution id="94d6bce2-294f-4a36-a611-b52e083e0e22" />
      <TestMethod codeBase="C:\src\nodejstools\BuildOutput\Release14.0\Tests\JSAnalysisTests.dll" adapterTypeName="Microsoft.VisualStudio.TestTools.TestTypes.Unit.UnitTestAdapter" className="AnalysisTests.ParserTests" name="ErrorObjectLiteralNoColon" />
    </UnitTest>
    <UnitTest name="ErrorObjectLiteralNoRightCurly" storage="c:\src\nodejstools\buildoutput\release14.0\tests\jsanalysistests.dll" priority="0" id="bf256407-f327-8062-3779-b45bd1d80979">
      <Execution id="657366fb-451a-4c62-963a-f4f6a744cf51" />
      <TestMethod codeBase="C:\src\nodejstools\BuildOutput\Release14.0\Tests\JSAnalysisTests.dll" adapterTypeName="Microsoft.VisualStudio.TestTools.TestTypes.Unit.UnitTestAdapter" className="AnalysisTests.ParserTests" name="ErrorObjectLiteralNoRightCurly" />
    </UnitTest>
    <UnitTest name="ErrorObjectLiteralNoComma" storage="c:\src\nodejstools\buildoutput\release14.0\tests\jsanalysistests.dll" priority="0" id="417524f0-dc42-0223-4e32-ea9ded519f3e">
      <Execution id="5142e81e-d326-4a2a-99b6-ee6c65676b72" />
      <TestMethod codeBase="C:\src\nodejstools\BuildOutput\Release14.0\Tests\JSAnalysisTests.dll" adapterTypeName="Microsoft.VisualStudio.TestTools.TestTypes.Unit.UnitTestAdapter" className="AnalysisTests.ParserTests" name="ErrorObjectLiteralNoComma" />
    </UnitTest>
    <UnitTest name="ErrorObjectLiteralBadExpression" storage="c:\src\nodejstools\buildoutput\release14.0\tests\jsanalysistests.dll" priority="0" id="19f4f39c-6298-6203-d31c-0dac1b895dd8">
      <Execution id="0c4f40bc-fb97-4fa5-86f1-5320a74fbb52" />
      <TestMethod codeBase="C:\src\nodejstools\BuildOutput\Release14.0\Tests\JSAnalysisTests.dll" adapterTypeName="Microsoft.VisualStudio.TestTools.TestTypes.Unit.UnitTestAdapter" className="AnalysisTests.ParserTests" name="ErrorObjectLiteralBadExpression" />
    </UnitTest>
    <UnitTest name="ErrorObjectLiteralBadExpression2" storage="c:\src\nodejstools\buildoutput\release14.0\tests\jsanalysistests.dll" priority="0" id="f1d16ae9-37ce-8d5e-a961-74798222f63a">
      <Execution id="2f6f3bcf-4067-4d95-a077-c07b019cd012" />
      <TestMethod codeBase="C:\src\nodejstools\BuildOutput\Release14.0\Tests\JSAnalysisTests.dll" adapterTypeName="Microsoft.VisualStudio.TestTools.TestTypes.Unit.UnitTestAdapter" className="AnalysisTests.ParserTests" name="ErrorObjectLiteralBadExpression2" />
    </UnitTest>
    <UnitTest name="ErrorObjectLiteralBadExpression3" storage="c:\src\nodejstools\buildoutput\release14.0\tests\jsanalysistests.dll" priority="0" id="2b23c8b8-5d15-6e19-7f93-e695f3a6c42a">
      <Execution id="aceb8af0-c9d4-4ee8-9ff3-dbaa436a05b1" />
      <TestMethod codeBase="C:\src\nodejstools\BuildOutput\Release14.0\Tests\JSAnalysisTests.dll" adapterTypeName="Microsoft.VisualStudio.TestTools.TestTypes.Unit.UnitTestAdapter" className="AnalysisTests.ParserTests" name="ErrorObjectLiteralBadExpression3" />
    </UnitTest>
    <UnitTest name="ErrorObjectLiteralNoMemberIdentifier" storage="c:\src\nodejstools\buildoutput\release14.0\tests\jsanalysistests.dll" priority="0" id="d253a9fa-8fcc-b778-a657-f86ca324af46">
      <Execution id="074fc66b-e6cc-4760-b527-0be8ca442b8f" />
      <TestMethod codeBase="C:\src\nodejstools\BuildOutput\Release14.0\Tests\JSAnalysisTests.dll" adapterTypeName="Microsoft.VisualStudio.TestTools.TestTypes.Unit.UnitTestAdapter" className="AnalysisTests.ParserTests" name="ErrorObjectLiteralNoMemberIdentifier" />
    </UnitTest>
    <UnitTest name="ErrorObjectLiteralInvalidNumeric" storage="c:\src\nodejstools\buildoutput\release14.0\tests\jsanalysistests.dll" priority="0" id="afe289a3-cbf4-7175-9d5e-3335ae2ede47">
      <Execution id="93eb14de-b468-47c7-8593-f8f0cca88c39" />
      <TestMethod codeBase="C:\src\nodejstools\BuildOutput\Release14.0\Tests\JSAnalysisTests.dll" adapterTypeName="Microsoft.VisualStudio.TestTools.TestTypes.Unit.UnitTestAdapter" className="AnalysisTests.ParserTests" name="ErrorObjectLiteralInvalidNumeric" />
    </UnitTest>
    <UnitTest name="VariableDeclarationBadInitializer2" storage="c:\src\nodejstools\buildoutput\release14.0\tests\jsanalysistests.dll" priority="0" id="22dc7069-c4a0-00d4-e5ad-b66a78e8a4e1">
      <Execution id="1357ef52-4bce-411d-8ee4-604ce34631a2" />
      <TestMethod codeBase="C:\src\nodejstools\BuildOutput\Release14.0\Tests\JSAnalysisTests.dll" adapterTypeName="Microsoft.VisualStudio.TestTools.TestTypes.Unit.UnitTestAdapter" className="AnalysisTests.ParserTests" name="VariableDeclarationBadInitializer2" />
    </UnitTest>
    <UnitTest name="InvalidTrailingStringLiteral" storage="c:\src\nodejstools\buildoutput\release14.0\tests\jsanalysistests.dll" priority="0" id="1653735c-43aa-f9ad-c91e-e5b710b9771a">
      <Execution id="605cd132-b11b-4dcf-9a5f-48a73ca09819" />
      <TestMethod codeBase="C:\src\nodejstools\BuildOutput\Release14.0\Tests\JSAnalysisTests.dll" adapterTypeName="Microsoft.VisualStudio.TestTools.TestTypes.Unit.UnitTestAdapter" className="AnalysisTests.ParserTests" name="InvalidTrailingStringLiteral" />
    </UnitTest>
    <UnitTest name="TestRequireTrailingSlash" storage="c:\src\nodejstools\buildoutput\release14.0\tests\jsanalysistests.dll" priority="0" id="9ef81ad4-b1f5-6b94-d0b1-870259610b91">
      <Execution id="a0dc811a-a4c0-40d0-8ebb-6c2353bf8f15" />
      <TestMethod codeBase="C:\src\nodejstools\BuildOutput\Release14.0\Tests\JSAnalysisTests.dll" adapterTypeName="Microsoft.VisualStudio.TestTools.TestTypes.Unit.UnitTestAdapter" className="AnalysisTests.RequireTests" name="TestRequireTrailingSlash" />
    </UnitTest>
    <UnitTest name="TestRequireAssignedExports" storage="c:\src\nodejstools\buildoutput\release14.0\tests\jsanalysistests.dll" priority="0" id="56476740-baed-0545-96fd-d08e0cf0ad65">
      <Execution id="206a7b00-01be-4add-82af-eae06b55a04c" />
      <TestMethod codeBase="C:\src\nodejstools\BuildOutput\Release14.0\Tests\JSAnalysisTests.dll" adapterTypeName="Microsoft.VisualStudio.TestTools.TestTypes.Unit.UnitTestAdapter" className="AnalysisTests.RequireTests" name="TestRequireAssignedExports" />
    </UnitTest>
    <UnitTest name="TestRequireDirectoryFileOverload" storage="c:\src\nodejstools\buildoutput\release14.0\tests\jsanalysistests.dll" priority="0" id="77514c48-510e-ba98-685a-efcee1eb8beb">
      <Execution id="bce660a8-15f5-40d8-a597-e0d521cbbcd5" />
      <TestMethod codeBase="C:\src\nodejstools\BuildOutput\Release14.0\Tests\JSAnalysisTests.dll" adapterTypeName="Microsoft.VisualStudio.TestTools.TestTypes.Unit.UnitTestAdapter" className="AnalysisTests.RequireTests" name="TestRequireDirectoryFileOverload" />
    </UnitTest>
    <UnitTest name="TestRequireMultiAssign" storage="c:\src\nodejstools\buildoutput\release14.0\tests\jsanalysistests.dll" priority="0" id="b57963b5-9fa3-6210-388b-656ce98f8b27">
      <Execution id="276da4da-bc66-402a-b1ee-eac5f2fc013e" />
      <TestMethod codeBase="C:\src\nodejstools\BuildOutput\Release14.0\Tests\JSAnalysisTests.dll" adapterTypeName="Microsoft.VisualStudio.TestTools.TestTypes.Unit.UnitTestAdapter" className="AnalysisTests.RequireTests" name="TestRequireMultiAssign" />
    </UnitTest>
    <UnitTest name="TestRequireSimple" storage="c:\src\nodejstools\buildoutput\release14.0\tests\jsanalysistests.dll" priority="0" id="a78cdd25-4aef-03ba-6c3c-b8d5740fb729">
      <Execution id="ad8ab4cf-1ca1-451f-b124-61485bac3eab" />
      <TestMethod codeBase="C:\src\nodejstools\BuildOutput\Release14.0\Tests\JSAnalysisTests.dll" adapterTypeName="Microsoft.VisualStudio.TestTools.TestTypes.Unit.UnitTestAdapter" className="AnalysisTests.RequireTests" name="TestRequireSimple" />
    </UnitTest>
    <UnitTest name="TestBadRequire" storage="c:\src\nodejstools\buildoutput\release14.0\tests\jsanalysistests.dll" priority="0" id="89df6f93-fa56-162f-5356-4f27a9bc235b">
      <Execution id="abb1ea6e-2f62-4c6e-8212-7234b5588031" />
      <TestMethod codeBase="C:\src\nodejstools\BuildOutput\Release14.0\Tests\JSAnalysisTests.dll" adapterTypeName="Microsoft.VisualStudio.TestTools.TestTypes.Unit.UnitTestAdapter" className="AnalysisTests.RequireTests" name="TestBadRequire" />
    </UnitTest>
    <UnitTest name="TestRequireNonRelativePackageJson" storage="c:\src\nodejstools\buildoutput\release14.0\tests\jsanalysistests.dll" priority="0" id="dbd4220c-7582-9b49-65d5-a8291f861e7c">
      <Execution id="e3144252-0763-41ab-821f-7bafb931d971" />
      <TestMethod codeBase="C:\src\nodejstools\BuildOutput\Release14.0\Tests\JSAnalysisTests.dll" adapterTypeName="Microsoft.VisualStudio.TestTools.TestTypes.Unit.UnitTestAdapter" className="AnalysisTests.RequireTests" name="TestRequireNonRelativePackageJson" />
    </UnitTest>
    <UnitTest name="TestRequireNodeModules" storage="c:\src\nodejstools\buildoutput\release14.0\tests\jsanalysistests.dll" priority="0" id="8c1ad67d-d18c-6bf6-147a-358d2ab35824">
      <Execution id="67651c23-66b1-4e6e-9264-74e23e1da61c" />
      <TestMethod codeBase="C:\src\nodejstools\BuildOutput\Release14.0\Tests\JSAnalysisTests.dll" adapterTypeName="Microsoft.VisualStudio.TestTools.TestTypes.Unit.UnitTestAdapter" className="AnalysisTests.RequireTests" name="TestRequireNodeModules" />
    </UnitTest>
    <UnitTest name="TestRequireBuiltin" storage="c:\src\nodejstools\buildoutput\release14.0\tests\jsanalysistests.dll" priority="0" id="25830a57-4b41-a24a-d946-2a460e91ae73">
      <Execution id="b0670dcc-c5b9-47de-aa9e-52e9be5384f9" />
      <TestMethod codeBase="C:\src\nodejstools\BuildOutput\Release14.0\Tests\JSAnalysisTests.dll" adapterTypeName="Microsoft.VisualStudio.TestTools.TestTypes.Unit.UnitTestAdapter" className="AnalysisTests.RequireTests" name="TestRequireBuiltin" />
    </UnitTest>
    <UnitTest name="TestRequireBinaryOp" storage="c:\src\nodejstools\buildoutput\release14.0\tests\jsanalysistests.dll" priority="0" id="eac58a48-48b4-9467-0060-2c23e2eecc72">
      <Execution id="82df8ace-e963-420b-83fb-01bdafc25e56" />
      <TestMethod codeBase="C:\src\nodejstools\BuildOutput\Release14.0\Tests\JSAnalysisTests.dll" adapterTypeName="Microsoft.VisualStudio.TestTools.TestTypes.Unit.UnitTestAdapter" className="AnalysisTests.RequireTests" name="TestRequireBinaryOp" />
    </UnitTest>
    <UnitTest name="TestRequire" storage="c:\src\nodejstools\buildoutput\release14.0\tests\jsanalysistests.dll" priority="0" id="d33e5600-60e9-db8e-ced0-740f47e76496">
      <Execution id="cee1d320-272c-43b6-9e1c-96ad875aa733" />
      <TestMethod codeBase="C:\src\nodejstools\BuildOutput\Release14.0\Tests\JSAnalysisTests.dll" adapterTypeName="Microsoft.VisualStudio.TestTools.TestTypes.Unit.UnitTestAdapter" className="AnalysisTests.RequireTests" name="TestRequire" />
    </UnitTest>
    <UnitTest name="TestPartialScanning" storage="c:\src\nodejstools\buildoutput\release14.0\tests\jsanalysistests.dll" priority="0" id="5e11b4ad-9f64-a103-eafc-cfd2d4bce5c2">
      <Execution id="cc3dedca-cc26-4212-a144-52c62f5afa4b" />
      <TestMethod codeBase="C:\src\nodejstools\BuildOutput\Release14.0\Tests\JSAnalysisTests.dll" adapterTypeName="Microsoft.VisualStudio.TestTools.TestTypes.Unit.UnitTestAdapter" className="AnalysisTests.ScannerTests" name="TestPartialScanning" />
    </UnitTest>
    <UnitTest name="TestOperators" storage="c:\src\nodejstools\buildoutput\release14.0\tests\jsanalysistests.dll" priority="0" id="f7883d8a-b879-8550-7783-d5f290ea680a">
      <Execution id="ab167943-9bb6-4777-ab4b-948a40051b43" />
      <TestMethod codeBase="C:\src\nodejstools\BuildOutput\Release14.0\Tests\JSAnalysisTests.dll" adapterTypeName="Microsoft.VisualStudio.TestTools.TestTypes.Unit.UnitTestAdapter" className="AnalysisTests.ScannerTests" name="TestOperators" />
    </UnitTest>
    <UnitTest name="TestNumericLiteral" storage="c:\src\nodejstools\buildoutput\release14.0\tests\jsanalysistests.dll" priority="0" id="8a452f04-9c5c-c671-0918-75be5be3c687">
      <Execution id="54e9a874-1181-47c1-a4d2-9c750c8323da" />
      <TestMethod codeBase="C:\src\nodejstools\BuildOutput\Release14.0\Tests\JSAnalysisTests.dll" adapterTypeName="Microsoft.VisualStudio.TestTools.TestTypes.Unit.UnitTestAdapter" className="AnalysisTests.ScannerTests" name="TestNumericLiteral" />
    </UnitTest>
    <UnitTest name="TestIllegalEscape" storage="c:\src\nodejstools\buildoutput\release14.0\tests\jsanalysistests.dll" priority="0" id="9fa6d26a-437f-fdd7-680f-46d952678fec">
      <Execution id="3f6d2344-f7eb-4c9a-a271-75a85fe7d0ae" />
      <TestMethod codeBase="C:\src\nodejstools\BuildOutput\Release14.0\Tests\JSAnalysisTests.dll" adapterTypeName="Microsoft.VisualStudio.TestTools.TestTypes.Unit.UnitTestAdapter" className="AnalysisTests.ScannerTests" name="TestIllegalEscape" />
    </UnitTest>
    <UnitTest name="TestIllegalEscapeRead" storage="c:\src\nodejstools\buildoutput\release14.0\tests\jsanalysistests.dll" priority="0" id="f7cc1c41-42cf-5f6a-8616-a1b56da343c0">
      <Execution id="487034a7-9b39-4735-9006-68998a79cf9a" />
      <TestMethod codeBase="C:\src\nodejstools\BuildOutput\Release14.0\Tests\JSAnalysisTests.dll" adapterTypeName="Microsoft.VisualStudio.TestTools.TestTypes.Unit.UnitTestAdapter" className="AnalysisTests.ScannerTests" name="TestIllegalEscapeRead" />
    </UnitTest>
    <UnitTest name="TestLineTerminators" storage="c:\src\nodejstools\buildoutput\release14.0\tests\jsanalysistests.dll" priority="0" id="b2ef12e7-3e04-2947-fd5d-30a5e8cb85bc">
      <Execution id="f0295a8f-97bc-4a4e-b972-97c3e0849998" />
      <TestMethod codeBase="C:\src\nodejstools\BuildOutput\Release14.0\Tests\JSAnalysisTests.dll" adapterTypeName="Microsoft.VisualStudio.TestTools.TestTypes.Unit.UnitTestAdapter" className="AnalysisTests.ScannerTests" name="TestLineTerminators" />
    </UnitTest>
    <UnitTest name="TestUnicodeIdentifiers" storage="c:\src\nodejstools\buildoutput\release14.0\tests\jsanalysistests.dll" priority="0" id="10409170-126b-267d-ca21-46b0bde2be13">
      <Execution id="a5174a23-43ec-464c-9a44-0884548439dc" />
      <TestMethod codeBase="C:\src\nodejstools\BuildOutput\Release14.0\Tests\JSAnalysisTests.dll" adapterTypeName="Microsoft.VisualStudio.TestTools.TestTypes.Unit.UnitTestAdapter" className="AnalysisTests.ScannerTests" name="TestUnicodeIdentifiers" />
    </UnitTest>
    <UnitTest name="TestUnicodeWhiteSpace" storage="c:\src\nodejstools\buildoutput\release14.0\tests\jsanalysistests.dll" priority="0" id="460bbfe0-12db-704d-91c7-8c2fe2894598">
      <Execution id="70a38786-9441-4e69-89f6-7945584c03b6" />
      <TestMethod codeBase="C:\src\nodejstools\BuildOutput\Release14.0\Tests\JSAnalysisTests.dll" adapterTypeName="Microsoft.VisualStudio.TestTools.TestTypes.Unit.UnitTestAdapter" className="AnalysisTests.ScannerTests" name="TestUnicodeWhiteSpace" />
    </UnitTest>
    <UnitTest name="TestUnicodeIllegalCharacter" storage="c:\src\nodejstools\buildoutput\release14.0\tests\jsanalysistests.dll" priority="0" id="b3a23547-1d15-9459-2c2d-a85307313dfd">
      <Execution id="6185c39b-d906-4a43-a17b-10a9b230cf22" />
      <TestMethod codeBase="C:\src\nodejstools\BuildOutput\Release14.0\Tests\JSAnalysisTests.dll" adapterTypeName="Microsoft.VisualStudio.TestTools.TestTypes.Unit.UnitTestAdapter" className="AnalysisTests.ScannerTests" name="TestUnicodeIllegalCharacter" />
    </UnitTest>
    <UnitTest name="TestRegularExpressionLiteral" storage="c:\src\nodejstools\buildoutput\release14.0\tests\jsanalysistests.dll" priority="0" id="c3a9a71f-71c0-4b92-5dc0-26f220befff5">
      <Execution id="a0505c4c-2272-4c76-8783-e9104f9aaafd" />
      <TestMethod codeBase="C:\src\nodejstools\BuildOutput\Release14.0\Tests\JSAnalysisTests.dll" adapterTypeName="Microsoft.VisualStudio.TestTools.TestTypes.Unit.UnitTestAdapter" className="AnalysisTests.ScannerTests" name="TestRegularExpressionLiteral" />
    </UnitTest>
    <UnitTest name="TestBadNumericLiteral" storage="c:\src\nodejstools\buildoutput\release14.0\tests\jsanalysistests.dll" priority="0" id="190e94df-58cc-23cb-1634-af004ab3775a">
      <Execution id="97eff2a2-d78d-4522-ada3-961a98720382" />
      <TestMethod codeBase="C:\src\nodejstools\BuildOutput\Release14.0\Tests\JSAnalysisTests.dll" adapterTypeName="Microsoft.VisualStudio.TestTools.TestTypes.Unit.UnitTestAdapter" className="AnalysisTests.ScannerTests" name="TestBadNumericLiteral" />
    </UnitTest>
    <UnitTest name="TestOctalStringLiterals" storage="c:\src\nodejstools\buildoutput\release14.0\tests\jsanalysistests.dll" priority="0" id="79a47b40-1e79-0037-1b5c-122bab33eadc">
      <Execution id="bad28832-75b1-4ac6-b3e0-8e59b15878df" />
      <TestMethod codeBase="C:\src\nodejstools\BuildOutput\Release14.0\Tests\JSAnalysisTests.dll" adapterTypeName="Microsoft.VisualStudio.TestTools.TestTypes.Unit.UnitTestAdapter" className="AnalysisTests.ScannerTests" name="TestOctalStringLiterals" />
    </UnitTest>
    <UnitTest name="TestUnterminatedString" storage="c:\src\nodejstools\buildoutput\release14.0\tests\jsanalysistests.dll" priority="0" id="7d1b909c-89c5-021c-c47d-4ee1472c32a6">
      <Execution id="4a705aed-96b7-450e-ba3a-a1e2a69cae02" />
      <TestMethod codeBase="C:\src\nodejstools\BuildOutput\Release14.0\Tests\JSAnalysisTests.dll" adapterTypeName="Microsoft.VisualStudio.TestTools.TestTypes.Unit.UnitTestAdapter" className="AnalysisTests.ScannerTests" name="TestUnterminatedString" />
    </UnitTest>
    <UnitTest name="TestHexEscape" storage="c:\src\nodejstools\buildoutput\release14.0\tests\jsanalysistests.dll" priority="0" id="c1a2c56e-a1f9-c624-cb9a-9b6bef275257">
      <Execution id="2f175dea-c2ff-453c-a2d9-a17e573f1473" />
      <TestMethod codeBase="C:\src\nodejstools\BuildOutput\Release14.0\Tests\JSAnalysisTests.dll" adapterTypeName="Microsoft.VisualStudio.TestTools.TestTypes.Unit.UnitTestAdapter" className="AnalysisTests.ScannerTests" name="TestHexEscape" />
    </UnitTest>
    <UnitTest name="TestHexEscape2" storage="c:\src\nodejstools\buildoutput\release14.0\tests\jsanalysistests.dll" priority="0" id="e4186dd6-cfba-c2f7-af38-cf6811a007c4">
      <Execution id="2ad2d12e-0759-4ede-b95d-13352522d81e" />
      <TestMethod codeBase="C:\src\nodejstools\BuildOutput\Release14.0\Tests\JSAnalysisTests.dll" adapterTypeName="Microsoft.VisualStudio.TestTools.TestTypes.Unit.UnitTestAdapter" className="AnalysisTests.ScannerTests" name="TestHexEscape2" />
    </UnitTest>
    <UnitTest name="TestInvalidHexEscape" storage="c:\src\nodejstools\buildoutput\release14.0\tests\jsanalysistests.dll" priority="0" id="cfb2f2b0-b4c5-c295-6566-6205138137ff">
      <Execution id="d5665fd9-3d92-4039-afcd-3c99a283ba4d" />
      <TestMethod codeBase="C:\src\nodejstools\BuildOutput\Release14.0\Tests\JSAnalysisTests.dll" adapterTypeName="Microsoft.VisualStudio.TestTools.TestTypes.Unit.UnitTestAdapter" className="AnalysisTests.ScannerTests" name="TestInvalidHexEscape" />
    </UnitTest>
    <UnitTest name="TestInvalidUnicodeEscape" storage="c:\src\nodejstools\buildoutput\release14.0\tests\jsanalysistests.dll" priority="0" id="7e4d5185-ec9c-441b-5a9b-925092fd340c">
      <Execution id="f38d243b-c651-4768-952d-7bda12eca5b2" />
      <TestMethod codeBase="C:\src\nodejstools\BuildOutput\Release14.0\Tests\JSAnalysisTests.dll" adapterTypeName="Microsoft.VisualStudio.TestTools.TestTypes.Unit.UnitTestAdapter" className="AnalysisTests.ScannerTests" name="TestInvalidUnicodeEscape" />
    </UnitTest>
    <UnitTest name="TestIllegalCharacter" storage="c:\src\nodejstools\buildoutput\release14.0\tests\jsanalysistests.dll" priority="0" id="e4b1620d-4e2b-7665-1c29-c23806e8d9e9">
      <Execution id="e2925a7d-55ce-4d05-99c5-bbe1f4a49192" />
      <TestMethod codeBase="C:\src\nodejstools\BuildOutput\Release14.0\Tests\JSAnalysisTests.dll" adapterTypeName="Microsoft.VisualStudio.TestTools.TestTypes.Unit.UnitTestAdapter" className="AnalysisTests.ScannerTests" name="TestIllegalCharacter" />
    </UnitTest>
    <UnitTest name="TestMultilineComment" storage="c:\src\nodejstools\buildoutput\release14.0\tests\jsanalysistests.dll" priority="0" id="52e66a41-b41f-a454-2f5b-eb3485c3dc1e">
      <Execution id="d1d9287a-acd1-4d3e-8765-422ae6dc0ef1" />
      <TestMethod codeBase="C:\src\nodejstools\BuildOutput\Release14.0\Tests\JSAnalysisTests.dll" adapterTypeName="Microsoft.VisualStudio.TestTools.TestTypes.Unit.UnitTestAdapter" className="AnalysisTests.ScannerTests" name="TestMultilineComment" />
    </UnitTest>
    <UnitTest name="TestMultilineCommentUnterminated" storage="c:\src\nodejstools\buildoutput\release14.0\tests\jsanalysistests.dll" priority="0" id="2dfa5f6e-e163-bfe4-7d11-efda3ba353bf">
      <Execution id="2463f279-3398-4788-b563-8732d1d18abd" />
      <TestMethod codeBase="C:\src\nodejstools\BuildOutput\Release14.0\Tests\JSAnalysisTests.dll" adapterTypeName="Microsoft.VisualStudio.TestTools.TestTypes.Unit.UnitTestAdapter" className="AnalysisTests.ScannerTests" name="TestMultilineCommentUnterminated" />
    </UnitTest>
    <UnitTest name="TestPositions" storage="c:\src\nodejstools\buildoutput\release14.0\tests\jsanalysistests.dll" priority="0" id="524689ce-0e82-d943-111b-28b235f918aa">
      <Execution id="1dae48cb-d917-43b0-80ea-46cf5404e8c2" />
      <TestMethod codeBase="C:\src\nodejstools\BuildOutput\Release14.0\Tests\JSAnalysisTests.dll" adapterTypeName="Microsoft.VisualStudio.TestTools.TestTypes.Unit.UnitTestAdapter" className="AnalysisTests.ScannerTests" name="TestPositions" />
    </UnitTest>
    <UnitTest name="BasicTest" storage="c:\src\nodejstools\buildoutput\release14.0\tests\jsanalysistests.dll" priority="0" id="9aa92313-d7cc-759c-54ab-ae074dc900dc">
      <Execution id="88191165-9813-44e9-aa92-a352deb5b2b4" />
      <TestMethod codeBase="C:\src\nodejstools\BuildOutput\Release14.0\Tests\JSAnalysisTests.dll" adapterTypeName="Microsoft.VisualStudio.TestTools.TestTypes.Unit.UnitTestAdapter" className="AnalysisTests.SerializationTests" name="BasicTest" />
    </UnitTest>
    <UnitTest name="RequireTest" storage="c:\src\nodejstools\buildoutput\release14.0\tests\jsanalysistests.dll" priority="0" id="5ca9926d-b6db-636a-e081-084065de811d">
      <Execution id="9e3edea7-5c5a-48c7-af59-b09b03a03dcc" />
      <TestMethod codeBase="C:\src\nodejstools\BuildOutput\Release14.0\Tests\JSAnalysisTests.dll" adapterTypeName="Microsoft.VisualStudio.TestTools.TestTypes.Unit.UnitTestAdapter" className="AnalysisTests.SerializationTests" name="RequireTest" />
    </UnitTest>
    <UnitTest name="TestNodejsPathMembers" storage="c:\src\nodejstools\buildoutput\release14.0\tests\jsanalysistests.dll" priority="0" id="24490298-f718-bea1-5d4b-98e514a9b0d7">
      <Execution id="3debbf6d-5d4a-4c42-b1d4-4c5a746c0299" />
      <TestMethod codeBase="C:\src\nodejstools\BuildOutput\Release14.0\Tests\JSAnalysisTests.dll" adapterTypeName="Microsoft.VisualStudio.TestTools.TestTypes.Unit.UnitTestAdapter" className="AnalysisTests.SerializedAnalysisTests" name="TestNodejsPathMembers" />
    </UnitTest>
    <UnitTest name="TestNodejsBufferInstanceMembers" storage="c:\src\nodejstools\buildoutput\release14.0\tests\jsanalysistests.dll" priority="0" id="9e649e87-c02a-0a4b-21e1-9bd9f39392c3">
      <Execution id="8f652429-fcb4-44e8-8ab8-a3c840a34181" />
      <TestMethod codeBase="C:\src\nodejstools\BuildOutput\Release14.0\Tests\JSAnalysisTests.dll" adapterTypeName="Microsoft.VisualStudio.TestTools.TestTypes.Unit.UnitTestAdapter" className="AnalysisTests.SerializedAnalysisTests" name="TestNodejsBufferInstanceMembers" />
    </UnitTest>
    <UnitTest name="TestNodejsCreateFunctions" storage="c:\src\nodejstools\buildoutput\release14.0\tests\jsanalysistests.dll" priority="0" id="e0ef0d56-45e4-4274-de88-b5332626ed52">
      <Execution id="375c3346-fe63-4560-a572-95f7001a81eb" />
      <TestMethod codeBase="C:\src\nodejstools\BuildOutput\Release14.0\Tests\JSAnalysisTests.dll" adapterTypeName="Microsoft.VisualStudio.TestTools.TestTypes.Unit.UnitTestAdapter" className="AnalysisTests.SerializedAnalysisTests" name="TestNodejsCreateFunctions" />
    </UnitTest>
    <UnitTest name="TestSetPrototypeSpecialization" storage="c:\src\nodejstools\buildoutput\release14.0\tests\jsanalysistests.dll" priority="0" id="36ba86f7-9c86-3e72-65b5-f94d2c078b0c">
      <Execution id="aca26b7c-b3c1-479d-ae57-4bf3b0ae8167" />
      <TestMethod codeBase="C:\src\nodejstools\BuildOutput\Release14.0\Tests\JSAnalysisTests.dll" adapterTypeName="Microsoft.VisualStudio.TestTools.TestTypes.Unit.UnitTestAdapter" className="AnalysisTests.SerializedAnalysisTests" name="TestSetPrototypeSpecialization" />
    </UnitTest>
    <UnitTest name="TestCopySpecialization" storage="c:\src\nodejstools\buildoutput\release14.0\tests\jsanalysistests.dll" priority="0" id="28e32998-6362-029a-b04c-cdd4098471b6">
      <Execution id="7307b77e-f325-4068-b852-e3bb76cdcc36" />
      <TestMethod codeBase="C:\src\nodejstools\BuildOutput\Release14.0\Tests\JSAnalysisTests.dll" adapterTypeName="Microsoft.VisualStudio.TestTools.TestTypes.Unit.UnitTestAdapter" className="AnalysisTests.SerializedAnalysisTests" name="TestCopySpecialization" />
    </UnitTest>
    <UnitTest name="TestCreateSpecialization" storage="c:\src\nodejstools\buildoutput\release14.0\tests\jsanalysistests.dll" priority="0" id="09317147-9e25-d9d2-7965-eae8c00a4425">
      <Execution id="0b5ba9b2-9171-405c-89f5-cba47db6f7e0" />
      <TestMethod codeBase="C:\src\nodejstools\BuildOutput\Release14.0\Tests\JSAnalysisTests.dll" adapterTypeName="Microsoft.VisualStudio.TestTools.TestTypes.Unit.UnitTestAdapter" className="AnalysisTests.SerializedAnalysisTests" name="TestCreateSpecialization" />
    </UnitTest>
    <UnitTest name="TestFunctionParametersMultipleCallers" storage="c:\src\nodejstools\buildoutput\release14.0\tests\jsanalysistests.dll" priority="0" id="06f1c03a-294c-341e-f5e0-1d0770fa24d2">
      <Execution id="1f16c542-947f-435a-ab8c-81fe83a87922" />
      <TestMethod codeBase="C:\src\nodejstools\BuildOutput\Release14.0\Tests\JSAnalysisTests.dll" adapterTypeName="Microsoft.VisualStudio.TestTools.TestTypes.Unit.UnitTestAdapter" className="AnalysisTests.SerializedAnalysisTests" name="TestFunctionParametersMultipleCallers" />
    </UnitTest>
    <UnitTest name="TestFunctionParameters" storage="c:\src\nodejstools\buildoutput\release14.0\tests\jsanalysistests.dll" priority="0" id="5a473347-9a14-d2f6-dc4e-df784fbdb066">
      <Execution id="330914df-e0c8-412a-bd08-bf9a29fe1f21" />
      <TestMethod codeBase="C:\src\nodejstools\BuildOutput\Release14.0\Tests\JSAnalysisTests.dll" adapterTypeName="Microsoft.VisualStudio.TestTools.TestTypes.Unit.UnitTestAdapter" className="AnalysisTests.SerializedAnalysisTests" name="TestFunctionParameters" />
    </UnitTest>
    <UnitTest name="TestFunctionReturn" storage="c:\src\nodejstools\buildoutput\release14.0\tests\jsanalysistests.dll" priority="0" id="2c4bc7d8-e501-fc09-e1d0-4b1ca700a11b">
      <Execution id="176fc6b1-3bce-4be0-b488-251a5ab5c799" />
      <TestMethod codeBase="C:\src\nodejstools\BuildOutput\Release14.0\Tests\JSAnalysisTests.dll" adapterTypeName="Microsoft.VisualStudio.TestTools.TestTypes.Unit.UnitTestAdapter" className="AnalysisTests.SerializedAnalysisTests" name="TestFunctionReturn" />
    </UnitTest>
    <UnitTest name="TestFunction" storage="c:\src\nodejstools\buildoutput\release14.0\tests\jsanalysistests.dll" priority="0" id="b9b6dd5b-a767-6a26-6893-35fefab3fdbb">
      <Execution id="ff4aa6cc-3eb9-4775-9c2e-3498481a0df7" />
      <TestMethod codeBase="C:\src\nodejstools\BuildOutput\Release14.0\Tests\JSAnalysisTests.dll" adapterTypeName="Microsoft.VisualStudio.TestTools.TestTypes.Unit.UnitTestAdapter" className="AnalysisTests.SerializedAnalysisTests" name="TestFunction" />
    </UnitTest>
    <UnitTest name="TestNewFunction" storage="c:\src\nodejstools\buildoutput\release14.0\tests\jsanalysistests.dll" priority="0" id="49c9338e-eac3-3807-fd81-8af6cee1f162">
      <Execution id="28991e9e-2766-4519-9372-14be71d7a80f" />
      <TestMethod codeBase="C:\src\nodejstools\BuildOutput\Release14.0\Tests\JSAnalysisTests.dll" adapterTypeName="Microsoft.VisualStudio.TestTools.TestTypes.Unit.UnitTestAdapter" className="AnalysisTests.SerializedAnalysisTests" name="TestNewFunction" />
    </UnitTest>
    <UnitTest name="TestNewFunctionInstanceVariable" storage="c:\src\nodejstools\buildoutput\release14.0\tests\jsanalysistests.dll" priority="0" id="5df60f7d-27cb-62bc-68d1-2f4d8ab7c1ea">
      <Execution id="28d5a204-e100-46db-aacd-a14ba3fc0be6" />
      <TestMethod codeBase="C:\src\nodejstools\BuildOutput\Release14.0\Tests\JSAnalysisTests.dll" adapterTypeName="Microsoft.VisualStudio.TestTools.TestTypes.Unit.UnitTestAdapter" className="AnalysisTests.SerializedAnalysisTests" name="TestNewFunctionInstanceVariable" />
    </UnitTest>
    <UnitTest name="TestSimplePrototype" storage="c:\src\nodejstools\buildoutput\release14.0\tests\jsanalysistests.dll" priority="0" id="fafa6593-9c69-26f7-824a-00168a9efa4a">
      <Execution id="6ca8d263-c80f-474e-a6fd-64331395fc62" />
      <TestMethod codeBase="C:\src\nodejstools\BuildOutput\Release14.0\Tests\JSAnalysisTests.dll" adapterTypeName="Microsoft.VisualStudio.TestTools.TestTypes.Unit.UnitTestAdapter" className="AnalysisTests.SerializedAnalysisTests" name="TestSimplePrototype" />
    </UnitTest>
    <UnitTest name="TestTypeOf" storage="c:\src\nodejstools\buildoutput\release14.0\tests\jsanalysistests.dll" priority="0" id="ac18f9d8-f128-68d9-415a-21b293b8043d">
      <Execution id="2f739004-3081-4134-bb93-e8a89a2ebbd2" />
      <TestMethod codeBase="C:\src\nodejstools\BuildOutput\Release14.0\Tests\JSAnalysisTests.dll" adapterTypeName="Microsoft.VisualStudio.TestTools.TestTypes.Unit.UnitTestAdapter" className="AnalysisTests.SerializedAnalysisTests" name="TestTypeOf" />
    </UnitTest>
    <UnitTest name="TestVariableShadowing" storage="c:\src\nodejstools\buildoutput\release14.0\tests\jsanalysistests.dll" priority="0" id="02e4d7bb-b9c1-4376-0d0a-60d28929be5e">
      <Execution id="61c3bf2c-3430-4f7e-9c8a-1bf8ea7c1d9d" />
      <TestMethod codeBase="C:\src\nodejstools\BuildOutput\Release14.0\Tests\JSAnalysisTests.dll" adapterTypeName="Microsoft.VisualStudio.TestTools.TestTypes.Unit.UnitTestAdapter" className="AnalysisTests.SerializedAnalysisTests" name="TestVariableShadowing" />
    </UnitTest>
    <UnitTest name="TestFunctionExpressionNameScoping" storage="c:\src\nodejstools\buildoutput\release14.0\tests\jsanalysistests.dll" priority="0" id="8207f592-ee8c-ad5b-072f-71bba011ad01">
      <Execution id="9c57e5d3-ef77-4153-b779-a1c0b85b5ac1" />
      <TestMethod codeBase="C:\src\nodejstools\BuildOutput\Release14.0\Tests\JSAnalysisTests.dll" adapterTypeName="Microsoft.VisualStudio.TestTools.TestTypes.Unit.UnitTestAdapter" className="AnalysisTests.SerializedAnalysisTests" name="TestFunctionExpressionNameScoping" />
    </UnitTest>
    <UnitTest name="TestFunctionExpressionNameScopingNested" storage="c:\src\nodejstools\buildoutput\release14.0\tests\jsanalysistests.dll" priority="0" id="7942cc1b-4762-e4b5-e29d-478d1b488705">
      <Execution id="4d1e6358-4da9-4d16-828a-13573b0890ec" />
      <TestMethod codeBase="C:\src\nodejstools\BuildOutput\Release14.0\Tests\JSAnalysisTests.dll" adapterTypeName="Microsoft.VisualStudio.TestTools.TestTypes.Unit.UnitTestAdapter" className="AnalysisTests.SerializedAnalysisTests" name="TestFunctionExpressionNameScopingNested" />
    </UnitTest>
    <UnitTest name="TestFunctionClosureCall" storage="c:\src\nodejstools\buildoutput\release14.0\tests\jsanalysistests.dll" priority="0" id="8b4af1ae-f9a0-d050-4a4a-b49cef421df1">
      <Execution id="94ab7d88-126d-4094-8114-85abe14768e7" />
      <TestMethod codeBase="C:\src\nodejstools\BuildOutput\Release14.0\Tests\JSAnalysisTests.dll" adapterTypeName="Microsoft.VisualStudio.TestTools.TestTypes.Unit.UnitTestAdapter" className="AnalysisTests.SerializedAnalysisTests" name="TestFunctionClosureCall" />
    </UnitTest>
    <UnitTest name="TestTypes" storage="c:\src\nodejstools\buildoutput\release14.0\tests\jsanalysistests.dll" priority="0" id="bec2d36d-0af2-da7c-4bda-230d9c660be5">
      <Execution id="6ba20b21-0655-4ea9-9567-a9b9fbea7e81" />
      <TestMethod codeBase="C:\src\nodejstools\BuildOutput\Release14.0\Tests\JSAnalysisTests.dll" adapterTypeName="Microsoft.VisualStudio.TestTools.TestTypes.Unit.UnitTestAdapter" className="AnalysisTests.SerializedAnalysisTests" name="TestTypes" />
    </UnitTest>
    <UnitTest name="TestDateTime" storage="c:\src\nodejstools\buildoutput\release14.0\tests\jsanalysistests.dll" priority="0" id="a96e4cdb-bd0a-93cd-3d29-44b07c956504">
      <Execution id="5b9b4d2d-b5a5-49e9-be9f-370a95c4a941" />
      <TestMethod codeBase="C:\src\nodejstools\BuildOutput\Release14.0\Tests\JSAnalysisTests.dll" adapterTypeName="Microsoft.VisualStudio.TestTools.TestTypes.Unit.UnitTestAdapter" className="AnalysisTests.SerializedAnalysisTests" name="TestDateTime" />
    </UnitTest>
    <UnitTest name="TestDescriptions" storage="c:\src\nodejstools\buildoutput\release14.0\tests\jsanalysistests.dll" priority="0" id="60786f98-6383-ba5a-a559-4f1e0d97b563">
      <Execution id="0f835469-0877-469a-b149-f8b9f654b365" />
      <TestMethod codeBase="C:\src\nodejstools\BuildOutput\Release14.0\Tests\JSAnalysisTests.dll" adapterTypeName="Microsoft.VisualStudio.TestTools.TestTypes.Unit.UnitTestAdapter" className="AnalysisTests.SerializedAnalysisTests" name="TestDescriptions" />
    </UnitTest>
    <UnitTest name="TestUtilInherits" storage="c:\src\nodejstools\buildoutput\release14.0\tests\jsanalysistests.dll" priority="0" id="a404ceef-3e7a-6f4f-8f15-e5fea8dabc41">
      <Execution id="252fef2e-f5f0-41dd-b905-6faf71dfaf89" />
      <TestMethod codeBase="C:\src\nodejstools\BuildOutput\Release14.0\Tests\JSAnalysisTests.dll" adapterTypeName="Microsoft.VisualStudio.TestTools.TestTypes.Unit.UnitTestAdapter" className="AnalysisTests.SerializedAnalysisTests" name="TestUtilInherits" />
    </UnitTest>
    <UnitTest name="TestUtilInherits2" storage="c:\src\nodejstools\buildoutput\release14.0\tests\jsanalysistests.dll" priority="0" id="839185bc-e66b-72e8-c502-fe6215a654f5">
      <Execution id="fd8b679b-098c-4696-8031-55b002b2dd9a" />
      <TestMethod codeBase="C:\src\nodejstools\BuildOutput\Release14.0\Tests\JSAnalysisTests.dll" adapterTypeName="Microsoft.VisualStudio.TestTools.TestTypes.Unit.UnitTestAdapter" className="AnalysisTests.SerializedAnalysisTests" name="TestUtilInherits2" />
    </UnitTest>
    <UnitTest name="TestDunderProto" storage="c:\src\nodejstools\buildoutput\release14.0\tests\jsanalysistests.dll" priority="0" id="6f249997-b270-5562-96e0-4ee27c4f368c">
      <Execution id="e6158d29-b844-4de7-a786-b895e63df0ca" />
      <TestMethod codeBase="C:\src\nodejstools\BuildOutput\Release14.0\Tests\JSAnalysisTests.dll" adapterTypeName="Microsoft.VisualStudio.TestTools.TestTypes.Unit.UnitTestAdapter" className="AnalysisTests.SerializedAnalysisTests" name="TestDunderProto" />
    </UnitTest>
    <UnitTest name="TestInvalidGrouping" storage="c:\src\nodejstools\buildoutput\release14.0\tests\jsanalysistests.dll" priority="0" id="bf8d17a5-8ab9-9c2d-75d9-ed49ea465a0e">
      <Execution id="d085c189-837d-4e9a-ab73-df0b43887cb9" />
      <TestMethod codeBase="C:\src\nodejstools\BuildOutput\Release14.0\Tests\JSAnalysisTests.dll" adapterTypeName="Microsoft.VisualStudio.TestTools.TestTypes.Unit.UnitTestAdapter" className="AnalysisTests.SerializedAnalysisTests" name="TestInvalidGrouping" />
    </UnitTest>
    <UnitTest name="UncalledPrototypeMethod" storage="c:\src\nodejstools\buildoutput\release14.0\tests\jsanalysistests.dll" priority="0" id="83ec863b-eca1-8874-a60e-5fb79bd7865b">
      <Execution id="8a0f0e0c-5e41-45b2-bea3-88c70418274c" />
      <TestMethod codeBase="C:\src\nodejstools\BuildOutput\Release14.0\Tests\JSAnalysisTests.dll" adapterTypeName="Microsoft.VisualStudio.TestTools.TestTypes.Unit.UnitTestAdapter" className="AnalysisTests.SerializedAnalysisTests" name="UncalledPrototypeMethod" />
    </UnitTest>
    <UnitTest name="TestEventEmitter" storage="c:\src\nodejstools\buildoutput\release14.0\tests\jsanalysistests.dll" priority="0" id="feef87e4-c405-4c19-a4c4-70e0dfe87c1f">
      <Execution id="2e856073-45b1-4144-8f62-3fbd4c98183a" />
      <TestMethod codeBase="C:\src\nodejstools\BuildOutput\Release14.0\Tests\JSAnalysisTests.dll" adapterTypeName="Microsoft.VisualStudio.TestTools.TestTypes.Unit.UnitTestAdapter" className="AnalysisTests.SerializedAnalysisTests" name="TestEventEmitter" />
    </UnitTest>
    <UnitTest name="TestAnalysisWrapperLifetime" storage="c:\src\nodejstools\buildoutput\release14.0\tests\jsanalysistests.dll" priority="0" id="e170dba3-9d2d-0d55-19eb-dbd7489e2ac7">
      <Execution id="ceaaee4b-24a4-4b07-b126-50084f88cf95" />
      <TestMethod codeBase="C:\src\nodejstools\BuildOutput\Release14.0\Tests\JSAnalysisTests.dll" adapterTypeName="Microsoft.VisualStudio.TestTools.TestTypes.Unit.UnitTestAdapter" className="AnalysisTests.SerializedAnalysisTests" name="TestAnalysisWrapperLifetime" />
    </UnitTest>
    <UnitTest name="TestExportsLocation" storage="c:\src\nodejstools\buildoutput\release14.0\tests\jsanalysistests.dll" priority="0" id="c340d34b-bdea-6212-d526-6218021b697c">
      <Execution id="8aa2d2af-55df-4d5b-95cf-967f3271b8ef" />
      <TestMethod codeBase="C:\src\nodejstools\BuildOutput\Release14.0\Tests\JSAnalysisTests.dll" adapterTypeName="Microsoft.VisualStudio.TestTools.TestTypes.Unit.UnitTestAdapter" className="AnalysisTests.SerializedAnalysisTests" name="TestExportsLocation" />
    </UnitTest>
    <UnitTest name="TestBadString" storage="c:\src\nodejstools\buildoutput\release14.0\tests\jsanalysistests.dll" priority="0" id="4f0017b6-a55c-c4b7-fe61-247fe81435a1">
      <Execution id="4c8a31cd-b91a-4656-8d1c-2ea1a95e23a3" />
      <TestMethod codeBase="C:\src\nodejstools\BuildOutput\Release14.0\Tests\JSAnalysisTests.dll" adapterTypeName="Microsoft.VisualStudio.TestTools.TestTypes.Unit.UnitTestAdapter" className="AnalysisTests.SerializedAnalysisTests" name="TestBadString" />
    </UnitTest>
    <UnitTest name="TestFunctionApply" storage="c:\src\nodejstools\buildoutput\release14.0\tests\jsanalysistests.dll" priority="0" id="b5e28d73-388f-fea8-a2ac-06109aef9ad6">
      <Execution id="ad7004b6-1334-4463-ab2c-168c50898f71" />
      <TestMethod codeBase="C:\src\nodejstools\BuildOutput\Release14.0\Tests\JSAnalysisTests.dll" adapterTypeName="Microsoft.VisualStudio.TestTools.TestTypes.Unit.UnitTestAdapter" className="AnalysisTests.SerializedAnalysisTests" name="TestFunctionApply" />
    </UnitTest>
    <UnitTest name="TestToString" storage="c:\src\nodejstools\buildoutput\release14.0\tests\jsanalysistests.dll" priority="0" id="b662ab51-2162-e309-4156-3d962a5f8fca">
      <Execution id="55b78db9-cc0e-42be-a97c-6dc17574e434" />
      <TestMethod codeBase="C:\src\nodejstools\BuildOutput\Release14.0\Tests\JSAnalysisTests.dll" adapterTypeName="Microsoft.VisualStudio.TestTools.TestTypes.Unit.UnitTestAdapter" className="AnalysisTests.SerializedAnalysisTests" name="TestToString" />
    </UnitTest>
    <UnitTest name="TestBuiltinDoc" storage="c:\src\nodejstools\buildoutput\release14.0\tests\jsanalysistests.dll" priority="0" id="1acd4ba0-5788-a03f-b936-8378972a1f49">
      <Execution id="88342513-5299-4483-b5d8-01a34b0d36ab" />
      <TestMethod codeBase="C:\src\nodejstools\BuildOutput\Release14.0\Tests\JSAnalysisTests.dll" adapterTypeName="Microsoft.VisualStudio.TestTools.TestTypes.Unit.UnitTestAdapter" className="AnalysisTests.SerializedAnalysisTests" name="TestBuiltinDoc" />
    </UnitTest>
    <UnitTest name="TestAllMembers" storage="c:\src\nodejstools\buildoutput\release14.0\tests\jsanalysistests.dll" priority="0" id="4c467bd5-f670-4a3a-a868-a28c6a48ad11">
      <Execution id="b12bb738-b1dc-4821-ab9c-64a0a03ab822" />
      <TestMethod codeBase="C:\src\nodejstools\BuildOutput\Release14.0\Tests\JSAnalysisTests.dll" adapterTypeName="Microsoft.VisualStudio.TestTools.TestTypes.Unit.UnitTestAdapter" className="AnalysisTests.SerializedAnalysisTests" name="TestAllMembers" />
    </UnitTest>
    <UnitTest name="TestReturnValues" storage="c:\src\nodejstools\buildoutput\release14.0\tests\jsanalysistests.dll" priority="0" id="294f1825-f4af-d149-e894-e0c64b892483">
      <Execution id="4c072e6a-97f5-4353-bb7a-f431a8eb522b" />
      <TestMethod codeBase="C:\src\nodejstools\BuildOutput\Release14.0\Tests\JSAnalysisTests.dll" adapterTypeName="Microsoft.VisualStudio.TestTools.TestTypes.Unit.UnitTestAdapter" className="AnalysisTests.SerializedAnalysisTests" name="TestReturnValues" />
    </UnitTest>
    <UnitTest name="TestArguments" storage="c:\src\nodejstools\buildoutput\release14.0\tests\jsanalysistests.dll" priority="0" id="83c5ca62-ee1d-2542-d243-050f5c7f0300">
      <Execution id="d0575939-31ed-463b-9c82-09b97106b619" />
      <TestMethod codeBase="C:\src\nodejstools\BuildOutput\Release14.0\Tests\JSAnalysisTests.dll" adapterTypeName="Microsoft.VisualStudio.TestTools.TestTypes.Unit.UnitTestAdapter" className="AnalysisTests.SerializedAnalysisTests" name="TestArguments" />
    </UnitTest>
    <UnitTest name="TestAssignmentScope" storage="c:\src\nodejstools\buildoutput\release14.0\tests\jsanalysistests.dll" priority="0" id="0d809b66-9cd2-27a1-31ba-49600aa9fa37">
      <Execution id="2af4df9c-acbd-48ad-9bf7-4f341ca73f8b" />
      <TestMethod codeBase="C:\src\nodejstools\BuildOutput\Release14.0\Tests\JSAnalysisTests.dll" adapterTypeName="Microsoft.VisualStudio.TestTools.TestTypes.Unit.UnitTestAdapter" className="AnalysisTests.SerializedAnalysisTests" name="TestAssignmentScope" />
    </UnitTest>
    <UnitTest name="TestMembersListsInvalidIdentifier" storage="c:\src\nodejstools\buildoutput\release14.0\tests\jsanalysistests.dll" priority="0" id="bc8b60a5-9c06-2ab4-e512-8dd78ec0ace3">
      <Execution id="7051fe68-4753-42ed-ba5a-8474f4aa8cfa" />
      <TestMethod codeBase="C:\src\nodejstools\BuildOutput\Release14.0\Tests\JSAnalysisTests.dll" adapterTypeName="Microsoft.VisualStudio.TestTools.TestTypes.Unit.UnitTestAdapter" className="AnalysisTests.SerializedAnalysisTests" name="TestMembersListsInvalidIdentifier" />
    </UnitTest>
    <UnitTest name="TestPrimitiveMembers" storage="c:\src\nodejstools\buildoutput\release14.0\tests\jsanalysistests.dll" priority="0" id="62474473-abd7-12a2-bf3c-1c9b0f04339d">
      <Execution id="625c3b3f-7fb2-4e36-bd3d-9fc5cd61291e" />
      <TestMethod codeBase="C:\src\nodejstools\BuildOutput\Release14.0\Tests\JSAnalysisTests.dll" adapterTypeName="Microsoft.VisualStudio.TestTools.TestTypes.Unit.UnitTestAdapter" className="AnalysisTests.SerializedAnalysisTests" name="TestPrimitiveMembers" />
    </UnitTest>
    <UnitTest name="TestArrayForEach" storage="c:\src\nodejstools\buildoutput\release14.0\tests\jsanalysistests.dll" priority="0" id="b2449253-a06d-4d14-8d2b-a468c1c985e3">
      <Execution id="844e284b-fd78-4950-a28d-a52d3d9378a3" />
      <TestMethod codeBase="C:\src\nodejstools\BuildOutput\Release14.0\Tests\JSAnalysisTests.dll" adapterTypeName="Microsoft.VisualStudio.TestTools.TestTypes.Unit.UnitTestAdapter" className="AnalysisTests.SerializedAnalysisTests" name="TestArrayForEach" />
    </UnitTest>
    <UnitTest name="TestArrayPush" storage="c:\src\nodejstools\buildoutput\release14.0\tests\jsanalysistests.dll" priority="0" id="a65b8281-0651-6b0d-7097-dd2a328db5ef">
      <Execution id="4a1aeee5-8276-41d8-ba8f-f2f74625d880" />
      <TestMethod codeBase="C:\src\nodejstools\BuildOutput\Release14.0\Tests\JSAnalysisTests.dll" adapterTypeName="Microsoft.VisualStudio.TestTools.TestTypes.Unit.UnitTestAdapter" className="AnalysisTests.SerializedAnalysisTests" name="TestArrayPush" />
    </UnitTest>
    <UnitTest name="TestArrayPop" storage="c:\src\nodejstools\buildoutput\release14.0\tests\jsanalysistests.dll" priority="0" id="8ae58884-12ca-8cc4-f006-255606e482f7">
      <Execution id="f2d70663-3221-45e3-b079-aa4cb7fbe073" />
      <TestMethod codeBase="C:\src\nodejstools\BuildOutput\Release14.0\Tests\JSAnalysisTests.dll" adapterTypeName="Microsoft.VisualStudio.TestTools.TestTypes.Unit.UnitTestAdapter" className="AnalysisTests.SerializedAnalysisTests" name="TestArrayPop" />
    </UnitTest>
    <UnitTest name="TestArraySetIndex" storage="c:\src\nodejstools\buildoutput\release14.0\tests\jsanalysistests.dll" priority="0" id="4a1ef16f-4712-ced7-6090-43850a135b37">
      <Execution id="0bc43032-6a51-4597-9b34-1792e29c526c" />
      <TestMethod codeBase="C:\src\nodejstools\BuildOutput\Release14.0\Tests\JSAnalysisTests.dll" adapterTypeName="Microsoft.VisualStudio.TestTools.TestTypes.Unit.UnitTestAdapter" className="AnalysisTests.SerializedAnalysisTests" name="TestArraySetIndex" />
    </UnitTest>
    <UnitTest name="TestArraySlice" storage="c:\src\nodejstools\buildoutput\release14.0\tests\jsanalysistests.dll" priority="0" id="65e4ee26-b2e7-6302-26c2-61bea172fde4">
      <Execution id="995b778e-4880-46b0-bdf7-abfa2dda07fc" />
      <TestMethod codeBase="C:\src\nodejstools\BuildOutput\Release14.0\Tests\JSAnalysisTests.dll" adapterTypeName="Microsoft.VisualStudio.TestTools.TestTypes.Unit.UnitTestAdapter" className="AnalysisTests.SerializedAnalysisTests" name="TestArraySlice" />
    </UnitTest>
    <UnitTest name="TestArrayConcat" storage="c:\src\nodejstools\buildoutput\release14.0\tests\jsanalysistests.dll" priority="0" id="1aea6a56-6898-7e93-ab34-2498131d665d">
      <Execution id="261243f0-7335-4ccc-8345-8c4fa70a548c" />
      <TestMethod codeBase="C:\src\nodejstools\BuildOutput\Release14.0\Tests\JSAnalysisTests.dll" adapterTypeName="Microsoft.VisualStudio.TestTools.TestTypes.Unit.UnitTestAdapter" className="AnalysisTests.SerializedAnalysisTests" name="TestArrayConcat" />
    </UnitTest>
    <UnitTest name="TestPrototypeGetter" storage="c:\src\nodejstools\buildoutput\release14.0\tests\jsanalysistests.dll" priority="0" id="32ec27a2-5cf7-c9ff-aa1d-346f54dad995">
      <Execution id="bee3ff20-c913-44bb-baff-0c946d3e150f" />
      <TestMethod codeBase="C:\src\nodejstools\BuildOutput\Release14.0\Tests\JSAnalysisTests.dll" adapterTypeName="Microsoft.VisualStudio.TestTools.TestTypes.Unit.UnitTestAdapter" className="AnalysisTests.SerializedAnalysisTests" name="TestPrototypeGetter" />
    </UnitTest>
    <UnitTest name="TestFunctionDefineGetter" storage="c:\src\nodejstools\buildoutput\release14.0\tests\jsanalysistests.dll" priority="0" id="63cfeabf-3726-2886-778a-0585a6f0eaca">
      <Execution id="92068642-324d-4e67-a76e-5028d34bbfa3" />
      <TestMethod codeBase="C:\src\nodejstools\BuildOutput\Release14.0\Tests\JSAnalysisTests.dll" adapterTypeName="Microsoft.VisualStudio.TestTools.TestTypes.Unit.UnitTestAdapter" className="AnalysisTests.SerializedAnalysisTests" name="TestFunctionDefineGetter" />
    </UnitTest>
    <UnitTest name="TestFunctionPrototypeLookup" storage="c:\src\nodejstools\buildoutput\release14.0\tests\jsanalysistests.dll" priority="0" id="54a63659-ef2d-9447-5f9c-d2222b1c5021">
      <Execution id="17eb02e3-362e-4d17-a745-67feed2850d1" />
      <TestMethod codeBase="C:\src\nodejstools\BuildOutput\Release14.0\Tests\JSAnalysisTests.dll" adapterTypeName="Microsoft.VisualStudio.TestTools.TestTypes.Unit.UnitTestAdapter" className="AnalysisTests.SerializedAnalysisTests" name="TestFunctionPrototypeLookup" />
    </UnitTest>
    <UnitTest name="TestProtoSetCorrectly" storage="c:\src\nodejstools\buildoutput\release14.0\tests\jsanalysistests.dll" priority="0" id="2730a92a-cb5c-2531-b17d-2c8176d68839">
      <Execution id="09f80cd1-1327-4ed8-8f87-8381aa17ad1b" />
      <TestMethod codeBase="C:\src\nodejstools\BuildOutput\Release14.0\Tests\JSAnalysisTests.dll" adapterTypeName="Microsoft.VisualStudio.TestTools.TestTypes.Unit.UnitTestAdapter" className="AnalysisTests.SerializedAnalysisTests" name="TestProtoSetCorrectly" />
    </UnitTest>
    <UnitTest name="TestInfiniteDescriptors" storage="c:\src\nodejstools\buildoutput\release14.0\tests\jsanalysistests.dll" priority="0" id="aa09bef9-d308-ead8-bb08-4a8c84e7a92f">
      <Execution id="49677adf-f492-4e82-80f4-abea15882bd0" />
      <TestMethod codeBase="C:\src\nodejstools\BuildOutput\Release14.0\Tests\JSAnalysisTests.dll" adapterTypeName="Microsoft.VisualStudio.TestTools.TestTypes.Unit.UnitTestAdapter" className="AnalysisTests.SerializedAnalysisTests" name="TestInfiniteDescriptors" />
    </UnitTest>
    <UnitTest name="TestCopyDescriptor" storage="c:\src\nodejstools\buildoutput\release14.0\tests\jsanalysistests.dll" priority="0" id="841a2c36-7fe3-5354-3840-4b3cbc53ec76">
      <Execution id="afc8e0e6-730b-4ae7-97d7-fe8ba5646e50" />
      <TestMethod codeBase="C:\src\nodejstools\BuildOutput\Release14.0\Tests\JSAnalysisTests.dll" adapterTypeName="Microsoft.VisualStudio.TestTools.TestTypes.Unit.UnitTestAdapter" className="AnalysisTests.SerializedAnalysisTests" name="TestCopyDescriptor" />
    </UnitTest>
    <UnitTest name="FailingTestDefinePropertyLoop" storage="c:\src\nodejstools\buildoutput\release14.0\tests\jsanalysistests.dll" priority="0" id="15e86334-038f-db65-23a1-8e6f45f1a41b">
      <Execution id="e17ecbe8-2ebf-4732-b9b6-9020a0889c4d" />
      <TestMethod codeBase="C:\src\nodejstools\BuildOutput\Release14.0\Tests\JSAnalysisTests.dll" adapterTypeName="Microsoft.VisualStudio.TestTools.TestTypes.Unit.UnitTestAdapter" className="AnalysisTests.SerializedAnalysisTests" name="FailingTestDefinePropertyLoop" />
    </UnitTest>
    <UnitTest name="TestThisFlows" storage="c:\src\nodejstools\buildoutput\release14.0\tests\jsanalysistests.dll" priority="0" id="bdec2d6a-057e-96ef-61e6-0ddf915704be">
      <Execution id="90dcacdf-a8ca-4a11-a068-75c15db6d268" />
      <TestMethod codeBase="C:\src\nodejstools\BuildOutput\Release14.0\Tests\JSAnalysisTests.dll" adapterTypeName="Microsoft.VisualStudio.TestTools.TestTypes.Unit.UnitTestAdapter" className="AnalysisTests.SerializedAnalysisTests" name="TestThisFlows" />
    </UnitTest>
    <UnitTest name="TestThisFlows2" storage="c:\src\nodejstools\buildoutput\release14.0\tests\jsanalysistests.dll" priority="0" id="217fb7fc-fdc1-c3d0-b402-3a39f4a5fb85">
      <Execution id="05dccf39-fac2-4ae2-9807-2023bae6b2e9" />
      <TestMethod codeBase="C:\src\nodejstools\BuildOutput\Release14.0\Tests\JSAnalysisTests.dll" adapterTypeName="Microsoft.VisualStudio.TestTools.TestTypes.Unit.UnitTestAdapter" className="AnalysisTests.SerializedAnalysisTests" name="TestThisFlows2" />
    </UnitTest>
    <UnitTest name="TestThisPassedAndReturned" storage="c:\src\nodejstools\buildoutput\release14.0\tests\jsanalysistests.dll" priority="0" id="64f0e039-281b-fa7a-6d08-d9d132f47698">
      <Execution id="5ea9ba93-8894-438c-a4af-f195750749eb" />
      <TestMethod codeBase="C:\src\nodejstools\BuildOutput\Release14.0\Tests\JSAnalysisTests.dll" adapterTypeName="Microsoft.VisualStudio.TestTools.TestTypes.Unit.UnitTestAdapter" className="AnalysisTests.SerializedAnalysisTests" name="TestThisPassedAndReturned" />
    </UnitTest>
    <UnitTest name="Failing_TestThis" storage="c:\src\nodejstools\buildoutput\release14.0\tests\jsanalysistests.dll" priority="2" id="a040fb55-9949-0fe1-8511-4a3fdb3ef472">
      <Execution id="2699ff2b-490a-47d6-ac8e-40b3b863d1b2" />
      <TestMethod codeBase="C:\src\nodejstools\BuildOutput\Release14.0\Tests\JSAnalysisTests.dll" adapterTypeName="Microsoft.VisualStudio.TestTools.TestTypes.Unit.UnitTestAdapter" className="AnalysisTests.SerializedAnalysisTests" name="Failing_TestThis" />
    </UnitTest>
    <UnitTest name="TestPropertyGotoDef" storage="c:\src\nodejstools\buildoutput\release14.0\tests\jsanalysistests.dll" priority="0" id="4f68d97a-2cc6-9087-bc60-5cb630d46897">
      <Execution id="5791f8eb-b478-4cfc-877f-5fb2c333504c" />
      <TestMethod codeBase="C:\src\nodejstools\BuildOutput\Release14.0\Tests\JSAnalysisTests.dll" adapterTypeName="Microsoft.VisualStudio.TestTools.TestTypes.Unit.UnitTestAdapter" className="AnalysisTests.SerializedAnalysisTests" name="TestPropertyGotoDef" />
    </UnitTest>
    <UnitTest name="TestAttributeGotoDef" storage="c:\src\nodejstools\buildoutput\release14.0\tests\jsanalysistests.dll" priority="0" id="37210c58-6e62-d660-c249-310be3888bef">
      <Execution id="72222f4d-7e1b-447e-bb55-a7e806199ae5" />
      <TestMethod codeBase="C:\src\nodejstools\BuildOutput\Release14.0\Tests\JSAnalysisTests.dll" adapterTypeName="Microsoft.VisualStudio.TestTools.TestTypes.Unit.UnitTestAdapter" className="AnalysisTests.SerializedAnalysisTests" name="TestAttributeGotoDef" />
    </UnitTest>
    <UnitTest name="TestBuiltinRequireGotoDef" storage="c:\src\nodejstools\buildoutput\release14.0\tests\jsanalysistests.dll" priority="0" id="22394f02-1184-fd5d-6fa3-a5038814e818">
      <Execution id="81e9311a-40fa-4197-977d-736eb52ed595" />
      <TestMethod codeBase="C:\src\nodejstools\BuildOutput\Release14.0\Tests\JSAnalysisTests.dll" adapterTypeName="Microsoft.VisualStudio.TestTools.TestTypes.Unit.UnitTestAdapter" className="AnalysisTests.SerializedAnalysisTests" name="TestBuiltinRequireGotoDef" />
    </UnitTest>
    <UnitTest name="TestGlobals" storage="c:\src\nodejstools\buildoutput\release14.0\tests\jsanalysistests.dll" priority="0" id="ce9b4575-e930-a54f-4c8f-4ac0748135d1">
      <Execution id="3e96fb52-81a5-46ab-bca8-9f5a653505a7" />
      <TestMethod codeBase="C:\src\nodejstools\BuildOutput\Release14.0\Tests\JSAnalysisTests.dll" adapterTypeName="Microsoft.VisualStudio.TestTools.TestTypes.Unit.UnitTestAdapter" className="AnalysisTests.SerializedAnalysisTests" name="TestGlobals" />
    </UnitTest>
    <UnitTest name="TestDefinitiveAssignmentScoping" storage="c:\src\nodejstools\buildoutput\release14.0\tests\jsanalysistests.dll" priority="0" id="e0f0038d-2f23-99fc-ef48-9d4435e3bcc4">
      <Execution id="df5eddc8-10fa-46e9-93cd-69829061a29a" />
      <TestMethod codeBase="C:\src\nodejstools\BuildOutput\Release14.0\Tests\JSAnalysisTests.dll" adapterTypeName="Microsoft.VisualStudio.TestTools.TestTypes.Unit.UnitTestAdapter" className="AnalysisTests.SerializedAnalysisTests" name="TestDefinitiveAssignmentScoping" />
    </UnitTest>
    <UnitTest name="TestDefinitiveAssignmentScoping2" storage="c:\src\nodejstools\buildoutput\release14.0\tests\jsanalysistests.dll" priority="0" id="697148e1-9f6a-cc70-5601-546b0306d6e2">
      <Execution id="9f5269d2-c942-464b-92d5-b1599242d9fa" />
      <TestMethod codeBase="C:\src\nodejstools\BuildOutput\Release14.0\Tests\JSAnalysisTests.dll" adapterTypeName="Microsoft.VisualStudio.TestTools.TestTypes.Unit.UnitTestAdapter" className="AnalysisTests.SerializedAnalysisTests" name="TestDefinitiveAssignmentScoping2" />
    </UnitTest>
    <UnitTest name="TestSignatureHelp" storage="c:\src\nodejstools\buildoutput\release14.0\tests\jsanalysistests.dll" priority="0" id="1d03eea7-b352-aabe-1165-c41d56339e10">
      <Execution id="fd5aa40f-f9a6-49d9-b119-a6aba6052b8b" />
      <TestMethod codeBase="C:\src\nodejstools\BuildOutput\Release14.0\Tests\JSAnalysisTests.dll" adapterTypeName="Microsoft.VisualStudio.TestTools.TestTypes.Unit.UnitTestAdapter" className="AnalysisTests.SerializedAnalysisTests" name="TestSignatureHelp" />
    </UnitTest>
    <UnitTest name="TestJSDoc" storage="c:\src\nodejstools\buildoutput\release14.0\tests\jsanalysistests.dll" priority="0" id="ab0fbf8c-a78e-e4c1-5328-47345fadc5d0">
      <Execution id="00d761e3-984f-4f8d-a713-e6fc14f07c05" />
      <TestMethod codeBase="C:\src\nodejstools\BuildOutput\Release14.0\Tests\JSAnalysisTests.dll" adapterTypeName="Microsoft.VisualStudio.TestTools.TestTypes.Unit.UnitTestAdapter" className="AnalysisTests.SerializedAnalysisTests" name="TestJSDoc" />
    </UnitTest>
    <UnitTest name="TestStringMembers" storage="c:\src\nodejstools\buildoutput\release14.0\tests\jsanalysistests.dll" priority="0" id="f8b7a998-fb83-4e07-76f8-be1bb629de55">
      <Execution id="0769ca24-8585-450b-a6ab-637b2838cb87" />
      <TestMethod codeBase="C:\src\nodejstools\BuildOutput\Release14.0\Tests\JSAnalysisTests.dll" adapterTypeName="Microsoft.VisualStudio.TestTools.TestTypes.Unit.UnitTestAdapter" className="AnalysisTests.SerializedAnalysisTests" name="TestStringMembers" />
    </UnitTest>
    <UnitTest name="TestBadIndexes" storage="c:\src\nodejstools\buildoutput\release14.0\tests\jsanalysistests.dll" priority="0" id="bc42cf62-9e45-5f2c-2c08-c5f637308ed8">
      <Execution id="6bf19b25-0542-4c09-ae39-abc69d407994" />
      <TestMethod codeBase="C:\src\nodejstools\BuildOutput\Release14.0\Tests\JSAnalysisTests.dll" adapterTypeName="Microsoft.VisualStudio.TestTools.TestTypes.Unit.UnitTestAdapter" className="AnalysisTests.SerializedAnalysisTests" name="TestBadIndexes" />
    </UnitTest>
    <UnitTest name="TestDefinitiveAssignmentMerged" storage="c:\src\nodejstools\buildoutput\release14.0\tests\jsanalysistests.dll" priority="0" id="10a47e8f-bf62-fff6-8cae-389a1a8e7ca3">
      <Execution id="187d87f1-3b99-4012-a01f-8f3583642497" />
      <TestMethod codeBase="C:\src\nodejstools\BuildOutput\Release14.0\Tests\JSAnalysisTests.dll" adapterTypeName="Microsoft.VisualStudio.TestTools.TestTypes.Unit.UnitTestAdapter" className="AnalysisTests.SerializedAnalysisTests" name="TestDefinitiveAssignmentMerged" />
    </UnitTest>
    <UnitTest name="TestDefinitiveAssignment" storage="c:\src\nodejstools\buildoutput\release14.0\tests\jsanalysistests.dll" priority="0" id="11e2abd5-0534-c911-edcb-908c840e1651">
      <Execution id="30da4e4f-fb86-4185-a76d-087d3634865f" />
      <TestMethod codeBase="C:\src\nodejstools\BuildOutput\Release14.0\Tests\JSAnalysisTests.dll" adapterTypeName="Microsoft.VisualStudio.TestTools.TestTypes.Unit.UnitTestAdapter" className="AnalysisTests.SerializedAnalysisTests" name="TestDefinitiveAssignment" />
    </UnitTest>
    <UnitTest name="TestDefinitiveAssignmentNested" storage="c:\src\nodejstools\buildoutput\release14.0\tests\jsanalysistests.dll" priority="0" id="663f08d6-f428-0871-000b-06443ed19dde">
      <Execution id="6e35d643-7114-4c5c-951e-2b05b78c8702" />
      <TestMethod codeBase="C:\src\nodejstools\BuildOutput\Release14.0\Tests\JSAnalysisTests.dll" adapterTypeName="Microsoft.VisualStudio.TestTools.TestTypes.Unit.UnitTestAdapter" className="AnalysisTests.SerializedAnalysisTests" name="TestDefinitiveAssignmentNested" />
    </UnitTest>
    <UnitTest name="TestConstruct" storage="c:\src\nodejstools\buildoutput\release14.0\tests\jsanalysistests.dll" priority="0" id="26a2f0e3-48a3-c4f2-79f5-cc22eb1c3316">
      <Execution id="d1712ced-a06a-4153-889d-47dbef33210b" />
      <TestMethod codeBase="C:\src\nodejstools\BuildOutput\Release14.0\Tests\JSAnalysisTests.dll" adapterTypeName="Microsoft.VisualStudio.TestTools.TestTypes.Unit.UnitTestAdapter" className="AnalysisTests.SerializedAnalysisTests" name="TestConstruct" />
    </UnitTest>
    <UnitTest name="TestConstructReturnFunction" storage="c:\src\nodejstools\buildoutput\release14.0\tests\jsanalysistests.dll" priority="0" id="f4b99a4b-0e0a-f734-eb1e-23631533d4ad">
      <Execution id="f26ad3b3-02a9-44b1-aeba-171487b4b757" />
      <TestMethod codeBase="C:\src\nodejstools\BuildOutput\Release14.0\Tests\JSAnalysisTests.dll" adapterTypeName="Microsoft.VisualStudio.TestTools.TestTypes.Unit.UnitTestAdapter" className="AnalysisTests.SerializedAnalysisTests" name="TestConstructReturnFunction" />
    </UnitTest>
    <UnitTest name="TestExports" storage="c:\src\nodejstools\buildoutput\release14.0\tests\jsanalysistests.dll" priority="0" id="cd8bf215-8e1d-ca22-3398-762b8bd8e40b">
      <Execution id="6a7f9d1f-bbeb-4505-b7d7-0d89c2607776" />
      <TestMethod codeBase="C:\src\nodejstools\BuildOutput\Release14.0\Tests\JSAnalysisTests.dll" adapterTypeName="Microsoft.VisualStudio.TestTools.TestTypes.Unit.UnitTestAdapter" className="AnalysisTests.SerializedAnalysisTests" name="TestExports" />
    </UnitTest>
    <UnitTest name="TestAccessorDescriptor" storage="c:\src\nodejstools\buildoutput\release14.0\tests\jsanalysistests.dll" priority="0" id="4ded5afd-aa24-0725-71bb-421e7037f398">
      <Execution id="77167798-4412-4c30-8a84-0149c7d6ac07" />
      <TestMethod codeBase="C:\src\nodejstools\BuildOutput\Release14.0\Tests\JSAnalysisTests.dll" adapterTypeName="Microsoft.VisualStudio.TestTools.TestTypes.Unit.UnitTestAdapter" className="AnalysisTests.SerializedAnalysisTests" name="TestAccessorDescriptor" />
    </UnitTest>
    <UnitTest name="TestDefineProperties" storage="c:\src\nodejstools\buildoutput\release14.0\tests\jsanalysistests.dll" priority="0" id="6e98a4cc-16fd-e97f-f754-b6d15d6cef30">
      <Execution id="e4a85a39-5d92-411c-bc8b-a776a3e06bb9" />
      <TestMethod codeBase="C:\src\nodejstools\BuildOutput\Release14.0\Tests\JSAnalysisTests.dll" adapterTypeName="Microsoft.VisualStudio.TestTools.TestTypes.Unit.UnitTestAdapter" className="AnalysisTests.SerializedAnalysisTests" name="TestDefineProperties" />
    </UnitTest>
    <UnitTest name="TestDefinePropertiesDependencies" storage="c:\src\nodejstools\buildoutput\release14.0\tests\jsanalysistests.dll" priority="0" id="3afdf5d3-4a44-18ec-3a6a-82456d0c8a5d">
      <Execution id="1d54d0b3-165a-4976-8d5f-69bf3e9bbcd5" />
      <TestMethod codeBase="C:\src\nodejstools\BuildOutput\Release14.0\Tests\JSAnalysisTests.dll" adapterTypeName="Microsoft.VisualStudio.TestTools.TestTypes.Unit.UnitTestAdapter" className="AnalysisTests.SerializedAnalysisTests" name="TestDefinePropertiesDependencies" />
    </UnitTest>
    <UnitTest name="TestFunctionExpression" storage="c:\src\nodejstools\buildoutput\release14.0\tests\jsanalysistests.dll" priority="0" id="7f8142ae-21ca-bd2a-be95-c26d74599fd8">
      <Execution id="f9fe661d-aa4b-4868-bde3-87514fe909f5" />
      <TestMethod codeBase="C:\src\nodejstools\BuildOutput\Release14.0\Tests\JSAnalysisTests.dll" adapterTypeName="Microsoft.VisualStudio.TestTools.TestTypes.Unit.UnitTestAdapter" className="AnalysisTests.SerializedAnalysisTests" name="TestFunctionExpression" />
    </UnitTest>
    <UnitTest name="TestGlobal" storage="c:\src\nodejstools\buildoutput\release14.0\tests\jsanalysistests.dll" priority="0" id="fcde8083-e1f0-ed29-76bb-3d7c7242f18a">
      <Execution id="76fcef51-75cc-487e-b9e4-61a7c28bb69d" />
      <TestMethod codeBase="C:\src\nodejstools\BuildOutput\Release14.0\Tests\JSAnalysisTests.dll" adapterTypeName="Microsoft.VisualStudio.TestTools.TestTypes.Unit.UnitTestAdapter" className="AnalysisTests.SerializedAnalysisTests" name="TestGlobal" />
    </UnitTest>
    <UnitTest name="TestNumberFunction" storage="c:\src\nodejstools\buildoutput\release14.0\tests\jsanalysistests.dll" priority="0" id="2588d55a-4ed1-00e5-f06c-1392e96d9957">
      <Execution id="d2a9883b-2904-42ab-91d0-0369c74a0ee0" />
      <TestMethod codeBase="C:\src\nodejstools\BuildOutput\Release14.0\Tests\JSAnalysisTests.dll" adapterTypeName="Microsoft.VisualStudio.TestTools.TestTypes.Unit.UnitTestAdapter" className="AnalysisTests.SerializedAnalysisTests" name="TestNumberFunction" />
    </UnitTest>
    <UnitTest name="TestSimpleClosure" storage="c:\src\nodejstools\buildoutput\release14.0\tests\jsanalysistests.dll" priority="0" id="0a843ada-a3b7-d37d-4c0b-83fd933d6d63">
      <Execution id="bd1935e2-408b-4179-b880-a459b1b6bffa" />
      <TestMethod codeBase="C:\src\nodejstools\BuildOutput\Release14.0\Tests\JSAnalysisTests.dll" adapterTypeName="Microsoft.VisualStudio.TestTools.TestTypes.Unit.UnitTestAdapter" className="AnalysisTests.SerializedAnalysisTests" name="TestSimpleClosure" />
    </UnitTest>
    <UnitTest name="TestNumber" storage="c:\src\nodejstools\buildoutput\release14.0\tests\jsanalysistests.dll" priority="0" id="0ac3c6cb-3a41-61bc-c48a-e91123dca566">
      <Execution id="1f6774e2-75f6-49cd-b18a-9b667d446aec" />
      <TestMethod codeBase="C:\src\nodejstools\BuildOutput\Release14.0\Tests\JSAnalysisTests.dll" adapterTypeName="Microsoft.VisualStudio.TestTools.TestTypes.Unit.UnitTestAdapter" className="AnalysisTests.SerializedAnalysisTests" name="TestNumber" />
    </UnitTest>
    <UnitTest name="TestVariableLookup" storage="c:\src\nodejstools\buildoutput\release14.0\tests\jsanalysistests.dll" priority="0" id="42264ab4-17dd-11b2-49a0-25caa6511b44">
      <Execution id="05397776-4dd3-41f0-8541-d733c64b0929" />
      <TestMethod codeBase="C:\src\nodejstools\BuildOutput\Release14.0\Tests\JSAnalysisTests.dll" adapterTypeName="Microsoft.VisualStudio.TestTools.TestTypes.Unit.UnitTestAdapter" className="AnalysisTests.SerializedAnalysisTests" name="TestVariableLookup" />
    </UnitTest>
    <UnitTest name="TestVariableDeclaration" storage="c:\src\nodejstools\buildoutput\release14.0\tests\jsanalysistests.dll" priority="0" id="3d0f105c-4417-f6a6-a65a-7db5ba350b36">
      <Execution id="c0114010-b2c6-4a08-874f-bd06ed9e9cad" />
      <TestMethod codeBase="C:\src\nodejstools\BuildOutput\Release14.0\Tests\JSAnalysisTests.dll" adapterTypeName="Microsoft.VisualStudio.TestTools.TestTypes.Unit.UnitTestAdapter" className="AnalysisTests.SerializedAnalysisTests" name="TestVariableDeclaration" />
    </UnitTest>
    <UnitTest name="TestStringLiteral" storage="c:\src\nodejstools\buildoutput\release14.0\tests\jsanalysistests.dll" priority="0" id="bf801bf4-97dc-ff4f-5777-fb98d160ecb1">
      <Execution id="d0e428ed-8a22-4868-a76a-e8f3a2115180" />
      <TestMethod codeBase="C:\src\nodejstools\BuildOutput\Release14.0\Tests\JSAnalysisTests.dll" adapterTypeName="Microsoft.VisualStudio.TestTools.TestTypes.Unit.UnitTestAdapter" className="AnalysisTests.SerializedAnalysisTests" name="TestStringLiteral" />
    </UnitTest>
    <UnitTest name="TestArrayLiteral" storage="c:\src\nodejstools\buildoutput\release14.0\tests\jsanalysistests.dll" priority="0" id="c964b7dd-8936-743d-f7fe-fa74987ce852">
      <Execution id="18629de7-384e-43ec-ba89-b03dc499dff4" />
      <TestMethod codeBase="C:\src\nodejstools\BuildOutput\Release14.0\Tests\JSAnalysisTests.dll" adapterTypeName="Microsoft.VisualStudio.TestTools.TestTypes.Unit.UnitTestAdapter" className="AnalysisTests.SerializedAnalysisTests" name="TestArrayLiteral" />
    </UnitTest>
    <UnitTest name="TestTrueFalse" storage="c:\src\nodejstools\buildoutput\release14.0\tests\jsanalysistests.dll" priority="0" id="09a30f2a-b67d-ee7f-3e26-3052cae45c92">
      <Execution id="a79469f1-b685-46c5-a947-93ac2af21613" />
      <TestMethod codeBase="C:\src\nodejstools\BuildOutput\Release14.0\Tests\JSAnalysisTests.dll" adapterTypeName="Microsoft.VisualStudio.TestTools.TestTypes.Unit.UnitTestAdapter" className="AnalysisTests.SerializedAnalysisTests" name="TestTrueFalse" />
    </UnitTest>
    <UnitTest name="TestSpecializedExtend" storage="c:\src\nodejstools\buildoutput\release14.0\tests\jsanalysistests.dll" priority="0" id="db74b12e-c1b4-76cf-e02b-af099a30335c">
      <Execution id="9050d482-a788-42b0-b62b-bf4844316813" />
      <TestMethod codeBase="C:\src\nodejstools\BuildOutput\Release14.0\Tests\JSAnalysisTests.dll" adapterTypeName="Microsoft.VisualStudio.TestTools.TestTypes.Unit.UnitTestAdapter" className="AnalysisTests.SerializedAnalysisTests" name="TestSpecializedExtend" />
    </UnitTest>
    <UnitTest name="TestBackboneExtend" storage="c:\src\nodejstools\buildoutput\release14.0\tests\jsanalysistests.dll" priority="0" id="c60cc98d-f339-1c5b-e7b3-38b165b42c6f">
      <Execution id="fe228d2f-c913-42c4-98ab-61cff7457037" />
      <TestMethod codeBase="C:\src\nodejstools\BuildOutput\Release14.0\Tests\JSAnalysisTests.dll" adapterTypeName="Microsoft.VisualStudio.TestTools.TestTypes.Unit.UnitTestAdapter" className="AnalysisTests.SerializedAnalysisTests" name="TestBackboneExtend" />
    </UnitTest>
    <UnitTest name="TestLodashAssign" storage="c:\src\nodejstools\buildoutput\release14.0\tests\jsanalysistests.dll" priority="0" id="e3b88f82-e935-e502-8875-1e25909b9a65">
      <Execution id="1d93d962-65ae-40c2-9f4f-e0b60a020ef5" />
      <TestMethod codeBase="C:\src\nodejstools\BuildOutput\Release14.0\Tests\JSAnalysisTests.dll" adapterTypeName="Microsoft.VisualStudio.TestTools.TestTypes.Unit.UnitTestAdapter" className="AnalysisTests.SerializedAnalysisTests" name="TestLodashAssign" />
    </UnitTest>
    <UnitTest name="TestObjectKeys" storage="c:\src\nodejstools\buildoutput\release14.0\tests\jsanalysistests.dll" priority="0" id="4b9b0c43-9719-feac-33fa-715bef7a95d8">
      <Execution id="9e72f0ab-c8ee-403c-9bc5-cdd4a8a84476" />
      <TestMethod codeBase="C:\src\nodejstools\BuildOutput\Release14.0\Tests\JSAnalysisTests.dll" adapterTypeName="Microsoft.VisualStudio.TestTools.TestTypes.Unit.UnitTestAdapter" className="AnalysisTests.SerializedAnalysisTests" name="TestObjectKeys" />
    </UnitTest>
    <UnitTest name="TestObjectLiteral" storage="c:\src\nodejstools\buildoutput\release14.0\tests\jsanalysistests.dll" priority="0" id="40d01c18-ceb4-fb2a-45df-76523091818e">
      <Execution id="18893e3d-3ce1-4aa8-b592-8e3091e2bb7b" />
      <TestMethod codeBase="C:\src\nodejstools\BuildOutput\Release14.0\Tests\JSAnalysisTests.dll" adapterTypeName="Microsoft.VisualStudio.TestTools.TestTypes.Unit.UnitTestAdapter" className="AnalysisTests.SerializedAnalysisTests" name="TestObjectLiteral" />
    </UnitTest>
    <UnitTest name="TestConstructor" storage="c:\src\nodejstools\buildoutput\release14.0\tests\jsanalysistests.dll" priority="1" id="329b8bfa-012c-f23c-36f9-5d2e24b55640">
      <Execution id="ced8d473-76c7-4d2d-b05f-a1391f572997" />
      <TestMethod codeBase="C:\src\nodejstools\BuildOutput\Release14.0\Tests\JSAnalysisTests.dll" adapterTypeName="Microsoft.VisualStudio.TestTools.TestTypes.Unit.UnitTestAdapter" className="AnalysisTests.SerializedAnalysisTests" name="TestConstructor" />
    </UnitTest>
    <UnitTest name="TestForInLoop" storage="c:\src\nodejstools\buildoutput\release14.0\tests\jsanalysistests.dll" priority="2" id="1ae1ddf9-5609-2980-978f-153f492b1628">
      <Execution id="93646e54-32ef-4daa-994a-e798efa18401" />
      <TestMethod codeBase="C:\src\nodejstools\BuildOutput\Release14.0\Tests\JSAnalysisTests.dll" adapterTypeName="Microsoft.VisualStudio.TestTools.TestTypes.Unit.UnitTestAdapter" className="AnalysisTests.SerializedAnalysisTests" name="TestForInLoop" />
    </UnitTest>
    <UnitTest name="FailingTestForInLoop2" storage="c:\src\nodejstools\buildoutput\release14.0\tests\jsanalysistests.dll" priority="2" id="fe4adc9d-9372-b622-d6e5-88b6edf16490">
      <Execution id="b5a5bbc9-af08-4efa-8d7e-3c3296134120" />
      <TestMethod codeBase="C:\src\nodejstools\BuildOutput\Release14.0\Tests\JSAnalysisTests.dll" adapterTypeName="Microsoft.VisualStudio.TestTools.TestTypes.Unit.UnitTestAdapter" className="AnalysisTests.SerializedAnalysisTests" name="FailingTestForInLoop2" />
    </UnitTest>
    <UnitTest name="TestFunctionCreation" storage="c:\src\nodejstools\buildoutput\release14.0\tests\jsanalysistests.dll" priority="0" id="6df6148c-768c-d151-617a-692ff45f499e">
      <Execution id="ce2f25e9-9d82-4582-a5ab-da5e41f9f9c2" />
      <TestMethod codeBase="C:\src\nodejstools\BuildOutput\Release14.0\Tests\JSAnalysisTests.dll" adapterTypeName="Microsoft.VisualStudio.TestTools.TestTypes.Unit.UnitTestAdapter" className="AnalysisTests.SerializedAnalysisTests" name="TestFunctionCreation" />
    </UnitTest>
    <UnitTest name="TestPrototypeNoMerge" storage="c:\src\nodejstools\buildoutput\release14.0\tests\jsanalysistests.dll" priority="0" id="5eb0bf34-7a71-e6db-0ca3-eefeafd4ec15">
      <Execution id="b0d0da4e-db8d-494c-8787-5f44ec28bb66" />
      <TestMethod codeBase="C:\src\nodejstools\BuildOutput\Release14.0\Tests\JSAnalysisTests.dll" adapterTypeName="Microsoft.VisualStudio.TestTools.TestTypes.Unit.UnitTestAdapter" className="AnalysisTests.SerializedAnalysisTests" name="TestPrototypeNoMerge" />
    </UnitTest>
    <UnitTest name="TestRecursiveForEach" storage="c:\src\nodejstools\buildoutput\release14.0\tests\jsanalysistests.dll" priority="0" id="c9b909d6-5ea1-1a66-81c1-21c60429455c">
      <Execution id="db2d246f-3235-4948-9001-2ec153a222ad" />
      <TestMethod codeBase="C:\src\nodejstools\BuildOutput\Release14.0\Tests\JSAnalysisTests.dll" adapterTypeName="Microsoft.VisualStudio.TestTools.TestTypes.Unit.UnitTestAdapter" className="AnalysisTests.SerializedAnalysisTests" name="TestRecursiveForEach" />
    </UnitTest>
    <UnitTest name="TestNewArrayUnique" storage="c:\src\nodejstools\buildoutput\release14.0\tests\jsanalysistests.dll" priority="0" id="66edb23f-88bf-ccd9-099e-fcf17179eb30">
      <Execution id="aaca2615-852e-44e7-8d90-4d15c8f35417" />
      <TestMethod codeBase="C:\src\nodejstools\BuildOutput\Release14.0\Tests\JSAnalysisTests.dll" adapterTypeName="Microsoft.VisualStudio.TestTools.TestTypes.Unit.UnitTestAdapter" className="AnalysisTests.SerializedAnalysisTests" name="TestNewArrayUnique" />
    </UnitTest>
    <UnitTest name="TestNewObjectUnique" storage="c:\src\nodejstools\buildoutput\release14.0\tests\jsanalysistests.dll" priority="0" id="be6fa0be-d3e1-480c-be90-801ff67b159d">
      <Execution id="b6e86298-3ba2-41d0-804f-2ef2a12d0038" />
      <TestMethod codeBase="C:\src\nodejstools\BuildOutput\Release14.0\Tests\JSAnalysisTests.dll" adapterTypeName="Microsoft.VisualStudio.TestTools.TestTypes.Unit.UnitTestAdapter" className="AnalysisTests.SerializedAnalysisTests" name="TestNewObjectUnique" />
    </UnitTest>
    <UnitTest name="TestObjectInstanceNoPrototype" storage="c:\src\nodejstools\buildoutput\release14.0\tests\jsanalysistests.dll" priority="0" id="47f11de9-912a-771a-e508-3881c1a73005">
      <Execution id="13bf06ac-b232-4955-ad3a-85e6be2d924e" />
      <TestMethod codeBase="C:\src\nodejstools\BuildOutput\Release14.0\Tests\JSAnalysisTests.dll" adapterTypeName="Microsoft.VisualStudio.TestTools.TestTypes.Unit.UnitTestAdapter" className="AnalysisTests.SerializedAnalysisTests" name="TestObjectInstanceNoPrototype" />
    </UnitTest>
    <UnitTest name="TestKeysSpecialization" storage="c:\src\nodejstools\buildoutput\release14.0\tests\jsanalysistests.dll" priority="0" id="fafd40ea-b8cb-caf7-df40-634a25253d89">
      <Execution id="2618294d-1161-4475-9a18-3f552f2e8361" />
      <TestMethod codeBase="C:\src\nodejstools\BuildOutput\Release14.0\Tests\JSAnalysisTests.dll" adapterTypeName="Microsoft.VisualStudio.TestTools.TestTypes.Unit.UnitTestAdapter" className="AnalysisTests.SerializedAnalysisTests" name="TestKeysSpecialization" />
    </UnitTest>
    <UnitTest name="TestMergeSpecialization" storage="c:\src\nodejstools\buildoutput\release14.0\tests\jsanalysistests.dll" priority="0" id="8f8a472c-0af6-ff36-0884-034c9364c8f8">
      <Execution id="49c708d4-0c6a-4874-aba2-3235cd9ef5e0" />
      <TestMethod codeBase="C:\src\nodejstools\BuildOutput\Release14.0\Tests\JSAnalysisTests.dll" adapterTypeName="Microsoft.VisualStudio.TestTools.TestTypes.Unit.UnitTestAdapter" className="AnalysisTests.SerializedAnalysisTests" name="TestMergeSpecialization" />
    </UnitTest>
    <UnitTest name="TestMergeDescriptorsSpecialization" storage="c:\src\nodejstools\buildoutput\release14.0\tests\jsanalysistests.dll" priority="0" id="c125c34f-9865-0fb6-3e98-43182dccd779">
      <Execution id="cff69ce0-eb0d-4d93-8eae-5249ea411dc4" />
      <TestMethod codeBase="C:\src\nodejstools\BuildOutput\Release14.0\Tests\JSAnalysisTests.dll" adapterTypeName="Microsoft.VisualStudio.TestTools.TestTypes.Unit.UnitTestAdapter" className="AnalysisTests.SerializedAnalysisTests" name="TestMergeDescriptorsSpecialization" />
    </UnitTest>
    <UnitTest name="TestToObjectSpecialization" storage="c:\src\nodejstools\buildoutput\release14.0\tests\jsanalysistests.dll" priority="0" id="02f0abdb-7e7c-bfa4-2999-125f8bd22c20">
      <Execution id="e04baef1-70c4-4b9c-8a76-957ada13bd7b" />
      <TestMethod codeBase="C:\src\nodejstools\BuildOutput\Release14.0\Tests\JSAnalysisTests.dll" adapterTypeName="Microsoft.VisualStudio.TestTools.TestTypes.Unit.UnitTestAdapter" className="AnalysisTests.SerializedAnalysisTests" name="TestToObjectSpecialization" />
    </UnitTest>
    <UnitTest name="TestMergeSpecialization2" storage="c:\src\nodejstools\buildoutput\release14.0\tests\jsanalysistests.dll" priority="0" id="0c546a93-3088-659a-5c6b-7cba60dc6ea3">
      <Execution id="474d88ef-0825-4364-aad5-c76720defb29" />
      <TestMethod codeBase="C:\src\nodejstools\BuildOutput\Release14.0\Tests\JSAnalysisTests.dll" adapterTypeName="Microsoft.VisualStudio.TestTools.TestTypes.Unit.UnitTestAdapter" className="AnalysisTests.SerializedAnalysisTests" name="TestMergeSpecialization2" />
    </UnitTest>
    <UnitTest name="TestMergeCloneSpecialization2" storage="c:\src\nodejstools\buildoutput\release14.0\tests\jsanalysistests.dll" priority="0" id="9e6893bf-e9e3-cad2-f9ee-3f3d1aab43f2">
      <Execution id="6d1e25c2-3318-412b-8feb-8258adc0b0a8" />
      <TestMethod codeBase="C:\src\nodejstools\BuildOutput\Release14.0\Tests\JSAnalysisTests.dll" adapterTypeName="Microsoft.VisualStudio.TestTools.TestTypes.Unit.UnitTestAdapter" className="AnalysisTests.SerializedAnalysisTests" name="TestMergeCloneSpecialization2" />
    </UnitTest>
    <UnitTest name="TestCloneSpecialization" storage="c:\src\nodejstools\buildoutput\release14.0\tests\jsanalysistests.dll" priority="0" id="5dddee6c-e243-7641-d37b-0160243f5272">
      <Execution id="5e30cd04-1a77-4d30-af57-5a2a3422ce95" />
      <TestMethod codeBase="C:\src\nodejstools\BuildOutput\Release14.0\Tests\JSAnalysisTests.dll" adapterTypeName="Microsoft.VisualStudio.TestTools.TestTypes.Unit.UnitTestAdapter" className="AnalysisTests.SerializedAnalysisTests" name="TestCloneSpecialization" />
    </UnitTest>
    <UnitTest name="TestWrapFunctionSpecialization" storage="c:\src\nodejstools\buildoutput\release14.0\tests\jsanalysistests.dll" priority="0" id="aba185a1-a717-d1a2-381d-b5033dbd364d">
      <Execution id="b274cdde-8176-4cc8-a1c4-106ad8255c49" />
      <TestMethod codeBase="C:\src\nodejstools\BuildOutput\Release14.0\Tests\JSAnalysisTests.dll" adapterTypeName="Microsoft.VisualStudio.TestTools.TestTypes.Unit.UnitTestAdapter" className="AnalysisTests.SerializedAnalysisTests" name="TestWrapFunctionSpecialization" />
    </UnitTest>
    <UnitTest name="TestStringCasing" storage="c:\src\nodejstools\buildoutput\release14.0\tests\jsanalysistests.dll" priority="0" id="c2c27e7d-403c-d8fa-0e25-38f30bc0be09">
      <Execution id="6e44ba3b-0b2b-4848-b8ee-2b106550567d" />
      <TestMethod codeBase="C:\src\nodejstools\BuildOutput\Release14.0\Tests\JSAnalysisTests.dll" adapterTypeName="Microsoft.VisualStudio.TestTools.TestTypes.Unit.UnitTestAdapter" className="AnalysisTests.SerializedAnalysisTests" name="TestStringCasing" />
    </UnitTest>
    <UnitTest name="TestBuiltinFunctionDocumentation" storage="c:\src\nodejstools\buildoutput\release14.0\tests\jsanalysistests.dll" priority="0" id="dd4d2c4c-9941-f4d8-ec1e-05ac56014322">
      <Execution id="bdcc3fee-4d97-432d-a085-4f28f5ca7bfb" />
      <TestMethod codeBase="C:\src\nodejstools\BuildOutput\Release14.0\Tests\JSAnalysisTests.dll" adapterTypeName="Microsoft.VisualStudio.TestTools.TestTypes.Unit.UnitTestAdapter" className="AnalysisTests.SerializedAnalysisTests" name="TestBuiltinFunctionDocumentation" />
    </UnitTest>
    <UnitTest name="TestImmutableObjects" storage="c:\src\nodejstools\buildoutput\release14.0\tests\jsanalysistests.dll" priority="0" id="2043b7c1-b34f-9194-33f2-ba3146a183fc">
      <Execution id="9294926a-441b-4e4a-b4b5-c61f335ace9c" />
      <TestMethod codeBase="C:\src\nodejstools\BuildOutput\Release14.0\Tests\JSAnalysisTests.dll" adapterTypeName="Microsoft.VisualStudio.TestTools.TestTypes.Unit.UnitTestAdapter" className="AnalysisTests.SerializedAnalysisTests" name="TestImmutableObjects" />
    </UnitTest>
    <UnitTest name="TestNodejsCallbacks" storage="c:\src\nodejstools\buildoutput\release14.0\tests\jsanalysistests.dll" priority="0" id="4fd7f23a-5ab2-a33d-076e-0645c1f24790">
      <Execution id="919f0170-ffec-44a6-b37e-06305408486f" />
      <TestMethod codeBase="C:\src\nodejstools\BuildOutput\Release14.0\Tests\JSAnalysisTests.dll" adapterTypeName="Microsoft.VisualStudio.TestTools.TestTypes.Unit.UnitTestAdapter" className="AnalysisTests.SerializedAnalysisTests" name="TestNodejsCallbacks" />
    </UnitTest>
    <UnitTest name="TestNodejsSpecializations" storage="c:\src\nodejstools\buildoutput\release14.0\tests\jsanalysistests.dll" priority="0" id="ac898324-a46c-ecb7-7c94-f29be77baf41">
      <Execution id="d5e16b1c-2436-4883-9ce9-0ac5144f8176" />
      <TestMethod codeBase="C:\src\nodejstools\BuildOutput\Release14.0\Tests\JSAnalysisTests.dll" adapterTypeName="Microsoft.VisualStudio.TestTools.TestTypes.Unit.UnitTestAdapter" className="AnalysisTests.SerializedAnalysisTests" name="TestNodejsSpecializations" />
    </UnitTest>
    <UnitTest name="DirectedTests" storage="c:\src\nodejstools\buildoutput\release14.0\tests\jsanalysistests.dll" priority="0" id="562ac2c9-6fb2-7f1d-fada-ebc702ebdef3">
      <Execution id="44dd81f1-b2fb-4e6d-a4bf-79759206cd90" />
      <TestMethod codeBase="C:\src\nodejstools\BuildOutput\Release14.0\Tests\JSAnalysisTests.dll" adapterTypeName="Microsoft.VisualStudio.TestTools.TestTypes.Unit.UnitTestAdapter" className="AnalysisTests.VisibilityTests" name="DirectedTests" />
    </UnitTest>
    <UnitTest name="TestVisible" storage="c:\src\nodejstools\buildoutput\release14.0\tests\jsanalysistests.dll" priority="0" id="8b9808c9-d352-3fbc-d4f4-672d7454ffbf">
      <Execution id="23c4c7f9-655a-4bc4-b0e5-bf66b9c5060b" />
      <TestMethod codeBase="C:\src\nodejstools\BuildOutput\Release14.0\Tests\JSAnalysisTests.dll" adapterTypeName="Microsoft.VisualStudio.TestTools.TestTypes.Unit.UnitTestAdapter" className="AnalysisTests.VisibilityTests" name="TestVisible" />
    </UnitTest>
    <UnitTest name="TestBasic" storage="c:\src\nodejstools\buildoutput\release14.0\tests\jsanalysistests.dll" priority="0" id="6d9f5037-fa38-0b3c-7890-81cdd0d8bc3a">
      <Execution id="675ebb7a-c016-44e7-a322-43abc5a7a8a1" />
      <TestMethod codeBase="C:\src\nodejstools\BuildOutput\Release14.0\Tests\JSAnalysisTests.dll" adapterTypeName="Microsoft.VisualStudio.TestTools.TestTypes.Unit.UnitTestAdapter" className="NodejsTests.AnalysisDictionaryTests" name="TestBasic" />
    </UnitTest>
    <UnitTest name="TestAddExisting" storage="c:\src\nodejstools\buildoutput\release14.0\tests\jsanalysistests.dll" priority="0" id="fd5146db-5deb-22ea-6c9b-a100cb3e6646">
      <Execution id="37c7ecda-cc8f-4b97-8821-4c997182d41d" />
      <TestMethod codeBase="C:\src\nodejstools\BuildOutput\Release14.0\Tests\JSAnalysisTests.dll" adapterTypeName="Microsoft.VisualStudio.TestTools.TestTypes.Unit.UnitTestAdapter" className="NodejsTests.AnalysisDictionaryTests" name="TestAddExisting" />
    </UnitTest>
    <UnitTest name="TestGrowth" storage="c:\src\nodejstools\buildoutput\release14.0\tests\jsanalysistests.dll" priority="0" id="460c44e7-83c6-5926-d5ea-73e55df5a3df">
      <Execution id="846a0d8e-9079-42bc-b4b7-e60e7122035d" />
      <TestMethod codeBase="C:\src\nodejstools\BuildOutput\Release14.0\Tests\JSAnalysisTests.dll" adapterTypeName="Microsoft.VisualStudio.TestTools.TestTypes.Unit.UnitTestAdapter" className="NodejsTests.AnalysisDictionaryTests" name="TestGrowth" />
    </UnitTest>
    <UnitTest name="TestReplaceExisting" storage="c:\src\nodejstools\buildoutput\release14.0\tests\jsanalysistests.dll" priority="0" id="c7b0b799-c8d2-9664-c8c2-5ec1950cceb7">
      <Execution id="8f079cba-5e6d-4472-ad73-0359959b1e36" />
      <TestMethod codeBase="C:\src\nodejstools\BuildOutput\Release14.0\Tests\JSAnalysisTests.dll" adapterTypeName="Microsoft.VisualStudio.TestTools.TestTypes.Unit.UnitTestAdapter" className="NodejsTests.AnalysisDictionaryTests" name="TestReplaceExisting" />
    </UnitTest>
    <UnitTest name="TestRemoveExisting" storage="c:\src\nodejstools\buildoutput\release14.0\tests\jsanalysistests.dll" priority="0" id="594bd107-426f-410b-b0d2-4a5da17a0b65">
      <Execution id="460ddd10-c1c8-4991-81d3-00d65d76725a" />
      <TestMethod codeBase="C:\src\nodejstools\BuildOutput\Release14.0\Tests\JSAnalysisTests.dll" adapterTypeName="Microsoft.VisualStudio.TestTools.TestTypes.Unit.UnitTestAdapter" className="NodejsTests.AnalysisDictionaryTests" name="TestRemoveExisting" />
    </UnitTest>
    <UnitTest name="TestNull" storage="c:\src\nodejstools\buildoutput\release14.0\tests\jsanalysistests.dll" priority="0" id="1e15bedd-6e83-bdb4-9d7e-79c93326b1d6">
      <Execution id="efd317a2-6f77-4ffc-bd0f-79e6c3e397b8" />
      <TestMethod codeBase="C:\src\nodejstools\BuildOutput\Release14.0\Tests\JSAnalysisTests.dll" adapterTypeName="Microsoft.VisualStudio.TestTools.TestTypes.Unit.UnitTestAdapter" className="NodejsTests.AnalysisDictionaryTests" name="TestNull" />
    </UnitTest>
    <UnitTest name="TestAddRemoveAdd" storage="c:\src\nodejstools\buildoutput\release14.0\tests\jsanalysistests.dll" priority="0" id="af7ad1b9-eb5d-b422-f000-ea5590c99af9">
      <Execution id="6b87fe03-f4be-4fc6-a622-80cc8caaeb68" />
      <TestMethod codeBase="C:\src\nodejstools\BuildOutput\Release14.0\Tests\JSAnalysisTests.dll" adapterTypeName="Microsoft.VisualStudio.TestTools.TestTypes.Unit.UnitTestAdapter" className="NodejsTests.AnalysisDictionaryTests" name="TestAddRemoveAdd" />
    </UnitTest>
    <UnitTest name="TestCollision" storage="c:\src\nodejstools\buildoutput\release14.0\tests\jsanalysistests.dll" priority="0" id="123eec87-e2d1-bb88-d15b-c14e8656a979">
      <Execution id="474e4f32-319d-4168-88bf-5f3ef46f58ae" />
      <TestMethod codeBase="C:\src\nodejstools\BuildOutput\Release14.0\Tests\JSAnalysisTests.dll" adapterTypeName="Microsoft.VisualStudio.TestTools.TestTypes.Unit.UnitTestAdapter" className="NodejsTests.AnalysisDictionaryTests" name="TestCollision" />
    </UnitTest>
    <UnitTest name="TestComparer" storage="c:\src\nodejstools\buildoutput\release14.0\tests\jsanalysistests.dll" priority="0" id="2c10f606-8073-1280-0c71-4bacf0206565">
      <Execution id="6d9adaa2-6b46-4cdc-9169-8d03fca9937a" />
      <TestMethod codeBase="C:\src\nodejstools\BuildOutput\Release14.0\Tests\JSAnalysisTests.dll" adapterTypeName="Microsoft.VisualStudio.TestTools.TestTypes.Unit.UnitTestAdapter" className="NodejsTests.AnalysisDictionaryTests" name="TestComparer" />
    </UnitTest>
    <UnitTest name="TestEnumeration" storage="c:\src\nodejstools\buildoutput\release14.0\tests\jsanalysistests.dll" priority="0" id="08fa86bf-49d4-f724-9acb-3c5986460345">
      <Execution id="6c606f04-398f-42b1-ae7d-12e3379eb83f" />
      <TestMethod codeBase="C:\src\nodejstools\BuildOutput\Release14.0\Tests\JSAnalysisTests.dll" adapterTypeName="Microsoft.VisualStudio.TestTools.TestTypes.Unit.UnitTestAdapter" className="NodejsTests.AnalysisDictionaryTests" name="TestEnumeration" />
    </UnitTest>
    <UnitTest name="TestClear" storage="c:\src\nodejstools\buildoutput\release14.0\tests\jsanalysistests.dll" priority="0" id="7297ecd5-e6cf-b5ca-5035-0ca0355b9510">
      <Execution id="3d802f9b-22f4-44fc-b5b5-07cc0bbb1e61" />
      <TestMethod codeBase="C:\src\nodejstools\BuildOutput\Release14.0\Tests\JSAnalysisTests.dll" adapterTypeName="Microsoft.VisualStudio.TestTools.TestTypes.Unit.UnitTestAdapter" className="NodejsTests.AnalysisDictionaryTests" name="TestClear" />
    </UnitTest>
    <UnitTest name="TestThreadedReaderUpdatedValue" storage="c:\src\nodejstools\buildoutput\release14.0\tests\jsanalysistests.dll" priority="0" id="b40f80f2-2b1c-baa5-e604-3b983d6d02bb">
      <Execution id="cf221b51-9e72-454b-8f69-d1c3362616bb" />
      <TestMethod codeBase="C:\src\nodejstools\BuildOutput\Release14.0\Tests\JSAnalysisTests.dll" adapterTypeName="Microsoft.VisualStudio.TestTools.TestTypes.Unit.UnitTestAdapter" className="NodejsTests.AnalysisDictionaryTests" name="TestThreadedReaderUpdatedValue" />
    </UnitTest>
    <UnitTest name="TestThreadedReaderValueRemoved" storage="c:\src\nodejstools\buildoutput\release14.0\tests\jsanalysistests.dll" priority="0" id="fe3c2b8d-8da1-2f01-99b2-54a35fec679e">
      <Execution id="d1a2b0f0-3804-48ef-b875-10090a52cebb" />
      <TestMethod codeBase="C:\src\nodejstools\BuildOutput\Release14.0\Tests\JSAnalysisTests.dll" adapterTypeName="Microsoft.VisualStudio.TestTools.TestTypes.Unit.UnitTestAdapter" className="NodejsTests.AnalysisDictionaryTests" name="TestThreadedReaderValueRemoved" />
    </UnitTest>
    <UnitTest name="TestThreaded" storage="c:\src\nodejstools\buildoutput\release14.0\tests\jsanalysistests.dll" priority="2" id="c36e7114-8f2f-293f-8747-7a38d566f01f">
      <Execution id="3b443d95-f154-4514-9dfe-f81780a2221f" />
      <TestMethod codeBase="C:\src\nodejstools\BuildOutput\Release14.0\Tests\JSAnalysisTests.dll" adapterTypeName="Microsoft.VisualStudio.TestTools.TestTypes.Unit.UnitTestAdapter" className="NodejsTests.AnalysisDictionaryTests" name="TestThreaded" />
    </UnitTest>
    <UnitTest name="UpdateWorkerRoleServiceDefinitionTest" storage="c:\src\nodejstools\buildoutput\release14.0\tests\nodetests.dll" priority="0" id="d92482f2-43ab-180e-310a-d0355e974dfc">
      <Execution id="17595ab7-f16d-46bc-a598-ededeb357ebb" />
      <TestMethod codeBase="C:\src\nodejstools\BuildOutput\Release14.0\Tests\NodeTests.dll" adapterTypeName="Microsoft.VisualStudio.TestTools.TestTypes.Unit.UnitTestAdapter" className="NodejsTests.AzureTests" name="UpdateWorkerRoleServiceDefinitionTest" />
    </UnitTest>
    <UnitTest name="UpdateWebRoleServiceDefinitionTest" storage="c:\src\nodejstools\buildoutput\release14.0\tests\nodetests.dll" priority="0" id="ba673057-1818-4b15-c540-2307484bb8a9">
      <Execution id="77bb604a-bb03-4816-b93d-eb49936187dd" />
      <TestMethod codeBase="C:\src\nodejstools\BuildOutput\Release14.0\Tests\NodeTests.dll" adapterTypeName="Microsoft.VisualStudio.TestTools.TestTypes.Unit.UnitTestAdapter" className="NodejsTests.AzureTests" name="UpdateWebRoleServiceDefinitionTest" />
    </UnitTest>
    <UnitTest name="CheckNodeExeEnvironmentResolution" storage="c:\src\nodejstools\buildoutput\release14.0\tests\nodetests.dll" priority="0" id="f0fae82f-9605-bb61-42c9-0ab6d9ab3188">
      <Execution id="0c452418-eaec-465e-9c87-ddc9c26ce8b5" />
      <TestMethod codeBase="C:\src\nodejstools\BuildOutput\Release14.0\Tests\NodeTests.dll" adapterTypeName="Microsoft.VisualStudio.TestTools.TestTypes.Unit.UnitTestAdapter" className="NodejsTests.NodePathResolutionTests" name="CheckNodeExeEnvironmentResolution" />
    </UnitTest>
    <UnitTest name="CheckRelativeNodeExePathResolution" storage="c:\src\nodejstools\buildoutput\release14.0\tests\nodetests.dll" priority="0" id="2533a5c7-86b7-3247-3f04-f3092813e4b1">
      <Execution id="a74e7da9-bb2e-427f-941d-774a5112646d" />
      <TestMethod codeBase="C:\src\nodejstools\BuildOutput\Release14.0\Tests\NodeTests.dll" adapterTypeName="Microsoft.VisualStudio.TestTools.TestTypes.Unit.UnitTestAdapter" className="NodejsTests.NodePathResolutionTests" name="CheckRelativeNodeExePathResolution" />
    </UnitTest>
    <UnitTest name="CheckAbsoluteNodeExePathResolution" storage="c:\src\nodejstools\buildoutput\release14.0\tests\nodetests.dll" priority="0" id="a1b46be8-e049-2c30-c516-28c23ac9e4c7">
      <Execution id="74cc0fe8-5e71-48fd-9c25-4a3e6e221c9d" />
      <TestMethod codeBase="C:\src\nodejstools\BuildOutput\Release14.0\Tests\NodeTests.dll" adapterTypeName="Microsoft.VisualStudio.TestTools.TestTypes.Unit.UnitTestAdapter" className="NodejsTests.NodePathResolutionTests" name="CheckAbsoluteNodeExePathResolution" />
    </UnitTest>
    <UnitTest name="MultilineComment" storage="c:\src\nodejstools\buildoutput\release14.0\tests\nodetests.dll" priority="0" id="9988d422-6910-f7e6-cc6b-410e0299175d">
      <Execution id="549783e3-9d36-48de-8b9d-803b90e7858a" />
      <TestMethod codeBase="C:\src\nodejstools\BuildOutput\Release14.0\Tests\NodeTests.dll" adapterTypeName="Microsoft.VisualStudio.TestTools.TestTypes.Unit.UnitTestAdapter" className="NodejsTests.MultilineCommentTests" name="MultilineComment" />
    </UnitTest>
    <UnitTest name="MultilineCommentCurrentLine" storage="c:\src\nodejstools\buildoutput\release14.0\tests\nodetests.dll" priority="0" id="161ca94d-abdf-b4a8-73fb-5f233d7073a9">
      <Execution id="10aedf42-5be5-4214-ad5a-b2a6c151d79a" />
      <TestMethod codeBase="C:\src\nodejstools\BuildOutput\Release14.0\Tests\NodeTests.dll" adapterTypeName="Microsoft.VisualStudio.TestTools.TestTypes.Unit.UnitTestAdapter" className="NodejsTests.MultilineCommentTests" name="MultilineCommentCurrentLine" />
    </UnitTest>
    <UnitTest name="MultilineCommentBlankLine" storage="c:\src\nodejstools\buildoutput\release14.0\tests\nodetests.dll" priority="0" id="0f8ff81f-c78f-8a4f-7c54-2b25a4d92000">
      <Execution id="e4c6031d-f2a0-4d4d-bf29-76389adf50ea" />
      <TestMethod codeBase="C:\src\nodejstools\BuildOutput\Release14.0\Tests\NodeTests.dll" adapterTypeName="Microsoft.VisualStudio.TestTools.TestTypes.Unit.UnitTestAdapter" className="NodejsTests.MultilineCommentTests" name="MultilineCommentBlankLine" />
    </UnitTest>
    <UnitTest name="MultilineCommentOddIndenting" storage="c:\src\nodejstools\buildoutput\release14.0\tests\nodetests.dll" priority="0" id="dbd69358-deb1-8c87-a6a3-f861bb71bb5f">
      <Execution id="4766db06-a652-4485-9eaa-9b503fc1f29a" />
      <TestMethod codeBase="C:\src\nodejstools\BuildOutput\Release14.0\Tests\NodeTests.dll" adapterTypeName="Microsoft.VisualStudio.TestTools.TestTypes.Unit.UnitTestAdapter" className="NodejsTests.MultilineCommentTests" name="MultilineCommentOddIndenting" />
    </UnitTest>
    <UnitTest name="MultilineCommentTabRemovalAndOddIndenting" storage="c:\src\nodejstools\buildoutput\release14.0\tests\nodetests.dll" priority="0" id="09994ae3-4965-c68f-7bae-75163c7ffb9a">
      <Execution id="b53b7e65-e602-4e1a-b92e-5d4d4c1cd285" />
      <TestMethod codeBase="C:\src\nodejstools\BuildOutput\Release14.0\Tests\NodeTests.dll" adapterTypeName="Microsoft.VisualStudio.TestTools.TestTypes.Unit.UnitTestAdapter" className="NodejsTests.MultilineCommentTests" name="MultilineCommentTabRemovalAndOddIndenting" />
    </UnitTest>
    <UnitTest name="MultilineCommentAdjacentCommentsIndent" storage="c:\src\nodejstools\buildoutput\release14.0\tests\nodetests.dll" priority="0" id="ba569b42-5a15-ce01-4aeb-88e27e18863e">
      <Execution id="be6c3779-2235-4544-91b1-fbd5ccc23cf6" />
      <TestMethod codeBase="C:\src\nodejstools\BuildOutput\Release14.0\Tests\NodeTests.dll" adapterTypeName="Microsoft.VisualStudio.TestTools.TestTypes.Unit.UnitTestAdapter" className="NodejsTests.MultilineCommentTests" name="MultilineCommentAdjacentCommentsIndent" />
    </UnitTest>
    <UnitTest name="MultilineCommentEmbeddedCommentsFormatting" storage="c:\src\nodejstools\buildoutput\release14.0\tests\nodetests.dll" priority="0" id="93b156d6-6b28-9f4b-cac0-f6cb20b8a855">
      <Execution id="85ef3483-353c-4859-9b18-faa439a8986f" />
      <TestMethod codeBase="C:\src\nodejstools\BuildOutput\Release14.0\Tests\NodeTests.dll" adapterTypeName="Microsoft.VisualStudio.TestTools.TestTypes.Unit.UnitTestAdapter" className="NodejsTests.MultilineCommentTests" name="MultilineCommentEmbeddedCommentsFormatting" />
    </UnitTest>
    <UnitTest name="MultilineCommentSingleLineCommentsUnaffected" storage="c:\src\nodejstools\buildoutput\release14.0\tests\nodetests.dll" priority="0" id="d53b6183-32af-cdf5-fbdd-78c97968184f">
      <Execution id="d839a432-4197-42ea-85c6-0230603d3b75" />
      <TestMethod codeBase="C:\src\nodejstools\BuildOutput\Release14.0\Tests\NodeTests.dll" adapterTypeName="Microsoft.VisualStudio.TestTools.TestTypes.Unit.UnitTestAdapter" className="NodejsTests.MultilineCommentTests" name="MultilineCommentSingleLineCommentsUnaffected" />
    </UnitTest>
    <UnitTest name="TestCommentCurrentLine" storage="c:\src\nodejstools\buildoutput\release14.0\tests\nodetests.dll" priority="0" id="514bf92e-84c3-6dda-6dd9-e9b18774c4eb">
      <Execution id="f1036a08-9e43-4119-bb7d-37c1be6827b5" />
      <TestMethod codeBase="C:\src\nodejstools\BuildOutput\Release14.0\Tests\NodeTests.dll" adapterTypeName="Microsoft.VisualStudio.TestTools.TestTypes.Unit.UnitTestAdapter" className="NodejsTests.CommentBlockTests" name="TestCommentCurrentLine" />
    </UnitTest>
    <UnitTest name="TestUnCommentCurrentLine" storage="c:\src\nodejstools\buildoutput\release14.0\tests\nodetests.dll" priority="0" id="791fb622-372e-8690-d340-c81a7980f7bc">
      <Execution id="72453d51-50b4-430a-b393-6528f330e2a4" />
      <TestMethod codeBase="C:\src\nodejstools\BuildOutput\Release14.0\Tests\NodeTests.dll" adapterTypeName="Microsoft.VisualStudio.TestTools.TestTypes.Unit.UnitTestAdapter" className="NodejsTests.CommentBlockTests" name="TestUnCommentCurrentLine" />
    </UnitTest>
    <UnitTest name="TestComment" storage="c:\src\nodejstools\buildoutput\release14.0\tests\nodetests.dll" priority="0" id="6997a60b-f9e4-dc3f-9d05-b9d03fb73d78">
      <Execution id="de40cf5e-b828-408a-8591-256641a38231" />
      <TestMethod codeBase="C:\src\nodejstools\BuildOutput\Release14.0\Tests\NodeTests.dll" adapterTypeName="Microsoft.VisualStudio.TestTools.TestTypes.Unit.UnitTestAdapter" className="NodejsTests.CommentBlockTests" name="TestComment" />
    </UnitTest>
    <UnitTest name="TestCommentEmptyLine" storage="c:\src\nodejstools\buildoutput\release14.0\tests\nodetests.dll" priority="0" id="a0e04add-82db-014a-fbd7-9beb41e067af">
      <Execution id="0b35b55e-2e8e-495f-a49c-2e2b5e0f417b" />
      <TestMethod codeBase="C:\src\nodejstools\BuildOutput\Release14.0\Tests\NodeTests.dll" adapterTypeName="Microsoft.VisualStudio.TestTools.TestTypes.Unit.UnitTestAdapter" className="NodejsTests.CommentBlockTests" name="TestCommentEmptyLine" />
    </UnitTest>
    <UnitTest name="TestCommentWhiteSpaceLine" storage="c:\src\nodejstools\buildoutput\release14.0\tests\nodetests.dll" priority="0" id="a8e0c543-6ddf-047d-883c-e4c7f45c88a4">
      <Execution id="98fa8830-896e-4e8f-a886-e0cfb366f109" />
      <TestMethod codeBase="C:\src\nodejstools\BuildOutput\Release14.0\Tests\NodeTests.dll" adapterTypeName="Microsoft.VisualStudio.TestTools.TestTypes.Unit.UnitTestAdapter" className="NodejsTests.CommentBlockTests" name="TestCommentWhiteSpaceLine" />
    </UnitTest>
    <UnitTest name="TestCommentIndented" storage="c:\src\nodejstools\buildoutput\release14.0\tests\nodetests.dll" priority="0" id="d6c32294-fbde-6093-3bf4-be27c444c0aa">
      <Execution id="fc5fce23-e976-4327-80e8-f74fb0173fa1" />
      <TestMethod codeBase="C:\src\nodejstools\BuildOutput\Release14.0\Tests\NodeTests.dll" adapterTypeName="Microsoft.VisualStudio.TestTools.TestTypes.Unit.UnitTestAdapter" className="NodejsTests.CommentBlockTests" name="TestCommentIndented" />
    </UnitTest>
    <UnitTest name="TestCommentIndentedBlankLine" storage="c:\src\nodejstools\buildoutput\release14.0\tests\nodetests.dll" priority="0" id="fa2426b8-924e-08ce-907b-b0d8feb658b3">
      <Execution id="d53a0073-92a9-49ab-98cb-e5e0bd9c60a4" />
      <TestMethod codeBase="C:\src\nodejstools\BuildOutput\Release14.0\Tests\NodeTests.dll" adapterTypeName="Microsoft.VisualStudio.TestTools.TestTypes.Unit.UnitTestAdapter" className="NodejsTests.CommentBlockTests" name="TestCommentIndentedBlankLine" />
    </UnitTest>
    <UnitTest name="TestCommentBlankLine" storage="c:\src\nodejstools\buildoutput\release14.0\tests\nodetests.dll" priority="0" id="15f5e37a-06ec-2291-b251-9e7658acd688">
      <Execution id="ac3566f0-03f9-4d71-892e-8bee132f409e" />
      <TestMethod codeBase="C:\src\nodejstools\BuildOutput\Release14.0\Tests\NodeTests.dll" adapterTypeName="Microsoft.VisualStudio.TestTools.TestTypes.Unit.UnitTestAdapter" className="NodejsTests.CommentBlockTests" name="TestCommentBlankLine" />
    </UnitTest>
    <UnitTest name="TestCommentIndentedWhiteSpaceLine" storage="c:\src\nodejstools\buildoutput\release14.0\tests\nodetests.dll" priority="0" id="91e921d4-6472-8b48-019f-ca3f5f2432a8">
      <Execution id="bc664e48-9d6c-4c9a-b15d-16837f66341c" />
      <TestMethod codeBase="C:\src\nodejstools\BuildOutput\Release14.0\Tests\NodeTests.dll" adapterTypeName="Microsoft.VisualStudio.TestTools.TestTypes.Unit.UnitTestAdapter" className="NodejsTests.CommentBlockTests" name="TestCommentIndentedWhiteSpaceLine" />
    </UnitTest>
    <UnitTest name="TestUnCommentIndented" storage="c:\src\nodejstools\buildoutput\release14.0\tests\nodetests.dll" priority="0" id="46fecb5b-0e50-f5f4-17b4-b0a6f33c04f6">
      <Execution id="a9a5e632-be16-4ff0-bcf8-97835cf5ee0f" />
      <TestMethod codeBase="C:\src\nodejstools\BuildOutput\Release14.0\Tests\NodeTests.dll" adapterTypeName="Microsoft.VisualStudio.TestTools.TestTypes.Unit.UnitTestAdapter" className="NodejsTests.CommentBlockTests" name="TestUnCommentIndented" />
    </UnitTest>
    <UnitTest name="TestUnComment" storage="c:\src\nodejstools\buildoutput\release14.0\tests\nodetests.dll" priority="0" id="785e1557-17c3-fe2c-2532-a1437f3ca7d7">
      <Execution id="504d089d-7da0-459f-804e-1f0b85c32556" />
      <TestMethod codeBase="C:\src\nodejstools\BuildOutput\Release14.0\Tests\NodeTests.dll" adapterTypeName="Microsoft.VisualStudio.TestTools.TestTypes.Unit.UnitTestAdapter" className="NodejsTests.CommentBlockTests" name="TestUnComment" />
    </UnitTest>
    <UnitTest name="TestCommentStartOfLastLine" storage="c:\src\nodejstools\buildoutput\release14.0\tests\nodetests.dll" priority="0" id="8ae9c903-52ca-43d2-e7a7-545627298d17">
      <Execution id="5e22d147-515d-4514-8d8b-76f2228cbe33" />
      <TestMethod codeBase="C:\src\nodejstools\BuildOutput\Release14.0\Tests\NodeTests.dll" adapterTypeName="Microsoft.VisualStudio.TestTools.TestTypes.Unit.UnitTestAdapter" className="NodejsTests.CommentBlockTests" name="TestCommentStartOfLastLine" />
    </UnitTest>
    <UnitTest name="TestCommentAfterCodeIsNotUncommented" storage="c:\src\nodejstools\buildoutput\release14.0\tests\nodetests.dll" priority="0" id="dfbde3d5-b2f6-f36d-123d-479ede8e462f">
      <Execution id="c493c541-5862-44d3-b298-26f8f9fbb2f3" />
      <TestMethod codeBase="C:\src\nodejstools\BuildOutput\Release14.0\Tests\NodeTests.dll" adapterTypeName="Microsoft.VisualStudio.TestTools.TestTypes.Unit.UnitTestAdapter" className="NodejsTests.CommentBlockTests" name="TestCommentAfterCodeIsNotUncommented" />
    </UnitTest>
    <UnitTest name="TypeScriptPortedTests" storage="c:\src\nodejstools\buildoutput\release14.0\tests\nodetests.dll" priority="0" id="d848f353-b8a7-2963-4c38-1510ee30e3d6">
      <Execution id="f3670456-e36c-4b2d-8200-b71e4b437f53" />
      <TestMethod codeBase="C:\src\nodejstools\BuildOutput\Release14.0\Tests\NodeTests.dll" adapterTypeName="Microsoft.VisualStudio.TestTools.TestTypes.Unit.UnitTestAdapter" className="NodejsTests.TypeScriptFormatterTests" name="TypeScriptPortedTests" />
    </UnitTest>
    <UnitTest name="ImportWizardSimple" storage="c:\src\nodejstools\buildoutput\release14.0\tests\nodetests.dll" priority="0" id="87a293f2-78b0-3552-2793-acd8a39e843f">
      <Execution id="852b5046-cfee-4454-af3f-6e2eeef9d5d5" />
      <TestMethod codeBase="C:\src\nodejstools\BuildOutput\Release14.0\Tests\NodeTests.dll" adapterTypeName="Microsoft.VisualStudio.TestTools.TestTypes.Unit.UnitTestAdapter" className="NodejsTests.ImportWizardTests" name="ImportWizardSimple" />
    </UnitTest>
    <UnitTest name="ImportWizardSimpleApp" storage="c:\src\nodejstools\buildoutput\release14.0\tests\nodetests.dll" priority="0" id="21e5c0e8-d806-85e0-1dff-f371cfee8e60">
      <Execution id="9999d3de-898b-4601-b8de-191fdee93aa9" />
      <TestMethod codeBase="C:\src\nodejstools\BuildOutput\Release14.0\Tests\NodeTests.dll" adapterTypeName="Microsoft.VisualStudio.TestTools.TestTypes.Unit.UnitTestAdapter" className="NodejsTests.ImportWizardTests" name="ImportWizardSimpleApp" />
    </UnitTest>
    <UnitTest name="ImportWizardSimpleOther" storage="c:\src\nodejstools\buildoutput\release14.0\tests\nodetests.dll" priority="0" id="9cba4039-96ad-bdb2-0aa6-29ee6f4f910a">
      <Execution id="a4963f30-7c77-45ec-aac2-9392b1a9b761" />
      <TestMethod codeBase="C:\src\nodejstools\BuildOutput\Release14.0\Tests\NodeTests.dll" adapterTypeName="Microsoft.VisualStudio.TestTools.TestTypes.Unit.UnitTestAdapter" className="NodejsTests.ImportWizardTests" name="ImportWizardSimpleOther" />
    </UnitTest>
    <UnitTest name="ImportWizardFiltered" storage="c:\src\nodejstools\buildoutput\release14.0\tests\nodetests.dll" priority="0" id="6e4974a9-f992-726a-79dc-33fe12aa9f47">
      <Execution id="f79d5232-457e-46ee-b71b-a60987c46a7b" />
      <TestMethod codeBase="C:\src\nodejstools\BuildOutput\Release14.0\Tests\NodeTests.dll" adapterTypeName="Microsoft.VisualStudio.TestTools.TestTypes.Unit.UnitTestAdapter" className="NodejsTests.ImportWizardTests" name="ImportWizardFiltered" />
    </UnitTest>
    <UnitTest name="ImportWizardFolders" storage="c:\src\nodejstools\buildoutput\release14.0\tests\nodetests.dll" priority="0" id="afc58a17-0356-b749-92c5-025e62d4306d">
      <Execution id="acb97fe8-fcfb-4497-a9ff-5cbd07f13d22" />
      <TestMethod codeBase="C:\src\nodejstools\BuildOutput\Release14.0\Tests\NodeTests.dll" adapterTypeName="Microsoft.VisualStudio.TestTools.TestTypes.Unit.UnitTestAdapter" className="NodejsTests.ImportWizardTests" name="ImportWizardFolders" />
    </UnitTest>
    <UnitTest name="ImportWizardStartupFile" storage="c:\src\nodejstools\buildoutput\release14.0\tests\nodetests.dll" priority="0" id="164b1290-a3d2-2331-d50b-344d944ad2ec">
      <Execution id="9779fa07-2816-461d-9373-c75ba0ddd3d8" />
      <TestMethod codeBase="C:\src\nodejstools\BuildOutput\Release14.0\Tests\NodeTests.dll" adapterTypeName="Microsoft.VisualStudio.TestTools.TestTypes.Unit.UnitTestAdapter" className="NodejsTests.ImportWizardTests" name="ImportWizardStartupFile" />
    </UnitTest>
    <UnitTest name="ImportWizardIncludeNodeModules" storage="c:\src\nodejstools\buildoutput\release14.0\tests\nodetests.dll" priority="0" id="1655ff07-5029-105d-56df-a9128affa2e1">
      <Execution id="a1d1524f-ba6a-4cb3-b934-5243c9d28bdd" />
      <TestMethod codeBase="C:\src\nodejstools\BuildOutput\Release14.0\Tests\NodeTests.dll" adapterTypeName="Microsoft.VisualStudio.TestTools.TestTypes.Unit.UnitTestAdapter" className="NodejsTests.ImportWizardTests" name="ImportWizardIncludeNodeModules" />
    </UnitTest>
    <UnitTest name="ImportWizardExcludeNodeModules" storage="c:\src\nodejstools\buildoutput\release14.0\tests\nodetests.dll" priority="0" id="5caa7ae9-76d6-30f4-93c6-f19ff6274838">
      <Execution id="eb102a99-d973-40b8-908b-962497f07dfc" />
      <TestMethod codeBase="C:\src\nodejstools\BuildOutput\Release14.0\Tests\NodeTests.dll" adapterTypeName="Microsoft.VisualStudio.TestTools.TestTypes.Unit.UnitTestAdapter" className="NodejsTests.ImportWizardTests" name="ImportWizardExcludeNodeModules" />
    </UnitTest>
    <UnitTest name="ImportWizardExcludeDotPrefixedFolders" storage="c:\src\nodejstools\buildoutput\release14.0\tests\nodetests.dll" priority="0" id="feb5ba39-a4b8-ce19-f51d-db4874cfe510">
      <Execution id="1707b9e3-8575-456e-970d-17cca28f698d" />
      <TestMethod codeBase="C:\src\nodejstools\BuildOutput\Release14.0\Tests\NodeTests.dll" adapterTypeName="Microsoft.VisualStudio.TestTools.TestTypes.Unit.UnitTestAdapter" className="NodejsTests.ImportWizardTests" name="ImportWizardExcludeDotPrefixedFolders" />
    </UnitTest>
    <UnitTest name="ImportWizardEmptyFolders" storage="c:\src\nodejstools\buildoutput\release14.0\tests\nodetests.dll" priority="0" id="f5c2d67c-8748-2230-f4da-88e0b33c1666">
      <Execution id="31ca2f25-ecc0-4618-a6bb-a9748ff995bf" />
      <TestMethod codeBase="C:\src\nodejstools\BuildOutput\Release14.0\Tests\NodeTests.dll" adapterTypeName="Microsoft.VisualStudio.TestTools.TestTypes.Unit.UnitTestAdapter" className="NodejsTests.ImportWizardTests" name="ImportWizardEmptyFolders" />
    </UnitTest>
    <UnitTest name="ImportWizardEmptyFoldersDontExcludeNodeModules" storage="c:\src\nodejstools\buildoutput\release14.0\tests\nodetests.dll" priority="0" id="bd367167-fdfb-d3d0-faec-2d07ba643bcc">
      <Execution id="fea8a39d-3b93-406c-a8ec-61372c4985eb" />
      <TestMethod codeBase="C:\src\nodejstools\BuildOutput\Release14.0\Tests\NodeTests.dll" adapterTypeName="Microsoft.VisualStudio.TestTools.TestTypes.Unit.UnitTestAdapter" className="NodejsTests.ImportWizardTests" name="ImportWizardEmptyFoldersDontExcludeNodeModules" />
    </UnitTest>
    <UnitTest name="ProjectFileAlreadyExists" storage="c:\src\nodejstools\buildoutput\release14.0\tests\nodetests.dll" priority="0" id="2eddbfab-ea6c-a3de-314a-eb08b574b6d3">
      <Execution id="7293c949-55c0-4c8a-86f1-ba84581cfd67" />
      <TestMethod codeBase="C:\src\nodejstools\BuildOutput\Release14.0\Tests\NodeTests.dll" adapterTypeName="Microsoft.VisualStudio.TestTools.TestTypes.Unit.UnitTestAdapter" className="NodejsTests.ImportWizardTests" name="ProjectFileAlreadyExists" />
    </UnitTest>
    <UnitTest name="ImportWizardTypeScript" storage="c:\src\nodejstools\buildoutput\release14.0\tests\nodetests.dll" priority="0" id="af40ed3f-b85e-e3c0-1a4d-e2d03bce308c">
      <Execution id="a2037824-84ac-4edf-b20e-12a7a6f38323" />
      <TestMethod codeBase="C:\src\nodejstools\BuildOutput\Release14.0\Tests\NodeTests.dll" adapterTypeName="Microsoft.VisualStudio.TestTools.TestTypes.Unit.UnitTestAdapter" className="NodejsTests.ImportWizardTests" name="ImportWizardTypeScript" />
    </UnitTest>
    <UnitTest name="JadeTokenizerTest_File01" storage="c:\src\nodejstools\buildoutput\release14.0\tests\nodetests.dll" priority="0" id="e03d48c0-9c82-2f1b-7632-7d5803468281">
      <Execution id="e3f2d462-31cc-4076-812b-de52f4c1a93d" />
      <TestMethod codeBase="C:\src\nodejstools\BuildOutput\Release14.0\Tests\NodeTests.dll" adapterTypeName="Microsoft.VisualStudio.TestTools.TestTypes.Unit.UnitTestAdapter" className="NodejsTests.JadeTokenizerTest" name="JadeTokenizerTest_File01" />
    </UnitTest>
    <UnitTest name="JadeTokenizerTest_File02" storage="c:\src\nodejstools\buildoutput\release14.0\tests\nodetests.dll" priority="0" id="2e6942b2-b987-6a7b-cf44-ba9a9146eea4">
      <Execution id="05d41792-867b-491c-bffd-94f5f2c5576f" />
      <TestMethod codeBase="C:\src\nodejstools\BuildOutput\Release14.0\Tests\NodeTests.dll" adapterTypeName="Microsoft.VisualStudio.TestTools.TestTypes.Unit.UnitTestAdapter" className="NodejsTests.JadeTokenizerTest" name="JadeTokenizerTest_File02" />
    </UnitTest>
    <UnitTest name="JadeTokenizerTest_File03" storage="c:\src\nodejstools\buildoutput\release14.0\tests\nodetests.dll" priority="0" id="af81a5e7-d8be-6f61-3d39-0c1b497e0949">
      <Execution id="7794c3c3-f8c5-4e70-9960-254e0fb9b101" />
      <TestMethod codeBase="C:\src\nodejstools\BuildOutput\Release14.0\Tests\NodeTests.dll" adapterTypeName="Microsoft.VisualStudio.TestTools.TestTypes.Unit.UnitTestAdapter" className="NodejsTests.JadeTokenizerTest" name="JadeTokenizerTest_File03" />
    </UnitTest>
    <UnitTest name="JadeTokenizerTest_File04" storage="c:\src\nodejstools\buildoutput\release14.0\tests\nodetests.dll" priority="0" id="f20ed462-d9ed-67a1-acff-dd7db3ec4b18">
      <Execution id="ead84e66-1857-4b6a-86d8-834ce05cf36a" />
      <TestMethod codeBase="C:\src\nodejstools\BuildOutput\Release14.0\Tests\NodeTests.dll" adapterTypeName="Microsoft.VisualStudio.TestTools.TestTypes.Unit.UnitTestAdapter" className="NodejsTests.JadeTokenizerTest" name="JadeTokenizerTest_File04" />
    </UnitTest>
    <UnitTest name="JadeTokenizerTest_File05" storage="c:\src\nodejstools\buildoutput\release14.0\tests\nodetests.dll" priority="0" id="6b9a611f-bc5d-0373-9643-f05ad38fb9cf">
      <Execution id="c9186374-8cbf-44d1-b5eb-d5ee97df094b" />
      <TestMethod codeBase="C:\src\nodejstools\BuildOutput\Release14.0\Tests\NodeTests.dll" adapterTypeName="Microsoft.VisualStudio.TestTools.TestTypes.Unit.UnitTestAdapter" className="NodejsTests.JadeTokenizerTest" name="JadeTokenizerTest_File05" />
    </UnitTest>
    <UnitTest name="JadeTokenizerTest_File06" storage="c:\src\nodejstools\buildoutput\release14.0\tests\nodetests.dll" priority="0" id="4458c131-9244-ee47-d909-7b552fdf2064">
      <Execution id="70c42152-09f9-4652-a5bb-97c7929a1cf3" />
      <TestMethod codeBase="C:\src\nodejstools\BuildOutput\Release14.0\Tests\NodeTests.dll" adapterTypeName="Microsoft.VisualStudio.TestTools.TestTypes.Unit.UnitTestAdapter" className="NodejsTests.JadeTokenizerTest" name="JadeTokenizerTest_File06" />
    </UnitTest>
    <UnitTest name="JadeTokenizerTest_File07" storage="c:\src\nodejstools\buildoutput\release14.0\tests\nodetests.dll" priority="0" id="d1559594-10ef-b934-982b-8f790296b53a">
      <Execution id="ea04f747-59cf-422c-85c9-8a595bc654c0" />
      <TestMethod codeBase="C:\src\nodejstools\BuildOutput\Release14.0\Tests\NodeTests.dll" adapterTypeName="Microsoft.VisualStudio.TestTools.TestTypes.Unit.UnitTestAdapter" className="NodejsTests.JadeTokenizerTest" name="JadeTokenizerTest_File07" />
    </UnitTest>
    <UnitTest name="JadeTokenizerTest_File08" storage="c:\src\nodejstools\buildoutput\release14.0\tests\nodetests.dll" priority="0" id="f8487574-9691-389f-7409-9b2691cbcdde">
      <Execution id="85bdf9ae-49c2-4f03-932d-372b621527f3" />
      <TestMethod codeBase="C:\src\nodejstools\BuildOutput\Release14.0\Tests\NodeTests.dll" adapterTypeName="Microsoft.VisualStudio.TestTools.TestTypes.Unit.UnitTestAdapter" className="NodejsTests.JadeTokenizerTest" name="JadeTokenizerTest_File08" />
    </UnitTest>
    <UnitTest name="JadeTokenizerTest_File09" storage="c:\src\nodejstools\buildoutput\release14.0\tests\nodetests.dll" priority="0" id="a2d5064e-36db-5248-7897-c8db3cd09ce0">
      <Execution id="76191d7f-9348-4629-a17b-c3f745de59c2" />
      <TestMethod codeBase="C:\src\nodejstools\BuildOutput\Release14.0\Tests\NodeTests.dll" adapterTypeName="Microsoft.VisualStudio.TestTools.TestTypes.Unit.UnitTestAdapter" className="NodejsTests.JadeTokenizerTest" name="JadeTokenizerTest_File09" />
    </UnitTest>
    <UnitTest name="JadeTokenizerTest_File10" storage="c:\src\nodejstools\buildoutput\release14.0\tests\nodetests.dll" priority="0" id="5ddcff6a-285f-c382-394a-52d4b8d6ee11">
      <Execution id="6405d8fd-8db5-4deb-9367-5efac6d5d2de" />
      <TestMethod codeBase="C:\src\nodejstools\BuildOutput\Release14.0\Tests\NodeTests.dll" adapterTypeName="Microsoft.VisualStudio.TestTools.TestTypes.Unit.UnitTestAdapter" className="NodejsTests.JadeTokenizerTest" name="JadeTokenizerTest_File10" />
    </UnitTest>
    <UnitTest name="JadeTokenizerTest_File11" storage="c:\src\nodejstools\buildoutput\release14.0\tests\nodetests.dll" priority="0" id="d42a522d-4b8a-0bd7-dbff-47668548a918">
      <Execution id="44638fea-8d0e-4404-9250-0d357aa0291a" />
      <TestMethod codeBase="C:\src\nodejstools\BuildOutput\Release14.0\Tests\NodeTests.dll" adapterTypeName="Microsoft.VisualStudio.TestTools.TestTypes.Unit.UnitTestAdapter" className="NodejsTests.JadeTokenizerTest" name="JadeTokenizerTest_File11" />
    </UnitTest>
    <UnitTest name="JadeTokenizerTest_File12" storage="c:\src\nodejstools\buildoutput\release14.0\tests\nodetests.dll" priority="0" id="c0b5ceb1-5ff1-7350-6099-ebbd2797bb8b">
      <Execution id="5516d292-21f9-4020-81f9-adfa798e2019" />
      <TestMethod codeBase="C:\src\nodejstools\BuildOutput\Release14.0\Tests\NodeTests.dll" adapterTypeName="Microsoft.VisualStudio.TestTools.TestTypes.Unit.UnitTestAdapter" className="NodejsTests.JadeTokenizerTest" name="JadeTokenizerTest_File12" />
    </UnitTest>
    <UnitTest name="JadeTokenizerTest_File13" storage="c:\src\nodejstools\buildoutput\release14.0\tests\nodetests.dll" priority="0" id="770bebd6-6c78-f987-e771-de85b68597f7">
      <Execution id="5192a6c7-3930-497e-893e-191ecafbc305" />
      <TestMethod codeBase="C:\src\nodejstools\BuildOutput\Release14.0\Tests\NodeTests.dll" adapterTypeName="Microsoft.VisualStudio.TestTools.TestTypes.Unit.UnitTestAdapter" className="NodejsTests.JadeTokenizerTest" name="JadeTokenizerTest_File13" />
    </UnitTest>
    <UnitTest name="JadeTokenizerTest_File14" storage="c:\src\nodejstools\buildoutput\release14.0\tests\nodetests.dll" priority="0" id="044b1f02-56f2-ca97-1549-024293696e79">
      <Execution id="bf6a1c3a-4b5f-4e80-aaf9-14cc014575ba" />
      <TestMethod codeBase="C:\src\nodejstools\BuildOutput\Release14.0\Tests\NodeTests.dll" adapterTypeName="Microsoft.VisualStudio.TestTools.TestTypes.Unit.UnitTestAdapter" className="NodejsTests.JadeTokenizerTest" name="JadeTokenizerTest_File14" />
    </UnitTest>
    <UnitTest name="JadeTokenizerTest_File15" storage="c:\src\nodejstools\buildoutput\release14.0\tests\nodetests.dll" priority="0" id="d7c0501a-19e3-71b9-d7da-2d74f90bd3da">
      <Execution id="f3672072-c1fc-4a73-a679-d9920a82fb5f" />
      <TestMethod codeBase="C:\src\nodejstools\BuildOutput\Release14.0\Tests\NodeTests.dll" adapterTypeName="Microsoft.VisualStudio.TestTools.TestTypes.Unit.UnitTestAdapter" className="NodejsTests.JadeTokenizerTest" name="JadeTokenizerTest_File15" />
    </UnitTest>
    <UnitTest name="JadeTokenizerTest_File16" storage="c:\src\nodejstools\buildoutput\release14.0\tests\nodetests.dll" priority="0" id="9d347b17-bc37-1189-7e65-ca74118ddf09">
      <Execution id="10fc24df-886a-45f1-9fd7-39cb25e5c511" />
      <TestMethod codeBase="C:\src\nodejstools\BuildOutput\Release14.0\Tests\NodeTests.dll" adapterTypeName="Microsoft.VisualStudio.TestTools.TestTypes.Unit.UnitTestAdapter" className="NodejsTests.JadeTokenizerTest" name="JadeTokenizerTest_File16" />
    </UnitTest>
    <UnitTest name="JadeTokenizerTest_File17" storage="c:\src\nodejstools\buildoutput\release14.0\tests\nodetests.dll" priority="0" id="0c074a0d-47df-489d-eabe-73c7df4bc683">
      <Execution id="f1b79e2c-f868-4426-9703-0ab24c5013fc" />
      <TestMethod codeBase="C:\src\nodejstools\BuildOutput\Release14.0\Tests\NodeTests.dll" adapterTypeName="Microsoft.VisualStudio.TestTools.TestTypes.Unit.UnitTestAdapter" className="NodejsTests.JadeTokenizerTest" name="JadeTokenizerTest_File17" />
    </UnitTest>
    <UnitTest name="JadeTokenizerTest_File18" storage="c:\src\nodejstools\buildoutput\release14.0\tests\nodetests.dll" priority="0" id="dcd56d1d-079b-d180-8d3f-d0ff256d75d8">
      <Execution id="efff542a-5f8e-426f-8f8a-283f53b56c83" />
      <TestMethod codeBase="C:\src\nodejstools\BuildOutput\Release14.0\Tests\NodeTests.dll" adapterTypeName="Microsoft.VisualStudio.TestTools.TestTypes.Unit.UnitTestAdapter" className="NodejsTests.JadeTokenizerTest" name="JadeTokenizerTest_File18" />
    </UnitTest>
    <UnitTest name="JadeTokenizerTest_File19" storage="c:\src\nodejstools\buildoutput\release14.0\tests\nodetests.dll" priority="0" id="4d621791-bc91-3379-c0e4-109563875f56">
      <Execution id="7cbf8eda-54eb-4e04-86b9-02309aac2cf5" />
      <TestMethod codeBase="C:\src\nodejstools\BuildOutput\Release14.0\Tests\NodeTests.dll" adapterTypeName="Microsoft.VisualStudio.TestTools.TestTypes.Unit.UnitTestAdapter" className="NodejsTests.JadeTokenizerTest" name="JadeTokenizerTest_File19" />
    </UnitTest>
    <UnitTest name="JadeTokenizerTest_File20" storage="c:\src\nodejstools\buildoutput\release14.0\tests\nodetests.dll" priority="0" id="d70e3482-561e-a061-36fb-6c0b7593afce">
      <Execution id="95d79446-2c69-442f-bd0c-e8b4a36a7f8b" />
      <TestMethod codeBase="C:\src\nodejstools\BuildOutput\Release14.0\Tests\NodeTests.dll" adapterTypeName="Microsoft.VisualStudio.TestTools.TestTypes.Unit.UnitTestAdapter" className="NodejsTests.JadeTokenizerTest" name="JadeTokenizerTest_File20" />
    </UnitTest>
    <UnitTest name="JadeTokenizerTest_File21" storage="c:\src\nodejstools\buildoutput\release14.0\tests\nodetests.dll" priority="0" id="82329283-b9e5-f1c0-3ad4-b7aeb74c6c21">
      <Execution id="56839fcf-741a-46db-9f4a-5f5ef046e0f6" />
      <TestMethod codeBase="C:\src\nodejstools\BuildOutput\Release14.0\Tests\NodeTests.dll" adapterTypeName="Microsoft.VisualStudio.TestTools.TestTypes.Unit.UnitTestAdapter" className="NodejsTests.JadeTokenizerTest" name="JadeTokenizerTest_File21" />
    </UnitTest>
    <UnitTest name="JadeTokenizerTest_File22" storage="c:\src\nodejstools\buildoutput\release14.0\tests\nodetests.dll" priority="0" id="e2dbda5a-af90-eb21-14c9-7154d982fe94">
      <Execution id="6b8a7217-3db0-4c6b-8a89-5b123ad82ea3" />
      <TestMethod codeBase="C:\src\nodejstools\BuildOutput\Release14.0\Tests\NodeTests.dll" adapterTypeName="Microsoft.VisualStudio.TestTools.TestTypes.Unit.UnitTestAdapter" className="NodejsTests.JadeTokenizerTest" name="JadeTokenizerTest_File22" />
    </UnitTest>
    <UnitTest name="JadeTokenizerTest_File23" storage="c:\src\nodejstools\buildoutput\release14.0\tests\nodetests.dll" priority="0" id="73118bf3-1233-16a8-5bcb-2042402586dd">
      <Execution id="1ff5840c-983a-478b-ad9a-9dddb972e3c2" />
      <TestMethod codeBase="C:\src\nodejstools\BuildOutput\Release14.0\Tests\NodeTests.dll" adapterTypeName="Microsoft.VisualStudio.TestTools.TestTypes.Unit.UnitTestAdapter" className="NodejsTests.JadeTokenizerTest" name="JadeTokenizerTest_File23" />
    </UnitTest>
    <UnitTest name="LaunchWebBrowserUriTests" storage="c:\src\nodejstools\buildoutput\release14.0\tests\nodetests.dll" priority="0" id="6c4b9d41-f393-6231-be3f-5d7cc67c90ff">
      <Execution id="6ff5fdaa-6f21-43df-b418-87ed5e63ba6f" />
      <TestMethod codeBase="C:\src\nodejstools\BuildOutput\Release14.0\Tests\NodeTests.dll" adapterTypeName="Microsoft.VisualStudio.TestTools.TestTypes.Unit.UnitTestAdapter" className="NodejsTests.LauncherTests" name="LaunchWebBrowserUriTests" />
    </UnitTest>
    <UnitTest name="UpgradeEnvironmentVariables" storage="c:\src\nodejstools\buildoutput\release14.0\tests\nodetests.dll" priority="0" id="26581296-23f8-2992-ab8a-ffeccde69deb">
      <Execution id="c739d04c-9c41-49a5-b532-311aea632325" />
      <TestMethod codeBase="C:\src\nodejstools\BuildOutput\Release14.0\Tests\NodeTests.dll" adapterTypeName="Microsoft.VisualStudio.TestTools.TestTypes.Unit.UnitTestAdapter" className="NodejsTests.ProjectUpgradeTests" name="UpgradeEnvironmentVariables" />
    </UnitTest>
    <UnitTest name="TestPathRelative" storage="c:\src\nodejstools\buildoutput\release14.0\tests\nodetests.dll" priority="0" id="719ce86e-81c4-4ef5-cd14-e2ed5d1f733f">
      <Execution id="72bfe7f8-7e8a-4c67-bb67-54f842f0fa09" />
      <TestMethod codeBase="C:\src\nodejstools\BuildOutput\Release14.0\Tests\NodeTests.dll" adapterTypeName="Microsoft.VisualStudio.TestTools.TestTypes.Unit.UnitTestAdapter" className="NodejsTests.ReferenceCodeTests" name="TestPathRelative" />
    </UnitTest>
    <UnitTest name="TestPathNormalize" storage="c:\src\nodejstools\buildoutput\release14.0\tests\nodetests.dll" priority="0" id="11c3b846-f1e6-e283-1145-b72bcb77f444">
      <Execution id="79f22cf3-0097-4767-b944-97b9222f8959" />
      <TestMethod codeBase="C:\src\nodejstools\BuildOutput\Release14.0\Tests\NodeTests.dll" adapterTypeName="Microsoft.VisualStudio.TestTools.TestTypes.Unit.UnitTestAdapter" className="NodejsTests.ReferenceCodeTests" name="TestPathNormalize" />
    </UnitTest>
    <UnitTest name="TestPathResolve" storage="c:\src\nodejstools\buildoutput\release14.0\tests\nodetests.dll" priority="0" id="05ba0de4-8444-b0f5-01e1-4c2ff8335e56">
      <Execution id="ce908928-5c5b-4c3f-9a79-56b44bce4cfc" />
      <TestMethod codeBase="C:\src\nodejstools\BuildOutput\Release14.0\Tests\NodeTests.dll" adapterTypeName="Microsoft.VisualStudio.TestTools.TestTypes.Unit.UnitTestAdapter" className="NodejsTests.ReferenceCodeTests" name="TestPathResolve" />
    </UnitTest>
    <UnitTest name="TestPathJoin" storage="c:\src\nodejstools\buildoutput\release14.0\tests\nodetests.dll" priority="0" id="d97b7660-9df4-4ca8-a8ee-4c87322452a6">
      <Execution id="b3336e91-8f94-4ce4-b52c-1dc3535d4141" />
      <TestMethod codeBase="C:\src\nodejstools\BuildOutput\Release14.0\Tests\NodeTests.dll" adapterTypeName="Microsoft.VisualStudio.TestTools.TestTypes.Unit.UnitTestAdapter" className="NodejsTests.ReferenceCodeTests" name="TestPathJoin" />
    </UnitTest>
    <UnitTest name="TestNumber" storage="c:\src\nodejstools\buildoutput\release14.0\tests\nodetests.dll" priority="0" id="018e2e89-c2fb-030e-b697-aa88236d060f">
      <Execution id="43e0f731-dde5-4037-a2c0-66915aa5abc3" />
      <TestMethod codeBase="C:\src\nodejstools\BuildOutput\Release14.0\Tests\NodeTests.dll" adapterTypeName="Microsoft.VisualStudio.TestTools.TestTypes.Unit.UnitTestAdapter" className="NodejsTests.ReplWindowTests" name="TestNumber" />
    </UnitTest>
    <UnitTest name="TestRequire" storage="c:\src\nodejstools\buildoutput\release14.0\tests\nodetests.dll" priority="0" id="66bc3c40-f947-9b5d-2832-142e912f7d34">
      <Execution id="49807e3d-6545-4fec-98ee-5cffe0556fbe" />
      <TestMethod codeBase="C:\src\nodejstools\BuildOutput\Release14.0\Tests\NodeTests.dll" adapterTypeName="Microsoft.VisualStudio.TestTools.TestTypes.Unit.UnitTestAdapter" className="NodejsTests.ReplWindowTests" name="TestRequire" />
    </UnitTest>
    <UnitTest name="TestFunctionDefinition" storage="c:\src\nodejstools\buildoutput\release14.0\tests\nodetests.dll" priority="0" id="1d012138-7635-0a45-278d-826a319e45ac">
      <Execution id="fcf6fbc9-93bc-4d00-85fb-0ca95d1e3b7a" />
      <TestMethod codeBase="C:\src\nodejstools\BuildOutput\Release14.0\Tests\NodeTests.dll" adapterTypeName="Microsoft.VisualStudio.TestTools.TestTypes.Unit.UnitTestAdapter" className="NodejsTests.ReplWindowTests" name="TestFunctionDefinition" />
    </UnitTest>
    <UnitTest name="TestConsoleLog" storage="c:\src\nodejstools\buildoutput\release14.0\tests\nodetests.dll" priority="0" id="ac6e9ada-fa62-4340-e812-e85f3d9dabd0">
      <Execution id="a1061561-226f-427a-b45b-aee9df715aaf" />
      <TestMethod codeBase="C:\src\nodejstools\BuildOutput\Release14.0\Tests\NodeTests.dll" adapterTypeName="Microsoft.VisualStudio.TestTools.TestTypes.Unit.UnitTestAdapter" className="NodejsTests.ReplWindowTests" name="TestConsoleLog" />
    </UnitTest>
    <UnitTest name="TestConsoleWarn" storage="c:\src\nodejstools\buildoutput\release14.0\tests\nodetests.dll" priority="0" id="dd633c86-dcdb-094d-d814-a9de0c294044">
      <Execution id="b99e8117-b501-49fd-9337-c6fc54558eb5" />
      <TestMethod codeBase="C:\src\nodejstools\BuildOutput\Release14.0\Tests\NodeTests.dll" adapterTypeName="Microsoft.VisualStudio.TestTools.TestTypes.Unit.UnitTestAdapter" className="NodejsTests.ReplWindowTests" name="TestConsoleWarn" />
    </UnitTest>
    <UnitTest name="TestConsoleError" storage="c:\src\nodejstools\buildoutput\release14.0\tests\nodetests.dll" priority="0" id="e4907dd7-da38-0db0-61c5-28476ac5f3c5">
      <Execution id="32ece42c-a6e3-4e4e-b3b2-681e7bbb073b" />
      <TestMethod codeBase="C:\src\nodejstools\BuildOutput\Release14.0\Tests\NodeTests.dll" adapterTypeName="Microsoft.VisualStudio.TestTools.TestTypes.Unit.UnitTestAdapter" className="NodejsTests.ReplWindowTests" name="TestConsoleError" />
    </UnitTest>
    <UnitTest name="TestConsoleDir" storage="c:\src\nodejstools\buildoutput\release14.0\tests\nodetests.dll" priority="0" id="8c2f0c3a-2eac-4206-0d82-2d785d862cd8">
      <Execution id="83c77d88-6943-4f08-b53a-1cfdc4e94e0e" />
      <TestMethod codeBase="C:\src\nodejstools\BuildOutput\Release14.0\Tests\NodeTests.dll" adapterTypeName="Microsoft.VisualStudio.TestTools.TestTypes.Unit.UnitTestAdapter" className="NodejsTests.ReplWindowTests" name="TestConsoleDir" />
    </UnitTest>
    <UnitTest name="LargeOutput" storage="c:\src\nodejstools\buildoutput\release14.0\tests\nodetests.dll" priority="0" id="06a66612-0114-41da-c3a4-42ca4f38dd8d">
      <Execution id="93dc9b5a-df25-4978-9683-74d0a858b039" />
      <TestMethod codeBase="C:\src\nodejstools\BuildOutput\Release14.0\Tests\NodeTests.dll" adapterTypeName="Microsoft.VisualStudio.TestTools.TestTypes.Unit.UnitTestAdapter" className="NodejsTests.ReplWindowTests" name="LargeOutput" />
    </UnitTest>
    <UnitTest name="TestException" storage="c:\src\nodejstools\buildoutput\release14.0\tests\nodetests.dll" priority="0" id="aabf1c93-aae1-96a3-8a5c-4e4161f076b5">
      <Execution id="b4bfbab4-6be2-4f26-aff2-1213a0dcdd82" />
      <TestMethod codeBase="C:\src\nodejstools\BuildOutput\Release14.0\Tests\NodeTests.dll" adapterTypeName="Microsoft.VisualStudio.TestTools.TestTypes.Unit.UnitTestAdapter" className="NodejsTests.ReplWindowTests" name="TestException" />
    </UnitTest>
    <UnitTest name="TestExceptionNull" storage="c:\src\nodejstools\buildoutput\release14.0\tests\nodetests.dll" priority="0" id="41e6a6dc-80ec-3dde-b201-2d7ca8b6ce38">
      <Execution id="6b93caf1-0352-4b7c-904f-1f8a2dbab7fd" />
      <TestMethod codeBase="C:\src\nodejstools\BuildOutput\Release14.0\Tests\NodeTests.dll" adapterTypeName="Microsoft.VisualStudio.TestTools.TestTypes.Unit.UnitTestAdapter" className="NodejsTests.ReplWindowTests" name="TestExceptionNull" />
    </UnitTest>
    <UnitTest name="TestExceptionUndefined" storage="c:\src\nodejstools\buildoutput\release14.0\tests\nodetests.dll" priority="0" id="12cbec8c-0f52-12d0-d4b4-998e84c461bf">
      <Execution id="7984c73d-4124-42a4-a1b3-f61b61ceb1eb" />
      <TestMethod codeBase="C:\src\nodejstools\BuildOutput\Release14.0\Tests\NodeTests.dll" adapterTypeName="Microsoft.VisualStudio.TestTools.TestTypes.Unit.UnitTestAdapter" className="NodejsTests.ReplWindowTests" name="TestExceptionUndefined" />
    </UnitTest>
    <UnitTest name="TestProcessExit" storage="c:\src\nodejstools\buildoutput\release14.0\tests\nodetests.dll" priority="0" id="31989c51-6fc8-50e7-8666-d8018f897006">
      <Execution id="c70cd006-8d4e-49cc-b2b8-f51d6c895705" />
      <TestMethod codeBase="C:\src\nodejstools\BuildOutput\Release14.0\Tests\NodeTests.dll" adapterTypeName="Microsoft.VisualStudio.TestTools.TestTypes.Unit.UnitTestAdapter" className="NodejsTests.ReplWindowTests" name="TestProcessExit" />
    </UnitTest>
    <UnitTest name="TestReset" storage="c:\src\nodejstools\buildoutput\release14.0\tests\nodetests.dll" priority="0" id="4a37295d-6792-acde-22a0-89365a0bb2ed">
      <Execution id="e26a77a7-533f-487b-84f7-09f00f3c3d87" />
      <TestMethod codeBase="C:\src\nodejstools\BuildOutput\Release14.0\Tests\NodeTests.dll" adapterTypeName="Microsoft.VisualStudio.TestTools.TestTypes.Unit.UnitTestAdapter" className="NodejsTests.ReplWindowTests" name="TestReset" />
    </UnitTest>
    <UnitTest name="TestSaveNoFile" storage="c:\src\nodejstools\buildoutput\release14.0\tests\nodetests.dll" priority="0" id="23aaddd1-b27c-b68f-28cc-d7432a7d3112">
      <Execution id="f1129942-a324-4e63-9844-46ee3456d6ea" />
      <TestMethod codeBase="C:\src\nodejstools\BuildOutput\Release14.0\Tests\NodeTests.dll" adapterTypeName="Microsoft.VisualStudio.TestTools.TestTypes.Unit.UnitTestAdapter" className="NodejsTests.ReplWindowTests" name="TestSaveNoFile" />
    </UnitTest>
    <UnitTest name="TestSaveBadFile" storage="c:\src\nodejstools\buildoutput\release14.0\tests\nodetests.dll" priority="0" id="1244335b-d2c0-d98d-9964-e311ef7b8f4f">
      <Execution id="45360ff6-fd21-4000-88ab-5778729d7d0e" />
      <TestMethod codeBase="C:\src\nodejstools\BuildOutput\Release14.0\Tests\NodeTests.dll" adapterTypeName="Microsoft.VisualStudio.TestTools.TestTypes.Unit.UnitTestAdapter" className="NodejsTests.ReplWindowTests" name="TestSaveBadFile" />
    </UnitTest>
    <UnitTest name="TestSave" storage="c:\src\nodejstools\buildoutput\release14.0\tests\nodetests.dll" priority="0" id="a3b19c85-f282-1bf7-22cc-34b7a6378666">
      <Execution id="edd47cc3-c4ea-4706-8d7e-97a14acb3dad" />
      <TestMethod codeBase="C:\src\nodejstools\BuildOutput\Release14.0\Tests\NodeTests.dll" adapterTypeName="Microsoft.VisualStudio.TestTools.TestTypes.Unit.UnitTestAdapter" className="NodejsTests.ReplWindowTests" name="TestSave" />
    </UnitTest>
    <UnitTest name="TestBadSave" storage="c:\src\nodejstools\buildoutput\release14.0\tests\nodetests.dll" priority="0" id="7f22a8d8-7f1c-c3c6-bd88-c22cc59b7d6d">
      <Execution id="a9d784c8-7c39-43b7-9700-9bacdf3aade0" />
      <TestMethod codeBase="C:\src\nodejstools\BuildOutput\Release14.0\Tests\NodeTests.dll" adapterTypeName="Microsoft.VisualStudio.TestTools.TestTypes.Unit.UnitTestAdapter" className="NodejsTests.ReplWindowTests" name="TestBadSave" />
    </UnitTest>
    <UnitTest name="ReplEvaluatorProvider" storage="c:\src\nodejstools\buildoutput\release14.0\tests\nodetests.dll" priority="0" id="59dd8d4a-92f0-2503-041c-196b8985dc75">
      <Execution id="a78a18bb-a58d-4385-9505-1c961cd0630a" />
      <TestMethod codeBase="C:\src\nodejstools\BuildOutput\Release14.0\Tests\NodeTests.dll" adapterTypeName="Microsoft.VisualStudio.TestTools.TestTypes.Unit.UnitTestAdapter" className="NodejsTests.ReplWindowTests" name="ReplEvaluatorProvider" />
    </UnitTest>
    <UnitTest name="TestPartialInputs" storage="c:\src\nodejstools\buildoutput\release14.0\tests\nodetests.dll" priority="0" id="80e2bd5c-7d7b-44ad-7139-a0eab64b5adb">
      <Execution id="7efc9397-cd1d-4e2c-8000-7958e2e8efbd" />
      <TestMethod codeBase="C:\src\nodejstools\BuildOutput\Release14.0\Tests\NodeTests.dll" adapterTypeName="Microsoft.VisualStudio.TestTools.TestTypes.Unit.UnitTestAdapter" className="NodejsTests.ReplWindowTests" name="TestPartialInputs" />
    </UnitTest>
    <UnitTest name="TestVarI" storage="c:\src\nodejstools\buildoutput\release14.0\tests\nodetests.dll" priority="0" id="39f65f06-894f-0b82-11d0-a6a785bd7236">
      <Execution id="68e1f032-93cd-4912-a3a8-2b6a69e50a90" />
      <TestMethod codeBase="C:\src\nodejstools\BuildOutput\Release14.0\Tests\NodeTests.dll" adapterTypeName="Microsoft.VisualStudio.TestTools.TestTypes.Unit.UnitTestAdapter" className="NodejsTests.ReplWindowTests" name="TestVarI" />
    </UnitTest>
    <UnitTest name="TestObjectLiteral" storage="c:\src\nodejstools\buildoutput\release14.0\tests\nodetests.dll" priority="0" id="b0197713-c49a-afa4-7b0c-921c0cac0b4a">
      <Execution id="55ea6b77-013f-40a9-9f44-6cdd5257a7dc" />
      <TestMethod codeBase="C:\src\nodejstools\BuildOutput\Release14.0\Tests\NodeTests.dll" adapterTypeName="Microsoft.VisualStudio.TestTools.TestTypes.Unit.UnitTestAdapter" className="NodejsTests.ReplWindowTests" name="TestObjectLiteral" />
    </UnitTest>
    <UnitTest name="TestRequireInProject" storage="c:\src\nodejstools\buildoutput\release14.0\tests\nodetests.dll" priority="0" id="ef162393-1851-ecb0-1925-9096bac5d02d">
      <Execution id="b3da6a84-4409-4d5b-98e1-5ccb1da2cb1a" />
      <TestMethod codeBase="C:\src\nodejstools\BuildOutput\Release14.0\Tests\NodeTests.dll" adapterTypeName="Microsoft.VisualStudio.TestTools.TestTypes.Unit.UnitTestAdapter" className="NodejsTests.ReplWindowTests" name="TestRequireInProject" />
    </UnitTest>
    <UnitTest name="TestNpmReplCommandProcessExitSucceeds" storage="c:\src\nodejstools\buildoutput\release14.0\tests\nodetests.dll" priority="0" id="70dc63dd-6db5-d4ce-6b91-a1d4e8f64037">
      <Execution id="8da1e7b3-ab85-41dd-b05a-f009f8f40e8f" />
      <TestMethod codeBase="C:\src\nodejstools\BuildOutput\Release14.0\Tests\NodeTests.dll" adapterTypeName="Microsoft.VisualStudio.TestTools.TestTypes.Unit.UnitTestAdapter" className="NodejsTests.ReplWindowTests" name="TestNpmReplCommandProcessExitSucceeds" />
    </UnitTest>
    <UnitTest name="TestNpmReplRedirector" storage="c:\src\nodejstools\buildoutput\release14.0\tests\nodetests.dll" priority="0" id="a4193514-8d12-deb0-d56a-ee86033d7347">
      <Execution id="8774fd61-6edd-4de0-bcf3-4d4d2a3a2f1c" />
      <TestMethod codeBase="C:\src\nodejstools\BuildOutput\Release14.0\Tests\NodeTests.dll" adapterTypeName="Microsoft.VisualStudio.TestTools.TestTypes.Unit.UnitTestAdapter" className="NodejsTests.ReplWindowTests" name="TestNpmReplRedirector" />
    </UnitTest>
    <UnitTest name="TestBadMappings" storage="c:\src\nodejstools\buildoutput\release14.0\tests\nodetests.dll" priority="0" id="77b6e7a7-3872-5eb8-902d-3228c23f4a23">
      <Execution id="8e5c473c-6e67-453f-bf50-0fc6def1d57a" />
      <TestMethod codeBase="C:\src\nodejstools\BuildOutput\Release14.0\Tests\NodeTests.dll" adapterTypeName="Microsoft.VisualStudio.TestTools.TestTypes.Unit.UnitTestAdapter" className="NodejsTests.SourceMapTests" name="TestBadMappings" />
    </UnitTest>
    <UnitTest name="TestMappingLine" storage="c:\src\nodejstools\buildoutput\release14.0\tests\nodetests.dll" priority="0" id="4e85f19b-7c92-654c-149f-735d036241bb">
      <Execution id="d5662f56-15e2-4f7a-b49c-bbb94c4e5f78" />
      <TestMethod codeBase="C:\src\nodejstools\BuildOutput\Release14.0\Tests\NodeTests.dll" adapterTypeName="Microsoft.VisualStudio.TestTools.TestTypes.Unit.UnitTestAdapter" className="NodejsTests.SourceMapTests" name="TestMappingLine" />
    </UnitTest>
    <UnitTest name="TestMappingLineAndColumn" storage="c:\src\nodejstools\buildoutput\release14.0\tests\nodetests.dll" priority="0" id="6bacf828-8a12-33f5-f68e-5982621f98c8">
      <Execution id="ee3d6471-5635-4c74-8b57-936c1088b578" />
      <TestMethod codeBase="C:\src\nodejstools\BuildOutput\Release14.0\Tests\NodeTests.dll" adapterTypeName="Microsoft.VisualStudio.TestTools.TestTypes.Unit.UnitTestAdapter" className="NodejsTests.SourceMapTests" name="TestMappingLineAndColumn" />
    </UnitTest>
    <UnitTest name="TestVersion" storage="c:\src\nodejstools\buildoutput\release14.0\tests\nodetests.dll" priority="0" id="639477a8-ef37-e423-42ed-c3b418ea23bf">
      <Execution id="27d0eb55-8d79-474c-9c40-5c7376a0c88b" />
      <TestMethod codeBase="C:\src\nodejstools\BuildOutput\Release14.0\Tests\NodeTests.dll" adapterTypeName="Microsoft.VisualStudio.TestTools.TestTypes.Unit.UnitTestAdapter" className="NodejsTests.SourceMapTests" name="TestVersion" />
    </UnitTest>
    <UnitTest name="TestNames" storage="c:\src\nodejstools\buildoutput\release14.0\tests\nodetests.dll" priority="0" id="8e1e9ba8-daec-5288-002e-64af32106f79">
      <Execution id="b1fd9a8a-715a-41d0-b51a-a3261fd79480" />
      <TestMethod codeBase="C:\src\nodejstools\BuildOutput\Release14.0\Tests\NodeTests.dll" adapterTypeName="Microsoft.VisualStudio.TestTools.TestTypes.Unit.UnitTestAdapter" className="NodejsTests.SourceMapTests" name="TestNames" />
    </UnitTest>
    <UnitTest name="TestSources" storage="c:\src\nodejstools\buildoutput\release14.0\tests\nodetests.dll" priority="0" id="c863a546-85d8-aed2-ca97-ad93b1f0db5d">
      <Execution id="a413be15-883f-44cd-a4cc-c73f28830eb2" />
      <TestMethod codeBase="C:\src\nodejstools\BuildOutput\Release14.0\Tests\NodeTests.dll" adapterTypeName="Microsoft.VisualStudio.TestTools.TestTypes.Unit.UnitTestAdapter" className="NodejsTests.SourceMapTests" name="TestSources" />
    </UnitTest>
    <UnitTest name="TestFile" storage="c:\src\nodejstools\buildoutput\release14.0\tests\nodetests.dll" priority="0" id="3b2668e9-f48e-5b01-3e50-cd0bf73394db">
      <Execution id="bc11612b-0700-448e-a9ed-e8bb561f0da0" />
      <TestMethod codeBase="C:\src\nodejstools\BuildOutput\Release14.0\Tests\NodeTests.dll" adapterTypeName="Microsoft.VisualStudio.TestTools.TestTypes.Unit.UnitTestAdapter" className="NodejsTests.SourceMapTests" name="TestFile" />
    </UnitTest>
    <UnitTest name="TestInvalidJson" storage="c:\src\nodejstools\buildoutput\release14.0\tests\nodetests.dll" priority="0" id="2e418e57-cf38-f623-be5d-520bc66e4943">
      <Execution id="aa68fcab-9320-4608-bfc1-da88c391d3f3" />
      <TestMethod codeBase="C:\src\nodejstools\BuildOutput\Release14.0\Tests\NodeTests.dll" adapterTypeName="Microsoft.VisualStudio.TestTools.TestTypes.Unit.UnitTestAdapter" className="NodejsTests.SourceMapTests" name="TestInvalidJson" />
    </UnitTest>
    <UnitTest name="TestMapToOriginal" storage="c:\src\nodejstools\buildoutput\release14.0\tests\nodetests.dll" priority="0" id="ba66983b-3fdd-3b64-a015-f8ea12d9f188">
      <Execution id="d3021d12-584f-4d01-926c-def743093918" />
      <TestMethod codeBase="C:\src\nodejstools\BuildOutput\Release14.0\Tests\NodeTests.dll" adapterTypeName="Microsoft.VisualStudio.TestTools.TestTypes.Unit.UnitTestAdapter" className="NodejsTests.SourceMapTests" name="TestMapToOriginal" />
    </UnitTest>
    <UnitTest name="TestMapToJavaScript" storage="c:\src\nodejstools\buildoutput\release14.0\tests\nodetests.dll" priority="0" id="9d49ff86-06e8-6f3e-65d2-e7f5af8827a1">
      <Execution id="aaaa64a0-9667-4ead-a707-3d9e4937d0a1" />
      <TestMethod codeBase="C:\src\nodejstools\BuildOutput\Release14.0\Tests\NodeTests.dll" adapterTypeName="Microsoft.VisualStudio.TestTools.TestTypes.Unit.UnitTestAdapter" className="NodejsTests.SourceMapTests" name="TestMapToJavaScript" />
    </UnitTest>
    <UnitTest name="TestGetOriginalFileNameWithStackFrame" storage="c:\src\nodejstools\buildoutput\release14.0\tests\nodetests.dll" priority="0" id="50726f0c-eb00-a96f-99e0-949f10aa1055">
      <Execution id="ed4058ab-6d88-4031-a082-1eb71613152e" />
      <TestMethod codeBase="C:\src\nodejstools\BuildOutput\Release14.0\Tests\NodeTests.dll" adapterTypeName="Microsoft.VisualStudio.TestTools.TestTypes.Unit.UnitTestAdapter" className="NodejsTests.SourceMapTests" name="TestGetOriginalFileNameWithStackFrame" />
    </UnitTest>
    <UnitTest name="TestPackageJsonTemplateEncoding" storage="c:\src\nodejstools\buildoutput\release14.0\tests\nodetests.dll" priority="0" id="ad354401-dc2d-642e-2255-83483719b6aa">
      <Execution id="eec7cbfa-acae-42aa-913d-e2b2d8e7ae68" />
      <TestMethod codeBase="C:\src\nodejstools\BuildOutput\Release14.0\Tests\NodeTests.dll" adapterTypeName="Microsoft.VisualStudio.TestTools.TestTypes.Unit.UnitTestAdapter" className="NodejsTests.TemplateTests" name="TestPackageJsonTemplateEncoding" />
    </UnitTest>
    <UnitTest name="GetStandardValues_CheckValueSequence" storage="c:\src\nodejstools\buildoutput\release14.0\tests\nodetests.dll" priority="0" id="0a1a0e56-b04d-91c3-56b4-49432dfb5020">
      <Execution id="f130198e-5c40-4f18-b7d4-7cbf47581112" />
      <TestMethod codeBase="C:\src\nodejstools\BuildOutput\Release14.0\Tests\NodeTests.dll" adapterTypeName="Microsoft.VisualStudio.TestTools.TestTypes.Unit.UnitTestAdapter" className="NodejsTests.TestFrameworkStringConverterTest" name="GetStandardValues_CheckValueSequence" />
    </UnitTest>
    <UnitTest name="TestBreakAll" storage="c:\src\nodejstools\buildoutput\release14.0\tests\nodetests.dll" priority="0" id="f608b6d2-cbe9-a5dc-b4cc-65bf650ee73d">
      <Execution id="382a7fe3-3efd-4ba7-9a50-fb3afd544a1f" />
      <TestMethod codeBase="C:\src\nodejstools\BuildOutput\Release14.0\Tests\NodeTests.dll" adapterTypeName="Microsoft.VisualStudio.TestTools.TestTypes.Unit.UnitTestAdapter" className="NodejsTests.Debugger.DebuggerTests" name="TestBreakAll" />
    </UnitTest>
    <UnitTest name="EvalTests" storage="c:\src\nodejstools\buildoutput\release14.0\tests\nodetests.dll" priority="0" id="465c0867-76b1-563c-535c-033ed584aaa8">
      <Execution id="eb0c41cc-f0fd-4d4b-83de-76106e6a0546" />
      <TestMethod codeBase="C:\src\nodejstools\BuildOutput\Release14.0\Tests\NodeTests.dll" adapterTypeName="Microsoft.VisualStudio.TestTools.TestTypes.Unit.UnitTestAdapter" className="NodejsTests.Debugger.DebuggerTests" name="EvalTests" />
    </UnitTest>
    <UnitTest name="LocalsTest" storage="c:\src\nodejstools\buildoutput\release14.0\tests\nodetests.dll" priority="0" id="344d1bbd-a53e-7c18-c1eb-f63d3767474f">
      <Execution id="68cd10c2-ceef-4cd9-a0c3-26b83b63c2b7" />
      <TestMethod codeBase="C:\src\nodejstools\BuildOutput\Release14.0\Tests\NodeTests.dll" adapterTypeName="Microsoft.VisualStudio.TestTools.TestTypes.Unit.UnitTestAdapter" className="NodejsTests.Debugger.DebuggerTests" name="LocalsTest" />
    </UnitTest>
    <UnitTest name="SpecialNumberLocalsTest" storage="c:\src\nodejstools\buildoutput\release14.0\tests\nodetests.dll" priority="0" id="aa1f3397-efe8-0dea-4d66-2732056401d2">
      <Execution id="ee72acfa-6daa-47ea-b54b-9ee0ae94666f" />
      <TestMethod codeBase="C:\src\nodejstools\BuildOutput\Release14.0\Tests\NodeTests.dll" adapterTypeName="Microsoft.VisualStudio.TestTools.TestTypes.Unit.UnitTestAdapter" className="NodejsTests.Debugger.DebuggerTests" name="SpecialNumberLocalsTest" />
    </UnitTest>
    <UnitTest name="GlobalsTest" storage="c:\src\nodejstools\buildoutput\release14.0\tests\nodetests.dll" priority="0" id="6a245f2a-919d-90d2-4b2b-2349bbf5d94c">
      <Execution id="3a3e5500-e551-468e-84a0-16987b52ddad" />
      <TestMethod codeBase="C:\src\nodejstools\BuildOutput\Release14.0\Tests\NodeTests.dll" adapterTypeName="Microsoft.VisualStudio.TestTools.TestTypes.Unit.UnitTestAdapter" className="NodejsTests.Debugger.DebuggerTests" name="GlobalsTest" />
    </UnitTest>
    <UnitTest name="StepTest" storage="c:\src\nodejstools\buildoutput\release14.0\tests\nodetests.dll" priority="0" id="0edcf6c9-2c67-67b1-abd4-af2ea5c89182">
      <Execution id="67a33afa-ed27-4ee1-893f-68d0ee6adafd" />
      <TestMethod codeBase="C:\src\nodejstools\BuildOutput\Release14.0\Tests\NodeTests.dll" adapterTypeName="Microsoft.VisualStudio.TestTools.TestTypes.Unit.UnitTestAdapter" className="NodejsTests.Debugger.DebuggerTests" name="StepTest" />
    </UnitTest>
    <UnitTest name="Startup_NoBreakOnEntryPoint" storage="c:\src\nodejstools\buildoutput\release14.0\tests\nodetests.dll" priority="0" id="87d6fb0c-b810-e4b2-8298-b75d3b5e519d">
      <Execution id="3f2206cf-ede4-40a5-b9e1-cb0d5f47063d" />
      <TestMethod codeBase="C:\src\nodejstools\BuildOutput\Release14.0\Tests\NodeTests.dll" adapterTypeName="Microsoft.VisualStudio.TestTools.TestTypes.Unit.UnitTestAdapter" className="NodejsTests.Debugger.DebuggerTests" name="Startup_NoBreakOnEntryPoint" />
    </UnitTest>
    <UnitTest name="Startup_BreakOnEntryPoint" storage="c:\src\nodejstools\buildoutput\release14.0\tests\nodetests.dll" priority="0" id="3792adcf-6d02-b879-480a-badadefc096d">
      <Execution id="64727942-fb8c-4647-936b-266c5abc97cf" />
      <TestMethod codeBase="C:\src\nodejstools\BuildOutput\Release14.0\Tests\NodeTests.dll" adapterTypeName="Microsoft.VisualStudio.TestTools.TestTypes.Unit.UnitTestAdapter" className="NodejsTests.Debugger.DebuggerTests" name="Startup_BreakOnEntryPoint" />
    </UnitTest>
    <UnitTest name="Startup_BreakOnEntryPointBreakPoint" storage="c:\src\nodejstools\buildoutput\release14.0\tests\nodetests.dll" priority="0" id="d5ee6ddd-96f7-0db7-359f-03f8c895754d">
      <Execution id="25f40dd2-b441-43b6-9abf-e53d77b4452a" />
      <TestMethod codeBase="C:\src\nodejstools\BuildOutput\Release14.0\Tests\NodeTests.dll" adapterTypeName="Microsoft.VisualStudio.TestTools.TestTypes.Unit.UnitTestAdapter" className="NodejsTests.Debugger.DebuggerTests" name="Startup_BreakOnEntryPointBreakPoint" />
    </UnitTest>
    <UnitTest name="Startup_NoBreakOnEntryPointTracePoint" storage="c:\src\nodejstools\buildoutput\release14.0\tests\nodetests.dll" priority="0" id="c0b09c55-c55d-7364-18f3-f7c5d286baff">
      <Execution id="a926ee8b-55f4-4198-b159-ca670c0b23c8" />
      <TestMethod codeBase="C:\src\nodejstools\BuildOutput\Release14.0\Tests\NodeTests.dll" adapterTypeName="Microsoft.VisualStudio.TestTools.TestTypes.Unit.UnitTestAdapter" className="NodejsTests.Debugger.DebuggerTests" name="Startup_NoBreakOnEntryPointTracePoint" />
    </UnitTest>
    <UnitTest name="Startup_BreakOnEntryPointTracePoint" storage="c:\src\nodejstools\buildoutput\release14.0\tests\nodetests.dll" priority="0" id="3390dcfa-9abe-d587-19d4-c3247694662a">
      <Execution id="372931a5-64b3-4511-909b-b3213e2da016" />
      <TestMethod codeBase="C:\src\nodejstools\BuildOutput\Release14.0\Tests\NodeTests.dll" adapterTypeName="Microsoft.VisualStudio.TestTools.TestTypes.Unit.UnitTestAdapter" className="NodejsTests.Debugger.DebuggerTests" name="Startup_BreakOnEntryPointTracePoint" />
    </UnitTest>
    <UnitTest name="Startup_NoBreakOnEntryPointBreakOn" storage="c:\src\nodejstools\buildoutput\release14.0\tests\nodetests.dll" priority="0" id="2ef75974-914f-1d91-f3b1-4f3850630376">
      <Execution id="75512f3f-eb85-48a8-8081-8bc496e0677b" />
      <TestMethod codeBase="C:\src\nodejstools\BuildOutput\Release14.0\Tests\NodeTests.dll" adapterTypeName="Microsoft.VisualStudio.TestTools.TestTypes.Unit.UnitTestAdapter" className="NodejsTests.Debugger.DebuggerTests" name="Startup_NoBreakOnEntryPointBreakOn" />
    </UnitTest>
    <UnitTest name="Startup_BreakOnEntryPointBreakOn" storage="c:\src\nodejstools\buildoutput\release14.0\tests\nodetests.dll" priority="0" id="09617235-e74e-85d9-6c63-3b16e8becc54">
      <Execution id="454f6a24-6693-4f27-851a-e556990e907e" />
      <TestMethod codeBase="C:\src\nodejstools\BuildOutput\Release14.0\Tests\NodeTests.dll" adapterTypeName="Microsoft.VisualStudio.TestTools.TestTypes.Unit.UnitTestAdapter" className="NodejsTests.Debugger.DebuggerTests" name="Startup_BreakOnEntryPointBreakOn" />
    </UnitTest>
    <UnitTest name="Running_AccrossBreakPoint" storage="c:\src\nodejstools\buildoutput\release14.0\tests\nodetests.dll" priority="0" id="6ebb4e07-3687-8f59-ced2-371aa620d7c1">
      <Execution id="934d3f1d-1a20-46fd-a0d9-53a5edb6f747" />
      <TestMethod codeBase="C:\src\nodejstools\BuildOutput\Release14.0\Tests\NodeTests.dll" adapterTypeName="Microsoft.VisualStudio.TestTools.TestTypes.Unit.UnitTestAdapter" className="NodejsTests.Debugger.DebuggerTests" name="Running_AccrossBreakPoint" />
    </UnitTest>
    <UnitTest name="Running_AccrossTracePoint" storage="c:\src\nodejstools\buildoutput\release14.0\tests\nodetests.dll" priority="0" id="4d8d70eb-86be-c387-7885-053ad4c6e374">
      <Execution id="d5783122-4168-46e3-bb23-50ab8e54735c" />
      <TestMethod codeBase="C:\src\nodejstools\BuildOutput\Release14.0\Tests\NodeTests.dll" adapterTypeName="Microsoft.VisualStudio.TestTools.TestTypes.Unit.UnitTestAdapter" className="NodejsTests.Debugger.DebuggerTests" name="Running_AccrossTracePoint" />
    </UnitTest>
    <UnitTest name="Stepping_Basic" storage="c:\src\nodejstools\buildoutput\release14.0\tests\nodetests.dll" priority="0" id="79fdd438-18f8-0a34-8447-f6cf19674e4f">
      <Execution id="c609ef01-4923-4575-b819-176bd82e987c" />
      <TestMethod codeBase="C:\src\nodejstools\BuildOutput\Release14.0\Tests\NodeTests.dll" adapterTypeName="Microsoft.VisualStudio.TestTools.TestTypes.Unit.UnitTestAdapter" className="NodejsTests.Debugger.DebuggerTests" name="Stepping_Basic" />
    </UnitTest>
    <UnitTest name="Stepping_AccrossBreakPoints" storage="c:\src\nodejstools\buildoutput\release14.0\tests\nodetests.dll" priority="0" id="4cb7b4c8-ffbf-e203-2246-fb57039f0155">
      <Execution id="37169b37-5033-4c6e-8cb3-092db1c2f09a" />
      <TestMethod codeBase="C:\src\nodejstools\BuildOutput\Release14.0\Tests\NodeTests.dll" adapterTypeName="Microsoft.VisualStudio.TestTools.TestTypes.Unit.UnitTestAdapter" className="NodejsTests.Debugger.DebuggerTests" name="Stepping_AccrossBreakPoints" />
    </UnitTest>
    <UnitTest name="Stepping_AccrossTracePoints" storage="c:\src\nodejstools\buildoutput\release14.0\tests\nodetests.dll" priority="0" id="17de3b2f-b78b-b790-e313-97579fb64211">
      <Execution id="c026b89c-6094-49f2-8f21-0b53fdbaf56f" />
      <TestMethod codeBase="C:\src\nodejstools\BuildOutput\Release14.0\Tests\NodeTests.dll" adapterTypeName="Microsoft.VisualStudio.TestTools.TestTypes.Unit.UnitTestAdapter" className="NodejsTests.Debugger.DebuggerTests" name="Stepping_AccrossTracePoints" />
    </UnitTest>
    <UnitTest name="Stepping_AcrossCaughtExceptions" storage="c:\src\nodejstools\buildoutput\release14.0\tests\nodetests.dll" priority="0" id="cc67ae4d-c9b5-c297-cf93-b5084c27bedb">
      <Execution id="363fb420-f536-454f-9386-78f62543abcd" />
      <TestMethod codeBase="C:\src\nodejstools\BuildOutput\Release14.0\Tests\NodeTests.dll" adapterTypeName="Microsoft.VisualStudio.TestTools.TestTypes.Unit.UnitTestAdapter" className="NodejsTests.Debugger.DebuggerTests" name="Stepping_AcrossCaughtExceptions" />
    </UnitTest>
    <UnitTest name="DebuggingDownloaded" storage="c:\src\nodejstools\buildoutput\release14.0\tests\nodetests.dll" priority="0" id="bdb1e113-1bab-a008-2a59-04e70433a267">
      <Execution id="1feeda43-cd22-4c9e-b582-7c780d05b974" />
      <TestMethod codeBase="C:\src\nodejstools\BuildOutput\Release14.0\Tests\NodeTests.dll" adapterTypeName="Microsoft.VisualStudio.TestTools.TestTypes.Unit.UnitTestAdapter" className="NodejsTests.Debugger.DebuggerTests" name="DebuggingDownloaded" />
    </UnitTest>
    <UnitTest name="Breaking_InFunctionPassedFewerThanTakenParms" storage="c:\src\nodejstools\buildoutput\release14.0\tests\nodetests.dll" priority="0" id="1a818f28-7322-ded1-a1bd-2415f6b59c6c">
      <Execution id="24ce950b-caff-4840-8b16-ee461884675e" />
      <TestMethod codeBase="C:\src\nodejstools\BuildOutput\Release14.0\Tests\NodeTests.dll" adapterTypeName="Microsoft.VisualStudio.TestTools.TestTypes.Unit.UnitTestAdapter" className="NodejsTests.Debugger.DebuggerTests" name="Breaking_InFunctionPassedFewerThanTakenParms" />
    </UnitTest>
    <UnitTest name="Stepping_IntoFunctionPassedFewerThanTakenParms" storage="c:\src\nodejstools\buildoutput\release14.0\tests\nodetests.dll" priority="0" id="59fb2f79-2017-b8ad-7f98-01fadc124298">
      <Execution id="fca2b618-5465-4b2a-9362-44cb100cb642" />
      <TestMethod codeBase="C:\src\nodejstools\BuildOutput\Release14.0\Tests\NodeTests.dll" adapterTypeName="Microsoft.VisualStudio.TestTools.TestTypes.Unit.UnitTestAdapter" className="NodejsTests.Debugger.DebuggerTests" name="Stepping_IntoFunctionPassedFewerThanTakenParms" />
    </UnitTest>
    <UnitTest name="CannonicalHelloWorldTest" storage="c:\src\nodejstools\buildoutput\release14.0\tests\nodetests.dll" priority="0" id="96a8ff38-a71f-489e-bcb7-8f8b0060d306">
      <Execution id="aa46e06d-1dd5-45d1-b169-b7b790690e5c" />
      <TestMethod codeBase="C:\src\nodejstools\BuildOutput\Release14.0\Tests\NodeTests.dll" adapterTypeName="Microsoft.VisualStudio.TestTools.TestTypes.Unit.UnitTestAdapter" className="NodejsTests.Debugger.DebuggerTests" name="CannonicalHelloWorldTest" />
    </UnitTest>
    <UnitTest name="BreakOnFixedUpBreakpoint" storage="c:\src\nodejstools\buildoutput\release14.0\tests\nodetests.dll" priority="0" id="3d79a344-75f6-e578-90ad-665e432ae201">
      <Execution id="4fffbdbf-f0ef-4427-9f1a-99d3f16a220e" />
      <TestMethod codeBase="C:\src\nodejstools\BuildOutput\Release14.0\Tests\NodeTests.dll" adapterTypeName="Microsoft.VisualStudio.TestTools.TestTypes.Unit.UnitTestAdapter" className="NodejsTests.Debugger.DebuggerTests" name="BreakOnFixedUpBreakpoint" />
    </UnitTest>
    <UnitTest name="SetBreakpointWhileRunning" storage="c:\src\nodejstools\buildoutput\release14.0\tests\nodetests.dll" priority="0" id="15da28dc-926a-c756-26f1-32a6a04147d6">
      <Execution id="c78e2a23-96eb-4215-beb7-b0842caeddba" />
      <TestMethod codeBase="C:\src\nodejstools\BuildOutput\Release14.0\Tests\NodeTests.dll" adapterTypeName="Microsoft.VisualStudio.TestTools.TestTypes.Unit.UnitTestAdapter" className="NodejsTests.Debugger.DebuggerTests" name="SetBreakpointWhileRunning" />
    </UnitTest>
    <UnitTest name="TestBreakpoints" storage="c:\src\nodejstools\buildoutput\release14.0\tests\nodetests.dll" priority="0" id="cdd26a69-eb75-039c-858a-54ae69d2c7d4">
      <Execution id="bf27c65d-0104-47d8-8273-e113e57a37d5" />
      <TestMethod codeBase="C:\src\nodejstools\BuildOutput\Release14.0\Tests\NodeTests.dll" adapterTypeName="Microsoft.VisualStudio.TestTools.TestTypes.Unit.UnitTestAdapter" className="NodejsTests.Debugger.DebuggerTests" name="TestBreakpoints" />
    </UnitTest>
    <UnitTest name="TestBreakpoints2" storage="c:\src\nodejstools\buildoutput\release14.0\tests\nodetests.dll" priority="0" id="bfb0fdee-c32c-eb11-000f-f283b0d59b2f">
      <Execution id="fc3b0d28-09a8-4d87-a64a-6ddcfe593f03" />
      <TestMethod codeBase="C:\src\nodejstools\BuildOutput\Release14.0\Tests\NodeTests.dll" adapterTypeName="Microsoft.VisualStudio.TestTools.TestTypes.Unit.UnitTestAdapter" className="NodejsTests.Debugger.DebuggerTests" name="TestBreakpoints2" />
    </UnitTest>
    <UnitTest name="TestBreakpoints3" storage="c:\src\nodejstools\buildoutput\release14.0\tests\nodetests.dll" priority="0" id="d4cd5c5e-58db-d134-b609-a2ade8b7f6b8">
      <Execution id="33ee16b7-22f8-4f87-b4d8-690a9c6eacd7" />
      <TestMethod codeBase="C:\src\nodejstools\BuildOutput\Release14.0\Tests\NodeTests.dll" adapterTypeName="Microsoft.VisualStudio.TestTools.TestTypes.Unit.UnitTestAdapter" className="NodejsTests.Debugger.DebuggerTests" name="TestBreakpoints3" />
    </UnitTest>
    <UnitTest name="TestBreakpointsConditionals" storage="c:\src\nodejstools\buildoutput\release14.0\tests\nodetests.dll" priority="0" id="671a2a1e-b372-3f20-cc8a-e36140eac5ac">
      <Execution id="93dc0e44-c224-4d66-9a46-fb042a4cfd76" />
      <TestMethod codeBase="C:\src\nodejstools\BuildOutput\Release14.0\Tests\NodeTests.dll" adapterTypeName="Microsoft.VisualStudio.TestTools.TestTypes.Unit.UnitTestAdapter" className="NodejsTests.Debugger.DebuggerTests" name="TestBreakpointsConditionals" />
    </UnitTest>
    <UnitTest name="TestBreakpointEnable" storage="c:\src\nodejstools\buildoutput\release14.0\tests\nodetests.dll" priority="0" id="ab7a4746-ca12-c15e-a385-0cb87bfd7103">
      <Execution id="28961bda-f99b-471f-8956-586ec09920cd" />
      <TestMethod codeBase="C:\src\nodejstools\BuildOutput\Release14.0\Tests\NodeTests.dll" adapterTypeName="Microsoft.VisualStudio.TestTools.TestTypes.Unit.UnitTestAdapter" className="NodejsTests.Debugger.DebuggerTests" name="TestBreakpointEnable" />
    </UnitTest>
    <UnitTest name="TestBreakpointRemove" storage="c:\src\nodejstools\buildoutput\release14.0\tests\nodetests.dll" priority="0" id="64edb8d5-8141-75e0-7fa6-6c09c2fca1bb">
      <Execution id="f0777a70-cd32-44dc-8b53-89775a0abc86" />
      <TestMethod codeBase="C:\src\nodejstools\BuildOutput\Release14.0\Tests\NodeTests.dll" adapterTypeName="Microsoft.VisualStudio.TestTools.TestTypes.Unit.UnitTestAdapter" className="NodejsTests.Debugger.DebuggerTests" name="TestBreakpointRemove" />
    </UnitTest>
    <UnitTest name="TestBreakpointsBreakOn" storage="c:\src\nodejstools\buildoutput\release14.0\tests\nodetests.dll" priority="0" id="a17f7b74-a160-7261-a48d-f7431739cec1">
      <Execution id="65d6be14-5382-4b8e-8f2a-5c567e2a2c8b" />
      <TestMethod codeBase="C:\src\nodejstools\BuildOutput\Release14.0\Tests\NodeTests.dll" adapterTypeName="Microsoft.VisualStudio.TestTools.TestTypes.Unit.UnitTestAdapter" className="NodejsTests.Debugger.DebuggerTests" name="TestBreakpointsBreakOn" />
    </UnitTest>
    <UnitTest name="TestBreakpointsHitCount" storage="c:\src\nodejstools\buildoutput\release14.0\tests\nodetests.dll" priority="0" id="8016723c-60b5-d8f1-edc0-c053750112cf">
      <Execution id="40064424-985a-4a93-8a68-74d0125ce629" />
      <TestMethod codeBase="C:\src\nodejstools\BuildOutput\Release14.0\Tests\NodeTests.dll" adapterTypeName="Microsoft.VisualStudio.TestTools.TestTypes.Unit.UnitTestAdapter" className="NodejsTests.Debugger.DebuggerTests" name="TestBreakpointsHitCount" />
    </UnitTest>
    <UnitTest name="TestBreakpointInvalidLineFixup" storage="c:\src\nodejstools\buildoutput\release14.0\tests\nodetests.dll" priority="0" id="e7f2e4c6-779a-3876-5438-6a1d4caa82ad">
      <Execution id="b30412ff-25a4-47bf-b86f-78eb9462efbe" />
      <TestMethod codeBase="C:\src\nodejstools\BuildOutput\Release14.0\Tests\NodeTests.dll" adapterTypeName="Microsoft.VisualStudio.TestTools.TestTypes.Unit.UnitTestAdapter" className="NodejsTests.Debugger.DebuggerTests" name="TestBreakpointInvalidLineFixup" />
    </UnitTest>
    <UnitTest name="TestBreakpointPredicatedEntrypointNoFixup" storage="c:\src\nodejstools\buildoutput\release14.0\tests\nodetests.dll" priority="0" id="ad69edf5-2a74-5775-9ce1-7334e33d3574">
      <Execution id="b20fa789-080b-49af-841e-17c1c391b443" />
      <TestMethod codeBase="C:\src\nodejstools\BuildOutput\Release14.0\Tests\NodeTests.dll" adapterTypeName="Microsoft.VisualStudio.TestTools.TestTypes.Unit.UnitTestAdapter" className="NodejsTests.Debugger.DebuggerTests" name="TestBreakpointPredicatedEntrypointNoFixup" />
    </UnitTest>
    <UnitTest name="TestBreakpointPredicatedEntrypointBlankLineFixup" storage="c:\src\nodejstools\buildoutput\release14.0\tests\nodetests.dll" priority="0" id="e89fe03c-f24b-250b-0c1d-47f1a55c052e">
      <Execution id="94b5fb24-de26-412d-8fb9-643689cf7876" />
      <TestMethod codeBase="C:\src\nodejstools\BuildOutput\Release14.0\Tests\NodeTests.dll" adapterTypeName="Microsoft.VisualStudio.TestTools.TestTypes.Unit.UnitTestAdapter" className="NodejsTests.Debugger.DebuggerTests" name="TestBreakpointPredicatedEntrypointBlankLineFixup" />
    </UnitTest>
    <UnitTest name="TestBreakpointPredicatedEntrypointCommentFixup" storage="c:\src\nodejstools\buildoutput\release14.0\tests\nodetests.dll" priority="0" id="81ad0404-2221-456c-959b-f860cd838d05">
      <Execution id="aca85fea-e239-4c84-92fc-7a8cf55755aa" />
      <TestMethod codeBase="C:\src\nodejstools\BuildOutput\Release14.0\Tests\NodeTests.dll" adapterTypeName="Microsoft.VisualStudio.TestTools.TestTypes.Unit.UnitTestAdapter" className="NodejsTests.Debugger.DebuggerTests" name="TestBreakpointPredicatedEntrypointCommentFixup" />
    </UnitTest>
    <UnitTest name="TestDuplicateFileName" storage="c:\src\nodejstools\buildoutput\release14.0\tests\nodetests.dll" priority="0" id="795a2860-4e08-4924-b3a0-107349dedc7a">
      <Execution id="8f9a7e8f-8969-476a-b9d8-feae6fc87a0b" />
      <TestMethod codeBase="C:\src\nodejstools\BuildOutput\Release14.0\Tests\NodeTests.dll" adapterTypeName="Microsoft.VisualStudio.TestTools.TestTypes.Unit.UnitTestAdapter" className="NodejsTests.Debugger.DebuggerTests" name="TestDuplicateFileName" />
    </UnitTest>
    <UnitTest name="TestExceptions" storage="c:\src\nodejstools\buildoutput\release14.0\tests\nodetests.dll" priority="0" id="33a84db1-e9dd-3ee3-fe47-0c9e4614fa0c">
      <Execution id="92e70840-63cc-4c98-8011-954e66af3b20" />
      <TestMethod codeBase="C:\src\nodejstools\BuildOutput\Release14.0\Tests\NodeTests.dll" adapterTypeName="Microsoft.VisualStudio.TestTools.TestTypes.Unit.UnitTestAdapter" className="NodejsTests.Debugger.DebuggerTests" name="TestExceptions" />
    </UnitTest>
    <UnitTest name="TestExceptionsTypes" storage="c:\src\nodejstools\buildoutput\release14.0\tests\nodetests.dll" priority="0" id="c1751afa-b138-cff4-3d8c-f7874c92cebe">
      <Execution id="75ee24f7-e638-497d-bff1-e2f02c7fdc83" />
      <TestMethod codeBase="C:\src\nodejstools\BuildOutput\Release14.0\Tests\NodeTests.dll" adapterTypeName="Microsoft.VisualStudio.TestTools.TestTypes.Unit.UnitTestAdapter" className="NodejsTests.Debugger.DebuggerTests" name="TestExceptionsTypes" />
    </UnitTest>
    <UnitTest name="TestComplexExceptions" storage="c:\src\nodejstools\buildoutput\release14.0\tests\nodetests.dll" priority="0" id="0c5987a7-24b7-0c07-176b-2d0528370972">
      <Execution id="aff9b785-26bc-46f9-b236-a22b61b9c535" />
      <TestMethod codeBase="C:\src\nodejstools\BuildOutput\Release14.0\Tests\NodeTests.dll" adapterTypeName="Microsoft.VisualStudio.TestTools.TestTypes.Unit.UnitTestAdapter" className="NodejsTests.Debugger.DebuggerTests" name="TestComplexExceptions" />
    </UnitTest>
    <UnitTest name="TestRequireExceptions" storage="c:\src\nodejstools\buildoutput\release14.0\tests\nodetests.dll" priority="0" id="9db528cd-051f-fa55-c61f-f599401fea74">
      <Execution id="f9baf650-c9d6-4eb2-ae8e-5b5cb9be3420" />
      <TestMethod codeBase="C:\src\nodejstools\BuildOutput\Release14.0\Tests\NodeTests.dll" adapterTypeName="Microsoft.VisualStudio.TestTools.TestTypes.Unit.UnitTestAdapter" className="NodejsTests.Debugger.DebuggerTests" name="TestRequireExceptions" />
    </UnitTest>
    <UnitTest name="TestExceptionInEvaluatedCode" storage="c:\src\nodejstools\buildoutput\release14.0\tests\nodetests.dll" priority="0" id="b8d25fe9-04f7-6161-978d-339a6feb5746">
      <Execution id="2afac78a-7218-42de-9cb1-7d718898258d" />
      <TestMethod codeBase="C:\src\nodejstools\BuildOutput\Release14.0\Tests\NodeTests.dll" adapterTypeName="Microsoft.VisualStudio.TestTools.TestTypes.Unit.UnitTestAdapter" className="NodejsTests.Debugger.DebuggerTests" name="TestExceptionInEvaluatedCode" />
    </UnitTest>
    <UnitTest name="Stepping_AccrossDeepThrow" storage="c:\src\nodejstools\buildoutput\release14.0\tests\nodetests.dll" priority="0" id="3c9a9ba6-1191-77bb-d230-b01888a8a40a">
      <Execution id="d321d42d-1051-4435-b8ab-fc1846a05672" />
      <TestMethod codeBase="C:\src\nodejstools\BuildOutput\Release14.0\Tests\NodeTests.dll" adapterTypeName="Microsoft.VisualStudio.TestTools.TestTypes.Unit.UnitTestAdapter" className="NodejsTests.Debugger.DebuggerTests" name="Stepping_AccrossDeepThrow" />
    </UnitTest>
    <UnitTest name="Stepping_AccrossDeepTracePoint" storage="c:\src\nodejstools\buildoutput\release14.0\tests\nodetests.dll" priority="0" id="c6686b5a-e730-99e9-3a89-90fb4c2a3423">
      <Execution id="d9383aa2-721b-4686-aa42-1653bd39e81c" />
      <TestMethod codeBase="C:\src\nodejstools\BuildOutput\Release14.0\Tests\NodeTests.dll" adapterTypeName="Microsoft.VisualStudio.TestTools.TestTypes.Unit.UnitTestAdapter" className="NodejsTests.Debugger.DebuggerTests" name="Stepping_AccrossDeepTracePoint" />
    </UnitTest>
    <UnitTest name="Stepping_AccrossDeepFixedUpTracePoint" storage="c:\src\nodejstools\buildoutput\release14.0\tests\nodetests.dll" priority="0" id="5212e677-7370-96db-7d97-8f13450819da">
      <Execution id="4f894324-183c-43ea-8a20-2153b3435545" />
      <TestMethod codeBase="C:\src\nodejstools\BuildOutput\Release14.0\Tests\NodeTests.dll" adapterTypeName="Microsoft.VisualStudio.TestTools.TestTypes.Unit.UnitTestAdapter" className="NodejsTests.Debugger.DebuggerTests" name="Stepping_AccrossDeepFixedUpTracePoint" />
    </UnitTest>
    <UnitTest name="TestModuleLoad" storage="c:\src\nodejstools\buildoutput\release14.0\tests\nodetests.dll" priority="0" id="006078c2-d29f-3d72-a114-1f6f5d1607f5">
      <Execution id="429e84fb-7ae2-4760-b627-f5e6a8f2e6db" />
      <TestMethod codeBase="C:\src\nodejstools\BuildOutput\Release14.0\Tests\NodeTests.dll" adapterTypeName="Microsoft.VisualStudio.TestTools.TestTypes.Unit.UnitTestAdapter" className="NodejsTests.Debugger.DebuggerTests" name="TestModuleLoad" />
    </UnitTest>
    <UnitTest name="TestExitNormal" storage="c:\src\nodejstools\buildoutput\release14.0\tests\nodetests.dll" priority="0" id="4102fb38-8c1d-fcf3-f680-53588b1c9b78">
      <Execution id="c6f4aff3-d37a-419c-ac16-334503dcb235" />
      <TestMethod codeBase="C:\src\nodejstools\BuildOutput\Release14.0\Tests\NodeTests.dll" adapterTypeName="Microsoft.VisualStudio.TestTools.TestTypes.Unit.UnitTestAdapter" className="NodejsTests.Debugger.DebuggerTests" name="TestExitNormal" />
    </UnitTest>
    <UnitTest name="TestExitException" storage="c:\src\nodejstools\buildoutput\release14.0\tests\nodetests.dll" priority="0" id="56c63d12-affc-7d4e-a992-e6c381721b00">
      <Execution id="c3a64cfb-c58d-4cdc-b9ff-a961ed2e752c" />
      <TestMethod codeBase="C:\src\nodejstools\BuildOutput\Release14.0\Tests\NodeTests.dll" adapterTypeName="Microsoft.VisualStudio.TestTools.TestTypes.Unit.UnitTestAdapter" className="NodejsTests.Debugger.DebuggerTests" name="TestExitException" />
    </UnitTest>
    <UnitTest name="TestExitExplicit" storage="c:\src\nodejstools\buildoutput\release14.0\tests\nodetests.dll" priority="0" id="81a01f18-83d0-888c-5068-0b448c17d593">
      <Execution id="3403ebef-e65a-42c9-9f0f-36fc594af811" />
      <TestMethod codeBase="C:\src\nodejstools\BuildOutput\Release14.0\Tests\NodeTests.dll" adapterTypeName="Microsoft.VisualStudio.TestTools.TestTypes.Unit.UnitTestAdapter" className="NodejsTests.Debugger.DebuggerTests" name="TestExitExplicit" />
    </UnitTest>
    <UnitTest name="TestScriptArguments" storage="c:\src\nodejstools\buildoutput\release14.0\tests\nodetests.dll" priority="0" id="3f47197b-8fb2-9dfa-2671-293144098e4d">
      <Execution id="85197148-a8f6-47c3-af74-771313326e9a" />
      <TestMethod codeBase="C:\src\nodejstools\BuildOutput\Release14.0\Tests\NodeTests.dll" adapterTypeName="Microsoft.VisualStudio.TestTools.TestTypes.Unit.UnitTestAdapter" className="NodejsTests.Debugger.DebuggerTests" name="TestScriptArguments" />
    </UnitTest>
    <UnitTest name="LocalAttach" storage="c:\src\nodejstools\buildoutput\release14.0\tests\nodetests.dll" priority="0" id="26b9cf91-a34e-7e23-3d10-40fec74c21a6">
      <Execution id="430380bd-27b7-4f6e-af80-56bb1b150102" />
      <TestMethod codeBase="C:\src\nodejstools\BuildOutput\Release14.0\Tests\NodeTests.dll" adapterTypeName="Microsoft.VisualStudio.TestTools.TestTypes.Unit.UnitTestAdapter" className="NodejsTests.Debugger.DebuggerTests" name="LocalAttach" />
    </UnitTest>
    <UnitTest name="TypeScript_Stepping_Basic" storage="c:\src\nodejstools\buildoutput\release14.0\tests\nodetests.dll" priority="0" id="25665956-c671-52ed-0bb9-169a4ca0f2a6">
      <Execution id="6fbc1615-e85b-4970-b487-98b00b124afe" />
      <TestMethod codeBase="C:\src\nodejstools\BuildOutput\Release14.0\Tests\NodeTests.dll" adapterTypeName="Microsoft.VisualStudio.TestTools.TestTypes.Unit.UnitTestAdapter" className="NodejsTests.Debugger.DebuggerTests" name="TypeScript_Stepping_Basic" />
    </UnitTest>
    <UnitTest name="TypeScript_Stepping_Basic_RedirectDir" storage="c:\src\nodejstools\buildoutput\release14.0\tests\nodetests.dll" priority="0" id="65061294-175b-6aeb-6299-3991b53550a8">
      <Execution id="7662495e-8283-4759-8b7e-c80a51198080" />
      <TestMethod codeBase="C:\src\nodejstools\BuildOutput\Release14.0\Tests\NodeTests.dll" adapterTypeName="Microsoft.VisualStudio.TestTools.TestTypes.Unit.UnitTestAdapter" className="NodejsTests.Debugger.DebuggerTests" name="TypeScript_Stepping_Basic_RedirectDir" />
    </UnitTest>
    <UnitTest name="TypeScript_Break_On_First_Line" storage="c:\src\nodejstools\buildoutput\release14.0\tests\nodetests.dll" priority="0" id="945aacfd-39bf-8487-312b-dd31f56c73b8">
      <Execution id="e213ae3d-52f6-429c-83c1-feeed0d1e496" />
      <TestMethod codeBase="C:\src\nodejstools\BuildOutput\Release14.0\Tests\NodeTests.dll" adapterTypeName="Microsoft.VisualStudio.TestTools.TestTypes.Unit.UnitTestAdapter" className="NodejsTests.Debugger.DebuggerTests" name="TypeScript_Break_On_First_Line" />
    </UnitTest>
    <UnitTest name="TypeScript_Inheiritance_BreakInClass" storage="c:\src\nodejstools\buildoutput\release14.0\tests\nodetests.dll" priority="0" id="83ce60ac-6b1d-8634-f717-817696e50e29">
      <Execution id="9a61678c-df0f-4140-a476-97e0127d9a99" />
      <TestMethod codeBase="C:\src\nodejstools\BuildOutput\Release14.0\Tests\NodeTests.dll" adapterTypeName="Microsoft.VisualStudio.TestTools.TestTypes.Unit.UnitTestAdapter" className="NodejsTests.Debugger.DebuggerTests" name="TypeScript_Inheiritance_BreakInClass" />
    </UnitTest>
    <UnitTest name="TaskWaitAsync" storage="c:\src\nodejstools\buildoutput\release14.0\tests\nodetests.dll" priority="0" id="8dd67499-15e3-0341-77fe-6ec6229123b8">
      <Execution id="fdcc4e2f-f012-459f-b94a-ea21c35435c2" />
      <TestMethod codeBase="C:\src\nodejstools\BuildOutput\Release14.0\Tests\NodeTests.dll" adapterTypeName="Microsoft.VisualStudio.TestTools.TestTypes.Unit.UnitTestAdapter" className="NodejsTests.Debugger.DebuggerTests" name="TaskWaitAsync" />
    </UnitTest>
    <UnitTest name="SetNewDefaultExceptionHitTreatment" storage="c:\src\nodejstools\buildoutput\release14.0\tests\nodetests.dll" priority="0" id="98ea3b7a-3e97-5a75-3683-6a5c1bc860db">
      <Execution id="e6d533e8-00b4-45d8-aa1d-4bcd3d6c96e8" />
      <TestMethod codeBase="C:\src\nodejstools\BuildOutput\Release14.0\Tests\NodeTests.dll" adapterTypeName="Microsoft.VisualStudio.TestTools.TestTypes.Unit.UnitTestAdapter" className="NodejsTests.Debugger.ExceptionHandlerTests" name="SetNewDefaultExceptionHitTreatment" />
    </UnitTest>
    <UnitTest name="SetSameDefaultExceptionHitTreatment" storage="c:\src\nodejstools\buildoutput\release14.0\tests\nodetests.dll" priority="0" id="640950b4-1b20-60a7-2569-b16886e8b4b7">
      <Execution id="7f24e971-74f8-47ac-913b-1396e41ef919" />
      <TestMethod codeBase="C:\src\nodejstools\BuildOutput\Release14.0\Tests\NodeTests.dll" adapterTypeName="Microsoft.VisualStudio.TestTools.TestTypes.Unit.UnitTestAdapter" className="NodejsTests.Debugger.ExceptionHandlerTests" name="SetSameDefaultExceptionHitTreatment" />
    </UnitTest>
    <UnitTest name="GetExceptionHitTreatmentForKnownError" storage="c:\src\nodejstools\buildoutput\release14.0\tests\nodetests.dll" priority="0" id="fd1ed365-01bf-4957-f5fc-b6cd93ff1def">
      <Execution id="9117291c-d94a-4bae-aea3-52f955bd4c4d" />
      <TestMethod codeBase="C:\src\nodejstools\BuildOutput\Release14.0\Tests\NodeTests.dll" adapterTypeName="Microsoft.VisualStudio.TestTools.TestTypes.Unit.UnitTestAdapter" className="NodejsTests.Debugger.ExceptionHandlerTests" name="GetExceptionHitTreatmentForKnownError" />
    </UnitTest>
    <UnitTest name="GetExceptionHitTreatmentForUnknownError" storage="c:\src\nodejstools\buildoutput\release14.0\tests\nodetests.dll" priority="0" id="74940bfd-6e11-acec-d93d-131d49acf143">
      <Execution id="f7dd4324-64f9-4170-964c-87a9735280b3" />
      <TestMethod codeBase="C:\src\nodejstools\BuildOutput\Release14.0\Tests\NodeTests.dll" adapterTypeName="Microsoft.VisualStudio.TestTools.TestTypes.Unit.UnitTestAdapter" className="NodejsTests.Debugger.ExceptionHandlerTests" name="GetExceptionHitTreatmentForUnknownError" />
    </UnitTest>
    <UnitTest name="GetExceptionHitTreatmentForUnknownErrorAfterChangingDefaults" storage="c:\src\nodejstools\buildoutput\release14.0\tests\nodetests.dll" priority="0" id="237f9f9b-8e7a-b168-9a07-d58ec9959823">
      <Execution id="ee17a323-85b0-439f-9bc4-4047204d8c92" />
      <TestMethod codeBase="C:\src\nodejstools\BuildOutput\Release14.0\Tests\NodeTests.dll" adapterTypeName="Microsoft.VisualStudio.TestTools.TestTypes.Unit.UnitTestAdapter" className="NodejsTests.Debugger.ExceptionHandlerTests" name="GetExceptionHitTreatmentForUnknownErrorAfterChangingDefaults" />
    </UnitTest>
    <UnitTest name="SetSameExceptionTreatments" storage="c:\src\nodejstools\buildoutput\release14.0\tests\nodetests.dll" priority="0" id="f273b0bf-9cb8-8e71-9b3c-bed51f669d16">
      <Execution id="973fbd5a-6816-4bed-aff2-e83fb53faa80" />
      <TestMethod codeBase="C:\src\nodejstools\BuildOutput\Release14.0\Tests\NodeTests.dll" adapterTypeName="Microsoft.VisualStudio.TestTools.TestTypes.Unit.UnitTestAdapter" className="NodejsTests.Debugger.ExceptionHandlerTests" name="SetSameExceptionTreatments" />
    </UnitTest>
    <UnitTest name="SetNewExceptionTreatments" storage="c:\src\nodejstools\buildoutput\release14.0\tests\nodetests.dll" priority="0" id="d71f0680-066b-77ff-7185-3d72e2503803">
      <Execution id="deb65a83-f58a-45d9-a604-c2d342bbb526" />
      <TestMethod codeBase="C:\src\nodejstools\BuildOutput\Release14.0\Tests\NodeTests.dll" adapterTypeName="Microsoft.VisualStudio.TestTools.TestTypes.Unit.UnitTestAdapter" className="NodejsTests.Debugger.ExceptionHandlerTests" name="SetNewExceptionTreatments" />
    </UnitTest>
    <UnitTest name="ClearExceptionTreatments" storage="c:\src\nodejstools\buildoutput\release14.0\tests\nodetests.dll" priority="0" id="532ba852-da70-6c56-b570-9404ea2eece9">
      <Execution id="9ac0feb2-1959-4594-8c00-692b660d27fd" />
      <TestMethod codeBase="C:\src\nodejstools\BuildOutput\Release14.0\Tests\NodeTests.dll" adapterTypeName="Microsoft.VisualStudio.TestTools.TestTypes.Unit.UnitTestAdapter" className="NodejsTests.Debugger.ExceptionHandlerTests" name="ClearExceptionTreatments" />
    </UnitTest>
    <UnitTest name="ResetExceptionTreatments" storage="c:\src\nodejstools\buildoutput\release14.0\tests\nodetests.dll" priority="0" id="1d88d71b-94de-0499-fd0d-bde1edae0974">
      <Execution id="219610ea-49ac-4733-a9c0-0ef8631a3f06" />
      <TestMethod codeBase="C:\src\nodejstools\BuildOutput\Release14.0\Tests\NodeTests.dll" adapterTypeName="Microsoft.VisualStudio.TestTools.TestTypes.Unit.UnitTestAdapter" className="NodejsTests.Debugger.ExceptionHandlerTests" name="ResetExceptionTreatments" />
    </UnitTest>
    <UnitTest name="NaturalSortComparerTest" storage="c:\src\nodejstools\buildoutput\release14.0\tests\nodetests.dll" priority="0" id="724091a6-9d41-951c-8ded-d31d27a0975c">
      <Execution id="0ab78ff7-519c-4c91-8cc3-c52fe701b82d" />
      <TestMethod codeBase="C:\src\nodejstools\BuildOutput\Release14.0\Tests\NodeTests.dll" adapterTypeName="Microsoft.VisualStudio.TestTools.TestTypes.Unit.UnitTestAdapter" className="NodejsTests.Debugger.InfrastructureTests" name="NaturalSortComparerTest" />
    </UnitTest>
    <UnitTest name="CreateSetVariableValue" storage="c:\src\nodejstools\buildoutput\release14.0\tests\nodetests.dll" priority="0" id="9533eb6d-2a95-5dda-b65a-a81a6b622169">
      <Execution id="725bfb46-25b8-4051-bee0-16b921c64fd5" />
      <TestMethod codeBase="C:\src\nodejstools\BuildOutput\Release14.0\Tests\NodeTests.dll" adapterTypeName="Microsoft.VisualStudio.TestTools.TestTypes.Unit.UnitTestAdapter" className="NodejsTests.Debugger.Serialization.SetValueVariableTests" name="CreateSetVariableValue" />
    </UnitTest>
    <UnitTest name="CreatePrototypeVariable" storage="c:\src\nodejstools\buildoutput\release14.0\tests\nodetests.dll" priority="0" id="ac0df4f4-d232-f2f4-f341-be3291381f77">
      <Execution id="2c12fbf7-f23d-49d2-83fe-dc47d70e78bb" />
      <TestMethod codeBase="C:\src\nodejstools\BuildOutput\Release14.0\Tests\NodeTests.dll" adapterTypeName="Microsoft.VisualStudio.TestTools.TestTypes.Unit.UnitTestAdapter" className="NodejsTests.Debugger.Serialization.PrototypeVariableTests" name="CreatePrototypeVariable" />
    </UnitTest>
    <UnitTest name="CreateLookupVariableWithNullParent" storage="c:\src\nodejstools\buildoutput\release14.0\tests\nodetests.dll" priority="0" id="29c6248f-0e57-5808-1475-bfdcbaef535e">
      <Execution id="c66196db-3988-4a4d-892b-220ca46bb6d9" />
      <TestMethod codeBase="C:\src\nodejstools\BuildOutput\Release14.0\Tests\NodeTests.dll" adapterTypeName="Microsoft.VisualStudio.TestTools.TestTypes.Unit.UnitTestAdapter" className="NodejsTests.Debugger.Serialization.PrototypeVariableTests" name="CreateLookupVariableWithNullParent" />
    </UnitTest>
    <UnitTest name="CreateLookupVariableWithNullJsonValue" storage="c:\src\nodejstools\buildoutput\release14.0\tests\nodetests.dll" priority="0" id="f569f7cd-d664-38b0-80e1-66c993136264">
      <Execution id="b2e51c61-6d92-419e-820e-77edcc19b6ae" />
      <TestMethod codeBase="C:\src\nodejstools\BuildOutput\Release14.0\Tests\NodeTests.dll" adapterTypeName="Microsoft.VisualStudio.TestTools.TestTypes.Unit.UnitTestAdapter" className="NodejsTests.Debugger.Serialization.PrototypeVariableTests" name="CreateLookupVariableWithNullJsonValue" />
    </UnitTest>
    <UnitTest name="CreateLookupVariableWithNullJsonReferences" storage="c:\src\nodejstools\buildoutput\release14.0\tests\nodetests.dll" priority="0" id="fd5207e1-1e39-a92f-34ab-28511e46f70d">
      <Execution id="9d3e99eb-2cd6-4ff2-81d1-d119eff1eeb2" />
      <TestMethod codeBase="C:\src\nodejstools\BuildOutput\Release14.0\Tests\NodeTests.dll" adapterTypeName="Microsoft.VisualStudio.TestTools.TestTypes.Unit.UnitTestAdapter" className="NodejsTests.Debugger.Serialization.PrototypeVariableTests" name="CreateLookupVariableWithNullJsonReferences" />
    </UnitTest>
    <UnitTest name="CreateLookupVariable" storage="c:\src\nodejstools\buildoutput\release14.0\tests\nodetests.dll" priority="0" id="a22d6af5-3fca-5aa9-b949-dc2c84f24ccc">
      <Execution id="3b3f1c56-68ea-4f08-8ad9-219d60f6af76" />
      <TestMethod codeBase="C:\src\nodejstools\BuildOutput\Release14.0\Tests\NodeTests.dll" adapterTypeName="Microsoft.VisualStudio.TestTools.TestTypes.Unit.UnitTestAdapter" className="NodejsTests.Debugger.Serialization.LookupVariableTests" name="CreateLookupVariable" />
    </UnitTest>
    <UnitTest name="CreateLookupVariableWithNullParent" storage="c:\src\nodejstools\buildoutput\release14.0\tests\nodetests.dll" priority="0" id="36a3adb6-c608-4365-3f2e-3a7481fef9f0">
      <Execution id="888ef74a-c931-415d-b92a-7af265b1025b" />
      <TestMethod codeBase="C:\src\nodejstools\BuildOutput\Release14.0\Tests\NodeTests.dll" adapterTypeName="Microsoft.VisualStudio.TestTools.TestTypes.Unit.UnitTestAdapter" className="NodejsTests.Debugger.Serialization.LookupVariableTests" name="CreateLookupVariableWithNullParent" />
    </UnitTest>
    <UnitTest name="CreateLookupVariableWithNullJsonValue" storage="c:\src\nodejstools\buildoutput\release14.0\tests\nodetests.dll" priority="0" id="e39b13f4-972e-c768-e4fa-6fc7035e8226">
      <Execution id="fe234d67-dc13-4385-8379-caf82b1fb5e9" />
      <TestMethod codeBase="C:\src\nodejstools\BuildOutput\Release14.0\Tests\NodeTests.dll" adapterTypeName="Microsoft.VisualStudio.TestTools.TestTypes.Unit.UnitTestAdapter" className="NodejsTests.Debugger.Serialization.LookupVariableTests" name="CreateLookupVariableWithNullJsonValue" />
    </UnitTest>
    <UnitTest name="CreateLookupVariableWithNullJsonReferences" storage="c:\src\nodejstools\buildoutput\release14.0\tests\nodetests.dll" priority="0" id="78444b0d-6bac-f3da-401f-b16c0059cc77">
      <Execution id="b76a166a-3458-4ed8-a25d-d71b889d6692" />
      <TestMethod codeBase="C:\src\nodejstools\BuildOutput\Release14.0\Tests\NodeTests.dll" adapterTypeName="Microsoft.VisualStudio.TestTools.TestTypes.Unit.UnitTestAdapter" className="NodejsTests.Debugger.Serialization.LookupVariableTests" name="CreateLookupVariableWithNullJsonReferences" />
    </UnitTest>
    <UnitTest name="CreateEvaluationVariable" storage="c:\src\nodejstools\buildoutput\release14.0\tests\nodetests.dll" priority="0" id="76951604-76fe-263b-de57-f3ceb81f397f">
      <Execution id="01971d5c-1b17-4433-81e1-2fb815e23185" />
      <TestMethod codeBase="C:\src\nodejstools\BuildOutput\Release14.0\Tests\NodeTests.dll" adapterTypeName="Microsoft.VisualStudio.TestTools.TestTypes.Unit.UnitTestAdapter" className="NodejsTests.Debugger.Serialization.EvaluationVariableTests" name="CreateEvaluationVariable" />
    </UnitTest>
    <UnitTest name="CreateBacktraceVariableWithNullStackFrame" storage="c:\src\nodejstools\buildoutput\release14.0\tests\nodetests.dll" priority="0" id="a2be2cfe-1de7-1edb-0f80-b884582436af">
      <Execution id="72198d7b-b58d-4590-ab2b-d95341369590" />
      <TestMethod codeBase="C:\src\nodejstools\BuildOutput\Release14.0\Tests\NodeTests.dll" adapterTypeName="Microsoft.VisualStudio.TestTools.TestTypes.Unit.UnitTestAdapter" className="NodejsTests.Debugger.Serialization.EvaluationVariableTests" name="CreateBacktraceVariableWithNullStackFrame" />
    </UnitTest>
    <UnitTest name="CreateBacktraceVariableWithNullName" storage="c:\src\nodejstools\buildoutput\release14.0\tests\nodetests.dll" priority="0" id="b8c215f2-851c-cb99-7cf7-f195e0c6c48a">
      <Execution id="15645297-de18-4688-93d6-f8999aaab6c5" />
      <TestMethod codeBase="C:\src\nodejstools\BuildOutput\Release14.0\Tests\NodeTests.dll" adapterTypeName="Microsoft.VisualStudio.TestTools.TestTypes.Unit.UnitTestAdapter" className="NodejsTests.Debugger.Serialization.EvaluationVariableTests" name="CreateBacktraceVariableWithNullName" />
    </UnitTest>
    <UnitTest name="CreateBacktraceVariableWithNullJson" storage="c:\src\nodejstools\buildoutput\release14.0\tests\nodetests.dll" priority="0" id="89e85237-4e4c-5d18-318a-d02f8e1ee025">
      <Execution id="897323dc-bdd9-40c5-876e-f18c88054be5" />
      <TestMethod codeBase="C:\src\nodejstools\BuildOutput\Release14.0\Tests\NodeTests.dll" adapterTypeName="Microsoft.VisualStudio.TestTools.TestTypes.Unit.UnitTestAdapter" className="NodejsTests.Debugger.Serialization.EvaluationVariableTests" name="CreateBacktraceVariableWithNullJson" />
    </UnitTest>
    <UnitTest name="CreateBacktraceVariable" storage="c:\src\nodejstools\buildoutput\release14.0\tests\nodetests.dll" priority="0" id="c40b7d8a-6346-e83e-73b7-cc24f60838d1">
      <Execution id="b3c03343-22ec-405f-b27d-7f0ab30f7925" />
      <TestMethod codeBase="C:\src\nodejstools\BuildOutput\Release14.0\Tests\NodeTests.dll" adapterTypeName="Microsoft.VisualStudio.TestTools.TestTypes.Unit.UnitTestAdapter" className="NodejsTests.Debugger.Serialization.BacktraceVariableTests" name="CreateBacktraceVariable" />
    </UnitTest>
    <UnitTest name="CreateBacktraceVariableWithNullName" storage="c:\src\nodejstools\buildoutput\release14.0\tests\nodetests.dll" priority="0" id="bab601c5-3ae6-cf9c-0ec3-c3831aff565c">
      <Execution id="5baea66c-fcff-4fcc-9933-9ecb3e6286ab" />
      <TestMethod codeBase="C:\src\nodejstools\BuildOutput\Release14.0\Tests\NodeTests.dll" adapterTypeName="Microsoft.VisualStudio.TestTools.TestTypes.Unit.UnitTestAdapter" className="NodejsTests.Debugger.Serialization.BacktraceVariableTests" name="CreateBacktraceVariableWithNullName" />
    </UnitTest>
    <UnitTest name="CreateBacktraceVariableWithNullStackFrame" storage="c:\src\nodejstools\buildoutput\release14.0\tests\nodetests.dll" priority="0" id="4a002e66-4ee4-8025-08f5-3b045bf18385">
      <Execution id="7e7fd002-5a3f-484e-803b-066d0fed43a6" />
      <TestMethod codeBase="C:\src\nodejstools\BuildOutput\Release14.0\Tests\NodeTests.dll" adapterTypeName="Microsoft.VisualStudio.TestTools.TestTypes.Unit.UnitTestAdapter" className="NodejsTests.Debugger.Serialization.BacktraceVariableTests" name="CreateBacktraceVariableWithNullStackFrame" />
    </UnitTest>
    <UnitTest name="CreateBacktraceVariableWithNullJson" storage="c:\src\nodejstools\buildoutput\release14.0\tests\nodetests.dll" priority="0" id="8e0a0c8c-28be-8778-b1d9-2d8f7ce2ee1b">
      <Execution id="f84687e8-ca7b-42c2-ab27-337867dce48c" />
      <TestMethod codeBase="C:\src\nodejstools\BuildOutput\Release14.0\Tests\NodeTests.dll" adapterTypeName="Microsoft.VisualStudio.TestTools.TestTypes.Unit.UnitTestAdapter" className="NodejsTests.Debugger.Serialization.BacktraceVariableTests" name="CreateBacktraceVariableWithNullJson" />
    </UnitTest>
    <UnitTest name="CreateNullEvaluationResult" storage="c:\src\nodejstools\buildoutput\release14.0\tests\nodetests.dll" priority="0" id="99eb3516-5d4f-50b0-2006-43361c7f3bd0">
      <Execution id="444f3b78-06b8-41d1-a346-0f4dc43eaada" />
      <TestMethod codeBase="C:\src\nodejstools\BuildOutput\Release14.0\Tests\NodeTests.dll" adapterTypeName="Microsoft.VisualStudio.TestTools.TestTypes.Unit.UnitTestAdapter" className="NodejsTests.Debugger.Serialization.NodeVariablesFactoryTests" name="CreateNullEvaluationResult" />
    </UnitTest>
    <UnitTest name="CreateNumberEvaluationResult" storage="c:\src\nodejstools\buildoutput\release14.0\tests\nodetests.dll" priority="0" id="8f52ac7c-e0cc-1b89-2d97-ae8ca749ed4e">
      <Execution id="bf4a0900-c081-447b-8811-8a24c82632cc" />
      <TestMethod codeBase="C:\src\nodejstools\BuildOutput\Release14.0\Tests\NodeTests.dll" adapterTypeName="Microsoft.VisualStudio.TestTools.TestTypes.Unit.UnitTestAdapter" className="NodejsTests.Debugger.Serialization.NodeVariablesFactoryTests" name="CreateNumberEvaluationResult" />
    </UnitTest>
    <UnitTest name="CreateBooleanEvaluationResult" storage="c:\src\nodejstools\buildoutput\release14.0\tests\nodetests.dll" priority="0" id="01d3f535-143b-3886-080c-407856a5d606">
      <Execution id="f181a4db-7db4-48e2-afb3-6d422222ccb0" />
      <TestMethod codeBase="C:\src\nodejstools\BuildOutput\Release14.0\Tests\NodeTests.dll" adapterTypeName="Microsoft.VisualStudio.TestTools.TestTypes.Unit.UnitTestAdapter" className="NodejsTests.Debugger.Serialization.NodeVariablesFactoryTests" name="CreateBooleanEvaluationResult" />
    </UnitTest>
    <UnitTest name="CreateRegexpEvaluationResult" storage="c:\src\nodejstools\buildoutput\release14.0\tests\nodetests.dll" priority="0" id="bf2db756-2b45-aae6-d7c3-b5bb89f7e979">
      <Execution id="83150954-f608-4d73-a185-c6bdb2d2c624" />
      <TestMethod codeBase="C:\src\nodejstools\BuildOutput\Release14.0\Tests\NodeTests.dll" adapterTypeName="Microsoft.VisualStudio.TestTools.TestTypes.Unit.UnitTestAdapter" className="NodejsTests.Debugger.Serialization.NodeVariablesFactoryTests" name="CreateRegexpEvaluationResult" />
    </UnitTest>
    <UnitTest name="CreateFunctionWithoutTextEvaluationResult" storage="c:\src\nodejstools\buildoutput\release14.0\tests\nodetests.dll" priority="0" id="7a7ddb63-0067-41b9-37dc-06b2c2f18472">
      <Execution id="90addb59-4755-413d-8396-d29713997583" />
      <TestMethod codeBase="C:\src\nodejstools\BuildOutput\Release14.0\Tests\NodeTests.dll" adapterTypeName="Microsoft.VisualStudio.TestTools.TestTypes.Unit.UnitTestAdapter" className="NodejsTests.Debugger.Serialization.NodeVariablesFactoryTests" name="CreateFunctionWithoutTextEvaluationResult" />
    </UnitTest>
    <UnitTest name="CreateFunctionWithTextEvaluationResult" storage="c:\src\nodejstools\buildoutput\release14.0\tests\nodetests.dll" priority="0" id="af67f0af-7177-fdce-ee11-bc44cc83adb3">
      <Execution id="b206a0ab-a822-48f8-95d9-7e423046384f" />
      <TestMethod codeBase="C:\src\nodejstools\BuildOutput\Release14.0\Tests\NodeTests.dll" adapterTypeName="Microsoft.VisualStudio.TestTools.TestTypes.Unit.UnitTestAdapter" className="NodejsTests.Debugger.Serialization.NodeVariablesFactoryTests" name="CreateFunctionWithTextEvaluationResult" />
    </UnitTest>
    <UnitTest name="CreateStringEvaluationResult" storage="c:\src\nodejstools\buildoutput\release14.0\tests\nodetests.dll" priority="0" id="efe71fb3-a830-e484-efc7-9a156571f956">
      <Execution id="335efbaa-84b9-433b-ae5d-679297d55abc" />
      <TestMethod codeBase="C:\src\nodejstools\BuildOutput\Release14.0\Tests\NodeTests.dll" adapterTypeName="Microsoft.VisualStudio.TestTools.TestTypes.Unit.UnitTestAdapter" className="NodejsTests.Debugger.Serialization.NodeVariablesFactoryTests" name="CreateStringEvaluationResult" />
    </UnitTest>
    <UnitTest name="CreateObjectEvaluationResult" storage="c:\src\nodejstools\buildoutput\release14.0\tests\nodetests.dll" priority="0" id="caf2655b-142b-1ce3-bdf0-ed0172795694">
      <Execution id="fd367591-ced7-4164-9919-056fdf37baa4" />
      <TestMethod codeBase="C:\src\nodejstools\BuildOutput\Release14.0\Tests\NodeTests.dll" adapterTypeName="Microsoft.VisualStudio.TestTools.TestTypes.Unit.UnitTestAdapter" className="NodejsTests.Debugger.Serialization.NodeVariablesFactoryTests" name="CreateObjectEvaluationResult" />
    </UnitTest>
    <UnitTest name="CreateDateEvaluationResult" storage="c:\src\nodejstools\buildoutput\release14.0\tests\nodetests.dll" priority="0" id="a3ac6262-6ff9-9f2a-e9e9-31d76baab13a">
      <Execution id="89b1b5e2-6924-4ee6-a896-ecb8a25b8fc2" />
      <TestMethod codeBase="C:\src\nodejstools\BuildOutput\Release14.0\Tests\NodeTests.dll" adapterTypeName="Microsoft.VisualStudio.TestTools.TestTypes.Unit.UnitTestAdapter" className="NodejsTests.Debugger.Serialization.NodeVariablesFactoryTests" name="CreateDateEvaluationResult" />
    </UnitTest>
    <UnitTest name="CreateArrayEvaluationResult" storage="c:\src\nodejstools\buildoutput\release14.0\tests\nodetests.dll" priority="0" id="3b955c7b-3d4a-3896-0e66-e4cb80f243e1">
      <Execution id="a7942aed-3515-42b0-9634-73e0577c4299" />
      <TestMethod codeBase="C:\src\nodejstools\BuildOutput\Release14.0\Tests\NodeTests.dll" adapterTypeName="Microsoft.VisualStudio.TestTools.TestTypes.Unit.UnitTestAdapter" className="NodejsTests.Debugger.Serialization.NodeVariablesFactoryTests" name="CreateArrayEvaluationResult" />
    </UnitTest>
    <UnitTest name="CreateErrorEvaluationResult" storage="c:\src\nodejstools\buildoutput\release14.0\tests\nodetests.dll" priority="0" id="46ab208e-4ac3-ab62-236a-2bdde4c32f52">
      <Execution id="1dc72451-7833-4ce7-b378-9a09c6000789" />
      <TestMethod codeBase="C:\src\nodejstools\BuildOutput\Release14.0\Tests\NodeTests.dll" adapterTypeName="Microsoft.VisualStudio.TestTools.TestTypes.Unit.UnitTestAdapter" className="NodejsTests.Debugger.Serialization.NodeVariablesFactoryTests" name="CreateErrorEvaluationResult" />
    </UnitTest>
    <UnitTest name="CreateUnknownEvaluationResult" storage="c:\src\nodejstools\buildoutput\release14.0\tests\nodetests.dll" priority="0" id="c491f4cd-856c-27be-7552-0fd80cb749ac">
      <Execution id="3d200353-04e5-422d-8577-eb07bd232ecc" />
      <TestMethod codeBase="C:\src\nodejstools\BuildOutput\Release14.0\Tests\NodeTests.dll" adapterTypeName="Microsoft.VisualStudio.TestTools.TestTypes.Unit.UnitTestAdapter" className="NodejsTests.Debugger.Serialization.NodeVariablesFactoryTests" name="CreateUnknownEvaluationResult" />
    </UnitTest>
    <UnitTest name="CreateUnknownEvaluationResultWithEmptyValue" storage="c:\src\nodejstools\buildoutput\release14.0\tests\nodetests.dll" priority="0" id="17d3ce2a-f2b6-64aa-672c-d944f415f09d">
      <Execution id="a4f41349-ff92-46f8-a673-8af85295d5bb" />
      <TestMethod codeBase="C:\src\nodejstools\BuildOutput\Release14.0\Tests\NodeTests.dll" adapterTypeName="Microsoft.VisualStudio.TestTools.TestTypes.Unit.UnitTestAdapter" className="NodejsTests.Debugger.Serialization.NodeVariablesFactoryTests" name="CreateUnknownEvaluationResultWithEmptyValue" />
    </UnitTest>
    <UnitTest name="CreateEvaluationResultFromNullVariable" storage="c:\src\nodejstools\buildoutput\release14.0\tests\nodetests.dll" priority="0" id="b60ad2ab-4d18-32ce-e53a-6375685da0c7">
      <Execution id="9a3a80fb-1c31-465a-a9f7-ede9311d95c2" />
      <TestMethod codeBase="C:\src\nodejstools\BuildOutput\Release14.0\Tests\NodeTests.dll" adapterTypeName="Microsoft.VisualStudio.TestTools.TestTypes.Unit.UnitTestAdapter" className="NodejsTests.Debugger.Serialization.NodeVariablesFactoryTests" name="CreateEvaluationResultFromNullVariable" />
    </UnitTest>
    <UnitTest name="CreateArrayElementEvaluationResult" storage="c:\src\nodejstools\buildoutput\release14.0\tests\nodetests.dll" priority="0" id="8fa4c0f9-f18f-8c99-61ea-32bc155c65d4">
      <Execution id="33837db2-9bd2-49df-9d5b-9b73bcacbb00" />
      <TestMethod codeBase="C:\src\nodejstools\BuildOutput\Release14.0\Tests\NodeTests.dll" adapterTypeName="Microsoft.VisualStudio.TestTools.TestTypes.Unit.UnitTestAdapter" className="NodejsTests.Debugger.Serialization.NodeVariablesFactoryTests" name="CreateArrayElementEvaluationResult" />
    </UnitTest>
    <UnitTest name="CreateObjectElementEvaluationResult" storage="c:\src\nodejstools\buildoutput\release14.0\tests\nodetests.dll" priority="0" id="9746358f-b67f-b94f-0258-7daf5813794d">
      <Execution id="a5d65e3f-bdca-4c19-89eb-eb2f74f42b4f" />
      <TestMethod codeBase="C:\src\nodejstools\BuildOutput\Release14.0\Tests\NodeTests.dll" adapterTypeName="Microsoft.VisualStudio.TestTools.TestTypes.Unit.UnitTestAdapter" className="NodejsTests.Debugger.Serialization.NodeVariablesFactoryTests" name="CreateObjectElementEvaluationResult" />
    </UnitTest>
    <UnitTest name="CreateObjectElementWithInvalidIdentifierEvaluationResult" storage="c:\src\nodejstools\buildoutput\release14.0\tests\nodetests.dll" priority="0" id="383d2d6d-dedb-7e2d-b9db-be927229e101">
      <Execution id="61df1f8d-4f6e-4c23-8f86-1d6b5b4ed847" />
      <TestMethod codeBase="C:\src\nodejstools\BuildOutput\Release14.0\Tests\NodeTests.dll" adapterTypeName="Microsoft.VisualStudio.TestTools.TestTypes.Unit.UnitTestAdapter" className="NodejsTests.Debugger.Serialization.NodeVariablesFactoryTests" name="CreateObjectElementWithInvalidIdentifierEvaluationResult" />
    </UnitTest>
    <UnitTest name="CreateEvaluationResultForPrototypeChild" storage="c:\src\nodejstools\buildoutput\release14.0\tests\nodetests.dll" priority="0" id="121d9ea5-6855-d5af-010f-afd8f001b9a4">
      <Execution id="a82d4fdb-0348-475c-b028-acaa3a48f24b" />
      <TestMethod codeBase="C:\src\nodejstools\BuildOutput\Release14.0\Tests\NodeTests.dll" adapterTypeName="Microsoft.VisualStudio.TestTools.TestTypes.Unit.UnitTestAdapter" className="NodejsTests.Debugger.Serialization.NodeVariablesFactoryTests" name="CreateEvaluationResultForPrototypeChild" />
    </UnitTest>
    <UnitTest name="CreateCompileScriptEvent" storage="c:\src\nodejstools\buildoutput\release14.0\tests\nodetests.dll" priority="0" id="7b647279-18b4-3959-ac8b-06f5f589a0eb">
      <Execution id="79142fb3-c5e7-4698-a4d7-b6f530d01188" />
      <TestMethod codeBase="C:\src\nodejstools\BuildOutput\Release14.0\Tests\NodeTests.dll" adapterTypeName="Microsoft.VisualStudio.TestTools.TestTypes.Unit.UnitTestAdapter" className="NodejsTests.Debugger.Events.CompileScriptEventTests" name="CreateCompileScriptEvent" />
    </UnitTest>
    <UnitTest name="CreateCompileScriptEventWithNullScriptName" storage="c:\src\nodejstools\buildoutput\release14.0\tests\nodetests.dll" priority="0" id="f1b77c14-16d4-9e77-6057-1590a1c19d82">
      <Execution id="49db1781-915c-4c6c-bdb9-7e11215c70bd" />
      <TestMethod codeBase="C:\src\nodejstools\BuildOutput\Release14.0\Tests\NodeTests.dll" adapterTypeName="Microsoft.VisualStudio.TestTools.TestTypes.Unit.UnitTestAdapter" className="NodejsTests.Debugger.Events.CompileScriptEventTests" name="CreateCompileScriptEventWithNullScriptName" />
    </UnitTest>
    <UnitTest name="CreateBreakpointEvent" storage="c:\src\nodejstools\buildoutput\release14.0\tests\nodetests.dll" priority="0" id="f088d456-c80c-bf30-a062-79ea65899e81">
      <Execution id="fa7ebd5f-bf98-46ef-a356-47d80ac75175" />
      <TestMethod codeBase="C:\src\nodejstools\BuildOutput\Release14.0\Tests\NodeTests.dll" adapterTypeName="Microsoft.VisualStudio.TestTools.TestTypes.Unit.UnitTestAdapter" className="NodejsTests.Debugger.Events.BreakpointEventTests" name="CreateBreakpointEvent" />
    </UnitTest>
    <UnitTest name="CreateExceptionEvent" storage="c:\src\nodejstools\buildoutput\release14.0\tests\nodetests.dll" priority="0" id="78e8ae6d-92d5-7487-4d79-27c633b4cac0">
      <Execution id="10e60c7c-d387-4f3c-aeeb-df4e33a44c4f" />
      <TestMethod codeBase="C:\src\nodejstools\BuildOutput\Release14.0\Tests\NodeTests.dll" adapterTypeName="Microsoft.VisualStudio.TestTools.TestTypes.Unit.UnitTestAdapter" className="NodejsTests.Debugger.Events.ExceptionEventTests" name="CreateExceptionEvent" />
    </UnitTest>
    <UnitTest name="DataTipStandAloneVariable" storage="c:\src\nodejstools\buildoutput\release14.0\tests\nodetests.dll" priority="0" id="9e118f96-2c6d-140e-7dd8-25bcba0342e0">
      <Execution id="78dccc1b-b101-4212-9739-6adafc1f25e2" />
      <TestMethod codeBase="C:\src\nodejstools\BuildOutput\Release14.0\Tests\NodeTests.dll" adapterTypeName="Microsoft.VisualStudio.TestTools.TestTypes.Unit.UnitTestAdapter" className="NodejsTests.Debugger.FileNameMapping.DataTipTests" name="DataTipStandAloneVariable" />
    </UnitTest>
    <UnitTest name="DataTipSelection" storage="c:\src\nodejstools\buildoutput\release14.0\tests\nodetests.dll" priority="0" id="da4288c4-8c7c-17b2-abb5-1e0364689da8">
      <Execution id="1d1208f4-7e41-45e3-ac75-d5e7bb0918d8" />
      <TestMethod codeBase="C:\src\nodejstools\BuildOutput\Release14.0\Tests\NodeTests.dll" adapterTypeName="Microsoft.VisualStudio.TestTools.TestTypes.Unit.UnitTestAdapter" className="NodejsTests.Debugger.FileNameMapping.DataTipTests" name="DataTipSelection" />
    </UnitTest>
    <UnitTest name="DataTipPropertyAccess" storage="c:\src\nodejstools\buildoutput\release14.0\tests\nodetests.dll" priority="0" id="e157c556-d358-cb22-5160-5456a2f6fbd8">
      <Execution id="5f64aacf-c7b3-447c-9972-5a01712060d4" />
      <TestMethod codeBase="C:\src\nodejstools\BuildOutput\Release14.0\Tests\NodeTests.dll" adapterTypeName="Microsoft.VisualStudio.TestTools.TestTypes.Unit.UnitTestAdapter" className="NodejsTests.Debugger.FileNameMapping.DataTipTests" name="DataTipPropertyAccess" />
    </UnitTest>
    <UnitTest name="DataTipParens" storage="c:\src\nodejstools\buildoutput\release14.0\tests\nodetests.dll" priority="0" id="6b60e3b3-704c-1eec-0b9b-39d8391d9e0b">
      <Execution id="c60f61a7-9282-4a4b-ad47-3115f3f46192" />
      <TestMethod codeBase="C:\src\nodejstools\BuildOutput\Release14.0\Tests\NodeTests.dll" adapterTypeName="Microsoft.VisualStudio.TestTools.TestTypes.Unit.UnitTestAdapter" className="NodejsTests.Debugger.FileNameMapping.DataTipTests" name="DataTipParens" />
    </UnitTest>
    <UnitTest name="DataTipNoSideEffects" storage="c:\src\nodejstools\buildoutput\release14.0\tests\nodetests.dll" priority="0" id="8bb3a274-0b61-5e57-7546-77fcfe55671c">
      <Execution id="dbf8fa8e-cb69-469c-8887-29dc4dc8b583" />
      <TestMethod codeBase="C:\src\nodejstools\BuildOutput\Release14.0\Tests\NodeTests.dll" adapterTypeName="Microsoft.VisualStudio.TestTools.TestTypes.Unit.UnitTestAdapter" className="NodejsTests.Debugger.FileNameMapping.DataTipTests" name="DataTipNoSideEffects" />
    </UnitTest>
    <UnitTest name="DataTipSingleLineComment" storage="c:\src\nodejstools\buildoutput\release14.0\tests\nodetests.dll" priority="0" id="bd272fb9-52b5-0863-01e0-1b3a5feae42b">
      <Execution id="68a4afe9-8023-495f-96ba-b891b5b87119" />
      <TestMethod codeBase="C:\src\nodejstools\BuildOutput\Release14.0\Tests\NodeTests.dll" adapterTypeName="Microsoft.VisualStudio.TestTools.TestTypes.Unit.UnitTestAdapter" className="NodejsTests.Debugger.FileNameMapping.DataTipTests" name="DataTipSingleLineComment" />
    </UnitTest>
    <UnitTest name="DataTipMultiLineComment" storage="c:\src\nodejstools\buildoutput\release14.0\tests\nodetests.dll" priority="0" id="f3dad85e-7093-08b6-7115-dd8302b4f11a">
      <Execution id="a9732950-5afa-4144-af02-e8edd2077623" />
      <TestMethod codeBase="C:\src\nodejstools\BuildOutput\Release14.0\Tests\NodeTests.dll" adapterTypeName="Microsoft.VisualStudio.TestTools.TestTypes.Unit.UnitTestAdapter" className="NodejsTests.Debugger.FileNameMapping.DataTipTests" name="DataTipMultiLineComment" />
    </UnitTest>
    <UnitTest name="GetLocalFileNameForBuiltInModuleTests" storage="c:\src\nodejstools\buildoutput\release14.0\tests\nodetests.dll" priority="0" id="e7805ade-8bd4-0eac-71ff-2c70e39a8a5e">
      <Execution id="2427df25-ac93-4079-a86f-3df38bd496a8" />
      <TestMethod codeBase="C:\src\nodejstools\BuildOutput\Release14.0\Tests\NodeTests.dll" adapterTypeName="Microsoft.VisualStudio.TestTools.TestTypes.Unit.UnitTestAdapter" className="NodejsTests.Debugger.FileNameMapping.FuzzyLogicFileNameMapperTests" name="GetLocalFileNameForBuiltInModuleTests" />
    </UnitTest>
    <UnitTest name="GetLocalFileNameForRemoteModuleTests" storage="c:\src\nodejstools\buildoutput\release14.0\tests\nodetests.dll" priority="0" id="071cb91c-1611-1190-824d-b3b72997bdc6">
      <Execution id="6e3e0d6d-49ab-40f4-a644-791ec60443cb" />
      <TestMethod codeBase="C:\src\nodejstools\BuildOutput\Release14.0\Tests\NodeTests.dll" adapterTypeName="Microsoft.VisualStudio.TestTools.TestTypes.Unit.UnitTestAdapter" className="NodejsTests.Debugger.FileNameMapping.FuzzyLogicFileNameMapperTests" name="GetLocalFileNameForRemoteModuleTests" />
    </UnitTest>
    <UnitTest name="GetLocalFileNameIfProjectContainsDuplicatesTests" storage="c:\src\nodejstools\buildoutput\release14.0\tests\nodetests.dll" priority="0" id="b6c5f0fc-70d5-d830-ab03-d588f9c81823">
      <Execution id="066ef3ac-7c16-4808-9abc-822269ee5107" />
      <TestMethod codeBase="C:\src\nodejstools\BuildOutput\Release14.0\Tests\NodeTests.dll" adapterTypeName="Microsoft.VisualStudio.TestTools.TestTypes.Unit.UnitTestAdapter" className="NodejsTests.Debugger.FileNameMapping.FuzzyLogicFileNameMapperTests" name="GetLocalFileNameIfProjectContainsDuplicatesTests" />
    </UnitTest>
    <UnitTest name="GetLocalFileNameTests" storage="c:\src\nodejstools\buildoutput\release14.0\tests\nodetests.dll" priority="0" id="f5a4865d-ab13-9d7d-26d6-47b91f6f7eb9">
      <Execution id="9284a615-c48e-4cc3-976b-44732ea82782" />
      <TestMethod codeBase="C:\src\nodejstools\BuildOutput\Release14.0\Tests\NodeTests.dll" adapterTypeName="Microsoft.VisualStudio.TestTools.TestTypes.Unit.UnitTestAdapter" className="NodejsTests.Debugger.FileNameMapping.LocalFileNameMapperTests" name="GetLocalFileNameTests" />
    </UnitTest>
    <UnitTest name="CreateDebuggerClientWithNullConnection" storage="c:\src\nodejstools\buildoutput\release14.0\tests\nodetests.dll" priority="0" id="feaafdda-92be-c847-da18-2dedb891a07a">
      <Execution id="99ed2448-0a66-4ddd-81e2-f1cd92dabf77" />
      <TestMethod codeBase="C:\src\nodejstools\BuildOutput\Release14.0\Tests\NodeTests.dll" adapterTypeName="Microsoft.VisualStudio.TestTools.TestTypes.Unit.UnitTestAdapter" className="NodejsTests.Debugger.Communication.DebuggerClientTests" name="CreateDebuggerClientWithNullConnection" />
    </UnitTest>
    <UnitTest name="SendMessageViaDebuggerClient" storage="c:\src\nodejstools\buildoutput\release14.0\tests\nodetests.dll" priority="0" id="b5b368af-86f7-a578-d390-caac4a9a165b">
      <Execution id="169cb1d8-44ee-4694-b449-0cba453f0eae" />
      <TestMethod codeBase="C:\src\nodejstools\BuildOutput\Release14.0\Tests\NodeTests.dll" adapterTypeName="Microsoft.VisualStudio.TestTools.TestTypes.Unit.UnitTestAdapter" className="NodejsTests.Debugger.Communication.DebuggerClientTests" name="SendMessageViaDebuggerClient" />
    </UnitTest>
    <UnitTest name="RaiseCompileScriptEventViaDebuggerClient" storage="c:\src\nodejstools\buildoutput\release14.0\tests\nodetests.dll" priority="0" id="d33fc001-b994-5f68-bb28-2d2215389d9c">
      <Execution id="9a52f021-10bb-4546-bf2a-56e71d4c689b" />
      <TestMethod codeBase="C:\src\nodejstools\BuildOutput\Release14.0\Tests\NodeTests.dll" adapterTypeName="Microsoft.VisualStudio.TestTools.TestTypes.Unit.UnitTestAdapter" className="NodejsTests.Debugger.Communication.DebuggerClientTests" name="RaiseCompileScriptEventViaDebuggerClient" />
    </UnitTest>
    <UnitTest name="RaiseBreakpointEventViaDebuggerClient" storage="c:\src\nodejstools\buildoutput\release14.0\tests\nodetests.dll" priority="0" id="9d4af9f5-75e6-e593-762d-526282c646c8">
      <Execution id="8694da44-5df6-4c21-b8d9-c22050ff5351" />
      <TestMethod codeBase="C:\src\nodejstools\BuildOutput\Release14.0\Tests\NodeTests.dll" adapterTypeName="Microsoft.VisualStudio.TestTools.TestTypes.Unit.UnitTestAdapter" className="NodejsTests.Debugger.Communication.DebuggerClientTests" name="RaiseBreakpointEventViaDebuggerClient" />
    </UnitTest>
    <UnitTest name="RaiseExceptionEventViaDebuggerClient" storage="c:\src\nodejstools\buildoutput\release14.0\tests\nodetests.dll" priority="0" id="61da316d-cabc-a944-5b9f-c17cea8e98bb">
      <Execution id="f2ec6afc-a68b-4f12-be54-185401f09ef5" />
      <TestMethod codeBase="C:\src\nodejstools\BuildOutput\Release14.0\Tests\NodeTests.dll" adapterTypeName="Microsoft.VisualStudio.TestTools.TestTypes.Unit.UnitTestAdapter" className="NodejsTests.Debugger.Communication.DebuggerClientTests" name="RaiseExceptionEventViaDebuggerClient" />
    </UnitTest>
    <UnitTest name="CreateDebuggerConnectionWithNullNetworkClientFactory" storage="c:\src\nodejstools\buildoutput\release14.0\tests\nodetests.dll" priority="0" id="b5017177-8cab-c73d-29ab-c10df716cf8f">
      <Execution id="ad70f418-9dbc-4a67-8bb9-e4e512191079" />
      <TestMethod codeBase="C:\src\nodejstools\BuildOutput\Release14.0\Tests\NodeTests.dll" adapterTypeName="Microsoft.VisualStudio.TestTools.TestTypes.Unit.UnitTestAdapter" className="NodejsTests.Debugger.Communication.DebuggerConnectionTests" name="CreateDebuggerConnectionWithNullNetworkClientFactory" />
    </UnitTest>
    <UnitTest name="RaiseConnectionClosedEvent" storage="c:\src\nodejstools\buildoutput\release14.0\tests\nodetests.dll" priority="0" id="d713fa0e-5413-a0ec-9a9e-3f2b17329299">
      <Execution id="7191f1f8-a47c-4b7c-90cc-687947ee7f6a" />
      <TestMethod codeBase="C:\src\nodejstools\BuildOutput\Release14.0\Tests\NodeTests.dll" adapterTypeName="Microsoft.VisualStudio.TestTools.TestTypes.Unit.UnitTestAdapter" className="NodejsTests.Debugger.Communication.DebuggerConnectionTests" name="RaiseConnectionClosedEvent" />
    </UnitTest>
    <UnitTest name="RaiseOutputMessageEvent" storage="c:\src\nodejstools\buildoutput\release14.0\tests\nodetests.dll" priority="0" id="ecfeeeb7-78a0-77c9-646a-60438175f0c9">
      <Execution id="b9f881de-b20b-4c18-9fdc-13840c37761c" />
      <TestMethod codeBase="C:\src\nodejstools\BuildOutput\Release14.0\Tests\NodeTests.dll" adapterTypeName="Microsoft.VisualStudio.TestTools.TestTypes.Unit.UnitTestAdapter" className="NodejsTests.Debugger.Communication.DebuggerConnectionTests" name="RaiseOutputMessageEvent" />
    </UnitTest>
    <UnitTest name="SendMessageAsync" storage="c:\src\nodejstools\buildoutput\release14.0\tests\nodetests.dll" priority="0" id="b6a48056-b24a-575f-c3ee-a0693d87961f">
      <Execution id="fd7a90ca-f1f9-46e1-b855-f8a4250e639d" />
      <TestMethod codeBase="C:\src\nodejstools\BuildOutput\Release14.0\Tests\NodeTests.dll" adapterTypeName="Microsoft.VisualStudio.TestTools.TestTypes.Unit.UnitTestAdapter" className="NodejsTests.Debugger.Communication.DebuggerConnectionTests" name="SendMessageAsync" />
    </UnitTest>
    <UnitTest name="RetrieveNodeVersion" storage="c:\src\nodejstools\buildoutput\release14.0\tests\nodetests.dll" priority="0" id="7c5b8e70-3b36-75c8-5244-7872cfc25fb0">
      <Execution id="f51c657c-209b-4a7c-b893-9bf2fe9949b2" />
      <TestMethod codeBase="C:\src\nodejstools\BuildOutput\Release14.0\Tests\NodeTests.dll" adapterTypeName="Microsoft.VisualStudio.TestTools.TestTypes.Unit.UnitTestAdapter" className="NodejsTests.Debugger.Communication.DebuggerConnectionTests" name="RetrieveNodeVersion" />
    </UnitTest>
    <UnitTest name="CreateBacktraceCommand" storage="c:\src\nodejstools\buildoutput\release14.0\tests\nodetests.dll" priority="0" id="3e2413be-4961-54f6-cbc4-f8d410064a22">
      <Execution id="6559ae32-0577-47db-94cf-8daecc8cb5d5" />
      <TestMethod codeBase="C:\src\nodejstools\BuildOutput\Release14.0\Tests\NodeTests.dll" adapterTypeName="Microsoft.VisualStudio.TestTools.TestTypes.Unit.UnitTestAdapter" className="NodejsTests.Debugger.Commands.BacktraceCommandTests" name="CreateBacktraceCommand" />
    </UnitTest>
    <UnitTest name="ProcessBacktraceForCallstackDepth" storage="c:\src\nodejstools\buildoutput\release14.0\tests\nodetests.dll" priority="0" id="2642489c-a838-1eb5-5059-3cb60e2532af">
      <Execution id="92db9f93-28e7-4615-b703-f058e9bf2dd8" />
      <TestMethod codeBase="C:\src\nodejstools\BuildOutput\Release14.0\Tests\NodeTests.dll" adapterTypeName="Microsoft.VisualStudio.TestTools.TestTypes.Unit.UnitTestAdapter" className="NodejsTests.Debugger.Commands.BacktraceCommandTests" name="ProcessBacktraceForCallstackDepth" />
    </UnitTest>
    <UnitTest name="ProcessBacktraceForStackFrames" storage="c:\src\nodejstools\buildoutput\release14.0\tests\nodetests.dll" priority="0" id="df8e7e1d-5475-a974-5f86-d4a69e239a15">
      <Execution id="8244d1d6-6c97-4b38-acfd-edfa9911efcd" />
      <TestMethod codeBase="C:\src\nodejstools\BuildOutput\Release14.0\Tests\NodeTests.dll" adapterTypeName="Microsoft.VisualStudio.TestTools.TestTypes.Unit.UnitTestAdapter" className="NodejsTests.Debugger.Commands.BacktraceCommandTests" name="ProcessBacktraceForStackFrames" />
    </UnitTest>
    <UnitTest name="CreateChangeBreakpointCommand" storage="c:\src\nodejstools\buildoutput\release14.0\tests\nodetests.dll" priority="0" id="c84c3c6f-16da-c241-26d2-cade5310c5fa">
      <Execution id="e10a7264-f8a2-4b3b-8191-f97e25750320" />
      <TestMethod codeBase="C:\src\nodejstools\BuildOutput\Release14.0\Tests\NodeTests.dll" adapterTypeName="Microsoft.VisualStudio.TestTools.TestTypes.Unit.UnitTestAdapter" className="NodejsTests.Debugger.Commands.ChangeBreakpointCommandTests" name="CreateChangeBreakpointCommand" />
    </UnitTest>
    <UnitTest name="CreateChangeBreakpointCommandWithOptionalParameters" storage="c:\src\nodejstools\buildoutput\release14.0\tests\nodetests.dll" priority="0" id="2cbd035c-e0d0-dfa9-35d0-d4efd532a339">
      <Execution id="d6d83e27-45e6-4f43-afd8-a57c175d6714" />
      <TestMethod codeBase="C:\src\nodejstools\BuildOutput\Release14.0\Tests\NodeTests.dll" adapterTypeName="Microsoft.VisualStudio.TestTools.TestTypes.Unit.UnitTestAdapter" className="NodejsTests.Debugger.Commands.ChangeBreakpointCommandTests" name="CreateChangeBreakpointCommandWithOptionalParameters" />
    </UnitTest>
    <UnitTest name="CreateClearBreakpointCommand" storage="c:\src\nodejstools\buildoutput\release14.0\tests\nodetests.dll" priority="0" id="a5b36769-632a-6281-ebf8-ba6ff6a7b669">
      <Execution id="554a276a-7412-4399-bc4b-4d15fedb2ba7" />
      <TestMethod codeBase="C:\src\nodejstools\BuildOutput\Release14.0\Tests\NodeTests.dll" adapterTypeName="Microsoft.VisualStudio.TestTools.TestTypes.Unit.UnitTestAdapter" className="NodejsTests.Debugger.Commands.ClearBreakpointCommandTests" name="CreateClearBreakpointCommand" />
    </UnitTest>
    <UnitTest name="CreateContinueCommand" storage="c:\src\nodejstools\buildoutput\release14.0\tests\nodetests.dll" priority="0" id="085a7cab-ae81-97d5-41ec-cc1132f079d2">
      <Execution id="3550829c-ec9d-4714-8e53-2205c14eb31c" />
      <TestMethod codeBase="C:\src\nodejstools\BuildOutput\Release14.0\Tests\NodeTests.dll" adapterTypeName="Microsoft.VisualStudio.TestTools.TestTypes.Unit.UnitTestAdapter" className="NodejsTests.Debugger.Commands.ContinueCommandTests" name="CreateContinueCommand" />
    </UnitTest>
    <UnitTest name="CreateContinueCommandWithOptionalParameters" storage="c:\src\nodejstools\buildoutput\release14.0\tests\nodetests.dll" priority="0" id="fa9015f3-bc8f-5518-4673-62f50aab0314">
      <Execution id="13a1e662-83ba-40ed-8021-0f9b8c55b369" />
      <TestMethod codeBase="C:\src\nodejstools\BuildOutput\Release14.0\Tests\NodeTests.dll" adapterTypeName="Microsoft.VisualStudio.TestTools.TestTypes.Unit.UnitTestAdapter" className="NodejsTests.Debugger.Commands.ContinueCommandTests" name="CreateContinueCommandWithOptionalParameters" />
    </UnitTest>
    <UnitTest name="CreateChangeLiveCommand" storage="c:\src\nodejstools\buildoutput\release14.0\tests\nodetests.dll" priority="0" id="34a2496a-ef70-a55f-5808-1cedc908300a">
      <Execution id="8c1926b5-e683-48a9-84b1-693953e45806" />
      <TestMethod codeBase="C:\src\nodejstools\BuildOutput\Release14.0\Tests\NodeTests.dll" adapterTypeName="Microsoft.VisualStudio.TestTools.TestTypes.Unit.UnitTestAdapter" className="NodejsTests.Debugger.Commands.ChangeLiveCommandTests" name="CreateChangeLiveCommand" />
    </UnitTest>
    <UnitTest name="ProcessChangeLiveResponse" storage="c:\src\nodejstools\buildoutput\release14.0\tests\nodetests.dll" priority="0" id="df6f0b70-05c1-1a31-dc3a-96c4e1788da0">
      <Execution id="1f131e54-cbb8-49ac-90b5-d10f47b70e56" />
      <TestMethod codeBase="C:\src\nodejstools\BuildOutput\Release14.0\Tests\NodeTests.dll" adapterTypeName="Microsoft.VisualStudio.TestTools.TestTypes.Unit.UnitTestAdapter" className="NodejsTests.Debugger.Commands.ChangeLiveCommandTests" name="ProcessChangeLiveResponse" />
    </UnitTest>
    <UnitTest name="CreateSetVariableValueCommand" storage="c:\src\nodejstools\buildoutput\release14.0\tests\nodetests.dll" priority="0" id="570b7cdd-3c09-c1da-6ed3-09f1830de2da">
      <Execution id="4b746e01-c264-450c-bf6f-a4ad7d972915" />
      <TestMethod codeBase="C:\src\nodejstools\BuildOutput\Release14.0\Tests\NodeTests.dll" adapterTypeName="Microsoft.VisualStudio.TestTools.TestTypes.Unit.UnitTestAdapter" className="NodejsTests.Debugger.Commands.SetVariableValueCommandTests" name="CreateSetVariableValueCommand" />
    </UnitTest>
    <UnitTest name="ProcessSetVariableValueResponse" storage="c:\src\nodejstools\buildoutput\release14.0\tests\nodetests.dll" priority="0" id="0fcd217a-d85b-b4ce-39c9-5ddc40f90f29">
      <Execution id="85646334-3836-4182-b7f2-6ff164f31cc4" />
      <TestMethod codeBase="C:\src\nodejstools\BuildOutput\Release14.0\Tests\NodeTests.dll" adapterTypeName="Microsoft.VisualStudio.TestTools.TestTypes.Unit.UnitTestAdapter" className="NodejsTests.Debugger.Commands.SetVariableValueCommandTests" name="ProcessSetVariableValueResponse" />
    </UnitTest>
    <UnitTest name="CreateSuspendCommand" storage="c:\src\nodejstools\buildoutput\release14.0\tests\nodetests.dll" priority="0" id="cabfafd6-aeb6-9cf7-7864-a50978670060">
      <Execution id="1da46113-d7e1-4687-8f2b-618087134ec5" />
      <TestMethod codeBase="C:\src\nodejstools\BuildOutput\Release14.0\Tests\NodeTests.dll" adapterTypeName="Microsoft.VisualStudio.TestTools.TestTypes.Unit.UnitTestAdapter" className="NodejsTests.Debugger.Commands.SuspendCommandTests" name="CreateSuspendCommand" />
    </UnitTest>
    <UnitTest name="CreateSetExceptionBreakCommand" storage="c:\src\nodejstools\buildoutput\release14.0\tests\nodetests.dll" priority="0" id="6338d79e-8d65-4154-010e-63aaaf74c8d3">
      <Execution id="4ac92b56-b4b5-4635-8f24-a6fee225f216" />
      <TestMethod codeBase="C:\src\nodejstools\BuildOutput\Release14.0\Tests\NodeTests.dll" adapterTypeName="Microsoft.VisualStudio.TestTools.TestTypes.Unit.UnitTestAdapter" className="NodejsTests.Debugger.Commands.SetExceptionBreakCommandTests" name="CreateSetExceptionBreakCommand" />
    </UnitTest>
    <UnitTest name="CreateSetExceptionBreakCommandForAll" storage="c:\src\nodejstools\buildoutput\release14.0\tests\nodetests.dll" priority="0" id="9fb0b0ac-54ec-18d1-c5d6-7272e3e291e6">
      <Execution id="afc4ad81-c367-4517-b658-3c4484c4b89d" />
      <TestMethod codeBase="C:\src\nodejstools\BuildOutput\Release14.0\Tests\NodeTests.dll" adapterTypeName="Microsoft.VisualStudio.TestTools.TestTypes.Unit.UnitTestAdapter" className="NodejsTests.Debugger.Commands.SetExceptionBreakCommandTests" name="CreateSetExceptionBreakCommandForAll" />
    </UnitTest>
    <UnitTest name="CreateSetBreakpointCommand" storage="c:\src\nodejstools\buildoutput\release14.0\tests\nodetests.dll" priority="0" id="f1a00a64-daad-9e04-d622-09bef8a2e7a9">
      <Execution id="54de94bf-7b40-4abe-af5c-6f0f40432e05" />
      <TestMethod codeBase="C:\src\nodejstools\BuildOutput\Release14.0\Tests\NodeTests.dll" adapterTypeName="Microsoft.VisualStudio.TestTools.TestTypes.Unit.UnitTestAdapter" className="NodejsTests.Debugger.Commands.SetBreakpointCommandTests" name="CreateSetBreakpointCommand" />
    </UnitTest>
    <UnitTest name="CreateSetBreakpointCommandOnFirstLine" storage="c:\src\nodejstools\buildoutput\release14.0\tests\nodetests.dll" priority="0" id="50f91245-2eb9-62b8-0699-d5d8d818cb53">
      <Execution id="21847962-8a36-4285-97c4-849567c6e2c8" />
      <TestMethod codeBase="C:\src\nodejstools\BuildOutput\Release14.0\Tests\NodeTests.dll" adapterTypeName="Microsoft.VisualStudio.TestTools.TestTypes.Unit.UnitTestAdapter" className="NodejsTests.Debugger.Commands.SetBreakpointCommandTests" name="CreateSetBreakpointCommandOnFirstLine" />
    </UnitTest>
    <UnitTest name="CreateSetBreakpointCommandOnRemoteFile" storage="c:\src\nodejstools\buildoutput\release14.0\tests\nodetests.dll" priority="0" id="26abf7e2-95ef-5d6a-a6fa-81bcce12ce45">
      <Execution id="1c4cd694-b642-4d19-a35c-aa3e597544bb" />
      <TestMethod codeBase="C:\src\nodejstools\BuildOutput\Release14.0\Tests\NodeTests.dll" adapterTypeName="Microsoft.VisualStudio.TestTools.TestTypes.Unit.UnitTestAdapter" className="NodejsTests.Debugger.Commands.SetBreakpointCommandTests" name="CreateSetBreakpointCommandOnRemoteFile" />
    </UnitTest>
    <UnitTest name="CreateSetBreakpointCommandOnLocalFile" storage="c:\src\nodejstools\buildoutput\release14.0\tests\nodetests.dll" priority="0" id="47fcbd06-1072-a2e3-eca5-1dc65330ac42">
      <Execution id="cc81bc49-745e-4563-b7a2-b8329b1b93fd" />
      <TestMethod codeBase="C:\src\nodejstools\BuildOutput\Release14.0\Tests\NodeTests.dll" adapterTypeName="Microsoft.VisualStudio.TestTools.TestTypes.Unit.UnitTestAdapter" className="NodejsTests.Debugger.Commands.SetBreakpointCommandTests" name="CreateSetBreakpointCommandOnLocalFile" />
    </UnitTest>
    <UnitTest name="CreateSetBreakpointCommandWithoutPredicate" storage="c:\src\nodejstools\buildoutput\release14.0\tests\nodetests.dll" priority="0" id="230b5546-49cc-fe04-cab8-e57185836f63">
      <Execution id="61f7b49a-8428-4814-b403-eafdd029366e" />
      <TestMethod codeBase="C:\src\nodejstools\BuildOutput\Release14.0\Tests\NodeTests.dll" adapterTypeName="Microsoft.VisualStudio.TestTools.TestTypes.Unit.UnitTestAdapter" className="NodejsTests.Debugger.Commands.SetBreakpointCommandTests" name="CreateSetBreakpointCommandWithoutPredicate" />
    </UnitTest>
    <UnitTest name="ProcessSetBreakpointResponse" storage="c:\src\nodejstools\buildoutput\release14.0\tests\nodetests.dll" priority="0" id="22c21747-769f-7789-5e9d-93e1ce2a5bff">
      <Execution id="827c4637-094a-43a9-8794-14af305c7eb3" />
      <TestMethod codeBase="C:\src\nodejstools\BuildOutput\Release14.0\Tests\NodeTests.dll" adapterTypeName="Microsoft.VisualStudio.TestTools.TestTypes.Unit.UnitTestAdapter" className="NodejsTests.Debugger.Commands.SetBreakpointCommandTests" name="ProcessSetBreakpointResponse" />
    </UnitTest>
    <UnitTest name="CreateSetBreakpointCommandWithNullBreakpoint" storage="c:\src\nodejstools\buildoutput\release14.0\tests\nodetests.dll" priority="0" id="13f1bc4c-2f4b-d625-6429-d0be823a4fea">
      <Execution id="7dc46ed8-fe41-49ce-b9cd-99b9a1c0b753" />
      <TestMethod codeBase="C:\src\nodejstools\BuildOutput\Release14.0\Tests\NodeTests.dll" adapterTypeName="Microsoft.VisualStudio.TestTools.TestTypes.Unit.UnitTestAdapter" className="NodejsTests.Debugger.Commands.SetBreakpointCommandTests" name="CreateSetBreakpointCommandWithNullBreakpoint" />
    </UnitTest>
    <UnitTest name="CreateScriptsCommand" storage="c:\src\nodejstools\buildoutput\release14.0\tests\nodetests.dll" priority="0" id="f1ef1d76-2207-f480-a146-84ae5b0e8d12">
      <Execution id="9f784cb1-92e4-491d-893f-1ad10f0eddf7" />
      <TestMethod codeBase="C:\src\nodejstools\BuildOutput\Release14.0\Tests\NodeTests.dll" adapterTypeName="Microsoft.VisualStudio.TestTools.TestTypes.Unit.UnitTestAdapter" className="NodejsTests.Debugger.Commands.ScriptsCommandTests" name="CreateScriptsCommand" />
    </UnitTest>
    <UnitTest name="CreateScriptsCommandWithOptionalParameters" storage="c:\src\nodejstools\buildoutput\release14.0\tests\nodetests.dll" priority="0" id="03ced79f-5210-ff7e-a10f-bc1474b14ec5">
      <Execution id="a214d961-3648-441d-bb98-aab510df5022" />
      <TestMethod codeBase="C:\src\nodejstools\BuildOutput\Release14.0\Tests\NodeTests.dll" adapterTypeName="Microsoft.VisualStudio.TestTools.TestTypes.Unit.UnitTestAdapter" className="NodejsTests.Debugger.Commands.ScriptsCommandTests" name="CreateScriptsCommandWithOptionalParameters" />
    </UnitTest>
    <UnitTest name="ProcessScriptsResponse" storage="c:\src\nodejstools\buildoutput\release14.0\tests\nodetests.dll" priority="0" id="9185f4e8-18bf-b41b-4471-97e2d4548742">
      <Execution id="6ab821e3-3673-4c83-8faf-31b8ac0f1ed8" />
      <TestMethod codeBase="C:\src\nodejstools\BuildOutput\Release14.0\Tests\NodeTests.dll" adapterTypeName="Microsoft.VisualStudio.TestTools.TestTypes.Unit.UnitTestAdapter" className="NodejsTests.Debugger.Commands.ScriptsCommandTests" name="ProcessScriptsResponse" />
    </UnitTest>
    <UnitTest name="CreateLookupCommand" storage="c:\src\nodejstools\buildoutput\release14.0\tests\nodetests.dll" priority="0" id="a44244a5-fd07-cffe-9c4b-a33ad93453fb">
      <Execution id="6c5c6c2c-8396-4c49-9dfd-2575c4ea69d7" />
      <TestMethod codeBase="C:\src\nodejstools\BuildOutput\Release14.0\Tests\NodeTests.dll" adapterTypeName="Microsoft.VisualStudio.TestTools.TestTypes.Unit.UnitTestAdapter" className="NodejsTests.Debugger.Commands.LookupCommandTests" name="CreateLookupCommand" />
    </UnitTest>
    <UnitTest name="ProcessLookupResponse" storage="c:\src\nodejstools\buildoutput\release14.0\tests\nodetests.dll" priority="0" id="df02e3ec-f458-9ff5-a12e-69e8fd5377d0">
      <Execution id="497f9f91-0983-4f9f-9f4d-e632e69842c6" />
      <TestMethod codeBase="C:\src\nodejstools\BuildOutput\Release14.0\Tests\NodeTests.dll" adapterTypeName="Microsoft.VisualStudio.TestTools.TestTypes.Unit.UnitTestAdapter" className="NodejsTests.Debugger.Commands.LookupCommandTests" name="ProcessLookupResponse" />
    </UnitTest>
    <UnitTest name="ProcessLookupResponseWithPrimitiveObject" storage="c:\src\nodejstools\buildoutput\release14.0\tests\nodetests.dll" priority="0" id="f9d37373-1b09-a820-987c-1958dfd914d0">
      <Execution id="624ff31e-f7d9-41c7-add1-7703598911fa" />
      <TestMethod codeBase="C:\src\nodejstools\BuildOutput\Release14.0\Tests\NodeTests.dll" adapterTypeName="Microsoft.VisualStudio.TestTools.TestTypes.Unit.UnitTestAdapter" className="NodejsTests.Debugger.Commands.LookupCommandTests" name="ProcessLookupResponseWithPrimitiveObject" />
    </UnitTest>
    <UnitTest name="CreateListBreakpointsCommand" storage="c:\src\nodejstools\buildoutput\release14.0\tests\nodetests.dll" priority="0" id="8eb5084b-fa00-0ba0-2380-675e93c6609f">
      <Execution id="b247958e-8e03-45bd-8632-5438cae898ae" />
      <TestMethod codeBase="C:\src\nodejstools\BuildOutput\Release14.0\Tests\NodeTests.dll" adapterTypeName="Microsoft.VisualStudio.TestTools.TestTypes.Unit.UnitTestAdapter" className="NodejsTests.Debugger.Commands.ListBreakpointsTests" name="CreateListBreakpointsCommand" />
    </UnitTest>
    <UnitTest name="CreateEvaluateCommand" storage="c:\src\nodejstools\buildoutput\release14.0\tests\nodetests.dll" priority="0" id="2d3e1f88-6d3d-d7f3-dd4c-c3a0409b568c">
      <Execution id="3516612f-ca2e-4d59-a159-e1684b7b2fd7" />
      <TestMethod codeBase="C:\src\nodejstools\BuildOutput\Release14.0\Tests\NodeTests.dll" adapterTypeName="Microsoft.VisualStudio.TestTools.TestTypes.Unit.UnitTestAdapter" className="NodejsTests.Debugger.Commands.EvaluateCommandTests" name="CreateEvaluateCommand" />
    </UnitTest>
    <UnitTest name="CreateEvaluateCommandWithVariableId" storage="c:\src\nodejstools\buildoutput\release14.0\tests\nodetests.dll" priority="0" id="d24065c7-2b5c-b537-b7f2-6399c29b5e77">
      <Execution id="36d2cc15-2b1d-406d-9580-2155da26f158" />
      <TestMethod codeBase="C:\src\nodejstools\BuildOutput\Release14.0\Tests\NodeTests.dll" adapterTypeName="Microsoft.VisualStudio.TestTools.TestTypes.Unit.UnitTestAdapter" className="NodejsTests.Debugger.Commands.EvaluateCommandTests" name="CreateEvaluateCommandWithVariableId" />
    </UnitTest>
    <UnitTest name="ProcessEvaluateResponse" storage="c:\src\nodejstools\buildoutput\release14.0\tests\nodetests.dll" priority="0" id="2c6d229c-f600-d776-1fe1-d64ad5f0a00c">
      <Execution id="cd68590d-5905-4149-a6a9-68d48e9d2683" />
      <TestMethod codeBase="C:\src\nodejstools\BuildOutput\Release14.0\Tests\NodeTests.dll" adapterTypeName="Microsoft.VisualStudio.TestTools.TestTypes.Unit.UnitTestAdapter" className="NodejsTests.Debugger.Commands.EvaluateCommandTests" name="ProcessEvaluateResponse" />
    </UnitTest>
    <UnitTest name="ProcessEvaluateResponseWithReferenceError" storage="c:\src\nodejstools\buildoutput\release14.0\tests\nodetests.dll" priority="0" id="4cfbb82c-ddf0-f88b-20a0-13ced4dab107">
      <Execution id="75c425ab-5f20-489b-88d7-9a085ad08e72" />
      <TestMethod codeBase="C:\src\nodejstools\BuildOutput\Release14.0\Tests\NodeTests.dll" adapterTypeName="Microsoft.VisualStudio.TestTools.TestTypes.Unit.UnitTestAdapter" className="NodejsTests.Debugger.Commands.EvaluateCommandTests" name="ProcessEvaluateResponseWithReferenceError" />
    </UnitTest>
    <UnitTest name="CreateDisconnectCommand" storage="c:\src\nodejstools\buildoutput\release14.0\tests\nodetests.dll" priority="0" id="71f505f5-5255-b81f-9332-60746f44795d">
      <Execution id="e19d12e3-886f-4cc8-8113-ba45e29a1720" />
      <TestMethod codeBase="C:\src\nodejstools\BuildOutput\Release14.0\Tests\NodeTests.dll" adapterTypeName="Microsoft.VisualStudio.TestTools.TestTypes.Unit.UnitTestAdapter" className="NodejsTests.Debugger.Commands.DisconnectCommandTests" name="CreateDisconnectCommand" />
    </UnitTest>
    <UnitTest name="RenameLinkedNode" storage="c:\src\nodejstools\buildoutput\release14.0\tests\sharedprojecttests.dll" priority="0" id="f69f922b-c209-3d2b-b7e9-b4d7bce91f61">
      <Execution id="6003209c-cc03-417a-99ad-2d983a01fd8e" />
      <TestMethod codeBase="C:\src\nodejstools\BuildOutput\Release14.0\Tests\SharedProjectTests.dll" adapterTypeName="Microsoft.VisualStudio.TestTools.TestTypes.Unit.UnitTestAdapter" className="VisualStudioToolsUITests.LinkedFileTests" name="RenameLinkedNode" />
    </UnitTest>
    <UnitTest name="MoveLinkedNode" storage="c:\src\nodejstools\buildoutput\release14.0\tests\sharedprojecttests.dll" priority="0" id="587200dc-1abe-253e-bba0-e3ca58c77565">
      <Execution id="52851693-bad7-418b-8da3-021b9060aaaa" />
      <TestMethod codeBase="C:\src\nodejstools\BuildOutput\Release14.0\Tests\SharedProjectTests.dll" adapterTypeName="Microsoft.VisualStudio.TestTools.TestTypes.Unit.UnitTestAdapter" className="VisualStudioToolsUITests.LinkedFileTests" name="MoveLinkedNode" />
    </UnitTest>
    <UnitTest name="MultiProjectMove" storage="c:\src\nodejstools\buildoutput\release14.0\tests\sharedprojecttests.dll" priority="0" id="1a7de261-791b-e506-4b9a-b535d7dc12ba">
      <Execution id="dd775d3a-5662-44de-b844-c0d6c76dbda3" />
      <TestMethod codeBase="C:\src\nodejstools\BuildOutput\Release14.0\Tests\SharedProjectTests.dll" adapterTypeName="Microsoft.VisualStudio.TestTools.TestTypes.Unit.UnitTestAdapter" className="VisualStudioToolsUITests.LinkedFileTests" name="MultiProjectMove" />
    </UnitTest>
    <UnitTest name="MultiProjectMoveExists2" storage="c:\src\nodejstools\buildoutput\release14.0\tests\sharedprojecttests.dll" priority="0" id="98b0313c-df91-cd60-a776-25e08a1d6a1e">
      <Execution id="e4e563ed-441e-40c4-9cf9-042462948778" />
      <TestMethod codeBase="C:\src\nodejstools\BuildOutput\Release14.0\Tests\SharedProjectTests.dll" adapterTypeName="Microsoft.VisualStudio.TestTools.TestTypes.Unit.UnitTestAdapter" className="VisualStudioToolsUITests.LinkedFileTests" name="MultiProjectMoveExists2" />
    </UnitTest>
    <UnitTest name="MoveLinkedNodeOpen" storage="c:\src\nodejstools\buildoutput\release14.0\tests\sharedprojecttests.dll" priority="0" id="06105fb9-1e17-217c-b572-3aa0e7489288">
      <Execution id="62608269-8a9d-4fb4-8f7b-30a7e3b9bf08" />
      <TestMethod codeBase="C:\src\nodejstools\BuildOutput\Release14.0\Tests\SharedProjectTests.dll" adapterTypeName="Microsoft.VisualStudio.TestTools.TestTypes.Unit.UnitTestAdapter" className="VisualStudioToolsUITests.LinkedFileTests" name="MoveLinkedNodeOpen" />
    </UnitTest>
    <UnitTest name="MoveLinkedNodeOpenEdited" storage="c:\src\nodejstools\buildoutput\release14.0\tests\sharedprojecttests.dll" priority="0" id="3ceba0c3-c9f6-1431-6ef9-a8be6cdf9785">
      <Execution id="011f830d-0a3c-4d80-91ec-4737003d6572" />
      <TestMethod codeBase="C:\src\nodejstools\BuildOutput\Release14.0\Tests\SharedProjectTests.dll" adapterTypeName="Microsoft.VisualStudio.TestTools.TestTypes.Unit.UnitTestAdapter" className="VisualStudioToolsUITests.LinkedFileTests" name="MoveLinkedNodeOpenEdited" />
    </UnitTest>
    <UnitTest name="MoveLinkedNodeFileExistsButNotInProject" storage="c:\src\nodejstools\buildoutput\release14.0\tests\sharedprojecttests.dll" priority="0" id="f4d3b840-c920-d463-abbd-4ce6ef250324">
      <Execution id="1e16a270-70ae-41ed-b89f-9a274bd99e5f" />
      <TestMethod codeBase="C:\src\nodejstools\BuildOutput\Release14.0\Tests\SharedProjectTests.dll" adapterTypeName="Microsoft.VisualStudio.TestTools.TestTypes.Unit.UnitTestAdapter" className="VisualStudioToolsUITests.LinkedFileTests" name="MoveLinkedNodeFileExistsButNotInProject" />
    </UnitTest>
    <UnitTest name="DeleteLinkedNode" storage="c:\src\nodejstools\buildoutput\release14.0\tests\sharedprojecttests.dll" priority="0" id="79ec3350-f71d-cfe1-5bf4-61a385dbc023">
      <Execution id="84cb0008-5a65-4049-b483-1b5e7a093831" />
      <TestMethod codeBase="C:\src\nodejstools\BuildOutput\Release14.0\Tests\SharedProjectTests.dll" adapterTypeName="Microsoft.VisualStudio.TestTools.TestTypes.Unit.UnitTestAdapter" className="VisualStudioToolsUITests.LinkedFileTests" name="DeleteLinkedNode" />
    </UnitTest>
    <UnitTest name="LinkedFileInProjectIgnored" storage="c:\src\nodejstools\buildoutput\release14.0\tests\sharedprojecttests.dll" priority="0" id="10d81b02-d5ab-6bcd-deee-46030e68783a">
      <Execution id="57df3130-9f0e-4191-8578-246f3bef1a55" />
      <TestMethod codeBase="C:\src\nodejstools\BuildOutput\Release14.0\Tests\SharedProjectTests.dll" adapterTypeName="Microsoft.VisualStudio.TestTools.TestTypes.Unit.UnitTestAdapter" className="VisualStudioToolsUITests.LinkedFileTests" name="LinkedFileInProjectIgnored" />
    </UnitTest>
    <UnitTest name="SaveAsCreateLink" storage="c:\src\nodejstools\buildoutput\release14.0\tests\sharedprojecttests.dll" priority="0" id="1d70172a-623a-d4ea-92be-a53184a1ee1b">
      <Execution id="21cfac95-154f-4a40-871f-6438007d3c0c" />
      <TestMethod codeBase="C:\src\nodejstools\BuildOutput\Release14.0\Tests\SharedProjectTests.dll" adapterTypeName="Microsoft.VisualStudio.TestTools.TestTypes.Unit.UnitTestAdapter" className="VisualStudioToolsUITests.LinkedFileTests" name="SaveAsCreateLink" />
    </UnitTest>
    <UnitTest name="SaveAsCreateFile" storage="c:\src\nodejstools\buildoutput\release14.0\tests\sharedprojecttests.dll" priority="0" id="6a9349de-f698-c217-9660-594351fa6ec2">
      <Execution id="e3feed85-0efb-493a-adce-be754ffb13ca" />
      <TestMethod codeBase="C:\src\nodejstools\BuildOutput\Release14.0\Tests\SharedProjectTests.dll" adapterTypeName="Microsoft.VisualStudio.TestTools.TestTypes.Unit.UnitTestAdapter" className="VisualStudioToolsUITests.LinkedFileTests" name="SaveAsCreateFile" />
    </UnitTest>
    <UnitTest name="SaveAsCreateFileNewDirectory" storage="c:\src\nodejstools\buildoutput\release14.0\tests\sharedprojecttests.dll" priority="0" id="d92ea588-f3e2-de48-dcba-628a999ecf43">
      <Execution id="c418d2f3-be9b-4982-981a-280e9a57e963" />
      <TestMethod codeBase="C:\src\nodejstools\BuildOutput\Release14.0\Tests\SharedProjectTests.dll" adapterTypeName="Microsoft.VisualStudio.TestTools.TestTypes.Unit.UnitTestAdapter" className="VisualStudioToolsUITests.LinkedFileTests" name="SaveAsCreateFileNewDirectory" />
    </UnitTest>
    <UnitTest name="AddExistingItem" storage="c:\src\nodejstools\buildoutput\release14.0\tests\sharedprojecttests.dll" priority="0" id="541ae36e-b03c-a96a-fba7-c2388f436048">
      <Execution id="c7d3f4d6-8b87-47e0-986a-086d96ad11c2" />
      <TestMethod codeBase="C:\src\nodejstools\BuildOutput\Release14.0\Tests\SharedProjectTests.dll" adapterTypeName="Microsoft.VisualStudio.TestTools.TestTypes.Unit.UnitTestAdapter" className="VisualStudioToolsUITests.LinkedFileTests" name="AddExistingItem" />
    </UnitTest>
    <UnitTest name="AddExistingItemAndItemIsAlreadyLinked" storage="c:\src\nodejstools\buildoutput\release14.0\tests\sharedprojecttests.dll" priority="0" id="cd717701-9fbc-dac9-5db5-c33b62232ef9">
      <Execution id="97d2c77d-f2c2-4754-adbb-38cdc0f7848f" />
      <TestMethod codeBase="C:\src\nodejstools\BuildOutput\Release14.0\Tests\SharedProjectTests.dll" adapterTypeName="Microsoft.VisualStudio.TestTools.TestTypes.Unit.UnitTestAdapter" className="VisualStudioToolsUITests.LinkedFileTests" name="AddExistingItemAndItemIsAlreadyLinked" />
    </UnitTest>
    <UnitTest name="AddExistingItemAndLinkAlreadyExists" storage="c:\src\nodejstools\buildoutput\release14.0\tests\sharedprojecttests.dll" priority="0" id="088c43d8-45ae-80f9-ca07-740cb754be74">
      <Execution id="26d84002-e990-4fa9-a58f-7a5d0ab66192" />
      <TestMethod codeBase="C:\src\nodejstools\BuildOutput\Release14.0\Tests\SharedProjectTests.dll" adapterTypeName="Microsoft.VisualStudio.TestTools.TestTypes.Unit.UnitTestAdapter" className="VisualStudioToolsUITests.LinkedFileTests" name="AddExistingItemAndLinkAlreadyExists" />
    </UnitTest>
    <UnitTest name="AddExistingItemAndFileByNameExistsOnDiskButNotInProject" storage="c:\src\nodejstools\buildoutput\release14.0\tests\sharedprojecttests.dll" priority="0" id="85a037d7-b0e7-a0f2-565d-a21261c54b50">
      <Execution id="56f0e24e-2fe7-453a-9ed2-5f2987c85345" />
      <TestMethod codeBase="C:\src\nodejstools\BuildOutput\Release14.0\Tests\SharedProjectTests.dll" adapterTypeName="Microsoft.VisualStudio.TestTools.TestTypes.Unit.UnitTestAdapter" className="VisualStudioToolsUITests.LinkedFileTests" name="AddExistingItemAndFileByNameExistsOnDiskButNotInProject" />
    </UnitTest>
    <UnitTest name="AddExistingItemAndFileByNameExistsOnDiskAndInProject" storage="c:\src\nodejstools\buildoutput\release14.0\tests\sharedprojecttests.dll" priority="0" id="825180b9-7dc0-e796-ed12-2065b2d40f08">
      <Execution id="5a9e6439-de2f-403f-8855-81d40e56d4c0" />
      <TestMethod codeBase="C:\src\nodejstools\BuildOutput\Release14.0\Tests\SharedProjectTests.dll" adapterTypeName="Microsoft.VisualStudio.TestTools.TestTypes.Unit.UnitTestAdapter" className="VisualStudioToolsUITests.LinkedFileTests" name="AddExistingItemAndFileByNameExistsOnDiskAndInProject" />
    </UnitTest>
    <UnitTest name="AddExistingItemAndFileByNameExistsInProjectButNotOnDisk" storage="c:\src\nodejstools\buildoutput\release14.0\tests\sharedprojecttests.dll" priority="0" id="0f2a0554-9b2a-3f7a-4e9e-167e1aa75866">
      <Execution id="282449c1-a4ed-4dc3-8cd2-3cd07315d206" />
      <TestMethod codeBase="C:\src\nodejstools\BuildOutput\Release14.0\Tests\SharedProjectTests.dll" adapterTypeName="Microsoft.VisualStudio.TestTools.TestTypes.Unit.UnitTestAdapter" className="VisualStudioToolsUITests.LinkedFileTests" name="AddExistingItemAndFileByNameExistsInProjectButNotOnDisk" />
    </UnitTest>
    <UnitTest name="AddExistingItemAsLinkButFileExistsInProjectDirectory" storage="c:\src\nodejstools\buildoutput\release14.0\tests\sharedprojecttests.dll" priority="0" id="c87c1c55-f8c6-a6d4-48bd-e00afcf35b93">
      <Execution id="7e78c254-cd98-43fb-ace0-6edfeb60ea85" />
      <TestMethod codeBase="C:\src\nodejstools\BuildOutput\Release14.0\Tests\SharedProjectTests.dll" adapterTypeName="Microsoft.VisualStudio.TestTools.TestTypes.Unit.UnitTestAdapter" className="VisualStudioToolsUITests.LinkedFileTests" name="AddExistingItemAsLinkButFileExistsInProjectDirectory" />
    </UnitTest>
    <UnitTest name="RenamedLinkedFile" storage="c:\src\nodejstools\buildoutput\release14.0\tests\sharedprojecttests.dll" priority="0" id="ea26882a-d58b-a512-04d3-8a28db1ed0e4">
      <Execution id="5815cb6f-bc80-42cc-8d14-9dc2f9c7f4dd" />
      <TestMethod codeBase="C:\src\nodejstools\BuildOutput\Release14.0\Tests\SharedProjectTests.dll" adapterTypeName="Microsoft.VisualStudio.TestTools.TestTypes.Unit.UnitTestAdapter" className="VisualStudioToolsUITests.LinkedFileTests" name="RenamedLinkedFile" />
    </UnitTest>
    <UnitTest name="BadLinkPath" storage="c:\src\nodejstools\buildoutput\release14.0\tests\sharedprojecttests.dll" priority="0" id="e1bb801c-ae56-d790-36a1-fccd22345a90">
      <Execution id="76a602ad-bf7d-48af-95e2-4f87ef832ba8" />
      <TestMethod codeBase="C:\src\nodejstools\BuildOutput\Release14.0\Tests\SharedProjectTests.dll" adapterTypeName="Microsoft.VisualStudio.TestTools.TestTypes.Unit.UnitTestAdapter" className="VisualStudioToolsUITests.LinkedFileTests" name="BadLinkPath" />
    </UnitTest>
    <UnitTest name="RootedLinkIgnored" storage="c:\src\nodejstools\buildoutput\release14.0\tests\sharedprojecttests.dll" priority="0" id="020c52cc-3a3c-a966-4edb-9721a6c4edd1">
      <Execution id="73446609-b7f7-4955-9ae0-d5d15ca9c662" />
      <TestMethod codeBase="C:\src\nodejstools\BuildOutput\Release14.0\Tests\SharedProjectTests.dll" adapterTypeName="Microsoft.VisualStudio.TestTools.TestTypes.Unit.UnitTestAdapter" className="VisualStudioToolsUITests.LinkedFileTests" name="RootedLinkIgnored" />
    </UnitTest>
    <UnitTest name="RootedIncludeIgnored" storage="c:\src\nodejstools\buildoutput\release14.0\tests\sharedprojecttests.dll" priority="0" id="a37562d1-6dea-186e-c9c8-c2b7747a8ae7">
      <Execution id="86f4bfd6-a301-4c4c-859e-920ef57e3586" />
      <TestMethod codeBase="C:\src\nodejstools\BuildOutput\Release14.0\Tests\SharedProjectTests.dll" adapterTypeName="Microsoft.VisualStudio.TestTools.TestTypes.Unit.UnitTestAdapter" className="VisualStudioToolsUITests.LinkedFileTests" name="RootedIncludeIgnored" />
    </UnitTest>
    <UnitTest name="TestLinkedWithProjectHome" storage="c:\src\nodejstools\buildoutput\release14.0\tests\sharedprojecttests.dll" priority="0" id="301a8cf9-726d-b5e6-75d7-c5f00e1ffb2c">
      <Execution id="c81b9262-d800-4bf5-bf04-da7c3a35ee3a" />
      <TestMethod codeBase="C:\src\nodejstools\BuildOutput\Release14.0\Tests\SharedProjectTests.dll" adapterTypeName="Microsoft.VisualStudio.TestTools.TestTypes.Unit.UnitTestAdapter" className="VisualStudioToolsUITests.LinkedFileTests" name="TestLinkedWithProjectHome" />
    </UnitTest>
    <UnitTest name="ProjectAddItem" storage="c:\src\nodejstools\buildoutput\release14.0\tests\sharedprojecttests.dll" priority="0" id="5140281c-9a9c-4554-28ca-fb5c5be83ebc">
      <Execution id="fba17247-136d-4b26-9623-6e5e5fff6f09" />
      <TestMethod codeBase="C:\src\nodejstools\BuildOutput\Release14.0\Tests\SharedProjectTests.dll" adapterTypeName="Microsoft.VisualStudio.TestTools.TestTypes.Unit.UnitTestAdapter" className="Microsoft.VisualStudioTools.SharedProjectTests.BasicProjectTests" name="ProjectAddItem" />
    </UnitTest>
    <UnitTest name="CleanSolution" storage="c:\src\nodejstools\buildoutput\release14.0\tests\sharedprojecttests.dll" priority="0" id="c34c910f-9c18-45bf-0c7f-d96e7c32b7bc">
      <Execution id="93bb4e50-a3dc-4e73-9f29-9b22d52ddd2c" />
      <TestMethod codeBase="C:\src\nodejstools\BuildOutput\Release14.0\Tests\SharedProjectTests.dll" adapterTypeName="Microsoft.VisualStudio.TestTools.TestTypes.Unit.UnitTestAdapter" className="Microsoft.VisualStudioTools.SharedProjectTests.BasicProjectTests" name="CleanSolution" />
    </UnitTest>
    <UnitTest name="BuildSolution" storage="c:\src\nodejstools\buildoutput\release14.0\tests\sharedprojecttests.dll" priority="0" id="ff65c118-e175-5f2f-b24c-c3f162db2b4e">
      <Execution id="73e09245-c7cc-4756-b068-897f060fee30" />
      <TestMethod codeBase="C:\src\nodejstools\BuildOutput\Release14.0\Tests\SharedProjectTests.dll" adapterTypeName="Microsoft.VisualStudio.TestTools.TestTypes.Unit.UnitTestAdapter" className="Microsoft.VisualStudioTools.SharedProjectTests.BasicProjectTests" name="BuildSolution" />
    </UnitTest>
    <UnitTest name="OpenCommandHere" storage="c:\src\nodejstools\buildoutput\release14.0\tests\sharedprojecttests.dll" priority="0" id="a599e854-4e58-7a2f-c833-c17f48dcdc14">
      <Execution id="91c778c5-1a62-40d9-877b-46e443ce0073" />
      <TestMethod codeBase="C:\src\nodejstools\BuildOutput\Release14.0\Tests\SharedProjectTests.dll" adapterTypeName="Microsoft.VisualStudio.TestTools.TestTypes.Unit.UnitTestAdapter" className="Microsoft.VisualStudioTools.SharedProjectTests.BasicProjectTests" name="OpenCommandHere" />
    </UnitTest>
    <UnitTest name="PasteFileWhileOpenInEditor" storage="c:\src\nodejstools\buildoutput\release14.0\tests\sharedprojecttests.dll" priority="0" id="3957ae0d-7056-87fd-257e-54a293df7738">
      <Execution id="288b67ab-99cc-4411-aa9b-d812f11d12b7" />
      <TestMethod codeBase="C:\src\nodejstools\BuildOutput\Release14.0\Tests\SharedProjectTests.dll" adapterTypeName="Microsoft.VisualStudio.TestTools.TestTypes.Unit.UnitTestAdapter" className="Microsoft.VisualStudioTools.SharedProjectTests.BasicProjectTests" name="PasteFileWhileOpenInEditor" />
    </UnitTest>
    <UnitTest name="ItemVisibility" storage="c:\src\nodejstools\buildoutput\release14.0\tests\sharedprojecttests.dll" priority="0" id="89f8e63d-4b19-42d0-f60f-2e036b1f98ab">
      <Execution id="af945bf3-4f6e-4a65-870e-a231f67f5bd8" />
      <TestMethod codeBase="C:\src\nodejstools\BuildOutput\Release14.0\Tests\SharedProjectTests.dll" adapterTypeName="Microsoft.VisualStudio.TestTools.TestTypes.Unit.UnitTestAdapter" className="Microsoft.VisualStudioTools.SharedProjectTests.BasicProjectTests" name="ItemVisibility" />
    </UnitTest>
    <UnitTest name="ProjectAddExistingExcludedFolder" storage="c:\src\nodejstools\buildoutput\release14.0\tests\sharedprojecttests.dll" priority="0" id="8ed0eb5a-368a-faf4-ac1a-fce8605f8720">
      <Execution id="7bfee4d9-ea08-4c2b-b360-97f82bdc585f" />
      <TestMethod codeBase="C:\src\nodejstools\BuildOutput\Release14.0\Tests\SharedProjectTests.dll" adapterTypeName="Microsoft.VisualStudio.TestTools.TestTypes.Unit.UnitTestAdapter" className="Microsoft.VisualStudioTools.SharedProjectTests.BasicProjectTests" name="ProjectAddExistingExcludedFolder" />
    </UnitTest>
    <UnitTest name="RenameFile" storage="c:\src\nodejstools\buildoutput\release14.0\tests\sharedprojecttests.dll" priority="0" id="9cd9d50e-c34a-813b-c302-a2b577014b74">
      <Execution id="91ce31c4-2001-4df3-bde0-61921baa9065" />
      <TestMethod codeBase="C:\src\nodejstools\BuildOutput\Release14.0\Tests\SharedProjectTests.dll" adapterTypeName="Microsoft.VisualStudio.TestTools.TestTypes.Unit.UnitTestAdapter" className="Microsoft.VisualStudioTools.SharedProjectTests.BasicProjectTests" name="RenameFile" />
    </UnitTest>
    <UnitTest name="IsDocumentInProject" storage="c:\src\nodejstools\buildoutput\release14.0\tests\sharedprojecttests.dll" priority="0" id="e5eb3283-b986-328a-d743-984fd55d5a1a">
      <Execution id="fd6d6b44-1dbb-4756-a35e-9c587ba98d04" />
      <TestMethod codeBase="C:\src\nodejstools\BuildOutput\Release14.0\Tests\SharedProjectTests.dll" adapterTypeName="Microsoft.VisualStudio.TestTools.TestTypes.Unit.UnitTestAdapter" className="Microsoft.VisualStudioTools.SharedProjectTests.BasicProjectTests" name="IsDocumentInProject" />
    </UnitTest>
    <UnitTest name="DeleteFolderWithReadOnlyFile" storage="c:\src\nodejstools\buildoutput\release14.0\tests\sharedprojecttests.dll" priority="0" id="72400fa1-b317-e4eb-b061-27bcb3763d71">
      <Execution id="8d35d6e8-dc95-4ca0-87ea-0bcd53e2a245" />
      <TestMethod codeBase="C:\src\nodejstools\BuildOutput\Release14.0\Tests\SharedProjectTests.dll" adapterTypeName="Microsoft.VisualStudio.TestTools.TestTypes.Unit.UnitTestAdapter" className="Microsoft.VisualStudioTools.SharedProjectTests.BasicProjectTests" name="DeleteFolderWithReadOnlyFile" />
    </UnitTest>
    <UnitTest name="MultiPasteKeyboard" storage="c:\src\nodejstools\buildoutput\release14.0\tests\sharedprojecttests.dll" priority="0" id="b591ddd3-4254-948c-d737-960df8a44450">
      <Execution id="99299a02-9b2c-4d4a-99c2-fbe0d70102a0" />
      <TestMethod codeBase="C:\src\nodejstools\BuildOutput\Release14.0\Tests\SharedProjectTests.dll" adapterTypeName="Microsoft.VisualStudio.TestTools.TestTypes.Unit.UnitTestAdapter" className="Microsoft.VisualStudioTools.SharedProjectTests.DragDropCopyCutPaste" name="MultiPasteKeyboard" />
    </UnitTest>
    <UnitTest name="MultiPasteMouse" storage="c:\src\nodejstools\buildoutput\release14.0\tests\sharedprojecttests.dll" priority="0" id="0229a08e-1d33-7143-98c4-a3b9723d6b8f">
      <Execution id="331adf99-4fbd-460b-930d-9f8a85716e53" />
      <TestMethod codeBase="C:\src\nodejstools\BuildOutput\Release14.0\Tests\SharedProjectTests.dll" adapterTypeName="Microsoft.VisualStudio.TestTools.TestTypes.Unit.UnitTestAdapter" className="Microsoft.VisualStudioTools.SharedProjectTests.DragDropCopyCutPaste" name="MultiPasteMouse" />
    </UnitTest>
    <UnitTest name="CutPastePasteItem" storage="c:\src\nodejstools\buildoutput\release14.0\tests\sharedprojecttests.dll" priority="0" id="4b57e9fc-9339-d9d9-0abe-c49e9fa4f660">
      <Execution id="483aa704-9803-4c83-a298-bced21baa701" />
      <TestMethod codeBase="C:\src\nodejstools\BuildOutput\Release14.0\Tests\SharedProjectTests.dll" adapterTypeName="Microsoft.VisualStudio.TestTools.TestTypes.Unit.UnitTestAdapter" className="Microsoft.VisualStudioTools.SharedProjectTests.DragDropCopyCutPaste" name="CutPastePasteItem" />
    </UnitTest>
    <UnitTest name="CutRenamePaste" storage="c:\src\nodejstools\buildoutput\release14.0\tests\sharedprojecttests.dll" priority="0" id="5c86b1a9-57a4-4d0b-9c01-d9d714fb1b4a">
      <Execution id="b980be17-694c-455c-bf58-51d853c397f1" />
      <TestMethod codeBase="C:\src\nodejstools\BuildOutput\Release14.0\Tests\SharedProjectTests.dll" adapterTypeName="Microsoft.VisualStudio.TestTools.TestTypes.Unit.UnitTestAdapter" className="Microsoft.VisualStudioTools.SharedProjectTests.DragDropCopyCutPaste" name="CutRenamePaste" />
    </UnitTest>
    <UnitTest name="CutDeletePaste" storage="c:\src\nodejstools\buildoutput\release14.0\tests\sharedprojecttests.dll" priority="0" id="4329b06d-f9b1-f48b-ad30-c1bb5d3d7da3">
      <Execution id="740832cf-4189-4123-a244-e41a344d9533" />
      <TestMethod codeBase="C:\src\nodejstools\BuildOutput\Release14.0\Tests\SharedProjectTests.dll" adapterTypeName="Microsoft.VisualStudio.TestTools.TestTypes.Unit.UnitTestAdapter" className="Microsoft.VisualStudioTools.SharedProjectTests.DragDropCopyCutPaste" name="CutDeletePaste" />
    </UnitTest>
    <UnitTest name="CopyFileToFolderTooLongKeyboard" storage="c:\src\nodejstools\buildoutput\release14.0\tests\sharedprojecttests.dll" priority="0" id="dabd5024-1395-97c6-2d61-13289b9c3769">
      <Execution id="e29c92a6-5987-4d1c-b1bd-c9e7c6c1b163" />
      <TestMethod codeBase="C:\src\nodejstools\BuildOutput\Release14.0\Tests\SharedProjectTests.dll" adapterTypeName="Microsoft.VisualStudio.TestTools.TestTypes.Unit.UnitTestAdapter" className="Microsoft.VisualStudioTools.SharedProjectTests.DragDropCopyCutPaste" name="CopyFileToFolderTooLongKeyboard" />
    </UnitTest>
    <UnitTest name="CopyFileToFolderTooLongMouse" storage="c:\src\nodejstools\buildoutput\release14.0\tests\sharedprojecttests.dll" priority="0" id="3b2ff5a4-6c48-f812-7e65-c84bc219ba70">
      <Execution id="fb42ae2a-3323-42d5-a665-1073a4fe4e28" />
      <TestMethod codeBase="C:\src\nodejstools\BuildOutput\Release14.0\Tests\SharedProjectTests.dll" adapterTypeName="Microsoft.VisualStudio.TestTools.TestTypes.Unit.UnitTestAdapter" className="Microsoft.VisualStudioTools.SharedProjectTests.DragDropCopyCutPaste" name="CopyFileToFolderTooLongMouse" />
    </UnitTest>
    <UnitTest name="CutFileToFolderTooLongKeyboard" storage="c:\src\nodejstools\buildoutput\release14.0\tests\sharedprojecttests.dll" priority="0" id="4d9908dd-e74d-bbb3-82a4-bf3a2b8ad796">
      <Execution id="76d8c373-11b2-45df-8188-99b008acfdbc" />
      <TestMethod codeBase="C:\src\nodejstools\BuildOutput\Release14.0\Tests\SharedProjectTests.dll" adapterTypeName="Microsoft.VisualStudio.TestTools.TestTypes.Unit.UnitTestAdapter" className="Microsoft.VisualStudioTools.SharedProjectTests.DragDropCopyCutPaste" name="CutFileToFolderTooLongKeyboard" />
    </UnitTest>
    <UnitTest name="CutFileToFolderTooLongMouse" storage="c:\src\nodejstools\buildoutput\release14.0\tests\sharedprojecttests.dll" priority="0" id="889c4733-0b33-de07-996d-a376737ac3c7">
      <Execution id="263403fc-6963-4876-9711-0f94153292dc" />
      <TestMethod codeBase="C:\src\nodejstools\BuildOutput\Release14.0\Tests\SharedProjectTests.dll" adapterTypeName="Microsoft.VisualStudio.TestTools.TestTypes.Unit.UnitTestAdapter" className="Microsoft.VisualStudioTools.SharedProjectTests.DragDropCopyCutPaste" name="CutFileToFolderTooLongMouse" />
    </UnitTest>
    <UnitTest name="CutRenamePasteFolder" storage="c:\src\nodejstools\buildoutput\release14.0\tests\sharedprojecttests.dll" priority="0" id="f4c5d3f2-220f-b4c7-0a3c-877864ebe76c">
      <Execution id="a5053989-77f9-4900-ba31-384acb935367" />
      <TestMethod codeBase="C:\src\nodejstools\BuildOutput\Release14.0\Tests\SharedProjectTests.dll" adapterTypeName="Microsoft.VisualStudio.TestTools.TestTypes.Unit.UnitTestAdapter" className="Microsoft.VisualStudioTools.SharedProjectTests.DragDropCopyCutPaste" name="CutRenamePasteFolder" />
    </UnitTest>
    <UnitTest name="CopiedBeforeDragPastedAfterDrop" storage="c:\src\nodejstools\buildoutput\release14.0\tests\sharedprojecttests.dll" priority="0" id="6e1382ee-e839-f8ef-b0af-40097ef6b25d">
      <Execution id="d5d76542-292e-411d-95bb-a3f9f89cd71e" />
      <TestMethod codeBase="C:\src\nodejstools\BuildOutput\Release14.0\Tests\SharedProjectTests.dll" adapterTypeName="Microsoft.VisualStudio.TestTools.TestTypes.Unit.UnitTestAdapter" className="Microsoft.VisualStudioTools.SharedProjectTests.DragDropCopyCutPaste" name="CopiedBeforeDragPastedAfterDrop" />
    </UnitTest>
    <UnitTest name="DragToAnotherProjectKeyboard" storage="c:\src\nodejstools\buildoutput\release14.0\tests\sharedprojecttests.dll" priority="0" id="8fa87d9c-39f7-61a1-5547-38f77964b684">
      <Execution id="ae729f3d-4a6c-473b-adae-d259428ac57a" />
      <TestMethod codeBase="C:\src\nodejstools\BuildOutput\Release14.0\Tests\SharedProjectTests.dll" adapterTypeName="Microsoft.VisualStudio.TestTools.TestTypes.Unit.UnitTestAdapter" className="Microsoft.VisualStudioTools.SharedProjectTests.DragDropCopyCutPaste" name="DragToAnotherProjectKeyboard" />
    </UnitTest>
    <UnitTest name="DragToAnotherProjectMouse" storage="c:\src\nodejstools\buildoutput\release14.0\tests\sharedprojecttests.dll" priority="0" id="d2221777-e75d-05b6-7abb-31607fedcd13">
      <Execution id="8217a7db-9188-477a-ab5d-58b8e198bb51" />
      <TestMethod codeBase="C:\src\nodejstools\BuildOutput\Release14.0\Tests\SharedProjectTests.dll" adapterTypeName="Microsoft.VisualStudio.TestTools.TestTypes.Unit.UnitTestAdapter" className="Microsoft.VisualStudioTools.SharedProjectTests.DragDropCopyCutPaste" name="DragToAnotherProjectMouse" />
    </UnitTest>
    <UnitTest name="CutFolderPasteOnSelf" storage="c:\src\nodejstools\buildoutput\release14.0\tests\sharedprojecttests.dll" priority="0" id="52a81218-d3f9-ccd1-9f24-990c581c13f5">
      <Execution id="0542e2f4-c405-422a-b53c-b588aa1456df" />
      <TestMethod codeBase="C:\src\nodejstools\BuildOutput\Release14.0\Tests\SharedProjectTests.dll" adapterTypeName="Microsoft.VisualStudio.TestTools.TestTypes.Unit.UnitTestAdapter" className="Microsoft.VisualStudioTools.SharedProjectTests.DragDropCopyCutPaste" name="CutFolderPasteOnSelf" />
    </UnitTest>
    <UnitTest name="DragFolderOntoSelf" storage="c:\src\nodejstools\buildoutput\release14.0\tests\sharedprojecttests.dll" priority="0" id="56c7c6f1-1389-4801-243d-8b5d4bbe6a19">
      <Execution id="131f2f54-90b7-427c-b8d4-801e98a03c65" />
      <TestMethod codeBase="C:\src\nodejstools\BuildOutput\Release14.0\Tests\SharedProjectTests.dll" adapterTypeName="Microsoft.VisualStudio.TestTools.TestTypes.Unit.UnitTestAdapter" className="Microsoft.VisualStudioTools.SharedProjectTests.DragDropCopyCutPaste" name="DragFolderOntoSelf" />
    </UnitTest>
    <UnitTest name="DragFolderOntoChild" storage="c:\src\nodejstools\buildoutput\release14.0\tests\sharedprojecttests.dll" priority="0" id="52b2f30e-29c8-0d11-877b-9c80c7469a66">
      <Execution id="512623c0-4d5f-4e70-bf6e-c1e24ccd488f" />
      <TestMethod codeBase="C:\src\nodejstools\BuildOutput\Release14.0\Tests\SharedProjectTests.dll" adapterTypeName="Microsoft.VisualStudio.TestTools.TestTypes.Unit.UnitTestAdapter" className="Microsoft.VisualStudioTools.SharedProjectTests.DragDropCopyCutPaste" name="DragFolderOntoChild" />
    </UnitTest>
    <UnitTest name="CutFileReplace" storage="c:\src\nodejstools\buildoutput\release14.0\tests\sharedprojecttests.dll" priority="0" id="fd46f344-da8f-2b46-40ce-e6ebf149eee2">
      <Execution id="a12793aa-5693-4bc4-89ca-452551ea845b" />
      <TestMethod codeBase="C:\src\nodejstools\BuildOutput\Release14.0\Tests\SharedProjectTests.dll" adapterTypeName="Microsoft.VisualStudio.TestTools.TestTypes.Unit.UnitTestAdapter" className="Microsoft.VisualStudioTools.SharedProjectTests.DragDropCopyCutPaste" name="CutFileReplace" />
    </UnitTest>
    <UnitTest name="CutFolderAndFile" storage="c:\src\nodejstools\buildoutput\release14.0\tests\sharedprojecttests.dll" priority="0" id="5b3a0ca2-eaee-34a8-8221-8914c2961a90">
      <Execution id="67796f0b-478d-4144-b69c-f90a55d9cbba" />
      <TestMethod codeBase="C:\src\nodejstools\BuildOutput\Release14.0\Tests\SharedProjectTests.dll" adapterTypeName="Microsoft.VisualStudio.TestTools.TestTypes.Unit.UnitTestAdapter" className="Microsoft.VisualStudioTools.SharedProjectTests.DragDropCopyCutPaste" name="CutFolderAndFile" />
    </UnitTest>
    <UnitTest name="CutFilePasteSameLocation" storage="c:\src\nodejstools\buildoutput\release14.0\tests\sharedprojecttests.dll" priority="0" id="d219f9af-1e3e-7af1-2f4a-a1b377702767">
      <Execution id="88f1349a-bb74-479b-862d-5c93544f5456" />
      <TestMethod codeBase="C:\src\nodejstools\BuildOutput\Release14.0\Tests\SharedProjectTests.dll" adapterTypeName="Microsoft.VisualStudio.TestTools.TestTypes.Unit.UnitTestAdapter" className="Microsoft.VisualStudioTools.SharedProjectTests.DragDropCopyCutPaste" name="CutFilePasteSameLocation" />
    </UnitTest>
    <UnitTest name="DragFolderAndFileOntoSelf" storage="c:\src\nodejstools\buildoutput\release14.0\tests\sharedprojecttests.dll" priority="0" id="396bbf1d-63b5-3f6a-5a44-58b2b60a2904">
      <Execution id="fb0e1231-3203-4425-ae2e-f6afe38955bb" />
      <TestMethod codeBase="C:\src\nodejstools\BuildOutput\Release14.0\Tests\SharedProjectTests.dll" adapterTypeName="Microsoft.VisualStudio.TestTools.TestTypes.Unit.UnitTestAdapter" className="Microsoft.VisualStudioTools.SharedProjectTests.DragDropCopyCutPaste" name="DragFolderAndFileOntoSelf" />
    </UnitTest>
    <UnitTest name="CopyFolderFromAnotherHierarchy" storage="c:\src\nodejstools\buildoutput\release14.0\tests\sharedprojecttests.dll" priority="0" id="01341187-53f4-6622-71cc-fd94772d4812">
      <Execution id="15b7e96e-c247-453c-a58b-fa93c3234a69" />
      <TestMethod codeBase="C:\src\nodejstools\BuildOutput\Release14.0\Tests\SharedProjectTests.dll" adapterTypeName="Microsoft.VisualStudio.TestTools.TestTypes.Unit.UnitTestAdapter" className="Microsoft.VisualStudioTools.SharedProjectTests.DragDropCopyCutPaste" name="CopyFolderFromAnotherHierarchy" />
    </UnitTest>
    <UnitTest name="CopyDeletePaste" storage="c:\src\nodejstools\buildoutput\release14.0\tests\sharedprojecttests.dll" priority="0" id="33d025c9-c719-30ac-2fa6-01636ea3b186">
      <Execution id="01526fd2-953e-4ba9-a032-d38ac90bdfd6" />
      <TestMethod codeBase="C:\src\nodejstools\BuildOutput\Release14.0\Tests\SharedProjectTests.dll" adapterTypeName="Microsoft.VisualStudio.TestTools.TestTypes.Unit.UnitTestAdapter" className="Microsoft.VisualStudioTools.SharedProjectTests.DragDropCopyCutPaste" name="CopyDeletePaste" />
    </UnitTest>
    <UnitTest name="CrossHierarchyFileDragAndDropKeyboard" storage="c:\src\nodejstools\buildoutput\release14.0\tests\sharedprojecttests.dll" priority="0" id="ee95aa6e-7e45-2108-0f80-281e5e37ba14">
      <Execution id="9ef67ace-4b7c-45bb-9587-a1f587478844" />
      <TestMethod codeBase="C:\src\nodejstools\BuildOutput\Release14.0\Tests\SharedProjectTests.dll" adapterTypeName="Microsoft.VisualStudio.TestTools.TestTypes.Unit.UnitTestAdapter" className="Microsoft.VisualStudioTools.SharedProjectTests.DragDropCopyCutPaste" name="CrossHierarchyFileDragAndDropKeyboard" />
    </UnitTest>
    <UnitTest name="CrossHierarchyFileDragAndDropMouse" storage="c:\src\nodejstools\buildoutput\release14.0\tests\sharedprojecttests.dll" priority="0" id="6ee034c2-4658-6903-eb5d-c7abd20e430b">
      <Execution id="07a65fe9-d825-4e45-bd1a-24e828f02af8" />
      <TestMethod codeBase="C:\src\nodejstools\BuildOutput\Release14.0\Tests\SharedProjectTests.dll" adapterTypeName="Microsoft.VisualStudio.TestTools.TestTypes.Unit.UnitTestAdapter" className="Microsoft.VisualStudioTools.SharedProjectTests.DragDropCopyCutPaste" name="CrossHierarchyFileDragAndDropMouse" />
    </UnitTest>
    <UnitTest name="MoveDuplicateFolderNameKeyboard" storage="c:\src\nodejstools\buildoutput\release14.0\tests\sharedprojecttests.dll" priority="0" id="014f7d16-ce2b-a95e-cb6f-11db69a3a738">
      <Execution id="28ad42b6-4207-47d2-955b-f835e8e6de84" />
      <TestMethod codeBase="C:\src\nodejstools\BuildOutput\Release14.0\Tests\SharedProjectTests.dll" adapterTypeName="Microsoft.VisualStudio.TestTools.TestTypes.Unit.UnitTestAdapter" className="Microsoft.VisualStudioTools.SharedProjectTests.DragDropCopyCutPaste" name="MoveDuplicateFolderNameKeyboard" />
    </UnitTest>
    <UnitTest name="MoveDuplicateFolderNameMouse" storage="c:\src\nodejstools\buildoutput\release14.0\tests\sharedprojecttests.dll" priority="0" id="932a21a9-4bc7-e149-1a36-5bdef40a3816">
      <Execution id="cccfc6c6-1f02-4abe-a7d6-0e7447ecd193" />
      <TestMethod codeBase="C:\src\nodejstools\BuildOutput\Release14.0\Tests\SharedProjectTests.dll" adapterTypeName="Microsoft.VisualStudio.TestTools.TestTypes.Unit.UnitTestAdapter" className="Microsoft.VisualStudioTools.SharedProjectTests.DragDropCopyCutPaste" name="MoveDuplicateFolderNameMouse" />
    </UnitTest>
    <UnitTest name="CopyDuplicateFolderNameKeyboard" storage="c:\src\nodejstools\buildoutput\release14.0\tests\sharedprojecttests.dll" priority="0" id="0c920c9d-6fef-f920-d3fc-b469ce22ece8">
      <Execution id="4359359b-74a9-4f62-b59b-2ccbb0fc7d37" />
      <TestMethod codeBase="C:\src\nodejstools\BuildOutput\Release14.0\Tests\SharedProjectTests.dll" adapterTypeName="Microsoft.VisualStudio.TestTools.TestTypes.Unit.UnitTestAdapter" className="Microsoft.VisualStudioTools.SharedProjectTests.DragDropCopyCutPaste" name="CopyDuplicateFolderNameKeyboard" />
    </UnitTest>
    <UnitTest name="CopyDuplicateFolderNameMouse" storage="c:\src\nodejstools\buildoutput\release14.0\tests\sharedprojecttests.dll" priority="0" id="7c6992aa-69b0-033e-e868-f5b12e993abd">
      <Execution id="ac40e006-b74a-4485-a8c4-5e551b981fdf" />
      <TestMethod codeBase="C:\src\nodejstools\BuildOutput\Release14.0\Tests\SharedProjectTests.dll" adapterTypeName="Microsoft.VisualStudio.TestTools.TestTypes.Unit.UnitTestAdapter" className="Microsoft.VisualStudioTools.SharedProjectTests.DragDropCopyCutPaste" name="CopyDuplicateFolderNameMouse" />
    </UnitTest>
    <UnitTest name="MoveCrossHierarchyKeyboard" storage="c:\src\nodejstools\buildoutput\release14.0\tests\sharedprojecttests.dll" priority="0" id="9df5379a-a672-9454-4187-a5dc4c6ff134">
      <Execution id="59db4862-84ea-42e8-97a2-ccf97e7c29fc" />
      <TestMethod codeBase="C:\src\nodejstools\BuildOutput\Release14.0\Tests\SharedProjectTests.dll" adapterTypeName="Microsoft.VisualStudio.TestTools.TestTypes.Unit.UnitTestAdapter" className="Microsoft.VisualStudioTools.SharedProjectTests.DragDropCopyCutPaste" name="MoveCrossHierarchyKeyboard" />
    </UnitTest>
    <UnitTest name="MoveCrossHierarchyMouse" storage="c:\src\nodejstools\buildoutput\release14.0\tests\sharedprojecttests.dll" priority="0" id="5194718c-017d-e2d7-4070-9a8a2c57f883">
      <Execution id="59d5cc57-7725-4eec-8070-ed9e746e014f" />
      <TestMethod codeBase="C:\src\nodejstools\BuildOutput\Release14.0\Tests\SharedProjectTests.dll" adapterTypeName="Microsoft.VisualStudio.TestTools.TestTypes.Unit.UnitTestAdapter" className="Microsoft.VisualStudioTools.SharedProjectTests.DragDropCopyCutPaste" name="MoveCrossHierarchyMouse" />
    </UnitTest>
    <UnitTest name="MoveReverseCrossHierarchyKeyboard" storage="c:\src\nodejstools\buildoutput\release14.0\tests\sharedprojecttests.dll" priority="0" id="dc94ee52-1e77-7a75-4149-57bae95a85ef">
      <Execution id="7867252b-73a1-41dc-8f36-1e2c8ca90026" />
      <TestMethod codeBase="C:\src\nodejstools\BuildOutput\Release14.0\Tests\SharedProjectTests.dll" adapterTypeName="Microsoft.VisualStudio.TestTools.TestTypes.Unit.UnitTestAdapter" className="Microsoft.VisualStudioTools.SharedProjectTests.DragDropCopyCutPaste" name="MoveReverseCrossHierarchyKeyboard" />
    </UnitTest>
    <UnitTest name="MoveReverseCrossHierarchyMouse" storage="c:\src\nodejstools\buildoutput\release14.0\tests\sharedprojecttests.dll" priority="0" id="f7876b17-8d7d-441b-0791-ec2cf3f72ec7">
      <Execution id="1de5b7f5-51eb-4300-b4c8-f0e218e9eb7c" />
      <TestMethod codeBase="C:\src\nodejstools\BuildOutput\Release14.0\Tests\SharedProjectTests.dll" adapterTypeName="Microsoft.VisualStudio.TestTools.TestTypes.Unit.UnitTestAdapter" className="Microsoft.VisualStudioTools.SharedProjectTests.DragDropCopyCutPaste" name="MoveReverseCrossHierarchyMouse" />
    </UnitTest>
    <UnitTest name="MoveDuplicateFileNameOverwriteKeyboard" storage="c:\src\nodejstools\buildoutput\release14.0\tests\sharedprojecttests.dll" priority="0" id="715d3176-65e5-f50c-b360-f234738c719c">
      <Execution id="37ff2d2d-b572-4355-ad4d-23cacb12d1dd" />
      <TestMethod codeBase="C:\src\nodejstools\BuildOutput\Release14.0\Tests\SharedProjectTests.dll" adapterTypeName="Microsoft.VisualStudio.TestTools.TestTypes.Unit.UnitTestAdapter" className="Microsoft.VisualStudioTools.SharedProjectTests.DragDropCopyCutPaste" name="MoveDuplicateFileNameOverwriteKeyboard" />
    </UnitTest>
    <UnitTest name="MoveDuplicateFileNameOverwriteMouse" storage="c:\src\nodejstools\buildoutput\release14.0\tests\sharedprojecttests.dll" priority="0" id="0cfacedb-5b8e-5c3d-586d-f525b66eaf5e">
      <Execution id="71680887-9087-4def-8cc2-6cd951cc0330" />
      <TestMethod codeBase="C:\src\nodejstools\BuildOutput\Release14.0\Tests\SharedProjectTests.dll" adapterTypeName="Microsoft.VisualStudio.TestTools.TestTypes.Unit.UnitTestAdapter" className="Microsoft.VisualStudioTools.SharedProjectTests.DragDropCopyCutPaste" name="MoveDuplicateFileNameOverwriteMouse" />
    </UnitTest>
    <UnitTest name="MoveDuplicateFileNameOverwriteAllItemsKeyboard" storage="c:\src\nodejstools\buildoutput\release14.0\tests\sharedprojecttests.dll" priority="0" id="626fd657-6f69-ed1b-0f1d-06f6c621f882">
      <Execution id="d8aff758-83bd-41ef-9dc0-5d3afedaa190" />
      <TestMethod codeBase="C:\src\nodejstools\BuildOutput\Release14.0\Tests\SharedProjectTests.dll" adapterTypeName="Microsoft.VisualStudio.TestTools.TestTypes.Unit.UnitTestAdapter" className="Microsoft.VisualStudioTools.SharedProjectTests.DragDropCopyCutPaste" name="MoveDuplicateFileNameOverwriteAllItemsKeyboard" />
    </UnitTest>
    <UnitTest name="MoveDuplicateFileNameOverwriteAllItemsMouse" storage="c:\src\nodejstools\buildoutput\release14.0\tests\sharedprojecttests.dll" priority="0" id="3b8510f7-1181-e71b-684b-67dec64a3d62">
      <Execution id="e6eea264-4aea-48f3-a8b9-6f1100e44ef1" />
      <TestMethod codeBase="C:\src\nodejstools\BuildOutput\Release14.0\Tests\SharedProjectTests.dll" adapterTypeName="Microsoft.VisualStudio.TestTools.TestTypes.Unit.UnitTestAdapter" className="Microsoft.VisualStudioTools.SharedProjectTests.DragDropCopyCutPaste" name="MoveDuplicateFileNameOverwriteAllItemsMouse" />
    </UnitTest>
    <UnitTest name="MoveDuplicateFileNameDontOverwriteKeyboard" storage="c:\src\nodejstools\buildoutput\release14.0\tests\sharedprojecttests.dll" priority="0" id="77c01400-ec78-b33b-9fb0-17175603a62c">
      <Execution id="04fdd724-01c5-4686-ba78-94c71dfe5de9" />
      <TestMethod codeBase="C:\src\nodejstools\BuildOutput\Release14.0\Tests\SharedProjectTests.dll" adapterTypeName="Microsoft.VisualStudio.TestTools.TestTypes.Unit.UnitTestAdapter" className="Microsoft.VisualStudioTools.SharedProjectTests.DragDropCopyCutPaste" name="MoveDuplicateFileNameDontOverwriteKeyboard" />
    </UnitTest>
    <UnitTest name="MoveDuplicateFileNameDontOverwriteMouse" storage="c:\src\nodejstools\buildoutput\release14.0\tests\sharedprojecttests.dll" priority="0" id="85d794a2-164f-4d9f-0058-f4b4a7b3b81a">
      <Execution id="a48d6670-8981-4e4b-a76b-96f10ecc50ff" />
      <TestMethod codeBase="C:\src\nodejstools\BuildOutput\Release14.0\Tests\SharedProjectTests.dll" adapterTypeName="Microsoft.VisualStudio.TestTools.TestTypes.Unit.UnitTestAdapter" className="Microsoft.VisualStudioTools.SharedProjectTests.DragDropCopyCutPaste" name="MoveDuplicateFileNameDontOverwriteMouse" />
    </UnitTest>
    <UnitTest name="MoveDuplicateFileNameDontOverwrite2Keyboard" storage="c:\src\nodejstools\buildoutput\release14.0\tests\sharedprojecttests.dll" priority="0" id="eb6f0eb1-3c4d-2507-1158-e360edc86bb3">
      <Execution id="88f1644a-484f-4cc0-9552-d1cf306647ba" />
      <TestMethod codeBase="C:\src\nodejstools\BuildOutput\Release14.0\Tests\SharedProjectTests.dll" adapterTypeName="Microsoft.VisualStudio.TestTools.TestTypes.Unit.UnitTestAdapter" className="Microsoft.VisualStudioTools.SharedProjectTests.DragDropCopyCutPaste" name="MoveDuplicateFileNameDontOverwrite2Keyboard" />
    </UnitTest>
    <UnitTest name="MoveDuplicateFileNameDontOverwrite2Mouse" storage="c:\src\nodejstools\buildoutput\release14.0\tests\sharedprojecttests.dll" priority="0" id="fba529f2-f173-8ffc-39b8-c7da5de40fb0">
      <Execution id="665f7fd8-ff36-4ba1-96c4-07a3f8622687" />
      <TestMethod codeBase="C:\src\nodejstools\BuildOutput\Release14.0\Tests\SharedProjectTests.dll" adapterTypeName="Microsoft.VisualStudio.TestTools.TestTypes.Unit.UnitTestAdapter" className="Microsoft.VisualStudioTools.SharedProjectTests.DragDropCopyCutPaste" name="MoveDuplicateFileNameDontOverwrite2Mouse" />
    </UnitTest>
    <UnitTest name="MoveDuplicateFileNameDontOverwriteAllItemsKeyboard" storage="c:\src\nodejstools\buildoutput\release14.0\tests\sharedprojecttests.dll" priority="0" id="9794d1aa-ace4-f377-b4ea-ed520f2307ee">
      <Execution id="33ecafed-55df-4668-a17b-4b13fd3f9879" />
      <TestMethod codeBase="C:\src\nodejstools\BuildOutput\Release14.0\Tests\SharedProjectTests.dll" adapterTypeName="Microsoft.VisualStudio.TestTools.TestTypes.Unit.UnitTestAdapter" className="Microsoft.VisualStudioTools.SharedProjectTests.DragDropCopyCutPaste" name="MoveDuplicateFileNameDontOverwriteAllItemsKeyboard" />
    </UnitTest>
    <UnitTest name="MoveDuplicateFileNameDontOverwriteAllItemsMouse" storage="c:\src\nodejstools\buildoutput\release14.0\tests\sharedprojecttests.dll" priority="0" id="0326ea24-a45b-6518-dd89-dad42caa28f7">
      <Execution id="e7859f62-dda4-4dcd-9ed0-48060dfc3576" />
      <TestMethod codeBase="C:\src\nodejstools\BuildOutput\Release14.0\Tests\SharedProjectTests.dll" adapterTypeName="Microsoft.VisualStudio.TestTools.TestTypes.Unit.UnitTestAdapter" className="Microsoft.VisualStudioTools.SharedProjectTests.DragDropCopyCutPaste" name="MoveDuplicateFileNameDontOverwriteAllItemsMouse" />
    </UnitTest>
    <UnitTest name="MoveDuplicateFileNameCancelKeyboard" storage="c:\src\nodejstools\buildoutput\release14.0\tests\sharedprojecttests.dll" priority="0" id="0ab7ed36-1133-b9dc-0b56-d0ca651484c5">
      <Execution id="c03457f3-fa4b-4a94-a42e-1f5e78b0ce1c" />
      <TestMethod codeBase="C:\src\nodejstools\BuildOutput\Release14.0\Tests\SharedProjectTests.dll" adapterTypeName="Microsoft.VisualStudio.TestTools.TestTypes.Unit.UnitTestAdapter" className="Microsoft.VisualStudioTools.SharedProjectTests.DragDropCopyCutPaste" name="MoveDuplicateFileNameCancelKeyboard" />
    </UnitTest>
    <UnitTest name="MoveDuplicateFileNameCancelMouse" storage="c:\src\nodejstools\buildoutput\release14.0\tests\sharedprojecttests.dll" priority="0" id="60551f37-647e-6671-d64b-3f619af0b3fa">
      <Execution id="60e95b1a-da9a-4905-af26-ca96a8e06892" />
      <TestMethod codeBase="C:\src\nodejstools\BuildOutput\Release14.0\Tests\SharedProjectTests.dll" adapterTypeName="Microsoft.VisualStudio.TestTools.TestTypes.Unit.UnitTestAdapter" className="Microsoft.VisualStudioTools.SharedProjectTests.DragDropCopyCutPaste" name="MoveDuplicateFileNameCancelMouse" />
    </UnitTest>
    <UnitTest name="MoveDoubleCrossHierarchy" storage="c:\src\nodejstools\buildoutput\release14.0\tests\sharedprojecttests.dll" priority="0" id="6ea411d3-56ef-928e-986c-9c7f199aa4e8">
      <Execution id="54a4aa0d-7bab-4a31-b51f-4efa923b230d" />
      <TestMethod codeBase="C:\src\nodejstools\BuildOutput\Release14.0\Tests\SharedProjectTests.dll" adapterTypeName="Microsoft.VisualStudio.TestTools.TestTypes.Unit.UnitTestAdapter" className="Microsoft.VisualStudioTools.SharedProjectTests.DragDropCopyCutPaste" name="MoveDoubleCrossHierarchy" />
    </UnitTest>
    <UnitTest name="DragTwiceAndOverwrite" storage="c:\src\nodejstools\buildoutput\release14.0\tests\sharedprojecttests.dll" priority="0" id="890fd3d2-c32c-6fa0-ae54-d15fe21ce333">
      <Execution id="1fc26171-9e0d-4617-a2e0-428baf7c57cc" />
      <TestMethod codeBase="C:\src\nodejstools\BuildOutput\Release14.0\Tests\SharedProjectTests.dll" adapterTypeName="Microsoft.VisualStudio.TestTools.TestTypes.Unit.UnitTestAdapter" className="Microsoft.VisualStudioTools.SharedProjectTests.DragDropCopyCutPaste" name="DragTwiceAndOverwrite" />
    </UnitTest>
    <UnitTest name="CopyFolderMissingItem" storage="c:\src\nodejstools\buildoutput\release14.0\tests\sharedprojecttests.dll" priority="0" id="1f57b0f5-391e-3872-4876-2191d047fd6b">
      <Execution id="30bc8aec-9524-4057-90f8-81c71c1edf2b" />
      <TestMethod codeBase="C:\src\nodejstools\BuildOutput\Release14.0\Tests\SharedProjectTests.dll" adapterTypeName="Microsoft.VisualStudio.TestTools.TestTypes.Unit.UnitTestAdapter" className="Microsoft.VisualStudioTools.SharedProjectTests.DragDropCopyCutPaste" name="CopyFolderMissingItem" />
    </UnitTest>
    <UnitTest name="CopyPasteMissingFile" storage="c:\src\nodejstools\buildoutput\release14.0\tests\sharedprojecttests.dll" priority="0" id="e661b1ad-4451-30d6-51a5-d1bdd3c3efda">
      <Execution id="76912b55-f149-45c7-aaa4-8d4914f77ecd" />
      <TestMethod codeBase="C:\src\nodejstools\BuildOutput\Release14.0\Tests\SharedProjectTests.dll" adapterTypeName="Microsoft.VisualStudio.TestTools.TestTypes.Unit.UnitTestAdapter" className="Microsoft.VisualStudioTools.SharedProjectTests.DragDropCopyCutPaste" name="CopyPasteMissingFile" />
    </UnitTest>
    <UnitTest name="MoveFolderExistingFile" storage="c:\src\nodejstools\buildoutput\release14.0\tests\sharedprojecttests.dll" priority="0" id="32e03154-b9f9-bb91-4824-dff2ce7af16e">
      <Execution id="42e5bacb-0545-43db-af64-6aa02f139044" />
      <TestMethod codeBase="C:\src\nodejstools\BuildOutput\Release14.0\Tests\SharedProjectTests.dll" adapterTypeName="Microsoft.VisualStudio.TestTools.TestTypes.Unit.UnitTestAdapter" className="Microsoft.VisualStudioTools.SharedProjectTests.DragDropCopyCutPaste" name="MoveFolderExistingFile" />
    </UnitTest>
    <UnitTest name="MoveFolderWithContents" storage="c:\src\nodejstools\buildoutput\release14.0\tests\sharedprojecttests.dll" priority="0" id="a49f09e3-8e58-a427-c32b-0428dbe90abf">
      <Execution id="b9b3a7cf-c64e-4f85-81a3-bd0413c5c8d1" />
      <TestMethod codeBase="C:\src\nodejstools\BuildOutput\Release14.0\Tests\SharedProjectTests.dll" adapterTypeName="Microsoft.VisualStudio.TestTools.TestTypes.Unit.UnitTestAdapter" className="Microsoft.VisualStudioTools.SharedProjectTests.DragDropCopyCutPaste" name="MoveFolderWithContents" />
    </UnitTest>
    <UnitTest name="MoveProjectToSolutionFolderKeyboard" storage="c:\src\nodejstools\buildoutput\release14.0\tests\sharedprojecttests.dll" priority="0" id="c60b2d6b-f1e2-3b17-9d0c-5c977453485a">
      <Execution id="79c76e52-4e2a-426d-9620-4157fd1f03bd" />
      <TestMethod codeBase="C:\src\nodejstools\BuildOutput\Release14.0\Tests\SharedProjectTests.dll" adapterTypeName="Microsoft.VisualStudio.TestTools.TestTypes.Unit.UnitTestAdapter" className="Microsoft.VisualStudioTools.SharedProjectTests.DragDropCopyCutPaste" name="MoveProjectToSolutionFolderKeyboard" />
    </UnitTest>
    <UnitTest name="MoveProjectToSolutionFolderMouse" storage="c:\src\nodejstools\buildoutput\release14.0\tests\sharedprojecttests.dll" priority="0" id="e2fab5e1-48af-c715-310e-d2cef60fb5f7">
      <Execution id="1d76adde-0a4c-4710-a300-3cb5f6f1b90c" />
      <TestMethod codeBase="C:\src\nodejstools\BuildOutput\Release14.0\Tests\SharedProjectTests.dll" adapterTypeName="Microsoft.VisualStudio.TestTools.TestTypes.Unit.UnitTestAdapter" className="Microsoft.VisualStudioTools.SharedProjectTests.DragDropCopyCutPaste" name="MoveProjectToSolutionFolderMouse" />
    </UnitTest>
    <UnitTest name="CopyReadOnlyFileByKeyboard" storage="c:\src\nodejstools\buildoutput\release14.0\tests\sharedprojecttests.dll" priority="0" id="b44ad854-797c-6455-2cdd-805237f53829">
      <Execution id="1ccb7ac1-d5cc-4ee9-95fe-f8af5e7d2c3d" />
      <TestMethod codeBase="C:\src\nodejstools\BuildOutput\Release14.0\Tests\SharedProjectTests.dll" adapterTypeName="Microsoft.VisualStudio.TestTools.TestTypes.Unit.UnitTestAdapter" className="Microsoft.VisualStudioTools.SharedProjectTests.DragDropCopyCutPaste" name="CopyReadOnlyFileByKeyboard" />
    </UnitTest>
    <UnitTest name="CopyReadOnlyFileByMouse" storage="c:\src\nodejstools\buildoutput\release14.0\tests\sharedprojecttests.dll" priority="0" id="67a7c829-17a5-6f9a-953e-8720509d8b56">
      <Execution id="09d893cc-7caa-4916-a9ee-d5c883b6f384" />
      <TestMethod codeBase="C:\src\nodejstools\BuildOutput\Release14.0\Tests\SharedProjectTests.dll" adapterTypeName="Microsoft.VisualStudio.TestTools.TestTypes.Unit.UnitTestAdapter" className="Microsoft.VisualStudioTools.SharedProjectTests.DragDropCopyCutPaste" name="CopyReadOnlyFileByMouse" />
    </UnitTest>
    <UnitTest name="CopyFileFromFolderToLinkedFolderKeyboard" storage="c:\src\nodejstools\buildoutput\release14.0\tests\sharedprojecttests.dll" priority="2" id="2e11e0ac-e33e-6520-4aed-7d8338635396">
      <Execution id="493848e8-d393-4339-9696-58846bb3205d" />
      <TestMethod codeBase="C:\src\nodejstools\BuildOutput\Release14.0\Tests\SharedProjectTests.dll" adapterTypeName="Microsoft.VisualStudio.TestTools.TestTypes.Unit.UnitTestAdapter" className="Microsoft.VisualStudioTools.SharedProjectTests.DragDropCopyCutPaste" name="CopyFileFromFolderToLinkedFolderKeyboard" />
    </UnitTest>
    <UnitTest name="CopyFileFromFolderToLinkedFolderMouse" storage="c:\src\nodejstools\buildoutput\release14.0\tests\sharedprojecttests.dll" priority="2" id="186867f0-ba06-5180-3309-1849c5e5323e">
      <Execution id="32489bf3-4760-430e-8004-729e41b194ab" />
      <TestMethod codeBase="C:\src\nodejstools\BuildOutput\Release14.0\Tests\SharedProjectTests.dll" adapterTypeName="Microsoft.VisualStudio.TestTools.TestTypes.Unit.UnitTestAdapter" className="Microsoft.VisualStudioTools.SharedProjectTests.DragDropCopyCutPaste" name="CopyFileFromFolderToLinkedFolderMouse" />
    </UnitTest>
    <UnitTest name="RunWithoutStartupFile" storage="c:\src\nodejstools\buildoutput\release14.0\tests\sharedprojecttests.dll" priority="0" id="81890310-c300-d916-5feb-56e30d2ecd41">
      <Execution id="27205b94-c58b-4d77-b460-eeb304d20e24" />
      <TestMethod codeBase="C:\src\nodejstools\BuildOutput\Release14.0\Tests\SharedProjectTests.dll" adapterTypeName="Microsoft.VisualStudio.TestTools.TestTypes.Unit.UnitTestAdapter" className="Microsoft.VisualStudioTools.SharedProjectTests.ScriptProjectTests" name="RunWithoutStartupFile" />
    </UnitTest>
    <UnitTest name="RenameStartupFileFolder" storage="c:\src\nodejstools\buildoutput\release14.0\tests\sharedprojecttests.dll" priority="0" id="9819661d-290f-ca40-e620-505759418589">
      <Execution id="eb13d735-54cd-4514-a0af-b793df8c8a66" />
      <TestMethod codeBase="C:\src\nodejstools\BuildOutput\Release14.0\Tests\SharedProjectTests.dll" adapterTypeName="Microsoft.VisualStudio.TestTools.TestTypes.Unit.UnitTestAdapter" className="Microsoft.VisualStudioTools.SharedProjectTests.ScriptProjectTests" name="RenameStartupFileFolder" />
    </UnitTest>
    <UnitTest name="RenameStartupFile" storage="c:\src\nodejstools\buildoutput\release14.0\tests\sharedprojecttests.dll" priority="0" id="dfa52e24-64a7-46f0-1a55-6991e2cf4a30">
      <Execution id="b3594cd4-9a36-4743-9a0d-8c23b44106ae" />
      <TestMethod codeBase="C:\src\nodejstools\BuildOutput\Release14.0\Tests\SharedProjectTests.dll" adapterTypeName="Microsoft.VisualStudio.TestTools.TestTypes.Unit.UnitTestAdapter" className="Microsoft.VisualStudioTools.SharedProjectTests.ScriptProjectTests" name="RenameStartupFile" />
    </UnitTest>
    <UnitTest name="MoveToMissingFolderKeyboard" storage="c:\src\nodejstools\buildoutput\release14.0\tests\sharedprojecttests.dll" priority="0" id="a28fc48e-fe69-eaa4-4759-17098165f4d1">
      <Execution id="9e701076-7f9e-4a04-abcf-4999db4a3bb2" />
      <TestMethod codeBase="C:\src\nodejstools\BuildOutput\Release14.0\Tests\SharedProjectTests.dll" adapterTypeName="Microsoft.VisualStudio.TestTools.TestTypes.Unit.UnitTestAdapter" className="Microsoft.VisualStudioTools.SharedProjectTests.NewDragDropCopyCutPaste" name="MoveToMissingFolderKeyboard" />
    </UnitTest>
    <UnitTest name="MoveToMissingFolderMouse" storage="c:\src\nodejstools\buildoutput\release14.0\tests\sharedprojecttests.dll" priority="0" id="56d0a630-15e4-db7f-c684-d2022f11b104">
      <Execution id="a5a4b09e-a93f-4717-bfcb-e324dd7e0901" />
      <TestMethod codeBase="C:\src\nodejstools\BuildOutput\Release14.0\Tests\SharedProjectTests.dll" adapterTypeName="Microsoft.VisualStudio.TestTools.TestTypes.Unit.UnitTestAdapter" className="Microsoft.VisualStudioTools.SharedProjectTests.NewDragDropCopyCutPaste" name="MoveToMissingFolderMouse" />
    </UnitTest>
    <UnitTest name="MoveExcludedFolderKeyboard" storage="c:\src\nodejstools\buildoutput\release14.0\tests\sharedprojecttests.dll" priority="0" id="a038a712-5aed-c0d3-3c6f-1a740a728c7b">
      <Execution id="dec88db8-81bb-4cda-b2fa-241b82700a30" />
      <TestMethod codeBase="C:\src\nodejstools\BuildOutput\Release14.0\Tests\SharedProjectTests.dll" adapterTypeName="Microsoft.VisualStudio.TestTools.TestTypes.Unit.UnitTestAdapter" className="Microsoft.VisualStudioTools.SharedProjectTests.NewDragDropCopyCutPaste" name="MoveExcludedFolderKeyboard" />
    </UnitTest>
    <UnitTest name="MoveExcludedFolderMouse" storage="c:\src\nodejstools\buildoutput\release14.0\tests\sharedprojecttests.dll" priority="0" id="49b9ccaf-4ff3-1948-d92c-648169671705">
      <Execution id="6cffbccd-c07c-4285-970c-42e9a1a55d71" />
      <TestMethod codeBase="C:\src\nodejstools\BuildOutput\Release14.0\Tests\SharedProjectTests.dll" adapterTypeName="Microsoft.VisualStudio.TestTools.TestTypes.Unit.UnitTestAdapter" className="Microsoft.VisualStudioTools.SharedProjectTests.NewDragDropCopyCutPaste" name="MoveExcludedFolderMouse" />
    </UnitTest>
    <UnitTest name="MoveExcludedItemToFolderKeyboard" storage="c:\src\nodejstools\buildoutput\release14.0\tests\sharedprojecttests.dll" priority="0" id="dbb2834c-9357-1e4a-21c3-d57e4ea4d454">
      <Execution id="fbcb038d-ed58-48fc-915d-c0f8af826780" />
      <TestMethod codeBase="C:\src\nodejstools\BuildOutput\Release14.0\Tests\SharedProjectTests.dll" adapterTypeName="Microsoft.VisualStudio.TestTools.TestTypes.Unit.UnitTestAdapter" className="Microsoft.VisualStudioTools.SharedProjectTests.NewDragDropCopyCutPaste" name="MoveExcludedItemToFolderKeyboard" />
    </UnitTest>
    <UnitTest name="MoveExcludedItemToFolderMouse" storage="c:\src\nodejstools\buildoutput\release14.0\tests\sharedprojecttests.dll" priority="0" id="f076cce0-6b1d-4b27-c0d7-a604d09a87d6">
      <Execution id="f78b35dd-1052-486a-b1bc-0cb4d1a5c3b0" />
      <TestMethod codeBase="C:\src\nodejstools\BuildOutput\Release14.0\Tests\SharedProjectTests.dll" adapterTypeName="Microsoft.VisualStudio.TestTools.TestTypes.Unit.UnitTestAdapter" className="Microsoft.VisualStudioTools.SharedProjectTests.NewDragDropCopyCutPaste" name="MoveExcludedItemToFolderMouse" />
    </UnitTest>
    <UnitTest name="MoveDuplicateFileNameSkipMoveKeyboard" storage="c:\src\nodejstools\buildoutput\release14.0\tests\sharedprojecttests.dll" priority="0" id="55e5809e-3c3c-aca6-5fe8-fda33f113bd8">
      <Execution id="5f323363-cbb4-43b5-ba9c-fc18f43d256f" />
      <TestMethod codeBase="C:\src\nodejstools\BuildOutput\Release14.0\Tests\SharedProjectTests.dll" adapterTypeName="Microsoft.VisualStudio.TestTools.TestTypes.Unit.UnitTestAdapter" className="Microsoft.VisualStudioTools.SharedProjectTests.NewDragDropCopyCutPaste" name="MoveDuplicateFileNameSkipMoveKeyboard" />
    </UnitTest>
    <UnitTest name="MoveDuplicateFileNameSkipMoveMouse" storage="c:\src\nodejstools\buildoutput\release14.0\tests\sharedprojecttests.dll" priority="0" id="62299f6e-9680-a913-d037-41d11a828196">
      <Execution id="b42b3ce0-ee51-40a9-918e-6ffb5201e527" />
      <TestMethod codeBase="C:\src\nodejstools\BuildOutput\Release14.0\Tests\SharedProjectTests.dll" adapterTypeName="Microsoft.VisualStudio.TestTools.TestTypes.Unit.UnitTestAdapter" className="Microsoft.VisualStudioTools.SharedProjectTests.NewDragDropCopyCutPaste" name="MoveDuplicateFileNameSkipMoveMouse" />
    </UnitTest>
    <UnitTest name="MoveDuplicateFileNamesSkipOneKeyboard" storage="c:\src\nodejstools\buildoutput\release14.0\tests\sharedprojecttests.dll" priority="0" id="d7b5e322-fd61-f8ee-c6a7-1a1a19b93d2a">
      <Execution id="e154aa80-8ce5-49bc-8868-09bd4b5c559b" />
      <TestMethod codeBase="C:\src\nodejstools\BuildOutput\Release14.0\Tests\SharedProjectTests.dll" adapterTypeName="Microsoft.VisualStudio.TestTools.TestTypes.Unit.UnitTestAdapter" className="Microsoft.VisualStudioTools.SharedProjectTests.NewDragDropCopyCutPaste" name="MoveDuplicateFileNamesSkipOneKeyboard" />
    </UnitTest>
    <UnitTest name="MoveDuplicateFileNamesSkipOneMouse" storage="c:\src\nodejstools\buildoutput\release14.0\tests\sharedprojecttests.dll" priority="0" id="0e091b0e-1fb4-c560-665e-d5470620772d">
      <Execution id="846fec3b-88bb-4038-87b8-a73bcfcad711" />
      <TestMethod codeBase="C:\src\nodejstools\BuildOutput\Release14.0\Tests\SharedProjectTests.dll" adapterTypeName="Microsoft.VisualStudio.TestTools.TestTypes.Unit.UnitTestAdapter" className="Microsoft.VisualStudioTools.SharedProjectTests.NewDragDropCopyCutPaste" name="MoveDuplicateFileNamesSkipOneMouse" />
    </UnitTest>
    <UnitTest name="MoveDuplicateFileNamesFoldersSkipOneKeyboard" storage="c:\src\nodejstools\buildoutput\release14.0\tests\sharedprojecttests.dll" priority="0" id="e9264dd6-d7f2-2eb8-f07e-81350986dfd5">
      <Execution id="a42f83b5-817a-46a1-92ef-07e24ad7a5d8" />
      <TestMethod codeBase="C:\src\nodejstools\BuildOutput\Release14.0\Tests\SharedProjectTests.dll" adapterTypeName="Microsoft.VisualStudio.TestTools.TestTypes.Unit.UnitTestAdapter" className="Microsoft.VisualStudioTools.SharedProjectTests.NewDragDropCopyCutPaste" name="MoveDuplicateFileNamesFoldersSkipOneKeyboard" />
    </UnitTest>
    <UnitTest name="MoveDuplicateFileNamesFoldersSkipOneMouse" storage="c:\src\nodejstools\buildoutput\release14.0\tests\sharedprojecttests.dll" priority="0" id="a7033c5c-bcff-8ec8-4e64-bc6446870276">
      <Execution id="18344634-452e-42b9-ba7f-b54f4f5c4bd3" />
      <TestMethod codeBase="C:\src\nodejstools\BuildOutput\Release14.0\Tests\SharedProjectTests.dll" adapterTypeName="Microsoft.VisualStudio.TestTools.TestTypes.Unit.UnitTestAdapter" className="Microsoft.VisualStudioTools.SharedProjectTests.NewDragDropCopyCutPaste" name="MoveDuplicateFileNamesFoldersSkipOneMouse" />
    </UnitTest>
    <UnitTest name="MoveDuplicateFileNamesCrossProjectSkipOneKeyboard" storage="c:\src\nodejstools\buildoutput\release14.0\tests\sharedprojecttests.dll" priority="0" id="b4135d24-cdf9-de07-73f4-be06b06866ee">
      <Execution id="e6b925a6-9bca-417b-ad64-79f3561f6fd9" />
      <TestMethod codeBase="C:\src\nodejstools\BuildOutput\Release14.0\Tests\SharedProjectTests.dll" adapterTypeName="Microsoft.VisualStudio.TestTools.TestTypes.Unit.UnitTestAdapter" className="Microsoft.VisualStudioTools.SharedProjectTests.NewDragDropCopyCutPaste" name="MoveDuplicateFileNamesCrossProjectSkipOneKeyboard" />
    </UnitTest>
    <UnitTest name="MoveDuplicateFileNamesCrossProjectSkipOneMouse" storage="c:\src\nodejstools\buildoutput\release14.0\tests\sharedprojecttests.dll" priority="0" id="141cc242-01f0-091c-c86c-37ab54cc484b">
      <Execution id="61f3fd18-f305-4f8f-b40b-8479fdcaeb3a" />
      <TestMethod codeBase="C:\src\nodejstools\BuildOutput\Release14.0\Tests\SharedProjectTests.dll" adapterTypeName="Microsoft.VisualStudio.TestTools.TestTypes.Unit.UnitTestAdapter" className="Microsoft.VisualStudioTools.SharedProjectTests.NewDragDropCopyCutPaste" name="MoveDuplicateFileNamesCrossProjectSkipOneMouse" />
    </UnitTest>
    <UnitTest name="MoveDuplicateFileNameCrossProjectSkipMoveKeyboard" storage="c:\src\nodejstools\buildoutput\release14.0\tests\sharedprojecttests.dll" priority="0" id="c20ffcb8-9292-d367-004b-6be4d48d34db">
      <Execution id="b8399533-021b-4208-b075-8327d1c84266" />
      <TestMethod codeBase="C:\src\nodejstools\BuildOutput\Release14.0\Tests\SharedProjectTests.dll" adapterTypeName="Microsoft.VisualStudio.TestTools.TestTypes.Unit.UnitTestAdapter" className="Microsoft.VisualStudioTools.SharedProjectTests.NewDragDropCopyCutPaste" name="MoveDuplicateFileNameCrossProjectSkipMoveKeyboard" />
    </UnitTest>
    <UnitTest name="MoveDuplicateFileNameCrossProjectSkipMoveMouse" storage="c:\src\nodejstools\buildoutput\release14.0\tests\sharedprojecttests.dll" priority="0" id="abfa4746-44d6-c045-5576-b55f5179ef26">
      <Execution id="4a81812f-de84-43c9-be5f-7a1efe688b67" />
      <TestMethod codeBase="C:\src\nodejstools\BuildOutput\Release14.0\Tests\SharedProjectTests.dll" adapterTypeName="Microsoft.VisualStudio.TestTools.TestTypes.Unit.UnitTestAdapter" className="Microsoft.VisualStudioTools.SharedProjectTests.NewDragDropCopyCutPaste" name="MoveDuplicateFileNameCrossProjectSkipMoveMouse" />
    </UnitTest>
    <UnitTest name="MoveDuplicateFileNameCrossProjectCSharpSkipMoveKeyboard" storage="c:\src\nodejstools\buildoutput\release14.0\tests\sharedprojecttests.dll" priority="0" id="f6acd5a5-88c8-dea2-2858-8eac9573ef80">
      <Execution id="28799762-191a-46f1-9571-2bd01a137475" />
      <TestMethod codeBase="C:\src\nodejstools\BuildOutput\Release14.0\Tests\SharedProjectTests.dll" adapterTypeName="Microsoft.VisualStudio.TestTools.TestTypes.Unit.UnitTestAdapter" className="Microsoft.VisualStudioTools.SharedProjectTests.NewDragDropCopyCutPaste" name="MoveDuplicateFileNameCrossProjectCSharpSkipMoveKeyboard" />
    </UnitTest>
    <UnitTest name="MoveDuplicateFileNameCrossProjectCSharpSkipMoveMouse" storage="c:\src\nodejstools\buildoutput\release14.0\tests\sharedprojecttests.dll" priority="0" id="85e7d789-0bde-ee05-ff69-17e4f81c4d8a">
      <Execution id="b4df783c-b57e-4edf-8a9b-2db921442bae" />
      <TestMethod codeBase="C:\src\nodejstools\BuildOutput\Release14.0\Tests\SharedProjectTests.dll" adapterTypeName="Microsoft.VisualStudio.TestTools.TestTypes.Unit.UnitTestAdapter" className="Microsoft.VisualStudioTools.SharedProjectTests.NewDragDropCopyCutPaste" name="MoveDuplicateFileNameCrossProjectCSharpSkipMoveMouse" />
    </UnitTest>
    <UnitTest name="MoveFileFromFolderToLinkedFolderKeyboard" storage="c:\src\nodejstools\buildoutput\release14.0\tests\sharedprojecttests.dll" priority="2" id="f8b4a741-32f0-6a4d-0500-2621f53eef5c">
      <Execution id="f1664630-2406-47ca-bdde-4587d6f02533" />
      <TestMethod codeBase="C:\src\nodejstools\BuildOutput\Release14.0\Tests\SharedProjectTests.dll" adapterTypeName="Microsoft.VisualStudio.TestTools.TestTypes.Unit.UnitTestAdapter" className="Microsoft.VisualStudioTools.SharedProjectTests.NewDragDropCopyCutPaste" name="MoveFileFromFolderToLinkedFolderKeyboard" />
    </UnitTest>
    <UnitTest name="MoveFileFromFolderToLinkedFolderMouse" storage="c:\src\nodejstools\buildoutput\release14.0\tests\sharedprojecttests.dll" priority="2" id="b04dc41f-6f69-d831-13de-572f36081806">
      <Execution id="7f97bdad-7881-4bc9-96ad-33165af6b723" />
      <TestMethod codeBase="C:\src\nodejstools\BuildOutput\Release14.0\Tests\SharedProjectTests.dll" adapterTypeName="Microsoft.VisualStudio.TestTools.TestTypes.Unit.UnitTestAdapter" className="Microsoft.VisualStudioTools.SharedProjectTests.NewDragDropCopyCutPaste" name="MoveFileFromFolderToLinkedFolderMouse" />
    </UnitTest>
    <UnitTest name="ShowAllFilesToggle" storage="c:\src\nodejstools\buildoutput\release14.0\tests\sharedprojecttests.dll" priority="0" id="1753b52a-341a-8488-900e-60781cc57b90">
      <Execution id="23fe7caa-00dd-4563-a686-7b3717a44630" />
      <TestMethod codeBase="C:\src\nodejstools\BuildOutput\Release14.0\Tests\SharedProjectTests.dll" adapterTypeName="Microsoft.VisualStudio.TestTools.TestTypes.Unit.UnitTestAdapter" className="Microsoft.VisualStudioTools.SharedProjectTests.ShowAllFiles" name="ShowAllFilesToggle" />
    </UnitTest>
    <UnitTest name="ShowAllFilesFilesAlwaysHidden" storage="c:\src\nodejstools\buildoutput\release14.0\tests\sharedprojecttests.dll" priority="0" id="65102e80-cb8e-fd27-bfb2-47574032508c">
      <Execution id="f9d022c4-b19e-4ed8-a1be-3d317b5d5ae9" />
      <TestMethod codeBase="C:\src\nodejstools\BuildOutput\Release14.0\Tests\SharedProjectTests.dll" adapterTypeName="Microsoft.VisualStudio.TestTools.TestTypes.Unit.UnitTestAdapter" className="Microsoft.VisualStudioTools.SharedProjectTests.ShowAllFiles" name="ShowAllFilesFilesAlwaysHidden" />
    </UnitTest>
    <UnitTest name="ShowAllFilesSymLinks" storage="c:\src\nodejstools\buildoutput\release14.0\tests\sharedprojecttests.dll" priority="0" id="3e986002-b6ec-aef2-2fa4-16a2731a2614">
      <Execution id="adf0851c-4603-4656-a4ef-417e7bb8d6c6" />
      <TestMethod codeBase="C:\src\nodejstools\BuildOutput\Release14.0\Tests\SharedProjectTests.dll" adapterTypeName="Microsoft.VisualStudio.TestTools.TestTypes.Unit.UnitTestAdapter" className="Microsoft.VisualStudioTools.SharedProjectTests.ShowAllFiles" name="ShowAllFilesSymLinks" />
    </UnitTest>
    <UnitTest name="ShowAllFilesLinked" storage="c:\src\nodejstools\buildoutput\release14.0\tests\sharedprojecttests.dll" priority="0" id="0fb2ad63-0bc1-79c8-72e8-aff65528cdc1">
      <Execution id="8125367b-a6da-46dd-be51-8b3d569815cd" />
      <TestMethod codeBase="C:\src\nodejstools\BuildOutput\Release14.0\Tests\SharedProjectTests.dll" adapterTypeName="Microsoft.VisualStudio.TestTools.TestTypes.Unit.UnitTestAdapter" className="Microsoft.VisualStudioTools.SharedProjectTests.ShowAllFiles" name="ShowAllFilesLinked" />
    </UnitTest>
    <UnitTest name="ShowAllFilesIncludeExclude" storage="c:\src\nodejstools\buildoutput\release14.0\tests\sharedprojecttests.dll" priority="0" id="2f7287a0-a879-5a83-c002-fc12b3210e98">
      <Execution id="b817aad1-d645-4c85-933f-9e5e40ae69f8" />
      <TestMethod codeBase="C:\src\nodejstools\BuildOutput\Release14.0\Tests\SharedProjectTests.dll" adapterTypeName="Microsoft.VisualStudio.TestTools.TestTypes.Unit.UnitTestAdapter" className="Microsoft.VisualStudioTools.SharedProjectTests.ShowAllFiles" name="ShowAllFilesIncludeExclude" />
    </UnitTest>
    <UnitTest name="ShowAllFilesChanges" storage="c:\src\nodejstools\buildoutput\release14.0\tests\sharedprojecttests.dll" priority="0" id="a206d53f-8e38-c202-5742-39608f3ccfae">
      <Execution id="58562d69-25a2-426a-bda7-05c914e877b1" />
      <TestMethod codeBase="C:\src\nodejstools\BuildOutput\Release14.0\Tests\SharedProjectTests.dll" adapterTypeName="Microsoft.VisualStudio.TestTools.TestTypes.Unit.UnitTestAdapter" className="Microsoft.VisualStudioTools.SharedProjectTests.ShowAllFiles" name="ShowAllFilesChanges" />
    </UnitTest>
    <UnitTest name="ShowAllFilesHiddenFiles" storage="c:\src\nodejstools\buildoutput\release14.0\tests\sharedprojecttests.dll" priority="0" id="0e0a3c22-42e8-8e21-dd10-d3426e6c54e7">
      <Execution id="2c4d903b-f355-4551-8d39-43fca9cb79dc" />
      <TestMethod codeBase="C:\src\nodejstools\BuildOutput\Release14.0\Tests\SharedProjectTests.dll" adapterTypeName="Microsoft.VisualStudio.TestTools.TestTypes.Unit.UnitTestAdapter" className="Microsoft.VisualStudioTools.SharedProjectTests.ShowAllFiles" name="ShowAllFilesHiddenFiles" />
    </UnitTest>
    <UnitTest name="ShowAllFilesOnPerUser" storage="c:\src\nodejstools\buildoutput\release14.0\tests\sharedprojecttests.dll" priority="0" id="edf59550-4a9e-e5d7-2372-9e4a3be1e05b">
      <Execution id="08fb1ac1-8201-416a-a87e-bf4d5e91178e" />
      <TestMethod codeBase="C:\src\nodejstools\BuildOutput\Release14.0\Tests\SharedProjectTests.dll" adapterTypeName="Microsoft.VisualStudio.TestTools.TestTypes.Unit.UnitTestAdapter" className="Microsoft.VisualStudioTools.SharedProjectTests.ShowAllFiles" name="ShowAllFilesOnPerUser" />
    </UnitTest>
    <UnitTest name="ShowAllFilesOnPerProject" storage="c:\src\nodejstools\buildoutput\release14.0\tests\sharedprojecttests.dll" priority="0" id="62dfc3c7-e135-78cc-17dd-c6ed1cd0a867">
      <Execution id="7485af16-6393-49f4-85a7-e21e51e7fc94" />
      <TestMethod codeBase="C:\src\nodejstools\BuildOutput\Release14.0\Tests\SharedProjectTests.dll" adapterTypeName="Microsoft.VisualStudio.TestTools.TestTypes.Unit.UnitTestAdapter" className="Microsoft.VisualStudioTools.SharedProjectTests.ShowAllFiles" name="ShowAllFilesOnPerProject" />
    </UnitTest>
    <UnitTest name="ShowAllFilesOffPerUser" storage="c:\src\nodejstools\buildoutput\release14.0\tests\sharedprojecttests.dll" priority="0" id="69125170-5ae4-fa87-a5b7-830a1454b939">
      <Execution id="473c2588-29cd-4b16-a0fd-f99fc1782d2f" />
      <TestMethod codeBase="C:\src\nodejstools\BuildOutput\Release14.0\Tests\SharedProjectTests.dll" adapterTypeName="Microsoft.VisualStudio.TestTools.TestTypes.Unit.UnitTestAdapter" className="Microsoft.VisualStudioTools.SharedProjectTests.ShowAllFiles" name="ShowAllFilesOffPerUser" />
    </UnitTest>
    <UnitTest name="ShowAllFilesOffPerProject" storage="c:\src\nodejstools\buildoutput\release14.0\tests\sharedprojecttests.dll" priority="0" id="487b105c-1d14-d246-19d6-4fffaeeb99a7">
      <Execution id="de120597-0c9a-4cdb-b207-43a1698c4a08" />
      <TestMethod codeBase="C:\src\nodejstools\BuildOutput\Release14.0\Tests\SharedProjectTests.dll" adapterTypeName="Microsoft.VisualStudio.TestTools.TestTypes.Unit.UnitTestAdapter" className="Microsoft.VisualStudioTools.SharedProjectTests.ShowAllFiles" name="ShowAllFilesOffPerProject" />
    </UnitTest>
    <UnitTest name="ShowAllFilesDefault" storage="c:\src\nodejstools\buildoutput\release14.0\tests\sharedprojecttests.dll" priority="0" id="646a546a-c3fe-8912-79c2-293dcb0a772d">
      <Execution id="6b5e9022-9a9f-4e99-a1b6-1696c21ef892" />
      <TestMethod codeBase="C:\src\nodejstools\BuildOutput\Release14.0\Tests\SharedProjectTests.dll" adapterTypeName="Microsoft.VisualStudio.TestTools.TestTypes.Unit.UnitTestAdapter" className="Microsoft.VisualStudioTools.SharedProjectTests.ShowAllFiles" name="ShowAllFilesDefault" />
    </UnitTest>
    <UnitTest name="ShowAllMoveNotInProject" storage="c:\src\nodejstools\buildoutput\release14.0\tests\sharedprojecttests.dll" priority="0" id="fc640824-b5b7-4ad3-91a1-64cfa49bea5c">
      <Execution id="998ac611-32fd-42bd-a6a6-2b583dba66a8" />
      <TestMethod codeBase="C:\src\nodejstools\BuildOutput\Release14.0\Tests\SharedProjectTests.dll" adapterTypeName="Microsoft.VisualStudio.TestTools.TestTypes.Unit.UnitTestAdapter" className="Microsoft.VisualStudioTools.SharedProjectTests.ShowAllFiles" name="ShowAllMoveNotInProject" />
    </UnitTest>
    <UnitTest name="ShowAllExcludeSelected" storage="c:\src\nodejstools\buildoutput\release14.0\tests\sharedprojecttests.dll" priority="0" id="3bc35a66-1092-0890-38f4-cd47f81e621b">
      <Execution id="a3ab1a38-def0-4696-a0a0-87aeb2032b2c" />
      <TestMethod codeBase="C:\src\nodejstools\BuildOutput\Release14.0\Tests\SharedProjectTests.dll" adapterTypeName="Microsoft.VisualStudio.TestTools.TestTypes.Unit.UnitTestAdapter" className="Microsoft.VisualStudioTools.SharedProjectTests.ShowAllFiles" name="ShowAllExcludeSelected" />
    </UnitTest>
    <UnitTest name="ShowAllFilesRapidChanges" storage="c:\src\nodejstools\buildoutput\release14.0\tests\sharedprojecttests.dll" priority="0" id="1e01fee1-2be9-2258-f801-9b0b64ee9b69">
      <Execution id="44e5496d-a002-48b3-8ae7-462fb05791ed" />
      <TestMethod codeBase="C:\src\nodejstools\BuildOutput\Release14.0\Tests\SharedProjectTests.dll" adapterTypeName="Microsoft.VisualStudio.TestTools.TestTypes.Unit.UnitTestAdapter" className="Microsoft.VisualStudioTools.SharedProjectTests.ShowAllFiles" name="ShowAllFilesRapidChanges" />
    </UnitTest>
    <UnitTest name="ShowAllFilesRapidChanges2" storage="c:\src\nodejstools\buildoutput\release14.0\tests\sharedprojecttests.dll" priority="0" id="b8548e67-fef3-2ded-6c77-c055b9f74dfe">
      <Execution id="d698ab1b-8d72-4c3a-ad2e-28ba32079bc0" />
      <TestMethod codeBase="C:\src\nodejstools\BuildOutput\Release14.0\Tests\SharedProjectTests.dll" adapterTypeName="Microsoft.VisualStudio.TestTools.TestTypes.Unit.UnitTestAdapter" className="Microsoft.VisualStudioTools.SharedProjectTests.ShowAllFiles" name="ShowAllFilesRapidChanges2" />
    </UnitTest>
    <UnitTest name="ShowAllFilesCopyExcludedFolderWithItemByKeyboard" storage="c:\src\nodejstools\buildoutput\release14.0\tests\sharedprojecttests.dll" priority="0" id="cb1464ad-17ac-e4f5-5ec4-8f42e7ad4547">
      <Execution id="cf5b751f-2640-4df6-8026-b9cc2fc5513f" />
      <TestMethod codeBase="C:\src\nodejstools\BuildOutput\Release14.0\Tests\SharedProjectTests.dll" adapterTypeName="Microsoft.VisualStudio.TestTools.TestTypes.Unit.UnitTestAdapter" className="Microsoft.VisualStudioTools.SharedProjectTests.ShowAllFiles" name="ShowAllFilesCopyExcludedFolderWithItemByKeyboard" />
    </UnitTest>
    <UnitTest name="ShowAllFilesCopyExcludedFolderWithItemByMouse" storage="c:\src\nodejstools\buildoutput\release14.0\tests\sharedprojecttests.dll" priority="0" id="802ac854-aa6a-f487-cff6-1817c2b39a7e">
      <Execution id="351c08bb-fcd4-4533-be56-685c98e8655b" />
      <TestMethod codeBase="C:\src\nodejstools\BuildOutput\Release14.0\Tests\SharedProjectTests.dll" adapterTypeName="Microsoft.VisualStudio.TestTools.TestTypes.Unit.UnitTestAdapter" className="Microsoft.VisualStudioTools.SharedProjectTests.ShowAllFiles" name="ShowAllFilesCopyExcludedFolderWithItemByMouse" />
    </UnitTest>
    <UnitTest name="ShowAllFilesMoveExcludedItemToExcludedFolderByKeyboard" storage="c:\src\nodejstools\buildoutput\release14.0\tests\sharedprojecttests.dll" priority="0" id="73637a0b-bc89-fbb8-0284-c8c802d4edb6">
      <Execution id="f69567ea-38de-4865-96d1-4e439927e5a3" />
      <TestMethod codeBase="C:\src\nodejstools\BuildOutput\Release14.0\Tests\SharedProjectTests.dll" adapterTypeName="Microsoft.VisualStudio.TestTools.TestTypes.Unit.UnitTestAdapter" className="Microsoft.VisualStudioTools.SharedProjectTests.ShowAllFiles" name="ShowAllFilesMoveExcludedItemToExcludedFolderByKeyboard" />
    </UnitTest>
    <UnitTest name="ShowAllFilesMoveExcludedItemToExcludedFolderByMouse" storage="c:\src\nodejstools\buildoutput\release14.0\tests\sharedprojecttests.dll" priority="0" id="54f5f76a-e69e-bc93-983c-247e0859f223">
      <Execution id="d6f13826-f0b8-4f42-bd76-7ea27f972f97" />
      <TestMethod codeBase="C:\src\nodejstools\BuildOutput\Release14.0\Tests\SharedProjectTests.dll" adapterTypeName="Microsoft.VisualStudio.TestTools.TestTypes.Unit.UnitTestAdapter" className="Microsoft.VisualStudioTools.SharedProjectTests.ShowAllFiles" name="ShowAllFilesMoveExcludedItemToExcludedFolderByMouse" />
    </UnitTest>
    <UnitTest name="MoveFolderWithItem" storage="c:\src\nodejstools\buildoutput\release14.0\tests\sharedprojecttests.dll" priority="0" id="eb89ca48-740f-0401-a5ab-41fd2759b55c">
      <Execution id="b738878f-4ba4-4bf5-bfc3-24c9d3eaecd9" />
      <TestMethod codeBase="C:\src\nodejstools\BuildOutput\Release14.0\Tests\SharedProjectTests.dll" adapterTypeName="Microsoft.VisualStudio.TestTools.TestTypes.Unit.UnitTestAdapter" className="Microsoft.VisualStudioTools.SharedProjectTests.SourceControl" name="MoveFolderWithItem" />
    </UnitTest>
    <UnitTest name="AddNewItem" storage="c:\src\nodejstools\buildoutput\release14.0\tests\sharedprojecttests.dll" priority="0" id="f12e51f4-d075-4bb6-bfbc-a0e43a3bef16">
      <Execution id="21a1dcdc-8de8-4f23-8cfa-d21ef2ba1ade" />
      <TestMethod codeBase="C:\src\nodejstools\BuildOutput\Release14.0\Tests\SharedProjectTests.dll" adapterTypeName="Microsoft.VisualStudio.TestTools.TestTypes.Unit.UnitTestAdapter" className="Microsoft.VisualStudioTools.SharedProjectTests.SourceControl" name="AddNewItem" />
    </UnitTest>
    <UnitTest name="IncludeInProject" storage="c:\src\nodejstools\buildoutput\release14.0\tests\sharedprojecttests.dll" priority="0" id="080cc77b-ddf5-9ba4-f91a-ef49b1efc195">
      <Execution id="815bc894-bd14-4d92-9b4a-caeb45cfd0f7" />
      <TestMethod codeBase="C:\src\nodejstools\BuildOutput\Release14.0\Tests\SharedProjectTests.dll" adapterTypeName="Microsoft.VisualStudio.TestTools.TestTypes.Unit.UnitTestAdapter" className="Microsoft.VisualStudioTools.SharedProjectTests.SourceControl" name="IncludeInProject" />
    </UnitTest>
    <UnitTest name="RemoveItem" storage="c:\src\nodejstools\buildoutput\release14.0\tests\sharedprojecttests.dll" priority="0" id="a93c48d4-080b-92d2-cfea-f395bbca3bdb">
      <Execution id="0facfb19-89b0-403f-bc70-770b0e5110b3" />
      <TestMethod codeBase="C:\src\nodejstools\BuildOutput\Release14.0\Tests\SharedProjectTests.dll" adapterTypeName="Microsoft.VisualStudio.TestTools.TestTypes.Unit.UnitTestAdapter" className="Microsoft.VisualStudioTools.SharedProjectTests.SourceControl" name="RemoveItem" />
    </UnitTest>
    <UnitTest name="BasicSourceControl" storage="c:\src\nodejstools\buildoutput\release14.0\tests\sharedprojecttests.dll" priority="0" id="2a606526-5ee8-e7a1-27fb-612fc0ced76b">
      <Execution id="8502e43d-a431-48f5-9b61-f0791880b9d0" />
      <TestMethod codeBase="C:\src\nodejstools\BuildOutput\Release14.0\Tests\SharedProjectTests.dll" adapterTypeName="Microsoft.VisualStudio.TestTools.TestTypes.Unit.UnitTestAdapter" className="Microsoft.VisualStudioTools.SharedProjectTests.SourceControl" name="BasicSourceControl" />
    </UnitTest>
    <UnitTest name="SourceControlGlyphChanged" storage="c:\src\nodejstools\buildoutput\release14.0\tests\sharedprojecttests.dll" priority="0" id="dd480cc8-970b-7c18-4089-0a5af7700cfe">
      <Execution id="df622b3a-d90b-4783-a579-eab5dd2d3f09" />
      <TestMethod codeBase="C:\src\nodejstools\BuildOutput\Release14.0\Tests\SharedProjectTests.dll" adapterTypeName="Microsoft.VisualStudio.TestTools.TestTypes.Unit.UnitTestAdapter" className="Microsoft.VisualStudioTools.SharedProjectTests.SourceControl" name="SourceControlGlyphChanged" />
    </UnitTest>
    <UnitTest name="SourceControlNoControl" storage="c:\src\nodejstools\buildoutput\release14.0\tests\sharedprojecttests.dll" priority="0" id="5ef2b545-cbb6-e6cd-8152-b332cd55067f">
      <Execution id="59475e0b-85b4-4aea-9bce-400e4d6a9328" />
      <TestMethod codeBase="C:\src\nodejstools\BuildOutput\Release14.0\Tests\SharedProjectTests.dll" adapterTypeName="Microsoft.VisualStudio.TestTools.TestTypes.Unit.UnitTestAdapter" className="Microsoft.VisualStudioTools.SharedProjectTests.SourceControl" name="SourceControlNoControl" />
    </UnitTest>
    <UnitTest name="SourceControlExcludedFilesNotPresent" storage="c:\src\nodejstools\buildoutput\release14.0\tests\sharedprojecttests.dll" priority="0" id="d643d55d-f6c9-5eb2-fc99-40416cd8330d">
      <Execution id="ed87eb5e-8f9f-49bb-8943-6589d2380701" />
      <TestMethod codeBase="C:\src\nodejstools\BuildOutput\Release14.0\Tests\SharedProjectTests.dll" adapterTypeName="Microsoft.VisualStudio.TestTools.TestTypes.Unit.UnitTestAdapter" className="Microsoft.VisualStudioTools.SharedProjectTests.SourceControl" name="SourceControlExcludedFilesNotPresent" />
    </UnitTest>
    <UnitTest name="SourceControlRenameFolder" storage="c:\src\nodejstools\buildoutput\release14.0\tests\sharedprojecttests.dll" priority="0" id="bcb7e706-9352-d85c-6d0e-15e5e42abdbb">
      <Execution id="14e7fd7a-bede-49de-96eb-5ce95d4409ec" />
      <TestMethod codeBase="C:\src\nodejstools\BuildOutput\Release14.0\Tests\SharedProjectTests.dll" adapterTypeName="Microsoft.VisualStudio.TestTools.TestTypes.Unit.UnitTestAdapter" className="Microsoft.VisualStudioTools.SharedProjectTests.SourceControl" name="SourceControlRenameFolder" />
    </UnitTest>
  </TestDefinitions>
  <TestEntries>
    <TestEntry testId="8825c85e-7403-46e3-1534-9a829298d3f6" executionId="25fdb2c9-dd82-4a8f-aec4-1f451a501eae" testListId="8c84fa94-04c1-424b-9868-57a2d4851a1d" />
    <TestEntry testId="bbf6da93-cf7c-8154-f158-2baaf9c4aa41" executionId="2cdd5359-7cc7-434f-863a-af037448d81d" testListId="8c84fa94-04c1-424b-9868-57a2d4851a1d" />
    <TestEntry testId="537d5b4b-dbd6-849c-f58f-155f52fc59ea" executionId="2663d5c2-4d9e-424a-8871-2960a9162652" testListId="8c84fa94-04c1-424b-9868-57a2d4851a1d" />
    <TestEntry testId="34cb1ce9-fefb-80c4-f27b-8b039b562b66" executionId="1beb8897-0405-482e-847d-616c66d33f79" testListId="8c84fa94-04c1-424b-9868-57a2d4851a1d" />
    <TestEntry testId="57931d80-9593-3260-39cf-302528acb932" executionId="7fe3e231-0c6b-44a9-aa8c-5c74e2955aa1" testListId="8c84fa94-04c1-424b-9868-57a2d4851a1d" />
    <TestEntry testId="ed84e9b1-f1a0-2b02-2ae8-f39a4866fc94" executionId="6ce3d6ab-ec5f-4caf-b609-4cb79ff01a06" testListId="8c84fa94-04c1-424b-9868-57a2d4851a1d" />
    <TestEntry testId="0302687b-d793-95b7-2001-5a89f27839a1" executionId="842bba48-3a18-405b-8e4b-354fc98303c5" testListId="8c84fa94-04c1-424b-9868-57a2d4851a1d" />
    <TestEntry testId="c9db5c42-a89f-42df-ea86-db1f43b9b662" executionId="74400910-cdd5-4a12-b8a9-980b51f849b6" testListId="8c84fa94-04c1-424b-9868-57a2d4851a1d" />
    <TestEntry testId="968fcba9-5476-6797-4f5d-2a6bbcd810f9" executionId="6b68054f-1e21-4e74-80af-3da0ec082d36" testListId="8c84fa94-04c1-424b-9868-57a2d4851a1d" />
    <TestEntry testId="209b6bb0-3db5-b606-c91c-4165313a306a" executionId="c3a27b2e-abb6-4937-bbc6-faa740643061" testListId="8c84fa94-04c1-424b-9868-57a2d4851a1d" />
    <TestEntry testId="f1424f10-9188-3036-5e7c-6f32fbcff6ac" executionId="f5153201-9c2a-4062-902f-6eb8f06b5496" testListId="8c84fa94-04c1-424b-9868-57a2d4851a1d" />
    <TestEntry testId="62587143-2547-dc75-f46b-dfdc73f2e3ae" executionId="566aff29-c45b-4f5d-b6d1-a0b1e93e6fbc" testListId="8c84fa94-04c1-424b-9868-57a2d4851a1d" />
    <TestEntry testId="2e429ef0-bf3f-2e0e-8dd9-990923c31815" executionId="a3929859-4a5c-49b1-b7d2-9c12ca30ee10" testListId="8c84fa94-04c1-424b-9868-57a2d4851a1d" />
    <TestEntry testId="de99a4df-deb7-27ab-72a2-82c5756cc3cd" executionId="59331bc7-14a3-44a8-ad36-a3ecfa97628b" testListId="8c84fa94-04c1-424b-9868-57a2d4851a1d" />
    <TestEntry testId="3b65457a-fe05-4827-1747-0910e399f778" executionId="1ce8cbd8-3b8a-402c-bc8d-a04aa668dfd1" testListId="8c84fa94-04c1-424b-9868-57a2d4851a1d" />
    <TestEntry testId="62d33145-29f4-560b-9d05-24e4cbeb4ccb" executionId="c419b9d0-23d9-4816-8c52-b9959b87b2f4" testListId="8c84fa94-04c1-424b-9868-57a2d4851a1d" />
    <TestEntry testId="2a83b434-8c29-7f82-4070-79a9a6dad203" executionId="cc12c5e3-8722-4d24-93a7-acc3c45f603f" testListId="8c84fa94-04c1-424b-9868-57a2d4851a1d" />
    <TestEntry testId="11156a69-4288-03a3-0824-b2b3daf244bf" executionId="2c38add0-7ade-45c7-ad7c-14bbd0505431" testListId="8c84fa94-04c1-424b-9868-57a2d4851a1d" />
    <TestEntry testId="2d9ff43b-de2d-08ce-ef55-ecf50fdb671c" executionId="35688601-9575-4f7d-a926-2014af8ca252" testListId="8c84fa94-04c1-424b-9868-57a2d4851a1d" />
    <TestEntry testId="cdd50f6d-7cd9-1147-05a5-7eac297b4ad9" executionId="fa60b35a-abbf-4521-a502-09739c3a43f7" testListId="8c84fa94-04c1-424b-9868-57a2d4851a1d" />
    <TestEntry testId="4ef1c2f6-de6b-4af6-68cb-ef2f103633fe" executionId="d661ffb7-00d1-431e-92f4-a96a639aa3fc" testListId="8c84fa94-04c1-424b-9868-57a2d4851a1d" />
    <TestEntry testId="bb31866e-0838-a86c-ba4c-d4fe6d92d0f6" executionId="581c4b03-7785-4e23-ba18-9c1c23ca271b" testListId="8c84fa94-04c1-424b-9868-57a2d4851a1d" />
    <TestEntry testId="78f34f45-d218-25c0-edbb-02550db7061c" executionId="e26f67a7-8ab2-4885-a512-5ced51141828" testListId="8c84fa94-04c1-424b-9868-57a2d4851a1d" />
    <TestEntry testId="0c63dea7-03fd-cfbc-74ba-211253c22517" executionId="d851e3f6-217c-4b15-a0bc-a76059be47a0" testListId="8c84fa94-04c1-424b-9868-57a2d4851a1d" />
    <TestEntry testId="e3d70b37-6c59-ff28-166b-1da270464c13" executionId="a6b91f56-1a54-4d81-975f-65daf3aaa28b" testListId="8c84fa94-04c1-424b-9868-57a2d4851a1d" />
    <TestEntry testId="8ac70d86-0a17-3982-3651-411e58da6833" executionId="f7e7b946-b962-4cc8-856d-44b263997968" testListId="8c84fa94-04c1-424b-9868-57a2d4851a1d" />
    <TestEntry testId="94bc426f-64b0-6f95-a8ec-00b508cf3a37" executionId="a133a358-1a61-4dab-84fc-0559f02c3fd2" testListId="8c84fa94-04c1-424b-9868-57a2d4851a1d" />
    <TestEntry testId="1478c837-21c7-ce13-dedb-7697546310b6" executionId="f4996242-a1af-4aad-a47c-69ce3b75f225" testListId="8c84fa94-04c1-424b-9868-57a2d4851a1d" />
    <TestEntry testId="4600a77d-f35e-7736-79d3-6205f9c2a419" executionId="96c2607e-00d9-4c1c-a922-7e31fb28fe09" testListId="8c84fa94-04c1-424b-9868-57a2d4851a1d" />
    <TestEntry testId="52d883f9-9d3c-165d-0202-25c579b4469f" executionId="11539546-6cc6-4926-8079-2304480c45c7" testListId="8c84fa94-04c1-424b-9868-57a2d4851a1d" />
    <TestEntry testId="0d2f2710-ae06-5e5e-ca6a-c70dac8cc9ed" executionId="40a6d04f-0d8f-4428-933d-4259bd3f84ee" testListId="8c84fa94-04c1-424b-9868-57a2d4851a1d" />
    <TestEntry testId="f3d47fa3-669c-675b-0ea6-a07bacac405e" executionId="6b258015-1ebb-4427-86b6-c02cc1fe4e3f" testListId="8c84fa94-04c1-424b-9868-57a2d4851a1d" />
    <TestEntry testId="caab6c5d-bd4b-0ea7-0abe-bb73740d9420" executionId="0695c254-f5e3-4fdd-8492-38d66c0335e0" testListId="8c84fa94-04c1-424b-9868-57a2d4851a1d" />
    <TestEntry testId="0d51abf0-f57a-8b00-3787-34539e0f9638" executionId="d483c486-8ce3-48e1-86d8-29df13923908" testListId="8c84fa94-04c1-424b-9868-57a2d4851a1d" />
    <TestEntry testId="d082e58f-b1b6-1391-ef13-b7886a5eff2a" executionId="777e71d4-4935-492f-9eeb-b13133b44ed4" testListId="8c84fa94-04c1-424b-9868-57a2d4851a1d" />
    <TestEntry testId="61ca962d-c626-73c0-7272-6a193a18d9a7" executionId="94ae5445-37fc-4c52-b556-eed84153f619" testListId="8c84fa94-04c1-424b-9868-57a2d4851a1d" />
    <TestEntry testId="4abb6539-628d-4007-db61-c4c02c1a9c79" executionId="6600cda4-34bc-4413-bee5-40e864bab46b" testListId="8c84fa94-04c1-424b-9868-57a2d4851a1d" />
    <TestEntry testId="9bd3114e-f50c-70d7-9bee-a4d2d1e0d727" executionId="ce44a7d4-56f2-4c83-923e-7cc8d2dc6013" testListId="8c84fa94-04c1-424b-9868-57a2d4851a1d" />
    <TestEntry testId="cee43c78-1ab9-d85c-39bb-3eb91ed8eddb" executionId="ff7996c2-3780-4af6-83f6-6abc1d3d4b32" testListId="8c84fa94-04c1-424b-9868-57a2d4851a1d" />
    <TestEntry testId="2fb99a04-f019-124d-7f3c-059fc1be05aa" executionId="eb68fdde-e6d3-4eb8-9dc8-6759d521b764" testListId="8c84fa94-04c1-424b-9868-57a2d4851a1d" />
    <TestEntry testId="4da5a06c-3a2f-4d52-452b-761f4cfa73d9" executionId="3c324830-8f18-4770-acad-8fab7c5e6cc4" testListId="8c84fa94-04c1-424b-9868-57a2d4851a1d" />
    <TestEntry testId="96aef9d8-2aa3-bd9d-997a-38c0e1db10d2" executionId="898a847d-5529-49e6-9c0f-3db2548d93ed" testListId="8c84fa94-04c1-424b-9868-57a2d4851a1d" />
    <TestEntry testId="e615e1ef-b19d-1210-a305-5445ef62a83e" executionId="ea0e9001-41c2-45fe-9f41-eec76245b3e1" testListId="8c84fa94-04c1-424b-9868-57a2d4851a1d" />
    <TestEntry testId="5a856549-392c-0795-3b15-9468f7026c12" executionId="2483c2e3-c1c4-43df-805e-20df31692af6" testListId="8c84fa94-04c1-424b-9868-57a2d4851a1d" />
    <TestEntry testId="3d364d6a-d9bd-bfd4-38eb-e181ff36dddb" executionId="12bc6983-3d1e-4565-9375-37e9019330d5" testListId="8c84fa94-04c1-424b-9868-57a2d4851a1d" />
    <TestEntry testId="b3641b2c-7761-acc5-3e13-8a20867b3b29" executionId="a4192d03-c665-430b-9f05-c0739057df96" testListId="8c84fa94-04c1-424b-9868-57a2d4851a1d" />
    <TestEntry testId="6dfd7718-5902-b5d9-e5d6-3a3fc650d808" executionId="e4d8e560-3129-41ab-9213-1eb648fa95e7" testListId="8c84fa94-04c1-424b-9868-57a2d4851a1d" />
    <TestEntry testId="93f5d90e-e6be-10a9-c4e7-01e4aab1e002" executionId="4046c1f4-0e2b-4555-89a4-800f6db1065e" testListId="8c84fa94-04c1-424b-9868-57a2d4851a1d" />
    <TestEntry testId="e01f72dd-ea12-fa35-6033-525181b4b201" executionId="6079c0af-1d13-453b-b6c2-095812bf4dac" testListId="8c84fa94-04c1-424b-9868-57a2d4851a1d" />
    <TestEntry testId="1f9dd5b0-dc93-2f26-f82d-4a687c5e882b" executionId="a493598f-a4be-485e-876d-65129f011834" testListId="8c84fa94-04c1-424b-9868-57a2d4851a1d" />
    <TestEntry testId="612a9c5a-a79a-2680-681e-0b0ff9a1182a" executionId="cf086e82-7d6f-49dc-a569-b15a9b61c237" testListId="8c84fa94-04c1-424b-9868-57a2d4851a1d" />
    <TestEntry testId="aee7d651-4231-31ea-4e82-568cf635c2f1" executionId="9eeb3017-8536-4840-88c9-e52ade3a3072" testListId="8c84fa94-04c1-424b-9868-57a2d4851a1d" />
    <TestEntry testId="2316a902-0561-db05-3d10-135a8509f7e1" executionId="5b6202aa-69ef-4ff6-8d08-9d58b5f6fa05" testListId="8c84fa94-04c1-424b-9868-57a2d4851a1d" />
    <TestEntry testId="2df4a4c5-c76a-aae2-ff4a-b66dac4bb652" executionId="f14ceea4-00cb-4837-9113-55fba573a0a8" testListId="8c84fa94-04c1-424b-9868-57a2d4851a1d" />
    <TestEntry testId="4c266ab8-ed0e-27b9-8283-b4ab7c00f89d" executionId="9d35e732-e552-494b-8abe-1babf0bd317f" testListId="8c84fa94-04c1-424b-9868-57a2d4851a1d" />
    <TestEntry testId="c915d10b-cbf5-f8ed-16f8-4f445dcee60c" executionId="5c9df653-4444-48fa-986d-df9a591e2830" testListId="8c84fa94-04c1-424b-9868-57a2d4851a1d" />
    <TestEntry testId="0cc481a1-adf6-a306-2201-856505c01506" executionId="17894d49-0c6e-4eb8-9b53-9cf3f5372a19" testListId="8c84fa94-04c1-424b-9868-57a2d4851a1d" />
    <TestEntry testId="b649100e-ef2c-efc0-44d7-0815ac43ff31" executionId="5738518d-a402-400e-a79f-d61847079869" testListId="8c84fa94-04c1-424b-9868-57a2d4851a1d" />
    <TestEntry testId="f8be625b-22ad-382c-8ac6-5941ab38c1d1" executionId="bf64663e-2a5e-4c13-a088-0fb4824abd90" testListId="8c84fa94-04c1-424b-9868-57a2d4851a1d" />
    <TestEntry testId="8e831d1f-e948-c86c-9afd-ec34394df259" executionId="db6a7b9c-0bd2-4a98-9e29-460e43884f03" testListId="8c84fa94-04c1-424b-9868-57a2d4851a1d" />
    <TestEntry testId="6d887583-4787-f787-0206-5c5999d3a1f3" executionId="2958e99f-79a6-44da-90a6-f7de271d7be7" testListId="8c84fa94-04c1-424b-9868-57a2d4851a1d" />
    <TestEntry testId="c3625320-86e0-2c4f-d59a-cdc3e9358b5e" executionId="d8b0edfb-b039-4ad3-a4dd-3137211191c6" testListId="8c84fa94-04c1-424b-9868-57a2d4851a1d" />
    <TestEntry testId="08bd0d41-f625-aa4b-e583-c45aafe14071" executionId="30e720f5-7482-495a-9861-91eb8316d4a2" testListId="8c84fa94-04c1-424b-9868-57a2d4851a1d" />
    <TestEntry testId="0dca7304-8de1-2960-ff84-f8d5222012b3" executionId="421b925f-9d6d-4bb1-beba-aede1875fd25" testListId="8c84fa94-04c1-424b-9868-57a2d4851a1d" />
    <TestEntry testId="d8fe9e0f-b132-514d-d5f1-12d63b5abbc8" executionId="1c89f6da-121d-4c44-b946-51dbe0e6868c" testListId="8c84fa94-04c1-424b-9868-57a2d4851a1d" />
    <TestEntry testId="fd10b652-13a6-1c6f-1b4c-3a1c733ea803" executionId="5a7614a5-bfdf-4758-b241-3aec1b00644c" testListId="8c84fa94-04c1-424b-9868-57a2d4851a1d" />
    <TestEntry testId="8b02e057-ea28-58a1-81f3-90b7cd83f52a" executionId="ff6be88f-6007-49a8-982b-ab8a460b0a12" testListId="8c84fa94-04c1-424b-9868-57a2d4851a1d" />
    <TestEntry testId="1208b1d4-eb88-7bae-0f3c-f8de4f655efa" executionId="4d5fb57d-49c7-41ee-884e-c953ab5671b7" testListId="8c84fa94-04c1-424b-9868-57a2d4851a1d" />
    <TestEntry testId="99102c86-5ca8-439f-4614-a42a58bba986" executionId="135dd826-eec9-4d94-a6a1-9df65406d2fb" testListId="8c84fa94-04c1-424b-9868-57a2d4851a1d" />
    <TestEntry testId="847e7a8b-4eb7-770a-6539-d054e70a297d" executionId="cc63bc7a-629e-4b7a-a2f7-7a3659633c32" testListId="8c84fa94-04c1-424b-9868-57a2d4851a1d" />
    <TestEntry testId="5398bb5d-6cec-7ec8-c50a-d027059fecde" executionId="e4152e7c-d72f-4f02-8147-6f65d3747422" testListId="8c84fa94-04c1-424b-9868-57a2d4851a1d" />
    <TestEntry testId="96a5a966-9a6b-79ca-dd86-a1cdc6c02546" executionId="65de08d9-9d05-4492-bc16-2c4752677231" testListId="8c84fa94-04c1-424b-9868-57a2d4851a1d" />
    <TestEntry testId="52182bae-8318-2d3e-a3ec-4811e32ccbef" executionId="9198df12-7ef1-423d-af60-7bcb7b122351" testListId="8c84fa94-04c1-424b-9868-57a2d4851a1d" />
    <TestEntry testId="e452d9c3-4fac-d387-8bff-164e08e448c5" executionId="e8b085c0-4e93-404a-a306-6298f7d2a9d3" testListId="8c84fa94-04c1-424b-9868-57a2d4851a1d" />
    <TestEntry testId="a15ad1d2-9655-4c73-8864-506152640e1c" executionId="d7a65707-b138-4b56-a4ff-c37bbd6f191a" testListId="8c84fa94-04c1-424b-9868-57a2d4851a1d" />
    <TestEntry testId="3ba9c7e9-2f6d-f353-523c-ae71ae500f97" executionId="70f24303-64c8-432e-97a3-d1429cca5460" testListId="8c84fa94-04c1-424b-9868-57a2d4851a1d" />
    <TestEntry testId="c46fcdf7-96c1-4b42-799a-f2aa80a9b8e1" executionId="e715e508-d663-4727-9302-da7fa2b1f95d" testListId="8c84fa94-04c1-424b-9868-57a2d4851a1d" />
    <TestEntry testId="1b057198-87c5-7bab-8f9b-6283f73cf978" executionId="01f11e2a-91d0-4b9b-891e-22ca8dd2e972" testListId="8c84fa94-04c1-424b-9868-57a2d4851a1d" />
    <TestEntry testId="c7a6d8ab-6ba0-c88a-8e01-c0a004a42dd6" executionId="b3d291b3-b78d-45bc-84e9-7bda14d3df80" testListId="8c84fa94-04c1-424b-9868-57a2d4851a1d" />
    <TestEntry testId="c6c24dde-9337-bc40-ca39-2316fdc9cd58" executionId="a1e3d2f8-a86e-46f4-8805-c9628a060028" testListId="8c84fa94-04c1-424b-9868-57a2d4851a1d" />
    <TestEntry testId="9a2e1a77-821b-c2ba-a010-af51a5b0cd9a" executionId="38f3e7ad-06c5-4ab3-af0e-5b9e4ec6b1ea" testListId="8c84fa94-04c1-424b-9868-57a2d4851a1d" />
    <TestEntry testId="bb27d5b9-4e56-c5e1-74f6-236f92784c70" executionId="633b7739-15b4-4106-b63c-a5b832fdb1d1" testListId="8c84fa94-04c1-424b-9868-57a2d4851a1d" />
    <TestEntry testId="11f1b741-e871-7c90-f4d3-ecfcedfda3cb" executionId="d09f4b5e-6562-495f-9a1e-da5f32692404" testListId="8c84fa94-04c1-424b-9868-57a2d4851a1d" />
    <TestEntry testId="73bdc766-4617-4c64-2405-71fbcc2e4d8d" executionId="a5dd24b9-b5cb-4063-a1f5-c78bbefbea9f" testListId="8c84fa94-04c1-424b-9868-57a2d4851a1d" />
    <TestEntry testId="9803970c-5983-c010-fed9-c88a185b5eaa" executionId="1a4e2d16-d2b5-4d8b-9fda-ecc31717fe5b" testListId="8c84fa94-04c1-424b-9868-57a2d4851a1d" />
    <TestEntry testId="08350966-d1ba-a24c-fb8d-35c788c71021" executionId="1e9c4e96-8f44-4d59-88fd-823cdde0b8ef" testListId="8c84fa94-04c1-424b-9868-57a2d4851a1d" />
    <TestEntry testId="7d18a086-ba1d-61e7-71c6-8cfec5d4766b" executionId="c7298623-de50-41ae-bf5f-f13f912c1218" testListId="8c84fa94-04c1-424b-9868-57a2d4851a1d" />
    <TestEntry testId="31e71473-ceba-aaa7-99af-8c53e14fcfa3" executionId="cc2a7946-bddb-460d-b3e4-6d1eaaf62a7d" testListId="8c84fa94-04c1-424b-9868-57a2d4851a1d" />
    <TestEntry testId="7a408984-97eb-1d15-98a6-50c774498209" executionId="c38dd8a1-09ec-4e2f-98a7-73c2791e59dc" testListId="8c84fa94-04c1-424b-9868-57a2d4851a1d" />
    <TestEntry testId="3d84b318-e41f-b5ae-8259-50e0b5006c57" executionId="3ec18038-0e48-408c-a198-c5b638c02839" testListId="8c84fa94-04c1-424b-9868-57a2d4851a1d" />
    <TestEntry testId="af1f6268-92c2-05ff-fc09-0d07feebb2b4" executionId="af69ba3d-ee66-45a6-8dbb-6ab67e20dce0" testListId="8c84fa94-04c1-424b-9868-57a2d4851a1d" />
    <TestEntry testId="ddefb7bf-518f-c469-a303-09e9f6980668" executionId="81f1d7ee-8218-449f-ab51-414a2d2a9d08" testListId="8c84fa94-04c1-424b-9868-57a2d4851a1d" />
    <TestEntry testId="40243725-2f8d-ba09-a442-192d1e6ae173" executionId="ac3882a2-ee57-4e3e-90fd-c7200aae1cf1" testListId="8c84fa94-04c1-424b-9868-57a2d4851a1d" />
    <TestEntry testId="910a85b6-b866-b40b-af66-7bbf7e1d238a" executionId="f195176f-817f-4517-bf76-ff2469a5a1b9" testListId="8c84fa94-04c1-424b-9868-57a2d4851a1d" />
    <TestEntry testId="10bac0d7-3d7d-994a-b097-f8df16017c50" executionId="1206ba0a-610e-447f-9ad2-326dc3edfa40" testListId="8c84fa94-04c1-424b-9868-57a2d4851a1d" />
    <TestEntry testId="970472ec-ea9b-ff60-f4d4-bfc3ed02d343" executionId="0be2a368-a513-4651-9bb6-4b773a2f777f" testListId="8c84fa94-04c1-424b-9868-57a2d4851a1d" />
    <TestEntry testId="36faaf9f-e571-58d2-5e8f-553ec99e6043" executionId="e346d8c2-5656-4dd1-8b9b-5dca9e8fabfc" testListId="8c84fa94-04c1-424b-9868-57a2d4851a1d" />
    <TestEntry testId="151408db-bfb9-188e-1f4e-394cf16a8ffc" executionId="a1300b17-0f44-4dae-b629-99feecbef7ae" testListId="8c84fa94-04c1-424b-9868-57a2d4851a1d" />
    <TestEntry testId="d28dcb1e-d821-f39a-d2eb-3734eca44c7d" executionId="2975d037-c2c6-46c7-bb2c-d94cdbe02603" testListId="8c84fa94-04c1-424b-9868-57a2d4851a1d" />
    <TestEntry testId="f70dfc68-2357-a302-29c1-fb22c760ce6d" executionId="0718367e-c712-4bfc-9f8e-75ee98bdc7e9" testListId="8c84fa94-04c1-424b-9868-57a2d4851a1d" />
    <TestEntry testId="003c64c8-4a86-0276-8750-0a42d21f0ace" executionId="9a931188-c63c-45e1-b5fc-60f5a506049a" testListId="8c84fa94-04c1-424b-9868-57a2d4851a1d" />
    <TestEntry testId="11488d0f-449b-9c31-fe94-50d4efa3bf59" executionId="d3ee4f1e-b873-4193-be01-89e92f091864" testListId="8c84fa94-04c1-424b-9868-57a2d4851a1d" />
    <TestEntry testId="2c869f34-4318-af79-faa5-9b54b43dcc4c" executionId="4447e313-6469-4fff-a55f-44b237c60c0d" testListId="8c84fa94-04c1-424b-9868-57a2d4851a1d" />
    <TestEntry testId="b46ff703-3873-e0c8-0a82-158d90372b0d" executionId="0d48c4a9-a01b-4d07-a060-21ccf23053c2" testListId="8c84fa94-04c1-424b-9868-57a2d4851a1d" />
    <TestEntry testId="1e17b633-d46d-7c5b-1a51-489946f340c9" executionId="878dd5ea-9bbd-4a97-9fa8-fe1b853c3fea" testListId="8c84fa94-04c1-424b-9868-57a2d4851a1d" />
    <TestEntry testId="e12063d4-6699-bcf4-224b-2217971f75b3" executionId="84830cff-15f9-4229-bc28-5c5fcc2dc5ae" testListId="8c84fa94-04c1-424b-9868-57a2d4851a1d" />
    <TestEntry testId="0a65a0bf-d30d-50fa-f95e-6135820f9f1a" executionId="15098d35-134f-43fa-a82d-8a8d6b452082" testListId="8c84fa94-04c1-424b-9868-57a2d4851a1d" />
    <TestEntry testId="b3338a60-f811-3a94-fd8a-d0e401935d51" executionId="4197eee0-ead1-4356-bffa-e8d670580803" testListId="8c84fa94-04c1-424b-9868-57a2d4851a1d" />
    <TestEntry testId="bbe92c24-4cc1-c504-4716-b4cd468f2bef" executionId="971e301e-0aa2-4820-8dbd-698ceab4876c" testListId="8c84fa94-04c1-424b-9868-57a2d4851a1d" />
    <TestEntry testId="8dec194b-9e62-4893-54fd-16f609ca0d66" executionId="19ae424e-6a1a-4282-bb19-a67f862d562e" testListId="8c84fa94-04c1-424b-9868-57a2d4851a1d" />
    <TestEntry testId="d069fe4a-af4a-a344-edaf-992c43119212" executionId="b843790f-8f22-46ee-bb01-21533ae4ef06" testListId="8c84fa94-04c1-424b-9868-57a2d4851a1d" />
    <TestEntry testId="b8b20976-fcf8-aa4a-f9e3-c2966050d18c" executionId="7aafae59-a5fe-49b3-bf02-8a70da28114e" testListId="8c84fa94-04c1-424b-9868-57a2d4851a1d" />
    <TestEntry testId="f115463b-6e94-e2d1-7771-08f6267565d7" executionId="1ec663ac-0af7-4e84-badb-c7eeae69ab82" testListId="8c84fa94-04c1-424b-9868-57a2d4851a1d" />
    <TestEntry testId="e7fa4b72-03ea-300a-6421-bd4543624ee5" executionId="42c194a5-a746-4763-afe2-801afa7c343f" testListId="8c84fa94-04c1-424b-9868-57a2d4851a1d" />
    <TestEntry testId="df70ad9d-18a0-9408-48d1-0c092e7b4036" executionId="083c4205-1b57-4163-8143-d98c19a448cf" testListId="8c84fa94-04c1-424b-9868-57a2d4851a1d" />
    <TestEntry testId="2c5a31cc-0b19-38a8-7ac0-3ba3604d198b" executionId="041c8306-f3a9-4ead-b371-ea4f3ed50bc8" testListId="8c84fa94-04c1-424b-9868-57a2d4851a1d" />
    <TestEntry testId="eb8e744e-b877-b982-6451-f22819f58eb1" executionId="b75f0ba1-a4fd-494a-a9df-de60aaccc015" testListId="8c84fa94-04c1-424b-9868-57a2d4851a1d" />
    <TestEntry testId="f8b0b4c1-8d0a-e14e-c049-36cba8cbaa34" executionId="7a153d20-aa74-48ea-a0ed-c7204dd58182" testListId="8c84fa94-04c1-424b-9868-57a2d4851a1d" />
    <TestEntry testId="2d39e397-748d-e4b3-ea2c-770c654017b2" executionId="613c848d-9e37-48aa-b03b-76f8463cbf55" testListId="8c84fa94-04c1-424b-9868-57a2d4851a1d" />
    <TestEntry testId="dbf38a5b-eb06-0f9e-5343-b2fa38e50b82" executionId="e8140825-fe21-485e-8757-6a140e30279f" testListId="8c84fa94-04c1-424b-9868-57a2d4851a1d" />
    <TestEntry testId="c53b4648-fee0-b980-9e86-bce3ab08b5c5" executionId="c7fce297-fa06-403a-b753-b7a07caec01c" testListId="8c84fa94-04c1-424b-9868-57a2d4851a1d" />
    <TestEntry testId="72393cfa-d098-2c01-102a-4198f5b33d37" executionId="3496c5ab-e54b-4660-a739-85dc81bef4db" testListId="8c84fa94-04c1-424b-9868-57a2d4851a1d" />
    <TestEntry testId="f0ea267b-b8c7-573f-4c8a-a9954e5529e8" executionId="53a99845-41b1-4363-817e-f67dc55b67a2" testListId="8c84fa94-04c1-424b-9868-57a2d4851a1d" />
    <TestEntry testId="c2a5f3be-cac0-e31f-a956-16031d76302d" executionId="ae5c933b-2ea2-4d48-b151-0dd854b7712f" testListId="8c84fa94-04c1-424b-9868-57a2d4851a1d" />
    <TestEntry testId="944d81f0-b7c1-c8f9-9059-67f805b05aed" executionId="6f89e10c-abbb-4b4e-ad49-c813bab2bbaa" testListId="8c84fa94-04c1-424b-9868-57a2d4851a1d" />
    <TestEntry testId="d144914a-1912-09ae-330a-1f9a77f14caa" executionId="f8712051-c42f-4ad7-b18b-e7376ea177f5" testListId="8c84fa94-04c1-424b-9868-57a2d4851a1d" />
    <TestEntry testId="cc8345f8-0dd4-ba54-e719-afef66d1f409" executionId="0dbe32bf-500d-4c3c-b007-36f649d1afe5" testListId="8c84fa94-04c1-424b-9868-57a2d4851a1d" />
    <TestEntry testId="f246502f-942a-0833-7a2a-823b05a231bd" executionId="9a4f8b86-6671-4fca-a3e9-dbecc3ed46c3" testListId="8c84fa94-04c1-424b-9868-57a2d4851a1d" />
    <TestEntry testId="16f2ff03-cc34-32f4-f1a7-7424fc439607" executionId="d986d5b3-195f-48b1-8b38-92454c1c1fb1" testListId="8c84fa94-04c1-424b-9868-57a2d4851a1d" />
    <TestEntry testId="d946dfe6-b622-998a-f976-75e9d61be387" executionId="fad18b59-f498-413e-b338-0e46af2e0799" testListId="8c84fa94-04c1-424b-9868-57a2d4851a1d" />
    <TestEntry testId="add9e8cc-6ae8-2ae7-32b3-0782b1b8beeb" executionId="03624211-5ffd-4861-b992-a8905103cf65" testListId="8c84fa94-04c1-424b-9868-57a2d4851a1d" />
    <TestEntry testId="7a3073a9-cdf6-e3a0-21e6-fde194430900" executionId="9674fbc0-9b90-4c9e-9506-9161b48299f4" testListId="8c84fa94-04c1-424b-9868-57a2d4851a1d" />
    <TestEntry testId="6a85b7f4-913a-466f-4dda-f1d43fb534a6" executionId="aef74502-8b24-4de2-ac86-baee6e2e705f" testListId="8c84fa94-04c1-424b-9868-57a2d4851a1d" />
    <TestEntry testId="2e06d026-a7d1-43a5-89f1-96c282244167" executionId="fcffa096-546f-4ec9-b5f2-bd45a940bea4" testListId="8c84fa94-04c1-424b-9868-57a2d4851a1d" />
    <TestEntry testId="12320801-442f-8a81-2f02-ed8c78eeb661" executionId="3640e169-8717-4665-be71-3967528eea8e" testListId="8c84fa94-04c1-424b-9868-57a2d4851a1d" />
    <TestEntry testId="0da930c6-efb0-31e0-ecc1-f8aad2ef0e55" executionId="b9940474-8dc9-48d2-ad4f-281ae4486a65" testListId="8c84fa94-04c1-424b-9868-57a2d4851a1d" />
    <TestEntry testId="ea05d7c0-c789-4379-caf4-bf2bf7511cf0" executionId="53815046-9e54-4b2a-8e01-97da24fa35e0" testListId="8c84fa94-04c1-424b-9868-57a2d4851a1d" />
    <TestEntry testId="7a30adba-4f18-1a26-3919-3f32ce4fb7fc" executionId="56511c84-1dc3-4852-9e4a-7db88f393c28" testListId="8c84fa94-04c1-424b-9868-57a2d4851a1d" />
    <TestEntry testId="9bd4135c-3dbf-ecc2-eaf2-a3416122658b" executionId="6cc86ead-16d3-4637-9f32-88b837a2850d" testListId="8c84fa94-04c1-424b-9868-57a2d4851a1d" />
    <TestEntry testId="8a1989dd-efd3-b098-f100-151983cdb010" executionId="7cde6dba-e40e-4873-82fe-52ecb1e72c3e" testListId="8c84fa94-04c1-424b-9868-57a2d4851a1d" />
    <TestEntry testId="f829f137-073b-7172-3c57-c6cb2536f437" executionId="10d779f3-c9ae-4df0-8a7b-71b9cbf1aefe" testListId="8c84fa94-04c1-424b-9868-57a2d4851a1d" />
    <TestEntry testId="457c4681-ba1b-e232-c6df-13871bd45077" executionId="4394bc09-9688-49dc-ae2e-4e36623f01cc" testListId="8c84fa94-04c1-424b-9868-57a2d4851a1d" />
    <TestEntry testId="2db4df56-59ac-ff62-6619-958e6299dea2" executionId="51fdc0e7-f0d4-4891-a9da-bc001b5cb456" testListId="8c84fa94-04c1-424b-9868-57a2d4851a1d" />
    <TestEntry testId="6388c4f5-2257-c27b-5f33-207f37e60a91" executionId="43c5f1c6-107b-42cd-a05a-af03cc2fa144" testListId="8c84fa94-04c1-424b-9868-57a2d4851a1d" />
    <TestEntry testId="42b77325-2a93-5b25-3110-653047c2672f" executionId="3a884e22-1dcf-4b09-b04f-07418c73d58b" testListId="8c84fa94-04c1-424b-9868-57a2d4851a1d" />
    <TestEntry testId="80f16799-5f3f-8ba6-4444-2869b6c67fc9" executionId="fdae3465-f58b-4da1-9e83-2d8923633a30" testListId="8c84fa94-04c1-424b-9868-57a2d4851a1d" />
    <TestEntry testId="e835fedc-ccbc-7d28-19e5-3fa0182c3056" executionId="c4fcc708-858d-47f1-8b9a-4cc94eedc30f" testListId="8c84fa94-04c1-424b-9868-57a2d4851a1d" />
    <TestEntry testId="ff1991eb-aab7-2f63-e2c2-9e2d50746f00" executionId="6b190ded-f0d2-462b-aeff-d27e0005ecd0" testListId="8c84fa94-04c1-424b-9868-57a2d4851a1d" />
    <TestEntry testId="22821a0c-aea3-85b2-7c06-cc5c05d86ada" executionId="2d4ab8af-38b4-4619-98f7-ef1ee563b008" testListId="8c84fa94-04c1-424b-9868-57a2d4851a1d" />
    <TestEntry testId="24f14941-93f5-89a1-6bda-083f1896bf2e" executionId="37379159-c90a-4f83-8bcd-d269707ee87a" testListId="8c84fa94-04c1-424b-9868-57a2d4851a1d" />
    <TestEntry testId="be8bd2db-c8ae-646a-52b3-07eecce9ab5f" executionId="317059c9-b892-4170-9aa6-2c678dd80fee" testListId="8c84fa94-04c1-424b-9868-57a2d4851a1d" />
    <TestEntry testId="c06c250b-2339-1237-6e9a-c2f9c67c7a5d" executionId="84af3a5a-4287-47df-8d42-df2931abb8f9" testListId="8c84fa94-04c1-424b-9868-57a2d4851a1d" />
    <TestEntry testId="bc0b8b14-9c83-b3f1-bc3b-4e83358045b8" executionId="b501b667-4eb0-4935-9eec-51b07ca00c70" testListId="8c84fa94-04c1-424b-9868-57a2d4851a1d" />
    <TestEntry testId="8cf09ca7-891b-299f-4326-cee9d6eb8384" executionId="96811a99-f6b4-4b9b-86d8-f5b203034004" testListId="8c84fa94-04c1-424b-9868-57a2d4851a1d" />
    <TestEntry testId="9d48d609-21ef-ad0d-11b4-2fd1413353c8" executionId="f89d2c32-6909-4d58-83ba-b4630db1ba28" testListId="8c84fa94-04c1-424b-9868-57a2d4851a1d" />
    <TestEntry testId="ff3b4e0c-ca93-e6f9-196b-1d1552719510" executionId="b93c8d0d-2fa8-4540-bc79-6e6a23bb1346" testListId="8c84fa94-04c1-424b-9868-57a2d4851a1d" />
    <TestEntry testId="4bf86921-9817-489b-af6e-71146a5a4d1c" executionId="839c2692-d3ff-41ef-80dd-e7411759cedc" testListId="8c84fa94-04c1-424b-9868-57a2d4851a1d" />
    <TestEntry testId="7f8f5bd2-401f-4508-9d19-0ad25042b943" executionId="fc1ddea9-bf6a-4c83-beaa-984b5153bcdf" testListId="8c84fa94-04c1-424b-9868-57a2d4851a1d" />
    <TestEntry testId="0ac06de9-18a0-1e7d-757f-6655ca54200a" executionId="da71c1d4-4c92-48c9-a94d-8778ce1c754a" testListId="8c84fa94-04c1-424b-9868-57a2d4851a1d" />
    <TestEntry testId="b7d832b4-5239-78f3-3d2a-416fd6659442" executionId="4f73362b-aa4c-4214-a4e8-d3ab4d618cd3" testListId="8c84fa94-04c1-424b-9868-57a2d4851a1d" />
    <TestEntry testId="d880b54d-03bf-19e5-1b1c-04006779550a" executionId="20ef9ad2-29ee-478a-b9a0-cda41af01b75" testListId="8c84fa94-04c1-424b-9868-57a2d4851a1d" />
    <TestEntry testId="404e0b79-4da7-ebda-080e-c960964c39c6" executionId="5b95a646-03ea-4189-b276-5ff29cda2102" testListId="8c84fa94-04c1-424b-9868-57a2d4851a1d" />
    <TestEntry testId="aa396939-f44e-6f15-2420-0a49f3f9128a" executionId="6f613923-40ba-4861-b8fc-ddc476de1473" testListId="8c84fa94-04c1-424b-9868-57a2d4851a1d" />
    <TestEntry testId="4811bb22-2a2a-f8c9-8ff2-d697eb32f455" executionId="f4cb2d53-eb68-488a-b455-6cfa11c5d017" testListId="8c84fa94-04c1-424b-9868-57a2d4851a1d" />
    <TestEntry testId="feb96467-d00d-95e8-1b20-95e6c499ccb7" executionId="1f2c815e-fbe8-4a8e-8d0a-d673cf7b6978" testListId="8c84fa94-04c1-424b-9868-57a2d4851a1d" />
    <TestEntry testId="43eae130-c007-bb1f-23df-0772320e32d0" executionId="c30dab13-a6f1-4893-ab85-2a8190607d8b" testListId="8c84fa94-04c1-424b-9868-57a2d4851a1d" />
    <TestEntry testId="b9a0a2c4-fe0c-9457-d327-6efe121e4a3a" executionId="ac06127a-86d1-4b9d-95d2-3bd0ee6ddad5" testListId="8c84fa94-04c1-424b-9868-57a2d4851a1d" />
    <TestEntry testId="f179dc77-17b7-1acf-ba37-3265226ff44d" executionId="b5190ff8-a7a5-4fdb-b2ef-536bac085ad7" testListId="8c84fa94-04c1-424b-9868-57a2d4851a1d" />
    <TestEntry testId="97042951-1f4b-4b6d-ac8e-63c3cccd8ec6" executionId="2228d0b9-2d8e-471a-b6d2-4ef2733ec0a3" testListId="8c84fa94-04c1-424b-9868-57a2d4851a1d" />
    <TestEntry testId="2c9c1ca5-13a8-ec3e-4e27-11f830e732d7" executionId="d324578c-c249-45c8-89e9-b6f62c43e36a" testListId="8c84fa94-04c1-424b-9868-57a2d4851a1d" />
    <TestEntry testId="00059936-363b-79b0-195e-4759152a6110" executionId="cc265872-bf68-4c32-a2a9-894297a8c11e" testListId="8c84fa94-04c1-424b-9868-57a2d4851a1d" />
    <TestEntry testId="b65be1ff-9cab-a72d-df82-22eea01d90ce" executionId="809a2ee0-1d7a-44c9-9340-a48ddef2cd90" testListId="8c84fa94-04c1-424b-9868-57a2d4851a1d" />
    <TestEntry testId="82ee0c35-2ae6-4e6d-2f42-c95684a665d1" executionId="c8376e42-58a5-4872-bfda-d658a614ea5f" testListId="8c84fa94-04c1-424b-9868-57a2d4851a1d" />
    <TestEntry testId="a5885518-0334-3426-a19d-615932444f06" executionId="0aa61e43-caea-4313-a339-15d42074c7a9" testListId="8c84fa94-04c1-424b-9868-57a2d4851a1d" />
    <TestEntry testId="0d3bf4e4-1270-cc9d-0baa-e433478cabc0" executionId="75c01386-61a2-4326-80ca-43b27919c1cd" testListId="8c84fa94-04c1-424b-9868-57a2d4851a1d" />
    <TestEntry testId="c255cd0d-e34e-61db-62ce-6b498f5fafed" executionId="d7776cdb-f26d-4546-9158-f2382f085f2a" testListId="8c84fa94-04c1-424b-9868-57a2d4851a1d" />
    <TestEntry testId="76007e5f-5e1a-00b2-8664-bc3508ffcf0f" executionId="18c6d129-727c-4af6-8cc7-ca3629e4ebb4" testListId="8c84fa94-04c1-424b-9868-57a2d4851a1d" />
    <TestEntry testId="0567bb10-1365-78ad-585e-6ab1d35b69db" executionId="29a11eeb-391a-4fc9-bd43-bba5093fc517" testListId="8c84fa94-04c1-424b-9868-57a2d4851a1d" />
    <TestEntry testId="3d357150-fe02-ea3e-02a3-73ede4218d02" executionId="51377def-f52b-4a2f-84d4-f7c2bb62f7d8" testListId="8c84fa94-04c1-424b-9868-57a2d4851a1d" />
    <TestEntry testId="f94ff43a-dd9b-9f3a-6c4b-908934c4c49b" executionId="f130df68-a6d2-435f-b1c0-d3946fa516c7" testListId="8c84fa94-04c1-424b-9868-57a2d4851a1d" />
    <TestEntry testId="22d3252d-1029-7f5e-cb1f-139fc21c89dd" executionId="a954a88b-02d2-4842-9fcf-a55e6ce60da9" testListId="8c84fa94-04c1-424b-9868-57a2d4851a1d" />
    <TestEntry testId="c4bd7d78-4dab-b053-441c-0b57b8a0b77a" executionId="47759315-f6e1-45ac-a9c2-174510706148" testListId="8c84fa94-04c1-424b-9868-57a2d4851a1d" />
    <TestEntry testId="8399c59b-eb88-6f86-dc83-db192a4de3c1" executionId="09104ac6-3976-4f9e-8fda-49e1f1695dd6" testListId="8c84fa94-04c1-424b-9868-57a2d4851a1d" />
    <TestEntry testId="a0534fc7-2793-c734-0bb8-bd03aae9d99a" executionId="47a6d270-c24b-46af-aad1-dbb9dc353d24" testListId="8c84fa94-04c1-424b-9868-57a2d4851a1d" />
    <TestEntry testId="10bcfa9b-fe25-df79-44c3-ebe9a4087292" executionId="a8250f32-3f1a-435b-9b2f-7a84d15404e3" testListId="8c84fa94-04c1-424b-9868-57a2d4851a1d" />
    <TestEntry testId="ea55028d-7adc-479d-016a-fd928d5847ac" executionId="cb3520bc-7522-4eb1-a0d9-77aee42e233e" testListId="8c84fa94-04c1-424b-9868-57a2d4851a1d" />
    <TestEntry testId="64668a95-9058-b8c9-bcbb-655d0fff9233" executionId="e577f639-7a5d-4c27-a6bb-8fd76efcfed8" testListId="8c84fa94-04c1-424b-9868-57a2d4851a1d" />
    <TestEntry testId="cd80a4ea-502a-6ef1-d912-6005d7860f42" executionId="9cf4ff31-adf2-492f-b172-0cce392631c9" testListId="8c84fa94-04c1-424b-9868-57a2d4851a1d" />
    <TestEntry testId="a22ed468-ab4d-7c46-3734-fd6b6cffce4e" executionId="bd78db54-d1e3-4b43-a104-caddad856dba" testListId="8c84fa94-04c1-424b-9868-57a2d4851a1d" />
    <TestEntry testId="dca8e9c3-d30b-edd1-86b4-ebaae651ad62" executionId="cf1d16b9-28b7-4077-88bf-ce8178537f99" testListId="8c84fa94-04c1-424b-9868-57a2d4851a1d" />
    <TestEntry testId="73d526cc-0300-51d9-eaf9-bee469e1820d" executionId="da8829ba-55da-4fe7-a9ce-3992f91fa55b" testListId="8c84fa94-04c1-424b-9868-57a2d4851a1d" />
    <TestEntry testId="a89f2e69-7381-bc9d-2671-a7d842604706" executionId="593ba0b1-ed4f-4fb7-b868-d2e4e96a20da" testListId="8c84fa94-04c1-424b-9868-57a2d4851a1d" />
    <TestEntry testId="4e51f778-0f13-c089-ce75-abd1b08ba0df" executionId="540496d1-2240-4295-9474-528413992bc5" testListId="8c84fa94-04c1-424b-9868-57a2d4851a1d" />
    <TestEntry testId="64ef341b-d0f8-5184-c1b0-49e661109a90" executionId="1f5e2c2b-bf2e-41e8-bba1-81063c88a6df" testListId="8c84fa94-04c1-424b-9868-57a2d4851a1d" />
    <TestEntry testId="29a4181f-c49d-5b24-950b-977a1ace3dea" executionId="ed111ee9-58e8-4700-86cc-05684b00c78b" testListId="8c84fa94-04c1-424b-9868-57a2d4851a1d" />
    <TestEntry testId="a58bb6fa-b78d-0a9e-e990-2585a628e30a" executionId="4178a84e-b83b-4729-b0ce-7962969f6b5f" testListId="8c84fa94-04c1-424b-9868-57a2d4851a1d" />
    <TestEntry testId="b3cb16ec-f77b-6e7c-51d3-45496a88761e" executionId="1ba5cdc9-bb68-464a-a35d-c211ccab765c" testListId="8c84fa94-04c1-424b-9868-57a2d4851a1d" />
    <TestEntry testId="9ed90030-aea3-f5d1-0e11-488f0ce7d9e0" executionId="0638e7f0-b4ef-4adb-b9c6-5ac87aba3902" testListId="8c84fa94-04c1-424b-9868-57a2d4851a1d" />
    <TestEntry testId="25395d14-c668-80fb-f678-e41779e372fd" executionId="b0f548e7-aa65-4aa1-bb41-ef774df6b55b" testListId="8c84fa94-04c1-424b-9868-57a2d4851a1d" />
    <TestEntry testId="64301a20-d931-a9a1-9854-30cb42af63ae" executionId="11e8a1c0-5857-4238-9856-57982b80c6ab" testListId="8c84fa94-04c1-424b-9868-57a2d4851a1d" />
    <TestEntry testId="609344de-34e0-dd5b-f106-5dd180c0c587" executionId="bef34996-2332-41f5-86c4-9088945e341b" testListId="8c84fa94-04c1-424b-9868-57a2d4851a1d" />
    <TestEntry testId="a9c25a8a-cb6a-6abc-c970-43e88688f5de" executionId="389cb3a9-87fa-4c6d-9697-f020a4d374ce" testListId="8c84fa94-04c1-424b-9868-57a2d4851a1d" />
    <TestEntry testId="786d3e2f-3725-fcdd-02a3-141087c0e39f" executionId="ca8d37ae-b973-4850-a4a5-9f79047fdec9" testListId="8c84fa94-04c1-424b-9868-57a2d4851a1d" />
    <TestEntry testId="611f6f13-9c59-bfcd-8aff-542c3c591e46" executionId="c955811b-6878-4fed-b2ab-43f836d2b0ce" testListId="8c84fa94-04c1-424b-9868-57a2d4851a1d" />
    <TestEntry testId="16b4e48f-624d-5c68-901a-05116fdb3361" executionId="20a04c1c-0310-41a2-9663-1a4059286ce7" testListId="8c84fa94-04c1-424b-9868-57a2d4851a1d" />
    <TestEntry testId="d003db23-f3fc-698d-131b-854217d882b6" executionId="bf5572d7-ca04-4d38-a804-95ebc475d7c9" testListId="8c84fa94-04c1-424b-9868-57a2d4851a1d" />
    <TestEntry testId="87b2f31c-99fe-20b1-ea27-3dc704301046" executionId="3816c6af-fbd4-4e26-8240-81d06f87ad08" testListId="8c84fa94-04c1-424b-9868-57a2d4851a1d" />
    <TestEntry testId="62997360-e337-524c-3f21-fb2d77563b87" executionId="cd5a1d6a-ee9f-47bb-97af-0263f3c24725" testListId="8c84fa94-04c1-424b-9868-57a2d4851a1d" />
    <TestEntry testId="9f7e2a90-de57-51c6-46f7-766573674a05" executionId="d757dd3a-ad8f-43b3-94b1-9d13900cde54" testListId="8c84fa94-04c1-424b-9868-57a2d4851a1d" />
    <TestEntry testId="d5df0b5a-feb8-aae9-dfea-7924cae79783" executionId="6ba1735e-86af-4fc5-9cfe-5f8982d25017" testListId="8c84fa94-04c1-424b-9868-57a2d4851a1d" />
    <TestEntry testId="1394d99a-0c17-74ba-b557-b5846ebd049f" executionId="0d801c1d-d30b-4ffd-91f9-739073e6e645" testListId="8c84fa94-04c1-424b-9868-57a2d4851a1d" />
    <TestEntry testId="1b7d0269-c79a-a34a-5826-4aadb2b53651" executionId="3da4c552-41f1-4f9e-b4db-97b6776a82e9" testListId="8c84fa94-04c1-424b-9868-57a2d4851a1d" />
    <TestEntry testId="6abec6b3-31ed-3b76-6048-be0488d2e6c1" executionId="7858291e-0ee7-4c85-8890-973ecf6495ff" testListId="8c84fa94-04c1-424b-9868-57a2d4851a1d" />
    <TestEntry testId="7bf7c611-2157-9e87-c12b-da470185d424" executionId="a0926a98-f710-42e0-8d40-9f242f15a920" testListId="8c84fa94-04c1-424b-9868-57a2d4851a1d" />
    <TestEntry testId="302b20b0-4bce-6f00-c724-afbf6e2492a2" executionId="cabf2b3c-2a90-439b-893b-3d25ccc54ff0" testListId="8c84fa94-04c1-424b-9868-57a2d4851a1d" />
    <TestEntry testId="cd4a1eae-ed4a-5d50-3368-fe280ac9f0cb" executionId="5b24cead-5008-4065-8682-1fdbe558727c" testListId="8c84fa94-04c1-424b-9868-57a2d4851a1d" />
    <TestEntry testId="153d43a5-c027-8c73-7625-1b8f219793c7" executionId="a4038cfe-0fa8-47cc-9605-c0d1e365e376" testListId="8c84fa94-04c1-424b-9868-57a2d4851a1d" />
    <TestEntry testId="f37722c0-cba4-a181-3c66-7fd646ef8afb" executionId="e6ffe6b1-03d3-4d25-b088-c0b1510e8621" testListId="8c84fa94-04c1-424b-9868-57a2d4851a1d" />
    <TestEntry testId="acc10b6d-c653-4f61-06e0-0786a6d58cfd" executionId="5f1e9aa9-4732-41b1-aba0-627d4bcbfab8" testListId="8c84fa94-04c1-424b-9868-57a2d4851a1d" />
    <TestEntry testId="796d65f3-6385-2234-4fcd-2c6d9de42360" executionId="cd78e303-4e53-4f0f-9548-edc7d7f00493" testListId="8c84fa94-04c1-424b-9868-57a2d4851a1d" />
    <TestEntry testId="5fb038b1-4b0f-de7a-9303-985f492982ce" executionId="320b9b93-4103-4343-9a1e-7da128c63792" testListId="8c84fa94-04c1-424b-9868-57a2d4851a1d" />
    <TestEntry testId="64df13f2-952a-027f-1982-7f8c877e7f80" executionId="20873153-55ce-473f-b194-3dbe367ebef1" testListId="8c84fa94-04c1-424b-9868-57a2d4851a1d" />
    <TestEntry testId="9b58ee1d-60cc-536f-6e10-7efe9ae1ee01" executionId="4c8b7618-f9f7-4546-8a66-ee309fb3e717" testListId="8c84fa94-04c1-424b-9868-57a2d4851a1d" />
    <TestEntry testId="3f26fe26-29a7-af73-1327-44877f5a28fe" executionId="7dc1e48c-0be2-494b-ab01-ea9b7bbb6172" testListId="8c84fa94-04c1-424b-9868-57a2d4851a1d" />
    <TestEntry testId="ee74e052-1f4c-ef11-6f80-bec34daaf772" executionId="f421af50-470e-4d97-8370-2686058afef9" testListId="8c84fa94-04c1-424b-9868-57a2d4851a1d" />
    <TestEntry testId="03d0b36e-6c2b-7332-d161-de7b9a7aa9a3" executionId="465e7fe1-0e40-43ef-9de3-3ad866468595" testListId="8c84fa94-04c1-424b-9868-57a2d4851a1d" />
    <TestEntry testId="c7e8ccb7-6a44-71c4-8909-d22056eddb2f" executionId="bdc09a57-e215-4939-9e65-62753e83a499" testListId="8c84fa94-04c1-424b-9868-57a2d4851a1d" />
    <TestEntry testId="cda87972-b1e7-2980-b287-aed41c645cb8" executionId="cf52503b-133c-496e-a4db-9a89e7cc49a7" testListId="8c84fa94-04c1-424b-9868-57a2d4851a1d" />
    <TestEntry testId="1f49193f-1f0d-37bf-7544-764d51a3dd6e" executionId="4619ac72-dd7e-488d-b81a-a5423ca43813" testListId="8c84fa94-04c1-424b-9868-57a2d4851a1d" />
    <TestEntry testId="5e01af3d-cff9-26cf-d6c9-8d757ea1f640" executionId="f701339b-cbee-4029-bc3c-f24104e3f6bc" testListId="8c84fa94-04c1-424b-9868-57a2d4851a1d" />
    <TestEntry testId="2490085f-9077-bac3-b3b0-a4a347b0f56e" executionId="2462a877-669e-4d5e-b716-bc91f7aa1506" testListId="8c84fa94-04c1-424b-9868-57a2d4851a1d" />
    <TestEntry testId="70c85cb8-44f9-b3d1-707c-ce28ae5256c0" executionId="dabd0457-56a0-4e1d-9959-6999f2c7c23e" testListId="8c84fa94-04c1-424b-9868-57a2d4851a1d" />
    <TestEntry testId="c8428b82-73a8-1ad8-2405-55e719029c64" executionId="ea0cc8ab-2880-475a-8a4c-b1f5f532b3d9" testListId="8c84fa94-04c1-424b-9868-57a2d4851a1d" />
    <TestEntry testId="99f196c1-a4c2-a1c2-6e27-cb6ebfad1158" executionId="a8265443-f018-4674-bd86-745bc924dc6b" testListId="8c84fa94-04c1-424b-9868-57a2d4851a1d" />
    <TestEntry testId="9e3c698e-4e9c-b706-3e02-36c59eb20f10" executionId="fd7d4f7c-96a8-4581-b349-8bed744f72a8" testListId="8c84fa94-04c1-424b-9868-57a2d4851a1d" />
    <TestEntry testId="6217340c-a4d0-8196-f0f9-71f26ccd5911" executionId="afdabed9-0717-4c84-9b44-9c9c50e67c5f" testListId="8c84fa94-04c1-424b-9868-57a2d4851a1d" />
    <TestEntry testId="847a1b2f-54a2-03c5-73e5-2c261da2b7f8" executionId="aaa69851-f8c8-48fb-a982-e97243c2a4c7" testListId="8c84fa94-04c1-424b-9868-57a2d4851a1d" />
    <TestEntry testId="db8f8428-d50a-bb0e-eeb8-026f76b42650" executionId="3b8a5261-ac2f-4815-b204-e7babd5c5149" testListId="8c84fa94-04c1-424b-9868-57a2d4851a1d" />
    <TestEntry testId="ae61b3ca-7da3-ec4c-6123-f951736ddf80" executionId="e994897c-a015-4354-8327-b45b809d0b53" testListId="8c84fa94-04c1-424b-9868-57a2d4851a1d" />
    <TestEntry testId="713651df-0c00-0249-38a3-17bcdceae65b" executionId="6b5122d3-21c0-4cc0-b69d-5cd7e3faf666" testListId="8c84fa94-04c1-424b-9868-57a2d4851a1d" />
    <TestEntry testId="9d769d40-0b34-a0a2-e91a-cf6353a158c2" executionId="54aa0eef-11a4-485d-9ffc-5b92c2baae2a" testListId="8c84fa94-04c1-424b-9868-57a2d4851a1d" />
    <TestEntry testId="02440702-0838-59ef-2157-35e57cd6cd3a" executionId="79c8bbe3-b8b3-4e2f-ac0e-e40efdb29bf2" testListId="8c84fa94-04c1-424b-9868-57a2d4851a1d" />
    <TestEntry testId="6da208a2-1aeb-9972-a10e-6c71ff73a412" executionId="b777f19b-ddad-4c0f-a5be-8513044e5460" testListId="8c84fa94-04c1-424b-9868-57a2d4851a1d" />
    <TestEntry testId="02750296-9ab6-1b34-1a9a-a7341313daef" executionId="3a318441-775f-4ad8-9ca3-623f40edb63b" testListId="8c84fa94-04c1-424b-9868-57a2d4851a1d" />
    <TestEntry testId="82e70685-1a0e-7dcb-d643-495fb1500157" executionId="40d6f14c-477a-465b-80bf-df14414c8e93" testListId="8c84fa94-04c1-424b-9868-57a2d4851a1d" />
    <TestEntry testId="dd658bdc-0a0f-738d-0b31-6802e84bfe78" executionId="a62e7640-979c-4d03-af4b-0ef720d80f87" testListId="8c84fa94-04c1-424b-9868-57a2d4851a1d" />
    <TestEntry testId="571fe45d-291a-eac1-a19d-7c592aeb6883" executionId="3b99d699-9ea9-4adb-b33c-c2a39ae20c65" testListId="8c84fa94-04c1-424b-9868-57a2d4851a1d" />
    <TestEntry testId="f4998356-3789-ffcb-88bf-58caaf010f3d" executionId="2f45a0db-9b62-458f-b356-0f7293f33251" testListId="8c84fa94-04c1-424b-9868-57a2d4851a1d" />
    <TestEntry testId="ae9e1cfd-1fdc-a51e-b037-136d16aa3542" executionId="23e81373-dd22-4181-9b3a-23e28e9f8fcd" testListId="8c84fa94-04c1-424b-9868-57a2d4851a1d" />
    <TestEntry testId="9028e951-e76d-1b1f-5089-d95e2fd583bc" executionId="091bdf63-c0d0-4f38-b763-a4c3c87494dd" testListId="8c84fa94-04c1-424b-9868-57a2d4851a1d" />
    <TestEntry testId="98e6d492-e86d-ce1e-9ea3-901b8c849921" executionId="b107557c-d797-4c19-8954-0ccb1b0e4e8e" testListId="8c84fa94-04c1-424b-9868-57a2d4851a1d" />
    <TestEntry testId="123835ba-2836-c4bc-a7af-5d9717234bcf" executionId="e0025841-789f-4773-900d-8dd215c73d6a" testListId="8c84fa94-04c1-424b-9868-57a2d4851a1d" />
    <TestEntry testId="a413889d-ecad-f487-1a33-4ded704046a4" executionId="9671336e-09ba-452c-b3c4-4457392e5381" testListId="8c84fa94-04c1-424b-9868-57a2d4851a1d" />
    <TestEntry testId="f71ffb80-45d7-0c60-d671-e156ce7abb1d" executionId="9dd0e979-73ed-4e1c-966b-721d79b3e040" testListId="8c84fa94-04c1-424b-9868-57a2d4851a1d" />
    <TestEntry testId="2f69bae9-0100-13ff-8395-bc56d22237cf" executionId="898fed03-fdde-4db6-bcf9-ee5d8a1e0118" testListId="8c84fa94-04c1-424b-9868-57a2d4851a1d" />
    <TestEntry testId="e6a56bec-7a78-6af0-486b-8b4d2e4c03d3" executionId="df178c4a-7dbd-493c-b677-44c2b8d7ea4a" testListId="8c84fa94-04c1-424b-9868-57a2d4851a1d" />
    <TestEntry testId="bae92005-e3ca-ccaa-0f2e-81683ec798f5" executionId="fb3f8224-9faa-4c10-9a2b-7d753bd947cd" testListId="8c84fa94-04c1-424b-9868-57a2d4851a1d" />
    <TestEntry testId="4b7fe055-86ef-b023-f832-f18a451d8f44" executionId="a17cd225-e107-4035-a962-f51aafd6c0e2" testListId="8c84fa94-04c1-424b-9868-57a2d4851a1d" />
    <TestEntry testId="bb695e89-89bf-acd9-db9f-48aed8b1cdbd" executionId="63c94eed-b3e8-42ed-95bb-7e8e8583293e" testListId="8c84fa94-04c1-424b-9868-57a2d4851a1d" />
    <TestEntry testId="0a70292c-fe6f-7838-ba00-9cce84d4f3ee" executionId="51c892ca-d4f4-4d70-bac7-60e131dae853" testListId="8c84fa94-04c1-424b-9868-57a2d4851a1d" />
    <TestEntry testId="350e8c4c-03a8-e223-4d82-cc36d67ea795" executionId="6e7ef573-0536-47d5-ab5d-7d71e8a8063a" testListId="8c84fa94-04c1-424b-9868-57a2d4851a1d" />
    <TestEntry testId="b9be05ed-104f-77c2-efb9-cc50f4e9f643" executionId="3b3f6d67-8ac9-4f95-b83c-f0e44f78945a" testListId="8c84fa94-04c1-424b-9868-57a2d4851a1d" />
    <TestEntry testId="8a415a5c-3095-9c9e-4885-69cb4befbc50" executionId="0a2fa76d-3a43-481c-887d-9a690bde9e16" testListId="8c84fa94-04c1-424b-9868-57a2d4851a1d" />
    <TestEntry testId="f082bdab-135e-84af-30cc-49e28bd22080" executionId="a4cfbc83-e836-4609-8b8e-c07f8cbe431f" testListId="8c84fa94-04c1-424b-9868-57a2d4851a1d" />
    <TestEntry testId="ecc8f73f-f680-c419-a197-1f756e24bab7" executionId="e64050cd-3fa8-473a-b2e2-d5c6562a0d94" testListId="8c84fa94-04c1-424b-9868-57a2d4851a1d" />
    <TestEntry testId="0b5dd265-7a70-bf03-2b1e-a2f6fe9bc01b" executionId="7768e453-b2ba-4e5f-8054-7cba4bfc4339" testListId="8c84fa94-04c1-424b-9868-57a2d4851a1d" />
    <TestEntry testId="1ca2d617-84f7-4ded-7557-f80335559020" executionId="e8f01637-f0a6-44ae-8b9a-872a77ecf772" testListId="8c84fa94-04c1-424b-9868-57a2d4851a1d" />
    <TestEntry testId="6696e834-3827-cfe8-18e3-a072b0d3f1f6" executionId="c13321c3-3d9e-4bf8-bc4b-8dc113a67c3d" testListId="8c84fa94-04c1-424b-9868-57a2d4851a1d" />
    <TestEntry testId="8f23a4d0-4060-619a-3c87-21c077106a72" executionId="62723456-7753-4749-a048-417e8243a571" testListId="8c84fa94-04c1-424b-9868-57a2d4851a1d" />
    <TestEntry testId="a843ac7d-2594-8044-a20a-394e013f101b" executionId="60fd1091-485f-4971-9c5c-a50c31bb8de9" testListId="8c84fa94-04c1-424b-9868-57a2d4851a1d" />
    <TestEntry testId="4102d688-f6d1-81ad-76b0-26b2cc28cacb" executionId="8b2a27ab-ddc1-4dff-8f84-b1f977ea25ca" testListId="8c84fa94-04c1-424b-9868-57a2d4851a1d" />
    <TestEntry testId="65068448-f7bc-c0d5-3e60-962cce56ea67" executionId="7fe32b24-2fe3-4e25-a04f-0547b2e9363d" testListId="8c84fa94-04c1-424b-9868-57a2d4851a1d" />
    <TestEntry testId="0b7aeda8-082a-ef79-547d-eb8172ab04d8" executionId="966664a8-2d47-4784-a32d-3471454d3b9f" testListId="8c84fa94-04c1-424b-9868-57a2d4851a1d" />
    <TestEntry testId="eeaa9f4b-908a-18d1-af2f-ae5ff9d6bbdd" executionId="0479cf5a-c0e2-4d50-a09e-db9f0d4f4855" testListId="8c84fa94-04c1-424b-9868-57a2d4851a1d" />
    <TestEntry testId="b80cd144-8190-5e61-b787-b448839990d8" executionId="3b2fc79b-f820-4380-ac2d-d2b59884427d" testListId="8c84fa94-04c1-424b-9868-57a2d4851a1d" />
    <TestEntry testId="8311dd0e-214f-3e56-ac97-44e011e16a50" executionId="dd43d0a6-15f6-4cbc-8556-cb4d08fd6f42" testListId="8c84fa94-04c1-424b-9868-57a2d4851a1d" />
    <TestEntry testId="924a5432-849e-750f-605f-6ea6b83e67ea" executionId="c7329308-d704-4139-bf45-319fcb3ba36c" testListId="8c84fa94-04c1-424b-9868-57a2d4851a1d" />
    <TestEntry testId="b7887fd2-b8c3-2f5a-71a7-b92bcc7c443f" executionId="969b3bb8-b2ee-4fcd-a797-f7bcb39c0553" testListId="8c84fa94-04c1-424b-9868-57a2d4851a1d" />
    <TestEntry testId="c666a23b-cf8c-d511-0343-bd68f3a2bfbe" executionId="f390f605-89b1-43ba-971b-e1e0488405ae" testListId="8c84fa94-04c1-424b-9868-57a2d4851a1d" />
    <TestEntry testId="6b979c6f-c2b5-1a09-a08e-4d2121b2613f" executionId="770840d1-ac41-4fa8-90cf-c1a2114fed38" testListId="8c84fa94-04c1-424b-9868-57a2d4851a1d" />
    <TestEntry testId="798e1c3d-2f38-60ef-d8be-a7f957766e31" executionId="d56c21be-4af9-45d9-bf0a-cab2cf72494b" testListId="8c84fa94-04c1-424b-9868-57a2d4851a1d" />
    <TestEntry testId="6c692cfa-8ee2-a7b8-171d-02bfc1f7d307" executionId="66a9710c-c76c-4e1a-87a4-bc08d558c1fe" testListId="8c84fa94-04c1-424b-9868-57a2d4851a1d" />
    <TestEntry testId="8e9be2ad-c8e6-e22c-7ecd-5bd0234a8acc" executionId="13b85716-dd5e-473e-a7d6-130dba850a2b" testListId="8c84fa94-04c1-424b-9868-57a2d4851a1d" />
    <TestEntry testId="0dcb1a5c-ec72-0659-9967-5c929d915fe5" executionId="ef5e4356-9c3a-4cc0-adaa-d25114888d28" testListId="8c84fa94-04c1-424b-9868-57a2d4851a1d" />
    <TestEntry testId="75898650-debe-d7b0-64a7-639d56777f76" executionId="ca948e4a-b45d-4cde-be6e-99fbadcc5929" testListId="8c84fa94-04c1-424b-9868-57a2d4851a1d" />
    <TestEntry testId="58add4db-9b34-84af-798c-bd885accbb28" executionId="ef7bb66f-0cd1-4ea2-8363-9874b00a9f04" testListId="8c84fa94-04c1-424b-9868-57a2d4851a1d" />
    <TestEntry testId="586aaf1a-4412-5329-2b7b-265cf76a36de" executionId="2ca861ed-4e48-42ea-beb7-d6f8415a7f67" testListId="8c84fa94-04c1-424b-9868-57a2d4851a1d" />
    <TestEntry testId="8f402b77-c09d-833c-1f62-77388443dfd2" executionId="5450395f-a79c-4d54-9911-86896f1853aa" testListId="8c84fa94-04c1-424b-9868-57a2d4851a1d" />
    <TestEntry testId="bce6a182-0644-03a8-3213-c7da6a6e4846" executionId="c4a70bba-4bce-49e9-ad82-ba55f3e8abe2" testListId="8c84fa94-04c1-424b-9868-57a2d4851a1d" />
    <TestEntry testId="358d4f26-1067-e342-149f-bfd08b9f55f9" executionId="a59ea356-2441-4092-8680-5e472a8bfad8" testListId="8c84fa94-04c1-424b-9868-57a2d4851a1d" />
    <TestEntry testId="3ca7826f-46f7-28ed-58f7-77fdf7081bde" executionId="7708231b-97da-454d-978f-d81c6763f02f" testListId="8c84fa94-04c1-424b-9868-57a2d4851a1d" />
    <TestEntry testId="fb5143d2-e679-3c3e-15d8-a0ca4dc4a381" executionId="6b12b695-6dc8-480a-b0e9-134398584525" testListId="8c84fa94-04c1-424b-9868-57a2d4851a1d" />
    <TestEntry testId="74da0f5f-dcff-bea2-f773-b3a5e468f72d" executionId="199d320d-6413-4c54-b659-5f3384c7001f" testListId="8c84fa94-04c1-424b-9868-57a2d4851a1d" />
    <TestEntry testId="074c02d6-6717-31a7-cc84-d6cb67166149" executionId="7bae55a7-b88c-4be5-8bc3-34bcedb75f7d" testListId="8c84fa94-04c1-424b-9868-57a2d4851a1d" />
    <TestEntry testId="19b02cff-aaab-4984-631f-f8eabd4c52ee" executionId="f36478b2-6e08-45d8-8332-220b13f4197b" testListId="8c84fa94-04c1-424b-9868-57a2d4851a1d" />
    <TestEntry testId="58ea10f4-8150-e83a-5a96-79646046a902" executionId="c99de2a2-8072-4c96-94f9-d848bcd6dea8" testListId="8c84fa94-04c1-424b-9868-57a2d4851a1d" />
    <TestEntry testId="7f03a096-2df1-9689-af0b-e5d827ce2d58" executionId="cf1513fe-dddb-4628-a979-dab53b372fee" testListId="8c84fa94-04c1-424b-9868-57a2d4851a1d" />
    <TestEntry testId="6cb6ba6a-3ef0-e27a-9b31-875e78775b63" executionId="6c0f6803-952e-4a6f-aaee-377bc121284b" testListId="8c84fa94-04c1-424b-9868-57a2d4851a1d" />
    <TestEntry testId="84e4092e-9ab0-b274-75d4-1495f8c88fc4" executionId="461d315c-f950-4ccc-881f-0bffbfbcf8c3" testListId="8c84fa94-04c1-424b-9868-57a2d4851a1d" />
    <TestEntry testId="e5dd00e1-dc9e-4838-3d78-875550433b79" executionId="edcf49f0-5b59-45cf-a6b1-f5fe266f73c2" testListId="8c84fa94-04c1-424b-9868-57a2d4851a1d" />
    <TestEntry testId="0ab5fb43-74c7-b047-6655-ed873d2949e2" executionId="917effd5-fdaf-49d9-81f9-9e711c383bad" testListId="8c84fa94-04c1-424b-9868-57a2d4851a1d" />
    <TestEntry testId="19ff2163-f766-f994-4671-df52e72c205c" executionId="cbbbcaf0-9d6b-458d-bd46-9535f670355a" testListId="8c84fa94-04c1-424b-9868-57a2d4851a1d" />
    <TestEntry testId="294b58f5-9e6b-0d50-29f1-e79f87541d46" executionId="fd7a768e-3c8a-45ac-80bd-7e13aa298dec" testListId="8c84fa94-04c1-424b-9868-57a2d4851a1d" />
    <TestEntry testId="d2bfe186-382d-5c6b-1dce-0ce3ad0c4adb" executionId="91573397-f90c-48a8-951a-566d7e318e17" testListId="8c84fa94-04c1-424b-9868-57a2d4851a1d" />
    <TestEntry testId="8461010f-2825-6a1e-8d97-835ff1808798" executionId="577f9e51-794b-45fa-b740-015c27ce1f64" testListId="8c84fa94-04c1-424b-9868-57a2d4851a1d" />
    <TestEntry testId="43a65047-0b11-022f-efc6-fb55880c7f58" executionId="e846b04f-ceb3-4480-8f7b-aa81b7c362ac" testListId="8c84fa94-04c1-424b-9868-57a2d4851a1d" />
    <TestEntry testId="08371353-e428-5613-d5dd-abb688436c98" executionId="4c953988-09b7-410c-bab8-693f26f97eca" testListId="8c84fa94-04c1-424b-9868-57a2d4851a1d" />
    <TestEntry testId="03afe5d5-d408-7f8b-1788-67fce509417e" executionId="203bab6b-9fc6-4f9c-9732-fc604e614504" testListId="8c84fa94-04c1-424b-9868-57a2d4851a1d" />
    <TestEntry testId="1f41824e-8521-1f08-a8f4-890bb5bcb2f8" executionId="06888325-1706-4c34-9b34-1a1fb08f36d6" testListId="8c84fa94-04c1-424b-9868-57a2d4851a1d" />
    <TestEntry testId="143b1b50-b42d-b0d1-dd43-19c831c6c3c9" executionId="2be2e7ae-5821-4dcf-9033-80214df3355b" testListId="8c84fa94-04c1-424b-9868-57a2d4851a1d" />
    <TestEntry testId="0a102ec3-cf21-90d2-84fa-4beb89acacfc" executionId="1896b446-593e-4521-80c7-a6c7bd37f51d" testListId="8c84fa94-04c1-424b-9868-57a2d4851a1d" />
    <TestEntry testId="b65d8cdf-134f-707a-d165-0e67cb55fe00" executionId="9add2589-70b5-42ee-b871-729352b8750d" testListId="8c84fa94-04c1-424b-9868-57a2d4851a1d" />
    <TestEntry testId="8785c0dd-bde2-cd3a-be2a-5243a202bf7d" executionId="13c0430b-c3e5-47d9-b241-0236732ea4ab" testListId="8c84fa94-04c1-424b-9868-57a2d4851a1d" />
    <TestEntry testId="9ca28274-71d0-eb9f-d346-36a3cb735c81" executionId="62456e47-07d3-4775-b347-534b96fd48dc" testListId="8c84fa94-04c1-424b-9868-57a2d4851a1d" />
    <TestEntry testId="fafcdd62-be46-d6fc-4823-c2ca7fc324a2" executionId="cd8c68e4-fb06-44cc-a37d-a8a8277440b9" testListId="8c84fa94-04c1-424b-9868-57a2d4851a1d" />
    <TestEntry testId="c293bbd7-7101-c721-7e24-8abd710e7184" executionId="74ae3149-43ad-46be-962f-aa159532ae16" testListId="8c84fa94-04c1-424b-9868-57a2d4851a1d" />
    <TestEntry testId="77ed8a41-75cf-c37d-cca8-7e4c97825e19" executionId="5bb3b458-6bc6-4f22-b222-f07ebcfb427d" testListId="8c84fa94-04c1-424b-9868-57a2d4851a1d" />
    <TestEntry testId="8c9c4ecc-ce76-bccc-bd38-8cc4a0a296a2" executionId="f8d60763-789a-45b0-bee6-8c87ea5deb33" testListId="8c84fa94-04c1-424b-9868-57a2d4851a1d" />
    <TestEntry testId="de07010b-93ae-d80b-c94c-ab261f08da7c" executionId="19aeedcb-d229-4bd6-9bf7-4458a6fe2f40" testListId="8c84fa94-04c1-424b-9868-57a2d4851a1d" />
    <TestEntry testId="302be561-90f3-46d4-57b8-b01bf579c125" executionId="8c3cb22b-5d82-4ffc-998e-ad74ff79b960" testListId="8c84fa94-04c1-424b-9868-57a2d4851a1d" />
    <TestEntry testId="d8681a7d-a38c-29b3-8817-ab967c398236" executionId="f93f6a58-8b37-46ae-9c0d-6fc130b291dc" testListId="8c84fa94-04c1-424b-9868-57a2d4851a1d" />
    <TestEntry testId="777a399a-f58d-a55b-9177-b703814d1a17" executionId="029b0e7a-2852-495b-8ce4-abe4d681d217" testListId="8c84fa94-04c1-424b-9868-57a2d4851a1d" />
    <TestEntry testId="9ebd7953-fd2a-48d9-81e0-fbee314c95aa" executionId="823a788d-2cec-4346-a71f-ac610b52269e" testListId="8c84fa94-04c1-424b-9868-57a2d4851a1d" />
    <TestEntry testId="e3822ad4-e734-9d4f-3641-6da38c86016a" executionId="cb0cc09c-3d4f-4985-b879-27e3a2de804b" testListId="8c84fa94-04c1-424b-9868-57a2d4851a1d" />
    <TestEntry testId="fa877a50-2288-43af-cdd1-faa95e169304" executionId="3dc192a2-d614-4ac4-b4a4-c6396ad172af" testListId="8c84fa94-04c1-424b-9868-57a2d4851a1d" />
    <TestEntry testId="4f727cc3-681d-aa9e-cd82-3e02c668fd4e" executionId="c61d0e52-3446-41e5-8483-e540b8ea4c9a" testListId="8c84fa94-04c1-424b-9868-57a2d4851a1d" />
    <TestEntry testId="d6fe359e-673d-9c4c-0177-387039ca914f" executionId="e4f2d900-1765-4bd5-8abd-a661e7219ca1" testListId="8c84fa94-04c1-424b-9868-57a2d4851a1d" />
    <TestEntry testId="4cae5d0e-e8ad-196e-709c-c46acaf1b4fd" executionId="d0a520fc-e10d-4728-bd86-2d6f626035a8" testListId="8c84fa94-04c1-424b-9868-57a2d4851a1d" />
    <TestEntry testId="93883936-c3a9-b72e-0153-e5304f67ccd9" executionId="980381f8-3a8f-445d-8209-1bb92c2b1c2d" testListId="8c84fa94-04c1-424b-9868-57a2d4851a1d" />
    <TestEntry testId="493c17c7-569e-60ed-e645-0b7b2b0b0c7d" executionId="aa116ebc-bb63-46d0-be03-381ba6d76f86" testListId="8c84fa94-04c1-424b-9868-57a2d4851a1d" />
    <TestEntry testId="63283a15-f162-7a9d-8e14-3153800448ef" executionId="9273c48a-70c6-4bbd-a20d-76814e11f70e" testListId="8c84fa94-04c1-424b-9868-57a2d4851a1d" />
    <TestEntry testId="32f1f717-8bdd-58d4-3206-8d4259a15575" executionId="3a48671d-b529-4a9f-a078-11b4ea994147" testListId="8c84fa94-04c1-424b-9868-57a2d4851a1d" />
    <TestEntry testId="a679ec6a-9aa0-c081-6988-4d6e752f4db5" executionId="ad042407-b969-4e3c-b75b-8ae48d57dc43" testListId="8c84fa94-04c1-424b-9868-57a2d4851a1d" />
    <TestEntry testId="e1ed6992-8116-84d1-5d0b-2f866960f1c7" executionId="31c8dc94-27d8-45e4-8576-de7a50ce1793" testListId="8c84fa94-04c1-424b-9868-57a2d4851a1d" />
    <TestEntry testId="6d21f8d3-9715-4938-a772-b88ca342a077" executionId="eaf339fa-03cd-4a04-9b25-465ea5ea3fbc" testListId="8c84fa94-04c1-424b-9868-57a2d4851a1d" />
    <TestEntry testId="525a89b3-4a7e-8cf2-be00-76fbb06ffa92" executionId="c8275eba-feca-4bc1-9871-8ba5e71ac88e" testListId="8c84fa94-04c1-424b-9868-57a2d4851a1d" />
    <TestEntry testId="d0e6f8f3-23b5-c057-8353-0754030fd121" executionId="bea3207d-9caa-4457-8446-da2b6bad4cd4" testListId="8c84fa94-04c1-424b-9868-57a2d4851a1d" />
    <TestEntry testId="91cc8a7c-386f-cedc-85cc-30240b58aa05" executionId="5192fb02-bd33-4bdb-9b13-37ee5a58a7b0" testListId="8c84fa94-04c1-424b-9868-57a2d4851a1d" />
    <TestEntry testId="177b588f-b89f-8700-9b7f-31248f9a13f9" executionId="82c2812b-7dd3-4c89-94b9-98530c5b2f5b" testListId="8c84fa94-04c1-424b-9868-57a2d4851a1d" />
    <TestEntry testId="9f267978-d615-cacf-3967-c54b5d0f25dd" executionId="e78c6746-1082-4389-8837-8bc48a935459" testListId="8c84fa94-04c1-424b-9868-57a2d4851a1d" />
    <TestEntry testId="a2ed086b-c0a7-e980-185f-10a12dd9e5c3" executionId="810e8d85-4538-44d4-963f-4f2ad9b09b3a" testListId="8c84fa94-04c1-424b-9868-57a2d4851a1d" />
    <TestEntry testId="0213c9f0-dfde-14ab-a094-451719a7d457" executionId="7b337f9e-0c7d-4890-b2cc-24dee196662a" testListId="8c84fa94-04c1-424b-9868-57a2d4851a1d" />
    <TestEntry testId="a09158cc-127c-e70e-3de1-a516662b695b" executionId="329f8a85-8fe4-4964-866a-82925c32fa0f" testListId="8c84fa94-04c1-424b-9868-57a2d4851a1d" />
    <TestEntry testId="7b29bd09-d7ee-3d51-dcd5-91db1f0388b9" executionId="cb8ca4bf-b266-46b2-a4b1-bd512dc42a7e" testListId="8c84fa94-04c1-424b-9868-57a2d4851a1d" />
    <TestEntry testId="a7659bb3-3a43-2413-bf75-9110c8c7793b" executionId="2d4f14ca-e8b3-4d5c-9588-a4033e831911" testListId="8c84fa94-04c1-424b-9868-57a2d4851a1d" />
    <TestEntry testId="dbcbc4de-b799-036f-e6fd-abf2141bc357" executionId="0b8ee623-d22b-455d-b254-8d1a088f50b3" testListId="8c84fa94-04c1-424b-9868-57a2d4851a1d" />
    <TestEntry testId="89ccd302-31cc-ff89-787f-7c093a8440f2" executionId="0ceb0557-a598-449b-b7c4-1694e5ba7335" testListId="8c84fa94-04c1-424b-9868-57a2d4851a1d" />
    <TestEntry testId="eefd2add-74e8-d0be-8a3c-7a22d3c3bec7" executionId="4f69da30-7331-4472-b2ef-ad2222945b68" testListId="8c84fa94-04c1-424b-9868-57a2d4851a1d" />
    <TestEntry testId="d791ad28-b008-c924-cf24-f05b7d2f4ca6" executionId="5393059b-e340-48b8-96c7-17e917b87f1a" testListId="8c84fa94-04c1-424b-9868-57a2d4851a1d" />
    <TestEntry testId="eaafe7d4-cdd8-9c6e-4978-1493da16d7bb" executionId="d2b8fd32-86b3-4610-8de9-7cd130b86b8e" testListId="8c84fa94-04c1-424b-9868-57a2d4851a1d" />
    <TestEntry testId="b992f9a3-f6c2-403b-211f-b46dab1f34b4" executionId="b015a14b-3d7b-4030-bbcf-0221743099c1" testListId="8c84fa94-04c1-424b-9868-57a2d4851a1d" />
    <TestEntry testId="08c0e81b-3c19-7879-c4f7-c3e19192b579" executionId="7bbc5c98-b3a4-4925-ac4c-a3113bbf9edd" testListId="8c84fa94-04c1-424b-9868-57a2d4851a1d" />
    <TestEntry testId="55f857dd-947c-47c8-da8b-071e769d53c5" executionId="94007623-6d26-4f27-982e-664fcf118077" testListId="8c84fa94-04c1-424b-9868-57a2d4851a1d" />
    <TestEntry testId="deac4d1e-484b-2d18-4706-f55d0e6ef837" executionId="47f68793-f139-4d6a-ab5f-1b8c376f16a9" testListId="8c84fa94-04c1-424b-9868-57a2d4851a1d" />
    <TestEntry testId="a183bb68-3f8d-5be3-a243-234b2006e647" executionId="483ec4e5-6559-45d1-af73-56880ac0043c" testListId="8c84fa94-04c1-424b-9868-57a2d4851a1d" />
    <TestEntry testId="2bfeb394-316e-fa9d-d893-f78476513df8" executionId="656694d3-1bb3-4b64-a6c9-398011c930db" testListId="8c84fa94-04c1-424b-9868-57a2d4851a1d" />
    <TestEntry testId="2caa513e-77dc-f5f2-d6cc-3d44d1b83647" executionId="8c41ed83-b8c1-467c-8a89-131ba1de699d" testListId="8c84fa94-04c1-424b-9868-57a2d4851a1d" />
    <TestEntry testId="4b608766-1db8-375f-fee7-2dd7ef469a3d" executionId="38e1ce53-60f2-45b5-87b4-971bc312f4ca" testListId="8c84fa94-04c1-424b-9868-57a2d4851a1d" />
    <TestEntry testId="d1415c20-13c2-7a68-e7a4-fa739ed20b75" executionId="4c262288-8d27-412d-8d78-288fc5e7b912" testListId="8c84fa94-04c1-424b-9868-57a2d4851a1d" />
    <TestEntry testId="b701def1-a114-36d5-9c97-24f86989e4b1" executionId="1ff20f6e-834b-4b8b-bb6c-407c2392ef1c" testListId="8c84fa94-04c1-424b-9868-57a2d4851a1d" />
    <TestEntry testId="5161b754-98e9-11a5-1c95-c1de186bfa62" executionId="4c7ba907-e259-4ade-9eaf-4d2099fa39e4" testListId="8c84fa94-04c1-424b-9868-57a2d4851a1d" />
    <TestEntry testId="1d27d18b-c7f4-8d39-848b-cb650403364d" executionId="09e8a689-f0d3-4fdc-b756-b7fc66c478be" testListId="8c84fa94-04c1-424b-9868-57a2d4851a1d" />
    <TestEntry testId="f485d424-500d-ca50-524b-e9fe2977c952" executionId="a7ac1315-25c2-488f-b6ef-bc758ef903fa" testListId="8c84fa94-04c1-424b-9868-57a2d4851a1d" />
    <TestEntry testId="47792db1-bd8e-5dd8-8c0d-305bc6843ab4" executionId="b1666157-f905-477b-a0c9-c0dba46b92dd" testListId="8c84fa94-04c1-424b-9868-57a2d4851a1d" />
    <TestEntry testId="510b202c-d4b5-385f-c48f-c8b88656a1ef" executionId="c7e87332-b746-481c-ab52-09245092d850" testListId="8c84fa94-04c1-424b-9868-57a2d4851a1d" />
    <TestEntry testId="9e5b3da0-224a-dbbe-2907-88b276e37413" executionId="4ac55dca-4fb2-4af1-920e-5b0cfa925949" testListId="8c84fa94-04c1-424b-9868-57a2d4851a1d" />
    <TestEntry testId="04acc1be-b23f-6fbe-a1dd-f4e6e00f335f" executionId="078145ba-913d-45bc-b4ae-c04e36faba81" testListId="8c84fa94-04c1-424b-9868-57a2d4851a1d" />
    <TestEntry testId="369c5725-683e-87d6-887f-4bee8ee1a8dc" executionId="f05eb85e-ad2e-471a-b5d6-65bc41e7fbed" testListId="8c84fa94-04c1-424b-9868-57a2d4851a1d" />
    <TestEntry testId="3995f132-10ab-5407-b07d-2f39ed94e539" executionId="454dde3b-646b-4e67-8725-5c26f1c9d100" testListId="8c84fa94-04c1-424b-9868-57a2d4851a1d" />
    <TestEntry testId="de143572-efa1-26fa-328d-f8333abdcde7" executionId="1d587770-d574-4e74-86c6-3542d6c32114" testListId="8c84fa94-04c1-424b-9868-57a2d4851a1d" />
    <TestEntry testId="a112a836-193c-ff31-3127-6c6f0148b5c6" executionId="2617c8a6-5e73-49b9-a3a0-767e7c58373a" testListId="8c84fa94-04c1-424b-9868-57a2d4851a1d" />
    <TestEntry testId="a86cba60-15cf-1018-9b60-05d0ea3511d4" executionId="0eeded98-e90e-4881-bfd5-fe9010a32f05" testListId="8c84fa94-04c1-424b-9868-57a2d4851a1d" />
    <TestEntry testId="9d726146-c5ab-6f13-d1f0-9cd8ea7b8494" executionId="40493843-32e6-4a67-96a2-570821d67eb8" testListId="8c84fa94-04c1-424b-9868-57a2d4851a1d" />
    <TestEntry testId="082a71ed-ee38-af09-9287-cbd291f43c68" executionId="1f36b75a-cf86-46c6-b981-ccbefbc43e4a" testListId="8c84fa94-04c1-424b-9868-57a2d4851a1d" />
    <TestEntry testId="f0f91be8-f23f-c6ac-e3f6-a88933387c0d" executionId="ed5ba5c8-8a71-46c5-a3ea-21d4521eb96f" testListId="8c84fa94-04c1-424b-9868-57a2d4851a1d" />
    <TestEntry testId="cce249d3-c804-fb36-8bb1-476ea1d34cd0" executionId="fa030294-97ce-4bb0-b458-23c886b40cb9" testListId="8c84fa94-04c1-424b-9868-57a2d4851a1d" />
    <TestEntry testId="461d8a4e-98db-9153-2f04-3909abaf0816" executionId="3d1f0085-3999-4041-9d45-f31af1e3d36b" testListId="8c84fa94-04c1-424b-9868-57a2d4851a1d" />
    <TestEntry testId="5a73e07b-9f87-9158-d498-df05fad052a9" executionId="77ef7c00-8f08-4d60-ad15-d5d72fde7040" testListId="8c84fa94-04c1-424b-9868-57a2d4851a1d" />
    <TestEntry testId="1560ec00-ce99-6a3d-f1eb-d6721e0ee9d1" executionId="69b7ce95-095c-4ff8-85ef-66410d5001b2" testListId="8c84fa94-04c1-424b-9868-57a2d4851a1d" />
    <TestEntry testId="f8ede7d2-2df4-e4be-0630-6462052dd2b2" executionId="6137087f-12cc-44ca-8924-e951b715f079" testListId="8c84fa94-04c1-424b-9868-57a2d4851a1d" />
    <TestEntry testId="ac5fa8be-a353-7ae7-b0aa-590c2face86f" executionId="29a4f7cc-98f5-438a-a3a2-b449ea39d0f3" testListId="8c84fa94-04c1-424b-9868-57a2d4851a1d" />
    <TestEntry testId="ebad15ca-5fbe-8345-d700-b4cb422bed84" executionId="2af13075-f4da-4a99-9172-f7aa06cf5fd6" testListId="8c84fa94-04c1-424b-9868-57a2d4851a1d" />
    <TestEntry testId="ecacb3bc-8f34-1340-9c56-7ed38777a49c" executionId="6b981797-75b8-430b-9dfa-8636a83b7c06" testListId="8c84fa94-04c1-424b-9868-57a2d4851a1d" />
    <TestEntry testId="8ecd4e43-5e02-e99e-e7fe-53405af5dbd6" executionId="384b71ee-0e1b-48d9-af9c-89d4253f301a" testListId="8c84fa94-04c1-424b-9868-57a2d4851a1d" />
    <TestEntry testId="bc4822c1-8161-b6f1-d0c9-b99fb6d14b00" executionId="6e938e80-0abf-46af-9df2-ee313c169b87" testListId="8c84fa94-04c1-424b-9868-57a2d4851a1d" />
    <TestEntry testId="ea07caec-92ed-fcea-d7a1-bef6931c942b" executionId="84ba9acc-a278-4103-ad66-dd36f9bca21a" testListId="8c84fa94-04c1-424b-9868-57a2d4851a1d" />
    <TestEntry testId="7ba8a295-472f-0b2a-2695-b5e103c01832" executionId="084aaba2-f369-490d-bb7e-d7ea49109c8c" testListId="8c84fa94-04c1-424b-9868-57a2d4851a1d" />
    <TestEntry testId="16054e70-6c94-ffe3-5e69-7026892aa440" executionId="21171aa4-22a7-4305-98dc-3c347678284c" testListId="8c84fa94-04c1-424b-9868-57a2d4851a1d" />
    <TestEntry testId="7c6e9bba-7751-93e5-4e4d-8bf0a0946e79" executionId="956c4629-1c8d-4bc8-aee3-caa9718fb51e" testListId="8c84fa94-04c1-424b-9868-57a2d4851a1d" />
    <TestEntry testId="d7f64176-5e71-ffd5-fd79-a89ae97cd034" executionId="e3178cb9-d9cd-4247-9ed3-1db5a823ea76" testListId="8c84fa94-04c1-424b-9868-57a2d4851a1d" />
    <TestEntry testId="67a4beeb-63e1-712c-e32e-360df0ebb2fc" executionId="ab8513bd-8262-440e-bd4f-489d908efd04" testListId="8c84fa94-04c1-424b-9868-57a2d4851a1d" />
    <TestEntry testId="8847d348-1828-e924-3c31-fd9bdc5bdb60" executionId="1bf651ce-e7ba-4a2e-bdb2-6c0b04fb697a" testListId="8c84fa94-04c1-424b-9868-57a2d4851a1d" />
    <TestEntry testId="7254f710-f146-0b75-ac72-584527afbc0b" executionId="1a8a6a92-710e-46dc-8549-9243420214f5" testListId="8c84fa94-04c1-424b-9868-57a2d4851a1d" />
    <TestEntry testId="ca37eea0-691e-b882-43c0-2120f81efb39" executionId="d53a1efd-2c74-41ee-9105-de971ca5a360" testListId="8c84fa94-04c1-424b-9868-57a2d4851a1d" />
    <TestEntry testId="0bf872b6-7951-9e65-f054-97a568e0081e" executionId="a046dd7c-e92b-4650-ab8c-d20a3a2cbb35" testListId="8c84fa94-04c1-424b-9868-57a2d4851a1d" />
    <TestEntry testId="9da1cc73-b6d3-9bba-2278-191749ac97ce" executionId="d8d4138c-25dc-4511-89e7-faefa10bde5a" testListId="8c84fa94-04c1-424b-9868-57a2d4851a1d" />
    <TestEntry testId="8992e280-15d0-c4dd-e560-8e15d0640e6d" executionId="c66f66e4-cf41-4972-988a-92cd21a122b7" testListId="8c84fa94-04c1-424b-9868-57a2d4851a1d" />
    <TestEntry testId="5c75b775-4036-3f88-2486-9d762fca29b6" executionId="0c1a0b7c-67c9-4231-9ee2-6be70b58091e" testListId="8c84fa94-04c1-424b-9868-57a2d4851a1d" />
    <TestEntry testId="35f58135-9fb3-d94a-fcb0-eccf97473194" executionId="0e169334-a977-4a42-8a82-e95d322e1463" testListId="8c84fa94-04c1-424b-9868-57a2d4851a1d" />
    <TestEntry testId="8196cfd8-2169-7d52-ca92-420bc4d2067d" executionId="854d1f1d-9d6b-4faa-a736-105d2f62583c" testListId="8c84fa94-04c1-424b-9868-57a2d4851a1d" />
    <TestEntry testId="72919acd-da3c-c9b6-acdd-21b2344d637c" executionId="0cb5d496-c226-4f28-997d-b7f1a1644e67" testListId="8c84fa94-04c1-424b-9868-57a2d4851a1d" />
    <TestEntry testId="047037cf-6a7d-2a6d-0ba4-a753bf61cb4b" executionId="5c0697fe-7229-4802-b14a-b665c0281ab6" testListId="8c84fa94-04c1-424b-9868-57a2d4851a1d" />
    <TestEntry testId="b224169c-63e5-3a37-b7dd-e3a452fa3e33" executionId="56372ede-342d-4523-b5ca-fb25f9a0f669" testListId="8c84fa94-04c1-424b-9868-57a2d4851a1d" />
    <TestEntry testId="41f27aee-32ad-b8c8-6e58-67364ae8ea86" executionId="f0324700-efdb-4c3b-a6d7-fa05118cc4c9" testListId="8c84fa94-04c1-424b-9868-57a2d4851a1d" />
    <TestEntry testId="c41f882b-2c9a-1d84-49f7-e5c611c527b8" executionId="47d65d35-a5b1-48cf-89bc-ebd228bf605a" testListId="8c84fa94-04c1-424b-9868-57a2d4851a1d" />
    <TestEntry testId="ea905434-2178-5e1a-37da-804a7bc8f67e" executionId="572d5169-7012-42be-a0c0-76a55727155b" testListId="8c84fa94-04c1-424b-9868-57a2d4851a1d" />
    <TestEntry testId="f1e06369-5f9b-d65e-5362-bcc9a10d65b5" executionId="07519248-1386-43e9-8769-d50e6419beb5" testListId="8c84fa94-04c1-424b-9868-57a2d4851a1d" />
    <TestEntry testId="9337cefb-5fb0-f38c-7762-e6dff4861cf5" executionId="ac550481-c68a-4e8f-a72d-620dd0275fe7" testListId="8c84fa94-04c1-424b-9868-57a2d4851a1d" />
    <TestEntry testId="cc9eec1a-7c75-3a99-246f-873c6a852ff2" executionId="b5948b94-c3c8-46e2-b6ea-0db63f957017" testListId="8c84fa94-04c1-424b-9868-57a2d4851a1d" />
    <TestEntry testId="d460a033-f477-00c5-4d27-7469c6ab6675" executionId="b63eaf9a-0ccb-41f8-b537-030271bd02ad" testListId="8c84fa94-04c1-424b-9868-57a2d4851a1d" />
    <TestEntry testId="aa1daf29-c6b5-bff0-38da-6ec090a413fd" executionId="4b1d21b1-318d-48e8-b38a-0d97786bd036" testListId="8c84fa94-04c1-424b-9868-57a2d4851a1d" />
    <TestEntry testId="2b07d06c-6186-fa98-025c-c88fd4ad5e50" executionId="552c91f7-01e3-41a2-a99e-0b8266ce613f" testListId="8c84fa94-04c1-424b-9868-57a2d4851a1d" />
    <TestEntry testId="5fd70748-7feb-2d5c-3455-c4bc7bc63d37" executionId="12dcefcd-460f-4e34-b080-4cb0800cd2d6" testListId="8c84fa94-04c1-424b-9868-57a2d4851a1d" />
    <TestEntry testId="df63d56c-6300-e78f-e34c-a762528020a1" executionId="20eb5a4c-852a-499e-b3d0-946b6daf3803" testListId="8c84fa94-04c1-424b-9868-57a2d4851a1d" />
    <TestEntry testId="538afedd-ead4-4fc4-901e-e998773e04c2" executionId="f0ef9b71-6685-4302-869e-4c748ec4a019" testListId="8c84fa94-04c1-424b-9868-57a2d4851a1d" />
    <TestEntry testId="82146f83-c28c-8d73-9fd5-b52f083341a6" executionId="2f313a60-e9f0-460b-bf5b-d046cc5defff" testListId="8c84fa94-04c1-424b-9868-57a2d4851a1d" />
    <TestEntry testId="60e2fe88-12e1-5a98-d851-c1cdf388a7df" executionId="3e93c84d-251d-47ed-aa30-e47cd9a8ef1b" testListId="8c84fa94-04c1-424b-9868-57a2d4851a1d" />
    <TestEntry testId="cdb173b9-a119-49da-cf7a-c4ab3f2eb3fb" executionId="c3d5034a-6b52-4f79-b705-0e13801e804e" testListId="8c84fa94-04c1-424b-9868-57a2d4851a1d" />
    <TestEntry testId="fc9c1466-2889-1d27-193b-d4e4c3691ef2" executionId="d4199cd7-3eab-47a9-971a-ed8e6d9c21fd" testListId="8c84fa94-04c1-424b-9868-57a2d4851a1d" />
    <TestEntry testId="6ef6595b-cac9-858a-7c08-462a09f5c73e" executionId="9d1f4920-8991-4a0d-bc2b-43880a6c232f" testListId="8c84fa94-04c1-424b-9868-57a2d4851a1d" />
    <TestEntry testId="2751aa01-1357-8d9c-7874-6e828d4b271d" executionId="dd4e0a02-f678-44b9-a650-82183bdd9d7d" testListId="8c84fa94-04c1-424b-9868-57a2d4851a1d" />
    <TestEntry testId="c2a9550e-df28-e65d-2632-448f062ba360" executionId="2c8b41d1-703d-43b0-990e-50b7f88bf901" testListId="8c84fa94-04c1-424b-9868-57a2d4851a1d" />
    <TestEntry testId="28e9602e-8df3-e461-011d-40c8fe2799a3" executionId="acfffdd9-8ff7-4a51-ba50-efe978af4d73" testListId="8c84fa94-04c1-424b-9868-57a2d4851a1d" />
    <TestEntry testId="8312978c-7982-3722-26fd-7b0de6f2935e" executionId="267b48ec-1d01-4495-9b4f-74719f9f2a46" testListId="8c84fa94-04c1-424b-9868-57a2d4851a1d" />
    <TestEntry testId="f0d1f339-111e-1dc1-f739-a6cdc562f5e4" executionId="91bcb584-e057-4666-8bb6-6762797404ff" testListId="8c84fa94-04c1-424b-9868-57a2d4851a1d" />
    <TestEntry testId="45f159f8-ba60-f02b-74d7-bbd93a581078" executionId="8c93443e-4bcc-40b4-9e13-c3a7d5d4510a" testListId="8c84fa94-04c1-424b-9868-57a2d4851a1d" />
    <TestEntry testId="b5c0fe72-b2b9-b8b3-e424-24e32eafc1b2" executionId="aa811ea3-45e0-4914-a033-2cf27a65b84b" testListId="8c84fa94-04c1-424b-9868-57a2d4851a1d" />
    <TestEntry testId="6864a3d6-89fb-a01d-7eac-bbde63d53b56" executionId="52ca2f45-48eb-47d7-8ff2-818de611e517" testListId="8c84fa94-04c1-424b-9868-57a2d4851a1d" />
    <TestEntry testId="0aa067bf-8b37-c493-ee86-fe5c82e12a1f" executionId="f10cdd0b-9f8e-4ae8-af55-7b688fe8d9b5" testListId="8c84fa94-04c1-424b-9868-57a2d4851a1d" />
    <TestEntry testId="3b2d4e00-8238-5f80-defc-33ddbd58b055" executionId="26f2ea6f-8740-4d4e-b470-c33659a4c61f" testListId="8c84fa94-04c1-424b-9868-57a2d4851a1d" />
    <TestEntry testId="62876a38-0913-9d17-1217-cfdc6c51b1a5" executionId="e54e2085-8add-429d-af40-ceb03239f9b1" testListId="8c84fa94-04c1-424b-9868-57a2d4851a1d" />
    <TestEntry testId="3430b513-15f4-7291-6273-6fff709e7bf2" executionId="6d57a0c5-db4d-4faf-9b3c-9c1b823785af" testListId="8c84fa94-04c1-424b-9868-57a2d4851a1d" />
    <TestEntry testId="456f028c-0c1c-d8d3-88d1-80530d5d3ad6" executionId="2041dfdd-37b4-431b-af34-7cd6946cae1c" testListId="8c84fa94-04c1-424b-9868-57a2d4851a1d" />
    <TestEntry testId="3009a18a-c60c-1039-7eb6-8bc272a06b21" executionId="739c6440-c08e-4ba3-a6e7-46739b9d75ad" testListId="8c84fa94-04c1-424b-9868-57a2d4851a1d" />
    <TestEntry testId="97c32f3e-a656-ca01-fafc-af1d6148f848" executionId="fc86b271-d2fc-4a50-97f1-1cb900367962" testListId="8c84fa94-04c1-424b-9868-57a2d4851a1d" />
    <TestEntry testId="27abbc19-189a-6be5-8035-383f1897afc5" executionId="bc750da5-cf39-486e-a7ed-f577b65b39a6" testListId="8c84fa94-04c1-424b-9868-57a2d4851a1d" />
    <TestEntry testId="da655596-c5ac-7bfd-68c7-4b35b6d25fef" executionId="06edfd3d-9351-47fb-a433-1dc246b147a3" testListId="8c84fa94-04c1-424b-9868-57a2d4851a1d" />
    <TestEntry testId="92140c3a-2b98-77d1-135e-08893461d782" executionId="3f32e9b4-2b64-42a4-946e-949791426fb6" testListId="8c84fa94-04c1-424b-9868-57a2d4851a1d" />
    <TestEntry testId="2c777e65-c16b-9efc-54fd-7f1e0efc3a45" executionId="fa222eb8-efbb-41be-a99c-16996c404aec" testListId="8c84fa94-04c1-424b-9868-57a2d4851a1d" />
    <TestEntry testId="7b1d6de6-6ecb-eafa-b80a-fbf25f2ab255" executionId="d220eaa1-9572-4a49-9e21-7d7daf812f2c" testListId="8c84fa94-04c1-424b-9868-57a2d4851a1d" />
    <TestEntry testId="c5fde33b-6796-8201-7791-8faeb278dcf6" executionId="6cae1056-fe99-4254-96a5-7262d2f6b980" testListId="8c84fa94-04c1-424b-9868-57a2d4851a1d" />
    <TestEntry testId="25511989-e150-edbe-ce78-8a33e8764fd1" executionId="4204d2bb-b2bc-4dd4-a394-f1c7097ba443" testListId="8c84fa94-04c1-424b-9868-57a2d4851a1d" />
    <TestEntry testId="7c942d80-10f9-df61-c449-6547c6df5bfc" executionId="44f47a92-e8be-4184-839c-0a75b856870f" testListId="8c84fa94-04c1-424b-9868-57a2d4851a1d" />
    <TestEntry testId="79495309-77d2-b6de-0cd9-bd186127530a" executionId="031268b9-9703-44a6-a0a8-725408cb95ff" testListId="8c84fa94-04c1-424b-9868-57a2d4851a1d" />
    <TestEntry testId="1e44c3d0-dbd3-a92e-eaa1-684f1c2a5ec4" executionId="4f6563ae-d2fa-423e-8ed6-379f02756ee4" testListId="8c84fa94-04c1-424b-9868-57a2d4851a1d" />
    <TestEntry testId="721da21e-1cfa-0652-cb34-b72ecb7c7be7" executionId="2ae92d27-f27e-427c-9327-fb935f753672" testListId="8c84fa94-04c1-424b-9868-57a2d4851a1d" />
    <TestEntry testId="4859310e-a4c6-45be-85ad-243d7dedaf34" executionId="87217279-3d4c-4250-8004-a6425093c591" testListId="8c84fa94-04c1-424b-9868-57a2d4851a1d" />
    <TestEntry testId="a5250bce-785b-e14b-e7a9-96c4ab66eb76" executionId="4a8c9040-8527-4ef6-ab49-d57f37b9d887" testListId="8c84fa94-04c1-424b-9868-57a2d4851a1d" />
    <TestEntry testId="8782665a-bb31-1751-49ec-02f12fae4b60" executionId="233f807e-f0ef-49e2-92a7-dd3cb5d33712" testListId="8c84fa94-04c1-424b-9868-57a2d4851a1d" />
    <TestEntry testId="07710adf-42a6-3cd2-cfe0-30fd60d48d12" executionId="fb07e16b-1a1a-4906-86b8-c4b946e5db0f" testListId="8c84fa94-04c1-424b-9868-57a2d4851a1d" />
    <TestEntry testId="f1fa14d9-986d-dbca-9065-40e27b8d0301" executionId="32b39b54-da0c-4a4c-a7f2-0ae90d82d36f" testListId="8c84fa94-04c1-424b-9868-57a2d4851a1d" />
    <TestEntry testId="ae6f189c-1ff5-d0a9-15e5-12ae8a7237e1" executionId="5a1af04d-cd13-42e7-b40a-c3919f3537c6" testListId="8c84fa94-04c1-424b-9868-57a2d4851a1d" />
    <TestEntry testId="9c788f80-1fbe-669d-539f-b18f0f7416e9" executionId="2a928c37-13ad-4154-83b1-558cb76dad57" testListId="8c84fa94-04c1-424b-9868-57a2d4851a1d" />
    <TestEntry testId="1b6dab39-4da4-d4b6-7055-174d077cd492" executionId="31d7bc70-b000-404f-8e47-6f098ffc09d1" testListId="8c84fa94-04c1-424b-9868-57a2d4851a1d" />
    <TestEntry testId="1ac2609c-609b-8387-d002-be26bf32ec27" executionId="c4456700-7471-4b43-9184-89869fde8d4f" testListId="8c84fa94-04c1-424b-9868-57a2d4851a1d" />
    <TestEntry testId="785e71bb-41fc-3be0-cc73-dcdee581b85b" executionId="ef79ee72-298c-4586-b260-05560abb57e6" testListId="8c84fa94-04c1-424b-9868-57a2d4851a1d" />
    <TestEntry testId="0717b4b5-a43c-582d-6072-e5ff5e53aa51" executionId="0bf9c635-2ce1-4d1e-afed-541dd6354a5c" testListId="8c84fa94-04c1-424b-9868-57a2d4851a1d" />
    <TestEntry testId="7c2a88b9-0512-d515-7c2a-fb397dd6fb50" executionId="5f940231-477f-4b71-be74-370941456b6d" testListId="8c84fa94-04c1-424b-9868-57a2d4851a1d" />
    <TestEntry testId="7b3e5880-514c-cf30-61c5-c0cd5db11e6e" executionId="ad1a38fc-756a-4b8f-9308-f16f61f96527" testListId="8c84fa94-04c1-424b-9868-57a2d4851a1d" />
    <TestEntry testId="6bb4f18d-1e28-8003-f570-fa513edc0b95" executionId="09f72bee-47dd-4d8f-b2f7-f146e64dba9e" testListId="8c84fa94-04c1-424b-9868-57a2d4851a1d" />
    <TestEntry testId="8c30ab53-5f6d-c776-6c21-ea17d5f2a40c" executionId="aa7aa2c3-fcb7-40e5-9d4f-eb8f173ec006" testListId="8c84fa94-04c1-424b-9868-57a2d4851a1d" />
    <TestEntry testId="70715723-7619-0e18-a8ef-3ea6745bd74e" executionId="6cd73359-cb27-4966-a4ec-73d456bc3e96" testListId="8c84fa94-04c1-424b-9868-57a2d4851a1d" />
    <TestEntry testId="c14e51bd-3f7d-40d9-fee9-362fb422f40d" executionId="bdf018df-b4f3-42ae-a52f-2a83d0aa7284" testListId="8c84fa94-04c1-424b-9868-57a2d4851a1d" />
    <TestEntry testId="d0a5db3f-bec1-3d9b-04c3-a6b4a0926780" executionId="9cf8cec9-fdff-4aae-9545-679135244d87" testListId="8c84fa94-04c1-424b-9868-57a2d4851a1d" />
    <TestEntry testId="af0985ec-d131-a68a-f390-a66d92806fa2" executionId="ea1ec34b-ee4f-4f29-ade8-df4e1c2bbf5b" testListId="8c84fa94-04c1-424b-9868-57a2d4851a1d" />
    <TestEntry testId="04fe193e-7e22-9a70-06a3-e74bceae80ba" executionId="f10677bf-8ab3-4ede-a479-fd172a8b3a9b" testListId="8c84fa94-04c1-424b-9868-57a2d4851a1d" />
    <TestEntry testId="2c1bc31c-d688-4a35-037f-bb430b7e7971" executionId="ef14ce90-35ec-444f-b1eb-911127bb471c" testListId="8c84fa94-04c1-424b-9868-57a2d4851a1d" />
    <TestEntry testId="ad1e191e-825d-ef3c-99b8-c041d91b63c9" executionId="513e1a4a-8ad1-4fe3-adaf-295d7b4e0a67" testListId="8c84fa94-04c1-424b-9868-57a2d4851a1d" />
    <TestEntry testId="3c694a15-a716-b4a5-dd65-f4323331743e" executionId="e44945e8-a841-4436-8fad-2735f469f0cf" testListId="8c84fa94-04c1-424b-9868-57a2d4851a1d" />
    <TestEntry testId="1497052d-c3c0-0828-43b4-5263aaa5f94f" executionId="1dbc80a9-5885-4b37-9662-60f0013becc6" testListId="8c84fa94-04c1-424b-9868-57a2d4851a1d" />
    <TestEntry testId="666e1350-3aba-1f18-d969-f357758f661b" executionId="79e76656-a7b9-4f04-a7c4-e5dd25d4cd4e" testListId="8c84fa94-04c1-424b-9868-57a2d4851a1d" />
    <TestEntry testId="289fd3a0-ab25-71c9-e1b4-802c4f94aa3a" executionId="33f1be48-2b85-4c03-baf4-6e65ad0e2775" testListId="8c84fa94-04c1-424b-9868-57a2d4851a1d" />
    <TestEntry testId="ea573a37-6c08-e408-5ef0-3bd45af62b36" executionId="2a9fa375-78b7-44a2-b146-3299f29378a8" testListId="8c84fa94-04c1-424b-9868-57a2d4851a1d" />
    <TestEntry testId="cde28bd9-6a69-9a0b-4c2c-356e5e3cc9b8" executionId="4e64ec66-d7bb-432c-a6a1-8cfd44e195be" testListId="8c84fa94-04c1-424b-9868-57a2d4851a1d" />
    <TestEntry testId="e9a43c5d-ef87-bdc2-1bdd-c303aa5708c0" executionId="4c4b91ae-03dd-4ab8-a5ac-bf4f2f83b017" testListId="8c84fa94-04c1-424b-9868-57a2d4851a1d" />
    <TestEntry testId="f826abce-a868-5e39-b035-19a5b1fbade0" executionId="5eabb706-b18d-4ae5-ba6d-f2ad46e5c834" testListId="8c84fa94-04c1-424b-9868-57a2d4851a1d" />
    <TestEntry testId="6718fd09-88dc-e369-86cd-2398d51489fd" executionId="ac593865-52ec-409a-8553-4df079fe177c" testListId="8c84fa94-04c1-424b-9868-57a2d4851a1d" />
    <TestEntry testId="5e9241f4-91dc-2132-e671-acf09f0fe963" executionId="f593ee02-6904-4c38-b0da-07c19ca5962d" testListId="8c84fa94-04c1-424b-9868-57a2d4851a1d" />
    <TestEntry testId="26ad7349-3dd7-0896-82e3-6ae08c0aeaad" executionId="2370b664-0dfd-4a6b-8e18-5462f0fc4682" testListId="8c84fa94-04c1-424b-9868-57a2d4851a1d" />
    <TestEntry testId="1751e2ba-b080-70c1-8036-e742cd544b58" executionId="4423b1e1-baf4-4e11-9882-cb9355e046e3" testListId="8c84fa94-04c1-424b-9868-57a2d4851a1d" />
    <TestEntry testId="33f07877-e5f7-3d57-77b5-ca7673720a53" executionId="f4025b50-7c63-47e0-ba80-b7e7efaadd9e" testListId="8c84fa94-04c1-424b-9868-57a2d4851a1d" />
    <TestEntry testId="aaf865ec-61a0-0e70-82b6-2b739ef6e3fc" executionId="06237b83-076a-427e-865a-33a2b7d7ca2c" testListId="8c84fa94-04c1-424b-9868-57a2d4851a1d" />
    <TestEntry testId="1a2fb27f-167a-4aa7-2bff-a1e6bb4a12f4" executionId="feb5b41c-e44b-4ef9-ad29-d6cd43dc2b3b" testListId="8c84fa94-04c1-424b-9868-57a2d4851a1d" />
    <TestEntry testId="a3f00a76-33ed-6d14-d841-1f2880fb2455" executionId="12971ee4-6889-45b3-aae8-f4fb35ba08bb" testListId="8c84fa94-04c1-424b-9868-57a2d4851a1d" />
    <TestEntry testId="3ca2a3c0-e22e-dbaa-fa48-e66138ef6319" executionId="43aac056-664d-4be7-a386-af7194a94829" testListId="8c84fa94-04c1-424b-9868-57a2d4851a1d" />
    <TestEntry testId="342833dc-56d6-c054-85c1-0939f59c472b" executionId="dc3bf4e5-3b1d-4f00-a16d-f95e4e410fac" testListId="8c84fa94-04c1-424b-9868-57a2d4851a1d" />
    <TestEntry testId="a7c94da1-d253-eb65-bb51-4059aa1b30a5" executionId="9b1fade2-0c4d-4f64-a221-02daaabce64e" testListId="8c84fa94-04c1-424b-9868-57a2d4851a1d" />
    <TestEntry testId="3a928a09-2493-1f02-a7bb-bec160a4f033" executionId="9a8158df-118a-4783-811d-7e8160d7d206" testListId="8c84fa94-04c1-424b-9868-57a2d4851a1d" />
    <TestEntry testId="377db32e-f9b0-2ba5-2e65-71a4aa8940ce" executionId="f4a1315b-3f1a-4cef-b20e-898e90f0eaf4" testListId="8c84fa94-04c1-424b-9868-57a2d4851a1d" />
    <TestEntry testId="dca775bb-0b9e-92fc-01cb-a87cb4093cf8" executionId="fe5c14b9-84ab-488e-89c1-30dca7bd7482" testListId="8c84fa94-04c1-424b-9868-57a2d4851a1d" />
    <TestEntry testId="0c0f8d52-2ffc-348c-0db4-c8770d637394" executionId="f8330437-d0b2-4908-9eb4-cecb9bb24f06" testListId="8c84fa94-04c1-424b-9868-57a2d4851a1d" />
    <TestEntry testId="b9e984fe-28a3-b150-0152-cb8ffb3a0108" executionId="2d4dd94b-d92c-4547-9394-c8ac82c59cd7" testListId="8c84fa94-04c1-424b-9868-57a2d4851a1d" />
    <TestEntry testId="aab6c5df-d8ae-2072-0bb1-bf4cefc9d002" executionId="eaf21c15-5ee1-4379-b72f-54d812a9d756" testListId="8c84fa94-04c1-424b-9868-57a2d4851a1d" />
    <TestEntry testId="25c3c003-5e4c-b707-206c-1fb8cb571fe6" executionId="affd519a-7b40-4d5c-b08f-6a645c5af157" testListId="8c84fa94-04c1-424b-9868-57a2d4851a1d" />
    <TestEntry testId="49b6ac45-0362-8a21-739d-a290f02599e5" executionId="ada0b246-1766-4a8f-a3ed-74d8b91be976" testListId="8c84fa94-04c1-424b-9868-57a2d4851a1d" />
    <TestEntry testId="9b471562-1853-2ceb-39fe-82cc78edd523" executionId="8ba3dc7f-02e8-4719-80ca-e1d78a555975" testListId="8c84fa94-04c1-424b-9868-57a2d4851a1d" />
    <TestEntry testId="5db730ed-4559-62f0-b02e-38ca1b2c6f58" executionId="17ce30b4-1574-40af-a7d7-fd6b016659fd" testListId="8c84fa94-04c1-424b-9868-57a2d4851a1d" />
    <TestEntry testId="92a634cc-f550-fc5d-5bee-b18b185cafb7" executionId="dcd6e679-1d5b-4126-b50f-e507211f8102" testListId="8c84fa94-04c1-424b-9868-57a2d4851a1d" />
    <TestEntry testId="7306b178-4cce-d4f0-0da8-c6f64fa15c4d" executionId="8b40d9ee-25bd-41b2-8611-69208d780589" testListId="8c84fa94-04c1-424b-9868-57a2d4851a1d" />
    <TestEntry testId="c01527e9-07c2-6470-e9f4-714729c97c0f" executionId="45180691-f1f2-4309-81cd-b2f221a5211a" testListId="8c84fa94-04c1-424b-9868-57a2d4851a1d" />
    <TestEntry testId="236e9d00-6a38-7501-b792-994e457933a3" executionId="632e5176-ff5c-4367-a0c9-d681ce117f29" testListId="8c84fa94-04c1-424b-9868-57a2d4851a1d" />
    <TestEntry testId="85623fdf-8fa6-0f1d-dc7f-0b64c0901184" executionId="24fc7c37-4dfb-4bf9-8bb0-5ec9c8abd283" testListId="8c84fa94-04c1-424b-9868-57a2d4851a1d" />
    <TestEntry testId="0f3752f3-9f6e-89a6-210d-89ae4c56430a" executionId="eaa8694b-d035-4cdd-9858-3a294363d124" testListId="8c84fa94-04c1-424b-9868-57a2d4851a1d" />
    <TestEntry testId="07073162-363d-152a-3f22-5789c4e5a212" executionId="9115459e-5d85-4dfe-a16c-680a81d006eb" testListId="8c84fa94-04c1-424b-9868-57a2d4851a1d" />
    <TestEntry testId="351bdd65-6dfb-9fc4-d0cc-529b31ffb3da" executionId="7bce2637-42d5-43e2-bad4-0807c29fcee0" testListId="8c84fa94-04c1-424b-9868-57a2d4851a1d" />
    <TestEntry testId="a2e45a71-7e1b-0736-76da-28c93014ba23" executionId="b123790b-7917-41de-92df-f869cd6ccdda" testListId="8c84fa94-04c1-424b-9868-57a2d4851a1d" />
    <TestEntry testId="85f6ecef-54fd-d666-deff-b62d19cc8096" executionId="14dc721e-5cc7-4911-a099-327e264c9407" testListId="8c84fa94-04c1-424b-9868-57a2d4851a1d" />
    <TestEntry testId="4ff52ba1-71f7-4a5e-6806-e34ff836f017" executionId="fcd563eb-abed-41f9-8990-44fbcee18a5a" testListId="8c84fa94-04c1-424b-9868-57a2d4851a1d" />
    <TestEntry testId="cf54665b-9ba8-f7d3-4345-1f8c84aeec98" executionId="1c71720b-f2cd-4dfd-a44a-8de2b3ebe2d6" testListId="8c84fa94-04c1-424b-9868-57a2d4851a1d" />
    <TestEntry testId="01461571-862b-499b-2988-72dd01fc1d0c" executionId="595fc5f6-4ce0-494d-b01e-948dc70a53c2" testListId="8c84fa94-04c1-424b-9868-57a2d4851a1d" />
    <TestEntry testId="b7b7c6e9-a03b-3a62-c004-27fc97a29c4c" executionId="f9f921d5-bf8c-464c-a0f7-456cc77b218c" testListId="8c84fa94-04c1-424b-9868-57a2d4851a1d" />
    <TestEntry testId="4bbb931b-5c4e-bf93-45ec-8112905fe2f7" executionId="d38e1fa6-e362-4cb6-ad38-70fa8cb628dc" testListId="8c84fa94-04c1-424b-9868-57a2d4851a1d" />
    <TestEntry testId="1f762df8-7047-6a3d-5aa0-6a9642a17162" executionId="8dd434f9-b98e-47be-8b31-5da83634b0df" testListId="8c84fa94-04c1-424b-9868-57a2d4851a1d" />
    <TestEntry testId="990ee59d-5ff9-539f-63bb-dc67ba1ee3b7" executionId="0fb2b266-ad4d-4883-b339-6db67fb9903e" testListId="8c84fa94-04c1-424b-9868-57a2d4851a1d" />
    <TestEntry testId="0a10bbc5-b9e2-2c1b-a7bc-dd760f303728" executionId="60172008-f8eb-4da4-8fef-67fc53951d9a" testListId="8c84fa94-04c1-424b-9868-57a2d4851a1d" />
    <TestEntry testId="9a23df63-156a-4f30-6d25-17e5b513fe6f" executionId="7f8653b7-904f-4740-8393-6d2468e2d482" testListId="8c84fa94-04c1-424b-9868-57a2d4851a1d" />
    <TestEntry testId="c3dde9e5-a106-18d7-c0e9-3a09806ad650" executionId="3e9fcc91-0356-454c-82d5-80377a738575" testListId="8c84fa94-04c1-424b-9868-57a2d4851a1d" />
    <TestEntry testId="4871be04-198a-4a2c-ac62-10ca3c2f8fc7" executionId="fac91333-5a82-4a07-98e2-5ac805d35c8a" testListId="8c84fa94-04c1-424b-9868-57a2d4851a1d" />
    <TestEntry testId="89378b40-cf54-e03b-daac-188764afb8f0" executionId="b39889a7-d2a2-4918-ad77-ea5125deab9a" testListId="8c84fa94-04c1-424b-9868-57a2d4851a1d" />
    <TestEntry testId="57b8d287-16cf-7650-c43d-8fd631d22a39" executionId="c69161fb-70d7-4df5-8ca5-919a7cee861c" testListId="8c84fa94-04c1-424b-9868-57a2d4851a1d" />
    <TestEntry testId="f127398d-5e89-f8a2-cdb7-51678d36d567" executionId="4822f7a4-0dbd-49b1-bd89-722ba9bd5f56" testListId="8c84fa94-04c1-424b-9868-57a2d4851a1d" />
    <TestEntry testId="36aa3b5b-643e-85a0-6123-fb66640c7253" executionId="f05e30be-52e0-493d-889b-5eed246333c3" testListId="8c84fa94-04c1-424b-9868-57a2d4851a1d" />
    <TestEntry testId="3d5d7dbc-d6e1-43d9-586e-22231748cf91" executionId="a81c1a06-46ec-41bf-b46f-8bafcf06594d" testListId="8c84fa94-04c1-424b-9868-57a2d4851a1d" />
    <TestEntry testId="0f1e0c62-48e9-37ee-cec4-9aa4f67f775d" executionId="ffbaa249-2109-4143-9003-b73a30ad162f" testListId="8c84fa94-04c1-424b-9868-57a2d4851a1d" />
    <TestEntry testId="1fc6f938-65f2-9361-29db-a58e2385b9f3" executionId="b2f8e3f0-2fab-4aef-84e0-f10843219efb" testListId="8c84fa94-04c1-424b-9868-57a2d4851a1d" />
    <TestEntry testId="5c8e19b3-5238-ab2c-f0b7-d0fd7b73b8f9" executionId="860228e6-cae1-4158-8311-a2d27d0d5378" testListId="8c84fa94-04c1-424b-9868-57a2d4851a1d" />
    <TestEntry testId="c125af8f-397c-45b6-6da9-cea7485ea18e" executionId="e7edc5da-1510-4218-ac98-46b987a9e99c" testListId="8c84fa94-04c1-424b-9868-57a2d4851a1d" />
    <TestEntry testId="56d7d034-2b9d-50e8-a7ca-a17ac162f351" executionId="62345573-5b0a-4f73-8439-3441a73a1376" testListId="8c84fa94-04c1-424b-9868-57a2d4851a1d" />
    <TestEntry testId="a13ff8f9-8999-affb-b2d3-1cfe7478840f" executionId="ecbd0f2d-877d-4762-8193-f0271d492bf5" testListId="8c84fa94-04c1-424b-9868-57a2d4851a1d" />
    <TestEntry testId="7490b4c0-24ca-d4f3-bcdb-3e9bce2c2cf4" executionId="ac3fea27-43de-4551-9e8c-3ac2ccd9a0b6" testListId="8c84fa94-04c1-424b-9868-57a2d4851a1d" />
    <TestEntry testId="837c40eb-85bf-b1c3-1513-fc0e48d62dc7" executionId="1f1020d2-fecf-4977-aab4-5cfee15d5aaa" testListId="8c84fa94-04c1-424b-9868-57a2d4851a1d" />
    <TestEntry testId="8b2526c8-194c-e78f-f320-25fa602944f8" executionId="d707bd72-fa65-4bb0-834d-6384308771fe" testListId="8c84fa94-04c1-424b-9868-57a2d4851a1d" />
    <TestEntry testId="53b41a58-b28c-ce0b-d337-e56e817a9caa" executionId="fc4074ae-a070-44f3-b0c3-eb492895b3e2" testListId="8c84fa94-04c1-424b-9868-57a2d4851a1d" />
    <TestEntry testId="b42500f9-8680-fc68-9584-e199ca49e876" executionId="07ed7b37-9e95-44a7-a383-46cbeede2293" testListId="8c84fa94-04c1-424b-9868-57a2d4851a1d" />
    <TestEntry testId="7d773c54-bb33-3d67-034a-5b1d921d0dd9" executionId="86142440-fec6-44da-a925-af5ba2794181" testListId="8c84fa94-04c1-424b-9868-57a2d4851a1d" />
    <TestEntry testId="cc411bc9-7046-2772-0380-b889f6c46b53" executionId="9f9f5e4c-571c-42fd-a528-6878902dc55a" testListId="8c84fa94-04c1-424b-9868-57a2d4851a1d" />
    <TestEntry testId="65e787f8-b5d4-18d4-bba2-ae686ae1c06a" executionId="c06c5f35-22fc-4aa6-b4b4-0d27c4f2600e" testListId="8c84fa94-04c1-424b-9868-57a2d4851a1d" />
    <TestEntry testId="985c250c-efff-61a3-ca76-5d250b7fde65" executionId="c2e9820e-bab9-4370-8edd-c1c20e75149e" testListId="8c84fa94-04c1-424b-9868-57a2d4851a1d" />
    <TestEntry testId="9a5fe56d-3b4d-f83a-e346-cdaf1303b924" executionId="8e0c5639-0c41-4388-94a9-6bdb836a0221" testListId="8c84fa94-04c1-424b-9868-57a2d4851a1d" />
    <TestEntry testId="42bd2dd8-8181-fbf3-e830-faa842f1f3b4" executionId="37c869e1-1a4a-4c51-9200-352399bb1881" testListId="8c84fa94-04c1-424b-9868-57a2d4851a1d" />
    <TestEntry testId="e5fef0f7-2e12-09a0-e0e5-0c75fc240e9e" executionId="d2aeb7f2-8af0-40b7-ae1f-a76afcd7ecb2" testListId="8c84fa94-04c1-424b-9868-57a2d4851a1d" />
    <TestEntry testId="001e0527-dd1d-76d0-8cda-71396cdbdc6a" executionId="4f3ffc52-63b4-4c02-afaf-5de190454f45" testListId="8c84fa94-04c1-424b-9868-57a2d4851a1d" />
    <TestEntry testId="e5f2a650-cfe8-b050-4e5f-acfb996aaaf2" executionId="e931f174-ceb7-4df6-957b-be47bb8187b0" testListId="8c84fa94-04c1-424b-9868-57a2d4851a1d" />
    <TestEntry testId="3cc714f9-12f9-57c2-4b5f-5bf7170d9452" executionId="997512b5-d17f-4c50-92e3-2bdd9fb94653" testListId="8c84fa94-04c1-424b-9868-57a2d4851a1d" />
    <TestEntry testId="cdfe3a83-fce6-3db7-6e52-a4d3672f65b8" executionId="079e3e90-7e63-48c2-a885-56b26c82c649" testListId="8c84fa94-04c1-424b-9868-57a2d4851a1d" />
    <TestEntry testId="7b0b3b34-08d7-b67d-b3be-8f3914431cf4" executionId="b7518596-5f0b-42ce-804e-3fd34dfb2ed0" testListId="8c84fa94-04c1-424b-9868-57a2d4851a1d" />
    <TestEntry testId="01546668-9707-200e-5308-567faf88a1d5" executionId="7cb9980a-582c-4916-ad2f-826df718531f" testListId="8c84fa94-04c1-424b-9868-57a2d4851a1d" />
    <TestEntry testId="6d051f87-ad10-5ff1-cbdb-8bfc681de476" executionId="40a06b97-0206-4225-a92b-ae7477a5a71c" testListId="8c84fa94-04c1-424b-9868-57a2d4851a1d" />
    <TestEntry testId="e8d7366f-a424-a603-14bf-781a9f512fda" executionId="537b2ea4-16b4-4473-998a-66a7feb3d14a" testListId="8c84fa94-04c1-424b-9868-57a2d4851a1d" />
    <TestEntry testId="51f707ca-81d0-8b18-8899-cd5e8c659764" executionId="8a31e9a7-d98d-4959-90ae-b0710c8f59e7" testListId="8c84fa94-04c1-424b-9868-57a2d4851a1d" />
    <TestEntry testId="5702e26b-e826-632c-8330-61a2ba14cfdd" executionId="c891b1b7-5982-4de3-8675-796c3e7b3f02" testListId="8c84fa94-04c1-424b-9868-57a2d4851a1d" />
    <TestEntry testId="a8ada55e-2697-d416-4fab-cf14393e5cc8" executionId="fe41d671-532a-47ba-964f-93245a338103" testListId="8c84fa94-04c1-424b-9868-57a2d4851a1d" />
    <TestEntry testId="6a0b07a6-5692-a08c-fed9-85842418de5f" executionId="23071f72-1124-44be-be1e-7f9f9f184fd9" testListId="8c84fa94-04c1-424b-9868-57a2d4851a1d" />
    <TestEntry testId="5156f917-3fd5-74a7-3c60-7d163e310725" executionId="7f6c2eda-2357-4ae8-aa1a-4d6c8d24463c" testListId="8c84fa94-04c1-424b-9868-57a2d4851a1d" />
    <TestEntry testId="87b5e219-81e4-2596-31d6-c5a89beb2a15" executionId="7ef3f8ce-440d-42cb-b5de-f5245eae2b4f" testListId="8c84fa94-04c1-424b-9868-57a2d4851a1d" />
    <TestEntry testId="bc168666-7dae-4847-5327-6ecfe8596def" executionId="987b1488-a969-422e-8af1-4ab73687a6c5" testListId="8c84fa94-04c1-424b-9868-57a2d4851a1d" />
    <TestEntry testId="37fffb1a-4927-3061-d72a-ddb546d4301b" executionId="05a44725-983e-4449-aa2a-c8dc8dd35d88" testListId="8c84fa94-04c1-424b-9868-57a2d4851a1d" />
    <TestEntry testId="21d8788b-96d8-b074-f020-fe1178d8c4bf" executionId="b6177e08-24d8-4263-af0d-347324d7aa67" testListId="8c84fa94-04c1-424b-9868-57a2d4851a1d" />
    <TestEntry testId="a305a437-f6e1-a3fb-3be0-9f0138e11421" executionId="b9c332bc-f5c2-492e-9861-0d64b6149ce4" testListId="8c84fa94-04c1-424b-9868-57a2d4851a1d" />
    <TestEntry testId="c8130cce-806a-33ed-d423-49de37751848" executionId="afc3acb0-2ea5-4ba6-8c41-50eaba3a8f08" testListId="8c84fa94-04c1-424b-9868-57a2d4851a1d" />
    <TestEntry testId="61e156e3-fcdc-3610-c3c1-13265d5c719d" executionId="8d17c61f-729f-4870-8e0b-900689d3946d" testListId="8c84fa94-04c1-424b-9868-57a2d4851a1d" />
    <TestEntry testId="452383c7-b56d-ee15-66f9-d956f747f1c0" executionId="16458603-2f38-4a9f-a68c-a4a17f8e95af" testListId="8c84fa94-04c1-424b-9868-57a2d4851a1d" />
    <TestEntry testId="4f95375f-64ca-eb00-7519-fbe4a6ff8d28" executionId="0fdd2206-e5a9-4f64-a7fb-c5b0137e98ee" testListId="8c84fa94-04c1-424b-9868-57a2d4851a1d" />
    <TestEntry testId="08cfda87-bd5a-fab2-cd44-dcc00f7f9826" executionId="f84ba390-f4c0-4c11-ac95-c87dde914541" testListId="8c84fa94-04c1-424b-9868-57a2d4851a1d" />
    <TestEntry testId="e1337a6a-6b0b-c2fc-f308-e617cc21b0ab" executionId="09a30ebe-0058-4f59-926a-780942974ec8" testListId="8c84fa94-04c1-424b-9868-57a2d4851a1d" />
    <TestEntry testId="6a6b74b3-c9d4-c0c7-cd64-f6972a51291f" executionId="d31d28fb-1b17-4e08-9beb-e01ae169e33f" testListId="8c84fa94-04c1-424b-9868-57a2d4851a1d" />
    <TestEntry testId="f500cf5d-cd41-f7f2-2f89-17d4fc9233ff" executionId="28a61460-084e-465d-9f86-2e7f9b3933cd" testListId="8c84fa94-04c1-424b-9868-57a2d4851a1d" />
    <TestEntry testId="67b4e28f-3290-b9eb-bb2b-00321c7d54d9" executionId="8cd32bfe-eb4a-4673-87cb-d7a27ec46623" testListId="8c84fa94-04c1-424b-9868-57a2d4851a1d" />
    <TestEntry testId="e9b925e2-9cb6-43cd-69bd-e484b171dfa8" executionId="465abdf0-aee2-4f81-a207-26c99cafdd86" testListId="8c84fa94-04c1-424b-9868-57a2d4851a1d" />
    <TestEntry testId="a217280d-9f56-2a3f-8fd5-911115a9932a" executionId="224f8196-f0a3-4ecc-b48a-f9bd93ddbbb5" testListId="8c84fa94-04c1-424b-9868-57a2d4851a1d" />
    <TestEntry testId="2120be76-7c24-f229-9b0a-f7a7c9fb4fb3" executionId="91e2f164-be2f-4712-9c2a-27ca8158b6fc" testListId="8c84fa94-04c1-424b-9868-57a2d4851a1d" />
    <TestEntry testId="cdfd77bd-9007-4b06-dcd6-dd39bf46739f" executionId="37181c1b-eaa3-48ba-aa30-e0848cedac10" testListId="8c84fa94-04c1-424b-9868-57a2d4851a1d" />
    <TestEntry testId="54115da3-c885-07f4-d603-30ba0c78787e" executionId="d108e304-681c-4bd1-85d0-212c161a43aa" testListId="8c84fa94-04c1-424b-9868-57a2d4851a1d" />
    <TestEntry testId="21caf000-7edd-2c34-283e-7044b2005c70" executionId="ec2a0520-09e9-4631-8f22-515c093a8b7e" testListId="8c84fa94-04c1-424b-9868-57a2d4851a1d" />
    <TestEntry testId="3a459ff5-6950-8e81-c0d5-d8dea5469af8" executionId="f897cc3c-e90b-496c-888d-e52ac24f1b58" testListId="8c84fa94-04c1-424b-9868-57a2d4851a1d" />
    <TestEntry testId="d5914fb9-2061-d4f6-bba5-e760317cd7eb" executionId="15932604-4ef1-4278-b9a4-ef8110260d4e" testListId="8c84fa94-04c1-424b-9868-57a2d4851a1d" />
    <TestEntry testId="c1d374b5-2ff8-d974-66b3-08ddd8faf58b" executionId="b0f2836c-a752-4f5e-abbd-bd8d13e15746" testListId="8c84fa94-04c1-424b-9868-57a2d4851a1d" />
    <TestEntry testId="3c7e8099-4cc5-75de-cdf3-a7d9de0b86f5" executionId="2b2b7c3a-60ac-4600-a659-0f02a89a9357" testListId="8c84fa94-04c1-424b-9868-57a2d4851a1d" />
    <TestEntry testId="69020cd2-c3e8-5095-e315-cd5732fab87e" executionId="0a165636-12ca-4a98-804c-dc0361d5c0dd" testListId="8c84fa94-04c1-424b-9868-57a2d4851a1d" />
    <TestEntry testId="934047f8-0781-b5d8-51a9-9e26f46109e0" executionId="6b73ae33-00b5-4a36-a3bb-5e0ede7d392f" testListId="8c84fa94-04c1-424b-9868-57a2d4851a1d" />
    <TestEntry testId="fdfa64c0-2a95-e47b-3a36-e80ce07970c8" executionId="2ec94fdf-6edd-49a3-8ef8-68bb62356dac" testListId="8c84fa94-04c1-424b-9868-57a2d4851a1d" />
    <TestEntry testId="7ac75c2e-7b8c-43aa-c585-2d949491e7f6" executionId="e6a7affd-4b1f-4b56-957d-c334ec61bbaa" testListId="8c84fa94-04c1-424b-9868-57a2d4851a1d" />
    <TestEntry testId="4810bb4b-538b-b993-f795-bba65576df8a" executionId="a8c657e0-c6cf-4197-bfb9-a8615104a541" testListId="8c84fa94-04c1-424b-9868-57a2d4851a1d" />
    <TestEntry testId="c5ad24da-cb9e-401e-77dc-3d88c6c2f349" executionId="def9e542-1132-49b6-b0e5-a9ab4a51a5d0" testListId="8c84fa94-04c1-424b-9868-57a2d4851a1d" />
    <TestEntry testId="2700d354-5e74-c7a9-07ae-c5bacdae5e9a" executionId="33703505-9cef-42f9-a82a-d8c544247b19" testListId="8c84fa94-04c1-424b-9868-57a2d4851a1d" />
    <TestEntry testId="a5073e41-aa21-62de-3cd7-65e0f856bbdb" executionId="cfda2337-d315-4a51-b681-9b2590d47297" testListId="8c84fa94-04c1-424b-9868-57a2d4851a1d" />
    <TestEntry testId="47dbe201-e7ef-95f1-9463-1af7019c1a89" executionId="a275d05a-0120-400e-856a-c41ddd3d4e23" testListId="8c84fa94-04c1-424b-9868-57a2d4851a1d" />
    <TestEntry testId="410f2ad3-9e07-a36c-a677-f195ad52c402" executionId="24fc08cf-331d-4af6-a911-a365f86facf4" testListId="8c84fa94-04c1-424b-9868-57a2d4851a1d" />
    <TestEntry testId="c14554ed-ad65-bcd3-4b62-8e568d4518fe" executionId="781bfe1a-c8f9-4519-9955-1e5e0d88c7d1" testListId="8c84fa94-04c1-424b-9868-57a2d4851a1d" />
    <TestEntry testId="d9a212ca-659e-0cf4-7cfd-5cba179e67c0" executionId="88551bf4-aba9-4c23-ac42-3ae911b1f8ca" testListId="8c84fa94-04c1-424b-9868-57a2d4851a1d" />
    <TestEntry testId="3b6faa31-6d75-d713-1831-b94875648f26" executionId="69c2f4b0-5308-4757-8a0e-89d6e2be24bc" testListId="8c84fa94-04c1-424b-9868-57a2d4851a1d" />
    <TestEntry testId="d1187187-426d-36e1-79d5-cfb760592583" executionId="1a3dc6f0-deb4-4c47-920b-6ceef9d1a982" testListId="8c84fa94-04c1-424b-9868-57a2d4851a1d" />
    <TestEntry testId="a348c07d-e9b5-1dbf-32fc-d7ef2c0d175a" executionId="5efb69cc-4f10-4dcd-aca0-fcafa9db4cd6" testListId="8c84fa94-04c1-424b-9868-57a2d4851a1d" />
    <TestEntry testId="a52620a7-98c0-41de-73eb-d57bd9b52985" executionId="dd309016-b1cf-4956-b75e-d61e32b241c8" testListId="8c84fa94-04c1-424b-9868-57a2d4851a1d" />
    <TestEntry testId="b5702770-3236-94ba-cc5e-bfa3a5eb5df1" executionId="69f6f75d-988f-4954-9e36-e91565ec423a" testListId="8c84fa94-04c1-424b-9868-57a2d4851a1d" />
    <TestEntry testId="1add5285-c943-dd96-31f9-2cb2ef910478" executionId="e76000f7-d630-45a7-b716-781d5f3b325a" testListId="8c84fa94-04c1-424b-9868-57a2d4851a1d" />
    <TestEntry testId="56c0be8c-cb0f-a9d8-248a-4bd80a5f2c78" executionId="e7c533f7-8ac1-4234-a9b7-d79f5075ff48" testListId="8c84fa94-04c1-424b-9868-57a2d4851a1d" />
    <TestEntry testId="be63dbb7-45c1-9ede-5127-5ae899e450fc" executionId="5168ca17-1e79-4a34-b2e3-5cd6ee1e255a" testListId="8c84fa94-04c1-424b-9868-57a2d4851a1d" />
    <TestEntry testId="7a5cbff3-abc6-73d6-a2c2-5804c19f15a9" executionId="9e2a47ea-a80f-4bab-842f-689846af482c" testListId="8c84fa94-04c1-424b-9868-57a2d4851a1d" />
    <TestEntry testId="0089a2c5-f057-28d5-630a-60672c3c8622" executionId="d77c338b-1939-415e-ae9d-d1b4510349c0" testListId="8c84fa94-04c1-424b-9868-57a2d4851a1d" />
    <TestEntry testId="e8a39a9c-620e-7cf8-de4b-6d02016a92cf" executionId="ca078476-c09d-4d9b-87c3-ba106fb49fce" testListId="8c84fa94-04c1-424b-9868-57a2d4851a1d" />
    <TestEntry testId="48e9149d-9bb1-4f99-4652-932131150e99" executionId="127a0b64-a8b5-4798-b57d-20dbbd8b1f9b" testListId="8c84fa94-04c1-424b-9868-57a2d4851a1d" />
    <TestEntry testId="d2b87c78-f517-04f2-02e2-28875c01cf2e" executionId="283b1237-eebc-4000-bfb6-35561b5981b0" testListId="8c84fa94-04c1-424b-9868-57a2d4851a1d" />
    <TestEntry testId="be8b365c-3891-427e-3cb4-a558da898d1b" executionId="3eb7fe7e-e886-4a23-84e5-e2a8400eb021" testListId="8c84fa94-04c1-424b-9868-57a2d4851a1d" />
    <TestEntry testId="bf507cf8-9e0d-6260-07cc-85872ba1a69c" executionId="fb84781a-579a-475c-84c1-0627a1b3338d" testListId="8c84fa94-04c1-424b-9868-57a2d4851a1d" />
    <TestEntry testId="bd51abc4-63c7-f08f-cfd0-9d3a71e91e21" executionId="6b4d0bd7-3e5d-44c8-ac0f-05d87d94485c" testListId="8c84fa94-04c1-424b-9868-57a2d4851a1d" />
    <TestEntry testId="771460d2-d36b-678c-cee0-0f5a6e92f323" executionId="97ae2df5-b0c7-4db5-af4e-821ab2e7e2a5" testListId="8c84fa94-04c1-424b-9868-57a2d4851a1d" />
    <TestEntry testId="2e58f8ce-0995-0faa-5493-b311995b502b" executionId="48a6dc5a-6621-4278-a7b1-aa6035c99ee0" testListId="8c84fa94-04c1-424b-9868-57a2d4851a1d" />
    <TestEntry testId="e15bb28f-3c3e-2c54-124d-f8c29108dbe2" executionId="1a13ad95-cd58-4ad3-b8a9-ed763e5877be" testListId="8c84fa94-04c1-424b-9868-57a2d4851a1d" />
    <TestEntry testId="c9e20207-8133-dc6c-f7b5-755f5b4ba5b1" executionId="896da3ff-e95c-4f89-96a7-b1e7cacf7fbc" testListId="8c84fa94-04c1-424b-9868-57a2d4851a1d" />
    <TestEntry testId="f47cee87-1969-b508-00c8-3e29b4c32303" executionId="637d013b-cfce-4fad-9541-19642c8df37c" testListId="8c84fa94-04c1-424b-9868-57a2d4851a1d" />
    <TestEntry testId="40c8a3e0-274c-17b9-bf19-0c1b93617723" executionId="0f09bf67-2b23-4b26-84dc-04eb44de7802" testListId="8c84fa94-04c1-424b-9868-57a2d4851a1d" />
    <TestEntry testId="c1d85dec-eee6-b3e5-fca5-e24c7e4eb1d5" executionId="3414f0cf-5359-451f-a102-8a9be35cd958" testListId="8c84fa94-04c1-424b-9868-57a2d4851a1d" />
    <TestEntry testId="1fc2dad7-ba4f-0bbf-2e7c-5bf8ad989622" executionId="4875db87-6eac-45b6-98d6-1054e4c9e77d" testListId="8c84fa94-04c1-424b-9868-57a2d4851a1d" />
    <TestEntry testId="d366e14f-5f41-ef5b-eacc-db8603a57de1" executionId="668e743f-d33c-414a-b971-f37ec1f54f4a" testListId="8c84fa94-04c1-424b-9868-57a2d4851a1d" />
    <TestEntry testId="faa725bd-510a-26c8-4c72-60e54f979ab2" executionId="edf440d2-1908-4617-8373-f4280219c423" testListId="8c84fa94-04c1-424b-9868-57a2d4851a1d" />
    <TestEntry testId="191bbd4c-6d7b-afee-964d-ffc4393b52a6" executionId="9c386528-a7d4-4824-923e-d60d967d4f3a" testListId="8c84fa94-04c1-424b-9868-57a2d4851a1d" />
    <TestEntry testId="db4a9b8b-01ae-c7f1-5d4c-4d31a099adfb" executionId="a0fbfa54-2a0f-46f6-8c4b-c4964371c15e" testListId="8c84fa94-04c1-424b-9868-57a2d4851a1d" />
    <TestEntry testId="073c6bbb-25b2-d14c-610a-f1ac58077064" executionId="740000ff-bd61-4996-9cf9-cda18485e0d9" testListId="8c84fa94-04c1-424b-9868-57a2d4851a1d" />
    <TestEntry testId="0081fdd8-f7bd-a57e-6827-f9092adc3c51" executionId="07abfdc7-2fc5-498d-a071-12567544b38f" testListId="8c84fa94-04c1-424b-9868-57a2d4851a1d" />
    <TestEntry testId="663f93a5-5b5a-f1cd-ba37-70cf4beb5716" executionId="8fbbfb6b-c9f7-4a9b-beef-5716c772d309" testListId="8c84fa94-04c1-424b-9868-57a2d4851a1d" />
    <TestEntry testId="a620e5b2-ce89-4640-d604-8c6501ea4246" executionId="baf501ad-2c18-408e-aa72-6b7520070f36" testListId="8c84fa94-04c1-424b-9868-57a2d4851a1d" />
    <TestEntry testId="e663bcdc-3b7c-1637-fcb8-420503590ee6" executionId="469c1273-4ef8-4945-a1c2-bd434516eb8b" testListId="8c84fa94-04c1-424b-9868-57a2d4851a1d" />
    <TestEntry testId="a4d88eb3-ad12-709e-3695-1fa3553c8d47" executionId="06453b66-8da0-4691-9011-13c3c1236ac7" testListId="8c84fa94-04c1-424b-9868-57a2d4851a1d" />
    <TestEntry testId="692375b7-3965-ee11-bb1b-5542faa80826" executionId="8a3e2bd1-26d7-428e-b448-67d9c5e4dcba" testListId="8c84fa94-04c1-424b-9868-57a2d4851a1d" />
    <TestEntry testId="832057bd-4893-a29e-d9c6-1d88bcb8c7ca" executionId="1c590a71-0dac-47d0-8f41-5d14277e0a37" testListId="8c84fa94-04c1-424b-9868-57a2d4851a1d" />
    <TestEntry testId="7c9c4b99-77f9-4eb8-e0bd-53d370056ac6" executionId="24f69d42-f15e-450d-a896-0df15a9eb551" testListId="8c84fa94-04c1-424b-9868-57a2d4851a1d" />
    <TestEntry testId="fb79487c-965b-439e-cb2a-5a336422bcc5" executionId="352e17c9-47be-4d54-858d-3740ae48ad5b" testListId="8c84fa94-04c1-424b-9868-57a2d4851a1d" />
    <TestEntry testId="5c1659d8-beda-69f6-6875-333d9d844f38" executionId="a8db2026-0614-4f66-bd36-f8dc7f10e380" testListId="8c84fa94-04c1-424b-9868-57a2d4851a1d" />
    <TestEntry testId="9fd2ad95-a4db-cbbe-ac8d-828d7d9b208d" executionId="672a924e-dd7e-4d2e-a6ff-8488d5a4c7ce" testListId="8c84fa94-04c1-424b-9868-57a2d4851a1d" />
    <TestEntry testId="9144852f-64be-cd4a-d689-b6d012a4e4d5" executionId="59589d13-2ca7-4618-8b8e-0a02e02cdd12" testListId="8c84fa94-04c1-424b-9868-57a2d4851a1d" />
    <TestEntry testId="de8656f4-21ea-fc50-f6f8-b549b6b03636" executionId="3f74ea87-a3f5-4866-8b38-e02bc1d8de40" testListId="8c84fa94-04c1-424b-9868-57a2d4851a1d" />
    <TestEntry testId="879f510b-1775-cce3-3351-c75c5714fac7" executionId="042d7f95-5e46-4c49-9108-93144a5a2a50" testListId="8c84fa94-04c1-424b-9868-57a2d4851a1d" />
    <TestEntry testId="c93fadca-83ee-2c42-3a65-90deb57ab246" executionId="3f1dc3f1-1f22-4648-ad3f-430db83e8af6" testListId="8c84fa94-04c1-424b-9868-57a2d4851a1d" />
    <TestEntry testId="2c113a7d-79cc-5b2d-8cb8-069c1e70f071" executionId="ce572acc-5ee9-4c9d-9a54-90cea55f53d3" testListId="8c84fa94-04c1-424b-9868-57a2d4851a1d" />
    <TestEntry testId="4ccaa38f-880f-f944-4a64-f5fd5e7336a4" executionId="6c84a291-d0bc-46d8-ba9f-d25dc826f59b" testListId="8c84fa94-04c1-424b-9868-57a2d4851a1d" />
    <TestEntry testId="16fa8221-843b-6ae1-c570-e3d7f96b4779" executionId="427e461f-2943-440f-942f-6ee46b95bc3f" testListId="8c84fa94-04c1-424b-9868-57a2d4851a1d" />
    <TestEntry testId="99591859-4623-a5ea-92a7-f2a8ef1b9307" executionId="35af5f9d-edb1-415a-b836-38a72293a603" testListId="8c84fa94-04c1-424b-9868-57a2d4851a1d" />
    <TestEntry testId="ee6ca1c7-3506-67a2-3438-d540c8ee1bd8" executionId="e152e8e4-764c-4f1d-a72e-de6034787d18" testListId="8c84fa94-04c1-424b-9868-57a2d4851a1d" />
    <TestEntry testId="f16cdc0f-c122-5bd7-73a7-65985b8bbf97" executionId="5d512af0-0e3f-464b-824d-07004343c104" testListId="8c84fa94-04c1-424b-9868-57a2d4851a1d" />
    <TestEntry testId="1d78c415-c53d-6ed6-1f13-d13032d6f575" executionId="2014ecbd-c316-431a-9e03-a126a1b4c721" testListId="8c84fa94-04c1-424b-9868-57a2d4851a1d" />
    <TestEntry testId="be1bfadd-b06e-6d37-1001-b305153d1285" executionId="c5fc2552-6029-4c13-bad3-435479eb9cad" testListId="8c84fa94-04c1-424b-9868-57a2d4851a1d" />
    <TestEntry testId="4b5bb9fe-3777-370d-5065-7d230647c2e6" executionId="2275d23f-c224-4b45-a9ca-5c3cd03ad3b3" testListId="8c84fa94-04c1-424b-9868-57a2d4851a1d" />
    <TestEntry testId="833f871f-f977-5079-6fbe-e304387dcc88" executionId="e9c6d1e9-9d34-4352-8d06-1c3039c4de7c" testListId="8c84fa94-04c1-424b-9868-57a2d4851a1d" />
    <TestEntry testId="718f1483-de6a-ca01-8c34-93444f86cfa4" executionId="1d5f7214-02e9-4235-80a5-e963e8a80ae1" testListId="8c84fa94-04c1-424b-9868-57a2d4851a1d" />
    <TestEntry testId="7c8b4d6d-3499-a139-8f49-e218dcc76dfa" executionId="35120fe0-2c9e-438f-ad56-5b3222c741fe" testListId="8c84fa94-04c1-424b-9868-57a2d4851a1d" />
    <TestEntry testId="036ed2d6-0037-3059-2b13-251605a6f288" executionId="165c921b-8cd9-457a-a50e-3414534d72eb" testListId="8c84fa94-04c1-424b-9868-57a2d4851a1d" />
    <TestEntry testId="f68bc42b-8a87-d808-315b-0986401206a1" executionId="a3b83d32-0237-441c-a1fc-2f21fe5834d4" testListId="8c84fa94-04c1-424b-9868-57a2d4851a1d" />
    <TestEntry testId="0bca4051-7283-db81-9c57-1aea0270caa6" executionId="ed28d1cb-fc3a-45d1-98d5-26a5730e12ee" testListId="8c84fa94-04c1-424b-9868-57a2d4851a1d" />
    <TestEntry testId="8d1118d3-e0ef-0848-2fb3-cdbfe4b3dc1d" executionId="a3fec5f9-20ee-47f0-a3ad-36c1a09bee79" testListId="8c84fa94-04c1-424b-9868-57a2d4851a1d" />
    <TestEntry testId="86e2d76a-28d9-3889-d457-54847dc84ea3" executionId="a32e5892-d4e1-46d3-b9ee-7377020abd72" testListId="8c84fa94-04c1-424b-9868-57a2d4851a1d" />
    <TestEntry testId="6bc67e79-1bd6-99c5-9722-6415b0a59950" executionId="8e5aef3e-51d3-4e45-aaf7-5e886e5a376a" testListId="8c84fa94-04c1-424b-9868-57a2d4851a1d" />
    <TestEntry testId="9f4fbbdc-2201-bd7b-3937-c104285b52de" executionId="fe9e10bc-3782-4c79-8421-8f221d0d3c19" testListId="8c84fa94-04c1-424b-9868-57a2d4851a1d" />
    <TestEntry testId="080f20f0-2c83-c7e2-1bd5-3cef3955225c" executionId="922c2edd-b3fd-4636-ac7b-8899e3a5192d" testListId="8c84fa94-04c1-424b-9868-57a2d4851a1d" />
    <TestEntry testId="73d024c7-36b0-31f7-ce3c-5373e40a4c7c" executionId="19c7d015-6714-4a7e-b194-74a2a75ad5dd" testListId="8c84fa94-04c1-424b-9868-57a2d4851a1d" />
    <TestEntry testId="6f0bd379-8640-f05f-ab01-ae1d92782bd0" executionId="dfafec3e-6797-4494-b2f8-ba5d1858da10" testListId="8c84fa94-04c1-424b-9868-57a2d4851a1d" />
    <TestEntry testId="b4b85f22-89c0-a519-7441-c1f0e7ffa01d" executionId="436a8bfb-b742-436c-a48a-8dd23bf9c068" testListId="8c84fa94-04c1-424b-9868-57a2d4851a1d" />
    <TestEntry testId="f0fc6fc0-7cee-c527-aa77-609500fb9f8c" executionId="87f517c0-a973-46f3-af3e-54faa3fcd5f3" testListId="8c84fa94-04c1-424b-9868-57a2d4851a1d" />
    <TestEntry testId="dba1c97c-2c48-89d7-efab-b8eb5fc7cf9a" executionId="e03c595d-dea6-4227-94f9-c906e8f71f23" testListId="8c84fa94-04c1-424b-9868-57a2d4851a1d" />
    <TestEntry testId="603fa037-8862-e263-ed12-793cca875ae9" executionId="82ba6fa6-72d4-4b99-b97b-03d83713e61a" testListId="8c84fa94-04c1-424b-9868-57a2d4851a1d" />
    <TestEntry testId="0388eddb-4173-f94a-8ca6-758e2369d2c5" executionId="beec4d04-0118-4398-8cc2-a4598d10af7d" testListId="8c84fa94-04c1-424b-9868-57a2d4851a1d" />
    <TestEntry testId="b161a9e3-213f-fe15-c2b8-f51c34c281d4" executionId="78b5077f-71b9-40f5-bc0e-92d548b912da" testListId="8c84fa94-04c1-424b-9868-57a2d4851a1d" />
    <TestEntry testId="1e8e5a50-aac9-540b-3ef9-d47cea2236c2" executionId="2ef67ef4-2076-47f2-9a0f-47480ac3b6dc" testListId="8c84fa94-04c1-424b-9868-57a2d4851a1d" />
    <TestEntry testId="e786a4db-b5aa-d2cc-d234-0f43c880f771" executionId="1cd49822-9719-465c-b175-070625972702" testListId="8c84fa94-04c1-424b-9868-57a2d4851a1d" />
    <TestEntry testId="87edb301-2e4b-27aa-b1a7-48cd91bfbe9a" executionId="2cc98eb1-9c8f-4b85-bbda-99c4261b378a" testListId="8c84fa94-04c1-424b-9868-57a2d4851a1d" />
    <TestEntry testId="b05e8aa4-4623-8ced-fcbb-b0095b2e1a92" executionId="c5a54137-d2c9-4a76-8a6b-ec640490f287" testListId="8c84fa94-04c1-424b-9868-57a2d4851a1d" />
    <TestEntry testId="7f794c6c-cff2-a519-0ae7-ee80bf42bd95" executionId="5d8ebef3-3157-4252-a6aa-33d39bea2f32" testListId="8c84fa94-04c1-424b-9868-57a2d4851a1d" />
    <TestEntry testId="6286b72b-8dca-90b4-c288-b8ba1550e199" executionId="2c6aa78b-ce02-404c-a6e2-0cf23a425c1a" testListId="8c84fa94-04c1-424b-9868-57a2d4851a1d" />
    <TestEntry testId="d2c5d27a-9ca3-e9f8-569c-7ce2db736a53" executionId="da48b1db-7ab5-419e-8d6d-fe8715e9a47a" testListId="8c84fa94-04c1-424b-9868-57a2d4851a1d" />
    <TestEntry testId="99623a40-1884-33f7-dd78-7d44c2f8e003" executionId="8093ae75-c33e-45fb-a5a4-b87dc5d8dd59" testListId="8c84fa94-04c1-424b-9868-57a2d4851a1d" />
    <TestEntry testId="a8c66441-6163-3c07-3e3e-fa411ee1150c" executionId="a1479b37-ee9d-4f8c-b66c-80e0d2499a21" testListId="8c84fa94-04c1-424b-9868-57a2d4851a1d" />
    <TestEntry testId="671d8566-b4bb-17a9-d6d3-e0d31017700b" executionId="255ba533-cdbc-403e-bf54-4ce4dd2b46e6" testListId="8c84fa94-04c1-424b-9868-57a2d4851a1d" />
    <TestEntry testId="dfefd3df-468b-0649-e459-8a7a05280b7e" executionId="09ede192-73d4-41e3-aa9a-950b38db6e37" testListId="8c84fa94-04c1-424b-9868-57a2d4851a1d" />
    <TestEntry testId="6f79f054-5bb0-0314-b9d9-1a992dc672f4" executionId="b5f7c72d-0725-4f29-acf8-e5dc5dd91ad2" testListId="8c84fa94-04c1-424b-9868-57a2d4851a1d" />
    <TestEntry testId="b4900729-4f63-5095-c8d7-d08b12db4685" executionId="99e63ee2-75b5-418d-9d6e-49bdd997238b" testListId="8c84fa94-04c1-424b-9868-57a2d4851a1d" />
    <TestEntry testId="1df41ad8-ebe4-2a99-7818-71f145f2b00d" executionId="e5625cf4-0ece-4bce-b064-683b6529672f" testListId="8c84fa94-04c1-424b-9868-57a2d4851a1d" />
    <TestEntry testId="7fd4e67b-d9ef-e2c0-64c7-c110dacd17a6" executionId="b344db40-f4c1-47ad-982b-865e255d364c" testListId="8c84fa94-04c1-424b-9868-57a2d4851a1d" />
    <TestEntry testId="dda65f8a-7ad4-d889-b89e-fdf4defeadf1" executionId="93226e03-18e6-414a-aeb6-eb91931d446e" testListId="8c84fa94-04c1-424b-9868-57a2d4851a1d" />
    <TestEntry testId="81c311d5-b622-9209-4bad-34b0747562a0" executionId="1135b1a6-163c-4245-8d26-cc027d03ecfc" testListId="8c84fa94-04c1-424b-9868-57a2d4851a1d" />
    <TestEntry testId="2f295bea-dbb0-855d-b1ba-1cbb08fc0108" executionId="3f5bc3ab-5879-4295-a794-9d97ec4eb747" testListId="8c84fa94-04c1-424b-9868-57a2d4851a1d" />
    <TestEntry testId="227907fe-d284-61c2-6c83-3c1bdfba55c3" executionId="71acfe49-e826-4a80-bd1f-aeac934b3308" testListId="8c84fa94-04c1-424b-9868-57a2d4851a1d" />
    <TestEntry testId="657a22cf-6930-2165-c72d-c8297082fc37" executionId="a9773b35-b9e6-4f29-9b2b-f65cda972606" testListId="8c84fa94-04c1-424b-9868-57a2d4851a1d" />
    <TestEntry testId="b08416eb-7768-425a-39fd-792467c00cfa" executionId="9098cfa7-18fb-4605-80bb-9c76637475d9" testListId="8c84fa94-04c1-424b-9868-57a2d4851a1d" />
    <TestEntry testId="8dc74ff1-47fa-d048-211e-ff8aca7c2dd1" executionId="d33e5f97-3469-4d54-8487-27dac0d5228e" testListId="8c84fa94-04c1-424b-9868-57a2d4851a1d" />
    <TestEntry testId="7d591f14-93d0-9082-0b26-2be25ba3ccf7" executionId="f678b5c8-ebec-4481-a9a6-a606f2344083" testListId="8c84fa94-04c1-424b-9868-57a2d4851a1d" />
    <TestEntry testId="9c4acd5f-98a7-38d5-0177-213e2cc4881e" executionId="94ff312e-0a2f-4417-9b67-e5a0485b4c74" testListId="8c84fa94-04c1-424b-9868-57a2d4851a1d" />
    <TestEntry testId="9f3cf88c-7664-be7d-ba41-9ee937277e4c" executionId="caa81b9b-22bc-45fd-8d06-aed73d5da048" testListId="8c84fa94-04c1-424b-9868-57a2d4851a1d" />
    <TestEntry testId="0afd9290-743c-e9fa-dc8c-ea0c6f01bf30" executionId="632c155c-daaa-44c8-8a97-acbd39d26a6c" testListId="8c84fa94-04c1-424b-9868-57a2d4851a1d" />
    <TestEntry testId="4e214b8d-4cdf-c8da-3c8f-42e5470250d0" executionId="088d1dab-58c3-4837-babe-2548ccc8e48a" testListId="8c84fa94-04c1-424b-9868-57a2d4851a1d" />
    <TestEntry testId="099bb04d-5dc7-038a-c11f-73b5876807bd" executionId="41197b3d-fe06-4db9-8bc5-e4fd7939855e" testListId="8c84fa94-04c1-424b-9868-57a2d4851a1d" />
    <TestEntry testId="089c30fa-d641-1d55-a56a-c4481da3dddd" executionId="544e381c-f8ce-49cb-be7f-12b8d1b512e8" testListId="8c84fa94-04c1-424b-9868-57a2d4851a1d" />
    <TestEntry testId="2e725b44-79a4-1c97-00c2-5c79e9a10aab" executionId="e2142ad1-f2a9-4b2d-a4d0-19ba30717abb" testListId="8c84fa94-04c1-424b-9868-57a2d4851a1d" />
    <TestEntry testId="b75acb68-d468-cef8-8e30-7611725a0939" executionId="d906456b-e048-4544-8f76-46d29c1b1ad8" testListId="8c84fa94-04c1-424b-9868-57a2d4851a1d" />
    <TestEntry testId="0aa4b8d5-d487-003f-68cc-7ebd8428592e" executionId="3082b21c-c3dd-4a42-8b5b-dd59f3cdfed1" testListId="8c84fa94-04c1-424b-9868-57a2d4851a1d" />
    <TestEntry testId="e4719e6f-fd91-1ce5-a76f-b346241221d7" executionId="87614df3-816d-4836-9adb-cc8db0e21bc7" testListId="8c84fa94-04c1-424b-9868-57a2d4851a1d" />
    <TestEntry testId="b06b74f0-1376-abbe-c20c-d154e1796800" executionId="42740076-27b7-44fb-8c17-63ed4b1e07d3" testListId="8c84fa94-04c1-424b-9868-57a2d4851a1d" />
    <TestEntry testId="0fd04822-9cf0-cf55-caa0-3dd43d9b23aa" executionId="030096d6-a07c-46f1-9527-bb261985967c" testListId="8c84fa94-04c1-424b-9868-57a2d4851a1d" />
    <TestEntry testId="98423ebd-41d7-f0ea-7581-8ffcbd77057f" executionId="94d6bce2-294f-4a36-a611-b52e083e0e22" testListId="8c84fa94-04c1-424b-9868-57a2d4851a1d" />
    <TestEntry testId="bf256407-f327-8062-3779-b45bd1d80979" executionId="657366fb-451a-4c62-963a-f4f6a744cf51" testListId="8c84fa94-04c1-424b-9868-57a2d4851a1d" />
    <TestEntry testId="417524f0-dc42-0223-4e32-ea9ded519f3e" executionId="5142e81e-d326-4a2a-99b6-ee6c65676b72" testListId="8c84fa94-04c1-424b-9868-57a2d4851a1d" />
    <TestEntry testId="19f4f39c-6298-6203-d31c-0dac1b895dd8" executionId="0c4f40bc-fb97-4fa5-86f1-5320a74fbb52" testListId="8c84fa94-04c1-424b-9868-57a2d4851a1d" />
    <TestEntry testId="f1d16ae9-37ce-8d5e-a961-74798222f63a" executionId="2f6f3bcf-4067-4d95-a077-c07b019cd012" testListId="8c84fa94-04c1-424b-9868-57a2d4851a1d" />
    <TestEntry testId="2b23c8b8-5d15-6e19-7f93-e695f3a6c42a" executionId="aceb8af0-c9d4-4ee8-9ff3-dbaa436a05b1" testListId="8c84fa94-04c1-424b-9868-57a2d4851a1d" />
    <TestEntry testId="d253a9fa-8fcc-b778-a657-f86ca324af46" executionId="074fc66b-e6cc-4760-b527-0be8ca442b8f" testListId="8c84fa94-04c1-424b-9868-57a2d4851a1d" />
    <TestEntry testId="afe289a3-cbf4-7175-9d5e-3335ae2ede47" executionId="93eb14de-b468-47c7-8593-f8f0cca88c39" testListId="8c84fa94-04c1-424b-9868-57a2d4851a1d" />
    <TestEntry testId="22dc7069-c4a0-00d4-e5ad-b66a78e8a4e1" executionId="1357ef52-4bce-411d-8ee4-604ce34631a2" testListId="8c84fa94-04c1-424b-9868-57a2d4851a1d" />
    <TestEntry testId="1653735c-43aa-f9ad-c91e-e5b710b9771a" executionId="605cd132-b11b-4dcf-9a5f-48a73ca09819" testListId="8c84fa94-04c1-424b-9868-57a2d4851a1d" />
    <TestEntry testId="9ef81ad4-b1f5-6b94-d0b1-870259610b91" executionId="a0dc811a-a4c0-40d0-8ebb-6c2353bf8f15" testListId="8c84fa94-04c1-424b-9868-57a2d4851a1d" />
    <TestEntry testId="56476740-baed-0545-96fd-d08e0cf0ad65" executionId="206a7b00-01be-4add-82af-eae06b55a04c" testListId="8c84fa94-04c1-424b-9868-57a2d4851a1d" />
    <TestEntry testId="77514c48-510e-ba98-685a-efcee1eb8beb" executionId="bce660a8-15f5-40d8-a597-e0d521cbbcd5" testListId="8c84fa94-04c1-424b-9868-57a2d4851a1d" />
    <TestEntry testId="b57963b5-9fa3-6210-388b-656ce98f8b27" executionId="276da4da-bc66-402a-b1ee-eac5f2fc013e" testListId="8c84fa94-04c1-424b-9868-57a2d4851a1d" />
    <TestEntry testId="a78cdd25-4aef-03ba-6c3c-b8d5740fb729" executionId="ad8ab4cf-1ca1-451f-b124-61485bac3eab" testListId="8c84fa94-04c1-424b-9868-57a2d4851a1d" />
    <TestEntry testId="89df6f93-fa56-162f-5356-4f27a9bc235b" executionId="abb1ea6e-2f62-4c6e-8212-7234b5588031" testListId="8c84fa94-04c1-424b-9868-57a2d4851a1d" />
    <TestEntry testId="dbd4220c-7582-9b49-65d5-a8291f861e7c" executionId="e3144252-0763-41ab-821f-7bafb931d971" testListId="8c84fa94-04c1-424b-9868-57a2d4851a1d" />
    <TestEntry testId="8c1ad67d-d18c-6bf6-147a-358d2ab35824" executionId="67651c23-66b1-4e6e-9264-74e23e1da61c" testListId="8c84fa94-04c1-424b-9868-57a2d4851a1d" />
    <TestEntry testId="25830a57-4b41-a24a-d946-2a460e91ae73" executionId="b0670dcc-c5b9-47de-aa9e-52e9be5384f9" testListId="8c84fa94-04c1-424b-9868-57a2d4851a1d" />
    <TestEntry testId="eac58a48-48b4-9467-0060-2c23e2eecc72" executionId="82df8ace-e963-420b-83fb-01bdafc25e56" testListId="8c84fa94-04c1-424b-9868-57a2d4851a1d" />
    <TestEntry testId="d33e5600-60e9-db8e-ced0-740f47e76496" executionId="cee1d320-272c-43b6-9e1c-96ad875aa733" testListId="8c84fa94-04c1-424b-9868-57a2d4851a1d" />
    <TestEntry testId="5e11b4ad-9f64-a103-eafc-cfd2d4bce5c2" executionId="cc3dedca-cc26-4212-a144-52c62f5afa4b" testListId="8c84fa94-04c1-424b-9868-57a2d4851a1d" />
    <TestEntry testId="f7883d8a-b879-8550-7783-d5f290ea680a" executionId="ab167943-9bb6-4777-ab4b-948a40051b43" testListId="8c84fa94-04c1-424b-9868-57a2d4851a1d" />
    <TestEntry testId="8a452f04-9c5c-c671-0918-75be5be3c687" executionId="54e9a874-1181-47c1-a4d2-9c750c8323da" testListId="8c84fa94-04c1-424b-9868-57a2d4851a1d" />
    <TestEntry testId="9fa6d26a-437f-fdd7-680f-46d952678fec" executionId="3f6d2344-f7eb-4c9a-a271-75a85fe7d0ae" testListId="8c84fa94-04c1-424b-9868-57a2d4851a1d" />
    <TestEntry testId="f7cc1c41-42cf-5f6a-8616-a1b56da343c0" executionId="487034a7-9b39-4735-9006-68998a79cf9a" testListId="8c84fa94-04c1-424b-9868-57a2d4851a1d" />
    <TestEntry testId="b2ef12e7-3e04-2947-fd5d-30a5e8cb85bc" executionId="f0295a8f-97bc-4a4e-b972-97c3e0849998" testListId="8c84fa94-04c1-424b-9868-57a2d4851a1d" />
    <TestEntry testId="10409170-126b-267d-ca21-46b0bde2be13" executionId="a5174a23-43ec-464c-9a44-0884548439dc" testListId="8c84fa94-04c1-424b-9868-57a2d4851a1d" />
    <TestEntry testId="460bbfe0-12db-704d-91c7-8c2fe2894598" executionId="70a38786-9441-4e69-89f6-7945584c03b6" testListId="8c84fa94-04c1-424b-9868-57a2d4851a1d" />
    <TestEntry testId="b3a23547-1d15-9459-2c2d-a85307313dfd" executionId="6185c39b-d906-4a43-a17b-10a9b230cf22" testListId="8c84fa94-04c1-424b-9868-57a2d4851a1d" />
    <TestEntry testId="c3a9a71f-71c0-4b92-5dc0-26f220befff5" executionId="a0505c4c-2272-4c76-8783-e9104f9aaafd" testListId="8c84fa94-04c1-424b-9868-57a2d4851a1d" />
    <TestEntry testId="190e94df-58cc-23cb-1634-af004ab3775a" executionId="97eff2a2-d78d-4522-ada3-961a98720382" testListId="8c84fa94-04c1-424b-9868-57a2d4851a1d" />
    <TestEntry testId="79a47b40-1e79-0037-1b5c-122bab33eadc" executionId="bad28832-75b1-4ac6-b3e0-8e59b15878df" testListId="8c84fa94-04c1-424b-9868-57a2d4851a1d" />
    <TestEntry testId="7d1b909c-89c5-021c-c47d-4ee1472c32a6" executionId="4a705aed-96b7-450e-ba3a-a1e2a69cae02" testListId="8c84fa94-04c1-424b-9868-57a2d4851a1d" />
    <TestEntry testId="c1a2c56e-a1f9-c624-cb9a-9b6bef275257" executionId="2f175dea-c2ff-453c-a2d9-a17e573f1473" testListId="8c84fa94-04c1-424b-9868-57a2d4851a1d" />
    <TestEntry testId="e4186dd6-cfba-c2f7-af38-cf6811a007c4" executionId="2ad2d12e-0759-4ede-b95d-13352522d81e" testListId="8c84fa94-04c1-424b-9868-57a2d4851a1d" />
    <TestEntry testId="cfb2f2b0-b4c5-c295-6566-6205138137ff" executionId="d5665fd9-3d92-4039-afcd-3c99a283ba4d" testListId="8c84fa94-04c1-424b-9868-57a2d4851a1d" />
    <TestEntry testId="7e4d5185-ec9c-441b-5a9b-925092fd340c" executionId="f38d243b-c651-4768-952d-7bda12eca5b2" testListId="8c84fa94-04c1-424b-9868-57a2d4851a1d" />
    <TestEntry testId="e4b1620d-4e2b-7665-1c29-c23806e8d9e9" executionId="e2925a7d-55ce-4d05-99c5-bbe1f4a49192" testListId="8c84fa94-04c1-424b-9868-57a2d4851a1d" />
    <TestEntry testId="52e66a41-b41f-a454-2f5b-eb3485c3dc1e" executionId="d1d9287a-acd1-4d3e-8765-422ae6dc0ef1" testListId="8c84fa94-04c1-424b-9868-57a2d4851a1d" />
    <TestEntry testId="2dfa5f6e-e163-bfe4-7d11-efda3ba353bf" executionId="2463f279-3398-4788-b563-8732d1d18abd" testListId="8c84fa94-04c1-424b-9868-57a2d4851a1d" />
    <TestEntry testId="524689ce-0e82-d943-111b-28b235f918aa" executionId="1dae48cb-d917-43b0-80ea-46cf5404e8c2" testListId="8c84fa94-04c1-424b-9868-57a2d4851a1d" />
    <TestEntry testId="9aa92313-d7cc-759c-54ab-ae074dc900dc" executionId="88191165-9813-44e9-aa92-a352deb5b2b4" testListId="8c84fa94-04c1-424b-9868-57a2d4851a1d" />
    <TestEntry testId="5ca9926d-b6db-636a-e081-084065de811d" executionId="9e3edea7-5c5a-48c7-af59-b09b03a03dcc" testListId="8c84fa94-04c1-424b-9868-57a2d4851a1d" />
    <TestEntry testId="24490298-f718-bea1-5d4b-98e514a9b0d7" executionId="3debbf6d-5d4a-4c42-b1d4-4c5a746c0299" testListId="8c84fa94-04c1-424b-9868-57a2d4851a1d" />
    <TestEntry testId="9e649e87-c02a-0a4b-21e1-9bd9f39392c3" executionId="8f652429-fcb4-44e8-8ab8-a3c840a34181" testListId="8c84fa94-04c1-424b-9868-57a2d4851a1d" />
    <TestEntry testId="e0ef0d56-45e4-4274-de88-b5332626ed52" executionId="375c3346-fe63-4560-a572-95f7001a81eb" testListId="8c84fa94-04c1-424b-9868-57a2d4851a1d" />
    <TestEntry testId="36ba86f7-9c86-3e72-65b5-f94d2c078b0c" executionId="aca26b7c-b3c1-479d-ae57-4bf3b0ae8167" testListId="8c84fa94-04c1-424b-9868-57a2d4851a1d" />
    <TestEntry testId="28e32998-6362-029a-b04c-cdd4098471b6" executionId="7307b77e-f325-4068-b852-e3bb76cdcc36" testListId="8c84fa94-04c1-424b-9868-57a2d4851a1d" />
    <TestEntry testId="09317147-9e25-d9d2-7965-eae8c00a4425" executionId="0b5ba9b2-9171-405c-89f5-cba47db6f7e0" testListId="8c84fa94-04c1-424b-9868-57a2d4851a1d" />
    <TestEntry testId="06f1c03a-294c-341e-f5e0-1d0770fa24d2" executionId="1f16c542-947f-435a-ab8c-81fe83a87922" testListId="8c84fa94-04c1-424b-9868-57a2d4851a1d" />
    <TestEntry testId="5a473347-9a14-d2f6-dc4e-df784fbdb066" executionId="330914df-e0c8-412a-bd08-bf9a29fe1f21" testListId="8c84fa94-04c1-424b-9868-57a2d4851a1d" />
    <TestEntry testId="2c4bc7d8-e501-fc09-e1d0-4b1ca700a11b" executionId="176fc6b1-3bce-4be0-b488-251a5ab5c799" testListId="8c84fa94-04c1-424b-9868-57a2d4851a1d" />
    <TestEntry testId="b9b6dd5b-a767-6a26-6893-35fefab3fdbb" executionId="ff4aa6cc-3eb9-4775-9c2e-3498481a0df7" testListId="8c84fa94-04c1-424b-9868-57a2d4851a1d" />
    <TestEntry testId="49c9338e-eac3-3807-fd81-8af6cee1f162" executionId="28991e9e-2766-4519-9372-14be71d7a80f" testListId="8c84fa94-04c1-424b-9868-57a2d4851a1d" />
    <TestEntry testId="5df60f7d-27cb-62bc-68d1-2f4d8ab7c1ea" executionId="28d5a204-e100-46db-aacd-a14ba3fc0be6" testListId="8c84fa94-04c1-424b-9868-57a2d4851a1d" />
    <TestEntry testId="fafa6593-9c69-26f7-824a-00168a9efa4a" executionId="6ca8d263-c80f-474e-a6fd-64331395fc62" testListId="8c84fa94-04c1-424b-9868-57a2d4851a1d" />
    <TestEntry testId="ac18f9d8-f128-68d9-415a-21b293b8043d" executionId="2f739004-3081-4134-bb93-e8a89a2ebbd2" testListId="8c84fa94-04c1-424b-9868-57a2d4851a1d" />
    <TestEntry testId="02e4d7bb-b9c1-4376-0d0a-60d28929be5e" executionId="61c3bf2c-3430-4f7e-9c8a-1bf8ea7c1d9d" testListId="8c84fa94-04c1-424b-9868-57a2d4851a1d" />
    <TestEntry testId="8207f592-ee8c-ad5b-072f-71bba011ad01" executionId="9c57e5d3-ef77-4153-b779-a1c0b85b5ac1" testListId="8c84fa94-04c1-424b-9868-57a2d4851a1d" />
    <TestEntry testId="7942cc1b-4762-e4b5-e29d-478d1b488705" executionId="4d1e6358-4da9-4d16-828a-13573b0890ec" testListId="8c84fa94-04c1-424b-9868-57a2d4851a1d" />
    <TestEntry testId="8b4af1ae-f9a0-d050-4a4a-b49cef421df1" executionId="94ab7d88-126d-4094-8114-85abe14768e7" testListId="8c84fa94-04c1-424b-9868-57a2d4851a1d" />
    <TestEntry testId="bec2d36d-0af2-da7c-4bda-230d9c660be5" executionId="6ba20b21-0655-4ea9-9567-a9b9fbea7e81" testListId="8c84fa94-04c1-424b-9868-57a2d4851a1d" />
    <TestEntry testId="a96e4cdb-bd0a-93cd-3d29-44b07c956504" executionId="5b9b4d2d-b5a5-49e9-be9f-370a95c4a941" testListId="8c84fa94-04c1-424b-9868-57a2d4851a1d" />
    <TestEntry testId="60786f98-6383-ba5a-a559-4f1e0d97b563" executionId="0f835469-0877-469a-b149-f8b9f654b365" testListId="8c84fa94-04c1-424b-9868-57a2d4851a1d" />
    <TestEntry testId="a404ceef-3e7a-6f4f-8f15-e5fea8dabc41" executionId="252fef2e-f5f0-41dd-b905-6faf71dfaf89" testListId="8c84fa94-04c1-424b-9868-57a2d4851a1d" />
    <TestEntry testId="839185bc-e66b-72e8-c502-fe6215a654f5" executionId="fd8b679b-098c-4696-8031-55b002b2dd9a" testListId="8c84fa94-04c1-424b-9868-57a2d4851a1d" />
    <TestEntry testId="6f249997-b270-5562-96e0-4ee27c4f368c" executionId="e6158d29-b844-4de7-a786-b895e63df0ca" testListId="8c84fa94-04c1-424b-9868-57a2d4851a1d" />
    <TestEntry testId="bf8d17a5-8ab9-9c2d-75d9-ed49ea465a0e" executionId="d085c189-837d-4e9a-ab73-df0b43887cb9" testListId="8c84fa94-04c1-424b-9868-57a2d4851a1d" />
    <TestEntry testId="83ec863b-eca1-8874-a60e-5fb79bd7865b" executionId="8a0f0e0c-5e41-45b2-bea3-88c70418274c" testListId="8c84fa94-04c1-424b-9868-57a2d4851a1d" />
    <TestEntry testId="feef87e4-c405-4c19-a4c4-70e0dfe87c1f" executionId="2e856073-45b1-4144-8f62-3fbd4c98183a" testListId="8c84fa94-04c1-424b-9868-57a2d4851a1d" />
    <TestEntry testId="e170dba3-9d2d-0d55-19eb-dbd7489e2ac7" executionId="ceaaee4b-24a4-4b07-b126-50084f88cf95" testListId="8c84fa94-04c1-424b-9868-57a2d4851a1d" />
    <TestEntry testId="c340d34b-bdea-6212-d526-6218021b697c" executionId="8aa2d2af-55df-4d5b-95cf-967f3271b8ef" testListId="8c84fa94-04c1-424b-9868-57a2d4851a1d" />
    <TestEntry testId="4f0017b6-a55c-c4b7-fe61-247fe81435a1" executionId="4c8a31cd-b91a-4656-8d1c-2ea1a95e23a3" testListId="8c84fa94-04c1-424b-9868-57a2d4851a1d" />
    <TestEntry testId="b5e28d73-388f-fea8-a2ac-06109aef9ad6" executionId="ad7004b6-1334-4463-ab2c-168c50898f71" testListId="8c84fa94-04c1-424b-9868-57a2d4851a1d" />
    <TestEntry testId="b662ab51-2162-e309-4156-3d962a5f8fca" executionId="55b78db9-cc0e-42be-a97c-6dc17574e434" testListId="8c84fa94-04c1-424b-9868-57a2d4851a1d" />
    <TestEntry testId="1acd4ba0-5788-a03f-b936-8378972a1f49" executionId="88342513-5299-4483-b5d8-01a34b0d36ab" testListId="8c84fa94-04c1-424b-9868-57a2d4851a1d" />
    <TestEntry testId="4c467bd5-f670-4a3a-a868-a28c6a48ad11" executionId="b12bb738-b1dc-4821-ab9c-64a0a03ab822" testListId="8c84fa94-04c1-424b-9868-57a2d4851a1d" />
    <TestEntry testId="294f1825-f4af-d149-e894-e0c64b892483" executionId="4c072e6a-97f5-4353-bb7a-f431a8eb522b" testListId="8c84fa94-04c1-424b-9868-57a2d4851a1d" />
    <TestEntry testId="83c5ca62-ee1d-2542-d243-050f5c7f0300" executionId="d0575939-31ed-463b-9c82-09b97106b619" testListId="8c84fa94-04c1-424b-9868-57a2d4851a1d" />
    <TestEntry testId="0d809b66-9cd2-27a1-31ba-49600aa9fa37" executionId="2af4df9c-acbd-48ad-9bf7-4f341ca73f8b" testListId="8c84fa94-04c1-424b-9868-57a2d4851a1d" />
    <TestEntry testId="bc8b60a5-9c06-2ab4-e512-8dd78ec0ace3" executionId="7051fe68-4753-42ed-ba5a-8474f4aa8cfa" testListId="8c84fa94-04c1-424b-9868-57a2d4851a1d" />
    <TestEntry testId="62474473-abd7-12a2-bf3c-1c9b0f04339d" executionId="625c3b3f-7fb2-4e36-bd3d-9fc5cd61291e" testListId="8c84fa94-04c1-424b-9868-57a2d4851a1d" />
    <TestEntry testId="b2449253-a06d-4d14-8d2b-a468c1c985e3" executionId="844e284b-fd78-4950-a28d-a52d3d9378a3" testListId="8c84fa94-04c1-424b-9868-57a2d4851a1d" />
    <TestEntry testId="a65b8281-0651-6b0d-7097-dd2a328db5ef" executionId="4a1aeee5-8276-41d8-ba8f-f2f74625d880" testListId="8c84fa94-04c1-424b-9868-57a2d4851a1d" />
    <TestEntry testId="8ae58884-12ca-8cc4-f006-255606e482f7" executionId="f2d70663-3221-45e3-b079-aa4cb7fbe073" testListId="8c84fa94-04c1-424b-9868-57a2d4851a1d" />
    <TestEntry testId="4a1ef16f-4712-ced7-6090-43850a135b37" executionId="0bc43032-6a51-4597-9b34-1792e29c526c" testListId="8c84fa94-04c1-424b-9868-57a2d4851a1d" />
    <TestEntry testId="65e4ee26-b2e7-6302-26c2-61bea172fde4" executionId="995b778e-4880-46b0-bdf7-abfa2dda07fc" testListId="8c84fa94-04c1-424b-9868-57a2d4851a1d" />
    <TestEntry testId="1aea6a56-6898-7e93-ab34-2498131d665d" executionId="261243f0-7335-4ccc-8345-8c4fa70a548c" testListId="8c84fa94-04c1-424b-9868-57a2d4851a1d" />
    <TestEntry testId="32ec27a2-5cf7-c9ff-aa1d-346f54dad995" executionId="bee3ff20-c913-44bb-baff-0c946d3e150f" testListId="8c84fa94-04c1-424b-9868-57a2d4851a1d" />
    <TestEntry testId="63cfeabf-3726-2886-778a-0585a6f0eaca" executionId="92068642-324d-4e67-a76e-5028d34bbfa3" testListId="8c84fa94-04c1-424b-9868-57a2d4851a1d" />
    <TestEntry testId="54a63659-ef2d-9447-5f9c-d2222b1c5021" executionId="17eb02e3-362e-4d17-a745-67feed2850d1" testListId="8c84fa94-04c1-424b-9868-57a2d4851a1d" />
    <TestEntry testId="2730a92a-cb5c-2531-b17d-2c8176d68839" executionId="09f80cd1-1327-4ed8-8f87-8381aa17ad1b" testListId="8c84fa94-04c1-424b-9868-57a2d4851a1d" />
    <TestEntry testId="aa09bef9-d308-ead8-bb08-4a8c84e7a92f" executionId="49677adf-f492-4e82-80f4-abea15882bd0" testListId="8c84fa94-04c1-424b-9868-57a2d4851a1d" />
    <TestEntry testId="841a2c36-7fe3-5354-3840-4b3cbc53ec76" executionId="afc8e0e6-730b-4ae7-97d7-fe8ba5646e50" testListId="8c84fa94-04c1-424b-9868-57a2d4851a1d" />
    <TestEntry testId="15e86334-038f-db65-23a1-8e6f45f1a41b" executionId="e17ecbe8-2ebf-4732-b9b6-9020a0889c4d" testListId="8c84fa94-04c1-424b-9868-57a2d4851a1d" />
    <TestEntry testId="bdec2d6a-057e-96ef-61e6-0ddf915704be" executionId="90dcacdf-a8ca-4a11-a068-75c15db6d268" testListId="8c84fa94-04c1-424b-9868-57a2d4851a1d" />
    <TestEntry testId="217fb7fc-fdc1-c3d0-b402-3a39f4a5fb85" executionId="05dccf39-fac2-4ae2-9807-2023bae6b2e9" testListId="8c84fa94-04c1-424b-9868-57a2d4851a1d" />
    <TestEntry testId="64f0e039-281b-fa7a-6d08-d9d132f47698" executionId="5ea9ba93-8894-438c-a4af-f195750749eb" testListId="8c84fa94-04c1-424b-9868-57a2d4851a1d" />
    <TestEntry testId="a040fb55-9949-0fe1-8511-4a3fdb3ef472" executionId="2699ff2b-490a-47d6-ac8e-40b3b863d1b2" testListId="8c84fa94-04c1-424b-9868-57a2d4851a1d" />
    <TestEntry testId="4f68d97a-2cc6-9087-bc60-5cb630d46897" executionId="5791f8eb-b478-4cfc-877f-5fb2c333504c" testListId="8c84fa94-04c1-424b-9868-57a2d4851a1d" />
    <TestEntry testId="37210c58-6e62-d660-c249-310be3888bef" executionId="72222f4d-7e1b-447e-bb55-a7e806199ae5" testListId="8c84fa94-04c1-424b-9868-57a2d4851a1d" />
    <TestEntry testId="22394f02-1184-fd5d-6fa3-a5038814e818" executionId="81e9311a-40fa-4197-977d-736eb52ed595" testListId="8c84fa94-04c1-424b-9868-57a2d4851a1d" />
    <TestEntry testId="ce9b4575-e930-a54f-4c8f-4ac0748135d1" executionId="3e96fb52-81a5-46ab-bca8-9f5a653505a7" testListId="8c84fa94-04c1-424b-9868-57a2d4851a1d" />
    <TestEntry testId="e0f0038d-2f23-99fc-ef48-9d4435e3bcc4" executionId="df5eddc8-10fa-46e9-93cd-69829061a29a" testListId="8c84fa94-04c1-424b-9868-57a2d4851a1d" />
    <TestEntry testId="697148e1-9f6a-cc70-5601-546b0306d6e2" executionId="9f5269d2-c942-464b-92d5-b1599242d9fa" testListId="8c84fa94-04c1-424b-9868-57a2d4851a1d" />
    <TestEntry testId="1d03eea7-b352-aabe-1165-c41d56339e10" executionId="fd5aa40f-f9a6-49d9-b119-a6aba6052b8b" testListId="8c84fa94-04c1-424b-9868-57a2d4851a1d" />
    <TestEntry testId="ab0fbf8c-a78e-e4c1-5328-47345fadc5d0" executionId="00d761e3-984f-4f8d-a713-e6fc14f07c05" testListId="8c84fa94-04c1-424b-9868-57a2d4851a1d" />
    <TestEntry testId="f8b7a998-fb83-4e07-76f8-be1bb629de55" executionId="0769ca24-8585-450b-a6ab-637b2838cb87" testListId="8c84fa94-04c1-424b-9868-57a2d4851a1d" />
    <TestEntry testId="bc42cf62-9e45-5f2c-2c08-c5f637308ed8" executionId="6bf19b25-0542-4c09-ae39-abc69d407994" testListId="8c84fa94-04c1-424b-9868-57a2d4851a1d" />
    <TestEntry testId="10a47e8f-bf62-fff6-8cae-389a1a8e7ca3" executionId="187d87f1-3b99-4012-a01f-8f3583642497" testListId="8c84fa94-04c1-424b-9868-57a2d4851a1d" />
    <TestEntry testId="11e2abd5-0534-c911-edcb-908c840e1651" executionId="30da4e4f-fb86-4185-a76d-087d3634865f" testListId="8c84fa94-04c1-424b-9868-57a2d4851a1d" />
    <TestEntry testId="663f08d6-f428-0871-000b-06443ed19dde" executionId="6e35d643-7114-4c5c-951e-2b05b78c8702" testListId="8c84fa94-04c1-424b-9868-57a2d4851a1d" />
    <TestEntry testId="26a2f0e3-48a3-c4f2-79f5-cc22eb1c3316" executionId="d1712ced-a06a-4153-889d-47dbef33210b" testListId="8c84fa94-04c1-424b-9868-57a2d4851a1d" />
    <TestEntry testId="f4b99a4b-0e0a-f734-eb1e-23631533d4ad" executionId="f26ad3b3-02a9-44b1-aeba-171487b4b757" testListId="8c84fa94-04c1-424b-9868-57a2d4851a1d" />
    <TestEntry testId="cd8bf215-8e1d-ca22-3398-762b8bd8e40b" executionId="6a7f9d1f-bbeb-4505-b7d7-0d89c2607776" testListId="8c84fa94-04c1-424b-9868-57a2d4851a1d" />
    <TestEntry testId="4ded5afd-aa24-0725-71bb-421e7037f398" executionId="77167798-4412-4c30-8a84-0149c7d6ac07" testListId="8c84fa94-04c1-424b-9868-57a2d4851a1d" />
    <TestEntry testId="6e98a4cc-16fd-e97f-f754-b6d15d6cef30" executionId="e4a85a39-5d92-411c-bc8b-a776a3e06bb9" testListId="8c84fa94-04c1-424b-9868-57a2d4851a1d" />
    <TestEntry testId="3afdf5d3-4a44-18ec-3a6a-82456d0c8a5d" executionId="1d54d0b3-165a-4976-8d5f-69bf3e9bbcd5" testListId="8c84fa94-04c1-424b-9868-57a2d4851a1d" />
    <TestEntry testId="7f8142ae-21ca-bd2a-be95-c26d74599fd8" executionId="f9fe661d-aa4b-4868-bde3-87514fe909f5" testListId="8c84fa94-04c1-424b-9868-57a2d4851a1d" />
    <TestEntry testId="fcde8083-e1f0-ed29-76bb-3d7c7242f18a" executionId="76fcef51-75cc-487e-b9e4-61a7c28bb69d" testListId="8c84fa94-04c1-424b-9868-57a2d4851a1d" />
    <TestEntry testId="2588d55a-4ed1-00e5-f06c-1392e96d9957" executionId="d2a9883b-2904-42ab-91d0-0369c74a0ee0" testListId="8c84fa94-04c1-424b-9868-57a2d4851a1d" />
    <TestEntry testId="0a843ada-a3b7-d37d-4c0b-83fd933d6d63" executionId="bd1935e2-408b-4179-b880-a459b1b6bffa" testListId="8c84fa94-04c1-424b-9868-57a2d4851a1d" />
    <TestEntry testId="0ac3c6cb-3a41-61bc-c48a-e91123dca566" executionId="1f6774e2-75f6-49cd-b18a-9b667d446aec" testListId="8c84fa94-04c1-424b-9868-57a2d4851a1d" />
    <TestEntry testId="42264ab4-17dd-11b2-49a0-25caa6511b44" executionId="05397776-4dd3-41f0-8541-d733c64b0929" testListId="8c84fa94-04c1-424b-9868-57a2d4851a1d" />
    <TestEntry testId="3d0f105c-4417-f6a6-a65a-7db5ba350b36" executionId="c0114010-b2c6-4a08-874f-bd06ed9e9cad" testListId="8c84fa94-04c1-424b-9868-57a2d4851a1d" />
    <TestEntry testId="bf801bf4-97dc-ff4f-5777-fb98d160ecb1" executionId="d0e428ed-8a22-4868-a76a-e8f3a2115180" testListId="8c84fa94-04c1-424b-9868-57a2d4851a1d" />
    <TestEntry testId="c964b7dd-8936-743d-f7fe-fa74987ce852" executionId="18629de7-384e-43ec-ba89-b03dc499dff4" testListId="8c84fa94-04c1-424b-9868-57a2d4851a1d" />
    <TestEntry testId="09a30f2a-b67d-ee7f-3e26-3052cae45c92" executionId="a79469f1-b685-46c5-a947-93ac2af21613" testListId="8c84fa94-04c1-424b-9868-57a2d4851a1d" />
    <TestEntry testId="db74b12e-c1b4-76cf-e02b-af099a30335c" executionId="9050d482-a788-42b0-b62b-bf4844316813" testListId="8c84fa94-04c1-424b-9868-57a2d4851a1d" />
    <TestEntry testId="c60cc98d-f339-1c5b-e7b3-38b165b42c6f" executionId="fe228d2f-c913-42c4-98ab-61cff7457037" testListId="8c84fa94-04c1-424b-9868-57a2d4851a1d" />
    <TestEntry testId="e3b88f82-e935-e502-8875-1e25909b9a65" executionId="1d93d962-65ae-40c2-9f4f-e0b60a020ef5" testListId="8c84fa94-04c1-424b-9868-57a2d4851a1d" />
    <TestEntry testId="4b9b0c43-9719-feac-33fa-715bef7a95d8" executionId="9e72f0ab-c8ee-403c-9bc5-cdd4a8a84476" testListId="8c84fa94-04c1-424b-9868-57a2d4851a1d" />
    <TestEntry testId="40d01c18-ceb4-fb2a-45df-76523091818e" executionId="18893e3d-3ce1-4aa8-b592-8e3091e2bb7b" testListId="8c84fa94-04c1-424b-9868-57a2d4851a1d" />
    <TestEntry testId="329b8bfa-012c-f23c-36f9-5d2e24b55640" executionId="ced8d473-76c7-4d2d-b05f-a1391f572997" testListId="8c84fa94-04c1-424b-9868-57a2d4851a1d" />
    <TestEntry testId="1ae1ddf9-5609-2980-978f-153f492b1628" executionId="93646e54-32ef-4daa-994a-e798efa18401" testListId="8c84fa94-04c1-424b-9868-57a2d4851a1d" />
    <TestEntry testId="fe4adc9d-9372-b622-d6e5-88b6edf16490" executionId="b5a5bbc9-af08-4efa-8d7e-3c3296134120" testListId="8c84fa94-04c1-424b-9868-57a2d4851a1d" />
    <TestEntry testId="6df6148c-768c-d151-617a-692ff45f499e" executionId="ce2f25e9-9d82-4582-a5ab-da5e41f9f9c2" testListId="8c84fa94-04c1-424b-9868-57a2d4851a1d" />
    <TestEntry testId="5eb0bf34-7a71-e6db-0ca3-eefeafd4ec15" executionId="b0d0da4e-db8d-494c-8787-5f44ec28bb66" testListId="8c84fa94-04c1-424b-9868-57a2d4851a1d" />
    <TestEntry testId="c9b909d6-5ea1-1a66-81c1-21c60429455c" executionId="db2d246f-3235-4948-9001-2ec153a222ad" testListId="8c84fa94-04c1-424b-9868-57a2d4851a1d" />
    <TestEntry testId="66edb23f-88bf-ccd9-099e-fcf17179eb30" executionId="aaca2615-852e-44e7-8d90-4d15c8f35417" testListId="8c84fa94-04c1-424b-9868-57a2d4851a1d" />
    <TestEntry testId="be6fa0be-d3e1-480c-be90-801ff67b159d" executionId="b6e86298-3ba2-41d0-804f-2ef2a12d0038" testListId="8c84fa94-04c1-424b-9868-57a2d4851a1d" />
    <TestEntry testId="47f11de9-912a-771a-e508-3881c1a73005" executionId="13bf06ac-b232-4955-ad3a-85e6be2d924e" testListId="8c84fa94-04c1-424b-9868-57a2d4851a1d" />
    <TestEntry testId="fafd40ea-b8cb-caf7-df40-634a25253d89" executionId="2618294d-1161-4475-9a18-3f552f2e8361" testListId="8c84fa94-04c1-424b-9868-57a2d4851a1d" />
    <TestEntry testId="8f8a472c-0af6-ff36-0884-034c9364c8f8" executionId="49c708d4-0c6a-4874-aba2-3235cd9ef5e0" testListId="8c84fa94-04c1-424b-9868-57a2d4851a1d" />
    <TestEntry testId="c125c34f-9865-0fb6-3e98-43182dccd779" executionId="cff69ce0-eb0d-4d93-8eae-5249ea411dc4" testListId="8c84fa94-04c1-424b-9868-57a2d4851a1d" />
    <TestEntry testId="02f0abdb-7e7c-bfa4-2999-125f8bd22c20" executionId="e04baef1-70c4-4b9c-8a76-957ada13bd7b" testListId="8c84fa94-04c1-424b-9868-57a2d4851a1d" />
    <TestEntry testId="0c546a93-3088-659a-5c6b-7cba60dc6ea3" executionId="474d88ef-0825-4364-aad5-c76720defb29" testListId="8c84fa94-04c1-424b-9868-57a2d4851a1d" />
    <TestEntry testId="9e6893bf-e9e3-cad2-f9ee-3f3d1aab43f2" executionId="6d1e25c2-3318-412b-8feb-8258adc0b0a8" testListId="8c84fa94-04c1-424b-9868-57a2d4851a1d" />
    <TestEntry testId="5dddee6c-e243-7641-d37b-0160243f5272" executionId="5e30cd04-1a77-4d30-af57-5a2a3422ce95" testListId="8c84fa94-04c1-424b-9868-57a2d4851a1d" />
    <TestEntry testId="aba185a1-a717-d1a2-381d-b5033dbd364d" executionId="b274cdde-8176-4cc8-a1c4-106ad8255c49" testListId="8c84fa94-04c1-424b-9868-57a2d4851a1d" />
    <TestEntry testId="c2c27e7d-403c-d8fa-0e25-38f30bc0be09" executionId="6e44ba3b-0b2b-4848-b8ee-2b106550567d" testListId="8c84fa94-04c1-424b-9868-57a2d4851a1d" />
    <TestEntry testId="dd4d2c4c-9941-f4d8-ec1e-05ac56014322" executionId="bdcc3fee-4d97-432d-a085-4f28f5ca7bfb" testListId="8c84fa94-04c1-424b-9868-57a2d4851a1d" />
    <TestEntry testId="2043b7c1-b34f-9194-33f2-ba3146a183fc" executionId="9294926a-441b-4e4a-b4b5-c61f335ace9c" testListId="8c84fa94-04c1-424b-9868-57a2d4851a1d" />
    <TestEntry testId="4fd7f23a-5ab2-a33d-076e-0645c1f24790" executionId="919f0170-ffec-44a6-b37e-06305408486f" testListId="8c84fa94-04c1-424b-9868-57a2d4851a1d" />
    <TestEntry testId="ac898324-a46c-ecb7-7c94-f29be77baf41" executionId="d5e16b1c-2436-4883-9ce9-0ac5144f8176" testListId="8c84fa94-04c1-424b-9868-57a2d4851a1d" />
    <TestEntry testId="562ac2c9-6fb2-7f1d-fada-ebc702ebdef3" executionId="44dd81f1-b2fb-4e6d-a4bf-79759206cd90" testListId="8c84fa94-04c1-424b-9868-57a2d4851a1d" />
    <TestEntry testId="8b9808c9-d352-3fbc-d4f4-672d7454ffbf" executionId="23c4c7f9-655a-4bc4-b0e5-bf66b9c5060b" testListId="8c84fa94-04c1-424b-9868-57a2d4851a1d" />
    <TestEntry testId="6d9f5037-fa38-0b3c-7890-81cdd0d8bc3a" executionId="675ebb7a-c016-44e7-a322-43abc5a7a8a1" testListId="8c84fa94-04c1-424b-9868-57a2d4851a1d" />
    <TestEntry testId="fd5146db-5deb-22ea-6c9b-a100cb3e6646" executionId="37c7ecda-cc8f-4b97-8821-4c997182d41d" testListId="8c84fa94-04c1-424b-9868-57a2d4851a1d" />
    <TestEntry testId="460c44e7-83c6-5926-d5ea-73e55df5a3df" executionId="846a0d8e-9079-42bc-b4b7-e60e7122035d" testListId="8c84fa94-04c1-424b-9868-57a2d4851a1d" />
    <TestEntry testId="c7b0b799-c8d2-9664-c8c2-5ec1950cceb7" executionId="8f079cba-5e6d-4472-ad73-0359959b1e36" testListId="8c84fa94-04c1-424b-9868-57a2d4851a1d" />
    <TestEntry testId="594bd107-426f-410b-b0d2-4a5da17a0b65" executionId="460ddd10-c1c8-4991-81d3-00d65d76725a" testListId="8c84fa94-04c1-424b-9868-57a2d4851a1d" />
    <TestEntry testId="1e15bedd-6e83-bdb4-9d7e-79c93326b1d6" executionId="efd317a2-6f77-4ffc-bd0f-79e6c3e397b8" testListId="8c84fa94-04c1-424b-9868-57a2d4851a1d" />
    <TestEntry testId="af7ad1b9-eb5d-b422-f000-ea5590c99af9" executionId="6b87fe03-f4be-4fc6-a622-80cc8caaeb68" testListId="8c84fa94-04c1-424b-9868-57a2d4851a1d" />
    <TestEntry testId="123eec87-e2d1-bb88-d15b-c14e8656a979" executionId="474e4f32-319d-4168-88bf-5f3ef46f58ae" testListId="8c84fa94-04c1-424b-9868-57a2d4851a1d" />
    <TestEntry testId="2c10f606-8073-1280-0c71-4bacf0206565" executionId="6d9adaa2-6b46-4cdc-9169-8d03fca9937a" testListId="8c84fa94-04c1-424b-9868-57a2d4851a1d" />
    <TestEntry testId="08fa86bf-49d4-f724-9acb-3c5986460345" executionId="6c606f04-398f-42b1-ae7d-12e3379eb83f" testListId="8c84fa94-04c1-424b-9868-57a2d4851a1d" />
    <TestEntry testId="7297ecd5-e6cf-b5ca-5035-0ca0355b9510" executionId="3d802f9b-22f4-44fc-b5b5-07cc0bbb1e61" testListId="8c84fa94-04c1-424b-9868-57a2d4851a1d" />
    <TestEntry testId="b40f80f2-2b1c-baa5-e604-3b983d6d02bb" executionId="cf221b51-9e72-454b-8f69-d1c3362616bb" testListId="8c84fa94-04c1-424b-9868-57a2d4851a1d" />
    <TestEntry testId="fe3c2b8d-8da1-2f01-99b2-54a35fec679e" executionId="d1a2b0f0-3804-48ef-b875-10090a52cebb" testListId="8c84fa94-04c1-424b-9868-57a2d4851a1d" />
    <TestEntry testId="c36e7114-8f2f-293f-8747-7a38d566f01f" executionId="3b443d95-f154-4514-9dfe-f81780a2221f" testListId="8c84fa94-04c1-424b-9868-57a2d4851a1d" />
    <TestEntry testId="d92482f2-43ab-180e-310a-d0355e974dfc" executionId="17595ab7-f16d-46bc-a598-ededeb357ebb" testListId="8c84fa94-04c1-424b-9868-57a2d4851a1d" />
    <TestEntry testId="ba673057-1818-4b15-c540-2307484bb8a9" executionId="77bb604a-bb03-4816-b93d-eb49936187dd" testListId="8c84fa94-04c1-424b-9868-57a2d4851a1d" />
    <TestEntry testId="f0fae82f-9605-bb61-42c9-0ab6d9ab3188" executionId="0c452418-eaec-465e-9c87-ddc9c26ce8b5" testListId="8c84fa94-04c1-424b-9868-57a2d4851a1d" />
    <TestEntry testId="2533a5c7-86b7-3247-3f04-f3092813e4b1" executionId="a74e7da9-bb2e-427f-941d-774a5112646d" testListId="8c84fa94-04c1-424b-9868-57a2d4851a1d" />
    <TestEntry testId="a1b46be8-e049-2c30-c516-28c23ac9e4c7" executionId="74cc0fe8-5e71-48fd-9c25-4a3e6e221c9d" testListId="8c84fa94-04c1-424b-9868-57a2d4851a1d" />
    <TestEntry testId="9988d422-6910-f7e6-cc6b-410e0299175d" executionId="549783e3-9d36-48de-8b9d-803b90e7858a" testListId="8c84fa94-04c1-424b-9868-57a2d4851a1d" />
    <TestEntry testId="161ca94d-abdf-b4a8-73fb-5f233d7073a9" executionId="10aedf42-5be5-4214-ad5a-b2a6c151d79a" testListId="8c84fa94-04c1-424b-9868-57a2d4851a1d" />
    <TestEntry testId="0f8ff81f-c78f-8a4f-7c54-2b25a4d92000" executionId="e4c6031d-f2a0-4d4d-bf29-76389adf50ea" testListId="8c84fa94-04c1-424b-9868-57a2d4851a1d" />
    <TestEntry testId="dbd69358-deb1-8c87-a6a3-f861bb71bb5f" executionId="4766db06-a652-4485-9eaa-9b503fc1f29a" testListId="8c84fa94-04c1-424b-9868-57a2d4851a1d" />
    <TestEntry testId="09994ae3-4965-c68f-7bae-75163c7ffb9a" executionId="b53b7e65-e602-4e1a-b92e-5d4d4c1cd285" testListId="8c84fa94-04c1-424b-9868-57a2d4851a1d" />
    <TestEntry testId="ba569b42-5a15-ce01-4aeb-88e27e18863e" executionId="be6c3779-2235-4544-91b1-fbd5ccc23cf6" testListId="8c84fa94-04c1-424b-9868-57a2d4851a1d" />
    <TestEntry testId="93b156d6-6b28-9f4b-cac0-f6cb20b8a855" executionId="85ef3483-353c-4859-9b18-faa439a8986f" testListId="8c84fa94-04c1-424b-9868-57a2d4851a1d" />
    <TestEntry testId="d53b6183-32af-cdf5-fbdd-78c97968184f" executionId="d839a432-4197-42ea-85c6-0230603d3b75" testListId="8c84fa94-04c1-424b-9868-57a2d4851a1d" />
    <TestEntry testId="514bf92e-84c3-6dda-6dd9-e9b18774c4eb" executionId="f1036a08-9e43-4119-bb7d-37c1be6827b5" testListId="8c84fa94-04c1-424b-9868-57a2d4851a1d" />
    <TestEntry testId="791fb622-372e-8690-d340-c81a7980f7bc" executionId="72453d51-50b4-430a-b393-6528f330e2a4" testListId="8c84fa94-04c1-424b-9868-57a2d4851a1d" />
    <TestEntry testId="6997a60b-f9e4-dc3f-9d05-b9d03fb73d78" executionId="de40cf5e-b828-408a-8591-256641a38231" testListId="8c84fa94-04c1-424b-9868-57a2d4851a1d" />
    <TestEntry testId="a0e04add-82db-014a-fbd7-9beb41e067af" executionId="0b35b55e-2e8e-495f-a49c-2e2b5e0f417b" testListId="8c84fa94-04c1-424b-9868-57a2d4851a1d" />
    <TestEntry testId="a8e0c543-6ddf-047d-883c-e4c7f45c88a4" executionId="98fa8830-896e-4e8f-a886-e0cfb366f109" testListId="8c84fa94-04c1-424b-9868-57a2d4851a1d" />
    <TestEntry testId="d6c32294-fbde-6093-3bf4-be27c444c0aa" executionId="fc5fce23-e976-4327-80e8-f74fb0173fa1" testListId="8c84fa94-04c1-424b-9868-57a2d4851a1d" />
    <TestEntry testId="fa2426b8-924e-08ce-907b-b0d8feb658b3" executionId="d53a0073-92a9-49ab-98cb-e5e0bd9c60a4" testListId="8c84fa94-04c1-424b-9868-57a2d4851a1d" />
    <TestEntry testId="15f5e37a-06ec-2291-b251-9e7658acd688" executionId="ac3566f0-03f9-4d71-892e-8bee132f409e" testListId="8c84fa94-04c1-424b-9868-57a2d4851a1d" />
    <TestEntry testId="91e921d4-6472-8b48-019f-ca3f5f2432a8" executionId="bc664e48-9d6c-4c9a-b15d-16837f66341c" testListId="8c84fa94-04c1-424b-9868-57a2d4851a1d" />
    <TestEntry testId="46fecb5b-0e50-f5f4-17b4-b0a6f33c04f6" executionId="a9a5e632-be16-4ff0-bcf8-97835cf5ee0f" testListId="8c84fa94-04c1-424b-9868-57a2d4851a1d" />
    <TestEntry testId="785e1557-17c3-fe2c-2532-a1437f3ca7d7" executionId="504d089d-7da0-459f-804e-1f0b85c32556" testListId="8c84fa94-04c1-424b-9868-57a2d4851a1d" />
    <TestEntry testId="8ae9c903-52ca-43d2-e7a7-545627298d17" executionId="5e22d147-515d-4514-8d8b-76f2228cbe33" testListId="8c84fa94-04c1-424b-9868-57a2d4851a1d" />
    <TestEntry testId="dfbde3d5-b2f6-f36d-123d-479ede8e462f" executionId="c493c541-5862-44d3-b298-26f8f9fbb2f3" testListId="8c84fa94-04c1-424b-9868-57a2d4851a1d" />
    <TestEntry testId="d848f353-b8a7-2963-4c38-1510ee30e3d6" executionId="f3670456-e36c-4b2d-8200-b71e4b437f53" testListId="8c84fa94-04c1-424b-9868-57a2d4851a1d" />
    <TestEntry testId="87a293f2-78b0-3552-2793-acd8a39e843f" executionId="852b5046-cfee-4454-af3f-6e2eeef9d5d5" testListId="8c84fa94-04c1-424b-9868-57a2d4851a1d" />
    <TestEntry testId="21e5c0e8-d806-85e0-1dff-f371cfee8e60" executionId="9999d3de-898b-4601-b8de-191fdee93aa9" testListId="8c84fa94-04c1-424b-9868-57a2d4851a1d" />
    <TestEntry testId="9cba4039-96ad-bdb2-0aa6-29ee6f4f910a" executionId="a4963f30-7c77-45ec-aac2-9392b1a9b761" testListId="8c84fa94-04c1-424b-9868-57a2d4851a1d" />
    <TestEntry testId="6e4974a9-f992-726a-79dc-33fe12aa9f47" executionId="f79d5232-457e-46ee-b71b-a60987c46a7b" testListId="8c84fa94-04c1-424b-9868-57a2d4851a1d" />
    <TestEntry testId="afc58a17-0356-b749-92c5-025e62d4306d" executionId="acb97fe8-fcfb-4497-a9ff-5cbd07f13d22" testListId="8c84fa94-04c1-424b-9868-57a2d4851a1d" />
    <TestEntry testId="164b1290-a3d2-2331-d50b-344d944ad2ec" executionId="9779fa07-2816-461d-9373-c75ba0ddd3d8" testListId="8c84fa94-04c1-424b-9868-57a2d4851a1d" />
    <TestEntry testId="1655ff07-5029-105d-56df-a9128affa2e1" executionId="a1d1524f-ba6a-4cb3-b934-5243c9d28bdd" testListId="8c84fa94-04c1-424b-9868-57a2d4851a1d" />
    <TestEntry testId="5caa7ae9-76d6-30f4-93c6-f19ff6274838" executionId="eb102a99-d973-40b8-908b-962497f07dfc" testListId="8c84fa94-04c1-424b-9868-57a2d4851a1d" />
    <TestEntry testId="feb5ba39-a4b8-ce19-f51d-db4874cfe510" executionId="1707b9e3-8575-456e-970d-17cca28f698d" testListId="8c84fa94-04c1-424b-9868-57a2d4851a1d" />
    <TestEntry testId="f5c2d67c-8748-2230-f4da-88e0b33c1666" executionId="31ca2f25-ecc0-4618-a6bb-a9748ff995bf" testListId="8c84fa94-04c1-424b-9868-57a2d4851a1d" />
    <TestEntry testId="bd367167-fdfb-d3d0-faec-2d07ba643bcc" executionId="fea8a39d-3b93-406c-a8ec-61372c4985eb" testListId="8c84fa94-04c1-424b-9868-57a2d4851a1d" />
    <TestEntry testId="2eddbfab-ea6c-a3de-314a-eb08b574b6d3" executionId="7293c949-55c0-4c8a-86f1-ba84581cfd67" testListId="8c84fa94-04c1-424b-9868-57a2d4851a1d" />
    <TestEntry testId="af40ed3f-b85e-e3c0-1a4d-e2d03bce308c" executionId="a2037824-84ac-4edf-b20e-12a7a6f38323" testListId="8c84fa94-04c1-424b-9868-57a2d4851a1d" />
    <TestEntry testId="e03d48c0-9c82-2f1b-7632-7d5803468281" executionId="e3f2d462-31cc-4076-812b-de52f4c1a93d" testListId="8c84fa94-04c1-424b-9868-57a2d4851a1d" />
    <TestEntry testId="2e6942b2-b987-6a7b-cf44-ba9a9146eea4" executionId="05d41792-867b-491c-bffd-94f5f2c5576f" testListId="8c84fa94-04c1-424b-9868-57a2d4851a1d" />
    <TestEntry testId="af81a5e7-d8be-6f61-3d39-0c1b497e0949" executionId="7794c3c3-f8c5-4e70-9960-254e0fb9b101" testListId="8c84fa94-04c1-424b-9868-57a2d4851a1d" />
    <TestEntry testId="f20ed462-d9ed-67a1-acff-dd7db3ec4b18" executionId="ead84e66-1857-4b6a-86d8-834ce05cf36a" testListId="8c84fa94-04c1-424b-9868-57a2d4851a1d" />
    <TestEntry testId="6b9a611f-bc5d-0373-9643-f05ad38fb9cf" executionId="c9186374-8cbf-44d1-b5eb-d5ee97df094b" testListId="8c84fa94-04c1-424b-9868-57a2d4851a1d" />
    <TestEntry testId="4458c131-9244-ee47-d909-7b552fdf2064" executionId="70c42152-09f9-4652-a5bb-97c7929a1cf3" testListId="8c84fa94-04c1-424b-9868-57a2d4851a1d" />
    <TestEntry testId="d1559594-10ef-b934-982b-8f790296b53a" executionId="ea04f747-59cf-422c-85c9-8a595bc654c0" testListId="8c84fa94-04c1-424b-9868-57a2d4851a1d" />
    <TestEntry testId="f8487574-9691-389f-7409-9b2691cbcdde" executionId="85bdf9ae-49c2-4f03-932d-372b621527f3" testListId="8c84fa94-04c1-424b-9868-57a2d4851a1d" />
    <TestEntry testId="a2d5064e-36db-5248-7897-c8db3cd09ce0" executionId="76191d7f-9348-4629-a17b-c3f745de59c2" testListId="8c84fa94-04c1-424b-9868-57a2d4851a1d" />
    <TestEntry testId="5ddcff6a-285f-c382-394a-52d4b8d6ee11" executionId="6405d8fd-8db5-4deb-9367-5efac6d5d2de" testListId="8c84fa94-04c1-424b-9868-57a2d4851a1d" />
    <TestEntry testId="d42a522d-4b8a-0bd7-dbff-47668548a918" executionId="44638fea-8d0e-4404-9250-0d357aa0291a" testListId="8c84fa94-04c1-424b-9868-57a2d4851a1d" />
    <TestEntry testId="c0b5ceb1-5ff1-7350-6099-ebbd2797bb8b" executionId="5516d292-21f9-4020-81f9-adfa798e2019" testListId="8c84fa94-04c1-424b-9868-57a2d4851a1d" />
    <TestEntry testId="770bebd6-6c78-f987-e771-de85b68597f7" executionId="5192a6c7-3930-497e-893e-191ecafbc305" testListId="8c84fa94-04c1-424b-9868-57a2d4851a1d" />
    <TestEntry testId="044b1f02-56f2-ca97-1549-024293696e79" executionId="bf6a1c3a-4b5f-4e80-aaf9-14cc014575ba" testListId="8c84fa94-04c1-424b-9868-57a2d4851a1d" />
    <TestEntry testId="d7c0501a-19e3-71b9-d7da-2d74f90bd3da" executionId="f3672072-c1fc-4a73-a679-d9920a82fb5f" testListId="8c84fa94-04c1-424b-9868-57a2d4851a1d" />
    <TestEntry testId="9d347b17-bc37-1189-7e65-ca74118ddf09" executionId="10fc24df-886a-45f1-9fd7-39cb25e5c511" testListId="8c84fa94-04c1-424b-9868-57a2d4851a1d" />
    <TestEntry testId="0c074a0d-47df-489d-eabe-73c7df4bc683" executionId="f1b79e2c-f868-4426-9703-0ab24c5013fc" testListId="8c84fa94-04c1-424b-9868-57a2d4851a1d" />
    <TestEntry testId="dcd56d1d-079b-d180-8d3f-d0ff256d75d8" executionId="efff542a-5f8e-426f-8f8a-283f53b56c83" testListId="8c84fa94-04c1-424b-9868-57a2d4851a1d" />
    <TestEntry testId="4d621791-bc91-3379-c0e4-109563875f56" executionId="7cbf8eda-54eb-4e04-86b9-02309aac2cf5" testListId="8c84fa94-04c1-424b-9868-57a2d4851a1d" />
    <TestEntry testId="d70e3482-561e-a061-36fb-6c0b7593afce" executionId="95d79446-2c69-442f-bd0c-e8b4a36a7f8b" testListId="8c84fa94-04c1-424b-9868-57a2d4851a1d" />
    <TestEntry testId="82329283-b9e5-f1c0-3ad4-b7aeb74c6c21" executionId="56839fcf-741a-46db-9f4a-5f5ef046e0f6" testListId="8c84fa94-04c1-424b-9868-57a2d4851a1d" />
    <TestEntry testId="e2dbda5a-af90-eb21-14c9-7154d982fe94" executionId="6b8a7217-3db0-4c6b-8a89-5b123ad82ea3" testListId="8c84fa94-04c1-424b-9868-57a2d4851a1d" />
    <TestEntry testId="73118bf3-1233-16a8-5bcb-2042402586dd" executionId="1ff5840c-983a-478b-ad9a-9dddb972e3c2" testListId="8c84fa94-04c1-424b-9868-57a2d4851a1d" />
    <TestEntry testId="6c4b9d41-f393-6231-be3f-5d7cc67c90ff" executionId="6ff5fdaa-6f21-43df-b418-87ed5e63ba6f" testListId="8c84fa94-04c1-424b-9868-57a2d4851a1d" />
    <TestEntry testId="26581296-23f8-2992-ab8a-ffeccde69deb" executionId="c739d04c-9c41-49a5-b532-311aea632325" testListId="8c84fa94-04c1-424b-9868-57a2d4851a1d" />
    <TestEntry testId="719ce86e-81c4-4ef5-cd14-e2ed5d1f733f" executionId="72bfe7f8-7e8a-4c67-bb67-54f842f0fa09" testListId="8c84fa94-04c1-424b-9868-57a2d4851a1d" />
    <TestEntry testId="11c3b846-f1e6-e283-1145-b72bcb77f444" executionId="79f22cf3-0097-4767-b944-97b9222f8959" testListId="8c84fa94-04c1-424b-9868-57a2d4851a1d" />
    <TestEntry testId="05ba0de4-8444-b0f5-01e1-4c2ff8335e56" executionId="ce908928-5c5b-4c3f-9a79-56b44bce4cfc" testListId="8c84fa94-04c1-424b-9868-57a2d4851a1d" />
    <TestEntry testId="d97b7660-9df4-4ca8-a8ee-4c87322452a6" executionId="b3336e91-8f94-4ce4-b52c-1dc3535d4141" testListId="8c84fa94-04c1-424b-9868-57a2d4851a1d" />
    <TestEntry testId="018e2e89-c2fb-030e-b697-aa88236d060f" executionId="43e0f731-dde5-4037-a2c0-66915aa5abc3" testListId="8c84fa94-04c1-424b-9868-57a2d4851a1d" />
    <TestEntry testId="66bc3c40-f947-9b5d-2832-142e912f7d34" executionId="49807e3d-6545-4fec-98ee-5cffe0556fbe" testListId="8c84fa94-04c1-424b-9868-57a2d4851a1d" />
    <TestEntry testId="1d012138-7635-0a45-278d-826a319e45ac" executionId="fcf6fbc9-93bc-4d00-85fb-0ca95d1e3b7a" testListId="8c84fa94-04c1-424b-9868-57a2d4851a1d" />
    <TestEntry testId="ac6e9ada-fa62-4340-e812-e85f3d9dabd0" executionId="a1061561-226f-427a-b45b-aee9df715aaf" testListId="8c84fa94-04c1-424b-9868-57a2d4851a1d" />
    <TestEntry testId="dd633c86-dcdb-094d-d814-a9de0c294044" executionId="b99e8117-b501-49fd-9337-c6fc54558eb5" testListId="8c84fa94-04c1-424b-9868-57a2d4851a1d" />
    <TestEntry testId="e4907dd7-da38-0db0-61c5-28476ac5f3c5" executionId="32ece42c-a6e3-4e4e-b3b2-681e7bbb073b" testListId="8c84fa94-04c1-424b-9868-57a2d4851a1d" />
    <TestEntry testId="8c2f0c3a-2eac-4206-0d82-2d785d862cd8" executionId="83c77d88-6943-4f08-b53a-1cfdc4e94e0e" testListId="8c84fa94-04c1-424b-9868-57a2d4851a1d" />
    <TestEntry testId="06a66612-0114-41da-c3a4-42ca4f38dd8d" executionId="93dc9b5a-df25-4978-9683-74d0a858b039" testListId="8c84fa94-04c1-424b-9868-57a2d4851a1d" />
    <TestEntry testId="aabf1c93-aae1-96a3-8a5c-4e4161f076b5" executionId="b4bfbab4-6be2-4f26-aff2-1213a0dcdd82" testListId="8c84fa94-04c1-424b-9868-57a2d4851a1d" />
    <TestEntry testId="41e6a6dc-80ec-3dde-b201-2d7ca8b6ce38" executionId="6b93caf1-0352-4b7c-904f-1f8a2dbab7fd" testListId="8c84fa94-04c1-424b-9868-57a2d4851a1d" />
    <TestEntry testId="12cbec8c-0f52-12d0-d4b4-998e84c461bf" executionId="7984c73d-4124-42a4-a1b3-f61b61ceb1eb" testListId="8c84fa94-04c1-424b-9868-57a2d4851a1d" />
    <TestEntry testId="31989c51-6fc8-50e7-8666-d8018f897006" executionId="c70cd006-8d4e-49cc-b2b8-f51d6c895705" testListId="8c84fa94-04c1-424b-9868-57a2d4851a1d" />
    <TestEntry testId="4a37295d-6792-acde-22a0-89365a0bb2ed" executionId="e26a77a7-533f-487b-84f7-09f00f3c3d87" testListId="8c84fa94-04c1-424b-9868-57a2d4851a1d" />
    <TestEntry testId="23aaddd1-b27c-b68f-28cc-d7432a7d3112" executionId="f1129942-a324-4e63-9844-46ee3456d6ea" testListId="8c84fa94-04c1-424b-9868-57a2d4851a1d" />
    <TestEntry testId="1244335b-d2c0-d98d-9964-e311ef7b8f4f" executionId="45360ff6-fd21-4000-88ab-5778729d7d0e" testListId="8c84fa94-04c1-424b-9868-57a2d4851a1d" />
    <TestEntry testId="a3b19c85-f282-1bf7-22cc-34b7a6378666" executionId="edd47cc3-c4ea-4706-8d7e-97a14acb3dad" testListId="8c84fa94-04c1-424b-9868-57a2d4851a1d" />
    <TestEntry testId="7f22a8d8-7f1c-c3c6-bd88-c22cc59b7d6d" executionId="a9d784c8-7c39-43b7-9700-9bacdf3aade0" testListId="8c84fa94-04c1-424b-9868-57a2d4851a1d" />
    <TestEntry testId="59dd8d4a-92f0-2503-041c-196b8985dc75" executionId="a78a18bb-a58d-4385-9505-1c961cd0630a" testListId="8c84fa94-04c1-424b-9868-57a2d4851a1d" />
    <TestEntry testId="80e2bd5c-7d7b-44ad-7139-a0eab64b5adb" executionId="7efc9397-cd1d-4e2c-8000-7958e2e8efbd" testListId="8c84fa94-04c1-424b-9868-57a2d4851a1d" />
    <TestEntry testId="39f65f06-894f-0b82-11d0-a6a785bd7236" executionId="68e1f032-93cd-4912-a3a8-2b6a69e50a90" testListId="8c84fa94-04c1-424b-9868-57a2d4851a1d" />
    <TestEntry testId="b0197713-c49a-afa4-7b0c-921c0cac0b4a" executionId="55ea6b77-013f-40a9-9f44-6cdd5257a7dc" testListId="8c84fa94-04c1-424b-9868-57a2d4851a1d" />
    <TestEntry testId="ef162393-1851-ecb0-1925-9096bac5d02d" executionId="b3da6a84-4409-4d5b-98e1-5ccb1da2cb1a" testListId="8c84fa94-04c1-424b-9868-57a2d4851a1d" />
    <TestEntry testId="70dc63dd-6db5-d4ce-6b91-a1d4e8f64037" executionId="8da1e7b3-ab85-41dd-b05a-f009f8f40e8f" testListId="8c84fa94-04c1-424b-9868-57a2d4851a1d" />
    <TestEntry testId="a4193514-8d12-deb0-d56a-ee86033d7347" executionId="8774fd61-6edd-4de0-bcf3-4d4d2a3a2f1c" testListId="8c84fa94-04c1-424b-9868-57a2d4851a1d" />
    <TestEntry testId="77b6e7a7-3872-5eb8-902d-3228c23f4a23" executionId="8e5c473c-6e67-453f-bf50-0fc6def1d57a" testListId="8c84fa94-04c1-424b-9868-57a2d4851a1d" />
    <TestEntry testId="4e85f19b-7c92-654c-149f-735d036241bb" executionId="d5662f56-15e2-4f7a-b49c-bbb94c4e5f78" testListId="8c84fa94-04c1-424b-9868-57a2d4851a1d" />
    <TestEntry testId="6bacf828-8a12-33f5-f68e-5982621f98c8" executionId="ee3d6471-5635-4c74-8b57-936c1088b578" testListId="8c84fa94-04c1-424b-9868-57a2d4851a1d" />
    <TestEntry testId="639477a8-ef37-e423-42ed-c3b418ea23bf" executionId="27d0eb55-8d79-474c-9c40-5c7376a0c88b" testListId="8c84fa94-04c1-424b-9868-57a2d4851a1d" />
    <TestEntry testId="8e1e9ba8-daec-5288-002e-64af32106f79" executionId="b1fd9a8a-715a-41d0-b51a-a3261fd79480" testListId="8c84fa94-04c1-424b-9868-57a2d4851a1d" />
    <TestEntry testId="c863a546-85d8-aed2-ca97-ad93b1f0db5d" executionId="a413be15-883f-44cd-a4cc-c73f28830eb2" testListId="8c84fa94-04c1-424b-9868-57a2d4851a1d" />
    <TestEntry testId="3b2668e9-f48e-5b01-3e50-cd0bf73394db" executionId="bc11612b-0700-448e-a9ed-e8bb561f0da0" testListId="8c84fa94-04c1-424b-9868-57a2d4851a1d" />
    <TestEntry testId="2e418e57-cf38-f623-be5d-520bc66e4943" executionId="aa68fcab-9320-4608-bfc1-da88c391d3f3" testListId="8c84fa94-04c1-424b-9868-57a2d4851a1d" />
    <TestEntry testId="ba66983b-3fdd-3b64-a015-f8ea12d9f188" executionId="d3021d12-584f-4d01-926c-def743093918" testListId="8c84fa94-04c1-424b-9868-57a2d4851a1d" />
    <TestEntry testId="9d49ff86-06e8-6f3e-65d2-e7f5af8827a1" executionId="aaaa64a0-9667-4ead-a707-3d9e4937d0a1" testListId="8c84fa94-04c1-424b-9868-57a2d4851a1d" />
    <TestEntry testId="50726f0c-eb00-a96f-99e0-949f10aa1055" executionId="ed4058ab-6d88-4031-a082-1eb71613152e" testListId="8c84fa94-04c1-424b-9868-57a2d4851a1d" />
    <TestEntry testId="ad354401-dc2d-642e-2255-83483719b6aa" executionId="eec7cbfa-acae-42aa-913d-e2b2d8e7ae68" testListId="8c84fa94-04c1-424b-9868-57a2d4851a1d" />
    <TestEntry testId="0a1a0e56-b04d-91c3-56b4-49432dfb5020" executionId="f130198e-5c40-4f18-b7d4-7cbf47581112" testListId="8c84fa94-04c1-424b-9868-57a2d4851a1d" />
    <TestEntry testId="f608b6d2-cbe9-a5dc-b4cc-65bf650ee73d" executionId="382a7fe3-3efd-4ba7-9a50-fb3afd544a1f" testListId="8c84fa94-04c1-424b-9868-57a2d4851a1d" />
    <TestEntry testId="465c0867-76b1-563c-535c-033ed584aaa8" executionId="eb0c41cc-f0fd-4d4b-83de-76106e6a0546" testListId="8c84fa94-04c1-424b-9868-57a2d4851a1d" />
    <TestEntry testId="344d1bbd-a53e-7c18-c1eb-f63d3767474f" executionId="68cd10c2-ceef-4cd9-a0c3-26b83b63c2b7" testListId="8c84fa94-04c1-424b-9868-57a2d4851a1d" />
    <TestEntry testId="aa1f3397-efe8-0dea-4d66-2732056401d2" executionId="ee72acfa-6daa-47ea-b54b-9ee0ae94666f" testListId="8c84fa94-04c1-424b-9868-57a2d4851a1d" />
    <TestEntry testId="6a245f2a-919d-90d2-4b2b-2349bbf5d94c" executionId="3a3e5500-e551-468e-84a0-16987b52ddad" testListId="8c84fa94-04c1-424b-9868-57a2d4851a1d" />
    <TestEntry testId="0edcf6c9-2c67-67b1-abd4-af2ea5c89182" executionId="67a33afa-ed27-4ee1-893f-68d0ee6adafd" testListId="8c84fa94-04c1-424b-9868-57a2d4851a1d" />
    <TestEntry testId="87d6fb0c-b810-e4b2-8298-b75d3b5e519d" executionId="3f2206cf-ede4-40a5-b9e1-cb0d5f47063d" testListId="8c84fa94-04c1-424b-9868-57a2d4851a1d" />
    <TestEntry testId="3792adcf-6d02-b879-480a-badadefc096d" executionId="64727942-fb8c-4647-936b-266c5abc97cf" testListId="8c84fa94-04c1-424b-9868-57a2d4851a1d" />
    <TestEntry testId="d5ee6ddd-96f7-0db7-359f-03f8c895754d" executionId="25f40dd2-b441-43b6-9abf-e53d77b4452a" testListId="8c84fa94-04c1-424b-9868-57a2d4851a1d" />
    <TestEntry testId="c0b09c55-c55d-7364-18f3-f7c5d286baff" executionId="a926ee8b-55f4-4198-b159-ca670c0b23c8" testListId="8c84fa94-04c1-424b-9868-57a2d4851a1d" />
    <TestEntry testId="3390dcfa-9abe-d587-19d4-c3247694662a" executionId="372931a5-64b3-4511-909b-b3213e2da016" testListId="8c84fa94-04c1-424b-9868-57a2d4851a1d" />
    <TestEntry testId="2ef75974-914f-1d91-f3b1-4f3850630376" executionId="75512f3f-eb85-48a8-8081-8bc496e0677b" testListId="8c84fa94-04c1-424b-9868-57a2d4851a1d" />
    <TestEntry testId="09617235-e74e-85d9-6c63-3b16e8becc54" executionId="454f6a24-6693-4f27-851a-e556990e907e" testListId="8c84fa94-04c1-424b-9868-57a2d4851a1d" />
    <TestEntry testId="6ebb4e07-3687-8f59-ced2-371aa620d7c1" executionId="934d3f1d-1a20-46fd-a0d9-53a5edb6f747" testListId="8c84fa94-04c1-424b-9868-57a2d4851a1d" />
    <TestEntry testId="4d8d70eb-86be-c387-7885-053ad4c6e374" executionId="d5783122-4168-46e3-bb23-50ab8e54735c" testListId="8c84fa94-04c1-424b-9868-57a2d4851a1d" />
    <TestEntry testId="79fdd438-18f8-0a34-8447-f6cf19674e4f" executionId="c609ef01-4923-4575-b819-176bd82e987c" testListId="8c84fa94-04c1-424b-9868-57a2d4851a1d" />
    <TestEntry testId="4cb7b4c8-ffbf-e203-2246-fb57039f0155" executionId="37169b37-5033-4c6e-8cb3-092db1c2f09a" testListId="8c84fa94-04c1-424b-9868-57a2d4851a1d" />
    <TestEntry testId="17de3b2f-b78b-b790-e313-97579fb64211" executionId="c026b89c-6094-49f2-8f21-0b53fdbaf56f" testListId="8c84fa94-04c1-424b-9868-57a2d4851a1d" />
    <TestEntry testId="cc67ae4d-c9b5-c297-cf93-b5084c27bedb" executionId="363fb420-f536-454f-9386-78f62543abcd" testListId="8c84fa94-04c1-424b-9868-57a2d4851a1d" />
    <TestEntry testId="bdb1e113-1bab-a008-2a59-04e70433a267" executionId="1feeda43-cd22-4c9e-b582-7c780d05b974" testListId="8c84fa94-04c1-424b-9868-57a2d4851a1d" />
    <TestEntry testId="1a818f28-7322-ded1-a1bd-2415f6b59c6c" executionId="24ce950b-caff-4840-8b16-ee461884675e" testListId="8c84fa94-04c1-424b-9868-57a2d4851a1d" />
    <TestEntry testId="59fb2f79-2017-b8ad-7f98-01fadc124298" executionId="fca2b618-5465-4b2a-9362-44cb100cb642" testListId="8c84fa94-04c1-424b-9868-57a2d4851a1d" />
    <TestEntry testId="96a8ff38-a71f-489e-bcb7-8f8b0060d306" executionId="aa46e06d-1dd5-45d1-b169-b7b790690e5c" testListId="8c84fa94-04c1-424b-9868-57a2d4851a1d" />
    <TestEntry testId="3d79a344-75f6-e578-90ad-665e432ae201" executionId="4fffbdbf-f0ef-4427-9f1a-99d3f16a220e" testListId="8c84fa94-04c1-424b-9868-57a2d4851a1d" />
    <TestEntry testId="15da28dc-926a-c756-26f1-32a6a04147d6" executionId="c78e2a23-96eb-4215-beb7-b0842caeddba" testListId="8c84fa94-04c1-424b-9868-57a2d4851a1d" />
    <TestEntry testId="cdd26a69-eb75-039c-858a-54ae69d2c7d4" executionId="bf27c65d-0104-47d8-8273-e113e57a37d5" testListId="8c84fa94-04c1-424b-9868-57a2d4851a1d" />
    <TestEntry testId="bfb0fdee-c32c-eb11-000f-f283b0d59b2f" executionId="fc3b0d28-09a8-4d87-a64a-6ddcfe593f03" testListId="8c84fa94-04c1-424b-9868-57a2d4851a1d" />
    <TestEntry testId="d4cd5c5e-58db-d134-b609-a2ade8b7f6b8" executionId="33ee16b7-22f8-4f87-b4d8-690a9c6eacd7" testListId="8c84fa94-04c1-424b-9868-57a2d4851a1d" />
    <TestEntry testId="671a2a1e-b372-3f20-cc8a-e36140eac5ac" executionId="93dc0e44-c224-4d66-9a46-fb042a4cfd76" testListId="8c84fa94-04c1-424b-9868-57a2d4851a1d" />
    <TestEntry testId="ab7a4746-ca12-c15e-a385-0cb87bfd7103" executionId="28961bda-f99b-471f-8956-586ec09920cd" testListId="8c84fa94-04c1-424b-9868-57a2d4851a1d" />
    <TestEntry testId="64edb8d5-8141-75e0-7fa6-6c09c2fca1bb" executionId="f0777a70-cd32-44dc-8b53-89775a0abc86" testListId="8c84fa94-04c1-424b-9868-57a2d4851a1d" />
    <TestEntry testId="a17f7b74-a160-7261-a48d-f7431739cec1" executionId="65d6be14-5382-4b8e-8f2a-5c567e2a2c8b" testListId="8c84fa94-04c1-424b-9868-57a2d4851a1d" />
    <TestEntry testId="8016723c-60b5-d8f1-edc0-c053750112cf" executionId="40064424-985a-4a93-8a68-74d0125ce629" testListId="8c84fa94-04c1-424b-9868-57a2d4851a1d" />
    <TestEntry testId="e7f2e4c6-779a-3876-5438-6a1d4caa82ad" executionId="b30412ff-25a4-47bf-b86f-78eb9462efbe" testListId="8c84fa94-04c1-424b-9868-57a2d4851a1d" />
    <TestEntry testId="ad69edf5-2a74-5775-9ce1-7334e33d3574" executionId="b20fa789-080b-49af-841e-17c1c391b443" testListId="8c84fa94-04c1-424b-9868-57a2d4851a1d" />
    <TestEntry testId="e89fe03c-f24b-250b-0c1d-47f1a55c052e" executionId="94b5fb24-de26-412d-8fb9-643689cf7876" testListId="8c84fa94-04c1-424b-9868-57a2d4851a1d" />
    <TestEntry testId="81ad0404-2221-456c-959b-f860cd838d05" executionId="aca85fea-e239-4c84-92fc-7a8cf55755aa" testListId="8c84fa94-04c1-424b-9868-57a2d4851a1d" />
    <TestEntry testId="795a2860-4e08-4924-b3a0-107349dedc7a" executionId="8f9a7e8f-8969-476a-b9d8-feae6fc87a0b" testListId="8c84fa94-04c1-424b-9868-57a2d4851a1d" />
    <TestEntry testId="33a84db1-e9dd-3ee3-fe47-0c9e4614fa0c" executionId="92e70840-63cc-4c98-8011-954e66af3b20" testListId="8c84fa94-04c1-424b-9868-57a2d4851a1d" />
    <TestEntry testId="c1751afa-b138-cff4-3d8c-f7874c92cebe" executionId="75ee24f7-e638-497d-bff1-e2f02c7fdc83" testListId="8c84fa94-04c1-424b-9868-57a2d4851a1d" />
    <TestEntry testId="0c5987a7-24b7-0c07-176b-2d0528370972" executionId="aff9b785-26bc-46f9-b236-a22b61b9c535" testListId="8c84fa94-04c1-424b-9868-57a2d4851a1d" />
    <TestEntry testId="9db528cd-051f-fa55-c61f-f599401fea74" executionId="f9baf650-c9d6-4eb2-ae8e-5b5cb9be3420" testListId="8c84fa94-04c1-424b-9868-57a2d4851a1d" />
    <TestEntry testId="b8d25fe9-04f7-6161-978d-339a6feb5746" executionId="2afac78a-7218-42de-9cb1-7d718898258d" testListId="8c84fa94-04c1-424b-9868-57a2d4851a1d" />
    <TestEntry testId="3c9a9ba6-1191-77bb-d230-b01888a8a40a" executionId="d321d42d-1051-4435-b8ab-fc1846a05672" testListId="8c84fa94-04c1-424b-9868-57a2d4851a1d" />
    <TestEntry testId="c6686b5a-e730-99e9-3a89-90fb4c2a3423" executionId="d9383aa2-721b-4686-aa42-1653bd39e81c" testListId="8c84fa94-04c1-424b-9868-57a2d4851a1d" />
    <TestEntry testId="5212e677-7370-96db-7d97-8f13450819da" executionId="4f894324-183c-43ea-8a20-2153b3435545" testListId="8c84fa94-04c1-424b-9868-57a2d4851a1d" />
    <TestEntry testId="006078c2-d29f-3d72-a114-1f6f5d1607f5" executionId="429e84fb-7ae2-4760-b627-f5e6a8f2e6db" testListId="8c84fa94-04c1-424b-9868-57a2d4851a1d" />
    <TestEntry testId="4102fb38-8c1d-fcf3-f680-53588b1c9b78" executionId="c6f4aff3-d37a-419c-ac16-334503dcb235" testListId="8c84fa94-04c1-424b-9868-57a2d4851a1d" />
    <TestEntry testId="56c63d12-affc-7d4e-a992-e6c381721b00" executionId="c3a64cfb-c58d-4cdc-b9ff-a961ed2e752c" testListId="8c84fa94-04c1-424b-9868-57a2d4851a1d" />
    <TestEntry testId="81a01f18-83d0-888c-5068-0b448c17d593" executionId="3403ebef-e65a-42c9-9f0f-36fc594af811" testListId="8c84fa94-04c1-424b-9868-57a2d4851a1d" />
    <TestEntry testId="3f47197b-8fb2-9dfa-2671-293144098e4d" executionId="85197148-a8f6-47c3-af74-771313326e9a" testListId="8c84fa94-04c1-424b-9868-57a2d4851a1d" />
    <TestEntry testId="26b9cf91-a34e-7e23-3d10-40fec74c21a6" executionId="430380bd-27b7-4f6e-af80-56bb1b150102" testListId="8c84fa94-04c1-424b-9868-57a2d4851a1d" />
    <TestEntry testId="25665956-c671-52ed-0bb9-169a4ca0f2a6" executionId="6fbc1615-e85b-4970-b487-98b00b124afe" testListId="8c84fa94-04c1-424b-9868-57a2d4851a1d" />
    <TestEntry testId="65061294-175b-6aeb-6299-3991b53550a8" executionId="7662495e-8283-4759-8b7e-c80a51198080" testListId="8c84fa94-04c1-424b-9868-57a2d4851a1d" />
    <TestEntry testId="945aacfd-39bf-8487-312b-dd31f56c73b8" executionId="e213ae3d-52f6-429c-83c1-feeed0d1e496" testListId="8c84fa94-04c1-424b-9868-57a2d4851a1d" />
    <TestEntry testId="83ce60ac-6b1d-8634-f717-817696e50e29" executionId="9a61678c-df0f-4140-a476-97e0127d9a99" testListId="8c84fa94-04c1-424b-9868-57a2d4851a1d" />
    <TestEntry testId="8dd67499-15e3-0341-77fe-6ec6229123b8" executionId="fdcc4e2f-f012-459f-b94a-ea21c35435c2" testListId="8c84fa94-04c1-424b-9868-57a2d4851a1d" />
    <TestEntry testId="98ea3b7a-3e97-5a75-3683-6a5c1bc860db" executionId="e6d533e8-00b4-45d8-aa1d-4bcd3d6c96e8" testListId="8c84fa94-04c1-424b-9868-57a2d4851a1d" />
    <TestEntry testId="640950b4-1b20-60a7-2569-b16886e8b4b7" executionId="7f24e971-74f8-47ac-913b-1396e41ef919" testListId="8c84fa94-04c1-424b-9868-57a2d4851a1d" />
    <TestEntry testId="fd1ed365-01bf-4957-f5fc-b6cd93ff1def" executionId="9117291c-d94a-4bae-aea3-52f955bd4c4d" testListId="8c84fa94-04c1-424b-9868-57a2d4851a1d" />
    <TestEntry testId="74940bfd-6e11-acec-d93d-131d49acf143" executionId="f7dd4324-64f9-4170-964c-87a9735280b3" testListId="8c84fa94-04c1-424b-9868-57a2d4851a1d" />
    <TestEntry testId="237f9f9b-8e7a-b168-9a07-d58ec9959823" executionId="ee17a323-85b0-439f-9bc4-4047204d8c92" testListId="8c84fa94-04c1-424b-9868-57a2d4851a1d" />
    <TestEntry testId="f273b0bf-9cb8-8e71-9b3c-bed51f669d16" executionId="973fbd5a-6816-4bed-aff2-e83fb53faa80" testListId="8c84fa94-04c1-424b-9868-57a2d4851a1d" />
    <TestEntry testId="d71f0680-066b-77ff-7185-3d72e2503803" executionId="deb65a83-f58a-45d9-a604-c2d342bbb526" testListId="8c84fa94-04c1-424b-9868-57a2d4851a1d" />
    <TestEntry testId="532ba852-da70-6c56-b570-9404ea2eece9" executionId="9ac0feb2-1959-4594-8c00-692b660d27fd" testListId="8c84fa94-04c1-424b-9868-57a2d4851a1d" />
    <TestEntry testId="1d88d71b-94de-0499-fd0d-bde1edae0974" executionId="219610ea-49ac-4733-a9c0-0ef8631a3f06" testListId="8c84fa94-04c1-424b-9868-57a2d4851a1d" />
    <TestEntry testId="724091a6-9d41-951c-8ded-d31d27a0975c" executionId="0ab78ff7-519c-4c91-8cc3-c52fe701b82d" testListId="8c84fa94-04c1-424b-9868-57a2d4851a1d" />
    <TestEntry testId="9533eb6d-2a95-5dda-b65a-a81a6b622169" executionId="725bfb46-25b8-4051-bee0-16b921c64fd5" testListId="8c84fa94-04c1-424b-9868-57a2d4851a1d" />
    <TestEntry testId="ac0df4f4-d232-f2f4-f341-be3291381f77" executionId="2c12fbf7-f23d-49d2-83fe-dc47d70e78bb" testListId="8c84fa94-04c1-424b-9868-57a2d4851a1d" />
    <TestEntry testId="29c6248f-0e57-5808-1475-bfdcbaef535e" executionId="c66196db-3988-4a4d-892b-220ca46bb6d9" testListId="8c84fa94-04c1-424b-9868-57a2d4851a1d" />
    <TestEntry testId="f569f7cd-d664-38b0-80e1-66c993136264" executionId="b2e51c61-6d92-419e-820e-77edcc19b6ae" testListId="8c84fa94-04c1-424b-9868-57a2d4851a1d" />
    <TestEntry testId="fd5207e1-1e39-a92f-34ab-28511e46f70d" executionId="9d3e99eb-2cd6-4ff2-81d1-d119eff1eeb2" testListId="8c84fa94-04c1-424b-9868-57a2d4851a1d" />
    <TestEntry testId="a22d6af5-3fca-5aa9-b949-dc2c84f24ccc" executionId="3b3f1c56-68ea-4f08-8ad9-219d60f6af76" testListId="8c84fa94-04c1-424b-9868-57a2d4851a1d" />
    <TestEntry testId="36a3adb6-c608-4365-3f2e-3a7481fef9f0" executionId="888ef74a-c931-415d-b92a-7af265b1025b" testListId="8c84fa94-04c1-424b-9868-57a2d4851a1d" />
    <TestEntry testId="e39b13f4-972e-c768-e4fa-6fc7035e8226" executionId="fe234d67-dc13-4385-8379-caf82b1fb5e9" testListId="8c84fa94-04c1-424b-9868-57a2d4851a1d" />
    <TestEntry testId="78444b0d-6bac-f3da-401f-b16c0059cc77" executionId="b76a166a-3458-4ed8-a25d-d71b889d6692" testListId="8c84fa94-04c1-424b-9868-57a2d4851a1d" />
    <TestEntry testId="76951604-76fe-263b-de57-f3ceb81f397f" executionId="01971d5c-1b17-4433-81e1-2fb815e23185" testListId="8c84fa94-04c1-424b-9868-57a2d4851a1d" />
    <TestEntry testId="a2be2cfe-1de7-1edb-0f80-b884582436af" executionId="72198d7b-b58d-4590-ab2b-d95341369590" testListId="8c84fa94-04c1-424b-9868-57a2d4851a1d" />
    <TestEntry testId="b8c215f2-851c-cb99-7cf7-f195e0c6c48a" executionId="15645297-de18-4688-93d6-f8999aaab6c5" testListId="8c84fa94-04c1-424b-9868-57a2d4851a1d" />
    <TestEntry testId="89e85237-4e4c-5d18-318a-d02f8e1ee025" executionId="897323dc-bdd9-40c5-876e-f18c88054be5" testListId="8c84fa94-04c1-424b-9868-57a2d4851a1d" />
    <TestEntry testId="c40b7d8a-6346-e83e-73b7-cc24f60838d1" executionId="b3c03343-22ec-405f-b27d-7f0ab30f7925" testListId="8c84fa94-04c1-424b-9868-57a2d4851a1d" />
    <TestEntry testId="bab601c5-3ae6-cf9c-0ec3-c3831aff565c" executionId="5baea66c-fcff-4fcc-9933-9ecb3e6286ab" testListId="8c84fa94-04c1-424b-9868-57a2d4851a1d" />
    <TestEntry testId="4a002e66-4ee4-8025-08f5-3b045bf18385" executionId="7e7fd002-5a3f-484e-803b-066d0fed43a6" testListId="8c84fa94-04c1-424b-9868-57a2d4851a1d" />
    <TestEntry testId="8e0a0c8c-28be-8778-b1d9-2d8f7ce2ee1b" executionId="f84687e8-ca7b-42c2-ab27-337867dce48c" testListId="8c84fa94-04c1-424b-9868-57a2d4851a1d" />
    <TestEntry testId="99eb3516-5d4f-50b0-2006-43361c7f3bd0" executionId="444f3b78-06b8-41d1-a346-0f4dc43eaada" testListId="8c84fa94-04c1-424b-9868-57a2d4851a1d" />
    <TestEntry testId="8f52ac7c-e0cc-1b89-2d97-ae8ca749ed4e" executionId="bf4a0900-c081-447b-8811-8a24c82632cc" testListId="8c84fa94-04c1-424b-9868-57a2d4851a1d" />
    <TestEntry testId="01d3f535-143b-3886-080c-407856a5d606" executionId="f181a4db-7db4-48e2-afb3-6d422222ccb0" testListId="8c84fa94-04c1-424b-9868-57a2d4851a1d" />
    <TestEntry testId="bf2db756-2b45-aae6-d7c3-b5bb89f7e979" executionId="83150954-f608-4d73-a185-c6bdb2d2c624" testListId="8c84fa94-04c1-424b-9868-57a2d4851a1d" />
    <TestEntry testId="7a7ddb63-0067-41b9-37dc-06b2c2f18472" executionId="90addb59-4755-413d-8396-d29713997583" testListId="8c84fa94-04c1-424b-9868-57a2d4851a1d" />
    <TestEntry testId="af67f0af-7177-fdce-ee11-bc44cc83adb3" executionId="b206a0ab-a822-48f8-95d9-7e423046384f" testListId="8c84fa94-04c1-424b-9868-57a2d4851a1d" />
    <TestEntry testId="efe71fb3-a830-e484-efc7-9a156571f956" executionId="335efbaa-84b9-433b-ae5d-679297d55abc" testListId="8c84fa94-04c1-424b-9868-57a2d4851a1d" />
    <TestEntry testId="caf2655b-142b-1ce3-bdf0-ed0172795694" executionId="fd367591-ced7-4164-9919-056fdf37baa4" testListId="8c84fa94-04c1-424b-9868-57a2d4851a1d" />
    <TestEntry testId="a3ac6262-6ff9-9f2a-e9e9-31d76baab13a" executionId="89b1b5e2-6924-4ee6-a896-ecb8a25b8fc2" testListId="8c84fa94-04c1-424b-9868-57a2d4851a1d" />
    <TestEntry testId="3b955c7b-3d4a-3896-0e66-e4cb80f243e1" executionId="a7942aed-3515-42b0-9634-73e0577c4299" testListId="8c84fa94-04c1-424b-9868-57a2d4851a1d" />
    <TestEntry testId="46ab208e-4ac3-ab62-236a-2bdde4c32f52" executionId="1dc72451-7833-4ce7-b378-9a09c6000789" testListId="8c84fa94-04c1-424b-9868-57a2d4851a1d" />
    <TestEntry testId="c491f4cd-856c-27be-7552-0fd80cb749ac" executionId="3d200353-04e5-422d-8577-eb07bd232ecc" testListId="8c84fa94-04c1-424b-9868-57a2d4851a1d" />
    <TestEntry testId="17d3ce2a-f2b6-64aa-672c-d944f415f09d" executionId="a4f41349-ff92-46f8-a673-8af85295d5bb" testListId="8c84fa94-04c1-424b-9868-57a2d4851a1d" />
    <TestEntry testId="b60ad2ab-4d18-32ce-e53a-6375685da0c7" executionId="9a3a80fb-1c31-465a-a9f7-ede9311d95c2" testListId="8c84fa94-04c1-424b-9868-57a2d4851a1d" />
    <TestEntry testId="8fa4c0f9-f18f-8c99-61ea-32bc155c65d4" executionId="33837db2-9bd2-49df-9d5b-9b73bcacbb00" testListId="8c84fa94-04c1-424b-9868-57a2d4851a1d" />
    <TestEntry testId="9746358f-b67f-b94f-0258-7daf5813794d" executionId="a5d65e3f-bdca-4c19-89eb-eb2f74f42b4f" testListId="8c84fa94-04c1-424b-9868-57a2d4851a1d" />
    <TestEntry testId="383d2d6d-dedb-7e2d-b9db-be927229e101" executionId="61df1f8d-4f6e-4c23-8f86-1d6b5b4ed847" testListId="8c84fa94-04c1-424b-9868-57a2d4851a1d" />
    <TestEntry testId="121d9ea5-6855-d5af-010f-afd8f001b9a4" executionId="a82d4fdb-0348-475c-b028-acaa3a48f24b" testListId="8c84fa94-04c1-424b-9868-57a2d4851a1d" />
    <TestEntry testId="7b647279-18b4-3959-ac8b-06f5f589a0eb" executionId="79142fb3-c5e7-4698-a4d7-b6f530d01188" testListId="8c84fa94-04c1-424b-9868-57a2d4851a1d" />
    <TestEntry testId="f1b77c14-16d4-9e77-6057-1590a1c19d82" executionId="49db1781-915c-4c6c-bdb9-7e11215c70bd" testListId="8c84fa94-04c1-424b-9868-57a2d4851a1d" />
    <TestEntry testId="f088d456-c80c-bf30-a062-79ea65899e81" executionId="fa7ebd5f-bf98-46ef-a356-47d80ac75175" testListId="8c84fa94-04c1-424b-9868-57a2d4851a1d" />
    <TestEntry testId="78e8ae6d-92d5-7487-4d79-27c633b4cac0" executionId="10e60c7c-d387-4f3c-aeeb-df4e33a44c4f" testListId="8c84fa94-04c1-424b-9868-57a2d4851a1d" />
    <TestEntry testId="9e118f96-2c6d-140e-7dd8-25bcba0342e0" executionId="78dccc1b-b101-4212-9739-6adafc1f25e2" testListId="8c84fa94-04c1-424b-9868-57a2d4851a1d" />
    <TestEntry testId="da4288c4-8c7c-17b2-abb5-1e0364689da8" executionId="1d1208f4-7e41-45e3-ac75-d5e7bb0918d8" testListId="8c84fa94-04c1-424b-9868-57a2d4851a1d" />
    <TestEntry testId="e157c556-d358-cb22-5160-5456a2f6fbd8" executionId="5f64aacf-c7b3-447c-9972-5a01712060d4" testListId="8c84fa94-04c1-424b-9868-57a2d4851a1d" />
    <TestEntry testId="6b60e3b3-704c-1eec-0b9b-39d8391d9e0b" executionId="c60f61a7-9282-4a4b-ad47-3115f3f46192" testListId="8c84fa94-04c1-424b-9868-57a2d4851a1d" />
    <TestEntry testId="8bb3a274-0b61-5e57-7546-77fcfe55671c" executionId="dbf8fa8e-cb69-469c-8887-29dc4dc8b583" testListId="8c84fa94-04c1-424b-9868-57a2d4851a1d" />
    <TestEntry testId="bd272fb9-52b5-0863-01e0-1b3a5feae42b" executionId="68a4afe9-8023-495f-96ba-b891b5b87119" testListId="8c84fa94-04c1-424b-9868-57a2d4851a1d" />
    <TestEntry testId="f3dad85e-7093-08b6-7115-dd8302b4f11a" executionId="a9732950-5afa-4144-af02-e8edd2077623" testListId="8c84fa94-04c1-424b-9868-57a2d4851a1d" />
    <TestEntry testId="e7805ade-8bd4-0eac-71ff-2c70e39a8a5e" executionId="2427df25-ac93-4079-a86f-3df38bd496a8" testListId="8c84fa94-04c1-424b-9868-57a2d4851a1d" />
    <TestEntry testId="071cb91c-1611-1190-824d-b3b72997bdc6" executionId="6e3e0d6d-49ab-40f4-a644-791ec60443cb" testListId="8c84fa94-04c1-424b-9868-57a2d4851a1d" />
    <TestEntry testId="b6c5f0fc-70d5-d830-ab03-d588f9c81823" executionId="066ef3ac-7c16-4808-9abc-822269ee5107" testListId="8c84fa94-04c1-424b-9868-57a2d4851a1d" />
    <TestEntry testId="f5a4865d-ab13-9d7d-26d6-47b91f6f7eb9" executionId="9284a615-c48e-4cc3-976b-44732ea82782" testListId="8c84fa94-04c1-424b-9868-57a2d4851a1d" />
    <TestEntry testId="feaafdda-92be-c847-da18-2dedb891a07a" executionId="99ed2448-0a66-4ddd-81e2-f1cd92dabf77" testListId="8c84fa94-04c1-424b-9868-57a2d4851a1d" />
    <TestEntry testId="b5b368af-86f7-a578-d390-caac4a9a165b" executionId="169cb1d8-44ee-4694-b449-0cba453f0eae" testListId="8c84fa94-04c1-424b-9868-57a2d4851a1d" />
    <TestEntry testId="d33fc001-b994-5f68-bb28-2d2215389d9c" executionId="9a52f021-10bb-4546-bf2a-56e71d4c689b" testListId="8c84fa94-04c1-424b-9868-57a2d4851a1d" />
    <TestEntry testId="9d4af9f5-75e6-e593-762d-526282c646c8" executionId="8694da44-5df6-4c21-b8d9-c22050ff5351" testListId="8c84fa94-04c1-424b-9868-57a2d4851a1d" />
    <TestEntry testId="61da316d-cabc-a944-5b9f-c17cea8e98bb" executionId="f2ec6afc-a68b-4f12-be54-185401f09ef5" testListId="8c84fa94-04c1-424b-9868-57a2d4851a1d" />
    <TestEntry testId="b5017177-8cab-c73d-29ab-c10df716cf8f" executionId="ad70f418-9dbc-4a67-8bb9-e4e512191079" testListId="8c84fa94-04c1-424b-9868-57a2d4851a1d" />
    <TestEntry testId="d713fa0e-5413-a0ec-9a9e-3f2b17329299" executionId="7191f1f8-a47c-4b7c-90cc-687947ee7f6a" testListId="8c84fa94-04c1-424b-9868-57a2d4851a1d" />
    <TestEntry testId="ecfeeeb7-78a0-77c9-646a-60438175f0c9" executionId="b9f881de-b20b-4c18-9fdc-13840c37761c" testListId="8c84fa94-04c1-424b-9868-57a2d4851a1d" />
    <TestEntry testId="b6a48056-b24a-575f-c3ee-a0693d87961f" executionId="fd7a90ca-f1f9-46e1-b855-f8a4250e639d" testListId="8c84fa94-04c1-424b-9868-57a2d4851a1d" />
    <TestEntry testId="7c5b8e70-3b36-75c8-5244-7872cfc25fb0" executionId="f51c657c-209b-4a7c-b893-9bf2fe9949b2" testListId="8c84fa94-04c1-424b-9868-57a2d4851a1d" />
    <TestEntry testId="3e2413be-4961-54f6-cbc4-f8d410064a22" executionId="6559ae32-0577-47db-94cf-8daecc8cb5d5" testListId="8c84fa94-04c1-424b-9868-57a2d4851a1d" />
    <TestEntry testId="2642489c-a838-1eb5-5059-3cb60e2532af" executionId="92db9f93-28e7-4615-b703-f058e9bf2dd8" testListId="8c84fa94-04c1-424b-9868-57a2d4851a1d" />
    <TestEntry testId="df8e7e1d-5475-a974-5f86-d4a69e239a15" executionId="8244d1d6-6c97-4b38-acfd-edfa9911efcd" testListId="8c84fa94-04c1-424b-9868-57a2d4851a1d" />
    <TestEntry testId="c84c3c6f-16da-c241-26d2-cade5310c5fa" executionId="e10a7264-f8a2-4b3b-8191-f97e25750320" testListId="8c84fa94-04c1-424b-9868-57a2d4851a1d" />
    <TestEntry testId="2cbd035c-e0d0-dfa9-35d0-d4efd532a339" executionId="d6d83e27-45e6-4f43-afd8-a57c175d6714" testListId="8c84fa94-04c1-424b-9868-57a2d4851a1d" />
    <TestEntry testId="a5b36769-632a-6281-ebf8-ba6ff6a7b669" executionId="554a276a-7412-4399-bc4b-4d15fedb2ba7" testListId="8c84fa94-04c1-424b-9868-57a2d4851a1d" />
    <TestEntry testId="085a7cab-ae81-97d5-41ec-cc1132f079d2" executionId="3550829c-ec9d-4714-8e53-2205c14eb31c" testListId="8c84fa94-04c1-424b-9868-57a2d4851a1d" />
    <TestEntry testId="fa9015f3-bc8f-5518-4673-62f50aab0314" executionId="13a1e662-83ba-40ed-8021-0f9b8c55b369" testListId="8c84fa94-04c1-424b-9868-57a2d4851a1d" />
    <TestEntry testId="34a2496a-ef70-a55f-5808-1cedc908300a" executionId="8c1926b5-e683-48a9-84b1-693953e45806" testListId="8c84fa94-04c1-424b-9868-57a2d4851a1d" />
    <TestEntry testId="df6f0b70-05c1-1a31-dc3a-96c4e1788da0" executionId="1f131e54-cbb8-49ac-90b5-d10f47b70e56" testListId="8c84fa94-04c1-424b-9868-57a2d4851a1d" />
    <TestEntry testId="570b7cdd-3c09-c1da-6ed3-09f1830de2da" executionId="4b746e01-c264-450c-bf6f-a4ad7d972915" testListId="8c84fa94-04c1-424b-9868-57a2d4851a1d" />
    <TestEntry testId="0fcd217a-d85b-b4ce-39c9-5ddc40f90f29" executionId="85646334-3836-4182-b7f2-6ff164f31cc4" testListId="8c84fa94-04c1-424b-9868-57a2d4851a1d" />
    <TestEntry testId="cabfafd6-aeb6-9cf7-7864-a50978670060" executionId="1da46113-d7e1-4687-8f2b-618087134ec5" testListId="8c84fa94-04c1-424b-9868-57a2d4851a1d" />
    <TestEntry testId="6338d79e-8d65-4154-010e-63aaaf74c8d3" executionId="4ac92b56-b4b5-4635-8f24-a6fee225f216" testListId="8c84fa94-04c1-424b-9868-57a2d4851a1d" />
    <TestEntry testId="9fb0b0ac-54ec-18d1-c5d6-7272e3e291e6" executionId="afc4ad81-c367-4517-b658-3c4484c4b89d" testListId="8c84fa94-04c1-424b-9868-57a2d4851a1d" />
    <TestEntry testId="f1a00a64-daad-9e04-d622-09bef8a2e7a9" executionId="54de94bf-7b40-4abe-af5c-6f0f40432e05" testListId="8c84fa94-04c1-424b-9868-57a2d4851a1d" />
    <TestEntry testId="50f91245-2eb9-62b8-0699-d5d8d818cb53" executionId="21847962-8a36-4285-97c4-849567c6e2c8" testListId="8c84fa94-04c1-424b-9868-57a2d4851a1d" />
    <TestEntry testId="26abf7e2-95ef-5d6a-a6fa-81bcce12ce45" executionId="1c4cd694-b642-4d19-a35c-aa3e597544bb" testListId="8c84fa94-04c1-424b-9868-57a2d4851a1d" />
    <TestEntry testId="47fcbd06-1072-a2e3-eca5-1dc65330ac42" executionId="cc81bc49-745e-4563-b7a2-b8329b1b93fd" testListId="8c84fa94-04c1-424b-9868-57a2d4851a1d" />
    <TestEntry testId="230b5546-49cc-fe04-cab8-e57185836f63" executionId="61f7b49a-8428-4814-b403-eafdd029366e" testListId="8c84fa94-04c1-424b-9868-57a2d4851a1d" />
    <TestEntry testId="22c21747-769f-7789-5e9d-93e1ce2a5bff" executionId="827c4637-094a-43a9-8794-14af305c7eb3" testListId="8c84fa94-04c1-424b-9868-57a2d4851a1d" />
    <TestEntry testId="13f1bc4c-2f4b-d625-6429-d0be823a4fea" executionId="7dc46ed8-fe41-49ce-b9cd-99b9a1c0b753" testListId="8c84fa94-04c1-424b-9868-57a2d4851a1d" />
    <TestEntry testId="f1ef1d76-2207-f480-a146-84ae5b0e8d12" executionId="9f784cb1-92e4-491d-893f-1ad10f0eddf7" testListId="8c84fa94-04c1-424b-9868-57a2d4851a1d" />
    <TestEntry testId="03ced79f-5210-ff7e-a10f-bc1474b14ec5" executionId="a214d961-3648-441d-bb98-aab510df5022" testListId="8c84fa94-04c1-424b-9868-57a2d4851a1d" />
    <TestEntry testId="9185f4e8-18bf-b41b-4471-97e2d4548742" executionId="6ab821e3-3673-4c83-8faf-31b8ac0f1ed8" testListId="8c84fa94-04c1-424b-9868-57a2d4851a1d" />
    <TestEntry testId="a44244a5-fd07-cffe-9c4b-a33ad93453fb" executionId="6c5c6c2c-8396-4c49-9dfd-2575c4ea69d7" testListId="8c84fa94-04c1-424b-9868-57a2d4851a1d" />
    <TestEntry testId="df02e3ec-f458-9ff5-a12e-69e8fd5377d0" executionId="497f9f91-0983-4f9f-9f4d-e632e69842c6" testListId="8c84fa94-04c1-424b-9868-57a2d4851a1d" />
    <TestEntry testId="f9d37373-1b09-a820-987c-1958dfd914d0" executionId="624ff31e-f7d9-41c7-add1-7703598911fa" testListId="8c84fa94-04c1-424b-9868-57a2d4851a1d" />
    <TestEntry testId="8eb5084b-fa00-0ba0-2380-675e93c6609f" executionId="b247958e-8e03-45bd-8632-5438cae898ae" testListId="8c84fa94-04c1-424b-9868-57a2d4851a1d" />
    <TestEntry testId="2d3e1f88-6d3d-d7f3-dd4c-c3a0409b568c" executionId="3516612f-ca2e-4d59-a159-e1684b7b2fd7" testListId="8c84fa94-04c1-424b-9868-57a2d4851a1d" />
    <TestEntry testId="d24065c7-2b5c-b537-b7f2-6399c29b5e77" executionId="36d2cc15-2b1d-406d-9580-2155da26f158" testListId="8c84fa94-04c1-424b-9868-57a2d4851a1d" />
    <TestEntry testId="2c6d229c-f600-d776-1fe1-d64ad5f0a00c" executionId="cd68590d-5905-4149-a6a9-68d48e9d2683" testListId="8c84fa94-04c1-424b-9868-57a2d4851a1d" />
    <TestEntry testId="4cfbb82c-ddf0-f88b-20a0-13ced4dab107" executionId="75c425ab-5f20-489b-88d7-9a085ad08e72" testListId="8c84fa94-04c1-424b-9868-57a2d4851a1d" />
    <TestEntry testId="71f505f5-5255-b81f-9332-60746f44795d" executionId="e19d12e3-886f-4cc8-8113-ba45e29a1720" testListId="8c84fa94-04c1-424b-9868-57a2d4851a1d" />
    <TestEntry testId="f69f922b-c209-3d2b-b7e9-b4d7bce91f61" executionId="6003209c-cc03-417a-99ad-2d983a01fd8e" testListId="8c84fa94-04c1-424b-9868-57a2d4851a1d" />
    <TestEntry testId="587200dc-1abe-253e-bba0-e3ca58c77565" executionId="52851693-bad7-418b-8da3-021b9060aaaa" testListId="8c84fa94-04c1-424b-9868-57a2d4851a1d" />
    <TestEntry testId="1a7de261-791b-e506-4b9a-b535d7dc12ba" executionId="dd775d3a-5662-44de-b844-c0d6c76dbda3" testListId="8c84fa94-04c1-424b-9868-57a2d4851a1d" />
    <TestEntry testId="98b0313c-df91-cd60-a776-25e08a1d6a1e" executionId="e4e563ed-441e-40c4-9cf9-042462948778" testListId="8c84fa94-04c1-424b-9868-57a2d4851a1d" />
    <TestEntry testId="06105fb9-1e17-217c-b572-3aa0e7489288" executionId="62608269-8a9d-4fb4-8f7b-30a7e3b9bf08" testListId="8c84fa94-04c1-424b-9868-57a2d4851a1d" />
    <TestEntry testId="3ceba0c3-c9f6-1431-6ef9-a8be6cdf9785" executionId="011f830d-0a3c-4d80-91ec-4737003d6572" testListId="8c84fa94-04c1-424b-9868-57a2d4851a1d" />
    <TestEntry testId="f4d3b840-c920-d463-abbd-4ce6ef250324" executionId="1e16a270-70ae-41ed-b89f-9a274bd99e5f" testListId="8c84fa94-04c1-424b-9868-57a2d4851a1d" />
    <TestEntry testId="79ec3350-f71d-cfe1-5bf4-61a385dbc023" executionId="84cb0008-5a65-4049-b483-1b5e7a093831" testListId="8c84fa94-04c1-424b-9868-57a2d4851a1d" />
    <TestEntry testId="10d81b02-d5ab-6bcd-deee-46030e68783a" executionId="57df3130-9f0e-4191-8578-246f3bef1a55" testListId="8c84fa94-04c1-424b-9868-57a2d4851a1d" />
    <TestEntry testId="1d70172a-623a-d4ea-92be-a53184a1ee1b" executionId="21cfac95-154f-4a40-871f-6438007d3c0c" testListId="8c84fa94-04c1-424b-9868-57a2d4851a1d" />
    <TestEntry testId="6a9349de-f698-c217-9660-594351fa6ec2" executionId="e3feed85-0efb-493a-adce-be754ffb13ca" testListId="8c84fa94-04c1-424b-9868-57a2d4851a1d" />
    <TestEntry testId="d92ea588-f3e2-de48-dcba-628a999ecf43" executionId="c418d2f3-be9b-4982-981a-280e9a57e963" testListId="8c84fa94-04c1-424b-9868-57a2d4851a1d" />
    <TestEntry testId="541ae36e-b03c-a96a-fba7-c2388f436048" executionId="c7d3f4d6-8b87-47e0-986a-086d96ad11c2" testListId="8c84fa94-04c1-424b-9868-57a2d4851a1d" />
    <TestEntry testId="cd717701-9fbc-dac9-5db5-c33b62232ef9" executionId="97d2c77d-f2c2-4754-adbb-38cdc0f7848f" testListId="8c84fa94-04c1-424b-9868-57a2d4851a1d" />
    <TestEntry testId="088c43d8-45ae-80f9-ca07-740cb754be74" executionId="26d84002-e990-4fa9-a58f-7a5d0ab66192" testListId="8c84fa94-04c1-424b-9868-57a2d4851a1d" />
    <TestEntry testId="85a037d7-b0e7-a0f2-565d-a21261c54b50" executionId="56f0e24e-2fe7-453a-9ed2-5f2987c85345" testListId="8c84fa94-04c1-424b-9868-57a2d4851a1d" />
    <TestEntry testId="825180b9-7dc0-e796-ed12-2065b2d40f08" executionId="5a9e6439-de2f-403f-8855-81d40e56d4c0" testListId="8c84fa94-04c1-424b-9868-57a2d4851a1d" />
    <TestEntry testId="0f2a0554-9b2a-3f7a-4e9e-167e1aa75866" executionId="282449c1-a4ed-4dc3-8cd2-3cd07315d206" testListId="8c84fa94-04c1-424b-9868-57a2d4851a1d" />
    <TestEntry testId="c87c1c55-f8c6-a6d4-48bd-e00afcf35b93" executionId="7e78c254-cd98-43fb-ace0-6edfeb60ea85" testListId="8c84fa94-04c1-424b-9868-57a2d4851a1d" />
    <TestEntry testId="ea26882a-d58b-a512-04d3-8a28db1ed0e4" executionId="5815cb6f-bc80-42cc-8d14-9dc2f9c7f4dd" testListId="8c84fa94-04c1-424b-9868-57a2d4851a1d" />
    <TestEntry testId="e1bb801c-ae56-d790-36a1-fccd22345a90" executionId="76a602ad-bf7d-48af-95e2-4f87ef832ba8" testListId="8c84fa94-04c1-424b-9868-57a2d4851a1d" />
    <TestEntry testId="020c52cc-3a3c-a966-4edb-9721a6c4edd1" executionId="73446609-b7f7-4955-9ae0-d5d15ca9c662" testListId="8c84fa94-04c1-424b-9868-57a2d4851a1d" />
    <TestEntry testId="a37562d1-6dea-186e-c9c8-c2b7747a8ae7" executionId="86f4bfd6-a301-4c4c-859e-920ef57e3586" testListId="8c84fa94-04c1-424b-9868-57a2d4851a1d" />
    <TestEntry testId="301a8cf9-726d-b5e6-75d7-c5f00e1ffb2c" executionId="c81b9262-d800-4bf5-bf04-da7c3a35ee3a" testListId="8c84fa94-04c1-424b-9868-57a2d4851a1d" />
    <TestEntry testId="5140281c-9a9c-4554-28ca-fb5c5be83ebc" executionId="fba17247-136d-4b26-9623-6e5e5fff6f09" testListId="8c84fa94-04c1-424b-9868-57a2d4851a1d" />
    <TestEntry testId="c34c910f-9c18-45bf-0c7f-d96e7c32b7bc" executionId="93bb4e50-a3dc-4e73-9f29-9b22d52ddd2c" testListId="8c84fa94-04c1-424b-9868-57a2d4851a1d" />
    <TestEntry testId="ff65c118-e175-5f2f-b24c-c3f162db2b4e" executionId="73e09245-c7cc-4756-b068-897f060fee30" testListId="8c84fa94-04c1-424b-9868-57a2d4851a1d" />
    <TestEntry testId="a599e854-4e58-7a2f-c833-c17f48dcdc14" executionId="91c778c5-1a62-40d9-877b-46e443ce0073" testListId="8c84fa94-04c1-424b-9868-57a2d4851a1d" />
    <TestEntry testId="3957ae0d-7056-87fd-257e-54a293df7738" executionId="288b67ab-99cc-4411-aa9b-d812f11d12b7" testListId="8c84fa94-04c1-424b-9868-57a2d4851a1d" />
    <TestEntry testId="89f8e63d-4b19-42d0-f60f-2e036b1f98ab" executionId="af945bf3-4f6e-4a65-870e-a231f67f5bd8" testListId="8c84fa94-04c1-424b-9868-57a2d4851a1d" />
    <TestEntry testId="8ed0eb5a-368a-faf4-ac1a-fce8605f8720" executionId="7bfee4d9-ea08-4c2b-b360-97f82bdc585f" testListId="8c84fa94-04c1-424b-9868-57a2d4851a1d" />
    <TestEntry testId="9cd9d50e-c34a-813b-c302-a2b577014b74" executionId="91ce31c4-2001-4df3-bde0-61921baa9065" testListId="8c84fa94-04c1-424b-9868-57a2d4851a1d" />
    <TestEntry testId="e5eb3283-b986-328a-d743-984fd55d5a1a" executionId="fd6d6b44-1dbb-4756-a35e-9c587ba98d04" testListId="8c84fa94-04c1-424b-9868-57a2d4851a1d" />
    <TestEntry testId="72400fa1-b317-e4eb-b061-27bcb3763d71" executionId="8d35d6e8-dc95-4ca0-87ea-0bcd53e2a245" testListId="8c84fa94-04c1-424b-9868-57a2d4851a1d" />
    <TestEntry testId="b591ddd3-4254-948c-d737-960df8a44450" executionId="99299a02-9b2c-4d4a-99c2-fbe0d70102a0" testListId="8c84fa94-04c1-424b-9868-57a2d4851a1d" />
    <TestEntry testId="0229a08e-1d33-7143-98c4-a3b9723d6b8f" executionId="331adf99-4fbd-460b-930d-9f8a85716e53" testListId="8c84fa94-04c1-424b-9868-57a2d4851a1d" />
    <TestEntry testId="4b57e9fc-9339-d9d9-0abe-c49e9fa4f660" executionId="483aa704-9803-4c83-a298-bced21baa701" testListId="8c84fa94-04c1-424b-9868-57a2d4851a1d" />
    <TestEntry testId="5c86b1a9-57a4-4d0b-9c01-d9d714fb1b4a" executionId="b980be17-694c-455c-bf58-51d853c397f1" testListId="8c84fa94-04c1-424b-9868-57a2d4851a1d" />
    <TestEntry testId="4329b06d-f9b1-f48b-ad30-c1bb5d3d7da3" executionId="740832cf-4189-4123-a244-e41a344d9533" testListId="8c84fa94-04c1-424b-9868-57a2d4851a1d" />
    <TestEntry testId="dabd5024-1395-97c6-2d61-13289b9c3769" executionId="e29c92a6-5987-4d1c-b1bd-c9e7c6c1b163" testListId="8c84fa94-04c1-424b-9868-57a2d4851a1d" />
    <TestEntry testId="3b2ff5a4-6c48-f812-7e65-c84bc219ba70" executionId="fb42ae2a-3323-42d5-a665-1073a4fe4e28" testListId="8c84fa94-04c1-424b-9868-57a2d4851a1d" />
    <TestEntry testId="4d9908dd-e74d-bbb3-82a4-bf3a2b8ad796" executionId="76d8c373-11b2-45df-8188-99b008acfdbc" testListId="8c84fa94-04c1-424b-9868-57a2d4851a1d" />
    <TestEntry testId="889c4733-0b33-de07-996d-a376737ac3c7" executionId="263403fc-6963-4876-9711-0f94153292dc" testListId="8c84fa94-04c1-424b-9868-57a2d4851a1d" />
    <TestEntry testId="f4c5d3f2-220f-b4c7-0a3c-877864ebe76c" executionId="a5053989-77f9-4900-ba31-384acb935367" testListId="8c84fa94-04c1-424b-9868-57a2d4851a1d" />
    <TestEntry testId="6e1382ee-e839-f8ef-b0af-40097ef6b25d" executionId="d5d76542-292e-411d-95bb-a3f9f89cd71e" testListId="8c84fa94-04c1-424b-9868-57a2d4851a1d" />
    <TestEntry testId="8fa87d9c-39f7-61a1-5547-38f77964b684" executionId="ae729f3d-4a6c-473b-adae-d259428ac57a" testListId="8c84fa94-04c1-424b-9868-57a2d4851a1d" />
    <TestEntry testId="d2221777-e75d-05b6-7abb-31607fedcd13" executionId="8217a7db-9188-477a-ab5d-58b8e198bb51" testListId="8c84fa94-04c1-424b-9868-57a2d4851a1d" />
    <TestEntry testId="52a81218-d3f9-ccd1-9f24-990c581c13f5" executionId="0542e2f4-c405-422a-b53c-b588aa1456df" testListId="8c84fa94-04c1-424b-9868-57a2d4851a1d" />
    <TestEntry testId="56c7c6f1-1389-4801-243d-8b5d4bbe6a19" executionId="131f2f54-90b7-427c-b8d4-801e98a03c65" testListId="8c84fa94-04c1-424b-9868-57a2d4851a1d" />
    <TestEntry testId="52b2f30e-29c8-0d11-877b-9c80c7469a66" executionId="512623c0-4d5f-4e70-bf6e-c1e24ccd488f" testListId="8c84fa94-04c1-424b-9868-57a2d4851a1d" />
    <TestEntry testId="fd46f344-da8f-2b46-40ce-e6ebf149eee2" executionId="a12793aa-5693-4bc4-89ca-452551ea845b" testListId="8c84fa94-04c1-424b-9868-57a2d4851a1d" />
    <TestEntry testId="5b3a0ca2-eaee-34a8-8221-8914c2961a90" executionId="67796f0b-478d-4144-b69c-f90a55d9cbba" testListId="8c84fa94-04c1-424b-9868-57a2d4851a1d" />
    <TestEntry testId="d219f9af-1e3e-7af1-2f4a-a1b377702767" executionId="88f1349a-bb74-479b-862d-5c93544f5456" testListId="8c84fa94-04c1-424b-9868-57a2d4851a1d" />
    <TestEntry testId="396bbf1d-63b5-3f6a-5a44-58b2b60a2904" executionId="fb0e1231-3203-4425-ae2e-f6afe38955bb" testListId="8c84fa94-04c1-424b-9868-57a2d4851a1d" />
    <TestEntry testId="01341187-53f4-6622-71cc-fd94772d4812" executionId="15b7e96e-c247-453c-a58b-fa93c3234a69" testListId="8c84fa94-04c1-424b-9868-57a2d4851a1d" />
    <TestEntry testId="33d025c9-c719-30ac-2fa6-01636ea3b186" executionId="01526fd2-953e-4ba9-a032-d38ac90bdfd6" testListId="8c84fa94-04c1-424b-9868-57a2d4851a1d" />
    <TestEntry testId="ee95aa6e-7e45-2108-0f80-281e5e37ba14" executionId="9ef67ace-4b7c-45bb-9587-a1f587478844" testListId="8c84fa94-04c1-424b-9868-57a2d4851a1d" />
    <TestEntry testId="6ee034c2-4658-6903-eb5d-c7abd20e430b" executionId="07a65fe9-d825-4e45-bd1a-24e828f02af8" testListId="8c84fa94-04c1-424b-9868-57a2d4851a1d" />
    <TestEntry testId="014f7d16-ce2b-a95e-cb6f-11db69a3a738" executionId="28ad42b6-4207-47d2-955b-f835e8e6de84" testListId="8c84fa94-04c1-424b-9868-57a2d4851a1d" />
    <TestEntry testId="932a21a9-4bc7-e149-1a36-5bdef40a3816" executionId="cccfc6c6-1f02-4abe-a7d6-0e7447ecd193" testListId="8c84fa94-04c1-424b-9868-57a2d4851a1d" />
    <TestEntry testId="0c920c9d-6fef-f920-d3fc-b469ce22ece8" executionId="4359359b-74a9-4f62-b59b-2ccbb0fc7d37" testListId="8c84fa94-04c1-424b-9868-57a2d4851a1d" />
    <TestEntry testId="7c6992aa-69b0-033e-e868-f5b12e993abd" executionId="ac40e006-b74a-4485-a8c4-5e551b981fdf" testListId="8c84fa94-04c1-424b-9868-57a2d4851a1d" />
    <TestEntry testId="9df5379a-a672-9454-4187-a5dc4c6ff134" executionId="59db4862-84ea-42e8-97a2-ccf97e7c29fc" testListId="8c84fa94-04c1-424b-9868-57a2d4851a1d" />
    <TestEntry testId="5194718c-017d-e2d7-4070-9a8a2c57f883" executionId="59d5cc57-7725-4eec-8070-ed9e746e014f" testListId="8c84fa94-04c1-424b-9868-57a2d4851a1d" />
    <TestEntry testId="dc94ee52-1e77-7a75-4149-57bae95a85ef" executionId="7867252b-73a1-41dc-8f36-1e2c8ca90026" testListId="8c84fa94-04c1-424b-9868-57a2d4851a1d" />
    <TestEntry testId="f7876b17-8d7d-441b-0791-ec2cf3f72ec7" executionId="1de5b7f5-51eb-4300-b4c8-f0e218e9eb7c" testListId="8c84fa94-04c1-424b-9868-57a2d4851a1d" />
    <TestEntry testId="715d3176-65e5-f50c-b360-f234738c719c" executionId="37ff2d2d-b572-4355-ad4d-23cacb12d1dd" testListId="8c84fa94-04c1-424b-9868-57a2d4851a1d" />
    <TestEntry testId="0cfacedb-5b8e-5c3d-586d-f525b66eaf5e" executionId="71680887-9087-4def-8cc2-6cd951cc0330" testListId="8c84fa94-04c1-424b-9868-57a2d4851a1d" />
    <TestEntry testId="626fd657-6f69-ed1b-0f1d-06f6c621f882" executionId="d8aff758-83bd-41ef-9dc0-5d3afedaa190" testListId="8c84fa94-04c1-424b-9868-57a2d4851a1d" />
    <TestEntry testId="3b8510f7-1181-e71b-684b-67dec64a3d62" executionId="e6eea264-4aea-48f3-a8b9-6f1100e44ef1" testListId="8c84fa94-04c1-424b-9868-57a2d4851a1d" />
    <TestEntry testId="77c01400-ec78-b33b-9fb0-17175603a62c" executionId="04fdd724-01c5-4686-ba78-94c71dfe5de9" testListId="8c84fa94-04c1-424b-9868-57a2d4851a1d" />
    <TestEntry testId="85d794a2-164f-4d9f-0058-f4b4a7b3b81a" executionId="a48d6670-8981-4e4b-a76b-96f10ecc50ff" testListId="8c84fa94-04c1-424b-9868-57a2d4851a1d" />
    <TestEntry testId="eb6f0eb1-3c4d-2507-1158-e360edc86bb3" executionId="88f1644a-484f-4cc0-9552-d1cf306647ba" testListId="8c84fa94-04c1-424b-9868-57a2d4851a1d" />
    <TestEntry testId="fba529f2-f173-8ffc-39b8-c7da5de40fb0" executionId="665f7fd8-ff36-4ba1-96c4-07a3f8622687" testListId="8c84fa94-04c1-424b-9868-57a2d4851a1d" />
    <TestEntry testId="9794d1aa-ace4-f377-b4ea-ed520f2307ee" executionId="33ecafed-55df-4668-a17b-4b13fd3f9879" testListId="8c84fa94-04c1-424b-9868-57a2d4851a1d" />
    <TestEntry testId="0326ea24-a45b-6518-dd89-dad42caa28f7" executionId="e7859f62-dda4-4dcd-9ed0-48060dfc3576" testListId="8c84fa94-04c1-424b-9868-57a2d4851a1d" />
    <TestEntry testId="0ab7ed36-1133-b9dc-0b56-d0ca651484c5" executionId="c03457f3-fa4b-4a94-a42e-1f5e78b0ce1c" testListId="8c84fa94-04c1-424b-9868-57a2d4851a1d" />
    <TestEntry testId="60551f37-647e-6671-d64b-3f619af0b3fa" executionId="60e95b1a-da9a-4905-af26-ca96a8e06892" testListId="8c84fa94-04c1-424b-9868-57a2d4851a1d" />
    <TestEntry testId="6ea411d3-56ef-928e-986c-9c7f199aa4e8" executionId="54a4aa0d-7bab-4a31-b51f-4efa923b230d" testListId="8c84fa94-04c1-424b-9868-57a2d4851a1d" />
    <TestEntry testId="890fd3d2-c32c-6fa0-ae54-d15fe21ce333" executionId="1fc26171-9e0d-4617-a2e0-428baf7c57cc" testListId="8c84fa94-04c1-424b-9868-57a2d4851a1d" />
    <TestEntry testId="1f57b0f5-391e-3872-4876-2191d047fd6b" executionId="30bc8aec-9524-4057-90f8-81c71c1edf2b" testListId="8c84fa94-04c1-424b-9868-57a2d4851a1d" />
    <TestEntry testId="e661b1ad-4451-30d6-51a5-d1bdd3c3efda" executionId="76912b55-f149-45c7-aaa4-8d4914f77ecd" testListId="8c84fa94-04c1-424b-9868-57a2d4851a1d" />
    <TestEntry testId="32e03154-b9f9-bb91-4824-dff2ce7af16e" executionId="42e5bacb-0545-43db-af64-6aa02f139044" testListId="8c84fa94-04c1-424b-9868-57a2d4851a1d" />
    <TestEntry testId="a49f09e3-8e58-a427-c32b-0428dbe90abf" executionId="b9b3a7cf-c64e-4f85-81a3-bd0413c5c8d1" testListId="8c84fa94-04c1-424b-9868-57a2d4851a1d" />
    <TestEntry testId="c60b2d6b-f1e2-3b17-9d0c-5c977453485a" executionId="79c76e52-4e2a-426d-9620-4157fd1f03bd" testListId="8c84fa94-04c1-424b-9868-57a2d4851a1d" />
    <TestEntry testId="e2fab5e1-48af-c715-310e-d2cef60fb5f7" executionId="1d76adde-0a4c-4710-a300-3cb5f6f1b90c" testListId="8c84fa94-04c1-424b-9868-57a2d4851a1d" />
    <TestEntry testId="b44ad854-797c-6455-2cdd-805237f53829" executionId="1ccb7ac1-d5cc-4ee9-95fe-f8af5e7d2c3d" testListId="8c84fa94-04c1-424b-9868-57a2d4851a1d" />
    <TestEntry testId="67a7c829-17a5-6f9a-953e-8720509d8b56" executionId="09d893cc-7caa-4916-a9ee-d5c883b6f384" testListId="8c84fa94-04c1-424b-9868-57a2d4851a1d" />
    <TestEntry testId="2e11e0ac-e33e-6520-4aed-7d8338635396" executionId="493848e8-d393-4339-9696-58846bb3205d" testListId="8c84fa94-04c1-424b-9868-57a2d4851a1d" />
    <TestEntry testId="186867f0-ba06-5180-3309-1849c5e5323e" executionId="32489bf3-4760-430e-8004-729e41b194ab" testListId="8c84fa94-04c1-424b-9868-57a2d4851a1d" />
    <TestEntry testId="81890310-c300-d916-5feb-56e30d2ecd41" executionId="27205b94-c58b-4d77-b460-eeb304d20e24" testListId="8c84fa94-04c1-424b-9868-57a2d4851a1d" />
    <TestEntry testId="9819661d-290f-ca40-e620-505759418589" executionId="eb13d735-54cd-4514-a0af-b793df8c8a66" testListId="8c84fa94-04c1-424b-9868-57a2d4851a1d" />
    <TestEntry testId="dfa52e24-64a7-46f0-1a55-6991e2cf4a30" executionId="b3594cd4-9a36-4743-9a0d-8c23b44106ae" testListId="8c84fa94-04c1-424b-9868-57a2d4851a1d" />
    <TestEntry testId="a28fc48e-fe69-eaa4-4759-17098165f4d1" executionId="9e701076-7f9e-4a04-abcf-4999db4a3bb2" testListId="8c84fa94-04c1-424b-9868-57a2d4851a1d" />
    <TestEntry testId="56d0a630-15e4-db7f-c684-d2022f11b104" executionId="a5a4b09e-a93f-4717-bfcb-e324dd7e0901" testListId="8c84fa94-04c1-424b-9868-57a2d4851a1d" />
    <TestEntry testId="a038a712-5aed-c0d3-3c6f-1a740a728c7b" executionId="dec88db8-81bb-4cda-b2fa-241b82700a30" testListId="8c84fa94-04c1-424b-9868-57a2d4851a1d" />
    <TestEntry testId="49b9ccaf-4ff3-1948-d92c-648169671705" executionId="6cffbccd-c07c-4285-970c-42e9a1a55d71" testListId="8c84fa94-04c1-424b-9868-57a2d4851a1d" />
    <TestEntry testId="dbb2834c-9357-1e4a-21c3-d57e4ea4d454" executionId="fbcb038d-ed58-48fc-915d-c0f8af826780" testListId="8c84fa94-04c1-424b-9868-57a2d4851a1d" />
    <TestEntry testId="f076cce0-6b1d-4b27-c0d7-a604d09a87d6" executionId="f78b35dd-1052-486a-b1bc-0cb4d1a5c3b0" testListId="8c84fa94-04c1-424b-9868-57a2d4851a1d" />
    <TestEntry testId="55e5809e-3c3c-aca6-5fe8-fda33f113bd8" executionId="5f323363-cbb4-43b5-ba9c-fc18f43d256f" testListId="8c84fa94-04c1-424b-9868-57a2d4851a1d" />
    <TestEntry testId="62299f6e-9680-a913-d037-41d11a828196" executionId="b42b3ce0-ee51-40a9-918e-6ffb5201e527" testListId="8c84fa94-04c1-424b-9868-57a2d4851a1d" />
    <TestEntry testId="d7b5e322-fd61-f8ee-c6a7-1a1a19b93d2a" executionId="e154aa80-8ce5-49bc-8868-09bd4b5c559b" testListId="8c84fa94-04c1-424b-9868-57a2d4851a1d" />
    <TestEntry testId="0e091b0e-1fb4-c560-665e-d5470620772d" executionId="846fec3b-88bb-4038-87b8-a73bcfcad711" testListId="8c84fa94-04c1-424b-9868-57a2d4851a1d" />
    <TestEntry testId="e9264dd6-d7f2-2eb8-f07e-81350986dfd5" executionId="a42f83b5-817a-46a1-92ef-07e24ad7a5d8" testListId="8c84fa94-04c1-424b-9868-57a2d4851a1d" />
    <TestEntry testId="a7033c5c-bcff-8ec8-4e64-bc6446870276" executionId="18344634-452e-42b9-ba7f-b54f4f5c4bd3" testListId="8c84fa94-04c1-424b-9868-57a2d4851a1d" />
    <TestEntry testId="b4135d24-cdf9-de07-73f4-be06b06866ee" executionId="e6b925a6-9bca-417b-ad64-79f3561f6fd9" testListId="8c84fa94-04c1-424b-9868-57a2d4851a1d" />
    <TestEntry testId="141cc242-01f0-091c-c86c-37ab54cc484b" executionId="61f3fd18-f305-4f8f-b40b-8479fdcaeb3a" testListId="8c84fa94-04c1-424b-9868-57a2d4851a1d" />
    <TestEntry testId="c20ffcb8-9292-d367-004b-6be4d48d34db" executionId="b8399533-021b-4208-b075-8327d1c84266" testListId="8c84fa94-04c1-424b-9868-57a2d4851a1d" />
    <TestEntry testId="abfa4746-44d6-c045-5576-b55f5179ef26" executionId="4a81812f-de84-43c9-be5f-7a1efe688b67" testListId="8c84fa94-04c1-424b-9868-57a2d4851a1d" />
    <TestEntry testId="f6acd5a5-88c8-dea2-2858-8eac9573ef80" executionId="28799762-191a-46f1-9571-2bd01a137475" testListId="8c84fa94-04c1-424b-9868-57a2d4851a1d" />
    <TestEntry testId="85e7d789-0bde-ee05-ff69-17e4f81c4d8a" executionId="b4df783c-b57e-4edf-8a9b-2db921442bae" testListId="8c84fa94-04c1-424b-9868-57a2d4851a1d" />
    <TestEntry testId="f8b4a741-32f0-6a4d-0500-2621f53eef5c" executionId="f1664630-2406-47ca-bdde-4587d6f02533" testListId="8c84fa94-04c1-424b-9868-57a2d4851a1d" />
    <TestEntry testId="b04dc41f-6f69-d831-13de-572f36081806" executionId="7f97bdad-7881-4bc9-96ad-33165af6b723" testListId="8c84fa94-04c1-424b-9868-57a2d4851a1d" />
    <TestEntry testId="1753b52a-341a-8488-900e-60781cc57b90" executionId="23fe7caa-00dd-4563-a686-7b3717a44630" testListId="8c84fa94-04c1-424b-9868-57a2d4851a1d" />
    <TestEntry testId="65102e80-cb8e-fd27-bfb2-47574032508c" executionId="f9d022c4-b19e-4ed8-a1be-3d317b5d5ae9" testListId="8c84fa94-04c1-424b-9868-57a2d4851a1d" />
    <TestEntry testId="3e986002-b6ec-aef2-2fa4-16a2731a2614" executionId="adf0851c-4603-4656-a4ef-417e7bb8d6c6" testListId="8c84fa94-04c1-424b-9868-57a2d4851a1d" />
    <TestEntry testId="0fb2ad63-0bc1-79c8-72e8-aff65528cdc1" executionId="8125367b-a6da-46dd-be51-8b3d569815cd" testListId="8c84fa94-04c1-424b-9868-57a2d4851a1d" />
    <TestEntry testId="2f7287a0-a879-5a83-c002-fc12b3210e98" executionId="b817aad1-d645-4c85-933f-9e5e40ae69f8" testListId="8c84fa94-04c1-424b-9868-57a2d4851a1d" />
    <TestEntry testId="a206d53f-8e38-c202-5742-39608f3ccfae" executionId="58562d69-25a2-426a-bda7-05c914e877b1" testListId="8c84fa94-04c1-424b-9868-57a2d4851a1d" />
    <TestEntry testId="0e0a3c22-42e8-8e21-dd10-d3426e6c54e7" executionId="2c4d903b-f355-4551-8d39-43fca9cb79dc" testListId="8c84fa94-04c1-424b-9868-57a2d4851a1d" />
    <TestEntry testId="edf59550-4a9e-e5d7-2372-9e4a3be1e05b" executionId="08fb1ac1-8201-416a-a87e-bf4d5e91178e" testListId="8c84fa94-04c1-424b-9868-57a2d4851a1d" />
    <TestEntry testId="62dfc3c7-e135-78cc-17dd-c6ed1cd0a867" executionId="7485af16-6393-49f4-85a7-e21e51e7fc94" testListId="8c84fa94-04c1-424b-9868-57a2d4851a1d" />
    <TestEntry testId="69125170-5ae4-fa87-a5b7-830a1454b939" executionId="473c2588-29cd-4b16-a0fd-f99fc1782d2f" testListId="8c84fa94-04c1-424b-9868-57a2d4851a1d" />
    <TestEntry testId="487b105c-1d14-d246-19d6-4fffaeeb99a7" executionId="de120597-0c9a-4cdb-b207-43a1698c4a08" testListId="8c84fa94-04c1-424b-9868-57a2d4851a1d" />
    <TestEntry testId="646a546a-c3fe-8912-79c2-293dcb0a772d" executionId="6b5e9022-9a9f-4e99-a1b6-1696c21ef892" testListId="8c84fa94-04c1-424b-9868-57a2d4851a1d" />
    <TestEntry testId="fc640824-b5b7-4ad3-91a1-64cfa49bea5c" executionId="998ac611-32fd-42bd-a6a6-2b583dba66a8" testListId="8c84fa94-04c1-424b-9868-57a2d4851a1d" />
    <TestEntry testId="3bc35a66-1092-0890-38f4-cd47f81e621b" executionId="a3ab1a38-def0-4696-a0a0-87aeb2032b2c" testListId="8c84fa94-04c1-424b-9868-57a2d4851a1d" />
    <TestEntry testId="1e01fee1-2be9-2258-f801-9b0b64ee9b69" executionId="44e5496d-a002-48b3-8ae7-462fb05791ed" testListId="8c84fa94-04c1-424b-9868-57a2d4851a1d" />
    <TestEntry testId="b8548e67-fef3-2ded-6c77-c055b9f74dfe" executionId="d698ab1b-8d72-4c3a-ad2e-28ba32079bc0" testListId="8c84fa94-04c1-424b-9868-57a2d4851a1d" />
    <TestEntry testId="cb1464ad-17ac-e4f5-5ec4-8f42e7ad4547" executionId="cf5b751f-2640-4df6-8026-b9cc2fc5513f" testListId="8c84fa94-04c1-424b-9868-57a2d4851a1d" />
    <TestEntry testId="802ac854-aa6a-f487-cff6-1817c2b39a7e" executionId="351c08bb-fcd4-4533-be56-685c98e8655b" testListId="8c84fa94-04c1-424b-9868-57a2d4851a1d" />
    <TestEntry testId="73637a0b-bc89-fbb8-0284-c8c802d4edb6" executionId="f69567ea-38de-4865-96d1-4e439927e5a3" testListId="8c84fa94-04c1-424b-9868-57a2d4851a1d" />
    <TestEntry testId="54f5f76a-e69e-bc93-983c-247e0859f223" executionId="d6f13826-f0b8-4f42-bd76-7ea27f972f97" testListId="8c84fa94-04c1-424b-9868-57a2d4851a1d" />
    <TestEntry testId="eb89ca48-740f-0401-a5ab-41fd2759b55c" executionId="b738878f-4ba4-4bf5-bfc3-24c9d3eaecd9" testListId="8c84fa94-04c1-424b-9868-57a2d4851a1d" />
    <TestEntry testId="f12e51f4-d075-4bb6-bfbc-a0e43a3bef16" executionId="21a1dcdc-8de8-4f23-8cfa-d21ef2ba1ade" testListId="8c84fa94-04c1-424b-9868-57a2d4851a1d" />
    <TestEntry testId="080cc77b-ddf5-9ba4-f91a-ef49b1efc195" executionId="815bc894-bd14-4d92-9b4a-caeb45cfd0f7" testListId="8c84fa94-04c1-424b-9868-57a2d4851a1d" />
    <TestEntry testId="a93c48d4-080b-92d2-cfea-f395bbca3bdb" executionId="0facfb19-89b0-403f-bc70-770b0e5110b3" testListId="8c84fa94-04c1-424b-9868-57a2d4851a1d" />
    <TestEntry testId="2a606526-5ee8-e7a1-27fb-612fc0ced76b" executionId="8502e43d-a431-48f5-9b61-f0791880b9d0" testListId="8c84fa94-04c1-424b-9868-57a2d4851a1d" />
    <TestEntry testId="dd480cc8-970b-7c18-4089-0a5af7700cfe" executionId="df622b3a-d90b-4783-a579-eab5dd2d3f09" testListId="8c84fa94-04c1-424b-9868-57a2d4851a1d" />
    <TestEntry testId="5ef2b545-cbb6-e6cd-8152-b332cd55067f" executionId="59475e0b-85b4-4aea-9bce-400e4d6a9328" testListId="8c84fa94-04c1-424b-9868-57a2d4851a1d" />
    <TestEntry testId="d643d55d-f6c9-5eb2-fc99-40416cd8330d" executionId="ed87eb5e-8f9f-49bb-8943-6589d2380701" testListId="8c84fa94-04c1-424b-9868-57a2d4851a1d" />
    <TestEntry testId="bcb7e706-9352-d85c-6d0e-15e5e42abdbb" executionId="14e7fd7a-bede-49de-96eb-5ce95d4409ec" testListId="8c84fa94-04c1-424b-9868-57a2d4851a1d" />
  </TestEntries>
  <TestLists>
    <TestList name="Results Not in a List" id="8c84fa94-04c1-424b-9868-57a2d4851a1d" />
    <TestList name="All Loaded Results" id="19431567-8539-422a-85d7-44ee4e166bda" />
  </TestLists>
  <ResultSummary outcome="Failed">
    <Counters total="1278" executed="1274" passed="961" failed="313" error="0" timeout="0" aborted="0" inconclusive="0" passedButRunAborted="0" notRunnable="0" notExecuted="0" disconnected="0" warning="0" completed="0" inProgress="0" pending="0" />
    <Output>
      <StdOut>Test 'JavaScriptWebAppPublish' was skipped in the test run.Test 'TypeScriptWebAppPublish' was skipped in the test run.Test 'JavaScriptWebAppPublish' was skipped in the test run.Test 'TypeScriptWebAppPublish' was skipped in the test run.</StdOut>
    </Output>
    <RunInfos>
      <RunInfo computerName="DESKTOP-RRA95A8" outcome="Warning" timestamp="2016-01-24T02:34:50.1556443-08:00">
        <Text>UTA005: Illegal use of attributes on NpmTests.AbstractFilesystemPackageJsonTests.Init.The TestInitializeAttribute can be defined only inside a class marked with the TestClass attribute.</Text>
      </RunInfo>
      <RunInfo computerName="DESKTOP-RRA95A8" outcome="Warning" timestamp="2016-01-24T02:34:50.1615327-08:00">
        <Text>UTA006: Illegal use of attributes on NpmTests.AbstractFilesystemPackageJsonTests.Cleanup. The TestCleanupAttribute can be defined only inside a class marked with the TestClass attribute.</Text>
      </RunInfo>
      <RunInfo computerName="DESKTOP-RRA95A8" outcome="Warning" timestamp="2016-01-24T03:39:11.0468182-08:00">
        <Text>Warning: Test Run deployment issue: The assembly or module 'Microsoft.VisualStudio.WindowsAzure.CommonAzureTools.Contracts' directly or indirectly referenced by the test container 'c:\src\nodejstools\buildoutput\release14.0\tests\nodejs.tests.ui.dll' was not found.</Text>
      </RunInfo>
      <RunInfo computerName="DESKTOP-RRA95A8" outcome="Warning" timestamp="2016-01-24T03:39:11.0576132-08:00">
        <Text>Warning: Test Run deployment issue: The assembly or module 'msdia140typelib_clr0200' directly or indirectly referenced by the test container 'c:\src\nodejstools\buildoutput\release14.0\tests\testadaptertests.dll' was not found.</Text>
      </RunInfo>
      <RunInfo computerName="DESKTOP-RRA95A8" outcome="Warning" timestamp="2016-01-24T03:39:11.0693896-08:00">
        <Text>Warning: Test Run deployment issue: The assembly or module 'Microsoft.VisualStudio.TestWindow.Interfaces' directly or indirectly referenced by the test container 'c:\src\nodejstools\buildoutput\release14.0\tests\testadaptertests.dll' was not found.</Text>
      </RunInfo>
      <RunInfo computerName="DESKTOP-RRA95A8" outcome="Error" timestamp="2016-01-24T03:39:11.0841209-08:00">
        <Text>Visual Studio is no longer running.</Text>
      </RunInfo>
    </RunInfos>
  </ResultSummary>
</TestRun>